#
# There is insufficient memory for the Java Runtime Environment to continue.
# Native memory allocation (malloc) failed to allocate 65552 bytes for Chunk::new
# Possible reasons:
#   The system is out of physical RAM or swap space
#   The process is running with CompressedOops enabled, and the Java Heap may be blocking the growth of the native heap
# Possible solutions:
#   Reduce memory load on the system
#   Increase physical memory or swap space
#   Check if swap backing store is full
#   Decrease Java heap size (-Xmx/-Xms)
#   Decrease number of Java threads
#   Decrease Java thread stack sizes (-Xss)
#   Set larger code cache with -XX:ReservedCodeCacheSize=
#   JVM is running with Zero Based Compressed Oops mode in which the Java heap is
#     placed in the first 32GB address space. The Java Heap base address is the
#     maximum limit for the native heap growth. Please use -XX:HeapBaseMinAddress
#     to set the Java Heap base and to place the Java Heap above 32GB virtual address.
# This output file may be truncated or incomplete.
#
#  Out of Memory Error (allocation.cpp:389), pid=16940, tid=0x000000000000438c
#
# JRE version: OpenJDK Runtime Environment (8.0_242-b01) (build 1.8.0_242-release-1644-b01)
# Java VM: OpenJDK 64-Bit Server VM (25.242-b01 mixed mode windows-amd64 compressed oops)
# Failed to write core dump. Minidumps are not enabled by default on client versions of Windows
#

---------------  T H R E A D  ---------------

Current thread (0x000000001ed79000):  JavaThread "C2 CompilerThread2" daemon [_thread_in_native, id=17292, stack(0x000000001f770000,0x000000001f870000)]

Stack: [0x000000001f770000,0x000000001f870000]
[error occurred during error reporting (printing stack bounds), id 0xc0000005]

Native frames: (J=compiled Java code, j=interpreted, Vv=VM code, C=native code)


Current CompileTask:
C2:  74361 11806       4       com.android.tools.r8.graph.O0::a (2521 bytes)


---------------  P R O C E S S  ---------------

Java Threads: ( => current thread )
  0x0000000021095000 JavaThread "WorkerExecutor Queue Thread 8" [_thread_in_Java, id=13228, stack(0x0000000035c00000,0x0000000035d00000)]
  0x000000002108d000 JavaThread "WorkerExecutor Queue Thread 7" [_thread_in_Java, id=4568, stack(0x0000000035b00000,0x0000000035c00000)]
  0x0000000021093800 JavaThread "WorkerExecutor Queue Thread 6" [_thread_in_Java, id=11180, stack(0x0000000035a00000,0x0000000035b00000)]
  0x0000000021093000 JavaThread "WorkerExecutor Queue Thread 5" [_thread_in_Java, id=13356, stack(0x0000000035900000,0x0000000035a00000)]
  0x000000002108b800 JavaThread "WorkerExecutor Queue Thread 4" [_thread_blocked, id=2880, stack(0x0000000035800000,0x0000000035900000)]
  0x0000000021091800 JavaThread "WorkerExecutor Queue Thread 3" [_thread_in_Java, id=1332, stack(0x0000000035700000,0x0000000035800000)]
  0x0000000021092000 JavaThread "WorkerExecutor Queue Thread 2" [_thread_in_vm, id=13192, stack(0x0000000035600000,0x0000000035700000)]
  0x000000002108a800 JavaThread "WorkerExecutor Queue" [_thread_blocked, id=3196, stack(0x0000000035500000,0x0000000035600000)]
  0x0000000021089800 JavaThread "ForkJoinPool.commonPool-worker-7" daemon [_thread_blocked, id=5032, stack(0x0000000034f00000,0x0000000035000000)]
  0x0000000021090800 JavaThread "ForkJoinPool.commonPool-worker-6" daemon [_thread_blocked, id=1368, stack(0x0000000034e00000,0x0000000034f00000)]
  0x0000000021088000 JavaThread "ForkJoinPool.commonPool-worker-4" daemon [_thread_blocked, id=908, stack(0x0000000034c00000,0x0000000034d00000)]
  0x000000002108f000 JavaThread "ForkJoinPool.commonPool-worker-3" daemon [_thread_blocked, id=9412, stack(0x0000000034b00000,0x0000000034c00000)]
  0x000000002108d800 JavaThread "ForkJoinPool.commonPool-worker-2" daemon [_thread_blocked, id=1756, stack(0x0000000034a00000,0x0000000034b00000)]
  0x0000000021089000 JavaThread "ForkJoinPool.commonPool-worker-1" daemon [_thread_blocked, id=4424, stack(0x0000000001410000,0x0000000001510000)]
  0x0000000020929000 JavaThread "Cache worker for execution history cache (C:\Users\KimHanbi\AndroidStudioProjects\UntactShop\.gradle\6.5\executionHistory)" [_thread_blocked, id=12496, stack(0x0000000034400000,0x0000000034500000)]
  0x0000000020928800 JavaThread "Execution worker for ':' Thread 7" [_thread_blocked, id=6488, stack(0x0000000034300000,0x0000000034400000)]
  0x0000000020927800 JavaThread "Execution worker for ':' Thread 6" [_thread_blocked, id=16508, stack(0x0000000034200000,0x0000000034300000)]
  0x0000000020920000 JavaThread "Execution worker for ':' Thread 5" [_thread_blocked, id=17092, stack(0x0000000034100000,0x0000000034200000)]
  0x0000000020927000 JavaThread "Execution worker for ':' Thread 4" [_thread_blocked, id=6624, stack(0x0000000032bc0000,0x0000000032cc0000)]
  0x0000000020922800 JavaThread "Execution worker for ':' Thread 3" [_thread_blocked, id=17060, stack(0x0000000032890000,0x0000000032990000)]
  0x0000000020921000 JavaThread "Execution worker for ':' Thread 2" [_thread_blocked, id=14600, stack(0x00000000324c0000,0x00000000325c0000)]
  0x0000000020926000 JavaThread "Execution worker for ':'" [_thread_blocked, id=16488, stack(0x0000000031330000,0x0000000031430000)]
  0x0000000020925800 JavaThread "Cache worker for file content cache (C:\Users\KimHanbi\AndroidStudioProjects\UntactShop\.gradle\6.5\fileContent)" [_thread_blocked, id=9232, stack(0x000000002f020000,0x000000002f120000)]
  0x000000002091f800 JavaThread "Memory manager" [_thread_blocked, id=13832, stack(0x000000002f830000,0x000000002f930000)]
  0x000000002091e000 JavaThread "Cache worker for Build Output Cleanup Cache (C:\Users\KimHanbi\AndroidStudioProjects\UntactShop\.gradle\buildOutputCleanup)" [_thread_blocked, id=17044, stack(0x000000002f130000,0x000000002f230000)]
  0x0000000020924800 JavaThread "jar transforms Thread 99" [_thread_blocked, id=2324, stack(0x000000002ec20000,0x000000002ed20000)]
  0x0000000020923000 JavaThread "jar transforms Thread 98" [_thread_blocked, id=3296, stack(0x000000002eb20000,0x000000002ec20000)]
  0x000000001efa0000 JavaThread "jar transforms Thread 97" [_thread_blocked, id=15688, stack(0x000000002ea20000,0x000000002eb20000)]
  0x000000001ef9a800 JavaThread "jar transforms Thread 96" [_thread_blocked, id=17000, stack(0x000000002e920000,0x000000002ea20000)]
  0x000000001efa0800 JavaThread "jar transforms Thread 95" [_thread_blocked, id=2868, stack(0x000000002e820000,0x000000002e920000)]
  0x000000001ef9f000 JavaThread "jar transforms Thread 94" [_thread_blocked, id=16988, stack(0x000000002e720000,0x000000002e820000)]
  0x000000001ef9e800 JavaThread "jar transforms Thread 93" [_thread_blocked, id=10136, stack(0x000000002e620000,0x000000002e720000)]
  0x000000001ef99000 JavaThread "jar transforms Thread 92" [_thread_blocked, id=1344, stack(0x000000002e520000,0x000000002e620000)]
  0x000000001ef9b800 JavaThread "jar transforms Thread 91" [_thread_blocked, id=16644, stack(0x000000002e420000,0x000000002e520000)]
  0x000000001ef9d800 JavaThread "jar transforms Thread 90" [_thread_blocked, id=16652, stack(0x000000002e320000,0x000000002e420000)]
  0x000000001ef9d000 JavaThread "jar transforms Thread 89" [_thread_blocked, id=16668, stack(0x000000002e220000,0x000000002e320000)]
  0x000000001ef9a000 JavaThread "jar transforms Thread 88" [_thread_blocked, id=12564, stack(0x000000002e120000,0x000000002e220000)]
  0x000000001ef9c000 JavaThread "jar transforms Thread 87" [_thread_blocked, id=9372, stack(0x000000002e020000,0x000000002e120000)]
  0x000000001ef92800 JavaThread "jar transforms Thread 86" [_thread_blocked, id=16812, stack(0x000000002df20000,0x000000002e020000)]
  0x000000001ef98800 JavaThread "jar transforms Thread 85" [_thread_blocked, id=16572, stack(0x000000002de20000,0x000000002df20000)]
  0x000000001ef91800 JavaThread "jar transforms Thread 84" [_thread_blocked, id=16840, stack(0x000000002dd20000,0x000000002de20000)]
  0x000000001ef96000 JavaThread "jar transforms Thread 83" [_thread_blocked, id=15456, stack(0x000000002dc20000,0x000000002dd20000)]
  0x000000001ef95800 JavaThread "jar transforms Thread 82" [_thread_blocked, id=16756, stack(0x000000002db20000,0x000000002dc20000)]
  0x000000001ef93000 JavaThread "jar transforms Thread 81" [_thread_blocked, id=4300, stack(0x000000002da20000,0x000000002db20000)]
  0x000000001ef94800 JavaThread "jar transforms Thread 80" [_thread_blocked, id=9764, stack(0x000000002d920000,0x000000002da20000)]
  0x000000001ef97800 JavaThread "jar transforms Thread 79" [_thread_blocked, id=8080, stack(0x000000002d820000,0x000000002d920000)]
  0x000000001ef97000 JavaThread "jar transforms Thread 78" [_thread_blocked, id=16608, stack(0x000000002d720000,0x000000002d820000)]
  0x000000001ef94000 JavaThread "jar transforms Thread 77" [_thread_blocked, id=9944, stack(0x000000002d620000,0x000000002d720000)]
  0x0000000023e0d000 JavaThread "jar transforms Thread 76" [_thread_blocked, id=14948, stack(0x000000002d520000,0x000000002d620000)]
  0x0000000023e0b000 JavaThread "jar transforms Thread 75" [_thread_blocked, id=7476, stack(0x000000002d420000,0x000000002d520000)]
  0x0000000023e0b800 JavaThread "jar transforms Thread 74" [_thread_blocked, id=16604, stack(0x000000002d320000,0x000000002d420000)]
  0x0000000023e11800 JavaThread "jar transforms Thread 73" [_thread_blocked, id=3232, stack(0x000000002d220000,0x000000002d320000)]
  0x0000000023e0f800 JavaThread "jar transforms Thread 72" [_thread_blocked, id=16968, stack(0x000000002d120000,0x000000002d220000)]
  0x0000000023e11000 JavaThread "jar transforms Thread 71" [_thread_blocked, id=16156, stack(0x000000002d020000,0x000000002d120000)]
  0x0000000023e0e800 JavaThread "jar transforms Thread 70" [_thread_blocked, id=3172, stack(0x000000002cf20000,0x000000002d020000)]
  0x0000000023e0c800 JavaThread "jar transforms Thread 69" [_thread_blocked, id=12624, stack(0x000000002ce20000,0x000000002cf20000)]
  0x0000000023e10000 JavaThread "jar transforms Thread 68" [_thread_blocked, id=14908, stack(0x000000002cd20000,0x000000002ce20000)]
  0x0000000023e0e000 JavaThread "jar transforms Thread 67" [_thread_blocked, id=16396, stack(0x000000002cc20000,0x000000002cd20000)]
  0x0000000023e03800 JavaThread "jar transforms Thread 66" [_thread_blocked, id=2564, stack(0x000000002cb20000,0x000000002cc20000)]
  0x0000000023e0a000 JavaThread "jar transforms Thread 65" [_thread_blocked, id=16512, stack(0x000000002ca20000,0x000000002cb20000)]
  0x0000000023e02800 JavaThread "jar transforms Thread 64" [_thread_blocked, id=16516, stack(0x000000002c920000,0x000000002ca20000)]
  0x0000000023e04000 JavaThread "jar transforms Thread 63" [_thread_blocked, id=2128, stack(0x000000002c820000,0x000000002c920000)]
  0x0000000023e09800 JavaThread "jar transforms Thread 62" [_thread_blocked, id=14328, stack(0x000000002c720000,0x000000002c820000)]
  0x0000000023e08800 JavaThread "jar transforms Thread 61" [_thread_blocked, id=13840, stack(0x000000002c620000,0x000000002c720000)]
  0x0000000023e08000 JavaThread "jar transforms Thread 60" [_thread_blocked, id=6288, stack(0x000000002c520000,0x000000002c620000)]
  0x0000000023e07000 JavaThread "jar transforms Thread 59" [_thread_blocked, id=4220, stack(0x000000002c420000,0x000000002c520000)]
  0x0000000023e06800 JavaThread "jar transforms Thread 58" [_thread_blocked, id=3440, stack(0x000000002c320000,0x000000002c420000)]
  0x0000000023e05800 JavaThread "jar transforms Thread 57" [_thread_blocked, id=15528, stack(0x000000002c220000,0x000000002c320000)]
  0x0000000023e05000 JavaThread "jar transforms Thread 56" [_thread_blocked, id=1348, stack(0x000000002c120000,0x000000002c220000)]
  0x0000000024161800 JavaThread "jar transforms Thread 55" [_thread_blocked, id=11548, stack(0x000000002c020000,0x000000002c120000)]
  0x0000000024160800 JavaThread "jar transforms Thread 54" [_thread_blocked, id=16280, stack(0x000000002bf20000,0x000000002c020000)]
  0x0000000024160000 JavaThread "jar transforms Thread 53" [_thread_blocked, id=1384, stack(0x000000002be20000,0x000000002bf20000)]
  0x0000000024163000 JavaThread "jar transforms Thread 52" [_thread_blocked, id=10740, stack(0x000000002bd20000,0x000000002be20000)]
  0x0000000024162000 JavaThread "jar transforms Thread 51" [_thread_blocked, id=13872, stack(0x000000002bc20000,0x000000002bd20000)]
  0x0000000024158800 JavaThread "jar transforms Thread 50" [_thread_blocked, id=11812, stack(0x000000002bb20000,0x000000002bc20000)]
  0x000000002415e800 JavaThread "jar transforms Thread 49" [_thread_blocked, id=11668, stack(0x000000002ba20000,0x000000002bb20000)]
  0x000000002415d800 JavaThread "jar transforms Thread 48" [_thread_blocked, id=11964, stack(0x000000002b920000,0x000000002ba20000)]
  0x000000002415f000 JavaThread "jar transforms Thread 47" [_thread_blocked, id=6764, stack(0x000000002b820000,0x000000002b920000)]
  0x000000002415d000 JavaThread "jar transforms Thread 46" [_thread_blocked, id=3888, stack(0x000000002b720000,0x000000002b820000)]
  0x0000000024155800 JavaThread "jar transforms Thread 45" [_thread_blocked, id=16624, stack(0x000000002b620000,0x000000002b720000)]
  0x0000000024156000 JavaThread "jar transforms Thread 44" [_thread_blocked, id=12008, stack(0x000000002b520000,0x000000002b620000)]
  0x000000002415c000 JavaThread "jar transforms Thread 43" [_thread_blocked, id=11328, stack(0x000000002b420000,0x000000002b520000)]
  0x0000000024154800 JavaThread "jar transforms Thread 42" [_thread_blocked, id=6824, stack(0x000000002b320000,0x000000002b420000)]
  0x0000000024157800 JavaThread "jar transforms Thread 41" [_thread_blocked, id=3964, stack(0x000000002b220000,0x000000002b320000)]
  0x000000002415b800 JavaThread "jar transforms Thread 40" [_thread_blocked, id=15928, stack(0x000000002b120000,0x000000002b220000)]
  0x000000002415a800 JavaThread "jar transforms Thread 39" [_thread_blocked, id=11956, stack(0x000000002b020000,0x000000002b120000)]
  0x0000000024157000 JavaThread "jar transforms Thread 38" [_thread_blocked, id=16620, stack(0x000000002af20000,0x000000002b020000)]
  0x0000000024153800 JavaThread "jar transforms Thread 37" [_thread_blocked, id=12484, stack(0x000000002ae20000,0x000000002af20000)]
  0x0000000024159000 JavaThread "jar transforms Thread 36" [_thread_blocked, id=16204, stack(0x000000002ad20000,0x000000002ae20000)]
  0x000000002415a000 JavaThread "jar transforms Thread 35" [_thread_blocked, id=15148, stack(0x000000002ac20000,0x000000002ad20000)]
  0x000000001ef6e000 JavaThread "jar transforms Thread 34" [_thread_blocked, id=6308, stack(0x000000002ab20000,0x000000002ac20000)]
  0x000000001ef6c800 JavaThread "jar transforms Thread 33" [_thread_blocked, id=4224, stack(0x000000002aa20000,0x000000002ab20000)]
  0x000000001ef73000 JavaThread "jar transforms Thread 32" [_thread_blocked, id=11144, stack(0x000000002a920000,0x000000002aa20000)]
  0x000000001ef6d000 JavaThread "jar transforms Thread 31" [_thread_blocked, id=1564, stack(0x000000002a820000,0x000000002a920000)]
  0x000000001ef6f800 JavaThread "jar transforms Thread 30" [_thread_blocked, id=16432, stack(0x000000002a720000,0x000000002a820000)]
  0x000000001ef6b800 JavaThread "jar transforms Thread 29" [_thread_blocked, id=5596, stack(0x000000002a620000,0x000000002a720000)]
  0x000000001ef72800 JavaThread "jar transforms Thread 28" [_thread_blocked, id=2188, stack(0x000000002a520000,0x000000002a620000)]
  0x000000001ef71800 JavaThread "jar transforms Thread 27" [_thread_blocked, id=12588, stack(0x000000002a420000,0x000000002a520000)]
  0x000000001ef71000 JavaThread "jar transforms Thread 26" [_thread_blocked, id=9628, stack(0x000000002a320000,0x000000002a420000)]
  0x000000001ef70000 JavaThread "jar transforms Thread 25" [_thread_blocked, id=6864, stack(0x000000002a220000,0x000000002a320000)]
  0x000000001ef6e800 JavaThread "jar transforms Thread 24" [_thread_blocked, id=9124, stack(0x000000002a120000,0x000000002a220000)]
  0x000000001ef67000 JavaThread "jar transforms Thread 23" [_thread_blocked, id=15116, stack(0x000000002a020000,0x000000002a120000)]
  0x000000001ef64000 JavaThread "jar transforms Thread 22" [_thread_blocked, id=16448, stack(0x0000000029f20000,0x000000002a020000)]
  0x000000001ef65800 JavaThread "jar transforms Thread 21" [_thread_blocked, id=12932, stack(0x0000000029e20000,0x0000000029f20000)]
  0x000000001ef6a000 JavaThread "jar transforms Thread 20" [_thread_blocked, id=8852, stack(0x0000000029d20000,0x0000000029e20000)]
  0x000000001ef66800 JavaThread "jar transforms Thread 19" [_thread_blocked, id=13624, stack(0x0000000029c20000,0x0000000029d20000)]
  0x000000001ef69800 JavaThread "jar transforms Thread 18" [_thread_blocked, id=10396, stack(0x0000000029b20000,0x0000000029c20000)]
  0x000000001ef6b000 JavaThread "jar transforms Thread 17" [_thread_blocked, id=2952, stack(0x0000000029a20000,0x0000000029b20000)]
  0x000000001ef68800 JavaThread "jar transforms Thread 16" [_thread_blocked, id=12764, stack(0x0000000029920000,0x0000000029a20000)]
  0x000000001ef65000 JavaThread "jar transforms Thread 15" [_thread_blocked, id=16476, stack(0x0000000029820000,0x0000000029920000)]
  0x000000001ef68000 JavaThread "jar transforms Thread 14" [_thread_blocked, id=14280, stack(0x0000000029720000,0x0000000029820000)]
  0x0000000020ae0800 JavaThread "jar transforms Thread 13" [_thread_blocked, id=8388, stack(0x0000000029620000,0x0000000029720000)]
  0x0000000020ae7800 JavaThread "jar transforms Thread 12" [_thread_blocked, id=16416, stack(0x0000000029520000,0x0000000029620000)]
  0x0000000020ae0000 JavaThread "jar transforms Thread 11" [_thread_blocked, id=16472, stack(0x0000000029420000,0x0000000029520000)]
  0x0000000020ae6800 JavaThread "jar transforms Thread 10" [_thread_blocked, id=16504, stack(0x0000000029320000,0x0000000029420000)]
  0x0000000020ae6000 JavaThread "jar transforms Thread 9" [_thread_blocked, id=16492, stack(0x0000000029220000,0x0000000029320000)]
  0x0000000020ae2000 JavaThread "jar transforms Thread 8" [_thread_blocked, id=16468, stack(0x0000000029120000,0x0000000029220000)]
  0x0000000020ae5000 JavaThread "jar transforms Thread 7" [_thread_blocked, id=16464, stack(0x0000000029020000,0x0000000029120000)]
  0x0000000020ae4800 JavaThread "jar transforms Thread 6" [_thread_blocked, id=16136, stack(0x0000000028f20000,0x0000000029020000)]
  0x0000000020ae3000 JavaThread "jar transforms Thread 5" [_thread_blocked, id=12936, stack(0x0000000028e20000,0x0000000028f20000)]
  0x0000000020ae3800 JavaThread "jar transforms Thread 4" [_thread_blocked, id=10168, stack(0x0000000028d20000,0x0000000028e20000)]
  0x0000000020ae1800 JavaThread "jar transforms Thread 3" [_thread_blocked, id=1016, stack(0x0000000028c20000,0x0000000028d20000)]
  0x0000000020ad8000 JavaThread "jar transforms Thread 2" [_thread_blocked, id=10532, stack(0x0000000028b20000,0x0000000028c20000)]
  0x0000000020adf000 JavaThread "Build operations Thread 8" [_thread_blocked, id=16264, stack(0x0000000028a20000,0x0000000028b20000)]
  0x0000000020add800 JavaThread "Build operations Thread 7" [_thread_blocked, id=15152, stack(0x0000000028920000,0x0000000028a20000)]
  0x0000000020adc800 JavaThread "Build operations Thread 6" [_thread_blocked, id=11384, stack(0x0000000028820000,0x0000000028920000)]
  0x0000000020ada800 JavaThread "Build operations Thread 5" [_thread_blocked, id=2864, stack(0x0000000028720000,0x0000000028820000)]
  0x0000000020ade800 JavaThread "Build operations Thread 4" [_thread_blocked, id=10332, stack(0x0000000028620000,0x0000000028720000)]
  0x0000000020adb000 JavaThread "Build operations Thread 3" [_thread_blocked, id=10092, stack(0x0000000028520000,0x0000000028620000)]
  0x0000000020ad9800 JavaThread "Build operations Thread 2" [_thread_blocked, id=6812, stack(0x0000000028420000,0x0000000028520000)]
  0x0000000020ad9000 JavaThread "Build operations" [_thread_blocked, id=3460, stack(0x0000000028320000,0x0000000028420000)]
  0x00000000206df000 JavaThread "Cache worker for file content cache (C:\Users\KimHanbi\.gradle\caches\6.5\fileContent)" [_thread_blocked, id=10460, stack(0x0000000027c20000,0x0000000027d20000)]
  0x00000000206dd800 JavaThread "jar transforms" [_thread_blocked, id=4028, stack(0x0000000027b20000,0x0000000027c20000)]
  0x00000000206dd000 JavaThread "Cache worker for execution history cache (C:\Users\KimHanbi\.gradle\caches\6.5\executionHistory)" [_thread_blocked, id=5496, stack(0x0000000027420000,0x0000000027520000)]
  0x00000000206dc000 JavaThread "Cache worker for cache directory md-rule (C:\Users\KimHanbi\.gradle\caches\6.5\md-rule)" [_thread_blocked, id=16872, stack(0x0000000027320000,0x0000000027420000)]
  0x00000000206e1800 JavaThread "Cache worker for cache directory md-supplier (C:\Users\KimHanbi\.gradle\caches\6.5\md-supplier)" [_thread_blocked, id=11748, stack(0x0000000025fc0000,0x00000000260c0000)]
  0x00000000206db800 JavaThread "Cache worker for checksums cache (C:\Users\KimHanbi\AndroidStudioProjects\UntactShop\.gradle\checksums)" [_thread_blocked, id=14784, stack(0x0000000025ec0000,0x0000000025fc0000)]
  0x00000000206de800 JavaThread "Cache worker for file hash cache (C:\Users\KimHanbi\AndroidStudioProjects\UntactShop\.gradle\6.5\fileHashes)" [_thread_blocked, id=16596, stack(0x00000000239f0000,0x0000000023af0000)]
  0x00000000203c6800 JavaThread "Cache worker for file hash cache (C:\Users\KimHanbi\.gradle\caches\6.5\fileHashes)" [_thread_blocked, id=8912, stack(0x00000000238f0000,0x00000000239f0000)]
  0x00000000203c5800 JavaThread "File lock request listener" [_thread_in_native, id=17160, stack(0x00000000237f0000,0x00000000238f0000)]
  0x00000000203c4000 JavaThread "Cache worker for journal cache (C:\Users\KimHanbi\.gradle\caches\journal-1)" [_thread_blocked, id=17220, stack(0x00000000236f0000,0x00000000237f0000)]
  0x00000000203c4800 JavaThread "Thread-9" [_thread_blocked, id=11008, stack(0x00000000233f0000,0x00000000234f0000)]
  0x00000000203c3000 JavaThread "Asynchronous log dispatcher for DefaultDaemonConnection: socket connection from /127.0.0.1:3879 to /127.0.0.1:3880" [_thread_blocked, id=14380, stack(0x00000000231f0000,0x00000000232f0000)]
  0x00000000203c9800 JavaThread "Daemon worker" [_thread_blocked, id=7576, stack(0x00000000230f0000,0x00000000231f0000)]
  0x00000000203c8000 JavaThread "Cancel handler" [_thread_blocked, id=17072, stack(0x0000000022ef0000,0x0000000022ff0000)]
  0x00000000203c8800 JavaThread "Handler for socket connection from /127.0.0.1:3879 to /127.0.0.1:3880" [_thread_in_native, id=12460, stack(0x0000000022df0000,0x0000000022ef0000)]
  0x00000000203ca000 JavaThread "Daemon" [_thread_blocked, id=2004, stack(0x0000000022cf0000,0x0000000022df0000)]
  0x0000000020366000 JavaThread "Daemon periodic checks" [_thread_blocked, id=3468, stack(0x00000000229f0000,0x0000000022af0000)]
  0x00000000207ce000 JavaThread "Incoming local TCP Connector on port 3879" [_thread_in_native, id=12908, stack(0x0000000022810000,0x0000000022910000)]
  0x0000000021695800 JavaThread "Daemon health stats" [_thread_blocked, id=5256, stack(0x0000000022510000,0x0000000022610000)]
  0x000000001edd7000 JavaThread "Service Thread" daemon [_thread_blocked, id=17032, stack(0x000000001f970000,0x000000001fa70000)]
  0x000000001ed7d000 JavaThread "C1 CompilerThread3" daemon [_thread_in_vm, id=17280, stack(0x000000001f870000,0x000000001f970000)]
=>0x000000001ed79000 JavaThread "C2 CompilerThread2" daemon [_thread_in_native, id=17292, stack(0x000000001f770000,0x000000001f870000)]
  0x000000001ed21800 JavaThread "C2 CompilerThread1" daemon [_thread_in_native, id=17288, stack(0x000000001f670000,0x000000001f770000)]
  0x000000001ed1f000 JavaThread "C2 CompilerThread0" daemon [_thread_in_native, id=17300, stack(0x000000001f570000,0x000000001f670000)]
  0x000000001ed78000 JavaThread "Attach Listener" daemon [_thread_blocked, id=17012, stack(0x000000001f470000,0x000000001f570000)]
  0x000000001ed77000 JavaThread "Signal Dispatcher" daemon [_thread_blocked, id=16980, stack(0x000000001f370000,0x000000001f470000)]
  0x000000001ed00800 JavaThread "Finalizer" daemon [_thread_blocked, id=16764, stack(0x000000001f1e0000,0x000000001f2e0000)]
  0x00000000033c8000 JavaThread "Reference Handler" daemon [_thread_blocked, id=16592, stack(0x000000001f0e0000,0x000000001f1e0000)]
  0x00000000032d2800 JavaThread "main" [_thread_blocked, id=17112, stack(0x00000000031d0000,0x00000000032d0000)]

Other Threads:
  0x000000001cee5800 VMThread [stack: 0x000000001ebe0000,0x000000001ece0000] [id=16928]
  0x000000001edd7800 WatcherThread [stack: 0x000000001fa70000,0x000000001fb70000] [id=16964]

VM state:not at safepoint (normal execution)

VM Mutex/Monitor currently owned by a thread: None

heap address: 0x00000006c0000000, size: 4096 MB, Compressed Oops mode: Zero based, Oop shift amount: 3
Narrow klass base: 0x0000000000000000, Narrow klass shift: 3
Compressed class space size: 1073741824 Address: 0x00000007c0000000

Heap:
 PSYoungGen      total 320512K, used 9023K [0x000000076ab00000, 0x0000000782f00000, 0x00000007c0000000)
  eden space 288256K, 3% used [0x000000076ab00000,0x000000076b3cfc80,0x000000077c480000)
  from space 32256K, 0% used [0x000000077c480000,0x000000077c480000,0x000000077e400000)
  to   space 28672K, 0% used [0x000000077e400000,0x000000077e400000,0x0000000780000000)
 ParOldGen       total 124416K, used 121241K [0x00000006c0000000, 0x00000006c7980000, 0x000000076ab00000)
  object space 124416K, 97% used [0x00000006c0000000,0x00000006c7666640,0x00000006c7980000)
 Metaspace       used 79504K, capacity 83642K, committed 86360K, reserved 1124352K
  class space    used 10833K, capacity 11635K, committed 12416K, reserved 1048576K

Card table byte_map: [0x0000000012790000,0x0000000012fa0000] byte_map_base: 0x000000000f190000

Marking Bits: (ParMarkBitMap*) 0x000000006203f030
 Begin Bits: [0x0000000013d00000, 0x0000000017d00000)
 End Bits:   [0x0000000017d00000, 0x000000001bd00000)

Polling page: 0x0000000002d20000

CodeCache: size=245760Kb used=32402Kb max_used=32447Kb free=213357Kb
 bounds [0x00000000033d0000, 0x00000000053b0000, 0x00000000123d0000]
 total_blobs=10917 nmethods=10063 adapters=766
 compilation: enabled

Compilation events (10 events):
Event: 74.331 Thread 0x000000001ed7d000 nmethod 11676 0x000000000536b1d0 code [0x000000000536b320, 0x000000000536b430]
Event: 74.331 Thread 0x000000001ed7d000 11679       1       com.android.tools.r8.graph.f::f (5 bytes)
Event: 74.331 Thread 0x000000001ed7d000 nmethod 11679 0x000000000536b490 code [0x000000000536b5e0, 0x000000000536b6f0]
Event: 74.331 Thread 0x000000001ed7d000 11855       3       com.android.tools.r8.s.b.o::n (52 bytes)
Event: 74.334 Thread 0x000000001ed7d000 nmethod 11855 0x000000000536b750 code [0x000000000536b960, 0x000000000536c2d8]
Event: 74.334 Thread 0x000000001ed7d000 11856       3       com.android.tools.r8.s.b.X::a (101 bytes)
Event: 74.340 Thread 0x000000001ed7d000 nmethod 11856 0x000000000536c810 code [0x000000000536cb00, 0x000000000536e578]
Event: 74.340 Thread 0x000000001ed7d000 11861       3       com.android.tools.r8.s.b.B::a (5 bytes)
Event: 74.341 Thread 0x000000001ed7d000 nmethod 11861 0x000000000536f150 code [0x000000000536f2e0, 0x000000000536f7e8]
Event: 74.342 Thread 0x000000001ed7d000 11863       3       com.android.tools.r8.s.a.p.t::a (211 bytes)

GC Heap History (10 events):
Event: 57.865 GC heap before
{Heap before GC invocations=17 (full 3):
 PSYoungGen      total 223232K, used 223215K [0x000000076ab00000, 0x000000077c800000, 0x00000007c0000000)
  eden space 205312K, 100% used [0x000000076ab00000,0x0000000777380000,0x0000000777380000)
  from space 17920K, 99% used [0x0000000777380000,0x00000007784fbf08,0x0000000778500000)
  to   space 22016K, 0% used [0x000000077b280000,0x000000077b280000,0x000000077c800000)
 ParOldGen       total 124416K, used 41037K [0x00000006c0000000, 0x00000006c7980000, 0x000000076ab00000)
  object space 124416K, 32% used [0x00000006c0000000,0x00000006c28137d8,0x00000006c7980000)
 Metaspace       used 67285K, capacity 70750K, committed 70872K, reserved 1110016K
  class space    used 9230K, capacity 9891K, committed 9984K, reserved 1048576K
Event: 57.967 GC heap after
Heap after GC invocations=17 (full 3):
 PSYoungGen      total 265728K, used 13680K [0x000000076ab00000, 0x000000077c600000, 0x00000007c0000000)
  eden space 245760K, 0% used [0x000000076ab00000,0x000000076ab00000,0x0000000779b00000)
  from space 19968K, 68% used [0x000000077b280000,0x000000077bfdc030,0x000000077c600000)
  to   space 22016K, 0% used [0x0000000779b00000,0x0000000779b00000,0x000000077b080000)
 ParOldGen       total 124416K, used 55482K [0x00000006c0000000, 0x00000006c7980000, 0x000000076ab00000)
  object space 124416K, 44% used [0x00000006c0000000,0x00000006c362e960,0x00000006c7980000)
 Metaspace       used 67285K, capacity 70750K, committed 70872K, reserved 1110016K
  class space    used 9230K, capacity 9891K, committed 9984K, reserved 1048576K
}
Event: 65.996 GC heap before
{Heap before GC invocations=18 (full 3):
 PSYoungGen      total 265728K, used 259440K [0x000000076ab00000, 0x000000077c600000, 0x00000007c0000000)
  eden space 245760K, 100% used [0x000000076ab00000,0x0000000779b00000,0x0000000779b00000)
  from space 19968K, 68% used [0x000000077b280000,0x000000077bfdc030,0x000000077c600000)
  to   space 22016K, 0% used [0x0000000779b00000,0x0000000779b00000,0x000000077b080000)
 ParOldGen       total 124416K, used 55482K [0x00000006c0000000, 0x00000006c7980000, 0x000000076ab00000)
  object space 124416K, 44% used [0x00000006c0000000,0x00000006c362e960,0x00000006c7980000)
 Metaspace       used 71765K, capacity 75472K, committed 75736K, reserved 1114112K
  class space    used 9706K, capacity 10468K, committed 10496K, reserved 1048576K
Event: 66.091 GC heap after
Heap after GC invocations=18 (full 3):
 PSYoungGen      total 267776K, used 22005K [0x000000076ab00000, 0x0000000780000000, 0x00000007c0000000)
  eden space 245760K, 0% used [0x000000076ab00000,0x000000076ab00000,0x0000000779b00000)
  from space 22016K, 99% used [0x0000000779b00000,0x000000077b07d7c0,0x000000077b080000)
  to   space 28672K, 0% used [0x000000077e400000,0x000000077e400000,0x0000000780000000)
 ParOldGen       total 124416K, used 64494K [0x00000006c0000000, 0x00000006c7980000, 0x000000076ab00000)
  object space 124416K, 51% used [0x00000006c0000000,0x00000006c3efb858,0x00000006c7980000)
 Metaspace       used 71765K, capacity 75472K, committed 75736K, reserved 1114112K
  class space    used 9706K, capacity 10468K, committed 10496K, reserved 1048576K
}
Event: 66.985 GC heap before
{Heap before GC invocations=19 (full 3):
 PSYoungGen      total 267776K, used 267765K [0x000000076ab00000, 0x0000000780000000, 0x00000007c0000000)
  eden space 245760K, 100% used [0x000000076ab00000,0x0000000779b00000,0x0000000779b00000)
  from space 22016K, 99% used [0x0000000779b00000,0x000000077b07d7c0,0x000000077b080000)
  to   space 28672K, 0% used [0x000000077e400000,0x000000077e400000,0x0000000780000000)
 ParOldGen       total 124416K, used 64498K [0x00000006c0000000, 0x00000006c7980000, 0x000000076ab00000)
  object space 124416K, 51% used [0x00000006c0000000,0x00000006c3efc868,0x00000006c7980000)
 Metaspace       used 71788K, capacity 75536K, committed 75736K, reserved 1114112K
  class space    used 9707K, capacity 10468K, committed 10496K, reserved 1048576K
Event: 67.145 GC heap after
Heap after GC invocations=19 (full 3):
 PSYoungGen      total 316928K, used 26461K [0x000000076ab00000, 0x0000000782f00000, 0x00000007c0000000)
  eden space 288256K, 0% used [0x000000076ab00000,0x000000076ab00000,0x000000077c480000)
  from space 28672K, 92% used [0x000000077e400000,0x000000077fdd76b8,0x0000000780000000)
  to   space 32256K, 0% used [0x000000077c480000,0x000000077c480000,0x000000077e400000)
 ParOldGen       total 124416K, used 84517K [0x00000006c0000000, 0x00000006c7980000, 0x000000076ab00000)
  object space 124416K, 67% used [0x00000006c0000000,0x00000006c52895a0,0x00000006c7980000)
 Metaspace       used 71788K, capacity 75536K, committed 75736K, reserved 1114112K
  class space    used 9707K, capacity 10468K, committed 10496K, reserved 1048576K
}
Event: 73.091 GC heap before
{Heap before GC invocations=20 (full 3):
 PSYoungGen      total 316928K, used 314717K [0x000000076ab00000, 0x0000000782f00000, 0x00000007c0000000)
  eden space 288256K, 100% used [0x000000076ab00000,0x000000077c480000,0x000000077c480000)
  from space 28672K, 92% used [0x000000077e400000,0x000000077fdd76b8,0x0000000780000000)
  to   space 32256K, 0% used [0x000000077c480000,0x000000077c480000,0x000000077e400000)
 ParOldGen       total 124416K, used 84519K [0x00000006c0000000, 0x00000006c7980000, 0x000000076ab00000)
  object space 124416K, 67% used [0x00000006c0000000,0x00000006c5289e88,0x00000006c7980000)
 Metaspace       used 80614K, capacity 86172K, committed 86360K, reserved 1124352K
  class space    used 11231K, capacity 12366K, committed 12416K, reserved 1048576K
Event: 73.253 GC heap after
Heap after GC invocations=20 (full 3):
 PSYoungGen      total 320512K, used 32239K [0x000000076ab00000, 0x0000000782f00000, 0x00000007c0000000)
  eden space 288256K, 0% used [0x000000076ab00000,0x000000076ab00000,0x000000077c480000)
  from space 32256K, 99% used [0x000000077c480000,0x000000077e3fbe38,0x000000077e400000)
  to   space 28672K, 0% used [0x000000077e400000,0x000000077e400000,0x0000000780000000)
 ParOldGen       total 124416K, used 111781K [0x00000006c0000000, 0x00000006c7980000, 0x000000076ab00000)
  object space 124416K, 89% used [0x00000006c0000000,0x00000006c6d29438,0x00000006c7980000)
 Metaspace       used 80614K, capacity 86172K, committed 86360K, reserved 1124352K
  class space    used 11231K, capacity 12366K, committed 12416K, reserved 1048576K
}
Event: 73.253 GC heap before
{Heap before GC invocations=21 (full 4):
 PSYoungGen      total 320512K, used 32239K [0x000000076ab00000, 0x0000000782f00000, 0x00000007c0000000)
  eden space 288256K, 0% used [0x000000076ab00000,0x000000076ab00000,0x000000077c480000)
  from space 32256K, 99% used [0x000000077c480000,0x000000077e3fbe38,0x000000077e400000)
  to   space 28672K, 0% used [0x000000077e400000,0x000000077e400000,0x0000000780000000)
 ParOldGen       total 124416K, used 111781K [0x00000006c0000000, 0x00000006c7980000, 0x000000076ab00000)
  object space 124416K, 89% used [0x00000006c0000000,0x00000006c6d29438,0x00000006c7980000)
 Metaspace       used 80614K, capacity 86172K, committed 86360K, reserved 1124352K
  class space    used 11231K, capacity 12366K, committed 12416K, reserved 1048576K
Event: 74.289 GC heap after
Heap after GC invocations=21 (full 4):
 PSYoungGen      total 320512K, used 0K [0x000000076ab00000, 0x0000000782f00000, 0x00000007c0000000)
  eden space 288256K, 0% used [0x000000076ab00000,0x000000076ab00000,0x000000077c480000)
  from space 32256K, 0% used [0x000000077c480000,0x000000077c480000,0x000000077e400000)
  to   space 28672K, 0% used [0x000000077e400000,0x000000077e400000,0x0000000780000000)
 ParOldGen       total 124416K, used 121241K [0x00000006c0000000, 0x00000006c7980000, 0x000000076ab00000)
  object space 124416K, 97% used [0x00000006c0000000,0x00000006c7666640,0x00000006c7980000)
 Metaspace       used 79483K, capacity 83632K, committed 86360K, reserved 1124352K
  class space    used 10823K, capacity 11632K, committed 12416K, reserved 1048576K
}

Deoptimization events (10 events):
Event: 71.979 Thread 0x0000000021095000 Uncommon trap: reason=bimorphic action=maybe_recompile pc=0x000000000489bd30 method=com.android.tools.r8.q.a.a.b.O0.hasNext()Z @ 9
Event: 71.979 Thread 0x0000000021095000 Uncommon trap: reason=bimorphic action=maybe_recompile pc=0x000000000489bd30 method=com.android.tools.r8.q.a.a.b.O0.hasNext()Z @ 9
Event: 72.273 Thread 0x0000000021091800 Uncommon trap: reason=unstable_if action=reinterpret pc=0x0000000004734f14 method=java.util.HashMap.putVal(ILjava/lang/Object;Ljava/lang/Object;ZZ)Ljava/lang/Object; @ 236
Event: 72.274 Thread 0x0000000021092000 Uncommon trap: reason=unstable_if action=reinterpret pc=0x0000000004734f14 method=java.util.HashMap.putVal(ILjava/lang/Object;Ljava/lang/Object;ZZ)Ljava/lang/Object; @ 236
Event: 72.465 Thread 0x0000000021092000 Uncommon trap: reason=unstable_if action=reinterpret pc=0x00000000040d135c method=java.util.TreeMap.put(Ljava/lang/Object;Ljava/lang/Object;)Ljava/lang/Object; @ 163
Event: 72.718 Thread 0x0000000021091800 Uncommon trap: reason=bimorphic action=maybe_recompile pc=0x000000000489e7e8 method=com.android.tools.r8.q.a.a.a.v.hash(Ljava/lang/Object;)I @ 8
Event: 72.720 Thread 0x0000000021091800 Uncommon trap: reason=bimorphic action=maybe_recompile pc=0x000000000489e7e8 method=com.android.tools.r8.q.a.a.a.v.hash(Ljava/lang/Object;)I @ 8
Event: 72.720 Thread 0x0000000021091800 Uncommon trap: reason=bimorphic action=maybe_recompile pc=0x000000000489e7e8 method=com.android.tools.r8.q.a.a.a.v.hash(Ljava/lang/Object;)I @ 8
Event: 72.720 Thread 0x0000000021091800 Uncommon trap: reason=bimorphic action=maybe_recompile pc=0x000000000489e7e8 method=com.android.tools.r8.q.a.a.a.v.hash(Ljava/lang/Object;)I @ 8
Event: 74.290 Thread 0x00000000033c8000 Uncommon trap: reason=unstable_if action=reinterpret pc=0x0000000003a093f0 method=java.lang.ref.Reference.tryHandlePending(Z)Z @ 20

Classes redefined (0 events):
No events

Internal exceptions (10 events):
Event: 69.386 Thread 0x0000000020922800 Exception <a 'java/lang/NoSuchMethodError': <clinit>> (0x000000077446fc60) thrown at [C:\src\AOSP-openjdk-git\hotspot\src\share\vm\prims\jni.cpp, line 1615]
Event: 69.791 Thread 0x0000000021092000 Exception <a 'sun/nio/fs/WindowsException'> (0x00000007756c12f8) thrown at [C:\src\AOSP-openjdk-git\hotspot\src\share\vm\prims\jni.cpp, line 710]
Event: 70.042 Thread 0x0000000021091800 Exception <a 'sun/nio/fs/WindowsException'> (0x000000077639ab30) thrown at [C:\src\AOSP-openjdk-git\hotspot\src\share\vm\prims\jni.cpp, line 710]
Event: 70.825 Thread 0x0000000021092000 Exception <a 'java/lang/IncompatibleClassChangeError': Found class java.lang.Object, but interface was expected> (0x00000007777645a8) thrown at [C:\src\AOSP-openjdk-git\hotspot\src\share\vm\interpreter\linkResolver.cpp, line 653]
Event: 72.264 Thread 0x0000000021092000 Exception <a 'java/lang/NoSuchMethodError': java.lang.Object.b(Lcom/android/tools/r8/graph/p1$b;)Lcom/android/tools/r8/graph/p1$b;> (0x000000077aa19dc8) thrown at [C:\src\AOSP-openjdk-git\hotspot\src\share\vm\interpreter\linkResolver.cpp, line 620]
Event: 72.371 Thread 0x000000002108d000 Exception <a 'java/lang/NoSuchMethodError': java.lang.Object.lambda$maxBy$1(Ljava/util/Comparator;Ljava/lang/Object;Ljava/lang/Object;)Ljava/lang/Object;> (0x000000077acb1950) thrown at [C:\src\AOSP-openjdk-git\hotspot\src\share\vm\interpreter\linkResolve
Event: 72.372 Thread 0x0000000021093000 Exception <a 'java/lang/NoSuchMethodError': java.lang.Object.lambda$maxBy$1(Ljava/util/Comparator;Ljava/lang/Object;Ljava/lang/Object;)Ljava/lang/Object;> (0x000000077ad2bcf0) thrown at [C:\src\AOSP-openjdk-git\hotspot\src\share\vm\interpreter\linkResolve
Event: 72.371 Thread 0x0000000021095000 Exception <a 'java/lang/NoSuchMethodError': java.lang.Object.lambda$maxBy$1(Ljava/util/Comparator;Ljava/lang/Object;Ljava/lang/Object;)Ljava/lang/Object;> (0x000000077a976ba0) thrown at [C:\src\AOSP-openjdk-git\hotspot\src\share\vm\interpreter\linkResolve
Event: 72.371 Thread 0x0000000021093800 Exception <a 'java/lang/NoSuchMethodError': java.lang.Object.lambda$maxBy$1(Ljava/util/Comparator;Ljava/lang/Object;Ljava/lang/Object;)Ljava/lang/Object;> (0x000000077ab8d7f8) thrown at [C:\src\AOSP-openjdk-git\hotspot\src\share\vm\interpreter\linkResolve
Event: 72.372 Thread 0x0000000021092000 Exception <a 'java/lang/NoSuchMethodError': java.lang.Object.lambda$maxBy$1(Ljava/util/Comparator;Ljava/lang/Object;Ljava/lang/Object;)Ljava/lang/Object;> (0x000000077acf9890) thrown at [C:\src\AOSP-openjdk-git\hotspot\src\share\vm\interpreter\linkResolve

Events (10 events):
Event: 74.332 loading class com/android/tools/r8/ir/conversion/J
Event: 74.332 loading class com/android/tools/r8/ir/conversion/J done
Event: 74.332 loading class com/android/tools/r8/ir/conversion/J
Event: 74.332 loading class com/android/tools/r8/ir/conversion/J done
Event: 74.333 loading class com/android/tools/r8/q/a/a/b/T0
Event: 74.333 loading class com/android/tools/r8/q/a/a/b/T0 done
Event: 74.335 loading class com/android/tools/r8/q/a/a/b/S0
Event: 74.335 loading class com/android/tools/r8/q/a/a/b/S0 done
Event: 74.337 loading class com/android/tools/r8/graph/G$b$a
Event: 74.337 loading class com/android/tools/r8/graph/G$b$a done


Dynamic libraries:
0x00007ff77c520000 - 0x00007ff77c551000 	C:\Program Files\Android\Android Studio\jre\bin\java.exe
0x00007ff8c8f30000 - 0x00007ff8c9125000 	C:\WINDOWS\SYSTEM32\ntdll.dll
0x00007ff8c6ff0000 - 0x00007ff8c70ad000 	C:\WINDOWS\System32\KERNEL32.DLL
0x00007ff8c6cc0000 - 0x00007ff8c6f88000 	C:\WINDOWS\System32\KERNELBASE.dll
0x00007ff8c7900000 - 0x00007ff8c79ac000 	C:\WINDOWS\System32\ADVAPI32.dll
0x00007ff8c8b70000 - 0x00007ff8c8c0e000 	C:\WINDOWS\System32\msvcrt.dll
0x00007ff8c89d0000 - 0x00007ff8c8a6b000 	C:\WINDOWS\System32\sechost.dll
0x00007ff8c8140000 - 0x00007ff8c826b000 	C:\WINDOWS\System32\RPCRT4.dll
0x00007ff8c8270000 - 0x00007ff8c8410000 	C:\WINDOWS\System32\USER32.dll
0x00007ff8c67d0000 - 0x00007ff8c67f2000 	C:\WINDOWS\System32\win32u.dll
0x00007ff8c8080000 - 0x00007ff8c80aa000 	C:\WINDOWS\System32\GDI32.dll
0x00007ff8c6800000 - 0x00007ff8c690b000 	C:\WINDOWS\System32\gdi32full.dll
0x00007ff8c6910000 - 0x00007ff8c69ad000 	C:\WINDOWS\System32\msvcp_win.dll
0x00007ff8c69b0000 - 0x00007ff8c6ab0000 	C:\WINDOWS\System32\ucrtbase.dll
0x00007ff8acb60000 - 0x00007ff8acdfa000 	C:\WINDOWS\WinSxS\amd64_microsoft.windows.common-controls_6595b64144ccf1df_6.0.19041.844_none_ca00b6081b84eb1d\COMCTL32.dll
0x00007ff8c8770000 - 0x00007ff8c87a0000 	C:\WINDOWS\System32\IMM32.DLL
0x0000000061790000 - 0x0000000061862000 	C:\Program Files\Android\Android Studio\jre\jre\bin\msvcr100.dll
0x0000000061870000 - 0x00000000620bb000 	C:\Program Files\Android\Android Studio\jre\jre\bin\server\jvm.dll
0x00007ff8c8c10000 - 0x00007ff8c8c18000 	C:\WINDOWS\System32\PSAPI.DLL
0x00007ff8bdf60000 - 0x00007ff8bdf6a000 	C:\WINDOWS\SYSTEM32\VERSION.dll
0x00007ff8b7b50000 - 0x00007ff8b7b59000 	C:\WINDOWS\SYSTEM32\WSOCK32.dll
0x00007ff8b7820000 - 0x00007ff8b7847000 	C:\WINDOWS\SYSTEM32\WINMM.dll
0x00007ff8c8b00000 - 0x00007ff8c8b6b000 	C:\WINDOWS\System32\WS2_32.dll
0x00007ff8b6c90000 - 0x00007ff8b6c9f000 	C:\Program Files\Android\Android Studio\jre\jre\bin\verify.dll
0x00007ff8a2ae0000 - 0x00007ff8a2b09000 	C:\Program Files\Android\Android Studio\jre\jre\bin\java.dll
0x00007ff8a2a70000 - 0x00007ff8a2a86000 	C:\Program Files\Android\Android Studio\jre\jre\bin\zip.dll
0x00007ff8c71b0000 - 0x00007ff8c78f2000 	C:\WINDOWS\System32\SHELL32.dll
0x00007ff8c40d0000 - 0x00007ff8c4861000 	C:\WINDOWS\SYSTEM32\windows.storage.dll
0x00007ff8c8410000 - 0x00007ff8c8765000 	C:\WINDOWS\System32\combase.dll
0x00007ff8c6010000 - 0x00007ff8c603c000 	C:\WINDOWS\SYSTEM32\Wldp.dll
0x00007ff8c87a0000 - 0x00007ff8c884e000 	C:\WINDOWS\System32\SHCORE.dll
0x00007ff8c8c20000 - 0x00007ff8c8c75000 	C:\WINDOWS\System32\shlwapi.dll
0x00007ff8c65b0000 - 0x00007ff8c65cf000 	C:\WINDOWS\SYSTEM32\profapi.dll
0x00007ff8a2a50000 - 0x00007ff8a2a6a000 	C:\Program Files\Android\Android Studio\jre\jre\bin\net.dll
0x00007ff8c5d80000 - 0x00007ff8c5dea000 	C:\WINDOWS\system32\mswsock.dll
0x00007ff8a2a30000 - 0x00007ff8a2a43000 	C:\Program Files\Android\Android Studio\jre\jre\bin\nio.dll
0x00007ff8a0fb0000 - 0x00007ff8a0fd7000 	C:\Users\KimHanbi\.gradle\native\f6784746aeab05261644944871eae4fe03e0ef1612fff0a4a95f87b438bc6780\windows-amd64\native-platform.dll
0x00007ff8b6c70000 - 0x00007ff8b6c7d000 	C:\Program Files\Android\Android Studio\jre\jre\bin\management.dll
0x00007ff8c5f60000 - 0x00007ff8c5f78000 	C:\WINDOWS\SYSTEM32\CRYPTSP.dll
0x00007ff8c5720000 - 0x00007ff8c5754000 	C:\WINDOWS\system32\rsaenh.dll
0x00007ff8c6c10000 - 0x00007ff8c6c37000 	C:\WINDOWS\System32\bcrypt.dll
0x00007ff8c6570000 - 0x00007ff8c659e000 	C:\WINDOWS\SYSTEM32\USERENV.dll
0x00007ff8c6c40000 - 0x00007ff8c6cc0000 	C:\WINDOWS\System32\bcryptprimitives.dll
0x00007ff8c5f50000 - 0x00007ff8c5f5c000 	C:\WINDOWS\SYSTEM32\CRYPTBASE.dll
0x00007ff8c5a70000 - 0x00007ff8c5aab000 	C:\WINDOWS\SYSTEM32\IPHLPAPI.DLL
0x00007ff8c8af0000 - 0x00007ff8c8af8000 	C:\WINDOWS\System32\NSI.dll
0x00007ff8c04f0000 - 0x00007ff8c0507000 	C:\WINDOWS\SYSTEM32\dhcpcsvc6.DLL
0x00007ff8c0400000 - 0x00007ff8c041d000 	C:\WINDOWS\SYSTEM32\dhcpcsvc.DLL
0x00007ff8c5ab0000 - 0x00007ff8c5b7c000 	C:\WINDOWS\SYSTEM32\DNSAPI.dll
0x00007ff8c1320000 - 0x00007ff8c132b000 	C:\WINDOWS\SYSTEM32\WINNSI.DLL
0x00007ff8a1e00000 - 0x00007ff8a1e24000 	C:\Program Files\Android\Android Studio\jre\jre\bin\sunec.dll
0x00007ff8a72a0000 - 0x00007ff8a72ab000 	C:\Program Files\Android\Android Studio\jre\jre\bin\sunmscapi.dll
0x00007ff8c6ab0000 - 0x00007ff8c6c0f000 	C:\WINDOWS\System32\CRYPT32.dll
0x00007ff8bebe0000 - 0x00007ff8bebea000 	C:\Windows\System32\rasadhlp.dll
0x00007ff8bcb80000 - 0x00007ff8bcbff000 	C:\WINDOWS\System32\fwpuclnt.dll

VM Arguments:
jvm_args: -Xmx4096m -Dfile.encoding=UTF-8 -Duser.country=KR -Duser.language=ko -Duser.variant 
java_command: org.gradle.launcher.daemon.bootstrap.GradleDaemon 6.5
java_class_path (initial): C:\Users\KimHanbi\.gradle\wrapper\dists\gradle-6.5-all\2oz4ud9k3tuxjg84bbf55q0tn\gradle-6.5\lib\gradle-launcher-6.5.jar
Launcher Type: SUN_STANDARD

Environment Variables:
JAVA_HOME=C:\Program Files\Java\jdk1.8.0_251
CLASSPATH=%classpath%;;;
PATH=C:\Program Files\Java\jdk1.8.0_251\bin;C:\Program Files (x86)\Common Files\Oracle\Java\javapath;C:\Program Files (x86)\Intel\iCLS Client\;C:\Program Files\Intel\iCLS Client\;C:\WINDOWS\system32;C:\WINDOWS;C:\WINDOWS\System32\Wbem;C:\WINDOWS\System32\WindowsPowerShell\v1.0\;C:\Program Files (x86)\Intel\Intel(R) Management Engine Components\DAL;C:\Program Files\Intel\Intel(R) Management Engine Components\DAL;C:\Program Files (x86)\Intel\Intel(R) Management Engine Components\IPT;C:\Program Files\Intel\Intel(R) Management Engine Components\IPT;C:\Program Files\Intel\WiFi\bin\;C:\Program Files\Common Files\Intel\WirelessCommon\;C:\WINDOWS\System32\OpenSSH\;C:\MinGW\bin;C:\Program Files\Java\jdk1.8.0_251\bin;C:\Program Files\Git\cmd;C:\Program Files\MySQL\MySQL Server 8.0\bin;C:\ProgramData\chocolatey\bin;C:\Program Files\nodejs\;C:\Program Files\MySQL\MySQL Shell 8.0\bin\;C:\Python\Python36\Scripts\;C:\Python\Python36\;C:\Users\KimHanbi\AppData\Local\Microsoft\WindowsApps;C:\Users\KimHanbi\AppData\Local\Programs\Microsoft VS Code\bin;C:\Users\KimHanbi\AppData\Roaming\npm;C:\Program Files\Android\Android Studio\jre\bin;C:\Users\KimHanbi\AppData\Local\gitkraken\bin
USERNAME=KimHanbi
OS=Windows_NT
PROCESSOR_IDENTIFIER=Intel64 Family 6 Model 142 Stepping 10, GenuineIntel



---------------  S Y S T E M  ---------------

OS: Windows 10.0 , 64 bit Build 19041 (10.0.19041.928)

CPU:total 8 (initial active 8) (4 cores per cpu, 2 threads per core) family 6 model 142 stepping 10, cmov, cx8, fxsr, mmx, sse, sse2, sse3, ssse3, sse4.1, sse4.2, popcnt, avx, avx2, aes, clmul, erms, 3dnowpref, lzcnt, ht, tsc, tscinvbit, bmi1, bmi2, adx

Memory: 4k page, physical 8217940k(418968k free), swap 8217940k(6144k free)

vm_info: OpenJDK 64-Bit Server VM (25.242-b01) for windows-amd64 JRE (1.8.0_242-release-1644-b01), built by "builder" with MS VC++ 10.0 (VS2010)

time: Fri May 14 18:20:28 2021
timezone: 대한민국 표준시
elapsed time: 74 seconds (0d 0h 1m 14s)

