#
# There is insufficient memory for the Java Runtime Environment to continue.
# Native memory allocation (malloc) failed to allocate 32744 bytes for ChunkPool::allocate
# Possible reasons:
#   The system is out of physical RAM or swap space
#   The process is running with CompressedOops enabled, and the Java Heap may be blocking the growth of the native heap
# Possible solutions:
#   Reduce memory load on the system
#   Increase physical memory or swap space
#   Check if swap backing store is full
#   Decrease Java heap size (-Xmx/-Xms)
#   Decrease number of Java threads
#   Decrease Java thread stack sizes (-Xss)
#   Set larger code cache with -XX:ReservedCodeCacheSize=
#   JVM is running with Zero Based Compressed Oops mode in which the Java heap is
#     placed in the first 32GB address space. The Java Heap base address is the
#     maximum limit for the native heap growth. Please use -XX:HeapBaseMinAddress
#     to set the Java Heap base and to place the Java Heap above 32GB virtual address.
# This output file may be truncated or incomplete.
#
#  Out of Memory Error (allocation.cpp:272), pid=10180, tid=0x0000000000001d10
#
# JRE version: OpenJDK Runtime Environment (8.0_242-b01) (build 1.8.0_242-release-1644-b01)
# Java VM: OpenJDK 64-Bit Server VM (25.242-b01 mixed mode windows-amd64 compressed oops)
# Failed to write core dump. Minidumps are not enabled by default on client versions of Windows
#

---------------  T H R E A D  ---------------

Current thread (0x000000001ebd1000):  JavaThread "C2 CompilerThread0" daemon [_thread_in_native, id=7440, stack(0x000000001f420000,0x000000001f520000)]

Stack: [0x000000001f420000,0x000000001f520000]
[error occurred during error reporting (printing stack bounds), id 0xc0000005]

Native frames: (J=compiled Java code, j=interpreted, Vv=VM code, C=native code)


Current CompileTask:
C2:  11244 1494       4       java.net.URLClassLoader$1::run (5 bytes)


---------------  P R O C E S S  ---------------

Java Threads: ( => current thread )
  0x000000002162b000 JavaThread "Cache worker for file hash cache (C:\Users\KimHanbi\.gradle\caches\6.5\fileHashes)" [_thread_blocked, id=13812, stack(0x00000000237a0000,0x00000000238a0000)]
  0x0000000020ecd800 JavaThread "File lock request listener" [_thread_in_native, id=6492, stack(0x00000000236a0000,0x00000000237a0000)]
  0x0000000020ed0000 JavaThread "Cache worker for journal cache (C:\Users\KimHanbi\.gradle\caches\journal-1)" [_thread_blocked, id=10432, stack(0x00000000235a0000,0x00000000236a0000)]
  0x00000000200fb000 JavaThread "Thread-9" [_thread_blocked, id=612, stack(0x00000000232a0000,0x00000000233a0000)]
  0x00000000200f8000 JavaThread "Stdin handler" [_thread_blocked, id=5376, stack(0x00000000231a0000,0x00000000232a0000)]
  0x00000000200f4800 JavaThread "Asynchronous log dispatcher for DefaultDaemonConnection: socket connection from /127.0.0.1:4132 to /127.0.0.1:4133" [_thread_blocked, id=220, stack(0x00000000230a0000,0x00000000231a0000)]
  0x000000001ef74800 JavaThread "Daemon worker" [_thread_in_vm, id=9388, stack(0x0000000022fa0000,0x00000000230a0000)]
  0x00000000202d5000 JavaThread "Cancel handler" [_thread_blocked, id=3640, stack(0x0000000022da0000,0x0000000022ea0000)]
  0x000000001ee8d000 JavaThread "Handler for socket connection from /127.0.0.1:4132 to /127.0.0.1:4133" [_thread_in_native, id=8500, stack(0x0000000022ca0000,0x0000000022da0000)]
  0x000000001ee84000 JavaThread "Daemon" [_thread_blocked, id=9940, stack(0x0000000022ba0000,0x0000000022ca0000)]
  0x000000001ee71000 JavaThread "Daemon periodic checks" [_thread_blocked, id=6036, stack(0x00000000228a0000,0x00000000229a0000)]
  0x0000000020295000 JavaThread "Incoming local TCP Connector on port 4132" [_thread_in_native, id=15084, stack(0x00000000226c0000,0x00000000227c0000)]
  0x000000001fb1e000 JavaThread "Daemon health stats" [_thread_blocked, id=7304, stack(0x00000000223c0000,0x00000000224c0000)]
  0x000000001ecb1800 JavaThread "Service Thread" daemon [_thread_blocked, id=15272, stack(0x000000001f820000,0x000000001f920000)]
  0x000000001ec2f000 JavaThread "C1 CompilerThread3" daemon [_thread_blocked, id=15304, stack(0x000000001f720000,0x000000001f820000)]
  0x000000001cdae000 JavaThread "C2 CompilerThread2" daemon [_thread_in_native, id=9248, stack(0x000000001f620000,0x000000001f720000)]
  0x000000001ebd3000 JavaThread "C2 CompilerThread1" daemon [_thread_in_native, id=5284, stack(0x000000001f520000,0x000000001f620000)]
=>0x000000001ebd1000 JavaThread "C2 CompilerThread0" daemon [_thread_in_native, id=7440, stack(0x000000001f420000,0x000000001f520000)]
  0x000000001ec28000 JavaThread "Attach Listener" daemon [_thread_blocked, id=2448, stack(0x000000001f320000,0x000000001f420000)]
  0x000000001ec27000 JavaThread "Signal Dispatcher" daemon [_thread_blocked, id=9296, stack(0x000000001f220000,0x000000001f320000)]
  0x000000001ebb0800 JavaThread "Finalizer" daemon [_thread_blocked, id=14064, stack(0x000000001f090000,0x000000001f190000)]
  0x000000001cd9c000 JavaThread "Reference Handler" daemon [_thread_blocked, id=14256, stack(0x000000001ef90000,0x000000001f090000)]
  0x0000000003182800 JavaThread "main" [_thread_blocked, id=16336, stack(0x0000000002c70000,0x0000000002d70000)]

Other Threads:
  0x000000001cd97800 VMThread [stack: 0x000000001ea90000,0x000000001eb90000] [id=1360]
  0x000000001ecb2000 WatcherThread [stack: 0x000000001f920000,0x000000001fa20000] [id=16244]

VM state:not at safepoint (normal execution)

VM Mutex/Monitor currently owned by a thread: None

heap address: 0x00000006c0000000, size: 4096 MB, Compressed Oops mode: Zero based, Oop shift amount: 3
Narrow klass base: 0x0000000000000000, Narrow klass shift: 3
Compressed class space size: 1073741824 Address: 0x00000007c0000000

Heap:
 PSYoungGen      total 37888K, used 34561K [0x000000076ab00000, 0x000000076d500000, 0x00000007c0000000)
  eden space 32768K, 89% used [0x000000076ab00000,0x000000076c7c5e00,0x000000076cb00000)
  from space 5120K, 99% used [0x000000076d000000,0x000000076d4fa630,0x000000076d500000)
  to   space 5120K, 0% used [0x000000076cb00000,0x000000076cb00000,0x000000076d000000)
 ParOldGen       total 86016K, used 3588K [0x00000006c0000000, 0x00000006c5400000, 0x000000076ab00000)
  object space 86016K, 4% used [0x00000006c0000000,0x00000006c0381340,0x00000006c5400000)
 Metaspace       used 17182K, capacity 17804K, committed 17920K, reserved 1064960K
  class space    used 2327K, capacity 2502K, committed 2560K, reserved 1048576K

Card table byte_map: [0x0000000012640000,0x0000000012e50000] byte_map_base: 0x000000000f040000

Marking Bits: (ParMarkBitMap*) 0x000000006203f030
 Begin Bits: [0x0000000013bb0000, 0x0000000017bb0000)
 End Bits:   [0x0000000017bb0000, 0x000000001bbb0000)

Polling page: 0x0000000001480000

CodeCache: size=245760Kb used=5631Kb max_used=5631Kb free=240128Kb
 bounds [0x0000000003280000, 0x0000000003810000, 0x0000000012280000]
 total_blobs=1978 nmethods=1576 adapters=315
 compilation: enabled

Compilation events (10 events):
Event: 11.195 Thread 0x000000001ec2f000 1578       3       org.gradle.internal.service.DefaultServiceRegistry$CompositeServiceProvider::getService (49 bytes)
Event: 11.196 Thread 0x000000001ec2f000 nmethod 1578 0x00000000037fd950 code [0x00000000037fdac0, 0x00000000037fde08]
Event: 11.196 Thread 0x000000001ec2f000 1577       3       java.lang.Class::isAnnotation (17 bytes)
Event: 11.197 Thread 0x000000001ec2f000 nmethod 1577 0x00000000037fdf90 code [0x00000000037fe100, 0x00000000037fe368]
Event: 11.203 Thread 0x000000001ec2f000 1579       3       java.util.concurrent.locks.ReentrantLock$Sync::nonfairTryAcquire (67 bytes)
Event: 11.207 Thread 0x000000001ec2f000 nmethod 1579 0x00000000037fe410 code [0x00000000037fe5a0, 0x00000000037fece8]
Event: 11.222 Thread 0x000000001ec2f000 1580       1       java.util.Collections$EmptyList::isEmpty (2 bytes)
Event: 11.223 Thread 0x000000001ec2f000 nmethod 1580 0x00000000037fee90 code [0x00000000037fefe0, 0x00000000037ff0f0]
Event: 11.223 Thread 0x000000001ec2f000 1581       3       org.gradle.internal.service.DefaultServiceRegistry::find (142 bytes)
Event: 11.227 Thread 0x000000001ec2f000 nmethod 1581 0x00000000037ff150 code [0x00000000037ff4a0, 0x0000000003801058]

GC Heap History (8 events):
Event: 2.750 GC heap before
{Heap before GC invocations=1 (full 0):
 PSYoungGen      total 37888K, used 32768K [0x000000076ab00000, 0x000000076d500000, 0x00000007c0000000)
  eden space 32768K, 100% used [0x000000076ab00000,0x000000076cb00000,0x000000076cb00000)
  from space 5120K, 0% used [0x000000076d000000,0x000000076d000000,0x000000076d500000)
  to   space 5120K, 0% used [0x000000076cb00000,0x000000076cb00000,0x000000076d000000)
 ParOldGen       total 86016K, used 0K [0x00000006c0000000, 0x00000006c5400000, 0x000000076ab00000)
  object space 86016K, 0% used [0x00000006c0000000,0x00000006c0000000,0x00000006c5400000)
 Metaspace       used 7618K, capacity 7914K, committed 8064K, reserved 1056768K
  class space    used 936K, capacity 1041K, committed 1152K, reserved 1048576K
Event: 2.765 GC heap after
Heap after GC invocations=1 (full 0):
 PSYoungGen      total 37888K, used 4756K [0x000000076ab00000, 0x000000076d500000, 0x00000007c0000000)
  eden space 32768K, 0% used [0x000000076ab00000,0x000000076ab00000,0x000000076cb00000)
  from space 5120K, 92% used [0x000000076cb00000,0x000000076cfa5118,0x000000076d000000)
  to   space 5120K, 0% used [0x000000076d000000,0x000000076d000000,0x000000076d500000)
 ParOldGen       total 86016K, used 16K [0x00000006c0000000, 0x00000006c5400000, 0x000000076ab00000)
  object space 86016K, 0% used [0x00000006c0000000,0x00000006c0004000,0x00000006c5400000)
 Metaspace       used 7618K, capacity 7914K, committed 8064K, reserved 1056768K
  class space    used 936K, capacity 1041K, committed 1152K, reserved 1048576K
}
Event: 3.729 GC heap before
{Heap before GC invocations=2 (full 0):
 PSYoungGen      total 37888K, used 37524K [0x000000076ab00000, 0x000000076d500000, 0x00000007c0000000)
  eden space 32768K, 100% used [0x000000076ab00000,0x000000076cb00000,0x000000076cb00000)
  from space 5120K, 92% used [0x000000076cb00000,0x000000076cfa5118,0x000000076d000000)
  to   space 5120K, 0% used [0x000000076d000000,0x000000076d000000,0x000000076d500000)
 ParOldGen       total 86016K, used 16K [0x00000006c0000000, 0x00000006c5400000, 0x000000076ab00000)
  object space 86016K, 0% used [0x00000006c0000000,0x00000006c0004000,0x00000006c5400000)
 Metaspace       used 7837K, capacity 8170K, committed 8320K, reserved 1056768K
  class space    used 951K, capacity 1041K, committed 1152K, reserved 1048576K
Event: 3.738 GC heap after
Heap after GC invocations=2 (full 0):
 PSYoungGen      total 37888K, used 3579K [0x000000076ab00000, 0x000000076d500000, 0x00000007c0000000)
  eden space 32768K, 0% used [0x000000076ab00000,0x000000076ab00000,0x000000076cb00000)
  from space 5120K, 69% used [0x000000076d000000,0x000000076d37ec08,0x000000076d500000)
  to   space 5120K, 0% used [0x000000076cb00000,0x000000076cb00000,0x000000076d000000)
 ParOldGen       total 86016K, used 24K [0x00000006c0000000, 0x00000006c5400000, 0x000000076ab00000)
  object space 86016K, 0% used [0x00000006c0000000,0x00000006c0006000,0x00000006c5400000)
 Metaspace       used 7837K, capacity 8170K, committed 8320K, reserved 1056768K
  class space    used 951K, capacity 1041K, committed 1152K, reserved 1048576K
}
Event: 9.273 GC heap before
{Heap before GC invocations=3 (full 0):
 PSYoungGen      total 37888K, used 36347K [0x000000076ab00000, 0x000000076d500000, 0x00000007c0000000)
  eden space 32768K, 100% used [0x000000076ab00000,0x000000076cb00000,0x000000076cb00000)
  from space 5120K, 69% used [0x000000076d000000,0x000000076d37ec08,0x000000076d500000)
  to   space 5120K, 0% used [0x000000076cb00000,0x000000076cb00000,0x000000076d000000)
 ParOldGen       total 86016K, used 24K [0x00000006c0000000, 0x00000006c5400000, 0x000000076ab00000)
  object space 86016K, 0% used [0x00000006c0000000,0x00000006c0006000,0x00000006c5400000)
 Metaspace       used 11673K, capacity 12026K, committed 12160K, reserved 1060864K
  class space    used 1547K, capacity 1645K, committed 1664K, reserved 1048576K
Event: 9.288 GC heap after
Heap after GC invocations=3 (full 0):
 PSYoungGen      total 37888K, used 5113K [0x000000076ab00000, 0x000000076d500000, 0x00000007c0000000)
  eden space 32768K, 0% used [0x000000076ab00000,0x000000076ab00000,0x000000076cb00000)
  from space 5120K, 99% used [0x000000076cb00000,0x000000076cffe620,0x000000076d000000)
  to   space 5120K, 0% used [0x000000076d000000,0x000000076d000000,0x000000076d500000)
 ParOldGen       total 86016K, used 1165K [0x00000006c0000000, 0x00000006c5400000, 0x000000076ab00000)
  object space 86016K, 1% used [0x00000006c0000000,0x00000006c0123760,0x00000006c5400000)
 Metaspace       used 11673K, capacity 12026K, committed 12160K, reserved 1060864K
  class space    used 1547K, capacity 1645K, committed 1664K, reserved 1048576K
}
Event: 10.318 GC heap before
{Heap before GC invocations=4 (full 0):
 PSYoungGen      total 37888K, used 37881K [0x000000076ab00000, 0x000000076d500000, 0x00000007c0000000)
  eden space 32768K, 100% used [0x000000076ab00000,0x000000076cb00000,0x000000076cb00000)
  from space 5120K, 99% used [0x000000076cb00000,0x000000076cffe620,0x000000076d000000)
  to   space 5120K, 0% used [0x000000076d000000,0x000000076d000000,0x000000076d500000)
 ParOldGen       total 86016K, used 1165K [0x00000006c0000000, 0x00000006c5400000, 0x000000076ab00000)
  object space 86016K, 1% used [0x00000006c0000000,0x00000006c0123760,0x00000006c5400000)
 Metaspace       used 14580K, capacity 15106K, committed 15232K, reserved 1062912K
  class space    used 1997K, capacity 2157K, committed 2176K, reserved 1048576K
Event: 10.350 GC heap after
Heap after GC invocations=4 (full 0):
 PSYoungGen      total 37888K, used 5097K [0x000000076ab00000, 0x000000076d500000, 0x00000007c0000000)
  eden space 32768K, 0% used [0x000000076ab00000,0x000000076ab00000,0x000000076cb00000)
  from space 5120K, 99% used [0x000000076d000000,0x000000076d4fa630,0x000000076d500000)
  to   space 5120K, 0% used [0x000000076cb00000,0x000000076cb00000,0x000000076d000000)
 ParOldGen       total 86016K, used 3588K [0x00000006c0000000, 0x00000006c5400000, 0x000000076ab00000)
  object space 86016K, 4% used [0x00000006c0000000,0x00000006c0381340,0x00000006c5400000)
 Metaspace       used 14580K, capacity 15106K, committed 15232K, reserved 1062912K
  class space    used 1997K, capacity 2157K, committed 2176K, reserved 1048576K
}

Deoptimization events (10 events):
Event: 10.126 Thread 0x000000001ef74800 Uncommon trap: reason=class_check action=maybe_recompile pc=0x00000000035ad9b4 method=java.util.regex.Matcher.match(II)Z @ 86
Event: 10.127 Thread 0x000000001ef74800 Uncommon trap: reason=class_check action=maybe_recompile pc=0x00000000035ad9b4 method=java.util.regex.Matcher.match(II)Z @ 86
Event: 10.128 Thread 0x000000001ef74800 Uncommon trap: reason=class_check action=maybe_recompile pc=0x0000000003435bd4 method=java.util.regex.Matcher.match(II)Z @ 86
Event: 10.512 Thread 0x000000001ef74800 Uncommon trap: reason=unstable_if action=reinterpret pc=0x00000000035b128c method=java.io.File.getName()Ljava/lang/String; @ 16
Event: 10.512 Thread 0x000000001ef74800 Uncommon trap: reason=unstable_if action=reinterpret pc=0x00000000035aca98 method=java.lang.String.substring(I)Ljava/lang/String; @ 35
Event: 11.159 Thread 0x000000001ef74800 Uncommon trap: reason=unstable_if action=reinterpret pc=0x0000000003610b30 method=java.util.LinkedHashMap.afterNodeInsertion(Z)V @ 1
Event: 11.161 Thread 0x000000001ef74800 Uncommon trap: reason=unstable_if action=reinterpret pc=0x00000000034fc908 method=java.util.HashMap.getNode(ILjava/lang/Object;)Ljava/util/HashMap$Node; @ 129
Event: 11.162 Thread 0x000000001ef74800 Uncommon trap: reason=bimorphic action=maybe_recompile pc=0x0000000003760ee8 method=java.util.HashMap.putVal(ILjava/lang/Object;Ljava/lang/Object;ZZ)Ljava/lang/Object; @ 203
Event: 11.167 Thread 0x000000001ef74800 Uncommon trap: reason=unstable_if action=reinterpret pc=0x00000000034dacd8 method=java.util.HashMap.getNode(ILjava/lang/Object;)Ljava/util/HashMap$Node; @ 129
Event: 11.167 Thread 0x000000001ef74800 Uncommon trap: reason=bimorphic action=maybe_recompile pc=0x0000000003760ee8 method=java.util.HashMap.putVal(ILjava/lang/Object;Ljava/lang/Object;ZZ)Ljava/lang/Object; @ 203

Classes redefined (0 events):
No events

Internal exceptions (10 events):
Event: 9.319 Thread 0x000000001ee8d000 Exception <a 'java/lang/NoSuchMethodError': <clinit>> (0x000000076ab1fd28) thrown at [C:\src\AOSP-openjdk-git\hotspot\src\share\vm\prims\jni.cpp, line 1615]
Event: 9.324 Thread 0x000000001ee8d000 Exception <a 'java/lang/NoSuchMethodError': <clinit>> (0x000000076ab29430) thrown at [C:\src\AOSP-openjdk-git\hotspot\src\share\vm\prims\jni.cpp, line 1615]
Event: 9.328 Thread 0x000000001ee8d000 Exception <a 'java/lang/NoSuchMethodError': <clinit>> (0x000000076ab3da58) thrown at [C:\src\AOSP-openjdk-git\hotspot\src\share\vm\prims\jni.cpp, line 1615]
Event: 9.362 Thread 0x000000001ee8d000 Exception <a 'java/lang/NoSuchMethodError': <clinit>> (0x000000076abcd7a0) thrown at [C:\src\AOSP-openjdk-git\hotspot\src\share\vm\prims\jni.cpp, line 1615]
Event: 9.378 Thread 0x000000001ee8d000 Exception <a 'java/lang/NoSuchMethodError': <clinit>> (0x000000076ac07d18) thrown at [C:\src\AOSP-openjdk-git\hotspot\src\share\vm\prims\jni.cpp, line 1615]
Event: 9.395 Thread 0x000000001ee8d000 Exception <a 'java/lang/NoSuchMethodError': <clinit>> (0x000000076ac3dca0) thrown at [C:\src\AOSP-openjdk-git\hotspot\src\share\vm\prims\jni.cpp, line 1615]
Event: 9.399 Thread 0x000000001ee8d000 Exception <a 'java/lang/NoSuchMethodError': <clinit>> (0x000000076ac4a1d0) thrown at [C:\src\AOSP-openjdk-git\hotspot\src\share\vm\prims\jni.cpp, line 1615]
Event: 10.648 Thread 0x000000001ef74800 Exception <a 'java/lang/NoSuchMethodError': java.lang.Object.lambda$and$0(Ljava/util/function/Predicate;Ljava/lang/Object;)Z> (0x000000076b0d19e0) thrown at [C:\src\AOSP-openjdk-git\hotspot\src\share\vm\interpreter\linkResolver.cpp, line 620]
Event: 10.674 Thread 0x000000001ef74800 Exception <a 'java/lang/IncompatibleClassChangeError': Found class java.lang.Object, but interface was expected> (0x000000076b0e1cd8) thrown at [C:\src\AOSP-openjdk-git\hotspot\src\share\vm\interpreter\linkResolver.cpp, line 653]
Event: 10.684 Thread 0x000000001ef74800 Exception <a 'java/lang/NoSuchMethodError': java.lang.Object.lambda$or$2(Ljava/util/function/Predicate;Ljava/lang/Object;)Z> (0x000000076b0e6828) thrown at [C:\src\AOSP-openjdk-git\hotspot\src\share\vm\interpreter\linkResolver.cpp, line 620]

Events (10 events):
Event: 11.233 loading class org/gradle/internal/operations/DefaultBuildOperationExecutor$BuildOperationState
Event: 11.233 loading class org/gradle/internal/operations/DefaultBuildOperationExecutor$BuildOperationState done
Event: 11.234 loading class org/gradle/internal/operations/DefaultBuildOperationExecutor$UnmanagedThreadOperation
Event: 11.234 loading class org/gradle/internal/operations/DefaultBuildOperationExecutor$UnmanagedThreadOperation done
Event: 11.236 loading class org/gradle/internal/operations/DefaultBuildOperationQueueFactory
Event: 11.236 loading class org/gradle/internal/operations/DefaultBuildOperationQueueFactory done
Event: 11.237 loading class org/gradle/internal/operations/BuildOperationQueue
Event: 11.237 loading class org/gradle/internal/operations/BuildOperationQueue done
Event: 11.238 loading class org/gradle/internal/operations/DefaultBuildOperationExecutor$RunnableBuildOperationWorker
Event: 11.238 loading class org/gradle/internal/operations/DefaultBuildOperationExecutor$RunnableBuildOperationWorker done


Dynamic libraries:
0x00007ff77c520000 - 0x00007ff77c551000 	C:\Program Files\Android\Android Studio\jre\bin\java.exe
0x00007ff8c8f30000 - 0x00007ff8c9125000 	C:\WINDOWS\SYSTEM32\ntdll.dll
0x00007ff8c6ff0000 - 0x00007ff8c70ad000 	C:\WINDOWS\System32\KERNEL32.DLL
0x00007ff8c6cc0000 - 0x00007ff8c6f88000 	C:\WINDOWS\System32\KERNELBASE.dll
0x00007ff8c7900000 - 0x00007ff8c79ac000 	C:\WINDOWS\System32\ADVAPI32.dll
0x00007ff8c8b70000 - 0x00007ff8c8c0e000 	C:\WINDOWS\System32\msvcrt.dll
0x00007ff8c89d0000 - 0x00007ff8c8a6b000 	C:\WINDOWS\System32\sechost.dll
0x00007ff8c8140000 - 0x00007ff8c826b000 	C:\WINDOWS\System32\RPCRT4.dll
0x00007ff8c8270000 - 0x00007ff8c8410000 	C:\WINDOWS\System32\USER32.dll
0x00007ff8c67d0000 - 0x00007ff8c67f2000 	C:\WINDOWS\System32\win32u.dll
0x00007ff8c8080000 - 0x00007ff8c80aa000 	C:\WINDOWS\System32\GDI32.dll
0x00007ff8c6800000 - 0x00007ff8c690b000 	C:\WINDOWS\System32\gdi32full.dll
0x00007ff8c6910000 - 0x00007ff8c69ad000 	C:\WINDOWS\System32\msvcp_win.dll
0x00007ff8c69b0000 - 0x00007ff8c6ab0000 	C:\WINDOWS\System32\ucrtbase.dll
0x00007ff8acb60000 - 0x00007ff8acdfa000 	C:\WINDOWS\WinSxS\amd64_microsoft.windows.common-controls_6595b64144ccf1df_6.0.19041.844_none_ca00b6081b84eb1d\COMCTL32.dll
0x00007ff8c8770000 - 0x00007ff8c87a0000 	C:\WINDOWS\System32\IMM32.DLL
0x0000000061790000 - 0x0000000061862000 	C:\Program Files\Android\Android Studio\jre\jre\bin\msvcr100.dll
0x0000000061870000 - 0x00000000620bb000 	C:\Program Files\Android\Android Studio\jre\jre\bin\server\jvm.dll
0x00007ff8c8c10000 - 0x00007ff8c8c18000 	C:\WINDOWS\System32\PSAPI.DLL
0x00007ff8b7b50000 - 0x00007ff8b7b59000 	C:\WINDOWS\SYSTEM32\WSOCK32.dll
0x00007ff8c8b00000 - 0x00007ff8c8b6b000 	C:\WINDOWS\System32\WS2_32.dll
0x00007ff8b7820000 - 0x00007ff8b7847000 	C:\WINDOWS\SYSTEM32\WINMM.dll
0x00007ff8bdf60000 - 0x00007ff8bdf6a000 	C:\WINDOWS\SYSTEM32\VERSION.dll
0x00007ff8b6c90000 - 0x00007ff8b6c9f000 	C:\Program Files\Android\Android Studio\jre\jre\bin\verify.dll
0x00007ff8a2ae0000 - 0x00007ff8a2b09000 	C:\Program Files\Android\Android Studio\jre\jre\bin\java.dll
0x00007ff8a2a70000 - 0x00007ff8a2a86000 	C:\Program Files\Android\Android Studio\jre\jre\bin\zip.dll
0x00007ff8c71b0000 - 0x00007ff8c78f2000 	C:\WINDOWS\System32\SHELL32.dll
0x00007ff8c40d0000 - 0x00007ff8c4861000 	C:\WINDOWS\SYSTEM32\windows.storage.dll
0x00007ff8c8410000 - 0x00007ff8c8765000 	C:\WINDOWS\System32\combase.dll
0x00007ff8c6010000 - 0x00007ff8c603c000 	C:\WINDOWS\SYSTEM32\Wldp.dll
0x00007ff8c87a0000 - 0x00007ff8c884e000 	C:\WINDOWS\System32\SHCORE.dll
0x00007ff8c8c20000 - 0x00007ff8c8c75000 	C:\WINDOWS\System32\shlwapi.dll
0x00007ff8c65b0000 - 0x00007ff8c65cf000 	C:\WINDOWS\SYSTEM32\profapi.dll
0x00007ff8a2a50000 - 0x00007ff8a2a6a000 	C:\Program Files\Android\Android Studio\jre\jre\bin\net.dll
0x00007ff8c5d80000 - 0x00007ff8c5dea000 	C:\WINDOWS\system32\mswsock.dll
0x00007ff8a2a30000 - 0x00007ff8a2a43000 	C:\Program Files\Android\Android Studio\jre\jre\bin\nio.dll
0x00007ff8a0fb0000 - 0x00007ff8a0fd7000 	C:\Users\KimHanbi\.gradle\native\f6784746aeab05261644944871eae4fe03e0ef1612fff0a4a95f87b438bc6780\windows-amd64\native-platform.dll
0x00007ff8b6c70000 - 0x00007ff8b6c7d000 	C:\Program Files\Android\Android Studio\jre\jre\bin\management.dll
0x00007ff8c5f60000 - 0x00007ff8c5f78000 	C:\WINDOWS\SYSTEM32\CRYPTSP.dll
0x00007ff8c5720000 - 0x00007ff8c5754000 	C:\WINDOWS\system32\rsaenh.dll
0x00007ff8c6c10000 - 0x00007ff8c6c37000 	C:\WINDOWS\System32\bcrypt.dll
0x00007ff8c6570000 - 0x00007ff8c659e000 	C:\WINDOWS\SYSTEM32\USERENV.dll
0x00007ff8c6c40000 - 0x00007ff8c6cc0000 	C:\WINDOWS\System32\bcryptprimitives.dll
0x00007ff8c5f50000 - 0x00007ff8c5f5c000 	C:\WINDOWS\SYSTEM32\CRYPTBASE.dll
0x00007ff8c5a70000 - 0x00007ff8c5aab000 	C:\WINDOWS\SYSTEM32\IPHLPAPI.DLL
0x00007ff8c8af0000 - 0x00007ff8c8af8000 	C:\WINDOWS\System32\NSI.dll
0x00007ff8c04f0000 - 0x00007ff8c0507000 	C:\WINDOWS\SYSTEM32\dhcpcsvc6.DLL
0x00007ff8c0400000 - 0x00007ff8c041d000 	C:\WINDOWS\SYSTEM32\dhcpcsvc.DLL
0x00007ff8c5ab0000 - 0x00007ff8c5b7c000 	C:\WINDOWS\SYSTEM32\DNSAPI.dll
0x00007ff8c1320000 - 0x00007ff8c132b000 	C:\WINDOWS\SYSTEM32\WINNSI.DLL

VM Arguments:
jvm_args: -Xmx4096m -Dfile.encoding=UTF-8 -Duser.country=KR -Duser.language=ko -Duser.variant 
java_command: org.gradle.launcher.daemon.bootstrap.GradleDaemon 6.5
java_class_path (initial): C:\Users\KimHanbi\.gradle\wrapper\dists\gradle-6.5-all\2oz4ud9k3tuxjg84bbf55q0tn\gradle-6.5\lib\gradle-launcher-6.5.jar
Launcher Type: SUN_STANDARD

Environment Variables:
JAVA_HOME=C:\Program Files\Java\jdk1.8.0_251
CLASSPATH=%classpath%;;;
PATH=C:\Program Files\Java\jdk1.8.0_251\bin;C:\Program Files (x86)\Common Files\Oracle\Java\javapath;C:\Program Files (x86)\Intel\iCLS Client\;C:\Program Files\Intel\iCLS Client\;C:\WINDOWS\system32;C:\WINDOWS;C:\WINDOWS\System32\Wbem;C:\WINDOWS\System32\WindowsPowerShell\v1.0\;C:\Program Files (x86)\Intel\Intel(R) Management Engine Components\DAL;C:\Program Files\Intel\Intel(R) Management Engine Components\DAL;C:\Program Files (x86)\Intel\Intel(R) Management Engine Components\IPT;C:\Program Files\Intel\Intel(R) Management Engine Components\IPT;C:\Program Files\Intel\WiFi\bin\;C:\Program Files\Common Files\Intel\WirelessCommon\;C:\WINDOWS\System32\OpenSSH\;C:\MinGW\bin;C:\Program Files\Java\jdk1.8.0_251\bin;C:\Program Files\Git\cmd;C:\Program Files\MySQL\MySQL Server 8.0\bin;C:\ProgramData\chocolatey\bin;C:\Program Files\nodejs\;C:\Program Files\MySQL\MySQL Shell 8.0\bin\;C:\Python\Python36\Scripts\;C:\Python\Python36\;C:\Users\KimHanbi\AppData\Local\Microsoft\WindowsApps;C:\Users\KimHanbi\AppData\Local\Programs\Microsoft VS Code\bin;C:\Users\KimHanbi\AppData\Roaming\npm;C:\Program Files\Android\Android Studio\jre\bin;C:\Users\KimHanbi\AppData\Local\gitkraken\bin
USERNAME=KimHanbi
OS=Windows_NT
PROCESSOR_IDENTIFIER=Intel64 Family 6 Model 142 Stepping 10, GenuineIntel



---------------  S Y S T E M  ---------------

OS: Windows 10.0 , 64 bit Build 19041 (10.0.19041.928)

CPU:total 8 (initial active 8) (4 cores per cpu, 2 threads per core) family 6 model 142 stepping 10, cmov, cx8, fxsr, mmx, sse, sse2, sse3, ssse3, sse4.1, sse4.2, popcnt, avx, avx2, aes, clmul, erms, 3dnowpref, lzcnt, ht, tsc, tscinvbit, bmi1, bmi2, adx

Memory: 4k page, physical 8217940k(617568k free), swap 8217940k(5148k free)

vm_info: OpenJDK 64-Bit Server VM (25.242-b01) for windows-amd64 JRE (1.8.0_242-release-1644-b01), built by "builder" with MS VC++ 10.0 (VS2010)

time: Fri May 14 18:22:32 2021
timezone: 대한민국 표준시
elapsed time: 11 seconds (0d 0h 0m 11s)

