#
# There is insufficient memory for the Java Runtime Environment to continue.
# Native memory allocation (malloc) failed to allocate 1141632 bytes for Chunk::new
# Possible reasons:
#   The system is out of physical RAM or swap space
#   The process is running with CompressedOops enabled, and the Java Heap may be blocking the growth of the native heap
# Possible solutions:
#   Reduce memory load on the system
#   Increase physical memory or swap space
#   Check if swap backing store is full
#   Decrease Java heap size (-Xmx/-Xms)
#   Decrease number of Java threads
#   Decrease Java thread stack sizes (-Xss)
#   Set larger code cache with -XX:ReservedCodeCacheSize=
#   JVM is running with Unscaled Compressed Oops mode in which the Java heap is
#     placed in the first 4GB address space. The Java Heap base address is the
#     maximum limit for the native heap growth. Please use -XX:HeapBaseMinAddress
#     to set the Java Heap base and to place the Java Heap above 4GB virtual address.
# This output file may be truncated or incomplete.
#
#  Out of Memory Error (allocation.cpp:389), pid=5568, tid=0x0000000000002afc
#
# JRE version: OpenJDK Runtime Environment (8.0_242-b01) (build 1.8.0_242-release-1644-b01)
# Java VM: OpenJDK 64-Bit Server VM (25.242-b01 mixed mode windows-amd64 compressed oops)
# Failed to write core dump. Minidumps are not enabled by default on client versions of Windows
#

---------------  T H R E A D  ---------------

Current thread (0x000000001a368800):  JavaThread "C2 CompilerThread0" daemon [_thread_in_native, id=11004, stack(0x000000001abc0000,0x000000001acc0000)]

Stack: [0x000000001abc0000,0x000000001acc0000]
[error occurred during error reporting (printing stack bounds), id 0xc0000005]

Native frames: (J=compiled Java code, j=interpreted, Vv=VM code, C=native code)


Current CompileTask:
C2:  34720 4775       4       groovy.lang.MetaClassImpl$1MOPIter::methodNameAction (325 bytes)


---------------  P R O C E S S  ---------------

Java Threads: ( => current thread )
  0x000000001bef6800 JavaThread "Cache worker for Build Output Cleanup Cache (C:\Users\KimHanbi\AndroidStudioProjects\UntactShop\.gradle\buildOutputCleanup)" [_thread_blocked, id=3340, stack(0x000000002a980000,0x000000002aa80000)]
  0x000000001beea800 JavaThread "jar transforms Thread 99" [_thread_blocked, id=900, stack(0x000000002a330000,0x000000002a430000)]
  0x000000001bef0800 JavaThread "jar transforms Thread 98" [_thread_blocked, id=8352, stack(0x000000002a230000,0x000000002a330000)]
  0x000000001beef800 JavaThread "jar transforms Thread 97" [_thread_blocked, id=4932, stack(0x000000002a130000,0x000000002a230000)]
  0x000000001beee000 JavaThread "jar transforms Thread 96" [_thread_blocked, id=13012, stack(0x000000002a030000,0x000000002a130000)]
  0x000000001beec000 JavaThread "jar transforms Thread 95" [_thread_blocked, id=5428, stack(0x0000000029f30000,0x000000002a030000)]
  0x000000001beef000 JavaThread "jar transforms Thread 94" [_thread_blocked, id=13372, stack(0x0000000029e30000,0x0000000029f30000)]
  0x000000001beeb000 JavaThread "jar transforms Thread 93" [_thread_blocked, id=8764, stack(0x0000000029d30000,0x0000000029e30000)]
  0x000000001bef1000 JavaThread "jar transforms Thread 92" [_thread_blocked, id=11044, stack(0x0000000029c30000,0x0000000029d30000)]
  0x000000001beed800 JavaThread "jar transforms Thread 91" [_thread_blocked, id=13648, stack(0x0000000029b30000,0x0000000029c30000)]
  0x000000001beec800 JavaThread "jar transforms Thread 90" [_thread_blocked, id=2356, stack(0x0000000029930000,0x0000000029a30000)]
  0x000000001d0ce800 JavaThread "jar transforms Thread 89" [_thread_blocked, id=8716, stack(0x0000000029830000,0x0000000029930000)]
  0x000000001d0cd800 JavaThread "jar transforms Thread 88" [_thread_blocked, id=14120, stack(0x0000000029730000,0x0000000029830000)]
  0x000000001d0cd000 JavaThread "jar transforms Thread 87" [_thread_blocked, id=1900, stack(0x0000000029630000,0x0000000029730000)]
  0x000000001d0cc000 JavaThread "jar transforms Thread 86" [_thread_blocked, id=2036, stack(0x0000000029530000,0x0000000029630000)]
  0x000000001d0cb800 JavaThread "jar transforms Thread 85" [_thread_blocked, id=1492, stack(0x0000000029430000,0x0000000029530000)]
  0x000000001d0ca800 JavaThread "jar transforms Thread 84" [_thread_blocked, id=248, stack(0x0000000029330000,0x0000000029430000)]
  0x000000001d0c3000 JavaThread "jar transforms Thread 83" [_thread_blocked, id=4864, stack(0x0000000029230000,0x0000000029330000)]
  0x000000001d0ca000 JavaThread "jar transforms Thread 82" [_thread_blocked, id=5004, stack(0x0000000029130000,0x0000000029230000)]
  0x000000001d0c9000 JavaThread "jar transforms Thread 81" [_thread_blocked, id=14032, stack(0x0000000029030000,0x0000000029130000)]
  0x000000001d0c8800 JavaThread "jar transforms Thread 80" [_thread_blocked, id=10824, stack(0x0000000028f30000,0x0000000029030000)]
  0x000000001d0c1000 JavaThread "jar transforms Thread 79" [_thread_blocked, id=10472, stack(0x0000000028e30000,0x0000000028f30000)]
  0x000000001d0c7800 JavaThread "jar transforms Thread 78" [_thread_blocked, id=8828, stack(0x0000000028d30000,0x0000000028e30000)]
  0x000000001d0c2800 JavaThread "jar transforms Thread 77" [_thread_blocked, id=13596, stack(0x0000000028c30000,0x0000000028d30000)]
  0x000000001d0c0000 JavaThread "jar transforms Thread 76" [_thread_blocked, id=11792, stack(0x0000000028b30000,0x0000000028c30000)]
  0x000000001d0c7000 JavaThread "jar transforms Thread 75" [_thread_blocked, id=7280, stack(0x0000000028a30000,0x0000000028b30000)]
  0x000000001d0c4800 JavaThread "jar transforms Thread 74" [_thread_blocked, id=5076, stack(0x0000000028930000,0x0000000028a30000)]
  0x000000001d0bf800 JavaThread "jar transforms Thread 73" [_thread_blocked, id=7952, stack(0x0000000028830000,0x0000000028930000)]
  0x000000001d0c6000 JavaThread "jar transforms Thread 72" [_thread_blocked, id=14212, stack(0x0000000028730000,0x0000000028830000)]
  0x000000001d0c1800 JavaThread "jar transforms Thread 71" [_thread_blocked, id=2764, stack(0x0000000028630000,0x0000000028730000)]
  0x000000001d0c5800 JavaThread "jar transforms Thread 70" [_thread_blocked, id=7128, stack(0x0000000028530000,0x0000000028630000)]
  0x000000001d0c4000 JavaThread "jar transforms Thread 69" [_thread_blocked, id=14276, stack(0x0000000028430000,0x0000000028530000)]
  0x0000000020e0f000 JavaThread "jar transforms Thread 68" [_thread_blocked, id=1376, stack(0x0000000028330000,0x0000000028430000)]
  0x0000000020e0c800 JavaThread "jar transforms Thread 67" [_thread_blocked, id=8356, stack(0x0000000028230000,0x0000000028330000)]
  0x0000000020e0e000 JavaThread "jar transforms Thread 66" [_thread_blocked, id=4808, stack(0x0000000028130000,0x0000000028230000)]
  0x0000000020e0f800 JavaThread "jar transforms Thread 65" [_thread_blocked, id=1816, stack(0x0000000028030000,0x0000000028130000)]
  0x0000000020e0c000 JavaThread "jar transforms Thread 64" [_thread_blocked, id=4232, stack(0x0000000027f30000,0x0000000028030000)]
  0x0000000020e0b000 JavaThread "jar transforms Thread 63" [_thread_blocked, id=1804, stack(0x0000000027e30000,0x0000000027f30000)]
  0x0000000020e09800 JavaThread "jar transforms Thread 62" [_thread_blocked, id=14036, stack(0x0000000027d30000,0x0000000027e30000)]
  0x0000000020e0a800 JavaThread "jar transforms Thread 61" [_thread_blocked, id=11952, stack(0x0000000027c30000,0x0000000027d30000)]
  0x0000000020e0d800 JavaThread "jar transforms Thread 60" [_thread_blocked, id=10164, stack(0x0000000027b30000,0x0000000027c30000)]
  0x0000000020e02000 JavaThread "jar transforms Thread 59" [_thread_blocked, id=6428, stack(0x0000000027a30000,0x0000000027b30000)]
  0x0000000020e09000 JavaThread "jar transforms Thread 58" [_thread_blocked, id=9360, stack(0x0000000027930000,0x0000000027a30000)]
  0x0000000020e01000 JavaThread "jar transforms Thread 57" [_thread_blocked, id=13552, stack(0x0000000027830000,0x0000000027930000)]
  0x0000000020e08000 JavaThread "jar transforms Thread 56" [_thread_blocked, id=7628, stack(0x0000000027730000,0x0000000027830000)]
  0x0000000020e03800 JavaThread "jar transforms Thread 55" [_thread_blocked, id=8932, stack(0x0000000027630000,0x0000000027730000)]
  0x0000000020e06800 JavaThread "jar transforms Thread 54" [_thread_blocked, id=10464, stack(0x0000000027530000,0x0000000027630000)]
  0x0000000020e05000 JavaThread "jar transforms Thread 53" [_thread_blocked, id=2116, stack(0x0000000027430000,0x0000000027530000)]
  0x0000000020e05800 JavaThread "jar transforms Thread 52" [_thread_blocked, id=1448, stack(0x0000000027330000,0x0000000027430000)]
  0x0000000020e02800 JavaThread "jar transforms Thread 51" [_thread_blocked, id=5132, stack(0x0000000027230000,0x0000000027330000)]
  0x0000000020e04000 JavaThread "jar transforms Thread 50" [_thread_blocked, id=7356, stack(0x0000000027130000,0x0000000027230000)]
  0x0000000020e00800 JavaThread "jar transforms Thread 49" [_thread_blocked, id=4404, stack(0x0000000027030000,0x0000000027130000)]
  0x0000000020e07000 JavaThread "jar transforms Thread 48" [_thread_blocked, id=4924, stack(0x0000000026f30000,0x0000000027030000)]
  0x000000001b98f000 JavaThread "jar transforms Thread 47" [_thread_blocked, id=10100, stack(0x0000000026e30000,0x0000000026f30000)]
  0x000000001b993000 JavaThread "jar transforms Thread 46" [_thread_blocked, id=1988, stack(0x0000000026d30000,0x0000000026e30000)]
  0x000000001b994800 JavaThread "jar transforms Thread 45" [_thread_blocked, id=13184, stack(0x0000000026c30000,0x0000000026d30000)]
  0x000000001b992000 JavaThread "jar transforms Thread 44" [_thread_blocked, id=6828, stack(0x0000000026b30000,0x0000000026c30000)]
  0x000000001b990000 JavaThread "jar transforms Thread 43" [_thread_blocked, id=4044, stack(0x0000000026a30000,0x0000000026b30000)]
  0x000000001b98e800 JavaThread "jar transforms Thread 42" [_thread_blocked, id=1380, stack(0x0000000026930000,0x0000000026a30000)]
  0x000000001b990800 JavaThread "jar transforms Thread 41" [_thread_blocked, id=4148, stack(0x0000000026830000,0x0000000026930000)]
  0x000000001b993800 JavaThread "jar transforms Thread 40" [_thread_blocked, id=2232, stack(0x0000000026730000,0x0000000026830000)]
  0x000000001b991800 JavaThread "jar transforms Thread 39" [_thread_blocked, id=5100, stack(0x0000000026630000,0x0000000026730000)]
  0x000000001b98a000 JavaThread "jar transforms Thread 38" [_thread_blocked, id=6716, stack(0x0000000026530000,0x0000000026630000)]
  0x000000001b98d800 JavaThread "jar transforms Thread 37" [_thread_blocked, id=3292, stack(0x0000000026430000,0x0000000026530000)]
  0x000000001b986000 JavaThread "jar transforms Thread 36" [_thread_blocked, id=9788, stack(0x0000000026330000,0x0000000026430000)]
  0x000000001b989000 JavaThread "jar transforms Thread 35" [_thread_blocked, id=12828, stack(0x0000000026230000,0x0000000026330000)]
  0x000000001b98a800 JavaThread "jar transforms Thread 34" [_thread_blocked, id=7548, stack(0x0000000026130000,0x0000000026230000)]
  0x000000001b98d000 JavaThread "jar transforms Thread 33" [_thread_blocked, id=10856, stack(0x0000000026030000,0x0000000026130000)]
  0x000000001b985000 JavaThread "jar transforms Thread 32" [_thread_blocked, id=6492, stack(0x0000000025f30000,0x0000000026030000)]
  0x000000001b98b800 JavaThread "jar transforms Thread 31" [_thread_blocked, id=9260, stack(0x0000000025e30000,0x0000000025f30000)]
  0x000000001b98c000 JavaThread "jar transforms Thread 30" [_thread_blocked, id=13940, stack(0x0000000025d30000,0x0000000025e30000)]
  0x000000001b987800 JavaThread "jar transforms Thread 29" [_thread_blocked, id=2464, stack(0x0000000025c30000,0x0000000025d30000)]
  0x000000001b987000 JavaThread "jar transforms Thread 28" [_thread_blocked, id=14156, stack(0x0000000025b30000,0x0000000025c30000)]
  0x000000001b988800 JavaThread "jar transforms Thread 27" [_thread_blocked, id=10852, stack(0x0000000025a30000,0x0000000025b30000)]
  0x000000001b1cb000 JavaThread "jar transforms Thread 26" [_thread_blocked, id=14088, stack(0x0000000025930000,0x0000000025a30000)]
  0x000000001b1ce800 JavaThread "jar transforms Thread 25" [_thread_blocked, id=1860, stack(0x0000000025830000,0x0000000025930000)]
  0x000000001b1ce000 JavaThread "jar transforms Thread 24" [_thread_blocked, id=4156, stack(0x0000000025730000,0x0000000025830000)]
  0x000000001b1cd000 JavaThread "jar transforms Thread 23" [_thread_blocked, id=13628, stack(0x0000000025630000,0x0000000025730000)]
  0x000000001b1ca000 JavaThread "jar transforms Thread 22" [_thread_blocked, id=1444, stack(0x0000000025530000,0x0000000025630000)]
  0x000000001b1cc800 JavaThread "jar transforms Thread 21" [_thread_blocked, id=7412, stack(0x0000000025430000,0x0000000025530000)]
  0x000000001b1c9800 JavaThread "jar transforms Thread 20" [_thread_blocked, id=13868, stack(0x0000000025330000,0x0000000025430000)]
  0x000000001b1cb800 JavaThread "jar transforms Thread 19" [_thread_blocked, id=13468, stack(0x0000000025230000,0x0000000025330000)]
  0x000000001b1cf800 JavaThread "jar transforms Thread 18" [_thread_blocked, id=9256, stack(0x0000000025130000,0x0000000025230000)]
  0x000000001b1c2000 JavaThread "jar transforms Thread 17" [_thread_blocked, id=480, stack(0x0000000025030000,0x0000000025130000)]
  0x000000001b1c8800 JavaThread "jar transforms Thread 16" [_thread_blocked, id=9196, stack(0x0000000024f30000,0x0000000025030000)]
  0x000000001b1c1000 JavaThread "jar transforms Thread 15" [_thread_blocked, id=3880, stack(0x0000000024e30000,0x0000000024f30000)]
  0x000000001b1c8000 JavaThread "jar transforms Thread 14" [_thread_blocked, id=1228, stack(0x0000000024d30000,0x0000000024e30000)]
  0x000000001b1c0800 JavaThread "jar transforms Thread 13" [_thread_blocked, id=12228, stack(0x0000000024c30000,0x0000000024d30000)]
  0x000000001b1c6800 JavaThread "jar transforms Thread 12" [_thread_blocked, id=12040, stack(0x0000000024b30000,0x0000000024c30000)]
  0x000000001b1c5000 JavaThread "jar transforms Thread 11" [_thread_blocked, id=11164, stack(0x0000000024a30000,0x0000000024b30000)]
  0x000000001b1c7000 JavaThread "jar transforms Thread 10" [_thread_blocked, id=3364, stack(0x0000000024930000,0x0000000024a30000)]
  0x000000001b1c5800 JavaThread "jar transforms Thread 9" [_thread_blocked, id=12284, stack(0x0000000024830000,0x0000000024930000)]
  0x000000001b1c3800 JavaThread "jar transforms Thread 8" [_thread_blocked, id=6440, stack(0x0000000024730000,0x0000000024830000)]
  0x000000001b1c2800 JavaThread "jar transforms Thread 7" [_thread_blocked, id=8312, stack(0x0000000024630000,0x0000000024730000)]
  0x000000001b1c4000 JavaThread "jar transforms Thread 6" [_thread_blocked, id=3096, stack(0x0000000024530000,0x0000000024630000)]
  0x000000001f9ee800 JavaThread "jar transforms Thread 5" [_thread_blocked, id=10744, stack(0x0000000024430000,0x0000000024530000)]
  0x000000001f9ed000 JavaThread "jar transforms Thread 4" [_thread_blocked, id=3940, stack(0x0000000024330000,0x0000000024430000)]
  0x000000001f9ec000 JavaThread "jar transforms Thread 3" [_thread_blocked, id=9636, stack(0x0000000024230000,0x0000000024330000)]
  0x000000001f9eb800 JavaThread "jar transforms Thread 2" [_thread_blocked, id=12396, stack(0x0000000024130000,0x0000000024230000)]
  0x000000001f9ed800 JavaThread "Build operations Thread 8" [_thread_blocked, id=12420, stack(0x0000000024030000,0x0000000024130000)]
  0x000000001f9ea800 JavaThread "Build operations Thread 7" [_thread_blocked, id=8768, stack(0x0000000023f30000,0x0000000024030000)]
  0x000000001f9ef000 JavaThread "Build operations Thread 6" [_thread_blocked, id=9160, stack(0x0000000023e30000,0x0000000023f30000)]
  0x000000001f9e3000 JavaThread "Build operations Thread 5" [_thread_blocked, id=7188, stack(0x0000000023d30000,0x0000000023e30000)]
  0x000000001f9ea000 JavaThread "Build operations Thread 4" [_thread_blocked, id=4444, stack(0x0000000023c30000,0x0000000023d30000)]
  0x000000001f9e2800 JavaThread "Build operations Thread 3" [_thread_blocked, id=10500, stack(0x0000000023b30000,0x0000000023c30000)]
  0x000000001f9e9000 JavaThread "Build operations Thread 2" [_thread_blocked, id=1744, stack(0x0000000023a30000,0x0000000023b30000)]
  0x000000001f9e1800 JavaThread "Build operations" [_thread_blocked, id=13320, stack(0x0000000023930000,0x0000000023a30000)]
  0x000000001a3d3800 JavaThread "Cache worker for file content cache (C:\Users\KimHanbi\.gradle\caches\6.5\fileContent)" [_thread_blocked, id=11180, stack(0x0000000023230000,0x0000000023330000)]
  0x000000001a3d2000 JavaThread "jar transforms" [_thread_blocked, id=6752, stack(0x0000000023130000,0x0000000023230000)]
  0x000000001a3d8000 JavaThread "Cache worker for execution history cache (C:\Users\KimHanbi\.gradle\caches\6.5\executionHistory)" [_thread_blocked, id=8124, stack(0x0000000022a30000,0x0000000022b30000)]
  0x000000001a3d6800 JavaThread "Cache worker for cache directory md-rule (C:\Users\KimHanbi\.gradle\caches\6.5\md-rule)" [_thread_blocked, id=6052, stack(0x0000000022930000,0x0000000022a30000)]
  0x000000001a3d1800 JavaThread "Cache worker for cache directory md-supplier (C:\Users\KimHanbi\.gradle\caches\6.5\md-supplier)" [_thread_blocked, id=13332, stack(0x0000000022830000,0x0000000022930000)]
  0x000000001a3d7800 JavaThread "Cache worker for checksums cache (C:\Users\KimHanbi\AndroidStudioProjects\UntactShop\.gradle\checksums)" [_thread_blocked, id=7904, stack(0x00000000214e0000,0x00000000215e0000)]
  0x000000001a3d4800 JavaThread "Cache worker for file hash cache (C:\Users\KimHanbi\AndroidStudioProjects\UntactShop\.gradle\6.5\fileHashes)" [_thread_blocked, id=1884, stack(0x00000000211e0000,0x00000000212e0000)]
  0x000000001a3d6000 JavaThread "Cache worker for file hash cache (C:\Users\KimHanbi\.gradle\caches\6.5\fileHashes)" [_thread_blocked, id=5256, stack(0x000000001ef40000,0x000000001f040000)]
  0x000000001a3d5000 JavaThread "File lock request listener" [_thread_in_native, id=5528, stack(0x000000001ee40000,0x000000001ef40000)]
  0x000000001b1f0800 JavaThread "Cache worker for journal cache (C:\Users\KimHanbi\.gradle\caches\journal-1)" [_thread_blocked, id=6560, stack(0x000000001ed40000,0x000000001ee40000)]
  0x000000001c369000 JavaThread "Thread-9" [_thread_blocked, id=12020, stack(0x000000001ea40000,0x000000001eb40000)]
  0x000000001b724800 JavaThread "Stdin handler" [_thread_blocked, id=2520, stack(0x000000001e940000,0x000000001ea40000)]
  0x000000001b723800 JavaThread "Asynchronous log dispatcher for DefaultDaemonConnection: socket connection from /127.0.0.1:4133 to /127.0.0.1:4134" [_thread_blocked, id=8256, stack(0x000000001e840000,0x000000001e940000)]
  0x000000001b58f800 JavaThread "Daemon worker" [_thread_in_vm, id=9288, stack(0x000000001e740000,0x000000001e840000)]
  0x000000001bae0800 JavaThread "Cancel handler" [_thread_blocked, id=10736, stack(0x000000001e540000,0x000000001e640000)]
  0x000000001bad5000 JavaThread "Handler for socket connection from /127.0.0.1:4133 to /127.0.0.1:4134" [_thread_in_native, id=4152, stack(0x000000001e440000,0x000000001e540000)]
  0x000000001ba8c000 JavaThread "Daemon" [_thread_blocked, id=4204, stack(0x000000001e340000,0x000000001e440000)]
  0x000000001ba35000 JavaThread "Daemon periodic checks" [_thread_blocked, id=10716, stack(0x000000001e040000,0x000000001e140000)]
  0x000000001bc6f000 JavaThread "Incoming local TCP Connector on port 4133" [_thread_in_native, id=12656, stack(0x000000001de60000,0x000000001df60000)]
  0x000000001b2b6800 JavaThread "Daemon health stats" [_thread_blocked, id=9556, stack(0x000000001db60000,0x000000001dc60000)]
  0x000000001a465800 JavaThread "Service Thread" daemon [_thread_blocked, id=9868, stack(0x000000001afc0000,0x000000001b0c0000)]
  0x000000001a3d3000 JavaThread "C1 CompilerThread3" daemon [_thread_in_vm, id=6528, stack(0x000000001aec0000,0x000000001afc0000)]
  0x000000001a3cb800 JavaThread "C2 CompilerThread2" daemon [_thread_in_native, id=14020, stack(0x000000001adc0000,0x000000001aec0000)]
  0x000000001a36a800 JavaThread "C2 CompilerThread1" daemon [_thread_in_native, id=1864, stack(0x000000001acc0000,0x000000001adc0000)]
=>0x000000001a368800 JavaThread "C2 CompilerThread0" daemon [_thread_in_native, id=11004, stack(0x000000001abc0000,0x000000001acc0000)]
  0x000000001a3c3000 JavaThread "Attach Listener" daemon [_thread_blocked, id=2972, stack(0x000000001aac0000,0x000000001abc0000)]
  0x000000001a3c2000 JavaThread "Signal Dispatcher" daemon [_thread_blocked, id=2680, stack(0x000000001a9c0000,0x000000001aac0000)]
  0x000000001a350800 JavaThread "Finalizer" daemon [_thread_blocked, id=13044, stack(0x000000001a830000,0x000000001a930000)]
  0x00000000034b9000 JavaThread "Reference Handler" daemon [_thread_blocked, id=11100, stack(0x000000001a730000,0x000000001a830000)]
  0x00000000033c2800 JavaThread "main" [_thread_blocked, id=13884, stack(0x0000000003290000,0x0000000003390000)]

Other Threads:
  0x0000000018526000 VMThread [stack: 0x000000001a230000,0x000000001a330000] [id=6844]
  0x000000001a466800 WatcherThread [stack: 0x000000001b0c0000,0x000000001b1c0000] [id=4832]

VM state:not at safepoint (normal execution)

VM Mutex/Monitor currently owned by a thread: None

heap address: 0x0000000080000000, size: 2048 MB, Compressed Oops mode: 32-bit
Narrow klass base: 0x0000000000000000, Narrow klass shift: 3
Compressed class space size: 1073741824 Address: 0x0000000100000000

Heap:
 PSYoungGen      total 194560K, used 45139K [0x00000000d5580000, 0x00000000e4600000, 0x0000000100000000)
  eden space 181248K, 17% used [0x00000000d5580000,0x00000000d7499998,0x00000000e0680000)
  from space 13312K, 99% used [0x00000000e0680000,0x00000000e137b310,0x00000000e1380000)
  to   space 18432K, 0% used [0x00000000e3400000,0x00000000e3400000,0x00000000e4600000)
 ParOldGen       total 73728K, used 27711K [0x0000000080000000, 0x0000000084800000, 0x00000000d5580000)
  object space 73728K, 37% used [0x0000000080000000,0x0000000081b0fed0,0x0000000084800000)
 Metaspace       used 54021K, capacity 56314K, committed 56408K, reserved 1097728K
  class space    used 7327K, capacity 7796K, committed 7808K, reserved 1048576K

Card table byte_map: [0x0000000012880000,0x0000000012c90000] byte_map_base: 0x0000000012480000

Marking Bits: (ParMarkBitMap*) 0x0000000073aff030
 Begin Bits: [0x0000000013740000, 0x0000000015740000)
 End Bits:   [0x0000000015740000, 0x0000000017740000)

Polling page: 0x0000000001700000

CodeCache: size=245760Kb used=15218Kb max_used=15218Kb free=230541Kb
 bounds [0x00000000034c0000, 0x00000000043b0000, 0x00000000124c0000]
 total_blobs=5191 nmethods=4424 adapters=679
 compilation: enabled

Compilation events (10 events):
Event: 34.635 Thread 0x000000001a3d3000 4908       3       org.gradle.api.internal.provider.AbstractProperty::getDisplayName (16 bytes)
Event: 34.635 Thread 0x000000001a3d3000 nmethod 4908 0x0000000003e76090 code [0x0000000003e761e0, 0x0000000003e76390]
Event: 34.642 Thread 0x000000001a3d3000 4909       3       java.lang.invoke.InnerClassLambdaMetafactory::generateFactory (136 bytes)
Event: 34.650 Thread 0x000000001a3d3000 nmethod 4909 0x0000000003a87b50 code [0x0000000003a87f00, 0x0000000003a89c88]
Event: 34.676 Thread 0x000000001a3d3000 4910       1       org.gradle.internal.operations.DefaultBuildOperationExecutor::access$700 (4 bytes)
Event: 34.676 Thread 0x000000001a3d3000 nmethod 4910 0x0000000003a87890 code [0x0000000003a879e0, 0x0000000003a87ad0]
Event: 34.683 Thread 0x000000001a3d3000 4911       1       com.android.build.api.artifact.impl.TypedStorageProvider::access$getPropertyAllocator$p (5 bytes)
Event: 34.683 Thread 0x000000001a3d3000 nmethod 4911 0x0000000003a875d0 code [0x0000000003a87720, 0x0000000003a87810]
Event: 34.696 Thread 0x000000001a3d3000 4912       1       com.google.common.collect.SingletonImmutableList::size (2 bytes)
Event: 34.696 Thread 0x000000001a3d3000 nmethod 4912 0x0000000003a87310 code [0x0000000003a87460, 0x0000000003a87570]

GC Heap History (10 events):
Event: 20.221 GC heap before
{Heap before GC invocations=9 (full 1):
 PSYoungGen      total 75264K, used 64512K [0x00000000d5580000, 0x00000000de880000, 0x0000000100000000)
  eden space 64512K, 100% used [0x00000000d5580000,0x00000000d9480000,0x00000000d9480000)
  from space 10752K, 0% used [0x00000000d9480000,0x00000000d9480000,0x00000000d9f00000)
  to   space 10752K, 0% used [0x00000000dde00000,0x00000000dde00000,0x00000000de880000)
 ParOldGen       total 47104K, used 7028K [0x0000000080000000, 0x0000000082e00000, 0x00000000d5580000)
  object space 47104K, 14% used [0x0000000080000000,0x00000000806dd338,0x0000000082e00000)
 Metaspace       used 28302K, capacity 29164K, committed 29568K, reserved 1075200K
  class space    used 3901K, capacity 4140K, committed 4224K, reserved 1048576K
Event: 20.245 GC heap after
Heap after GC invocations=9 (full 1):
 PSYoungGen      total 130048K, used 8044K [0x00000000d5580000, 0x00000000de600000, 0x0000000100000000)
  eden space 121856K, 0% used [0x00000000d5580000,0x00000000d5580000,0x00000000dcc80000)
  from space 8192K, 98% used [0x00000000dde00000,0x00000000de5db2e8,0x00000000de600000)
  to   space 11264K, 0% used [0x00000000dd000000,0x00000000dd000000,0x00000000ddb00000)
 ParOldGen       total 47104K, used 7036K [0x0000000080000000, 0x0000000082e00000, 0x00000000d5580000)
  object space 47104K, 14% used [0x0000000080000000,0x00000000806df338,0x0000000082e00000)
 Metaspace       used 28302K, capacity 29164K, committed 29568K, reserved 1075200K
  class space    used 3901K, capacity 4140K, committed 4224K, reserved 1048576K
}
Event: 23.782 GC heap before
{Heap before GC invocations=10 (full 1):
 PSYoungGen      total 130048K, used 104923K [0x00000000d5580000, 0x00000000de600000, 0x0000000100000000)
  eden space 121856K, 79% used [0x00000000d5580000,0x00000000db41bd08,0x00000000dcc80000)
  from space 8192K, 98% used [0x00000000dde00000,0x00000000de5db2e8,0x00000000de600000)
  to   space 11264K, 0% used [0x00000000dd000000,0x00000000dd000000,0x00000000ddb00000)
 ParOldGen       total 47104K, used 7036K [0x0000000080000000, 0x0000000082e00000, 0x00000000d5580000)
  object space 47104K, 14% used [0x0000000080000000,0x00000000806df338,0x0000000082e00000)
 Metaspace       used 34237K, capacity 35392K, committed 35416K, reserved 1079296K
  class space    used 4715K, capacity 4973K, committed 4992K, reserved 1048576K
Event: 23.815 GC heap after
Heap after GC invocations=10 (full 1):
 PSYoungGen      total 136704K, used 11257K [0x00000000d5580000, 0x00000000e2380000, 0x0000000100000000)
  eden space 125440K, 0% used [0x00000000d5580000,0x00000000d5580000,0x00000000dd000000)
  from space 11264K, 99% used [0x00000000dd000000,0x00000000ddafe410,0x00000000ddb00000)
  to   space 12800K, 0% used [0x00000000e1700000,0x00000000e1700000,0x00000000e2380000)
 ParOldGen       total 47104K, used 7085K [0x0000000080000000, 0x0000000082e00000, 0x00000000d5580000)
  object space 47104K, 15% used [0x0000000080000000,0x00000000806eb4f8,0x0000000082e00000)
 Metaspace       used 34237K, capacity 35392K, committed 35416K, reserved 1079296K
  class space    used 4715K, capacity 4973K, committed 4992K, reserved 1048576K
}
Event: 23.815 GC heap before
{Heap before GC invocations=11 (full 2):
 PSYoungGen      total 136704K, used 11257K [0x00000000d5580000, 0x00000000e2380000, 0x0000000100000000)
  eden space 125440K, 0% used [0x00000000d5580000,0x00000000d5580000,0x00000000dd000000)
  from space 11264K, 99% used [0x00000000dd000000,0x00000000ddafe410,0x00000000ddb00000)
  to   space 12800K, 0% used [0x00000000e1700000,0x00000000e1700000,0x00000000e2380000)
 ParOldGen       total 47104K, used 7085K [0x0000000080000000, 0x0000000082e00000, 0x00000000d5580000)
  object space 47104K, 15% used [0x0000000080000000,0x00000000806eb4f8,0x0000000082e00000)
 Metaspace       used 34237K, capacity 35392K, committed 35416K, reserved 1079296K
  class space    used 4715K, capacity 4973K, committed 4992K, reserved 1048576K
Event: 24.108 GC heap after
Heap after GC invocations=11 (full 2):
 PSYoungGen      total 136704K, used 0K [0x00000000d5580000, 0x00000000e2380000, 0x0000000100000000)
  eden space 125440K, 0% used [0x00000000d5580000,0x00000000d5580000,0x00000000dd000000)
  from space 11264K, 0% used [0x00000000dd000000,0x00000000dd000000,0x00000000ddb00000)
  to   space 12800K, 0% used [0x00000000e1700000,0x00000000e1700000,0x00000000e2380000)
 ParOldGen       total 73728K, used 17688K [0x0000000080000000, 0x0000000084800000, 0x00000000d5580000)
  object space 73728K, 23% used [0x0000000080000000,0x00000000811463d0,0x0000000084800000)
 Metaspace       used 34237K, capacity 35392K, committed 35416K, reserved 1079296K
  class space    used 4715K, capacity 4973K, committed 4992K, reserved 1048576K
}
Event: 27.508 GC heap before
{Heap before GC invocations=12 (full 2):
 PSYoungGen      total 136704K, used 125440K [0x00000000d5580000, 0x00000000e2380000, 0x0000000100000000)
  eden space 125440K, 100% used [0x00000000d5580000,0x00000000dd000000,0x00000000dd000000)
  from space 11264K, 0% used [0x00000000dd000000,0x00000000dd000000,0x00000000ddb00000)
  to   space 12800K, 0% used [0x00000000e1700000,0x00000000e1700000,0x00000000e2380000)
 ParOldGen       total 73728K, used 17688K [0x0000000080000000, 0x0000000084800000, 0x00000000d5580000)
  object space 73728K, 23% used [0x0000000080000000,0x00000000811463d0,0x0000000084800000)
 Metaspace       used 38650K, capacity 40370K, committed 40536K, reserved 1083392K
  class space    used 5335K, capacity 5687K, committed 5760K, reserved 1048576K
Event: 27.537 GC heap after
Heap after GC invocations=12 (full 2):
 PSYoungGen      total 173056K, used 9434K [0x00000000d5580000, 0x00000000e2080000, 0x0000000100000000)
  eden space 163328K, 0% used [0x00000000d5580000,0x00000000d5580000,0x00000000df500000)
  from space 9728K, 96% used [0x00000000e1700000,0x00000000e2036ab0,0x00000000e2080000)
  to   space 13312K, 0% used [0x00000000e0680000,0x00000000e0680000,0x00000000e1380000)
 ParOldGen       total 73728K, used 17696K [0x0000000080000000, 0x0000000084800000, 0x00000000d5580000)
  object space 73728K, 24% used [0x0000000080000000,0x00000000811483d0,0x0000000084800000)
 Metaspace       used 38650K, capacity 40370K, committed 40536K, reserved 1083392K
  class space    used 5335K, capacity 5687K, committed 5760K, reserved 1048576K
}
Event: 33.108 GC heap before
{Heap before GC invocations=13 (full 2):
 PSYoungGen      total 173056K, used 172762K [0x00000000d5580000, 0x00000000e2080000, 0x0000000100000000)
  eden space 163328K, 100% used [0x00000000d5580000,0x00000000df500000,0x00000000df500000)
  from space 9728K, 96% used [0x00000000e1700000,0x00000000e2036ab0,0x00000000e2080000)
  to   space 13312K, 0% used [0x00000000e0680000,0x00000000e0680000,0x00000000e1380000)
 ParOldGen       total 73728K, used 17696K [0x0000000080000000, 0x0000000084800000, 0x00000000d5580000)
  object space 73728K, 24% used [0x0000000080000000,0x00000000811483d0,0x0000000084800000)
 Metaspace       used 51240K, capacity 53438K, committed 53720K, reserved 1095680K
  class space    used 6877K, capacity 7348K, committed 7424K, reserved 1048576K
Event: 33.181 GC heap after
Heap after GC invocations=13 (full 2):
 PSYoungGen      total 194560K, used 13292K [0x00000000d5580000, 0x00000000e4600000, 0x0000000100000000)
  eden space 181248K, 0% used [0x00000000d5580000,0x00000000d5580000,0x00000000e0680000)
  from space 13312K, 99% used [0x00000000e0680000,0x00000000e137b310,0x00000000e1380000)
  to   space 18432K, 0% used [0x00000000e3400000,0x00000000e3400000,0x00000000e4600000)
 ParOldGen       total 73728K, used 27711K [0x0000000080000000, 0x0000000084800000, 0x00000000d5580000)
  object space 73728K, 37% used [0x0000000080000000,0x0000000081b0fed0,0x0000000084800000)
 Metaspace       used 51240K, capacity 53438K, committed 53720K, reserved 1095680K
  class space    used 6877K, capacity 7348K, committed 7424K, reserved 1048576K
}

Deoptimization events (10 events):
Event: 32.193 Thread 0x000000001b58f800 Uncommon trap: reason=unstable_if action=reinterpret pc=0x0000000003f9b8c0 method=groovy.lang.MetaClassImpl$1MOPIter.methodNameAction(Ljava/lang/Class;Lorg/codehaus/groovy/runtime/metaclass/MetaMethodIndex$Entry;)V @ 182
Event: 32.234 Thread 0x000000001b58f800 Uncommon trap: reason=unstable_if action=reinterpret pc=0x000000000424445c method=java.lang.ClassLoader.checkCerts(Ljava/lang/String;Ljava/security/CodeSource;)V @ 29
Event: 32.479 Thread 0x000000001b58f800 Uncommon trap: reason=bimorphic action=maybe_recompile pc=0x000000000410f3c8 method=java.util.Arrays.binarySearch0([Ljava/lang/Object;IILjava/lang/Object;Ljava/util/Comparator;)I @ 48
Event: 32.479 Thread 0x000000001b58f800 Uncommon trap: reason=bimorphic action=maybe_recompile pc=0x000000000410f3c8 method=java.util.Arrays.binarySearch0([Ljava/lang/Object;IILjava/lang/Object;Ljava/util/Comparator;)I @ 48
Event: 32.479 Thread 0x000000001b58f800 Uncommon trap: reason=bimorphic action=maybe_recompile pc=0x000000000410f3c8 method=java.util.Arrays.binarySearch0([Ljava/lang/Object;IILjava/lang/Object;Ljava/util/Comparator;)I @ 48
Event: 32.480 Thread 0x000000001b58f800 Uncommon trap: reason=bimorphic action=maybe_recompile pc=0x000000000410f3c8 method=java.util.Arrays.binarySearch0([Ljava/lang/Object;IILjava/lang/Object;Ljava/util/Comparator;)I @ 48
Event: 32.578 Thread 0x000000001b58f800 Uncommon trap: reason=unstable_if action=reinterpret pc=0x000000000423b4f4 method=java.util.WeakHashMap.put(Ljava/lang/Object;Ljava/lang/Object;)Ljava/lang/Object; @ 59
Event: 32.749 Thread 0x000000001b58f800 Uncommon trap: reason=unstable_if action=reinterpret pc=0x0000000004347e00 method=org.codehaus.groovy.runtime.metaclass.MetaMethodIndex.addMethodToList(Ljava/lang/Object;Lgroovy/lang/MetaMethod;)Ljava/lang/Object; @ 256
Event: 32.968 Thread 0x000000001b58f800 Uncommon trap: reason=null_check action=make_not_entrant pc=0x0000000004376f2c method=java.lang.Class.searchMethods([Ljava/lang/reflect/Method;Ljava/lang/String;[Ljava/lang/Class;)Ljava/lang/reflect/Method; @ 59
Event: 32.969 Thread 0x000000001b58f800 Uncommon trap: reason=null_check action=make_not_entrant pc=0x0000000003c8a450 method=java.lang.Class.searchMethods([Ljava/lang/reflect/Method;Ljava/lang/String;[Ljava/lang/Class;)Ljava/lang/reflect/Method; @ 59

Classes redefined (0 events):
No events

Internal exceptions (10 events):
Event: 33.302 Thread 0x000000001b58f800 Exception <a 'java/lang/ClassNotFoundException': build_6yxzuva6xd0r62evv6z1q7kr0$_run_closure1$_closure4BeanInfo> (0x00000000d5a67770) thrown at [C:\src\AOSP-openjdk-git\hotspot\src\share\vm\classfile\systemDictionary.cpp, line 210]
Event: 33.303 Thread 0x000000001b58f800 Exception <a 'java/lang/ClassNotFoundException': build_6yxzuva6xd0r62evv6z1q7kr0$_run_closure1$_closure4Customizer> (0x00000000d5a79c30) thrown at [C:\src\AOSP-openjdk-git\hotspot\src\share\vm\classfile\systemDictionary.cpp, line 210]
Event: 33.309 Thread 0x000000001b58f800 Exception <a 'java/lang/ClassNotFoundException': build_6yxzuva6xd0r62evv6z1q7kr0$_run_closure1BeanInfo> (0x00000000d5aabc10) thrown at [C:\src\AOSP-openjdk-git\hotspot\src\share\vm\classfile\systemDictionary.cpp, line 210]
Event: 33.310 Thread 0x000000001b58f800 Exception <a 'java/lang/ClassNotFoundException': build_6yxzuva6xd0r62evv6z1q7kr0$_run_closure1Customizer> (0x00000000d5abd510) thrown at [C:\src\AOSP-openjdk-git\hotspot\src\share\vm\classfile\systemDictionary.cpp, line 210]
Event: 33.326 Thread 0x000000001b58f800 Exception <a 'java/lang/ClassNotFoundException': org/gradle/api/JavaVersionBeanInfo> (0x00000000d5b21fd8) thrown at [C:\src\AOSP-openjdk-git\hotspot\src\share\vm\classfile\systemDictionary.cpp, line 210]
Event: 33.328 Thread 0x000000001b58f800 Exception <a 'java/lang/ClassNotFoundException': org/gradle/api/JavaVersionCustomizer> (0x00000000d5b50090) thrown at [C:\src\AOSP-openjdk-git\hotspot\src\share\vm\classfile\systemDictionary.cpp, line 210]
Event: 33.336 Thread 0x000000001b58f800 Exception <a 'java/lang/ClassNotFoundException': com/android/build/gradle/internal/CompileOptions_DecoratedBeanInfo> (0x00000000d5bb6930) thrown at [C:\src\AOSP-openjdk-git\hotspot\src\share\vm\classfile\systemDictionary.cpp, line 210]
Event: 33.338 Thread 0x000000001b58f800 Exception <a 'java/lang/ClassNotFoundException': com/android/build/gradle/internal/CompileOptionsBeanInfo> (0x00000000d5bd33a0) thrown at [C:\src\AOSP-openjdk-git\hotspot\src\share\vm\classfile\systemDictionary.cpp, line 210]
Event: 33.339 Thread 0x000000001b58f800 Exception <a 'java/lang/ClassNotFoundException': com/android/build/gradle/internal/CompileOptionsCustomizer> (0x00000000d5beff78) thrown at [C:\src\AOSP-openjdk-git\hotspot\src\share\vm\classfile\systemDictionary.cpp, line 210]
Event: 33.341 Thread 0x000000001b58f800 Exception <a 'java/lang/ClassNotFoundException': com/android/build/gradle/internal/CompileOptions_DecoratedCustomizer> (0x00000000d5c227b8) thrown at [C:\src\AOSP-openjdk-git\hotspot\src\share\vm\classfile\systemDictionary.cpp, line 210]

Events (10 events):
Event: 34.703 loading class org/gradle/api/internal/file/SubtractingFileCollection
Event: 34.703 loading class org/gradle/api/internal/file/SubtractingFileCollection done
Event: 34.705 loading class com/android/build/gradle/internal/tasks/DexArchiveBuilderTask$CreationAction$7
Event: 34.705 loading class com/android/build/gradle/internal/tasks/DexArchiveBuilderTask$CreationAction$7 done
Event: 34.707 loading class com/android/build/gradle/internal/tasks/DexArchiveBuilderTask
Event: 34.707 loading class com/android/build/gradle/internal/tasks/DexArchiveBuilderTask done
Event: 34.710 loading class com/android/build/gradle/internal/tasks/DexArchiveBuilderTask$CreationAction$handleProvider$1
Event: 34.710 loading class com/android/build/gradle/internal/tasks/DexArchiveBuilderTask$CreationAction$handleProvider$1 done
Event: 34.712 loading class com/android/build/gradle/internal/scope/InternalArtifactType$PROJECT_DEX_ARCHIVE
Event: 34.712 loading class com/android/build/gradle/internal/scope/InternalArtifactType$PROJECT_DEX_ARCHIVE done


Dynamic libraries:
0x00007ff682b50000 - 0x00007ff682b81000 	C:\Program Files\Android\Android Studio\jre\bin\java.exe
0x00007ff9377b0000 - 0x00007ff9379a5000 	C:\WINDOWS\SYSTEM32\ntdll.dll
0x00007ff936c40000 - 0x00007ff936cfd000 	C:\WINDOWS\System32\KERNEL32.DLL
0x00007ff934fe0000 - 0x00007ff9352a9000 	C:\WINDOWS\System32\KERNELBASE.dll
0x00007ff935810000 - 0x00007ff9358bc000 	C:\WINDOWS\System32\ADVAPI32.dll
0x00007ff936ba0000 - 0x00007ff936c3e000 	C:\WINDOWS\System32\msvcrt.dll
0x00007ff937310000 - 0x00007ff9373ac000 	C:\WINDOWS\System32\sechost.dll
0x00007ff937640000 - 0x00007ff93776b000 	C:\WINDOWS\System32\RPCRT4.dll
0x00007ff935f40000 - 0x00007ff9360e0000 	C:\WINDOWS\System32\USER32.dll
0x00007ff935510000 - 0x00007ff935532000 	C:\WINDOWS\System32\win32u.dll
0x00007ff9373b0000 - 0x00007ff9373da000 	C:\WINDOWS\System32\GDI32.dll
0x00007ff935700000 - 0x00007ff93580b000 	C:\WINDOWS\System32\gdi32full.dll
0x00007ff934f40000 - 0x00007ff934fdd000 	C:\WINDOWS\System32\msvcp_win.dll
0x00007ff935410000 - 0x00007ff935510000 	C:\WINDOWS\System32\ucrtbase.dll
0x00007ff9167e0000 - 0x00007ff916a7a000 	C:\WINDOWS\WinSxS\amd64_microsoft.windows.common-controls_6595b64144ccf1df_6.0.19041.844_none_ca00b6081b84eb1d\COMCTL32.dll
0x00007ff936330000 - 0x00007ff936360000 	C:\WINDOWS\System32\IMM32.DLL
0x0000000073250000 - 0x0000000073322000 	C:\Program Files\Android\Android Studio\jre\jre\bin\msvcr100.dll
0x0000000073330000 - 0x0000000073b7b000 	C:\Program Files\Android\Android Studio\jre\jre\bin\server\jvm.dll
0x00007ff936d70000 - 0x00007ff936d78000 	C:\WINDOWS\System32\PSAPI.DLL
0x00007ff91bf80000 - 0x00007ff91bf89000 	C:\WINDOWS\SYSTEM32\WSOCK32.dll
0x00007ff926910000 - 0x00007ff926937000 	C:\WINDOWS\SYSTEM32\WINMM.dll
0x00007ff936d00000 - 0x00007ff936d6b000 	C:\WINDOWS\System32\WS2_32.dll
0x00007ff92d330000 - 0x00007ff92d33a000 	C:\WINDOWS\SYSTEM32\VERSION.dll
0x00007ff92f990000 - 0x00007ff92f99f000 	C:\Program Files\Android\Android Studio\jre\jre\bin\verify.dll
0x00007ff92f7e0000 - 0x00007ff92f809000 	C:\Program Files\Android\Android Studio\jre\jre\bin\java.dll
0x00007ff92f850000 - 0x00007ff92f866000 	C:\Program Files\Android\Android Studio\jre\jre\bin\zip.dll
0x00007ff936360000 - 0x00007ff936aa2000 	C:\WINDOWS\System32\SHELL32.dll
0x00007ff932970000 - 0x00007ff933100000 	C:\WINDOWS\SYSTEM32\windows.storage.dll
0x00007ff935b30000 - 0x00007ff935e85000 	C:\WINDOWS\System32\combase.dll
0x00007ff934890000 - 0x00007ff9348bc000 	C:\WINDOWS\SYSTEM32\Wldp.dll
0x00007ff9373e0000 - 0x00007ff93748e000 	C:\WINDOWS\System32\SHCORE.dll
0x00007ff936d80000 - 0x00007ff936dd5000 	C:\WINDOWS\System32\shlwapi.dll
0x00007ff934e30000 - 0x00007ff934e4f000 	C:\WINDOWS\SYSTEM32\profapi.dll
0x00007ff92ed80000 - 0x00007ff92ed9a000 	C:\Program Files\Android\Android Studio\jre\jre\bin\net.dll
0x00007ff934610000 - 0x00007ff93467a000 	C:\WINDOWS\system32\mswsock.dll
0x00007ff92d7e0000 - 0x00007ff92d7f3000 	C:\Program Files\Android\Android Studio\jre\jre\bin\nio.dll
0x00007ff911bc0000 - 0x00007ff911be7000 	C:\Users\KimHanbi\.gradle\native\f6784746aeab05261644944871eae4fe03e0ef1612fff0a4a95f87b438bc6780\windows-amd64\native-platform.dll
0x00007ff92f980000 - 0x00007ff92f98d000 	C:\Program Files\Android\Android Studio\jre\jre\bin\management.dll
0x00007ff9347e0000 - 0x00007ff9347f8000 	C:\WINDOWS\SYSTEM32\CRYPTSP.dll
0x00007ff933fb0000 - 0x00007ff933fe4000 	C:\WINDOWS\system32\rsaenh.dll
0x00007ff935540000 - 0x00007ff935567000 	C:\WINDOWS\System32\bcrypt.dll
0x00007ff934db0000 - 0x00007ff934dde000 	C:\WINDOWS\SYSTEM32\USERENV.dll
0x00007ff935680000 - 0x00007ff935700000 	C:\WINDOWS\System32\bcryptprimitives.dll
0x00007ff934800000 - 0x00007ff93480c000 	C:\WINDOWS\SYSTEM32\CRYPTBASE.dll
0x00007ff934300000 - 0x00007ff93433b000 	C:\WINDOWS\SYSTEM32\IPHLPAPI.DLL
0x00007ff936320000 - 0x00007ff936328000 	C:\WINDOWS\System32\NSI.dll
0x00007ff92e7a0000 - 0x00007ff92e7b7000 	C:\WINDOWS\SYSTEM32\dhcpcsvc6.DLL
0x00007ff92e770000 - 0x00007ff92e78d000 	C:\WINDOWS\SYSTEM32\dhcpcsvc.DLL
0x00007ff934340000 - 0x00007ff93440b000 	C:\WINDOWS\SYSTEM32\DNSAPI.dll
0x00007ff92fae0000 - 0x00007ff92faeb000 	C:\WINDOWS\SYSTEM32\WINNSI.DLL

VM Arguments:
jvm_args: -Xmx2048m -Dfile.encoding=UTF-8 -Duser.country=KR -Duser.language=ko -Duser.variant 
java_command: org.gradle.launcher.daemon.bootstrap.GradleDaemon 6.5
java_class_path (initial): C:\Users\KimHanbi\.gradle\wrapper\dists\gradle-6.5-all\2oz4ud9k3tuxjg84bbf55q0tn\gradle-6.5\lib\gradle-launcher-6.5.jar
Launcher Type: SUN_STANDARD

Environment Variables:
JAVA_HOME=C:\Program Files\Java\jdk1.8.0_251
CLASSPATH=%classpath%;;;
PATH=C:\Program Files\Java\jdk1.8.0_251\bin;C:\Program Files (x86)\Common Files\Oracle\Java\javapath;C:\Program Files (x86)\Intel\iCLS Client\;C:\Program Files\Intel\iCLS Client\;C:\WINDOWS\system32;C:\WINDOWS;C:\WINDOWS\System32\Wbem;C:\WINDOWS\System32\WindowsPowerShell\v1.0\;C:\Program Files (x86)\Intel\Intel(R) Management Engine Components\DAL;C:\Program Files\Intel\Intel(R) Management Engine Components\DAL;C:\Program Files (x86)\Intel\Intel(R) Management Engine Components\IPT;C:\Program Files\Intel\Intel(R) Management Engine Components\IPT;C:\Program Files\Intel\WiFi\bin\;C:\Program Files\Common Files\Intel\WirelessCommon\;C:\WINDOWS\System32\OpenSSH\;C:\MinGW\bin;C:\Program Files\Java\jdk1.8.0_251\bin;C:\Program Files\Git\cmd;C:\Program Files\MySQL\MySQL Server 8.0\bin;C:\ProgramData\chocolatey\bin;C:\Program Files\nodejs\;C:\Program Files\MySQL\MySQL Shell 8.0\bin\;C:\Python\Python36\Scripts\;C:\Python\Python36\;C:\Users\KimHanbi\AppData\Local\Microsoft\WindowsApps;C:\Users\KimHanbi\AppData\Local\Programs\Microsoft VS Code\bin;C:\Users\KimHanbi\AppData\Roaming\npm;C:\Program Files\Android\Android Studio\jre\bin;C:\Users\KimHanbi\AppData\Local\gitkraken\bin
USERNAME=KimHanbi
OS=Windows_NT
PROCESSOR_IDENTIFIER=Intel64 Family 6 Model 142 Stepping 10, GenuineIntel



---------------  S Y S T E M  ---------------

OS: Windows 10.0 , 64 bit Build 19041 (10.0.19041.804)

CPU:total 8 (initial active 8) (4 cores per cpu, 2 threads per core) family 6 model 142 stepping 10, cmov, cx8, fxsr, mmx, sse, sse2, sse3, ssse3, sse4.1, sse4.2, popcnt, avx, avx2, aes, clmul, erms, 3dnowpref, lzcnt, ht, tsc, tscinvbit, bmi1, bmi2, adx

Memory: 4k page, physical 8217940k(669360k free), swap 8217940k(5252k free)

vm_info: OpenJDK 64-Bit Server VM (25.242-b01) for windows-amd64 JRE (1.8.0_242-release-1644-b01), built by "builder" with MS VC++ 10.0 (VS2010)

time: Wed Apr 07 11:45:50 2021
timezone: 대한민국 표준시
elapsed time: 34 seconds (0d 0h 0m 34s)

