#
# There is insufficient memory for the Java Runtime Environment to continue.
# Native memory allocation (malloc) failed to allocate 948496 bytes for Chunk::new
# Possible reasons:
#   The system is out of physical RAM or swap space
#   The process is running with CompressedOops enabled, and the Java Heap may be blocking the growth of the native heap
# Possible solutions:
#   Reduce memory load on the system
#   Increase physical memory or swap space
#   Check if swap backing store is full
#   Decrease Java heap size (-Xmx/-Xms)
#   Decrease number of Java threads
#   Decrease Java thread stack sizes (-Xss)
#   Set larger code cache with -XX:ReservedCodeCacheSize=
#   JVM is running with Zero Based Compressed Oops mode in which the Java heap is
#     placed in the first 32GB address space. The Java Heap base address is the
#     maximum limit for the native heap growth. Please use -XX:HeapBaseMinAddress
#     to set the Java Heap base and to place the Java Heap above 32GB virtual address.
# This output file may be truncated or incomplete.
#
#  Out of Memory Error (allocation.cpp:389), pid=10220, tid=0x0000000000000678
#
# JRE version: OpenJDK Runtime Environment (8.0_242-b01) (build 1.8.0_242-release-1644-b01)
# Java VM: OpenJDK 64-Bit Server VM (25.242-b01 mixed mode windows-amd64 compressed oops)
# Failed to write core dump. Minidumps are not enabled by default on client versions of Windows
#

---------------  T H R E A D  ---------------

Current thread (0x000000001e2db800):  JavaThread "C2 CompilerThread2" daemon [_thread_in_native, id=1656, stack(0x000000001ecd0000,0x000000001edd0000)]

Stack: [0x000000001ecd0000,0x000000001edd0000]
[error occurred during error reporting (printing stack bounds), id 0xc0000005]

Native frames: (J=compiled Java code, j=interpreted, Vv=VM code, C=native code)


Current CompileTask:
C2:3109123 28414 %     4       com.android.tools.r8.ir.regalloc.a::b @ 623 (1365 bytes)


---------------  P R O C E S S  ---------------

Java Threads: ( => current thread )
  0x0000000030fe3800 JavaThread "ForkJoinPool.commonPool-worker-5" daemon [_thread_blocked, id=9864, stack(0x0000000037fc0000,0x00000000380c0000)]
  0x0000000030fe3000 JavaThread "WorkerExecutor Queue Thread 9" [_thread_blocked, id=4728, stack(0x0000000038800000,0x0000000038900000)]
  0x0000000030fe5000 JavaThread "WorkerExecutor Queue Thread 8" [_thread_blocked, id=2676, stack(0x00000000384c0000,0x00000000385c0000)]
  0x0000000030fe9800 JavaThread "WorkerExecutor Queue Thread 7" [_thread_blocked, id=13148, stack(0x00000000383c0000,0x00000000384c0000)]
  0x0000000030fe1800 JavaThread "WorkerExecutor Queue Thread 5" [_thread_blocked, id=7544, stack(0x00000000381c0000,0x00000000382c0000)]
  0x0000000030fe8000 JavaThread "WorkerExecutor Queue Thread 4" [_thread_blocked, id=9308, stack(0x00000000380c0000,0x00000000381c0000)]
  0x0000000030fe7800 JavaThread "ForkJoinPool.commonPool-worker-3" daemon [_thread_blocked, id=2492, stack(0x0000000037ec0000,0x0000000037fc0000)]
  0x0000000030fe2000 JavaThread "ForkJoinPool.commonPool-worker-2" daemon [_thread_blocked, id=4952, stack(0x0000000037dc0000,0x0000000037ec0000)]
  0x0000000030fe6800 JavaThread "ForkJoinPool.commonPool-worker-1" daemon [_thread_blocked, id=8628, stack(0x0000000037cc0000,0x0000000037dc0000)]
  0x0000000024bb7800 JavaThread "ForkJoinPool.commonPool-worker-0" daemon [_thread_blocked, id=11692, stack(0x0000000037bc0000,0x0000000037cc0000)]
  0x0000000024bbc800 JavaThread "ForkJoinPool.commonPool-worker-7" daemon [_thread_blocked, id=6944, stack(0x00000000378c0000,0x00000000379c0000)]
  0x0000000024bbc000 JavaThread "ForkJoinPool.commonPool-worker-6" daemon [_thread_blocked, id=3176, stack(0x00000000376c0000,0x00000000377c0000)]
  0x0000000024bbd800 JavaThread "Cache worker for Java compile cache (C:\Users\KimHanbi\AndroidStudioProjects\UntactShop\.gradle\6.5\javaCompile)" [_thread_blocked, id=2256, stack(0x00000000375c0000,0x00000000376c0000)]
  0x0000000024bbb000 JavaThread "WorkerExecutor Queue Thread 3" [_thread_in_native, id=12672, stack(0x00000000374c0000,0x00000000375c0000)]
  0x0000000024bba800 JavaThread "WorkerExecutor Queue Thread 2" [_thread_blocked, id=1300, stack(0x0000000036fb0000,0x00000000370b0000)]
  0x0000000024bb9800 JavaThread "stdout" [_thread_in_native, id=6784, stack(0x00000000373c0000,0x00000000374c0000)]
  0x0000000024bb9000 JavaThread "stderr" [_thread_in_native, id=2204, stack(0x00000000372c0000,0x00000000373c0000)]
  0x0000000024bb8000 JavaThread "pool-9-thread-1" [_thread_blocked, id=13724, stack(0x00000000371c0000,0x00000000372c0000)]
  0x0000000024bb0000 JavaThread "WorkerExecutor Queue" [_thread_blocked, id=3608, stack(0x00000000370c0000,0x00000000371c0000)]
  0x0000000024baf000 JavaThread "Cache worker for execution history cache (C:\Users\KimHanbi\AndroidStudioProjects\UntactShop\.gradle\6.5\executionHistory)" [_thread_blocked, id=7604, stack(0x0000000036eb0000,0x0000000036fb0000)]
  0x0000000024bb2000 JavaThread "Execution worker for ':' Thread 7" [_thread_blocked, id=13540, stack(0x0000000036db0000,0x0000000036eb0000)]
  0x0000000024bb6000 JavaThread "Execution worker for ':' Thread 6" [_thread_blocked, id=5288, stack(0x0000000036cb0000,0x0000000036db0000)]
  0x0000000024bb5000 JavaThread "Execution worker for ':' Thread 5" [_thread_blocked, id=9432, stack(0x0000000036bb0000,0x0000000036cb0000)]
  0x0000000024bb4800 JavaThread "Execution worker for ':' Thread 4" [_thread_blocked, id=13076, stack(0x0000000036ab0000,0x0000000036bb0000)]
  0x0000000024bae800 JavaThread "Execution worker for ':' Thread 3" [_thread_blocked, id=4240, stack(0x00000000369b0000,0x0000000036ab0000)]
  0x0000000024bb3800 JavaThread "Execution worker for ':' Thread 2" [_thread_blocked, id=972, stack(0x00000000368b0000,0x00000000369b0000)]
  0x0000000024bb0800 JavaThread "Execution worker for ':'" [_thread_blocked, id=3128, stack(0x00000000367b0000,0x00000000368b0000)]
  0x0000000024bb1800 JavaThread "Cache worker for file content cache (C:\Users\KimHanbi\AndroidStudioProjects\UntactShop\.gradle\6.5\fileContent)" [_thread_blocked, id=13652, stack(0x00000000366b0000,0x00000000367b0000)]
  0x0000000024bb3000 JavaThread "Cache worker for Build Output Cleanup Cache (C:\Users\KimHanbi\AndroidStudioProjects\UntactShop\.gradle\buildOutputCleanup)" [_thread_blocked, id=14176, stack(0x00000000365b0000,0x00000000366b0000)]
  0x0000000021233000 JavaThread "jar transforms Thread 396" [_thread_blocked, id=5248, stack(0x00000000364b0000,0x00000000365b0000)]
  0x0000000021234800 JavaThread "jar transforms Thread 395" [_thread_blocked, id=10380, stack(0x00000000363b0000,0x00000000364b0000)]
  0x0000000021238000 JavaThread "jar transforms Thread 394" [_thread_blocked, id=2552, stack(0x00000000362b0000,0x00000000363b0000)]
  0x0000000021233800 JavaThread "jar transforms Thread 393" [_thread_blocked, id=11836, stack(0x00000000361b0000,0x00000000362b0000)]
  0x0000000021232000 JavaThread "jar transforms Thread 392" [_thread_blocked, id=8792, stack(0x00000000360b0000,0x00000000361b0000)]
  0x000000001f60f000 JavaThread "jar transforms Thread 391" [_thread_blocked, id=12988, stack(0x0000000035fb0000,0x00000000360b0000)]
  0x000000001f60d800 JavaThread "jar transforms Thread 390" [_thread_blocked, id=3052, stack(0x0000000035eb0000,0x0000000035fb0000)]
  0x000000001f60c800 JavaThread "jar transforms Thread 389" [_thread_blocked, id=1492, stack(0x0000000035db0000,0x0000000035eb0000)]
  0x000000001f611000 JavaThread "jar transforms Thread 388" [_thread_blocked, id=608, stack(0x0000000035cb0000,0x0000000035db0000)]
  0x000000001f60e000 JavaThread "jar transforms Thread 387" [_thread_blocked, id=13912, stack(0x0000000035bb0000,0x0000000035cb0000)]
  0x000000001f60f800 JavaThread "jar transforms Thread 386" [_thread_blocked, id=7612, stack(0x0000000035ab0000,0x0000000035bb0000)]
  0x000000001f60c000 JavaThread "jar transforms Thread 385" [_thread_blocked, id=1356, stack(0x00000000359b0000,0x0000000035ab0000)]
  0x000000001f610800 JavaThread "jar transforms Thread 384" [_thread_blocked, id=2760, stack(0x00000000358b0000,0x00000000359b0000)]
  0x0000000024ba9800 JavaThread "jar transforms Thread 383" [_thread_blocked, id=13732, stack(0x00000000357b0000,0x00000000358b0000)]
  0x0000000024ba2800 JavaThread "jar transforms Thread 382" [_thread_blocked, id=8880, stack(0x00000000356b0000,0x00000000357b0000)]
  0x0000000024ba6800 JavaThread "jar transforms Thread 381" [_thread_blocked, id=9372, stack(0x00000000355b0000,0x00000000356b0000)]
  0x0000000024ba4000 JavaThread "jar transforms Thread 380" [_thread_blocked, id=9172, stack(0x00000000354b0000,0x00000000355b0000)]
  0x0000000024ba5800 JavaThread "jar transforms Thread 379" [_thread_blocked, id=1692, stack(0x00000000353b0000,0x00000000354b0000)]
  0x0000000024ba2000 JavaThread "jar transforms Thread 378" [_thread_blocked, id=308, stack(0x00000000352b0000,0x00000000353b0000)]
  0x0000000024ba8000 JavaThread "jar transforms Thread 377" [_thread_blocked, id=2124, stack(0x00000000351b0000,0x00000000352b0000)]
  0x0000000024ba0800 JavaThread "jar transforms Thread 376" [_thread_blocked, id=13504, stack(0x00000000350b0000,0x00000000351b0000)]
  0x0000000024b9c800 JavaThread "jar transforms Thread 375" [_thread_blocked, id=1960, stack(0x0000000034fb0000,0x00000000350b0000)]
  0x0000000024b9c000 JavaThread "jar transforms Thread 374" [_thread_blocked, id=2500, stack(0x0000000034eb0000,0x0000000034fb0000)]
  0x0000000024b9a800 JavaThread "jar transforms Thread 373" [_thread_blocked, id=8480, stack(0x0000000034db0000,0x0000000034eb0000)]
  0x0000000024ba1000 JavaThread "jar transforms Thread 372" [_thread_blocked, id=9960, stack(0x0000000034ab0000,0x0000000034bb0000)]
  0x0000000024b9f800 JavaThread "jar transforms Thread 371" [_thread_blocked, id=5244, stack(0x0000000034730000,0x0000000034830000)]
  0x0000000024b9d800 JavaThread "jar transforms Thread 370" [_thread_blocked, id=11652, stack(0x0000000034630000,0x0000000034730000)]
  0x00000000231c6000 JavaThread "jar transforms Thread 369" [_thread_blocked, id=10960, stack(0x0000000034300000,0x0000000034400000)]
  0x00000000231c5000 JavaThread "jar transforms Thread 368" [_thread_blocked, id=5404, stack(0x0000000033de0000,0x0000000033ee0000)]
  0x00000000231c4800 JavaThread "jar transforms Thread 367" [_thread_blocked, id=3140, stack(0x0000000033ce0000,0x0000000033de0000)]
  0x00000000231c3000 JavaThread "jar transforms Thread 366" [_thread_blocked, id=13296, stack(0x0000000033be0000,0x0000000033ce0000)]
  0x00000000231be800 JavaThread "jar transforms Thread 365" [_thread_blocked, id=10364, stack(0x0000000033ae0000,0x0000000033be0000)]
  0x00000000231c1800 JavaThread "jar transforms Thread 364" [_thread_blocked, id=4932, stack(0x00000000339e0000,0x0000000033ae0000)]
  0x00000000231bd000 JavaThread "jar transforms Thread 363" [_thread_blocked, id=6452, stack(0x00000000334e0000,0x00000000335e0000)]
  0x00000000231c0800 JavaThread "jar transforms Thread 362" [_thread_blocked, id=3784, stack(0x00000000333e0000,0x00000000334e0000)]
  0x00000000231c2000 JavaThread "jar transforms Thread 361" [_thread_blocked, id=3188, stack(0x00000000332e0000,0x00000000333e0000)]
  0x00000000231bb800 JavaThread "jar transforms Thread 360" [_thread_blocked, id=10312, stack(0x00000000331e0000,0x00000000332e0000)]
  0x00000000231b7000 JavaThread "jar transforms Thread 359" [_thread_blocked, id=5976, stack(0x00000000330e0000,0x00000000331e0000)]
  0x00000000231ba800 JavaThread "jar transforms Thread 358" [_thread_blocked, id=10432, stack(0x0000000032fe0000,0x00000000330e0000)]
  0x00000000231ba000 JavaThread "jar transforms Thread 357" [_thread_blocked, id=1852, stack(0x0000000032ee0000,0x0000000032fe0000)]
  0x00000000231b9000 JavaThread "jar transforms Thread 356" [_thread_blocked, id=1196, stack(0x00000000329a0000,0x0000000032aa0000)]
  0x000000002ff83800 JavaThread "jar transforms Thread 355" [_thread_blocked, id=12188, stack(0x00000000328a0000,0x00000000329a0000)]
  0x000000002ff83000 JavaThread "jar transforms Thread 354" [_thread_blocked, id=6724, stack(0x00000000327a0000,0x00000000328a0000)]
  0x000000002ff82000 JavaThread "jar transforms Thread 353" [_thread_blocked, id=10248, stack(0x00000000326a0000,0x00000000327a0000)]
  0x000000002ff85000 JavaThread "jar transforms Thread 352" [_thread_blocked, id=13064, stack(0x00000000325a0000,0x00000000326a0000)]
  0x000000002ff81800 JavaThread "jar transforms Thread 351" [_thread_blocked, id=3040, stack(0x00000000324a0000,0x00000000325a0000)]
  0x000000002ff80800 JavaThread "jar transforms Thread 350" [_thread_blocked, id=6720, stack(0x00000000323a0000,0x00000000324a0000)]
  0x000000002ff80000 JavaThread "jar transforms Thread 349" [_thread_blocked, id=12692, stack(0x00000000322a0000,0x00000000323a0000)]
  0x000000002ff7f000 JavaThread "jar transforms Thread 348" [_thread_blocked, id=11776, stack(0x00000000321a0000,0x00000000322a0000)]
  0x000000002ff77800 JavaThread "jar transforms Thread 347" [_thread_blocked, id=11872, stack(0x0000000030a60000,0x0000000030b60000)]
  0x000000002ff7e800 JavaThread "jar transforms Thread 346" [_thread_blocked, id=9852, stack(0x000000002e830000,0x000000002e930000)]
  0x000000002ff76800 JavaThread "jar transforms Thread 345" [_thread_blocked, id=13084, stack(0x000000002e330000,0x000000002e430000)]
  0x000000002ff7b800 JavaThread "jar transforms Thread 344" [_thread_blocked, id=5048, stack(0x000000002e230000,0x000000002e330000)]
  0x000000002ff7a800 JavaThread "jar transforms Thread 343" [_thread_blocked, id=14100, stack(0x000000002e130000,0x000000002e230000)]
  0x000000002ff7a000 JavaThread "jar transforms Thread 342" [_thread_blocked, id=2252, stack(0x000000002e030000,0x000000002e130000)]
  0x000000002ff79000 JavaThread "jar transforms Thread 341" [_thread_blocked, id=8964, stack(0x000000002df30000,0x000000002e030000)]
  0x000000002ff7d800 JavaThread "jar transforms Thread 340" [_thread_blocked, id=14184, stack(0x000000002de30000,0x000000002df30000)]
  0x000000002ff7c000 JavaThread "jar transforms Thread 339" [_thread_blocked, id=4204, stack(0x000000002dd30000,0x000000002de30000)]
  0x000000002ff76000 JavaThread "jar transforms Thread 338" [_thread_blocked, id=11160, stack(0x000000002dc30000,0x000000002dd30000)]
  0x000000002ff78800 JavaThread "jar transforms Thread 337" [_thread_blocked, id=13704, stack(0x000000002db30000,0x000000002dc30000)]
  0x000000002fb7b000 JavaThread "jar transforms Thread 336" [_thread_blocked, id=8456, stack(0x000000002d910000,0x000000002da10000)]
  0x000000002fb7c000 JavaThread "jar transforms Thread 335" [_thread_blocked, id=10260, stack(0x000000002d810000,0x000000002d910000)]
  0x000000002fb7c800 JavaThread "jar transforms Thread 334" [_thread_blocked, id=6640, stack(0x000000002d710000,0x000000002d810000)]
  0x000000002fb76000 JavaThread "jar transforms Thread 333" [_thread_blocked, id=3460, stack(0x000000002d610000,0x000000002d710000)]
  0x000000002fb7a800 JavaThread "jar transforms Thread 332" [_thread_blocked, id=9900, stack(0x000000002d510000,0x000000002d610000)]
  0x000000002fb78000 JavaThread "jar transforms Thread 331" [_thread_blocked, id=13156, stack(0x000000002d410000,0x000000002d510000)]
  0x000000002fb79000 JavaThread "jar transforms Thread 330" [_thread_blocked, id=252, stack(0x000000002d310000,0x000000002d410000)]
  0x000000002fb77800 JavaThread "jar transforms Thread 329" [_thread_blocked, id=13036, stack(0x000000002d210000,0x000000002d310000)]
  0x000000002fb76800 JavaThread "jar transforms Thread 328" [_thread_blocked, id=11684, stack(0x000000002cec0000,0x000000002cfc0000)]
  0x000000002fb79800 JavaThread "jar transforms Thread 327" [_thread_blocked, id=8600, stack(0x000000002cdc0000,0x000000002cec0000)]
  0x000000002fb6e800 JavaThread "jar transforms Thread 326" [_thread_blocked, id=9084, stack(0x000000002ccc0000,0x000000002cdc0000)]
  0x000000002fb75000 JavaThread "jar transforms Thread 325" [_thread_blocked, id=6024, stack(0x000000002cbc0000,0x000000002ccc0000)]
  0x000000002fb6d800 JavaThread "jar transforms Thread 324" [_thread_blocked, id=11760, stack(0x000000002cac0000,0x000000002cbc0000)]
  0x000000002fb73800 JavaThread "jar transforms Thread 323" [_thread_blocked, id=11656, stack(0x000000002c9c0000,0x000000002cac0000)]
  0x000000002fb73000 JavaThread "jar transforms Thread 322" [_thread_blocked, id=11624, stack(0x000000002c8c0000,0x000000002c9c0000)]
  0x000000002fb72000 JavaThread "jar transforms Thread 321" [_thread_blocked, id=10536, stack(0x000000002c7c0000,0x000000002c8c0000)]
  0x000000002fb71800 JavaThread "jar transforms Thread 320" [_thread_blocked, id=7348, stack(0x000000002c6c0000,0x000000002c7c0000)]
  0x000000002fb70800 JavaThread "jar transforms Thread 319" [_thread_blocked, id=9648, stack(0x000000002c5c0000,0x000000002c6c0000)]
  0x000000002fb74800 JavaThread "jar transforms Thread 318" [_thread_blocked, id=9116, stack(0x000000002c4c0000,0x000000002c5c0000)]
  0x0000000021661800 JavaThread "jar transforms Thread 317" [_thread_blocked, id=7532, stack(0x000000002c3c0000,0x000000002c4c0000)]
  0x0000000021666000 JavaThread "jar transforms Thread 316" [_thread_blocked, id=10112, stack(0x000000002c2c0000,0x000000002c3c0000)]
  0x000000002165e800 JavaThread "jar transforms Thread 315" [_thread_blocked, id=13520, stack(0x000000002c1c0000,0x000000002c2c0000)]
  0x0000000021662800 JavaThread "jar transforms Thread 314" [_thread_blocked, id=13864, stack(0x000000002c0c0000,0x000000002c1c0000)]
  0x0000000021664000 JavaThread "jar transforms Thread 313" [_thread_blocked, id=11524, stack(0x000000002bfc0000,0x000000002c0c0000)]
  0x0000000021661000 JavaThread "jar transforms Thread 312" [_thread_blocked, id=10980, stack(0x000000002bec0000,0x000000002bfc0000)]
  0x0000000021663000 JavaThread "jar transforms Thread 311" [_thread_blocked, id=6188, stack(0x000000002bdc0000,0x000000002bec0000)]
  0x0000000021665800 JavaThread "jar transforms Thread 310" [_thread_blocked, id=6200, stack(0x000000002bcc0000,0x000000002bdc0000)]
  0x000000002165f800 JavaThread "jar transforms Thread 309" [_thread_blocked, id=10320, stack(0x000000002bbc0000,0x000000002bcc0000)]
  0x0000000021664800 JavaThread "jar transforms Thread 308" [_thread_blocked, id=5228, stack(0x000000002bac0000,0x000000002bbc0000)]
  0x0000000021658800 JavaThread "jar transforms Thread 307" [_thread_blocked, id=2196, stack(0x000000002b9c0000,0x000000002bac0000)]
  0x0000000021657000 JavaThread "jar transforms Thread 306" [_thread_blocked, id=12608, stack(0x000000002b8c0000,0x000000002b9c0000)]
  0x000000002165d000 JavaThread "jar transforms Thread 305" [_thread_blocked, id=10772, stack(0x000000002b7c0000,0x000000002b8c0000)]
  0x000000002165a800 JavaThread "jar transforms Thread 304" [_thread_blocked, id=13224, stack(0x000000002b6c0000,0x000000002b7c0000)]
  0x000000002165e000 JavaThread "jar transforms Thread 303" [_thread_blocked, id=11788, stack(0x000000002a5a0000,0x000000002a6a0000)]
  0x0000000021659000 JavaThread "jar transforms Thread 302" [_thread_blocked, id=2480, stack(0x0000000028d80000,0x0000000028e80000)]
  0x000000002165c000 JavaThread "jar transforms Thread 301" [_thread_blocked, id=10384, stack(0x0000000028640000,0x0000000028740000)]
  0x000000002165b800 JavaThread "jar transforms Thread 300" [_thread_blocked, id=8488, stack(0x0000000028540000,0x0000000028640000)]
  0x0000000021657800 JavaThread "jar transforms Thread 299" [_thread_blocked, id=9052, stack(0x0000000028440000,0x0000000028540000)]
  0x00000000300f4800 JavaThread "jar transforms Thread 298" [_thread_blocked, id=14084, stack(0x0000000027f40000,0x0000000028040000)]
  0x00000000300f4000 JavaThread "Build operations Thread 8" [_thread_blocked, id=5744, stack(0x0000000027e40000,0x0000000027f40000)]
  0x00000000300f3000 JavaThread "Build operations Thread 7" [_thread_blocked, id=8396, stack(0x0000000027d40000,0x0000000027e40000)]
  0x00000000300f8800 JavaThread "Build operations Thread 6" [_thread_blocked, id=14004, stack(0x0000000027c40000,0x0000000027d40000)]
  0x00000000300f7800 JavaThread "Build operations Thread 5" [_thread_blocked, id=11012, stack(0x0000000027b40000,0x0000000027c40000)]
  0x00000000300f5800 JavaThread "Build operations Thread 4" [_thread_blocked, id=10328, stack(0x0000000027a40000,0x0000000027b40000)]
  0x00000000300f6000 JavaThread "Build operations Thread 3" [_thread_blocked, id=14172, stack(0x0000000027940000,0x0000000027a40000)]
  0x00000000300eb800 JavaThread "Build operations Thread 2" [_thread_blocked, id=8524, stack(0x0000000027840000,0x0000000027940000)]
  0x00000000300f2800 JavaThread "Build operations" [_thread_blocked, id=10936, stack(0x0000000027040000,0x0000000027140000)]
  0x00000000300eb000 JavaThread "Cache worker for cache directory md-rule (C:\Users\KimHanbi\.gradle\caches\6.5\md-rule)" [_thread_blocked, id=8536, stack(0x0000000026840000,0x0000000026940000)]
  0x00000000300ec800 JavaThread "Cache worker for cache directory md-supplier (C:\Users\KimHanbi\.gradle\caches\6.5\md-supplier)" [_thread_blocked, id=1296, stack(0x0000000026740000,0x0000000026840000)]
  0x00000000300f1800 JavaThread "Cache worker for checksums cache (C:\Users\KimHanbi\AndroidStudioProjects\UntactShop\.gradle\checksums)" [_thread_blocked, id=11500, stack(0x0000000022950000,0x0000000022a50000)]
  0x00000000300f1000 JavaThread "Cache worker for file hash cache (C:\Users\KimHanbi\AndroidStudioProjects\UntactShop\.gradle\6.5\fileHashes)" [_thread_blocked, id=6580, stack(0x0000000022750000,0x0000000022850000)]
  0x00000000300f0000 JavaThread "Thread-430" [_thread_blocked, id=3868, stack(0x0000000022650000,0x0000000022750000)]
  0x00000000300e9800 JavaThread "Stdin handler" [_thread_blocked, id=12652, stack(0x0000000022450000,0x0000000022550000)]
  0x00000000300ee800 JavaThread "Asynchronous log dispatcher for DefaultDaemonConnection: socket connection from /127.0.0.1:10778 to /127.0.0.1:10955" [_thread_blocked, id=4648, stack(0x0000000022350000,0x0000000022450000)]
  0x00000000300ee000 JavaThread "Daemon worker Thread 4" [_thread_blocked, id=4900, stack(0x0000000022250000,0x0000000022350000)]
  0x00000000300ea000 JavaThread "Cancel handler" [_thread_blocked, id=2036, stack(0x0000000021c70000,0x0000000021d70000)]
  0x00000000300ed000 JavaThread "Handler for socket connection from /127.0.0.1:10778 to /127.0.0.1:10955" [_thread_in_native, id=10208, stack(0x0000000021b70000,0x0000000021c70000)]
  0x00000000300ef800 JavaThread "Daemon Thread 4" [_thread_blocked, id=520, stack(0x0000000000930000,0x0000000000a30000)]
  0x0000000024ba7000 JavaThread "Cache worker for Java compile cache (C:\Users\KimHanbi\.gradle\caches\6.5\javaCompile)" [_thread_blocked, id=9028, stack(0x0000000022850000,0x0000000022950000)]
  0x00000000231bf000 JavaThread "Memory manager" [_thread_blocked, id=10724, stack(0x000000002f330000,0x000000002f430000)]
  0x0000000021235000 JavaThread "Cache worker for file content cache (C:\Users\KimHanbi\.gradle\caches\6.5\fileContent)" [_thread_blocked, id=6032, stack(0x0000000027140000,0x0000000027240000)]
  0x0000000021231800 JavaThread "Cache worker for execution history cache (C:\Users\KimHanbi\.gradle\caches\6.5\executionHistory)" [_thread_blocked, id=9192, stack(0x0000000026940000,0x0000000026a40000)]
  0x000000001f778800 JavaThread "Cache worker for file hash cache (C:\Users\KimHanbi\.gradle\caches\6.5\fileHashes)" [_thread_blocked, id=6476, stack(0x0000000022e50000,0x0000000022f50000)]
  0x000000001ff83000 JavaThread "File lock request listener" [_thread_in_native, id=12580, stack(0x0000000022d50000,0x0000000022e50000)]
  0x000000001f7ed000 JavaThread "Cache worker for journal cache (C:\Users\KimHanbi\.gradle\caches\journal-1)" [_thread_blocked, id=3260, stack(0x0000000022c50000,0x0000000022d50000)]
  0x000000001e506800 JavaThread "Daemon periodic checks" [_thread_blocked, id=1428, stack(0x0000000021f50000,0x0000000022050000)]
  0x000000001e2f1800 JavaThread "Incoming local TCP Connector on port 10778" [_thread_in_native, id=8832, stack(0x0000000021d70000,0x0000000021e70000)]
  0x0000000020b6e800 JavaThread "Daemon health stats" [_thread_blocked, id=12212, stack(0x0000000021a70000,0x0000000021b70000)]
  0x000000001e366000 JavaThread "Service Thread" daemon [_thread_blocked, id=2644, stack(0x000000001eed0000,0x000000001efd0000)]
  0x000000001e2df800 JavaThread "C1 CompilerThread3" daemon [_thread_blocked, id=6992, stack(0x000000001edd0000,0x000000001eed0000)]
=>0x000000001e2db800 JavaThread "C2 CompilerThread2" daemon [_thread_in_native, id=1656, stack(0x000000001ecd0000,0x000000001edd0000)]
  0x000000001e27a800 JavaThread "C2 CompilerThread1" daemon [_thread_in_native, id=5012, stack(0x000000001ebd0000,0x000000001ecd0000)]
  0x000000001e278000 JavaThread "C2 CompilerThread0" daemon [_thread_in_native, id=2112, stack(0x000000001ead0000,0x000000001ebd0000)]
  0x000000001e2d2800 JavaThread "Attach Listener" daemon [_thread_blocked, id=5136, stack(0x000000001e9d0000,0x000000001ead0000)]
  0x000000001c47e800 JavaThread "Signal Dispatcher" daemon [_thread_blocked, id=6708, stack(0x000000001e8d0000,0x000000001e9d0000)]
  0x000000001e261800 JavaThread "Finalizer" daemon [_thread_blocked, id=13500, stack(0x000000001e740000,0x000000001e840000)]
  0x0000000002948000 JavaThread "Reference Handler" daemon [_thread_blocked, id=7608, stack(0x000000001e640000,0x000000001e740000)]
  0x0000000002852800 JavaThread "main" [_thread_blocked, id=13004, stack(0x0000000002750000,0x0000000002850000)]

Other Threads:
  0x000000001c465800 VMThread [stack: 0x000000001e140000,0x000000001e240000] [id=12772]
  0x000000001e366800 WatcherThread [stack: 0x000000001efd0000,0x000000001f0d0000] [id=1260]

VM state:not at safepoint (normal execution)

VM Mutex/Monitor currently owned by a thread: None

heap address: 0x00000006c0000000, size: 4096 MB, Compressed Oops mode: Zero based, Oop shift amount: 3
Narrow klass base: 0x0000000000000000, Narrow klass shift: 3
Compressed class space size: 1073741824 Address: 0x00000007c0000000

Heap:
 PSYoungGen      total 563200K, used 200148K [0x000000076ab00000, 0x0000000797b00000, 0x00000007c0000000)
  eden space 416768K, 24% used [0x000000076ab00000,0x0000000770f2e250,0x0000000784200000)
  from space 146432K, 66% used [0x0000000784200000,0x000000078a146e50,0x000000078d100000)
  to   space 122368K, 0% used [0x000000078d100000,0x000000078d100000,0x0000000794880000)
 ParOldGen       total 415744K, used 292305K [0x00000006c0000000, 0x00000006d9600000, 0x000000076ab00000)
  object space 415744K, 70% used [0x00000006c0000000,0x00000006d1d746d0,0x00000006d9600000)
 Metaspace       used 110650K, capacity 116748K, committed 116952K, reserved 1150976K
  class space    used 13657K, capacity 14705K, committed 14848K, reserved 1048576K

Card table byte_map: [0x0000000011d10000,0x0000000012520000] byte_map_base: 0x000000000e710000

Marking Bits: (ParMarkBitMap*) 0x000000006711f030
 Begin Bits: [0x0000000013280000, 0x0000000017280000)
 End Bits:   [0x0000000017280000, 0x000000001b280000)

Polling page: 0x0000000002680000

CodeCache: size=245760Kb used=77653Kb max_used=78069Kb free=168106Kb
 bounds [0x0000000002950000, 0x0000000007600000, 0x0000000011950000]
 total_blobs=21955 nmethods=21024 adapters=840
 compilation: enabled

Compilation events (10 events):
Event: 3108.807 Thread 0x000000001e2df800 28503       2       java.io.BufferedWriter::newLine (9 bytes)
Event: 3108.808 Thread 0x000000001e2df800 nmethod 28503 0x0000000003a3b4d0 code [0x0000000003a3b640, 0x0000000003a3b7c8]
Event: 3108.866 Thread 0x000000001e2df800 28504       1       java.util.concurrent.atomic.AtomicLong::incrementAndGet (14 bytes)
Event: 3108.866 Thread 0x000000001e2df800 nmethod 28504 0x0000000004822990 code [0x0000000004822ae0, 0x0000000004822c10]
Event: 3109.022 Thread 0x000000001e2df800 28505       2       sun.security.provider.SecureRandom::updateState (81 bytes)
Event: 3109.023 Thread 0x000000001e2df800 nmethod 28505 0x0000000002ff7b90 code [0x0000000002ff7d00, 0x0000000002ff7f30]
Event: 3109.025 Thread 0x000000001e2df800 28506       2       java.math.MutableBigInteger::divideMagnitude (1307 bytes)
Event: 3109.034 Thread 0x000000001e2df800 nmethod 28506 0x00000000047b1b10 code [0x00000000047b1dc0, 0x00000000047b3298]
Event: 3109.036 Thread 0x000000001e2df800 28507       2       java.math.BigInteger::equals (91 bytes)
Event: 3109.038 Thread 0x000000001e2df800 nmethod 28507 0x00000000034ad050 code [0x00000000034ad1c0, 0x00000000034ad4b0]

GC Heap History (10 events):
Event: 1519.397 GC heap before
{Heap before GC invocations=28 (full 5):
 PSYoungGen      total 486912K, used 443938K [0x000000076ab00000, 0x000000078f480000, 0x00000007c0000000)
  eden space 398848K, 100% used [0x000000076ab00000,0x0000000783080000,0x0000000783080000)
  from space 88064K, 51% used [0x0000000789e80000,0x000000078ca88910,0x000000078f480000)
  to   space 100352K, 0% used [0x0000000783080000,0x0000000783080000,0x0000000789280000)
 ParOldGen       total 415744K, used 255977K [0x00000006c0000000, 0x00000006d9600000, 0x000000076ab00000)
  object space 415744K, 61% used [0x00000006c0000000,0x00000006cf9fa4d0,0x00000006d9600000)
 Metaspace       used 105582K, capacity 110870K, committed 111576K, reserved 1146880K
  class space    used 13360K, capacity 14314K, committed 14592K, reserved 1048576K
Event: 1519.520 GC heap after
Heap after GC invocations=28 (full 5):
 PSYoungGen      total 499200K, used 49845K [0x000000076ab00000, 0x0000000791300000, 0x00000007c0000000)
  eden space 398848K, 0% used [0x000000076ab00000,0x000000076ab00000,0x0000000783080000)
  from space 100352K, 49% used [0x0000000783080000,0x000000078612d648,0x0000000789280000)
  to   space 98816K, 0% used [0x000000078b280000,0x000000078b280000,0x0000000791300000)
 ParOldGen       total 415744K, used 255985K [0x00000006c0000000, 0x00000006d9600000, 0x000000076ab00000)
  object space 415744K, 61% used [0x00000006c0000000,0x00000006cf9fc4d0,0x00000006d9600000)
 Metaspace       used 105582K, capacity 110870K, committed 111576K, reserved 1146880K
  class space    used 13360K, capacity 14314K, committed 14592K, reserved 1048576K
}
Event: 1532.292 GC heap before
{Heap before GC invocations=29 (full 5):
 PSYoungGen      total 499200K, used 448693K [0x000000076ab00000, 0x0000000791300000, 0x00000007c0000000)
  eden space 398848K, 100% used [0x000000076ab00000,0x0000000783080000,0x0000000783080000)
  from space 100352K, 49% used [0x0000000783080000,0x000000078612d648,0x0000000789280000)
  to   space 98816K, 0% used [0x000000078b280000,0x000000078b280000,0x0000000791300000)
 ParOldGen       total 415744K, used 255985K [0x00000006c0000000, 0x00000006d9600000, 0x000000076ab00000)
  object space 415744K, 61% used [0x00000006c0000000,0x00000006cf9fc4d0,0x00000006d9600000)
 Metaspace       used 107788K, capacity 113222K, committed 113752K, reserved 1148928K
  class space    used 13474K, capacity 14446K, committed 14720K, reserved 1048576K
Event: 1532.498 GC heap after
Heap after GC invocations=29 (full 5):
 PSYoungGen      total 518144K, used 93574K [0x000000076ab00000, 0x0000000792e00000, 0x00000007c0000000)
  eden space 419328K, 0% used [0x000000076ab00000,0x000000076ab00000,0x0000000784480000)
  from space 98816K, 94% used [0x000000078b280000,0x0000000790de1838,0x0000000791300000)
  to   space 112640K, 0% used [0x0000000784480000,0x0000000784480000,0x000000078b280000)
 ParOldGen       total 415744K, used 255993K [0x00000006c0000000, 0x00000006d9600000, 0x000000076ab00000)
  object space 415744K, 61% used [0x00000006c0000000,0x00000006cf9fe4d0,0x00000006d9600000)
 Metaspace       used 107788K, capacity 113222K, committed 113752K, reserved 1148928K
  class space    used 13474K, capacity 14446K, committed 14720K, reserved 1048576K
}
Event: 3092.817 GC heap before
{Heap before GC invocations=30 (full 5):
 PSYoungGen      total 518144K, used 512902K [0x000000076ab00000, 0x0000000792e00000, 0x00000007c0000000)
  eden space 419328K, 100% used [0x000000076ab00000,0x0000000784480000,0x0000000784480000)
  from space 98816K, 94% used [0x000000078b280000,0x0000000790de1838,0x0000000791300000)
  to   space 112640K, 0% used [0x0000000784480000,0x0000000784480000,0x000000078b280000)
 ParOldGen       total 415744K, used 255993K [0x00000006c0000000, 0x00000006d9600000, 0x000000076ab00000)
  object space 415744K, 61% used [0x00000006c0000000,0x00000006cf9fe4d0,0x00000006d9600000)
 Metaspace       used 108445K, capacity 114364K, committed 114776K, reserved 1148928K
  class space    used 13545K, capacity 14573K, committed 14720K, reserved 1048576K
Event: 3092.937 GC heap after
Heap after GC invocations=30 (full 5):
 PSYoungGen      total 531968K, used 89189K [0x000000076ab00000, 0x0000000794880000, 0x00000007c0000000)
  eden space 419328K, 0% used [0x000000076ab00000,0x000000076ab00000,0x0000000784480000)
  from space 112640K, 79% used [0x0000000784480000,0x0000000789b996b8,0x000000078b280000)
  to   space 122368K, 0% used [0x000000078d100000,0x000000078d100000,0x0000000794880000)
 ParOldGen       total 415744K, used 256001K [0x00000006c0000000, 0x00000006d9600000, 0x000000076ab00000)
  object space 415744K, 61% used [0x00000006c0000000,0x00000006cfa004d0,0x00000006d9600000)
 Metaspace       used 108445K, capacity 114364K, committed 114776K, reserved 1148928K
  class space    used 13545K, capacity 14573K, committed 14720K, reserved 1048576K
}
Event: 3103.401 GC heap before
{Heap before GC invocations=31 (full 5):
 PSYoungGen      total 531968K, used 508517K [0x000000076ab00000, 0x0000000794880000, 0x00000007c0000000)
  eden space 419328K, 100% used [0x000000076ab00000,0x0000000784480000,0x0000000784480000)
  from space 112640K, 79% used [0x0000000784480000,0x0000000789b996b8,0x000000078b280000)
  to   space 122368K, 0% used [0x000000078d100000,0x000000078d100000,0x0000000794880000)
 ParOldGen       total 415744K, used 256001K [0x00000006c0000000, 0x00000006d9600000, 0x000000076ab00000)
  object space 415744K, 61% used [0x00000006c0000000,0x00000006cfa004d0,0x00000006d9600000)
 Metaspace       used 110486K, capacity 116542K, committed 116952K, reserved 1150976K
  class space    used 13652K, capacity 14696K, committed 14848K, reserved 1048576K
Event: 3103.646 GC heap after
Heap after GC invocations=31 (full 5):
 PSYoungGen      total 539136K, used 122338K [0x000000076ab00000, 0x0000000797b00000, 0x00000007c0000000)
  eden space 416768K, 0% used [0x000000076ab00000,0x000000076ab00000,0x0000000784200000)
  from space 122368K, 99% used [0x000000078d100000,0x0000000794878a28,0x0000000794880000)
  to   space 146432K, 0% used [0x0000000784200000,0x0000000784200000,0x000000078d100000)
 ParOldGen       total 415744K, used 266897K [0x00000006c0000000, 0x00000006d9600000, 0x000000076ab00000)
  object space 415744K, 64% used [0x00000006c0000000,0x00000006d04a47c8,0x00000006d9600000)
 Metaspace       used 110486K, capacity 116542K, committed 116952K, reserved 1150976K
  class space    used 13652K, capacity 14696K, committed 14848K, reserved 1048576K
}
Event: 3107.300 GC heap before
{Heap before GC invocations=32 (full 5):
 PSYoungGen      total 539136K, used 539106K [0x000000076ab00000, 0x0000000797b00000, 0x00000007c0000000)
  eden space 416768K, 100% used [0x000000076ab00000,0x0000000784200000,0x0000000784200000)
  from space 122368K, 99% used [0x000000078d100000,0x0000000794878a28,0x0000000794880000)
  to   space 146432K, 0% used [0x0000000784200000,0x0000000784200000,0x000000078d100000)
 ParOldGen       total 415744K, used 266897K [0x00000006c0000000, 0x00000006d9600000, 0x000000076ab00000)
  object space 415744K, 64% used [0x00000006c0000000,0x00000006d04a47c8,0x00000006d9600000)
 Metaspace       used 110626K, capacity 116694K, committed 116952K, reserved 1150976K
  class space    used 13652K, capacity 14696K, committed 14848K, reserved 1048576K
Event: 3107.517 GC heap after
Heap after GC invocations=32 (full 5):
 PSYoungGen      total 563200K, used 97563K [0x000000076ab00000, 0x0000000797b00000, 0x00000007c0000000)
  eden space 416768K, 0% used [0x000000076ab00000,0x000000076ab00000,0x0000000784200000)
  from space 146432K, 66% used [0x0000000784200000,0x000000078a146e50,0x000000078d100000)
  to   space 122368K, 0% used [0x000000078d100000,0x000000078d100000,0x0000000794880000)
 ParOldGen       total 415744K, used 292305K [0x00000006c0000000, 0x00000006d9600000, 0x000000076ab00000)
  object space 415744K, 70% used [0x00000006c0000000,0x00000006d1d746d0,0x00000006d9600000)
 Metaspace       used 110626K, capacity 116694K, committed 116952K, reserved 1150976K
  class space    used 13652K, capacity 14696K, committed 14848K, reserved 1048576K
}

Deoptimization events (10 events):
Event: 3105.037 Thread 0x0000000030fe9800 Uncommon trap: reason=predicate action=maybe_recompile pc=0x00000000074f46f8 method=java.util.TimSort.mergeHi(IIII)V @ 191
Event: 3106.103 Thread 0x0000000024bb0000 Uncommon trap: reason=class_check action=maybe_recompile pc=0x0000000004882668 method=com.android.tools.r8.dex.r.c()Lcom/android/tools/r8/dex/r$a; @ 1392
Event: 3106.156 Thread 0x0000000030fe8000 Uncommon trap: reason=class_check action=maybe_recompile pc=0x00000000075af584 method=com.android.tools.r8.ir.conversion.o.a(II)Lcom/android/tools/r8/graph/s; @ 9
Event: 3106.427 Thread 0x0000000030fe8000 Uncommon trap: reason=predicate action=maybe_recompile pc=0x0000000005fcfc2c method=com.android.tools.r8.ir.regalloc.a.a(Lcom/android/tools/r8/utils/k0;Lcom/android/tools/r8/s/b/X;Ljava/util/Map;Ljava/util/List;)V @ 733
Event: 3106.434 Thread 0x0000000030fe8000 Uncommon trap: reason=predicate action=maybe_recompile pc=0x00000000070229dc method=com.android.tools.r8.ir.regalloc.a.a(Lcom/android/tools/r8/utils/k0;Lcom/android/tools/r8/s/b/X;Ljava/util/Map;Ljava/util/List;)V @ 733
Event: 3106.454 Thread 0x0000000030fe8000 Uncommon trap: reason=unstable_if action=reinterpret pc=0x00000000075cffa4 method=com.android.tools.r8.ir.regalloc.a.a(Lcom/android/tools/r8/s/b/q1;I)I @ 32
Event: 3106.455 Thread 0x0000000030fe8000 Uncommon trap: reason=class_check action=maybe_recompile pc=0x0000000005430060 method=com.android.tools.r8.ir.optimize.K.a(Lcom/android/tools/r8/s/b/k0;)Z @ 215
Event: 3106.963 Thread 0x0000000030fe8000 Uncommon trap: reason=class_check action=maybe_recompile pc=0x0000000004882668 method=com.android.tools.r8.dex.r.c()Lcom/android/tools/r8/dex/r$a; @ 1392
Event: 3107.852 Thread 0x00000000300f5800 Uncommon trap: reason=unstable_if action=reinterpret pc=0x0000000003803dbc method=java.util.concurrent.locks.AbstractQueuedSynchronizer.unparkSuccessor(Ljava/util/concurrent/locks/AbstractQueuedSynchronizer$Node;)V @ 22
Event: 3108.705 Thread 0x0000000024bbb000 Uncommon trap: reason=class_check action=maybe_recompile pc=0x000000000646af34 method=com.google.common.collect.ImmutableMap.copyOf(Ljava/lang/Iterable;)Lcom/google/common/collect/ImmutableMap; @ 53

Classes redefined (0 events):
No events

Internal exceptions (10 events):
Event: 3107.204 Thread 0x0000000030fe8000 Exception <a 'sun/nio/fs/WindowsException'> (0x0000000783eb69d0) thrown at [C:\src\AOSP-openjdk-git\hotspot\src\share\vm\prims\jni.cpp, line 710]
Event: 3107.207 Thread 0x0000000030fe8000 Exception <a 'sun/nio/fs/WindowsException'> (0x0000000783ebdaa0) thrown at [C:\src\AOSP-openjdk-git\hotspot\src\share\vm\prims\jni.cpp, line 710]
Event: 3107.211 Thread 0x0000000030fe8000 Exception <a 'sun/nio/fs/WindowsException'> (0x0000000783ec9520) thrown at [C:\src\AOSP-openjdk-git\hotspot\src\share\vm\prims\jni.cpp, line 710]
Event: 3107.214 Thread 0x0000000030fe8000 Exception <a 'sun/nio/fs/WindowsException'> (0x0000000783f90c80) thrown at [C:\src\AOSP-openjdk-git\hotspot\src\share\vm\prims\jni.cpp, line 710]
Event: 3107.218 Thread 0x0000000030fe8000 Exception <a 'sun/nio/fs/WindowsException'> (0x0000000783f9b118) thrown at [C:\src\AOSP-openjdk-git\hotspot\src\share\vm\prims\jni.cpp, line 710]
Event: 3107.221 Thread 0x0000000030fe8000 Exception <a 'sun/nio/fs/WindowsException'> (0x0000000783fa54c8) thrown at [C:\src\AOSP-openjdk-git\hotspot\src\share\vm\prims\jni.cpp, line 710]
Event: 3107.225 Thread 0x0000000030fe8000 Exception <a 'sun/nio/fs/WindowsException'> (0x000000078406ca40) thrown at [C:\src\AOSP-openjdk-git\hotspot\src\share\vm\prims\jni.cpp, line 710]
Event: 3107.852 Thread 0x00000000300f5800 Implicit null exception at 0x0000000003802c54 to 0x0000000003803d99
Event: 3108.081 Thread 0x0000000030fe3000 Exception <a 'sun/nio/fs/WindowsException'> (0x000000076c7c9ea8) thrown at [C:\src\AOSP-openjdk-git\hotspot\src\share\vm\prims\jni.cpp, line 710]
Event: 3108.609 Thread 0x0000000030fe3800 Exception <a 'sun/nio/fs/WindowsException'> (0x000000076f4afb58) thrown at [C:\src\AOSP-openjdk-git\hotspot\src\share\vm\prims\jni.cpp, line 710]

Events (10 events):
Event: 3108.790 Executing VM operation: RevokeBias done
Event: 3108.804 Executing VM operation: RevokeBias
Event: 3108.805 Executing VM operation: RevokeBias done
Event: 3108.821 Executing VM operation: BulkRevokeBias
Event: 3108.825 Executing VM operation: BulkRevokeBias done
Event: 3108.825 Executing VM operation: RevokeBias
Event: 3108.826 Executing VM operation: RevokeBias done
Event: 3108.827 Executing VM operation: RevokeBias
Event: 3108.827 Thread 0x0000000030fe3800 Thread added: 0x0000000030fe3800
Event: 3108.828 Executing VM operation: RevokeBias done


Dynamic libraries:
0x00007ff6a0dd0000 - 0x00007ff6a0e01000 	C:\Program Files\Android\Android Studio\jre\bin\java.exe
0x00007ff909ef0000 - 0x00007ff90a0e5000 	C:\WINDOWS\SYSTEM32\ntdll.dll
0x00007ff908100000 - 0x00007ff9081bd000 	C:\WINDOWS\System32\KERNEL32.DLL
0x00007ff9079d0000 - 0x00007ff907c98000 	C:\WINDOWS\System32\KERNELBASE.dll
0x00007ff9097f0000 - 0x00007ff90989c000 	C:\WINDOWS\System32\ADVAPI32.dll
0x00007ff909650000 - 0x00007ff9096ee000 	C:\WINDOWS\System32\msvcrt.dll
0x00007ff908d90000 - 0x00007ff908e2b000 	C:\WINDOWS\System32\sechost.dll
0x00007ff9098a0000 - 0x00007ff9099cb000 	C:\WINDOWS\System32\RPCRT4.dll
0x00007ff909bd0000 - 0x00007ff909d70000 	C:\WINDOWS\System32\USER32.dll
0x00007ff907ca0000 - 0x00007ff907cc2000 	C:\WINDOWS\System32\win32u.dll
0x00007ff9097c0000 - 0x00007ff9097ea000 	C:\WINDOWS\System32\GDI32.dll
0x00007ff907760000 - 0x00007ff90786b000 	C:\WINDOWS\System32\gdi32full.dll
0x00007ff907db0000 - 0x00007ff907e4d000 	C:\WINDOWS\System32\msvcp_win.dll
0x00007ff907e50000 - 0x00007ff907f50000 	C:\WINDOWS\System32\ucrtbase.dll
0x00007ff8edfc0000 - 0x00007ff8ee25a000 	C:\WINDOWS\WinSxS\amd64_microsoft.windows.common-controls_6595b64144ccf1df_6.0.19041.844_none_ca00b6081b84eb1d\COMCTL32.dll
0x00007ff908be0000 - 0x00007ff908c10000 	C:\WINDOWS\System32\IMM32.DLL
0x0000000066790000 - 0x0000000066862000 	C:\Program Files\Android\Android Studio\jre\jre\bin\msvcr100.dll
0x0000000066950000 - 0x000000006719b000 	C:\Program Files\Android\Android Studio\jre\jre\bin\server\jvm.dll
0x00007ff909bc0000 - 0x00007ff909bc8000 	C:\WINDOWS\System32\PSAPI.DLL
0x00007ff8eefb0000 - 0x00007ff8eefb9000 	C:\WINDOWS\SYSTEM32\WSOCK32.dll
0x00007ff8fc010000 - 0x00007ff8fc037000 	C:\WINDOWS\SYSTEM32\WINMM.dll
0x00007ff9095e0000 - 0x00007ff90964b000 	C:\WINDOWS\System32\WS2_32.dll
0x00007ff8fed40000 - 0x00007ff8fed4a000 	C:\WINDOWS\SYSTEM32\VERSION.dll
0x00007ff8f0990000 - 0x00007ff8f099f000 	C:\Program Files\Android\Android Studio\jre\jre\bin\verify.dll
0x00007ff8e1ae0000 - 0x00007ff8e1b09000 	C:\Program Files\Android\Android Studio\jre\jre\bin\java.dll
0x00007ff8e18e0000 - 0x00007ff8e18f6000 	C:\Program Files\Android\Android Studio\jre\jre\bin\zip.dll
0x00007ff908e30000 - 0x00007ff909572000 	C:\WINDOWS\System32\SHELL32.dll
0x00007ff9050a0000 - 0x00007ff905830000 	C:\WINDOWS\SYSTEM32\windows.storage.dll
0x00007ff908880000 - 0x00007ff908bd5000 	C:\WINDOWS\System32\combase.dll
0x00007ff906fd0000 - 0x00007ff906ffc000 	C:\WINDOWS\SYSTEM32\Wldp.dll
0x00007ff9099d0000 - 0x00007ff909a7e000 	C:\WINDOWS\System32\SHCORE.dll
0x00007ff909e50000 - 0x00007ff909ea5000 	C:\WINDOWS\System32\shlwapi.dll
0x00007ff907570000 - 0x00007ff90758f000 	C:\WINDOWS\SYSTEM32\profapi.dll
0x00007ff8e14b0000 - 0x00007ff8e14ca000 	C:\Program Files\Android\Android Studio\jre\jre\bin\net.dll
0x00007ff906d40000 - 0x00007ff906daa000 	C:\WINDOWS\system32\mswsock.dll
0x00007ff8dbc70000 - 0x00007ff8dbc83000 	C:\Program Files\Android\Android Studio\jre\jre\bin\nio.dll
0x00007ff8e8d50000 - 0x00007ff8e8d77000 	C:\Users\KimHanbi\.gradle\native\f6784746aeab05261644944871eae4fe03e0ef1612fff0a4a95f87b438bc6780\windows-amd64\native-platform.dll
0x00007ff8effb0000 - 0x00007ff8effbd000 	C:\Program Files\Android\Android Studio\jre\jre\bin\management.dll
0x00007ff906f20000 - 0x00007ff906f38000 	C:\WINDOWS\SYSTEM32\CRYPTSP.dll
0x00007ff9066e0000 - 0x00007ff906714000 	C:\WINDOWS\system32\rsaenh.dll
0x00007ff907cd0000 - 0x00007ff907cf7000 	C:\WINDOWS\System32\bcrypt.dll
0x00007ff9074f0000 - 0x00007ff90751e000 	C:\WINDOWS\SYSTEM32\USERENV.dll
0x00007ff9076e0000 - 0x00007ff907760000 	C:\WINDOWS\System32\bcryptprimitives.dll
0x00007ff906f10000 - 0x00007ff906f1c000 	C:\WINDOWS\SYSTEM32\CRYPTBASE.dll
0x00007ff906a30000 - 0x00007ff906a6b000 	C:\WINDOWS\SYSTEM32\IPHLPAPI.DLL
0x00007ff908ca0000 - 0x00007ff908ca8000 	C:\WINDOWS\System32\NSI.dll
0x00007ff900f40000 - 0x00007ff900f57000 	C:\WINDOWS\SYSTEM32\dhcpcsvc6.DLL
0x00007ff900d90000 - 0x00007ff900dad000 	C:\WINDOWS\SYSTEM32\dhcpcsvc.DLL
0x00007ff906a70000 - 0x00007ff906b3c000 	C:\WINDOWS\SYSTEM32\DNSAPI.dll
0x00007ff904360000 - 0x00007ff90436b000 	C:\WINDOWS\SYSTEM32\WINNSI.DLL
0x00007ff906350000 - 0x00007ff906383000 	C:\WINDOWS\SYSTEM32\ntmarta.dll
0x00007ff8dcab0000 - 0x00007ff8dcad4000 	C:\Program Files\Android\Android Studio\jre\jre\bin\sunec.dll
0x00007ff901dc0000 - 0x00007ff901dcb000 	C:\Program Files\Android\Android Studio\jre\jre\bin\sunmscapi.dll
0x00007ff907870000 - 0x00007ff9079cf000 	C:\WINDOWS\System32\CRYPT32.dll
0x00007ff900560000 - 0x00007ff90056a000 	C:\Windows\System32\rasadhlp.dll
0x00007ff8fe4a0000 - 0x00007ff8fe51f000 	C:\WINDOWS\System32\fwpuclnt.dll

VM Arguments:
jvm_args: -Xmx4096m -Dfile.encoding=UTF-8 -Duser.country=KR -Duser.language=ko -Duser.variant 
java_command: org.gradle.launcher.daemon.bootstrap.GradleDaemon 6.5
java_class_path (initial): C:\Users\KimHanbi\.gradle\wrapper\dists\gradle-6.5-all\2oz4ud9k3tuxjg84bbf55q0tn\gradle-6.5\lib\gradle-launcher-6.5.jar
Launcher Type: SUN_STANDARD

Environment Variables:
JAVA_HOME=C:\Program Files\Java\jdk1.8.0_251
CLASSPATH=%classpath%;;;
PATH=C:\Program Files\Java\jdk1.8.0_251\bin;C:\Program Files (x86)\Common Files\Oracle\Java\javapath;C:\Program Files (x86)\Intel\iCLS Client\;C:\Program Files\Intel\iCLS Client\;C:\WINDOWS\system32;C:\WINDOWS;C:\WINDOWS\System32\Wbem;C:\WINDOWS\System32\WindowsPowerShell\v1.0\;C:\Program Files (x86)\Intel\Intel(R) Management Engine Components\DAL;C:\Program Files\Intel\Intel(R) Management Engine Components\DAL;C:\Program Files (x86)\Intel\Intel(R) Management Engine Components\IPT;C:\Program Files\Intel\Intel(R) Management Engine Components\IPT;C:\Program Files\Intel\WiFi\bin\;C:\Program Files\Common Files\Intel\WirelessCommon\;C:\WINDOWS\System32\OpenSSH\;C:\MinGW\bin;C:\Program Files\Java\jdk1.8.0_251\bin;C:\Program Files\Git\cmd;C:\Program Files\MySQL\MySQL Server 8.0\bin;C:\ProgramData\chocolatey\bin;C:\Program Files\nodejs\;C:\Program Files\MySQL\MySQL Shell 8.0\bin\;C:\Python\Python36\Scripts\;C:\Python\Python36\;C:\Users\KimHanbi\AppData\Local\Microsoft\WindowsApps;C:\Users\KimHanbi\AppData\Local\Programs\Microsoft VS Code\bin;C:\Users\KimHanbi\AppData\Roaming\npm;C:\Program Files\Android\Android Studio\jre\bin;C:\Users\KimHanbi\AppData\Local\gitkraken\bin
USERNAME=KimHanbi
OS=Windows_NT
PROCESSOR_IDENTIFIER=Intel64 Family 6 Model 142 Stepping 10, GenuineIntel



---------------  S Y S T E M  ---------------

OS: Windows 10.0 , 64 bit Build 19041 (10.0.19041.928)

CPU:total 8 (initial active 8) (4 cores per cpu, 2 threads per core) family 6 model 142 stepping 10, cmov, cx8, fxsr, mmx, sse, sse2, sse3, ssse3, sse4.1, sse4.2, popcnt, avx, avx2, aes, clmul, erms, 3dnowpref, lzcnt, ht, tsc, tscinvbit, bmi1, bmi2, adx

Memory: 4k page, physical 8217940k(583692k free), swap 8217940k(5408k free)

vm_info: OpenJDK 64-Bit Server VM (25.242-b01) for windows-amd64 JRE (1.8.0_242-release-1644-b01), built by "builder" with MS VC++ 10.0 (VS2010)

time: Thu Jun 03 03:05:36 2021
timezone: 대한민국 표준시
elapsed time: 3109 seconds (0d 0h 51m 49s)

