#
# There is insufficient memory for the Java Runtime Environment to continue.
# Native memory allocation (malloc) failed to allocate 32744 bytes for ChunkPool::allocate
# Possible reasons:
#   The system is out of physical RAM or swap space
#   The process is running with CompressedOops enabled, and the Java Heap may be blocking the growth of the native heap
# Possible solutions:
#   Reduce memory load on the system
#   Increase physical memory or swap space
#   Check if swap backing store is full
#   Decrease Java heap size (-Xmx/-Xms)
#   Decrease number of Java threads
#   Decrease Java thread stack sizes (-Xss)
#   Set larger code cache with -XX:ReservedCodeCacheSize=
#   JVM is running with Unscaled Compressed Oops mode in which the Java heap is
#     placed in the first 4GB address space. The Java Heap base address is the
#     maximum limit for the native heap growth. Please use -XX:HeapBaseMinAddress
#     to set the Java Heap base and to place the Java Heap above 4GB virtual address.
# This output file may be truncated or incomplete.
#
#  Out of Memory Error (allocation.cpp:272), pid=9780, tid=0x000000000000363c
#
# JRE version: OpenJDK Runtime Environment (8.0_242-b01) (build 1.8.0_242-release-1644-b01)
# Java VM: OpenJDK 64-Bit Server VM (25.242-b01 mixed mode windows-amd64 compressed oops)
# Failed to write core dump. Minidumps are not enabled by default on client versions of Windows
#

---------------  T H R E A D  ---------------

Current thread (0x0000000019770800):  JavaThread "C1 CompilerThread3" daemon [_thread_in_vm, id=13884, stack(0x000000001a1d0000,0x000000001a2d0000)]

Stack: [0x000000001a1d0000,0x000000001a2d0000]
[error occurred during error reporting (printing stack bounds), id 0xc0000005]

Native frames: (J=compiled Java code, j=interpreted, Vv=VM code, C=native code)


Current CompileTask:
C1: 103925 13103       2       com.android.tools.r8.ir.conversion.o::a (270 bytes)


---------------  P R O C E S S  ---------------

Java Threads: ( => current thread )
  0x000000001da35000 JavaThread "stdout" [_thread_in_native, id=13192, stack(0x000000002ddf0000,0x000000002def0000)]
  0x000000001da34000 JavaThread "stderr" [_thread_in_native, id=7800, stack(0x000000002dcf0000,0x000000002ddf0000)]
  0x000000001da2c800 JavaThread "stdout" [_thread_in_native, id=3124, stack(0x000000002dbf0000,0x000000002dcf0000)]
  0x000000001da32800 JavaThread "stderr" [_thread_in_native, id=8044, stack(0x000000002daf0000,0x000000002dbf0000)]
  0x000000001da33800 JavaThread "stdout" [_thread_in_native, id=12928, stack(0x000000002d9f0000,0x000000002daf0000)]
  0x000000001da32000 JavaThread "stderr" [_thread_in_native, id=6692, stack(0x000000002d8f0000,0x000000002d9f0000)]
  0x000000001da31000 JavaThread "stdout" [_thread_in_native, id=10420, stack(0x000000002d7f0000,0x000000002d8f0000)]
  0x000000001da30800 JavaThread "stderr" [_thread_in_native, id=6696, stack(0x000000002d6f0000,0x000000002d7f0000)]
  0x000000001da29000 JavaThread "WorkerExecutor Queue Thread 8" [_thread_blocked, id=676, stack(0x000000002d5f0000,0x000000002d6f0000)]
  0x000000001da2f800 JavaThread "WorkerExecutor Queue Thread 7" [_thread_blocked, id=13792, stack(0x000000002d4f0000,0x000000002d5f0000)]
  0x000000001da2c000 JavaThread "WorkerExecutor Queue Thread 6" [_thread_blocked, id=4972, stack(0x000000002d3f0000,0x000000002d4f0000)]
  0x000000001da2f000 JavaThread "WorkerExecutor Queue Thread 5" [_thread_blocked, id=1156, stack(0x000000002d2f0000,0x000000002d3f0000)]
  0x000000001da2e000 JavaThread "stdout" [_thread_in_native, id=10104, stack(0x000000002d1f0000,0x000000002d2f0000)]
  0x000000001da26800 JavaThread "stderr" [_thread_in_native, id=10808, stack(0x000000002c6f0000,0x000000002c7f0000)]
  0x000000001da2b000 JavaThread "stdout" [_thread_in_native, id=1400, stack(0x000000002d0f0000,0x000000002d1f0000)]
  0x000000001da2a800 JavaThread "stderr" [_thread_in_native, id=6204, stack(0x000000002cff0000,0x000000002d0f0000)]
  0x000000001da28000 JavaThread "stdout" [_thread_in_native, id=14184, stack(0x000000002cef0000,0x000000002cff0000)]
  0x000000001da2d800 JavaThread "stderr" [_thread_in_native, id=13052, stack(0x000000002cdf0000,0x000000002cef0000)]
  0x000000001da27800 JavaThread "WorkerExecutor Queue Thread 4" [_thread_blocked, id=6772, stack(0x000000002ccf0000,0x000000002cdf0000)]
  0x000000001da29800 JavaThread "pool-2-thread-1" [_thread_blocked, id=12384, stack(0x000000002cbf0000,0x000000002ccf0000)]
  0x0000000020482000 JavaThread "WorkerExecutor Queue Thread 3" [_thread_blocked, id=10408, stack(0x000000002c860000,0x000000002c960000)]
  0x0000000020481800 JavaThread "WorkerExecutor Queue Thread 2" [_thread_blocked, id=2648, stack(0x000000001cca0000,0x000000001cda0000)]
  0x000000002047a000 JavaThread "WorkerExecutor Queue" [_thread_blocked, id=1324, stack(0x000000002c5f0000,0x000000002c6f0000)]
  0x000000002047d800 JavaThread "Cache worker for execution history cache (C:\Users\KimHanbi\AndroidStudioProjects\UntactShop\.gradle\6.5\executionHistory)" [_thread_blocked, id=11896, stack(0x000000002bff0000,0x000000002c0f0000)]
  0x000000002047b800 JavaThread "Execution worker for ':' Thread 7" [_thread_blocked, id=4264, stack(0x000000002bef0000,0x000000002bff0000)]
  0x000000002047f000 JavaThread "Execution worker for ':' Thread 6" [_thread_blocked, id=8920, stack(0x000000002bdf0000,0x000000002bef0000)]
  0x000000002047c000 JavaThread "Execution worker for ':' Thread 5" [_thread_blocked, id=6436, stack(0x000000002bcf0000,0x000000002bdf0000)]
  0x0000000020474000 JavaThread "Execution worker for ':' Thread 4" [_thread_blocked, id=6396, stack(0x000000002a550000,0x000000002a650000)]
  0x000000002047a800 JavaThread "Execution worker for ':' Thread 3" [_thread_blocked, id=12072, stack(0x000000002a020000,0x000000002a120000)]
  0x0000000020479000 JavaThread "Execution worker for ':' Thread 2" [_thread_blocked, id=13252, stack(0x0000000002090000,0x0000000002190000)]
  0x0000000020478800 JavaThread "Execution worker for ':'" [_thread_blocked, id=4916, stack(0x0000000000720000,0x0000000000820000)]
  0x0000000020477000 JavaThread "Cache worker for file content cache (C:\Users\KimHanbi\AndroidStudioProjects\UntactShop\.gradle\6.5\fileContent)" [_thread_blocked, id=6148, stack(0x0000000029900000,0x0000000029a00000)]
  0x0000000020476000 JavaThread "Memory manager" [_thread_blocked, id=3204, stack(0x000000002a1b0000,0x000000002a2b0000)]
  0x0000000020473000 JavaThread "Cache worker for Build Output Cleanup Cache (C:\Users\KimHanbi\AndroidStudioProjects\UntactShop\.gradle\buildOutputCleanup)" [_thread_blocked, id=556, stack(0x0000000029200000,0x0000000029300000)]
  0x000000001ceb6000 JavaThread "jar transforms Thread 92" [_thread_blocked, id=9320, stack(0x0000000028f00000,0x0000000029000000)]
  0x000000001a6e1000 JavaThread "Build operations Thread 8" [_thread_blocked, id=6516, stack(0x0000000023400000,0x0000000023500000)]
  0x000000001a6e0800 JavaThread "Build operations Thread 7" [_thread_in_Java, id=14212, stack(0x0000000023300000,0x0000000023400000)]
  0x000000001a6df800 JavaThread "Build operations Thread 6" [_thread_in_Java, id=3916, stack(0x0000000023200000,0x0000000023300000)]
  0x000000001a6d4800 JavaThread "Build operations Thread 5" [_thread_in_Java, id=6168, stack(0x0000000023100000,0x0000000023200000)]
  0x000000001a6db000 JavaThread "Build operations Thread 4" [_thread_in_Java, id=9932, stack(0x0000000023000000,0x0000000023100000)]
  0x000000001a6d6000 JavaThread "Build operations Thread 3" [_thread_in_vm, id=10972, stack(0x0000000022f00000,0x0000000023000000)]
  0x000000001a6da800 JavaThread "Build operations Thread 2" [_thread_in_Java, id=14164, stack(0x0000000022e00000,0x0000000022f00000)]
  0x000000001a6d9800 JavaThread "Build operations" [_thread_in_Java, id=6644, stack(0x0000000022d00000,0x0000000022e00000)]
  0x000000001bb47800 JavaThread "Cache worker for file content cache (C:\Users\KimHanbi\.gradle\caches\6.5\fileContent)" [_thread_blocked, id=7536, stack(0x0000000022600000,0x0000000022700000)]
  0x000000001bb46000 JavaThread "Cache worker for execution history cache (C:\Users\KimHanbi\.gradle\caches\6.5\executionHistory)" [_thread_blocked, id=1640, stack(0x0000000021b60000,0x0000000021c60000)]
  0x000000001bb45000 JavaThread "Cache worker for cache directory md-rule (C:\Users\KimHanbi\.gradle\caches\6.5\md-rule)" [_thread_blocked, id=6368, stack(0x0000000021a60000,0x0000000021b60000)]
  0x000000001bb43800 JavaThread "Cache worker for cache directory md-supplier (C:\Users\KimHanbi\.gradle\caches\6.5\md-supplier)" [_thread_blocked, id=10872, stack(0x0000000020810000,0x0000000020910000)]
  0x000000001bb43000 JavaThread "Cache worker for checksums cache (C:\Users\KimHanbi\AndroidStudioProjects\UntactShop\.gradle\checksums)" [_thread_blocked, id=1736, stack(0x0000000020710000,0x0000000020810000)]
  0x000000001bb44800 JavaThread "Cache worker for file hash cache (C:\Users\KimHanbi\AndroidStudioProjects\UntactShop\.gradle\6.5\fileHashes)" [_thread_blocked, id=1384, stack(0x0000000021960000,0x0000000021a60000)]
  0x000000001bb40800 JavaThread "Cache worker for file hash cache (C:\Users\KimHanbi\.gradle\caches\6.5\fileHashes)" [_thread_blocked, id=12036, stack(0x000000001e270000,0x000000001e370000)]
  0x000000001bb42000 JavaThread "File lock request listener" [_thread_in_native, id=10520, stack(0x000000001e170000,0x000000001e270000)]
  0x000000001bb41800 JavaThread "Cache worker for journal cache (C:\Users\KimHanbi\.gradle\caches\journal-1)" [_thread_blocked, id=12968, stack(0x000000001e070000,0x000000001e170000)]
  0x000000001abd4800 JavaThread "Thread-9" [_thread_blocked, id=7696, stack(0x000000001cda0000,0x000000001cea0000)]
  0x000000001b400800 JavaThread "Asynchronous log dispatcher for DefaultDaemonConnection: socket connection from /127.0.0.1:2077 to /127.0.0.1:2078" [_thread_blocked, id=13136, stack(0x000000001cba0000,0x000000001cca0000)]
  0x000000001b3ff800 JavaThread "Daemon worker" [_thread_blocked, id=12324, stack(0x000000001caa0000,0x000000001cba0000)]
  0x000000001aa61000 JavaThread "Cancel handler" [_thread_blocked, id=13428, stack(0x000000001c8a0000,0x000000001c9a0000)]
  0x000000001ad11000 JavaThread "Handler for socket connection from /127.0.0.1:2077 to /127.0.0.1:2078" [_thread_in_native, id=7996, stack(0x000000001c7a0000,0x000000001c8a0000)]
  0x000000001ad0e800 JavaThread "Daemon" [_thread_blocked, id=12720, stack(0x000000001c6a0000,0x000000001c7a0000)]
  0x000000001a9fb000 JavaThread "Daemon periodic checks" [_thread_blocked, id=6868, stack(0x000000001c3a0000,0x000000001c4a0000)]
  0x000000001a9f4000 JavaThread "Incoming local TCP Connector on port 2077" [_thread_in_native, id=12984, stack(0x000000001c1c0000,0x000000001c2c0000)]
  0x000000001b26a800 JavaThread "Daemon health stats" [_thread_blocked, id=8812, stack(0x000000001bea0000,0x000000001bfa0000)]
  0x00000000197fb800 JavaThread "Service Thread" daemon [_thread_blocked, id=7268, stack(0x000000001a2d0000,0x000000001a3d0000)]
=>0x0000000019770800 JavaThread "C1 CompilerThread3" daemon [_thread_in_vm, id=13884, stack(0x000000001a1d0000,0x000000001a2d0000)]
  0x000000001976c800 JavaThread "C2 CompilerThread2" daemon [_thread_in_native, id=10988, stack(0x000000001a0d0000,0x000000001a1d0000)]
  0x000000001970a800 JavaThread "C2 CompilerThread1" daemon [_thread_in_native, id=9148, stack(0x0000000019fd0000,0x000000001a0d0000)]
  0x0000000019708000 JavaThread "C2 CompilerThread0" daemon [_thread_in_native, id=7324, stack(0x0000000019ed0000,0x0000000019fd0000)]
  0x0000000019762800 JavaThread "Attach Listener" daemon [_thread_blocked, id=2868, stack(0x0000000019dd0000,0x0000000019ed0000)]
  0x00000000178fe800 JavaThread "Signal Dispatcher" daemon [_thread_blocked, id=10896, stack(0x0000000019cd0000,0x0000000019dd0000)]
  0x00000000196f1800 JavaThread "Finalizer" daemon [_thread_blocked, id=11992, stack(0x0000000019bd0000,0x0000000019cd0000)]
  0x0000000002878000 JavaThread "Reference Handler" daemon [_thread_blocked, id=14324, stack(0x0000000019ad0000,0x0000000019bd0000)]
  0x0000000002782800 JavaThread "main" [_thread_blocked, id=12932, stack(0x00000000025c0000,0x00000000026c0000)]

Other Threads:
  0x00000000178e6000 VMThread [stack: 0x00000000195d0000,0x00000000196d0000] [id=14252]
  0x00000000197ce800 WatcherThread [stack: 0x000000001a3d0000,0x000000001a4d0000] [id=12364]

VM state:not at safepoint (normal execution)

VM Mutex/Monitor currently owned by a thread: None

heap address: 0x0000000080000000, size: 2048 MB, Compressed Oops mode: 32-bit
Narrow klass base: 0x0000000000000000, Narrow klass shift: 3
Compressed class space size: 1073741824 Address: 0x0000000100000000

Heap:
 PSYoungGen      total 258560K, used 126786K [0x00000000d5580000, 0x00000000e7900000, 0x0000000100000000)
  eden space 218624K, 53% used [0x00000000d5580000,0x00000000dc7c1a00,0x00000000e2b00000)
  from space 39936K, 24% used [0x00000000e2b00000,0x00000000e348ee28,0x00000000e5200000)
  to   space 37888K, 0% used [0x00000000e5400000,0x00000000e5400000,0x00000000e7900000)
 ParOldGen       total 204800K, used 85551K [0x0000000080000000, 0x000000008c800000, 0x00000000d5580000)
  object space 204800K, 41% used [0x0000000080000000,0x000000008538bcc8,0x000000008c800000)
 Metaspace       used 76856K, capacity 80990K, committed 81920K, reserved 1120256K
  class space    used 10459K, capacity 11222K, committed 11520K, reserved 1048576K

Card table byte_map: [0x0000000011c40000,0x0000000012050000] byte_map_base: 0x0000000011840000

Marking Bits: (ParMarkBitMap*) 0x00000000594df030
 Begin Bits: [0x0000000012b00000, 0x0000000014b00000)
 End Bits:   [0x0000000014b00000, 0x0000000016b00000)

Polling page: 0x0000000002210000

CodeCache: size=245760Kb used=36716Kb max_used=36716Kb free=209043Kb
 bounds [0x0000000002880000, 0x0000000004c80000, 0x0000000011880000]
 total_blobs=11907 nmethods=11090 adapters=727
 compilation: enabled

Compilation events (10 events):
Event: 103.828 Thread 0x0000000019770800 nmethod 13097 0x0000000004c7c790 code [0x0000000004c7c8e0, 0x0000000004c7cb30]
Event: 103.840 Thread 0x0000000019770800 13098       2       java.util.HashMap$TreeNode::rotateRight (91 bytes)
Event: 103.841 Thread 0x0000000019770800 nmethod 13098 0x0000000004c7cc50 code [0x0000000004c7cda0, 0x0000000004c7cff0]
Event: 103.849 Thread 0x0000000019770800 13099       3       com.android.tools.r8.t.a.a.a.h.Z0::a (109 bytes)
Event: 103.851 Thread 0x0000000019770800 nmethod 13099 0x0000000004c7d110 code [0x0000000004c7d2c0, 0x0000000004c7d7a8]
Event: 103.858 Thread 0x0000000019770800 13100       2       com.android.tools.r8.ir.regalloc.b::y (115 bytes)
Event: 103.859 Thread 0x0000000019770800 nmethod 13100 0x0000000004c7dad0 code [0x0000000004c7dc60, 0x0000000004c7dfa8]
Event: 103.896 Thread 0x0000000019770800 13102       1       com.android.tools.r8.s.b.H0::T0 (2 bytes)
Event: 103.897 Thread 0x0000000019770800 nmethod 13102 0x0000000003ad8410 code [0x0000000003ad8560, 0x0000000003ad8670]
Event: 103.914 Thread 0x0000000019770800 13103       2       com.android.tools.r8.ir.conversion.o::a (270 bytes)

GC Heap History (10 events):
Event: 93.455 GC heap before
{Heap before GC invocations=21 (full 3):
 PSYoungGen      total 195072K, used 195058K [0x00000000d5580000, 0x00000000e5b80000, 0x0000000100000000)
  eden space 166912K, 100% used [0x00000000d5580000,0x00000000df880000,0x00000000df880000)
  from space 28160K, 99% used [0x00000000df880000,0x00000000e13fc8d8,0x00000000e1400000)
  to   space 40448K, 0% used [0x00000000e3400000,0x00000000e3400000,0x00000000e5b80000)
 ParOldGen       total 114688K, used 72222K [0x0000000080000000, 0x0000000087000000, 0x00000000d5580000)
  object space 114688K, 62% used [0x0000000080000000,0x0000000084687be8,0x0000000087000000)
 Metaspace       used 74910K, capacity 79474K, committed 79616K, reserved 1118208K
  class space    used 10404K, capacity 11226K, committed 11264K, reserved 1048576K
Event: 93.833 GC heap after
Heap after GC invocations=21 (full 3):
 PSYoungGen      total 227328K, used 23752K [0x00000000d5580000, 0x00000000e6880000, 0x0000000100000000)
  eden space 186880K, 0% used [0x00000000d5580000,0x00000000d5580000,0x00000000e0c00000)
  from space 40448K, 58% used [0x00000000e3400000,0x00000000e4b323f0,0x00000000e5b80000)
  to   space 40960K, 0% used [0x00000000e0c00000,0x00000000e0c00000,0x00000000e3400000)
 ParOldGen       total 114688K, used 99517K [0x0000000080000000, 0x0000000087000000, 0x00000000d5580000)
  object space 114688K, 86% used [0x0000000080000000,0x000000008612f5e8,0x0000000087000000)
 Metaspace       used 74910K, capacity 79474K, committed 79616K, reserved 1118208K
  class space    used 10404K, capacity 11226K, committed 11264K, reserved 1048576K
}
Event: 93.833 GC heap before
{Heap before GC invocations=22 (full 4):
 PSYoungGen      total 227328K, used 23752K [0x00000000d5580000, 0x00000000e6880000, 0x0000000100000000)
  eden space 186880K, 0% used [0x00000000d5580000,0x00000000d5580000,0x00000000e0c00000)
  from space 40448K, 58% used [0x00000000e3400000,0x00000000e4b323f0,0x00000000e5b80000)
  to   space 40960K, 0% used [0x00000000e0c00000,0x00000000e0c00000,0x00000000e3400000)
 ParOldGen       total 114688K, used 99517K [0x0000000080000000, 0x0000000087000000, 0x00000000d5580000)
  object space 114688K, 86% used [0x0000000080000000,0x000000008612f5e8,0x0000000087000000)
 Metaspace       used 74910K, capacity 79474K, committed 79616K, reserved 1118208K
  class space    used 10404K, capacity 11226K, committed 11264K, reserved 1048576K
Event: 94.965 GC heap after
Heap after GC invocations=22 (full 4):
 PSYoungGen      total 227328K, used 0K [0x00000000d5580000, 0x00000000e6880000, 0x0000000100000000)
  eden space 186880K, 0% used [0x00000000d5580000,0x00000000d5580000,0x00000000e0c00000)
  from space 40448K, 0% used [0x00000000e3400000,0x00000000e3400000,0x00000000e5b80000)
  to   space 40960K, 0% used [0x00000000e0c00000,0x00000000e0c00000,0x00000000e3400000)
 ParOldGen       total 204800K, used 85535K [0x0000000080000000, 0x000000008c800000, 0x00000000d5580000)
  object space 204800K, 41% used [0x0000000080000000,0x0000000085387cc8,0x000000008c800000)
 Metaspace       used 74318K, capacity 77946K, committed 79616K, reserved 1118208K
  class space    used 10201K, capacity 10868K, committed 11264K, reserved 1048576K
}
Event: 99.186 GC heap before
{Heap before GC invocations=23 (full 4):
 PSYoungGen      total 227328K, used 186880K [0x00000000d5580000, 0x00000000e6880000, 0x0000000100000000)
  eden space 186880K, 100% used [0x00000000d5580000,0x00000000e0c00000,0x00000000e0c00000)
  from space 40448K, 0% used [0x00000000e3400000,0x00000000e3400000,0x00000000e5b80000)
  to   space 40960K, 0% used [0x00000000e0c00000,0x00000000e0c00000,0x00000000e3400000)
 ParOldGen       total 204800K, used 85535K [0x0000000080000000, 0x000000008c800000, 0x00000000d5580000)
  object space 204800K, 41% used [0x0000000080000000,0x0000000085387cc8,0x000000008c800000)
 Metaspace       used 76020K, capacity 80122K, committed 81152K, reserved 1118208K
  class space    used 10434K, capacity 11184K, committed 11520K, reserved 1048576K
Event: 99.208 GC heap after
Heap after GC invocations=23 (full 4):
 PSYoungGen      total 227840K, used 3738K [0x00000000d5580000, 0x00000000e7c00000, 0x0000000100000000)
  eden space 186880K, 0% used [0x00000000d5580000,0x00000000d5580000,0x00000000e0c00000)
  from space 40960K, 9% used [0x00000000e0c00000,0x00000000e0fa6a58,0x00000000e3400000)
  to   space 40960K, 0% used [0x00000000e5400000,0x00000000e5400000,0x00000000e7c00000)
 ParOldGen       total 204800K, used 85535K [0x0000000080000000, 0x000000008c800000, 0x00000000d5580000)
  object space 204800K, 41% used [0x0000000080000000,0x0000000085387cc8,0x000000008c800000)
 Metaspace       used 76020K, capacity 80122K, committed 81152K, reserved 1118208K
  class space    used 10434K, capacity 11184K, committed 11520K, reserved 1048576K
}
Event: 101.169 GC heap before
{Heap before GC invocations=24 (full 4):
 PSYoungGen      total 227840K, used 190618K [0x00000000d5580000, 0x00000000e7c00000, 0x0000000100000000)
  eden space 186880K, 100% used [0x00000000d5580000,0x00000000e0c00000,0x00000000e0c00000)
  from space 40960K, 9% used [0x00000000e0c00000,0x00000000e0fa6a58,0x00000000e3400000)
  to   space 40960K, 0% used [0x00000000e5400000,0x00000000e5400000,0x00000000e7c00000)
 ParOldGen       total 204800K, used 85535K [0x0000000080000000, 0x000000008c800000, 0x00000000d5580000)
  object space 204800K, 41% used [0x0000000080000000,0x0000000085387cc8,0x000000008c800000)
 Metaspace       used 76636K, capacity 80766K, committed 81664K, reserved 1120256K
  class space    used 10457K, capacity 11222K, committed 11520K, reserved 1048576K
Event: 101.218 GC heap after
Heap after GC invocations=24 (full 4):
 PSYoungGen      total 256512K, used 4068K [0x00000000d5580000, 0x00000000e7900000, 0x0000000100000000)
  eden space 218624K, 0% used [0x00000000d5580000,0x00000000d5580000,0x00000000e2b00000)
  from space 37888K, 10% used [0x00000000e5400000,0x00000000e57f9128,0x00000000e7900000)
  to   space 39936K, 0% used [0x00000000e2b00000,0x00000000e2b00000,0x00000000e5200000)
 ParOldGen       total 204800K, used 85543K [0x0000000080000000, 0x000000008c800000, 0x00000000d5580000)
  object space 204800K, 41% used [0x0000000080000000,0x0000000085389cc8,0x000000008c800000)
 Metaspace       used 76636K, capacity 80766K, committed 81664K, reserved 1120256K
  class space    used 10457K, capacity 11222K, committed 11520K, reserved 1048576K
}
Event: 103.190 GC heap before
{Heap before GC invocations=25 (full 4):
 PSYoungGen      total 256512K, used 222692K [0x00000000d5580000, 0x00000000e7900000, 0x0000000100000000)
  eden space 218624K, 100% used [0x00000000d5580000,0x00000000e2b00000,0x00000000e2b00000)
  from space 37888K, 10% used [0x00000000e5400000,0x00000000e57f9128,0x00000000e7900000)
  to   space 39936K, 0% used [0x00000000e2b00000,0x00000000e2b00000,0x00000000e5200000)
 ParOldGen       total 204800K, used 85543K [0x0000000080000000, 0x000000008c800000, 0x00000000d5580000)
  object space 204800K, 41% used [0x0000000080000000,0x0000000085389cc8,0x000000008c800000)
 Metaspace       used 76809K, capacity 80982K, committed 81920K, reserved 1120256K
  class space    used 10459K, capacity 11222K, committed 11520K, reserved 1048576K
Event: 103.256 GC heap after
Heap after GC invocations=25 (full 4):
 PSYoungGen      total 258560K, used 9787K [0x00000000d5580000, 0x00000000e7900000, 0x0000000100000000)
  eden space 218624K, 0% used [0x00000000d5580000,0x00000000d5580000,0x00000000e2b00000)
  from space 39936K, 24% used [0x00000000e2b00000,0x00000000e348ee28,0x00000000e5200000)
  to   space 37888K, 0% used [0x00000000e5400000,0x00000000e5400000,0x00000000e7900000)
 ParOldGen       total 204800K, used 85551K [0x0000000080000000, 0x000000008c800000, 0x00000000d5580000)
  object space 204800K, 41% used [0x0000000080000000,0x000000008538bcc8,0x000000008c800000)
 Metaspace       used 76809K, capacity 80982K, committed 81920K, reserved 1120256K
  class space    used 10459K, capacity 11222K, committed 11520K, reserved 1048576K
}

Deoptimization events (10 events):
Event: 99.982 Thread 0x000000001a6e0800 Uncommon trap: reason=unstable_if action=reinterpret pc=0x00000000044c47d4 method=com.android.tools.r8.graph.i0.a([C)I @ 44
Event: 100.317 Thread 0x000000001a6e0800 Uncommon trap: reason=unstable_if action=reinterpret pc=0x0000000004840c88 method=com.android.tools.r8.ir.regalloc.b.compareTo(Ljava/lang/Object;)I @ 52
Event: 100.367 Thread 0x000000001a6d6000 Uncommon trap: reason=unstable_if action=reinterpret pc=0x0000000003359d68 method=java.util.Arrays.equals([Ljava/lang/Object;[Ljava/lang/Object;)Z @ 47
Event: 100.789 Thread 0x000000001a6d6000 Uncommon trap: reason=array_check action=maybe_recompile pc=0x0000000002c9b7d8 method=java.util.ComparableTimSort.binarySort([Ljava/lang/Object;III)V @ 193
Event: 101.099 Thread 0x000000001a6df800 Uncommon trap: reason=array_check action=maybe_recompile pc=0x0000000002c9b7d8 method=java.util.ComparableTimSort.binarySort([Ljava/lang/Object;III)V @ 193
Event: 102.111 Thread 0x000000001a6d6000 Uncommon trap: reason=array_check action=maybe_recompile pc=0x0000000002c9b7d8 method=java.util.ComparableTimSort.binarySort([Ljava/lang/Object;III)V @ 193
Event: 102.307 Thread 0x000000001a6d6000 Uncommon trap: reason=unstable_if action=reinterpret pc=0x0000000003fcb204 method=com.android.tools.r8.graph.k0.equals(Ljava/lang/Object;)Z @ 28
Event: 102.749 Thread 0x000000001a6d4800 Uncommon trap: reason=predicate action=maybe_recompile pc=0x00000000044ef3e4 method=com.android.tools.r8.z.a.a.f.a(Lcom/android/tools/r8/z/a/a/h;[Lcom/android/tools/r8/z/a/a/d;I)V @ 1342
Event: 102.749 Thread 0x000000001a6da800 Uncommon trap: reason=unstable_if action=reinterpret pc=0x0000000004bc7f6c method=com.android.tools.r8.t.a.a.a.f.X$e.contains(Ljava/lang/Object;)Z @ 124
Event: 103.893 Thread 0x000000001a6d6000 Uncommon trap: reason=unstable_if action=reinterpret pc=0x00000000049dc3b0 method=com.android.tools.r8.ir.conversion.o.a(ILcom/android/tools/r8/ir/conversion/N;)I @ 165

Classes redefined (0 events):
No events

Internal exceptions (10 events):
Event: 91.750 Thread 0x000000001a6d9800 Exception <a 'java/lang/NoSuchMethodError': java.lang.Object.b(Lcom/android/tools/r8/graph/p1$b;)Lcom/android/tools/r8/graph/p1$b;> (0x00000000da3300e0) thrown at [C:\src\AOSP-openjdk-git\hotspot\src\share\vm\interpreter\linkResolver.cpp, line 620]
Event: 91.988 Thread 0x000000001a6df800 Exception <a 'java/lang/NoSuchMethodError': java.lang.Object.lambda$maxBy$1(Ljava/util/Comparator;Ljava/lang/Object;Ljava/lang/Object;)Ljava/lang/Object;> (0x00000000dbd01e68) thrown at [C:\src\AOSP-openjdk-git\hotspot\src\share\vm\interpreter\linkResolve
Event: 96.925 Thread 0x000000001a6df800 Exception <a 'sun/nio/fs/WindowsException'> (0x00000000d9a003f8) thrown at [C:\src\AOSP-openjdk-git\hotspot\src\share\vm\prims\jni.cpp, line 710]
Event: 97.544 Thread 0x000000001a6df800 Exception <a 'sun/nio/fs/WindowsException'> (0x00000000db99c4c0) thrown at [C:\src\AOSP-openjdk-git\hotspot\src\share\vm\prims\jni.cpp, line 710]
Event: 100.667 Thread 0x000000001a6d6000 Exception <a 'sun/nio/fs/WindowsException'> (0x00000000dc5a2c58) thrown at [C:\src\AOSP-openjdk-git\hotspot\src\share\vm\prims\jni.cpp, line 710]
Event: 100.805 Thread 0x000000001a6d6000 Exception <a 'sun/nio/fs/WindowsException'> (0x00000000dde93cb8) thrown at [C:\src\AOSP-openjdk-git\hotspot\src\share\vm\prims\jni.cpp, line 710]
Event: 100.904 Thread 0x000000001a6df800 Exception <a 'sun/nio/fs/WindowsException'> (0x00000000de8220a0) thrown at [C:\src\AOSP-openjdk-git\hotspot\src\share\vm\prims\jni.cpp, line 710]
Event: 101.247 Thread 0x000000001a6df800 Exception <a 'sun/nio/fs/WindowsException'> (0x00000000d5ae3d50) thrown at [C:\src\AOSP-openjdk-git\hotspot\src\share\vm\prims\jni.cpp, line 710]
Event: 101.996 Thread 0x000000001a6d6000 Exception <a 'sun/nio/fs/WindowsException'> (0x00000000d9ac9138) thrown at [C:\src\AOSP-openjdk-git\hotspot\src\share\vm\prims\jni.cpp, line 710]
Event: 102.255 Thread 0x000000001a6d6000 Exception <a 'sun/nio/fs/WindowsException'> (0x00000000dbf58b38) thrown at [C:\src\AOSP-openjdk-git\hotspot\src\share\vm\prims\jni.cpp, line 710]

Events (10 events):
Event: 103.323 Thread 0x0000000019770800 flushing nmethod 0x00000000037e0810
Event: 103.324 Thread 0x0000000019770800 flushing nmethod 0x0000000003864c50
Event: 103.336 Thread 0x0000000019770800 flushing nmethod 0x000000000395bd90
Event: 103.337 Thread 0x0000000019770800 flushing nmethod 0x0000000003a7e290
Event: 103.338 Thread 0x0000000019770800 flushing nmethod 0x0000000003ad8410
Event: 103.339 Thread 0x0000000019770800 flushing nmethod 0x0000000003b1fe10
Event: 103.359 Thread 0x0000000019770800 flushing nmethod 0x0000000003b37e50
Event: 103.893 Thread 0x000000001a6d6000 Uncommon trap: trap_request=0xffffff65 fr.pc=0x00000000049dc3b0
Event: 103.893 Thread 0x000000001a6d6000 DEOPT PACKING pc=0x00000000049dc3b0 sp=0x0000000022ffa210
Event: 103.893 Thread 0x000000001a6d6000 DEOPT UNPACKING pc=0x00000000028c557b sp=0x0000000022ffa1f0 mode 2


Dynamic libraries:
0x00007ff75d310000 - 0x00007ff75d341000 	C:\Program Files\Android\Android Studio\jre\bin\java.exe
0x00007ff9132b0000 - 0x00007ff9134a5000 	C:\WINDOWS\SYSTEM32\ntdll.dll
0x00007ff911340000 - 0x00007ff9113fd000 	C:\WINDOWS\System32\KERNEL32.DLL
0x00007ff910ba0000 - 0x00007ff910e69000 	C:\WINDOWS\System32\KERNELBASE.dll
0x00007ff912220000 - 0x00007ff9122cc000 	C:\WINDOWS\System32\ADVAPI32.dll
0x00007ff912a20000 - 0x00007ff912abe000 	C:\WINDOWS\System32\msvcrt.dll
0x00007ff911400000 - 0x00007ff91149c000 	C:\WINDOWS\System32\sechost.dll
0x00007ff911e90000 - 0x00007ff911fbb000 	C:\WINDOWS\System32\RPCRT4.dll
0x00007ff912fb0000 - 0x00007ff913150000 	C:\WINDOWS\System32\USER32.dll
0x00007ff910af0000 - 0x00007ff910b12000 	C:\WINDOWS\System32\win32u.dll
0x00007ff911310000 - 0x00007ff91133a000 	C:\WINDOWS\System32\GDI32.dll
0x00007ff910fd0000 - 0x00007ff9110db000 	C:\WINDOWS\System32\gdi32full.dll
0x00007ff911270000 - 0x00007ff91130d000 	C:\WINDOWS\System32\msvcp_win.dll
0x00007ff911110000 - 0x00007ff911210000 	C:\WINDOWS\System32\ucrtbase.dll
0x00007ff8f3720000 - 0x00007ff8f39ba000 	C:\WINDOWS\WinSxS\amd64_microsoft.windows.common-controls_6595b64144ccf1df_6.0.19041.844_none_ca00b6081b84eb1d\COMCTL32.dll
0x00007ff911e50000 - 0x00007ff911e80000 	C:\WINDOWS\System32\IMM32.DLL
0x0000000058b50000 - 0x0000000058c22000 	C:\Program Files\Android\Android Studio\jre\jre\bin\msvcr100.dll
0x0000000058d10000 - 0x000000005955b000 	C:\Program Files\Android\Android Studio\jre\jre\bin\server\jvm.dll
0x00007ff911550000 - 0x00007ff911558000 	C:\WINDOWS\System32\PSAPI.DLL
0x00007ff8fdf80000 - 0x00007ff8fdf89000 	C:\WINDOWS\SYSTEM32\WSOCK32.dll
0x00007ff912150000 - 0x00007ff9121bb000 	C:\WINDOWS\System32\WS2_32.dll
0x00007ff902170000 - 0x00007ff902197000 	C:\WINDOWS\SYSTEM32\WINMM.dll
0x00007ff90a610000 - 0x00007ff90a61a000 	C:\WINDOWS\SYSTEM32\VERSION.dll
0x00007ff901a80000 - 0x00007ff901a8f000 	C:\Program Files\Android\Android Studio\jre\jre\bin\verify.dll
0x00007ff8ed450000 - 0x00007ff8ed479000 	C:\Program Files\Android\Android Studio\jre\jre\bin\java.dll
0x00007ff8ed430000 - 0x00007ff8ed446000 	C:\Program Files\Android\Android Studio\jre\jre\bin\zip.dll
0x00007ff911560000 - 0x00007ff911ca2000 	C:\WINDOWS\System32\SHELL32.dll
0x00007ff90e470000 - 0x00007ff90ec00000 	C:\WINDOWS\SYSTEM32\windows.storage.dll
0x00007ff912bc0000 - 0x00007ff912f15000 	C:\WINDOWS\System32\combase.dll
0x00007ff910390000 - 0x00007ff9103bc000 	C:\WINDOWS\SYSTEM32\Wldp.dll
0x00007ff9114a0000 - 0x00007ff91154e000 	C:\WINDOWS\System32\SHCORE.dll
0x00007ff9121c0000 - 0x00007ff912215000 	C:\WINDOWS\System32\shlwapi.dll
0x00007ff910930000 - 0x00007ff91094f000 	C:\WINDOWS\SYSTEM32\profapi.dll
0x00007ff8ed410000 - 0x00007ff8ed42a000 	C:\Program Files\Android\Android Studio\jre\jre\bin\net.dll
0x00007ff910110000 - 0x00007ff91017a000 	C:\WINDOWS\system32\mswsock.dll
0x00007ff8ed3f0000 - 0x00007ff8ed403000 	C:\Program Files\Android\Android Studio\jre\jre\bin\nio.dll
0x00007ff8edda0000 - 0x00007ff8eddc7000 	C:\Users\KimHanbi\.gradle\native\f6784746aeab05261644944871eae4fe03e0ef1612fff0a4a95f87b438bc6780\windows-amd64\native-platform.dll
0x00007ff8ff9f0000 - 0x00007ff8ff9fd000 	C:\Program Files\Android\Android Studio\jre\jre\bin\management.dll
0x00007ff9102e0000 - 0x00007ff9102f8000 	C:\WINDOWS\SYSTEM32\CRYPTSP.dll
0x00007ff90fab0000 - 0x00007ff90fae4000 	C:\WINDOWS\system32\rsaenh.dll
0x00007ff9110e0000 - 0x00007ff911107000 	C:\WINDOWS\System32\bcrypt.dll
0x00007ff9108f0000 - 0x00007ff91091e000 	C:\WINDOWS\SYSTEM32\USERENV.dll
0x00007ff910b20000 - 0x00007ff910ba0000 	C:\WINDOWS\System32\bcryptprimitives.dll
0x00007ff910300000 - 0x00007ff91030c000 	C:\WINDOWS\SYSTEM32\CRYPTBASE.dll
0x00007ff90fe00000 - 0x00007ff90fe3b000 	C:\WINDOWS\SYSTEM32\IPHLPAPI.DLL
0x00007ff911e80000 - 0x00007ff911e88000 	C:\WINDOWS\System32\NSI.dll
0x00007ff90a7c0000 - 0x00007ff90a7d7000 	C:\WINDOWS\SYSTEM32\dhcpcsvc6.DLL
0x00007ff90a7a0000 - 0x00007ff90a7bd000 	C:\WINDOWS\SYSTEM32\dhcpcsvc.DLL
0x00007ff90fe40000 - 0x00007ff90ff0b000 	C:\WINDOWS\SYSTEM32\DNSAPI.dll
0x00007ff90b6c0000 - 0x00007ff90b6cb000 	C:\WINDOWS\SYSTEM32\WINNSI.DLL

VM Arguments:
jvm_args: -Xmx2048m -Dfile.encoding=UTF-8 -Duser.country=KR -Duser.language=ko -Duser.variant 
java_command: org.gradle.launcher.daemon.bootstrap.GradleDaemon 6.5
java_class_path (initial): C:\Users\KimHanbi\.gradle\wrapper\dists\gradle-6.5-bin\6nifqtx7604sqp1q6g8wikw7p\gradle-6.5\lib\gradle-launcher-6.5.jar
Launcher Type: SUN_STANDARD

Environment Variables:
JAVA_HOME=C:\Program Files\Java\jdk1.8.0_251
CLASSPATH=%classpath%;;;
PATH=C:\Program Files\Java\jdk1.8.0_251\bin;C:\Program Files (x86)\Common Files\Oracle\Java\javapath;C:\Program Files (x86)\Intel\iCLS Client\;C:\Program Files\Intel\iCLS Client\;C:\WINDOWS\system32;C:\WINDOWS;C:\WINDOWS\System32\Wbem;C:\WINDOWS\System32\WindowsPowerShell\v1.0\;C:\Program Files (x86)\Intel\Intel(R) Management Engine Components\DAL;C:\Program Files\Intel\Intel(R) Management Engine Components\DAL;C:\Program Files (x86)\Intel\Intel(R) Management Engine Components\IPT;C:\Program Files\Intel\Intel(R) Management Engine Components\IPT;C:\Program Files\Intel\WiFi\bin\;C:\Program Files\Common Files\Intel\WirelessCommon\;C:\WINDOWS\System32\OpenSSH\;C:\MinGW\bin;C:\Program Files\Java\jdk1.8.0_251\bin;C:\Program Files\Git\cmd;C:\Program Files\MySQL\MySQL Server 8.0\bin;C:\ProgramData\chocolatey\bin;C:\Program Files\nodejs\;C:\Program Files\MySQL\MySQL Shell 8.0\bin\;C:\Python\Python36\Scripts\;C:\Python\Python36\;C:\Users\KimHanbi\AppData\Local\Microsoft\WindowsApps;C:\Users\KimHanbi\AppData\Local\Programs\Microsoft VS Code\bin;C:\Users\KimHanbi\AppData\Roaming\npm;C:\Program Files\Android\Android Studio\jre\bin;C:\Users\KimHanbi\AppData\Local\gitkraken\bin
USERNAME=KimHanbi
OS=Windows_NT
PROCESSOR_IDENTIFIER=Intel64 Family 6 Model 142 Stepping 10, GenuineIntel



---------------  S Y S T E M  ---------------

OS: Windows 10.0 , 64 bit Build 19041 (10.0.19041.804)

CPU:total 8 (initial active 8) (4 cores per cpu, 2 threads per core) family 6 model 142 stepping 10, cmov, cx8, fxsr, mmx, sse, sse2, sse3, ssse3, sse4.1, sse4.2, popcnt, avx, avx2, aes, clmul, erms, 3dnowpref, lzcnt, ht, tsc, tscinvbit, bmi1, bmi2, adx

Memory: 4k page, physical 8217940k(540356k free), swap 8217940k(2740k free)

vm_info: OpenJDK 64-Bit Server VM (25.242-b01) for windows-amd64 JRE (1.8.0_242-release-1644-b01), built by "builder" with MS VC++ 10.0 (VS2010)

time: Tue Mar 23 20:03:10 2021
timezone: 대한민국 표준시
elapsed time: 103 seconds (0d 0h 1m 43s)

