#
# There is insufficient memory for the Java Runtime Environment to continue.
# Native memory allocation (malloc) failed to allocate 1188336 bytes for Chunk::new
# Possible reasons:
#   The system is out of physical RAM or swap space
#   The process is running with CompressedOops enabled, and the Java Heap may be blocking the growth of the native heap
# Possible solutions:
#   Reduce memory load on the system
#   Increase physical memory or swap space
#   Check if swap backing store is full
#   Decrease Java heap size (-Xmx/-Xms)
#   Decrease number of Java threads
#   Decrease Java thread stack sizes (-Xss)
#   Set larger code cache with -XX:ReservedCodeCacheSize=
#   JVM is running with Unscaled Compressed Oops mode in which the Java heap is
#     placed in the first 4GB address space. The Java Heap base address is the
#     maximum limit for the native heap growth. Please use -XX:HeapBaseMinAddress
#     to set the Java Heap base and to place the Java Heap above 4GB virtual address.
# This output file may be truncated or incomplete.
#
#  Out of Memory Error (allocation.cpp:389), pid=10988, tid=0x000000000000245c
#
# JRE version: OpenJDK Runtime Environment (8.0_242-b01) (build 1.8.0_242-release-1644-b01)
# Java VM: OpenJDK 64-Bit Server VM (25.242-b01 mixed mode windows-amd64 compressed oops)
# Failed to write core dump. Minidumps are not enabled by default on client versions of Windows
#

---------------  T H R E A D  ---------------

Current thread (0x0000000019c8e800):  JavaThread "C2 CompilerThread0" daemon [_thread_in_native, id=9308, stack(0x000000001a4e0000,0x000000001a5e0000)]

Stack: [0x000000001a4e0000,0x000000001a5e0000]
[error occurred during error reporting (printing stack bounds), id 0xc0000005]

Native frames: (J=compiled Java code, j=interpreted, Vv=VM code, C=native code)


Current CompileTask:
C2:  64345 7104       4       java.lang.Class::getMethod0 (40 bytes)


---------------  P R O C E S S  ---------------

Java Threads: ( => current thread )
  0x000000001c788000 JavaThread "Cache worker for Build Output Cleanup Cache (C:\Users\KimHanbi\AndroidStudioProjects\UntactShop\.gradle\buildOutputCleanup)" [_thread_blocked, id=8656, stack(0x000000002ace0000,0x000000002ade0000)]
  0x000000001c787000 JavaThread "jar transforms Thread 99" [_thread_blocked, id=9684, stack(0x000000002a9e0000,0x000000002aae0000)]
  0x000000001c785800 JavaThread "jar transforms Thread 98" [_thread_blocked, id=7984, stack(0x000000002a8e0000,0x000000002a9e0000)]
  0x000000001c783800 JavaThread "jar transforms Thread 97" [_thread_blocked, id=5136, stack(0x000000002a7e0000,0x000000002a8e0000)]
  0x000000001c782800 JavaThread "jar transforms Thread 96" [_thread_blocked, id=11080, stack(0x000000002a6e0000,0x000000002a7e0000)]
  0x000000001c785000 JavaThread "jar transforms Thread 95" [_thread_blocked, id=13308, stack(0x000000002a5e0000,0x000000002a6e0000)]
  0x000000001c779800 JavaThread "jar transforms Thread 94" [_thread_blocked, id=13464, stack(0x000000002a4e0000,0x000000002a5e0000)]
  0x000000001c77f000 JavaThread "jar transforms Thread 93" [_thread_blocked, id=5704, stack(0x000000002a3e0000,0x000000002a4e0000)]
  0x000000001c77b000 JavaThread "jar transforms Thread 92" [_thread_blocked, id=8948, stack(0x000000002a2e0000,0x000000002a3e0000)]
  0x000000001c77f800 JavaThread "jar transforms Thread 91" [_thread_blocked, id=624, stack(0x000000002a1e0000,0x000000002a2e0000)]
  0x000000001c77d800 JavaThread "jar transforms Thread 90" [_thread_blocked, id=11496, stack(0x000000002a0e0000,0x000000002a1e0000)]
  0x000000001c780800 JavaThread "jar transforms Thread 89" [_thread_blocked, id=14176, stack(0x0000000029fe0000,0x000000002a0e0000)]
  0x000000001c77c000 JavaThread "jar transforms Thread 88" [_thread_blocked, id=2056, stack(0x0000000029ee0000,0x0000000029fe0000)]
  0x000000001c77e000 JavaThread "jar transforms Thread 87" [_thread_blocked, id=12624, stack(0x0000000029de0000,0x0000000029ee0000)]
  0x000000001c77c800 JavaThread "jar transforms Thread 86" [_thread_blocked, id=1820, stack(0x0000000029ce0000,0x0000000029de0000)]
  0x000000001c77a800 JavaThread "jar transforms Thread 85" [_thread_blocked, id=3188, stack(0x0000000029be0000,0x0000000029ce0000)]
  0x000000001f52a000 JavaThread "jar transforms Thread 84" [_thread_blocked, id=632, stack(0x0000000029ae0000,0x0000000029be0000)]
  0x000000001f529000 JavaThread "jar transforms Thread 83" [_thread_blocked, id=10032, stack(0x00000000299e0000,0x0000000029ae0000)]
  0x000000001f528800 JavaThread "jar transforms Thread 82" [_thread_blocked, id=10596, stack(0x00000000298e0000,0x00000000299e0000)]
  0x000000001f527800 JavaThread "jar transforms Thread 81" [_thread_blocked, id=700, stack(0x00000000297e0000,0x00000000298e0000)]
  0x000000001f527000 JavaThread "jar transforms Thread 80" [_thread_blocked, id=5332, stack(0x00000000296e0000,0x00000000297e0000)]
  0x000000001f51f800 JavaThread "jar transforms Thread 79" [_thread_blocked, id=2752, stack(0x00000000295e0000,0x00000000296e0000)]
  0x000000001f526000 JavaThread "jar transforms Thread 78" [_thread_blocked, id=9184, stack(0x00000000294e0000,0x00000000295e0000)]
  0x000000001f524000 JavaThread "jar transforms Thread 77" [_thread_blocked, id=2812, stack(0x00000000293e0000,0x00000000294e0000)]
  0x000000001f525800 JavaThread "jar transforms Thread 76" [_thread_blocked, id=8096, stack(0x00000000292e0000,0x00000000293e0000)]
  0x000000001f51e800 JavaThread "jar transforms Thread 75" [_thread_blocked, id=12148, stack(0x00000000291e0000,0x00000000292e0000)]
  0x000000001f524800 JavaThread "jar transforms Thread 74" [_thread_blocked, id=2200, stack(0x00000000290e0000,0x00000000291e0000)]
  0x000000001f51c800 JavaThread "jar transforms Thread 73" [_thread_blocked, id=2020, stack(0x0000000028fe0000,0x00000000290e0000)]
  0x000000001f523000 JavaThread "jar transforms Thread 72" [_thread_blocked, id=13860, stack(0x0000000028ee0000,0x0000000028fe0000)]
  0x000000001f51b800 JavaThread "jar transforms Thread 71" [_thread_blocked, id=13936, stack(0x0000000028de0000,0x0000000028ee0000)]
  0x000000001f522800 JavaThread "jar transforms Thread 70" [_thread_blocked, id=1400, stack(0x0000000028ce0000,0x0000000028de0000)]
  0x000000001f51d000 JavaThread "jar transforms Thread 69" [_thread_blocked, id=5504, stack(0x0000000028be0000,0x0000000028ce0000)]
  0x000000001f51b000 JavaThread "jar transforms Thread 68" [_thread_blocked, id=11788, stack(0x0000000028ae0000,0x0000000028be0000)]
  0x000000001f51e000 JavaThread "jar transforms Thread 67" [_thread_blocked, id=7464, stack(0x00000000289e0000,0x0000000028ae0000)]
  0x000000001f521000 JavaThread "jar transforms Thread 66" [_thread_blocked, id=9272, stack(0x00000000288e0000,0x00000000289e0000)]
  0x000000001f521800 JavaThread "jar transforms Thread 65" [_thread_blocked, id=2160, stack(0x00000000287e0000,0x00000000288e0000)]
  0x000000001f520000 JavaThread "jar transforms Thread 64" [_thread_blocked, id=9208, stack(0x00000000286e0000,0x00000000287e0000)]
  0x000000001c6e3800 JavaThread "jar transforms Thread 63" [_thread_blocked, id=13956, stack(0x00000000285e0000,0x00000000286e0000)]
  0x000000001c6e3000 JavaThread "jar transforms Thread 62" [_thread_blocked, id=6876, stack(0x00000000284e0000,0x00000000285e0000)]
  0x000000001c6e2000 JavaThread "jar transforms Thread 61" [_thread_blocked, id=6672, stack(0x00000000283e0000,0x00000000284e0000)]
  0x000000001c6e1800 JavaThread "jar transforms Thread 60" [_thread_blocked, id=5164, stack(0x00000000282e0000,0x00000000283e0000)]
  0x000000001c6e0000 JavaThread "jar transforms Thread 59" [_thread_blocked, id=8712, stack(0x00000000281e0000,0x00000000282e0000)]
  0x000000001c6df000 JavaThread "jar transforms Thread 58" [_thread_blocked, id=6528, stack(0x00000000280e0000,0x00000000281e0000)]
  0x000000001c6e0800 JavaThread "jar transforms Thread 57" [_thread_blocked, id=6700, stack(0x0000000027fe0000,0x00000000280e0000)]
  0x000000001c6de800 JavaThread "jar transforms Thread 56" [_thread_blocked, id=12940, stack(0x0000000027ee0000,0x0000000027fe0000)]
  0x000000001c6d7000 JavaThread "jar transforms Thread 55" [_thread_blocked, id=3876, stack(0x0000000027de0000,0x0000000027ee0000)]
  0x000000001c6dd800 JavaThread "jar transforms Thread 54" [_thread_blocked, id=4744, stack(0x0000000027ce0000,0x0000000027de0000)]
  0x000000001c6dd000 JavaThread "jar transforms Thread 53" [_thread_blocked, id=13268, stack(0x0000000027be0000,0x0000000027ce0000)]
  0x000000001c6dc000 JavaThread "jar transforms Thread 52" [_thread_blocked, id=6888, stack(0x0000000027ae0000,0x0000000027be0000)]
  0x000000001c6d4800 JavaThread "jar transforms Thread 51" [_thread_blocked, id=8472, stack(0x00000000279e0000,0x0000000027ae0000)]
  0x000000001c6d6000 JavaThread "jar transforms Thread 50" [_thread_blocked, id=10432, stack(0x00000000278e0000,0x00000000279e0000)]
  0x000000001c6db800 JavaThread "jar transforms Thread 49" [_thread_blocked, id=6992, stack(0x00000000277e0000,0x00000000278e0000)]
  0x000000001c6da800 JavaThread "jar transforms Thread 48" [_thread_blocked, id=1768, stack(0x00000000276e0000,0x00000000277e0000)]
  0x000000001c6d7800 JavaThread "jar transforms Thread 47" [_thread_blocked, id=7720, stack(0x00000000275e0000,0x00000000276e0000)]
  0x000000001c6d9000 JavaThread "jar transforms Thread 46" [_thread_blocked, id=9820, stack(0x00000000274e0000,0x00000000275e0000)]
  0x000000001c6d8800 JavaThread "jar transforms Thread 45" [_thread_blocked, id=8964, stack(0x00000000273e0000,0x00000000274e0000)]
  0x000000001c6d5800 JavaThread "jar transforms Thread 44" [_thread_blocked, id=8928, stack(0x00000000272e0000,0x00000000273e0000)]
  0x000000001c6da000 JavaThread "jar transforms Thread 43" [_thread_blocked, id=14088, stack(0x00000000271e0000,0x00000000272e0000)]
  0x0000000021717800 JavaThread "jar transforms Thread 42" [_thread_blocked, id=9484, stack(0x00000000270e0000,0x00000000271e0000)]
  0x0000000021718800 JavaThread "jar transforms Thread 41" [_thread_blocked, id=4020, stack(0x0000000026fe0000,0x00000000270e0000)]
  0x0000000021717000 JavaThread "jar transforms Thread 40" [_thread_blocked, id=3968, stack(0x0000000026ee0000,0x0000000026fe0000)]
  0x0000000021719000 JavaThread "jar transforms Thread 39" [_thread_blocked, id=2248, stack(0x0000000026de0000,0x0000000026ee0000)]
  0x0000000021716000 JavaThread "jar transforms Thread 38" [_thread_blocked, id=3192, stack(0x0000000026ce0000,0x0000000026de0000)]
  0x0000000021715800 JavaThread "jar transforms Thread 37" [_thread_blocked, id=9132, stack(0x0000000026be0000,0x0000000026ce0000)]
  0x000000002170d800 JavaThread "jar transforms Thread 36" [_thread_blocked, id=9924, stack(0x0000000026ae0000,0x0000000026be0000)]
  0x0000000021714800 JavaThread "jar transforms Thread 35" [_thread_blocked, id=5844, stack(0x00000000269e0000,0x0000000026ae0000)]
  0x0000000021713800 JavaThread "jar transforms Thread 34" [_thread_blocked, id=12976, stack(0x00000000268e0000,0x00000000269e0000)]
  0x0000000021713000 JavaThread "jar transforms Thread 33" [_thread_blocked, id=9528, stack(0x00000000267e0000,0x00000000268e0000)]
  0x000000002170c000 JavaThread "jar transforms Thread 32" [_thread_blocked, id=10876, stack(0x00000000266e0000,0x00000000267e0000)]
  0x000000002170b800 JavaThread "jar transforms Thread 31" [_thread_blocked, id=13296, stack(0x00000000265e0000,0x00000000266e0000)]
  0x0000000021712000 JavaThread "jar transforms Thread 30" [_thread_blocked, id=10936, stack(0x00000000264e0000,0x00000000265e0000)]
  0x0000000021711800 JavaThread "jar transforms Thread 29" [_thread_blocked, id=5352, stack(0x00000000263e0000,0x00000000264e0000)]
  0x000000002170a000 JavaThread "jar transforms Thread 28" [_thread_blocked, id=8320, stack(0x00000000262e0000,0x00000000263e0000)]
  0x0000000021710800 JavaThread "jar transforms Thread 27" [_thread_blocked, id=10580, stack(0x00000000261e0000,0x00000000262e0000)]
  0x0000000021710000 JavaThread "jar transforms Thread 26" [_thread_blocked, id=716, stack(0x00000000260e0000,0x00000000261e0000)]
  0x000000002170d000 JavaThread "jar transforms Thread 25" [_thread_blocked, id=6476, stack(0x0000000025fe0000,0x00000000260e0000)]
  0x000000002170a800 JavaThread "jar transforms Thread 24" [_thread_blocked, id=7876, stack(0x0000000025ee0000,0x0000000025fe0000)]
  0x000000002170f000 JavaThread "jar transforms Thread 23" [_thread_blocked, id=5688, stack(0x0000000025de0000,0x0000000025ee0000)]
  0x000000002170e800 JavaThread "jar transforms Thread 22" [_thread_blocked, id=9616, stack(0x0000000025ce0000,0x0000000025de0000)]
  0x000000001bc6f800 JavaThread "jar transforms Thread 21" [_thread_blocked, id=11040, stack(0x0000000025be0000,0x0000000025ce0000)]
  0x000000001bc6f000 JavaThread "jar transforms Thread 20" [_thread_blocked, id=2416, stack(0x0000000025ae0000,0x0000000025be0000)]
  0x000000001bc76000 JavaThread "jar transforms Thread 19" [_thread_blocked, id=11132, stack(0x00000000259e0000,0x0000000025ae0000)]
  0x000000001bc75000 JavaThread "jar transforms Thread 18" [_thread_blocked, id=7356, stack(0x00000000258e0000,0x00000000259e0000)]
  0x000000001bc74800 JavaThread "jar transforms Thread 17" [_thread_blocked, id=3804, stack(0x00000000257e0000,0x00000000258e0000)]
  0x000000001bc73800 JavaThread "jar transforms Thread 16" [_thread_blocked, id=7896, stack(0x00000000256e0000,0x00000000257e0000)]
  0x000000001bc72000 JavaThread "jar transforms Thread 15" [_thread_blocked, id=12032, stack(0x00000000255e0000,0x00000000256e0000)]
  0x000000001bc70800 JavaThread "jar transforms Thread 14" [_thread_blocked, id=6388, stack(0x00000000254e0000,0x00000000255e0000)]
  0x000000001bc72800 JavaThread "jar transforms Thread 13" [_thread_blocked, id=8020, stack(0x00000000253e0000,0x00000000254e0000)]
  0x000000001bc71000 JavaThread "jar transforms Thread 12" [_thread_blocked, id=8892, stack(0x00000000252e0000,0x00000000253e0000)]
  0x000000001bc67800 JavaThread "jar transforms Thread 11" [_thread_blocked, id=7184, stack(0x00000000251e0000,0x00000000252e0000)]
  0x000000001bc69800 JavaThread "jar transforms Thread 10" [_thread_blocked, id=428, stack(0x00000000250e0000,0x00000000251e0000)]
  0x000000001bc6d800 JavaThread "jar transforms Thread 9" [_thread_blocked, id=11048, stack(0x0000000024fe0000,0x00000000250e0000)]
  0x000000001bc6e000 JavaThread "jar transforms Thread 8" [_thread_blocked, id=1408, stack(0x0000000024ee0000,0x0000000024fe0000)]
  0x000000001bc6c800 JavaThread "jar transforms Thread 7" [_thread_blocked, id=4868, stack(0x0000000024de0000,0x0000000024ee0000)]
  0x000000001bc6b000 JavaThread "jar transforms Thread 6" [_thread_blocked, id=12072, stack(0x0000000024ce0000,0x0000000024de0000)]
  0x000000001bc6c000 JavaThread "jar transforms Thread 5" [_thread_blocked, id=2860, stack(0x0000000024be0000,0x0000000024ce0000)]
  0x000000001bc69000 JavaThread "jar transforms Thread 4" [_thread_blocked, id=3556, stack(0x0000000024ae0000,0x0000000024be0000)]
  0x000000001bc6a800 JavaThread "jar transforms Thread 3" [_thread_blocked, id=10156, stack(0x00000000249e0000,0x0000000024ae0000)]
  0x000000001bc68000 JavaThread "jar transforms Thread 2" [_thread_blocked, id=2476, stack(0x0000000024150000,0x0000000024250000)]
  0x000000001bc66800 JavaThread "Build operations Thread 8" [_thread_blocked, id=12904, stack(0x00000000246e0000,0x00000000247e0000)]
  0x000000001bd35800 JavaThread "Build operations Thread 7" [_thread_blocked, id=2568, stack(0x00000000245e0000,0x00000000246e0000)]
  0x000000001bd34000 JavaThread "Build operations Thread 6" [_thread_blocked, id=10284, stack(0x00000000244e0000,0x00000000245e0000)]
  0x000000001bd33800 JavaThread "Build operations Thread 5" [_thread_blocked, id=952, stack(0x00000000243e0000,0x00000000244e0000)]
  0x000000001bd32800 JavaThread "Build operations Thread 4" [_thread_blocked, id=10792, stack(0x00000000242e0000,0x00000000243e0000)]
  0x000000001bd36800 JavaThread "Build operations Thread 3" [_thread_blocked, id=7648, stack(0x0000000023770000,0x0000000023870000)]
  0x000000001bd32000 JavaThread "Build operations Thread 2" [_thread_blocked, id=10896, stack(0x0000000023670000,0x0000000023770000)]
  0x000000001bd30800 JavaThread "Build operations" [_thread_blocked, id=12332, stack(0x0000000023570000,0x0000000023670000)]
  0x000000001bfe1000 JavaThread "Cache worker for file content cache (C:\Users\KimHanbi\.gradle\caches\6.5\fileContent)" [_thread_blocked, id=7948, stack(0x0000000022c70000,0x0000000022d70000)]
  0x000000001bfdd800 JavaThread "jar transforms" [_thread_blocked, id=12208, stack(0x0000000022b70000,0x0000000022c70000)]
  0x000000001bfda800 JavaThread "Cache worker for execution history cache (C:\Users\KimHanbi\.gradle\caches\6.5\executionHistory)" [_thread_blocked, id=13744, stack(0x0000000022470000,0x0000000022570000)]
  0x000000001bfe0800 JavaThread "Cache worker for cache directory md-rule (C:\Users\KimHanbi\.gradle\caches\6.5\md-rule)" [_thread_blocked, id=11856, stack(0x0000000022370000,0x0000000022470000)]
  0x000000001bfdc000 JavaThread "Cache worker for cache directory md-supplier (C:\Users\KimHanbi\.gradle\caches\6.5\md-supplier)" [_thread_blocked, id=11076, stack(0x0000000020e20000,0x0000000020f20000)]
  0x000000001bfdf000 JavaThread "Cache worker for checksums cache (C:\Users\KimHanbi\AndroidStudioProjects\UntactShop\.gradle\checksums)" [_thread_blocked, id=7416, stack(0x0000000020d20000,0x0000000020e20000)]
  0x000000001bfdf800 JavaThread "Cache worker for file hash cache (C:\Users\KimHanbi\AndroidStudioProjects\UntactShop\.gradle\6.5\fileHashes)" [_thread_blocked, id=11976, stack(0x00000000211b0000,0x00000000212b0000)]
  0x000000001bfde000 JavaThread "Cache worker for file hash cache (C:\Users\KimHanbi\.gradle\caches\6.5\fileHashes)" [_thread_blocked, id=12048, stack(0x000000001e880000,0x000000001e980000)]
  0x000000001bfdc800 JavaThread "File lock request listener" [_thread_in_native, id=9004, stack(0x000000001e780000,0x000000001e880000)]
  0x000000001ac06800 JavaThread "Cache worker for journal cache (C:\Users\KimHanbi\.gradle\caches\journal-1)" [_thread_blocked, id=4264, stack(0x000000001e680000,0x000000001e780000)]
  0x000000001a04b000 JavaThread "Thread-9" [_thread_blocked, id=13980, stack(0x000000001e380000,0x000000001e480000)]
  0x000000001ae65800 JavaThread "Stdin handler" [_thread_blocked, id=5432, stack(0x000000001e280000,0x000000001e380000)]
  0x000000001ae63000 JavaThread "Asynchronous log dispatcher for DefaultDaemonConnection: socket connection from /127.0.0.1:8644 to /127.0.0.1:8646" [_thread_blocked, id=10820, stack(0x000000001e180000,0x000000001e280000)]
  0x000000001ae49800 JavaThread "Daemon worker" [_thread_in_vm, id=1824, stack(0x000000001e080000,0x000000001e180000)]
  0x000000001a004800 JavaThread "Cancel handler" [_thread_blocked, id=10568, stack(0x000000001de80000,0x000000001df80000)]
  0x000000001c66d800 JavaThread "Handler for socket connection from /127.0.0.1:8644 to /127.0.0.1:8646" [_thread_in_native, id=1332, stack(0x000000001dd80000,0x000000001de80000)]
  0x000000001c66f800 JavaThread "Daemon" [_thread_blocked, id=8804, stack(0x000000001dc80000,0x000000001dd80000)]
  0x0000000019fe1000 JavaThread "Daemon periodic checks" [_thread_blocked, id=12248, stack(0x000000001d980000,0x000000001da80000)]
  0x000000001c64f000 JavaThread "Incoming local TCP Connector on port 8644" [_thread_in_native, id=12692, stack(0x000000001d7a0000,0x000000001d8a0000)]
  0x000000001abec800 JavaThread "Daemon health stats" [_thread_blocked, id=4288, stack(0x000000001d480000,0x000000001d580000)]
  0x0000000019d83800 JavaThread "Service Thread" daemon [_thread_blocked, id=13692, stack(0x000000001a8e0000,0x000000001a9e0000)]
  0x0000000019d16000 JavaThread "C1 CompilerThread3" daemon [_thread_blocked, id=7868, stack(0x000000001a7e0000,0x000000001a8e0000)]
  0x0000000017e8e000 JavaThread "C2 CompilerThread2" daemon [_thread_in_native, id=10980, stack(0x000000001a6e0000,0x000000001a7e0000)]
  0x0000000019c90800 JavaThread "C2 CompilerThread1" daemon [_thread_in_native, id=9544, stack(0x000000001a5e0000,0x000000001a6e0000)]
=>0x0000000019c8e800 JavaThread "C2 CompilerThread0" daemon [_thread_in_native, id=9308, stack(0x000000001a4e0000,0x000000001a5e0000)]
  0x0000000019c8b000 JavaThread "Attach Listener" daemon [_thread_blocked, id=12272, stack(0x000000001a3e0000,0x000000001a4e0000)]
  0x0000000019ce8000 JavaThread "Signal Dispatcher" daemon [_thread_blocked, id=13580, stack(0x000000001a2e0000,0x000000001a3e0000)]
  0x0000000019c70800 JavaThread "Finalizer" daemon [_thread_blocked, id=12040, stack(0x000000001a150000,0x000000001a250000)]
  0x0000000002e08000 JavaThread "Reference Handler" daemon [_thread_blocked, id=1212, stack(0x000000001a050000,0x000000001a150000)]
  0x0000000002d12800 JavaThread "main" [_thread_blocked, id=12264, stack(0x0000000002bf0000,0x0000000002cf0000)]

Other Threads:
  0x0000000017e76000 VMThread [stack: 0x0000000019b50000,0x0000000019c50000] [id=9532]
  0x0000000019d51000 WatcherThread [stack: 0x000000001a9e0000,0x000000001aae0000] [id=4168]

VM state:not at safepoint (normal execution)

VM Mutex/Monitor currently owned by a thread: None

heap address: 0x0000000080000000, size: 2048 MB, Compressed Oops mode: 32-bit
Narrow klass base: 0x0000000000000000, Narrow klass shift: 3
Compressed class space size: 1073741824 Address: 0x0000000100000000

Heap:
 PSYoungGen      total 224256K, used 90195K [0x00000000d5580000, 0x00000000e7180000, 0x0000000100000000)
  eden space 209920K, 42% used [0x00000000d5580000,0x00000000dad94eb8,0x00000000e2280000)
  from space 14336K, 0% used [0x00000000e2280000,0x00000000e2280000,0x00000000e3080000)
  to   space 17920K, 0% used [0x00000000e6000000,0x00000000e6000000,0x00000000e7180000)
 ParOldGen       total 112640K, used 36203K [0x0000000080000000, 0x0000000086e00000, 0x00000000d5580000)
  object space 112640K, 32% used [0x0000000080000000,0x000000008235ad78,0x0000000086e00000)
 Metaspace       used 59606K, capacity 61774K, committed 61912K, reserved 1103872K
  class space    used 7715K, capacity 8186K, committed 8192K, reserved 1048576K

Card table byte_map: [0x00000000121d0000,0x00000000125e0000] byte_map_base: 0x0000000011dd0000

Marking Bits: (ParMarkBitMap*) 0x00000000743ff030
 Begin Bits: [0x0000000013090000, 0x0000000015090000)
 End Bits:   [0x0000000015090000, 0x0000000017090000)

Polling page: 0x0000000000c00000

CodeCache: size=245760Kb used=21331Kb max_used=21476Kb free=224428Kb
 bounds [0x0000000002e10000, 0x0000000004350000, 0x0000000011e10000]
 total_blobs=7004 nmethods=6168 adapters=748
 compilation: enabled

Compilation events (10 events):
Event: 64.312 Thread 0x0000000019d16000 nmethod 7163 0x0000000003ab1b50 code [0x0000000003ab1ca0, 0x0000000003ab1e50]
Event: 64.317 Thread 0x0000000019d16000 7164       3       groovy.lang.MetaClassImpl::applyStrayPropertyMethods (293 bytes)
Event: 64.326 Thread 0x0000000019d16000 nmethod 7164 0x0000000002fd4c50 code [0x0000000002fd50e0, 0x0000000002fd8358]
Event: 64.326 Thread 0x0000000019d16000 7165       3       org.codehaus.groovy.reflection.CachedClass$3::initValue (5 bytes)
Event: 64.327 Thread 0x0000000019d16000 nmethod 7165 0x0000000003464250 code [0x00000000034643c0, 0x0000000003464568]
Event: 64.327 Thread 0x0000000019d16000 7166   !   3       org.codehaus.groovy.reflection.CachedClass$3$1::run (29 bytes)
Event: 64.328 Thread 0x0000000019d16000 nmethod 7166 0x0000000003427e90 code [0x0000000003428060, 0x0000000003428608]
Event: 64.330 Thread 0x0000000019d16000 7167       1       groovy.lang.GroovyObjectSupport::getMetaClass (5 bytes)
Event: 64.330 Thread 0x0000000019d16000 nmethod 7167 0x000000000324cd10 code [0x000000000324ce60, 0x000000000324cf70]
Event: 64.337 Thread 0x0000000019d16000 7168       3       java.beans.Introspector::throwsException (33 bytes)

GC Heap History (10 events):
Event: 31.699 GC heap before
{Heap before GC invocations=12 (full 2):
 PSYoungGen      total 137216K, used 125952K [0x00000000d5580000, 0x00000000e2700000, 0x0000000100000000)
  eden space 125952K, 100% used [0x00000000d5580000,0x00000000dd080000,0x00000000dd080000)
  from space 11264K, 0% used [0x00000000dd080000,0x00000000dd080000,0x00000000ddb80000)
  to   space 12288K, 0% used [0x00000000e1b00000,0x00000000e1b00000,0x00000000e2700000)
 ParOldGen       total 71680K, used 16617K [0x0000000080000000, 0x0000000084600000, 0x00000000d5580000)
  object space 71680K, 23% used [0x0000000080000000,0x000000008103a6f8,0x0000000084600000)
 Metaspace       used 44775K, capacity 46272K, committed 46424K, reserved 1089536K
  class space    used 5940K, capacity 6264K, committed 6272K, reserved 1048576K
Event: 31.737 GC heap after
Heap after GC invocations=12 (full 2):
 PSYoungGen      total 177664K, used 12282K [0x00000000d5580000, 0x00000000e2700000, 0x0000000100000000)
  eden space 165376K, 0% used [0x00000000d5580000,0x00000000d5580000,0x00000000df700000)
  from space 12288K, 99% used [0x00000000e1b00000,0x00000000e26fead8,0x00000000e2700000)
  to   space 14336K, 0% used [0x00000000e0b00000,0x00000000e0b00000,0x00000000e1900000)
 ParOldGen       total 71680K, used 17518K [0x0000000080000000, 0x0000000084600000, 0x00000000d5580000)
  object space 71680K, 24% used [0x0000000080000000,0x000000008111b940,0x0000000084600000)
 Metaspace       used 44775K, capacity 46272K, committed 46424K, reserved 1089536K
  class space    used 5940K, capacity 6264K, committed 6272K, reserved 1048576K
}
Event: 52.237 GC heap before
{Heap before GC invocations=13 (full 2):
 PSYoungGen      total 177664K, used 177658K [0x00000000d5580000, 0x00000000e2700000, 0x0000000100000000)
  eden space 165376K, 100% used [0x00000000d5580000,0x00000000df700000,0x00000000df700000)
  from space 12288K, 99% used [0x00000000e1b00000,0x00000000e26fead8,0x00000000e2700000)
  to   space 14336K, 0% used [0x00000000e0b00000,0x00000000e0b00000,0x00000000e1900000)
 ParOldGen       total 71680K, used 17518K [0x0000000080000000, 0x0000000084600000, 0x00000000d5580000)
  object space 71680K, 24% used [0x0000000080000000,0x000000008111b940,0x0000000084600000)
 Metaspace       used 46280K, capacity 47870K, committed 48088K, reserved 1091584K
  class space    used 6030K, capacity 6345K, committed 6400K, reserved 1048576K
Event: 52.264 GC heap after
Heap after GC invocations=13 (full 2):
 PSYoungGen      total 200192K, used 2358K [0x00000000d5580000, 0x00000000e3e80000, 0x0000000100000000)
  eden space 185856K, 0% used [0x00000000d5580000,0x00000000d5580000,0x00000000e0b00000)
  from space 14336K, 16% used [0x00000000e0b00000,0x00000000e0d4d928,0x00000000e1900000)
  to   space 14336K, 0% used [0x00000000e3080000,0x00000000e3080000,0x00000000e3e80000)
 ParOldGen       total 71680K, used 24600K [0x0000000080000000, 0x0000000084600000, 0x00000000d5580000)
  object space 71680K, 34% used [0x0000000080000000,0x0000000081806288,0x0000000084600000)
 Metaspace       used 46280K, capacity 47870K, committed 48088K, reserved 1091584K
  class space    used 6030K, capacity 6345K, committed 6400K, reserved 1048576K
}
Event: 56.564 GC heap before
{Heap before GC invocations=14 (full 2):
 PSYoungGen      total 200192K, used 188214K [0x00000000d5580000, 0x00000000e3e80000, 0x0000000100000000)
  eden space 185856K, 100% used [0x00000000d5580000,0x00000000e0b00000,0x00000000e0b00000)
  from space 14336K, 16% used [0x00000000e0b00000,0x00000000e0d4d928,0x00000000e1900000)
  to   space 14336K, 0% used [0x00000000e3080000,0x00000000e3080000,0x00000000e3e80000)
 ParOldGen       total 71680K, used 24600K [0x0000000080000000, 0x0000000084600000, 0x00000000d5580000)
  object space 71680K, 34% used [0x0000000080000000,0x0000000081806288,0x0000000084600000)
 Metaspace       used 46537K, capacity 48164K, committed 48344K, reserved 1091584K
  class space    used 6052K, capacity 6352K, committed 6400K, reserved 1048576K
Event: 56.572 GC heap after
Heap after GC invocations=14 (full 2):
 PSYoungGen      total 224256K, used 2644K [0x00000000d5580000, 0x00000000e5180000, 0x0000000100000000)
  eden space 209920K, 0% used [0x00000000d5580000,0x00000000d5580000,0x00000000e2280000)
  from space 14336K, 18% used [0x00000000e3080000,0x00000000e3315190,0x00000000e3e80000)
  to   space 14336K, 0% used [0x00000000e2280000,0x00000000e2280000,0x00000000e3080000)
 ParOldGen       total 71680K, used 24608K [0x0000000080000000, 0x0000000084600000, 0x00000000d5580000)
  object space 71680K, 34% used [0x0000000080000000,0x0000000081808288,0x0000000084600000)
 Metaspace       used 46537K, capacity 48164K, committed 48344K, reserved 1091584K
  class space    used 6052K, capacity 6352K, committed 6400K, reserved 1048576K
}
Event: 61.888 GC heap before
{Heap before GC invocations=15 (full 2):
 PSYoungGen      total 224256K, used 167601K [0x00000000d5580000, 0x00000000e5180000, 0x0000000100000000)
  eden space 209920K, 78% used [0x00000000d5580000,0x00000000df6972c0,0x00000000e2280000)
  from space 14336K, 18% used [0x00000000e3080000,0x00000000e3315190,0x00000000e3e80000)
  to   space 14336K, 0% used [0x00000000e2280000,0x00000000e2280000,0x00000000e3080000)
 ParOldGen       total 71680K, used 24608K [0x0000000080000000, 0x0000000084600000, 0x00000000d5580000)
  object space 71680K, 34% used [0x0000000080000000,0x0000000081808288,0x0000000084600000)
 Metaspace       used 56967K, capacity 58952K, committed 58968K, reserved 1099776K
  class space    used 7390K, capacity 7794K, committed 7808K, reserved 1048576K
Event: 61.930 GC heap after
Heap after GC invocations=15 (full 2):
 PSYoungGen      total 224256K, used 14313K [0x00000000d5580000, 0x00000000e7180000, 0x0000000100000000)
  eden space 209920K, 0% used [0x00000000d5580000,0x00000000d5580000,0x00000000e2280000)
  from space 14336K, 99% used [0x00000000e2280000,0x00000000e307a4e0,0x00000000e3080000)
  to   space 17920K, 0% used [0x00000000e6000000,0x00000000e6000000,0x00000000e7180000)
 ParOldGen       total 71680K, used 27973K [0x0000000080000000, 0x0000000084600000, 0x00000000d5580000)
  object space 71680K, 39% used [0x0000000080000000,0x0000000081b51590,0x0000000084600000)
 Metaspace       used 56967K, capacity 58952K, committed 58968K, reserved 1099776K
  class space    used 7390K, capacity 7794K, committed 7808K, reserved 1048576K
}
Event: 61.931 GC heap before
{Heap before GC invocations=16 (full 3):
 PSYoungGen      total 224256K, used 14313K [0x00000000d5580000, 0x00000000e7180000, 0x0000000100000000)
  eden space 209920K, 0% used [0x00000000d5580000,0x00000000d5580000,0x00000000e2280000)
  from space 14336K, 99% used [0x00000000e2280000,0x00000000e307a4e0,0x00000000e3080000)
  to   space 17920K, 0% used [0x00000000e6000000,0x00000000e6000000,0x00000000e7180000)
 ParOldGen       total 71680K, used 27973K [0x0000000080000000, 0x0000000084600000, 0x00000000d5580000)
  object space 71680K, 39% used [0x0000000080000000,0x0000000081b51590,0x0000000084600000)
 Metaspace       used 56967K, capacity 58952K, committed 58968K, reserved 1099776K
  class space    used 7390K, capacity 7794K, committed 7808K, reserved 1048576K
Event: 62.599 GC heap after
Heap after GC invocations=16 (full 3):
 PSYoungGen      total 224256K, used 0K [0x00000000d5580000, 0x00000000e7180000, 0x0000000100000000)
  eden space 209920K, 0% used [0x00000000d5580000,0x00000000d5580000,0x00000000e2280000)
  from space 14336K, 0% used [0x00000000e2280000,0x00000000e2280000,0x00000000e3080000)
  to   space 17920K, 0% used [0x00000000e6000000,0x00000000e6000000,0x00000000e7180000)
 ParOldGen       total 112640K, used 36203K [0x0000000080000000, 0x0000000086e00000, 0x00000000d5580000)
  object space 112640K, 32% used [0x0000000080000000,0x000000008235ad78,0x0000000086e00000)
 Metaspace       used 56890K, capacity 58784K, committed 58968K, reserved 1099776K
  class space    used 7365K, capacity 7756K, committed 7808K, reserved 1048576K
}

Deoptimization events (10 events):
Event: 63.805 Thread 0x000000001ae49800 Uncommon trap: reason=predicate action=maybe_recompile pc=0x000000000430d614 method=java.util.ComparableTimSort.binarySort([Ljava/lang/Object;III)V @ 37
Event: 63.840 Thread 0x000000001ae49800 Uncommon trap: reason=bimorphic action=maybe_recompile pc=0x00000000040f02b4 method=java.util.Arrays.binarySearch0([Ljava/lang/Object;IILjava/lang/Object;Ljava/util/Comparator;)I @ 48
Event: 63.840 Thread 0x000000001ae49800 Uncommon trap: reason=bimorphic action=maybe_recompile pc=0x00000000040f02b4 method=java.util.Arrays.binarySearch0([Ljava/lang/Object;IILjava/lang/Object;Ljava/util/Comparator;)I @ 48
Event: 63.840 Thread 0x000000001ae49800 Uncommon trap: reason=bimorphic action=maybe_recompile pc=0x00000000040f02b4 method=java.util.Arrays.binarySearch0([Ljava/lang/Object;IILjava/lang/Object;Ljava/util/Comparator;)I @ 48
Event: 63.840 Thread 0x000000001ae49800 Uncommon trap: reason=bimorphic action=maybe_recompile pc=0x00000000040f02b4 method=java.util.Arrays.binarySearch0([Ljava/lang/Object;IILjava/lang/Object;Ljava/util/Comparator;)I @ 48
Event: 63.916 Thread 0x000000001ae49800 Uncommon trap: reason=class_check action=maybe_recompile pc=0x00000000034ea490 method=java.util.WeakHashMap.eq(Ljava/lang/Object;Ljava/lang/Object;)Z @ 7
Event: 63.920 Thread 0x000000001ae49800 Uncommon trap: reason=class_check action=maybe_recompile pc=0x00000000034ea490 method=java.util.WeakHashMap.eq(Ljava/lang/Object;Ljava/lang/Object;)Z @ 7
Event: 64.026 Thread 0x000000001ae49800 Uncommon trap: reason=array_check action=maybe_recompile pc=0x00000000039f651c method=java.util.ComparableTimSort.binarySort([Ljava/lang/Object;III)V @ 183
Event: 64.130 Thread 0x000000001ae49800 Uncommon trap: reason=class_check action=maybe_recompile pc=0x0000000004304cfc method=org.codehaus.groovy.reflection.ParameterTypes.getParametersTypes0()V @ 16
Event: 64.160 Thread 0x000000001ae49800 Uncommon trap: reason=null_check action=make_not_entrant pc=0x000000000355a19c method=java.lang.Class.searchMethods([Ljava/lang/reflect/Method;Ljava/lang/String;[Ljava/lang/Class;)Ljava/lang/reflect/Method; @ 59

Classes redefined (0 events):
No events

Internal exceptions (10 events):
Event: 64.294 Thread 0x000000001ae49800 Exception <a 'java/lang/ClassNotFoundException': com/android/build/gradle/internal/dsl/BuildType_DecoratedCustomizer> (0x00000000da6f93a0) thrown at [C:\src\AOSP-openjdk-git\hotspot\src\share\vm\classfile\systemDictionary.cpp, line 210]
Event: 64.306 Thread 0x000000001ae49800 Exception <a 'java/lang/ClassNotFoundException': build_6yxzuva6xd0r62evv6z1q7kr0$_run_closure1$_closure4BeanInfo> (0x00000000da7ef3f8) thrown at [C:\src\AOSP-openjdk-git\hotspot\src\share\vm\classfile\systemDictionary.cpp, line 210]
Event: 64.307 Thread 0x000000001ae49800 Exception <a 'java/lang/ClassNotFoundException': build_6yxzuva6xd0r62evv6z1q7kr0$_run_closure1$_closure4Customizer> (0x00000000da8018b8) thrown at [C:\src\AOSP-openjdk-git\hotspot\src\share\vm\classfile\systemDictionary.cpp, line 210]
Event: 64.313 Thread 0x000000001ae49800 Exception <a 'java/lang/ClassNotFoundException': build_6yxzuva6xd0r62evv6z1q7kr0$_run_closure1BeanInfo> (0x00000000da833918) thrown at [C:\src\AOSP-openjdk-git\hotspot\src\share\vm\classfile\systemDictionary.cpp, line 210]
Event: 64.314 Thread 0x000000001ae49800 Exception <a 'java/lang/ClassNotFoundException': build_6yxzuva6xd0r62evv6z1q7kr0$_run_closure1Customizer> (0x00000000da845218) thrown at [C:\src\AOSP-openjdk-git\hotspot\src\share\vm\classfile\systemDictionary.cpp, line 210]
Event: 64.326 Thread 0x000000001ae49800 Exception <a 'java/lang/ClassNotFoundException': org/gradle/api/JavaVersionBeanInfo> (0x00000000da8a9cf8) thrown at [C:\src\AOSP-openjdk-git\hotspot\src\share\vm\classfile\systemDictionary.cpp, line 210]
Event: 64.328 Thread 0x000000001ae49800 Exception <a 'java/lang/ClassNotFoundException': org/gradle/api/JavaVersionCustomizer> (0x00000000da8d7db0) thrown at [C:\src\AOSP-openjdk-git\hotspot\src\share\vm\classfile\systemDictionary.cpp, line 210]
Event: 64.334 Thread 0x000000001ae49800 Exception <a 'java/lang/ClassNotFoundException': com/android/build/gradle/internal/CompileOptions_DecoratedBeanInfo> (0x00000000da93e618) thrown at [C:\src\AOSP-openjdk-git\hotspot\src\share\vm\classfile\systemDictionary.cpp, line 210]
Event: 64.335 Thread 0x000000001ae49800 Exception <a 'java/lang/ClassNotFoundException': com/android/build/gradle/internal/CompileOptionsBeanInfo> (0x00000000da95aff8) thrown at [C:\src\AOSP-openjdk-git\hotspot\src\share\vm\classfile\systemDictionary.cpp, line 210]
Event: 64.336 Thread 0x000000001ae49800 Exception <a 'java/lang/ClassNotFoundException': com/android/build/gradle/internal/CompileOptionsCustomizer> (0x00000000da977bd0) thrown at [C:\src\AOSP-openjdk-git\hotspot\src\share\vm\classfile\systemDictionary.cpp, line 210]

Events (10 events):
Event: 64.334 loading class com/android/build/gradle/internal/CompileOptionsBeanInfo
Event: 64.334 loading class com/android/build/gradle/internal/CompileOptionsBeanInfo done
Event: 64.335 loading class com/android/build/gradle/internal/CompileOptionsBeanInfo
Event: 64.335 loading class com/android/build/gradle/internal/CompileOptionsBeanInfo done
Event: 64.335 loading class com/android/build/gradle/internal/CompileOptionsCustomizer
Event: 64.335 loading class com/android/build/gradle/internal/CompileOptionsCustomizer done
Event: 64.336 loading class com/android/build/gradle/internal/CompileOptionsCustomizer
Event: 64.336 loading class com/android/build/gradle/internal/CompileOptionsCustomizer done
Event: 64.337 loading class com/android/build/gradle/internal/CompileOptions_DecoratedCustomizer
Event: 64.337 loading class com/android/build/gradle/internal/CompileOptions_DecoratedCustomizer done


Dynamic libraries:
0x00007ff639970000 - 0x00007ff6399a1000 	C:\Program Files\Android\Android Studio\jre\bin\java.exe
0x00007ffec1690000 - 0x00007ffec1885000 	C:\WINDOWS\SYSTEM32\ntdll.dll
0x00007ffec0700000 - 0x00007ffec07bd000 	C:\WINDOWS\System32\KERNEL32.DLL
0x00007ffebf3c0000 - 0x00007ffebf689000 	C:\WINDOWS\System32\KERNELBASE.dll
0x00007ffebfda0000 - 0x00007ffebfe4c000 	C:\WINDOWS\System32\ADVAPI32.dll
0x00007ffebfa70000 - 0x00007ffebfb0e000 	C:\WINDOWS\System32\msvcrt.dll
0x00007ffebfc80000 - 0x00007ffebfd1c000 	C:\WINDOWS\System32\sechost.dll
0x00007ffec0560000 - 0x00007ffec068b000 	C:\WINDOWS\System32\RPCRT4.dll
0x00007ffebf8d0000 - 0x00007ffebfa70000 	C:\WINDOWS\System32\USER32.dll
0x00007ffebef50000 - 0x00007ffebef72000 	C:\WINDOWS\System32\win32u.dll
0x00007ffec1550000 - 0x00007ffec157a000 	C:\WINDOWS\System32\GDI32.dll
0x00007ffebef80000 - 0x00007ffebf08b000 	C:\WINDOWS\System32\gdi32full.dll
0x00007ffebf190000 - 0x00007ffebf22d000 	C:\WINDOWS\System32\msvcp_win.dll
0x00007ffebedd0000 - 0x00007ffebeed0000 	C:\WINDOWS\System32\ucrtbase.dll
0x00007ffea0220000 - 0x00007ffea04ba000 	C:\WINDOWS\WinSxS\amd64_microsoft.windows.common-controls_6595b64144ccf1df_6.0.19041.844_none_ca00b6081b84eb1d\COMCTL32.dll
0x00007ffec0160000 - 0x00007ffec0190000 	C:\WINDOWS\System32\IMM32.DLL
0x0000000074770000 - 0x0000000074842000 	C:\Program Files\Android\Android Studio\jre\jre\bin\msvcr100.dll
0x0000000073c30000 - 0x000000007447b000 	C:\Program Files\Android\Android Studio\jre\jre\bin\server\jvm.dll
0x00007ffebffc0000 - 0x00007ffebffc8000 	C:\WINDOWS\System32\PSAPI.DLL
0x00007ffeb7320000 - 0x00007ffeb732a000 	C:\WINDOWS\SYSTEM32\VERSION.dll
0x00007ffeb0810000 - 0x00007ffeb0837000 	C:\WINDOWS\SYSTEM32\WINMM.dll
0x00007ffea8710000 - 0x00007ffea8719000 	C:\WINDOWS\SYSTEM32\WSOCK32.dll
0x00007ffebffd0000 - 0x00007ffec003b000 	C:\WINDOWS\System32\WS2_32.dll
0x00007ffeb97f0000 - 0x00007ffeb97ff000 	C:\Program Files\Android\Android Studio\jre\jre\bin\verify.dll
0x00007ffea1ef0000 - 0x00007ffea1f19000 	C:\Program Files\Android\Android Studio\jre\jre\bin\java.dll
0x00007ffeb02a0000 - 0x00007ffeb02b6000 	C:\Program Files\Android\Android Studio\jre\jre\bin\zip.dll
0x00007ffec07c0000 - 0x00007ffec0f02000 	C:\WINDOWS\System32\SHELL32.dll
0x00007ffebc850000 - 0x00007ffebcfe0000 	C:\WINDOWS\SYSTEM32\windows.storage.dll
0x00007ffec01a0000 - 0x00007ffec04f5000 	C:\WINDOWS\System32\combase.dll
0x00007ffebe770000 - 0x00007ffebe79c000 	C:\WINDOWS\SYSTEM32\Wldp.dll
0x00007ffebf820000 - 0x00007ffebf8ce000 	C:\WINDOWS\System32\SHCORE.dll
0x00007ffec0500000 - 0x00007ffec0555000 	C:\WINDOWS\System32\shlwapi.dll
0x00007ffebed10000 - 0x00007ffebed2f000 	C:\WINDOWS\SYSTEM32\profapi.dll
0x00007ffeafd40000 - 0x00007ffeafd5a000 	C:\Program Files\Android\Android Studio\jre\jre\bin\net.dll
0x00007ffebe4f0000 - 0x00007ffebe55a000 	C:\WINDOWS\system32\mswsock.dll
0x00007ffe9bc50000 - 0x00007ffe9bc63000 	C:\Program Files\Android\Android Studio\jre\jre\bin\nio.dll
0x00007ffe98a50000 - 0x00007ffe98a77000 	C:\Users\KimHanbi\.gradle\native\f6784746aeab05261644944871eae4fe03e0ef1612fff0a4a95f87b438bc6780\windows-amd64\native-platform.dll
0x00007ffeac2a0000 - 0x00007ffeac2ad000 	C:\Program Files\Android\Android Studio\jre\jre\bin\management.dll
0x00007ffebe6c0000 - 0x00007ffebe6d8000 	C:\WINDOWS\SYSTEM32\CRYPTSP.dll
0x00007ffebde90000 - 0x00007ffebdec4000 	C:\WINDOWS\system32\rsaenh.dll
0x00007ffebf230000 - 0x00007ffebf257000 	C:\WINDOWS\System32\bcrypt.dll
0x00007ffebec90000 - 0x00007ffebecbe000 	C:\WINDOWS\SYSTEM32\USERENV.dll
0x00007ffebeed0000 - 0x00007ffebef50000 	C:\WINDOWS\System32\bcryptprimitives.dll
0x00007ffebe6e0000 - 0x00007ffebe6ec000 	C:\WINDOWS\SYSTEM32\CRYPTBASE.dll
0x00007ffebe1e0000 - 0x00007ffebe21b000 	C:\WINDOWS\SYSTEM32\IPHLPAPI.DLL
0x00007ffec0190000 - 0x00007ffec0198000 	C:\WINDOWS\System32\NSI.dll
0x00007ffeb8c10000 - 0x00007ffeb8c27000 	C:\WINDOWS\SYSTEM32\dhcpcsvc6.DLL
0x00007ffeb8bf0000 - 0x00007ffeb8c0d000 	C:\WINDOWS\SYSTEM32\dhcpcsvc.DLL
0x00007ffebe220000 - 0x00007ffebe2eb000 	C:\WINDOWS\SYSTEM32\DNSAPI.dll
0x00007ffeb9aa0000 - 0x00007ffeb9aab000 	C:\WINDOWS\SYSTEM32\WINNSI.DLL
0x00007ffe9b6b0000 - 0x00007ffe9b6d4000 	C:\Program Files\Android\Android Studio\jre\jre\bin\sunec.dll
0x00007ffeb7bd0000 - 0x00007ffeb7bda000 	C:\Windows\System32\rasadhlp.dll
0x00007ffeb6fb0000 - 0x00007ffeb702f000 	C:\WINDOWS\System32\fwpuclnt.dll
0x00007ffe9b6a0000 - 0x00007ffe9b6ab000 	C:\Program Files\Android\Android Studio\jre\jre\bin\sunmscapi.dll
0x00007ffebf260000 - 0x00007ffebf3bf000 	C:\WINDOWS\System32\CRYPT32.dll

VM Arguments:
jvm_args: -Xmx2048m -Dfile.encoding=UTF-8 -Duser.country=KR -Duser.language=ko -Duser.variant 
java_command: org.gradle.launcher.daemon.bootstrap.GradleDaemon 6.5
java_class_path (initial): C:\Users\KimHanbi\.gradle\wrapper\dists\gradle-6.5-all\2oz4ud9k3tuxjg84bbf55q0tn\gradle-6.5\lib\gradle-launcher-6.5.jar
Launcher Type: SUN_STANDARD

Environment Variables:
JAVA_HOME=C:\Program Files\Java\jdk1.8.0_251
CLASSPATH=%classpath%;;;
PATH=C:\Program Files\Java\jdk1.8.0_251\bin;C:\Program Files (x86)\Common Files\Oracle\Java\javapath;C:\Program Files (x86)\Intel\iCLS Client\;C:\Program Files\Intel\iCLS Client\;C:\WINDOWS\system32;C:\WINDOWS;C:\WINDOWS\System32\Wbem;C:\WINDOWS\System32\WindowsPowerShell\v1.0\;C:\Program Files (x86)\Intel\Intel(R) Management Engine Components\DAL;C:\Program Files\Intel\Intel(R) Management Engine Components\DAL;C:\Program Files (x86)\Intel\Intel(R) Management Engine Components\IPT;C:\Program Files\Intel\Intel(R) Management Engine Components\IPT;C:\Program Files\Intel\WiFi\bin\;C:\Program Files\Common Files\Intel\WirelessCommon\;C:\WINDOWS\System32\OpenSSH\;C:\MinGW\bin;C:\Program Files\Java\jdk1.8.0_251\bin;C:\Program Files\Git\cmd;C:\Program Files\MySQL\MySQL Server 8.0\bin;C:\ProgramData\chocolatey\bin;C:\Program Files\nodejs\;C:\Program Files\MySQL\MySQL Shell 8.0\bin\;C:\Python\Python36\Scripts\;C:\Python\Python36\;C:\Users\KimHanbi\AppData\Local\Microsoft\WindowsApps;C:\Users\KimHanbi\AppData\Local\Programs\Microsoft VS Code\bin;C:\Users\KimHanbi\AppData\Roaming\npm;C:\Program Files\Android\Android Studio\jre\bin;C:\Users\KimHanbi\AppData\Local\gitkraken\bin
USERNAME=KimHanbi
OS=Windows_NT
PROCESSOR_IDENTIFIER=Intel64 Family 6 Model 142 Stepping 10, GenuineIntel



---------------  S Y S T E M  ---------------

OS: Windows 10.0 , 64 bit Build 19041 (10.0.19041.804)

CPU:total 8 (initial active 8) (4 cores per cpu, 2 threads per core) family 6 model 142 stepping 10, cmov, cx8, fxsr, mmx, sse, sse2, sse3, ssse3, sse4.1, sse4.2, popcnt, avx, avx2, aes, clmul, erms, 3dnowpref, lzcnt, ht, tsc, tscinvbit, bmi1, bmi2, adx

Memory: 4k page, physical 8217940k(1035972k free), swap 8217940k(6112k free)

vm_info: OpenJDK 64-Bit Server VM (25.242-b01) for windows-amd64 JRE (1.8.0_242-release-1644-b01), built by "builder" with MS VC++ 10.0 (VS2010)

time: Tue Apr 06 14:05:31 2021
timezone: 대한민국 표준시
elapsed time: 64 seconds (0d 0h 1m 4s)

