#
# There is insufficient memory for the Java Runtime Environment to continue.
# Native memory allocation (malloc) failed to allocate 1056816 bytes for Chunk::new
# Possible reasons:
#   The system is out of physical RAM or swap space
#   The process is running with CompressedOops enabled, and the Java Heap may be blocking the growth of the native heap
# Possible solutions:
#   Reduce memory load on the system
#   Increase physical memory or swap space
#   Check if swap backing store is full
#   Decrease Java heap size (-Xmx/-Xms)
#   Decrease number of Java threads
#   Decrease Java thread stack sizes (-Xss)
#   Set larger code cache with -XX:ReservedCodeCacheSize=
#   JVM is running with Unscaled Compressed Oops mode in which the Java heap is
#     placed in the first 4GB address space. The Java Heap base address is the
#     maximum limit for the native heap growth. Please use -XX:HeapBaseMinAddress
#     to set the Java Heap base and to place the Java Heap above 4GB virtual address.
# This output file may be truncated or incomplete.
#
#  Out of Memory Error (allocation.cpp:389), pid=13416, tid=0x0000000000001fcc
#
# JRE version: OpenJDK Runtime Environment (8.0_242-b01) (build 1.8.0_242-release-1644-b01)
# Java VM: OpenJDK 64-Bit Server VM (25.242-b01 mixed mode windows-amd64 compressed oops)
# Failed to write core dump. Minidumps are not enabled by default on client versions of Windows
#

---------------  T H R E A D  ---------------

Current thread (0x000000001a0b4000):  JavaThread "C2 CompilerThread0" daemon [_thread_in_native, id=8140, stack(0x000000001a820000,0x000000001a920000)]

Stack: [0x000000001a820000,0x000000001a920000]
[error occurred during error reporting (printing stack bounds), id 0xc0000005]

Native frames: (J=compiled Java code, j=interpreted, Vv=VM code, C=native code)


Current CompileTask:
C2:  56815 11418   !   4       com.sun.org.apache.xerces.internal.parsers.AbstractSAXParser::startElement (318 bytes)


---------------  P R O C E S S  ---------------

Java Threads: ( => current thread )
  0x000000002c752800 JavaThread "WorkerExecutor Queue Thread 10" [_thread_blocked, id=13544, stack(0x0000000030bc0000,0x0000000030cc0000)]
  0x000000002c758800 JavaThread "stdout" [_thread_in_native, id=9672, stack(0x00000000308c0000,0x00000000309c0000)]
  0x000000002c758000 JavaThread "stderr" [_thread_in_native, id=4972, stack(0x00000000307c0000,0x00000000308c0000)]
  0x000000002c754000 JavaThread "stdout" [_thread_in_native, id=7124, stack(0x000000002f8f0000,0x000000002f9f0000)]
  0x000000002c753800 JavaThread "stderr" [_thread_in_native, id=12760, stack(0x000000002f670000,0x000000002f770000)]
  0x000000002c750800 JavaThread "stdout" [_thread_in_native, id=14160, stack(0x00000000306c0000,0x00000000307c0000)]
  0x000000002c756800 JavaThread "stderr" [_thread_in_native, id=6444, stack(0x00000000305c0000,0x00000000306c0000)]
  0x000000002c755000 JavaThread "stdout" [_thread_in_native, id=12312, stack(0x00000000304c0000,0x00000000305c0000)]
  0x000000002c752000 JavaThread "stderr" [_thread_in_native, id=10732, stack(0x00000000303c0000,0x00000000304c0000)]
  0x000000002c751000 JavaThread "stdout" [_thread_in_native, id=6368, stack(0x00000000302c0000,0x00000000303c0000)]
  0x000000002c757000 JavaThread "stderr" [_thread_in_native, id=10624, stack(0x00000000301c0000,0x00000000302c0000)]
  0x000000002c755800 JavaThread "stdout" [_thread_in_native, id=7044, stack(0x00000000300c0000,0x00000000301c0000)]
  0x0000000021a4b000 JavaThread "stderr" [_thread_in_native, id=1000, stack(0x000000002ffc0000,0x00000000300c0000)]
  0x0000000021a4d800 JavaThread "stdout" [_thread_in_native, id=1696, stack(0x000000002fec0000,0x000000002ffc0000)]
  0x0000000021a4c000 JavaThread "stderr" [_thread_in_native, id=13008, stack(0x000000002fdc0000,0x000000002fec0000)]
  0x0000000021a4c800 JavaThread "stdout" [_thread_in_native, id=5540, stack(0x000000002fcc0000,0x000000002fdc0000)]
  0x0000000021a43800 JavaThread "stderr" [_thread_in_native, id=14072, stack(0x000000002fbc0000,0x000000002fcc0000)]
  0x0000000021a49000 JavaThread "pool-2-thread-1" [_thread_blocked, id=11644, stack(0x000000002fac0000,0x000000002fbc0000)]
  0x0000000021a48000 JavaThread "WorkerExecutor Queue Thread 9" [_thread_blocked, id=14172, stack(0x000000002f7f0000,0x000000002f8f0000)]
  0x0000000021a40800 JavaThread "WorkerExecutor Queue Thread 8" [_thread_blocked, id=8264, stack(0x000000002f100000,0x000000002f200000)]
  0x0000000021a4a800 JavaThread "MarlinRenderer Disposer" daemon [_thread_blocked, id=6796, stack(0x000000002f370000,0x000000002f470000)]
  0x0000000021a49800 JavaThread "Java2D Disposer" daemon [_thread_blocked, id=11948, stack(0x000000002f200000,0x000000002f300000)]
  0x0000000021a47800 JavaThread "WorkerExecutor Queue Thread 6" [_thread_blocked, id=3364, stack(0x000000002f000000,0x000000002f100000)]
  0x0000000021a46800 JavaThread "WorkerExecutor Queue Thread 5" [_thread_blocked, id=13640, stack(0x000000002ef00000,0x000000002f000000)]
  0x0000000021a3f000 JavaThread "WorkerExecutor Queue Thread 4" [_thread_blocked, id=9492, stack(0x000000002ee00000,0x000000002ef00000)]
  0x0000000021a40000 JavaThread "WorkerExecutor Queue Thread 3" [_thread_blocked, id=11532, stack(0x000000002ed00000,0x000000002ee00000)]
  0x0000000021a44800 JavaThread "WorkerExecutor Queue Thread 2" [_thread_blocked, id=10044, stack(0x000000002a420000,0x000000002a520000)]
  0x0000000020926800 JavaThread "Cache worker for execution history cache (C:\Users\KimHanbi\AndroidStudioProjects\UntactShop\.gradle\6.5\executionHistory)" [_thread_blocked, id=2188, stack(0x000000002e700000,0x000000002e800000)]
  0x0000000020924800 JavaThread "Execution worker for ':' Thread 7" [_thread_blocked, id=13724, stack(0x000000002e400000,0x000000002e500000)]
  0x0000000020923800 JavaThread "Execution worker for ':' Thread 6" [_thread_blocked, id=12944, stack(0x000000002e300000,0x000000002e400000)]
  0x000000002092a800 JavaThread "Execution worker for ':' Thread 5" [_thread_in_vm, id=8656, stack(0x000000002e200000,0x000000002e300000)]
  0x0000000020926000 JavaThread "Execution worker for ':' Thread 4" [_thread_blocked, id=5140, stack(0x000000002e100000,0x000000002e200000)]
  0x0000000020929000 JavaThread "Execution worker for ':' Thread 3" [_thread_blocked, id=3780, stack(0x000000002e000000,0x000000002e100000)]
  0x0000000020927800 JavaThread "Execution worker for ':' Thread 2" [_thread_blocked, id=6512, stack(0x000000002df00000,0x000000002e000000)]
  0x0000000020928000 JavaThread "Execution worker for ':'" [_thread_blocked, id=4932, stack(0x000000002de00000,0x000000002df00000)]
  0x0000000020929800 JavaThread "Cache worker for file content cache (C:\Users\KimHanbi\AndroidStudioProjects\UntactShop\.gradle\6.5\fileContent)" [_thread_blocked, id=2828, stack(0x000000002db00000,0x000000002dc00000)]
  0x000000002091c000 JavaThread "Memory manager" [_thread_blocked, id=5148, stack(0x000000002b5a0000,0x000000002b6a0000)]
  0x0000000020923000 JavaThread "Cache worker for Build Output Cleanup Cache (C:\Users\KimHanbi\AndroidStudioProjects\UntactShop\.gradle\buildOutputCleanup)" [_thread_blocked, id=8152, stack(0x0000000029de0000,0x0000000029ee0000)]
  0x0000000020920800 JavaThread "jar transforms Thread 99" [_thread_blocked, id=13068, stack(0x000000002a320000,0x000000002a420000)]
  0x000000002091d000 JavaThread "jar transforms Thread 98" [_thread_blocked, id=2532, stack(0x000000002a220000,0x000000002a320000)]
  0x000000002091b800 JavaThread "jar transforms Thread 97" [_thread_blocked, id=1316, stack(0x000000002a120000,0x000000002a220000)]
  0x000000002091d800 JavaThread "jar transforms Thread 96" [_thread_blocked, id=1636, stack(0x000000002a020000,0x000000002a120000)]
  0x000000002091f000 JavaThread "jar transforms Thread 95" [_thread_blocked, id=5384, stack(0x0000000029f20000,0x000000002a020000)]
  0x0000000020922000 JavaThread "jar transforms Thread 94" [_thread_blocked, id=12436, stack(0x0000000029ae0000,0x0000000029be0000)]
  0x000000002091e800 JavaThread "jar transforms Thread 93" [_thread_blocked, id=10084, stack(0x00000000299e0000,0x0000000029ae0000)]
  0x0000000020921800 JavaThread "jar transforms Thread 92" [_thread_blocked, id=13392, stack(0x00000000297e0000,0x00000000298e0000)]
  0x000000001fcfc800 JavaThread "jar transforms Thread 91" [_thread_blocked, id=10412, stack(0x00000000296e0000,0x00000000297e0000)]
  0x000000001fcfb800 JavaThread "jar transforms Thread 90" [_thread_blocked, id=3260, stack(0x00000000295e0000,0x00000000296e0000)]
  0x000000001fcf8000 JavaThread "jar transforms Thread 89" [_thread_blocked, id=11420, stack(0x00000000294e0000,0x00000000295e0000)]
  0x000000001fcf7000 JavaThread "jar transforms Thread 88" [_thread_blocked, id=3188, stack(0x00000000293e0000,0x00000000294e0000)]
  0x000000001fcfb000 JavaThread "jar transforms Thread 87" [_thread_blocked, id=13952, stack(0x00000000292e0000,0x00000000293e0000)]
  0x000000001fcfa000 JavaThread "jar transforms Thread 86" [_thread_blocked, id=2216, stack(0x00000000291e0000,0x00000000292e0000)]
  0x000000001fcf8800 JavaThread "jar transforms Thread 85" [_thread_blocked, id=5908, stack(0x00000000290e0000,0x00000000291e0000)]
  0x000000001fcf9800 JavaThread "jar transforms Thread 84" [_thread_blocked, id=11836, stack(0x0000000028fe0000,0x00000000290e0000)]
  0x000000001fcef800 JavaThread "jar transforms Thread 83" [_thread_blocked, id=10836, stack(0x0000000028ee0000,0x0000000028fe0000)]
  0x000000001fcf6800 JavaThread "jar transforms Thread 82" [_thread_blocked, id=3736, stack(0x0000000028de0000,0x0000000028ee0000)]
  0x000000001fcf2000 JavaThread "jar transforms Thread 81" [_thread_blocked, id=10220, stack(0x0000000028ce0000,0x0000000028de0000)]
  0x000000001fcef000 JavaThread "jar transforms Thread 80" [_thread_blocked, id=7548, stack(0x0000000028be0000,0x0000000028ce0000)]
  0x000000001fcf0800 JavaThread "jar transforms Thread 79" [_thread_blocked, id=9744, stack(0x0000000028ae0000,0x0000000028be0000)]
  0x000000001fcf5800 JavaThread "jar transforms Thread 78" [_thread_blocked, id=9836, stack(0x00000000289e0000,0x0000000028ae0000)]
  0x000000001fcee000 JavaThread "jar transforms Thread 77" [_thread_blocked, id=13580, stack(0x00000000288e0000,0x00000000289e0000)]
  0x000000001fcf1000 JavaThread "jar transforms Thread 76" [_thread_blocked, id=3052, stack(0x00000000287e0000,0x00000000288e0000)]
  0x000000001fcf5000 JavaThread "jar transforms Thread 75" [_thread_blocked, id=8956, stack(0x00000000286e0000,0x00000000287e0000)]
  0x000000001fcf3800 JavaThread "jar transforms Thread 74" [_thread_blocked, id=12452, stack(0x00000000285e0000,0x00000000286e0000)]
  0x000000001fcf2800 JavaThread "jar transforms Thread 73" [_thread_blocked, id=7316, stack(0x00000000284e0000,0x00000000285e0000)]
  0x000000001fced800 JavaThread "jar transforms Thread 72" [_thread_blocked, id=6916, stack(0x00000000283e0000,0x00000000284e0000)]
  0x000000001fcf4000 JavaThread "jar transforms Thread 71" [_thread_blocked, id=4424, stack(0x00000000282e0000,0x00000000283e0000)]
  0x000000001fa90000 JavaThread "jar transforms Thread 70" [_thread_blocked, id=2740, stack(0x00000000281e0000,0x00000000282e0000)]
  0x000000001fa8e800 JavaThread "jar transforms Thread 69" [_thread_blocked, id=13412, stack(0x00000000280e0000,0x00000000281e0000)]
  0x000000001fa94800 JavaThread "jar transforms Thread 68" [_thread_blocked, id=2312, stack(0x0000000027fe0000,0x00000000280e0000)]
  0x000000001fa8f800 JavaThread "jar transforms Thread 67" [_thread_blocked, id=12156, stack(0x0000000027ee0000,0x0000000027fe0000)]
  0x000000001fa8d800 JavaThread "jar transforms Thread 66" [_thread_blocked, id=5980, stack(0x0000000027de0000,0x0000000027ee0000)]
  0x000000001fa94000 JavaThread "jar transforms Thread 65" [_thread_blocked, id=7332, stack(0x0000000027ce0000,0x0000000027de0000)]
  0x000000001fa8c000 JavaThread "jar transforms Thread 64" [_thread_blocked, id=3732, stack(0x0000000027be0000,0x0000000027ce0000)]
  0x000000001fa93000 JavaThread "jar transforms Thread 63" [_thread_blocked, id=14152, stack(0x0000000027ae0000,0x0000000027be0000)]
  0x000000001fa8b800 JavaThread "jar transforms Thread 62" [_thread_blocked, id=7672, stack(0x00000000279e0000,0x0000000027ae0000)]
  0x000000001fa91000 JavaThread "jar transforms Thread 61" [_thread_blocked, id=12676, stack(0x00000000278e0000,0x00000000279e0000)]
  0x000000001fa92800 JavaThread "jar transforms Thread 60" [_thread_blocked, id=4876, stack(0x00000000277e0000,0x00000000278e0000)]
  0x000000001fa8a800 JavaThread "jar transforms Thread 59" [_thread_blocked, id=12504, stack(0x00000000276e0000,0x00000000277e0000)]
  0x000000001fa91800 JavaThread "jar transforms Thread 58" [_thread_blocked, id=6508, stack(0x00000000275e0000,0x00000000276e0000)]
  0x000000001fa8d000 JavaThread "jar transforms Thread 57" [_thread_blocked, id=9476, stack(0x00000000274e0000,0x00000000275e0000)]
  0x000000001fa8a000 JavaThread "jar transforms Thread 56" [_thread_blocked, id=6552, stack(0x00000000273e0000,0x00000000274e0000)]
  0x000000001fa85800 JavaThread "jar transforms Thread 55" [_thread_blocked, id=1792, stack(0x00000000272e0000,0x00000000273e0000)]
  0x000000001fa89000 JavaThread "jar transforms Thread 54" [_thread_blocked, id=8088, stack(0x00000000271e0000,0x00000000272e0000)]
  0x000000001fa88800 JavaThread "jar transforms Thread 53" [_thread_blocked, id=6492, stack(0x00000000270e0000,0x00000000271e0000)]
  0x000000001fa87800 JavaThread "jar transforms Thread 52" [_thread_blocked, id=4636, stack(0x0000000026fe0000,0x00000000270e0000)]
  0x000000001fa87000 JavaThread "jar transforms Thread 51" [_thread_blocked, id=3860, stack(0x0000000026ee0000,0x0000000026fe0000)]
  0x000000001fa86000 JavaThread "jar transforms Thread 50" [_thread_blocked, id=7516, stack(0x0000000026de0000,0x0000000026ee0000)]
  0x000000001f3cc000 JavaThread "jar transforms Thread 49" [_thread_blocked, id=2832, stack(0x0000000026ce0000,0x0000000026de0000)]
  0x000000001f3cb000 JavaThread "jar transforms Thread 48" [_thread_blocked, id=9316, stack(0x0000000026be0000,0x0000000026ce0000)]
  0x000000001f3ca800 JavaThread "jar transforms Thread 47" [_thread_blocked, id=10772, stack(0x0000000026ae0000,0x0000000026be0000)]
  0x000000001f3c9800 JavaThread "jar transforms Thread 46" [_thread_blocked, id=13152, stack(0x00000000269e0000,0x0000000026ae0000)]
  0x000000001f3c9000 JavaThread "jar transforms Thread 45" [_thread_blocked, id=5208, stack(0x00000000268e0000,0x00000000269e0000)]
  0x000000001f3c8000 JavaThread "jar transforms Thread 44" [_thread_blocked, id=10884, stack(0x00000000267e0000,0x00000000268e0000)]
  0x000000001f3c0800 JavaThread "jar transforms Thread 43" [_thread_blocked, id=2612, stack(0x00000000266e0000,0x00000000267e0000)]
  0x000000001f3c7800 JavaThread "jar transforms Thread 42" [_thread_blocked, id=12852, stack(0x00000000265e0000,0x00000000266e0000)]
  0x000000001f3c6800 JavaThread "jar transforms Thread 41" [_thread_blocked, id=8016, stack(0x00000000264e0000,0x00000000265e0000)]
  0x000000001f3bf000 JavaThread "jar transforms Thread 40" [_thread_blocked, id=1380, stack(0x00000000263e0000,0x00000000264e0000)]
  0x000000001f3c6000 JavaThread "jar transforms Thread 39" [_thread_blocked, id=3564, stack(0x00000000262e0000,0x00000000263e0000)]
  0x000000001f3c5000 JavaThread "jar transforms Thread 38" [_thread_blocked, id=10960, stack(0x00000000261e0000,0x00000000262e0000)]
  0x000000001f3bd800 JavaThread "jar transforms Thread 37" [_thread_blocked, id=2484, stack(0x00000000260e0000,0x00000000261e0000)]
  0x000000001f3c4800 JavaThread "jar transforms Thread 36" [_thread_blocked, id=5380, stack(0x0000000025fe0000,0x00000000260e0000)]
  0x000000001f3bd000 JavaThread "jar transforms Thread 35" [_thread_blocked, id=2840, stack(0x0000000025ee0000,0x0000000025fe0000)]
  0x000000001f3c2000 JavaThread "jar transforms Thread 34" [_thread_blocked, id=9032, stack(0x0000000025de0000,0x0000000025ee0000)]
  0x000000001f3be800 JavaThread "jar transforms Thread 33" [_thread_blocked, id=2128, stack(0x0000000025ce0000,0x0000000025de0000)]
  0x000000001f3c1800 JavaThread "jar transforms Thread 32" [_thread_blocked, id=3668, stack(0x0000000025be0000,0x0000000025ce0000)]
  0x000000001f3c3800 JavaThread "jar transforms Thread 31" [_thread_blocked, id=1084, stack(0x0000000025ae0000,0x0000000025be0000)]
  0x000000001f3c0000 JavaThread "jar transforms Thread 30" [_thread_blocked, id=11448, stack(0x00000000259e0000,0x0000000025ae0000)]
  0x000000001f3c3000 JavaThread "jar transforms Thread 29" [_thread_blocked, id=1520, stack(0x00000000258e0000,0x00000000259e0000)]
  0x000000001b9fb000 JavaThread "jar transforms Thread 28" [_thread_blocked, id=13096, stack(0x00000000257e0000,0x00000000258e0000)]
  0x000000001b9f9000 JavaThread "jar transforms Thread 27" [_thread_blocked, id=2328, stack(0x00000000256e0000,0x00000000257e0000)]
  0x000000001b9f8000 JavaThread "jar transforms Thread 26" [_thread_blocked, id=9800, stack(0x00000000255e0000,0x00000000256e0000)]
  0x000000001b9f7800 JavaThread "jar transforms Thread 25" [_thread_blocked, id=4612, stack(0x00000000254e0000,0x00000000255e0000)]
  0x000000001b9fa800 JavaThread "jar transforms Thread 24" [_thread_blocked, id=2124, stack(0x00000000253e0000,0x00000000254e0000)]
  0x000000001b9f6800 JavaThread "jar transforms Thread 23" [_thread_blocked, id=5412, stack(0x00000000252e0000,0x00000000253e0000)]
  0x000000001b9fc000 JavaThread "jar transforms Thread 22" [_thread_blocked, id=5440, stack(0x00000000251e0000,0x00000000252e0000)]
  0x000000001b9f9800 JavaThread "jar transforms Thread 21" [_thread_blocked, id=5924, stack(0x00000000250e0000,0x00000000251e0000)]
  0x000000001b9ef000 JavaThread "jar transforms Thread 20" [_thread_blocked, id=12492, stack(0x0000000024fe0000,0x00000000250e0000)]
  0x000000001b9f2000 JavaThread "jar transforms Thread 19" [_thread_blocked, id=11940, stack(0x0000000024ee0000,0x0000000024fe0000)]
  0x000000001b9f1800 JavaThread "jar transforms Thread 18" [_thread_blocked, id=13948, stack(0x0000000024de0000,0x0000000024ee0000)]
  0x000000001b9f6000 JavaThread "jar transforms Thread 17" [_thread_blocked, id=3820, stack(0x0000000024ce0000,0x0000000024de0000)]
  0x000000001b9ee800 JavaThread "jar transforms Thread 16" [_thread_blocked, id=13720, stack(0x0000000024be0000,0x0000000024ce0000)]
  0x000000001b9f5000 JavaThread "jar transforms Thread 15" [_thread_blocked, id=1336, stack(0x0000000024ae0000,0x0000000024be0000)]
  0x000000001b9f4800 JavaThread "jar transforms Thread 14" [_thread_blocked, id=7748, stack(0x00000000249e0000,0x0000000024ae0000)]
  0x000000001b9f0800 JavaThread "jar transforms Thread 13" [_thread_blocked, id=10272, stack(0x00000000248e0000,0x00000000249e0000)]
  0x000000001b9ed000 JavaThread "jar transforms Thread 12" [_thread_blocked, id=5572, stack(0x00000000247e0000,0x00000000248e0000)]
  0x000000001b9ed800 JavaThread "jar transforms Thread 11" [_thread_blocked, id=13652, stack(0x00000000246e0000,0x00000000247e0000)]
  0x000000001b9f3800 JavaThread "jar transforms Thread 10" [_thread_blocked, id=3628, stack(0x00000000245e0000,0x00000000246e0000)]
  0x000000001b9f0000 JavaThread "jar transforms Thread 9" [_thread_blocked, id=5160, stack(0x00000000244e0000,0x00000000245e0000)]
  0x000000001b9f3000 JavaThread "jar transforms Thread 8" [_thread_blocked, id=10064, stack(0x00000000243e0000,0x00000000244e0000)]
  0x000000001b542800 JavaThread "jar transforms Thread 7" [_thread_blocked, id=2848, stack(0x00000000242e0000,0x00000000243e0000)]
  0x000000001b541000 JavaThread "jar transforms Thread 6" [_thread_blocked, id=4420, stack(0x00000000241e0000,0x00000000242e0000)]
  0x000000001b541800 JavaThread "jar transforms Thread 5" [_thread_blocked, id=9144, stack(0x00000000240e0000,0x00000000241e0000)]
  0x000000001b540000 JavaThread "jar transforms Thread 4" [_thread_blocked, id=10140, stack(0x0000000023fe0000,0x00000000240e0000)]
  0x000000001b53f800 JavaThread "jar transforms Thread 3" [_thread_blocked, id=3728, stack(0x0000000023ee0000,0x0000000023fe0000)]
  0x000000001b53e800 JavaThread "jar transforms Thread 2" [_thread_blocked, id=5040, stack(0x0000000023de0000,0x0000000023ee0000)]
  0x000000001b53e000 JavaThread "Build operations Thread 8" [_thread_blocked, id=13396, stack(0x0000000023ce0000,0x0000000023de0000)]
  0x000000001b53c800 JavaThread "Build operations Thread 7" [_thread_blocked, id=9176, stack(0x0000000023be0000,0x0000000023ce0000)]
  0x000000001b53d000 JavaThread "Build operations Thread 6" [_thread_blocked, id=7120, stack(0x0000000023ae0000,0x0000000023be0000)]
  0x000000001b535000 JavaThread "Build operations Thread 5" [_thread_blocked, id=10052, stack(0x00000000239e0000,0x0000000023ae0000)]
  0x000000001b538000 JavaThread "Build operations Thread 4" [_thread_blocked, id=13860, stack(0x00000000238e0000,0x00000000239e0000)]
  0x000000001b536800 JavaThread "Build operations Thread 3" [_thread_blocked, id=3992, stack(0x00000000237e0000,0x00000000238e0000)]
  0x000000001b535800 JavaThread "Build operations Thread 2" [_thread_blocked, id=1016, stack(0x00000000236e0000,0x00000000237e0000)]
  0x000000001b53b800 JavaThread "Build operations" [_thread_blocked, id=12132, stack(0x0000000023390000,0x0000000023490000)]
  0x000000001b538800 JavaThread "Cache worker for file content cache (C:\Users\KimHanbi\.gradle\caches\6.5\fileContent)" [_thread_blocked, id=13664, stack(0x0000000022e90000,0x0000000022f90000)]
  0x000000001b534000 JavaThread "jar transforms" [_thread_blocked, id=3416, stack(0x0000000022d90000,0x0000000022e90000)]
  0x000000001a0b7800 JavaThread "Cache worker for execution history cache (C:\Users\KimHanbi\.gradle\caches\6.5\executionHistory)" [_thread_blocked, id=2620, stack(0x0000000022690000,0x0000000022790000)]
  0x000000001a0b9800 JavaThread "Cache worker for cache directory md-rule (C:\Users\KimHanbi\.gradle\caches\6.5\md-rule)" [_thread_blocked, id=2100, stack(0x0000000022590000,0x0000000022690000)]
  0x000000001a0b6800 JavaThread "Cache worker for cache directory md-supplier (C:\Users\KimHanbi\.gradle\caches\6.5\md-supplier)" [_thread_blocked, id=2160, stack(0x0000000022490000,0x0000000022590000)]
  0x000000001a0b6000 JavaThread "Cache worker for checksums cache (C:\Users\KimHanbi\AndroidStudioProjects\UntactShop\.gradle\checksums)" [_thread_blocked, id=10160, stack(0x0000000021140000,0x0000000021240000)]
  0x000000001a0bc800 JavaThread "Cache worker for file hash cache (C:\Users\KimHanbi\AndroidStudioProjects\UntactShop\.gradle\6.5\fileHashes)" [_thread_blocked, id=14008, stack(0x0000000020e40000,0x0000000020f40000)]
  0x000000001a0bc000 JavaThread "Cache worker for file hash cache (C:\Users\KimHanbi\.gradle\caches\6.5\fileHashes)" [_thread_blocked, id=13020, stack(0x000000001eba0000,0x000000001eca0000)]
  0x000000001a0b8000 JavaThread "File lock request listener" [_thread_in_native, id=14220, stack(0x000000001eaa0000,0x000000001eba0000)]
  0x000000001b767000 JavaThread "Cache worker for journal cache (C:\Users\KimHanbi\.gradle\caches\journal-1)" [_thread_blocked, id=480, stack(0x000000001e9a0000,0x000000001eaa0000)]
  0x000000001a134800 JavaThread "Thread-9" [_thread_blocked, id=6824, stack(0x000000001e6a0000,0x000000001e7a0000)]
  0x000000001a3b7000 JavaThread "Stdin handler" [_thread_blocked, id=4904, stack(0x000000001e5a0000,0x000000001e6a0000)]
  0x000000001a3b6800 JavaThread "Asynchronous log dispatcher for DefaultDaemonConnection: socket connection from /127.0.0.1:3513 to /127.0.0.1:3514" [_thread_blocked, id=1364, stack(0x000000001e4a0000,0x000000001e5a0000)]
  0x000000001b9c4800 JavaThread "Daemon worker" [_thread_blocked, id=12068, stack(0x000000001e3a0000,0x000000001e4a0000)]
  0x000000001b606000 JavaThread "Cancel handler" [_thread_blocked, id=13872, stack(0x000000001e1a0000,0x000000001e2a0000)]
  0x000000001b63e800 JavaThread "Handler for socket connection from /127.0.0.1:3513 to /127.0.0.1:3514" [_thread_in_native, id=7668, stack(0x000000001e0a0000,0x000000001e1a0000)]
  0x000000001beb2800 JavaThread "Daemon" [_thread_blocked, id=7016, stack(0x000000001dfa0000,0x000000001e0a0000)]
  0x000000001beac800 JavaThread "Daemon periodic checks" [_thread_blocked, id=3316, stack(0x000000001dca0000,0x000000001dda0000)]
  0x000000001b4b2000 JavaThread "Incoming local TCP Connector on port 3513" [_thread_in_native, id=9840, stack(0x000000001dac0000,0x000000001dbc0000)]
  0x000000001c728000 JavaThread "Daemon health stats" [_thread_blocked, id=8292, stack(0x000000001d7c0000,0x000000001d8c0000)]
  0x000000001a14e000 JavaThread "Service Thread" daemon [_thread_blocked, id=276, stack(0x000000001ac20000,0x000000001ad20000)]
  0x000000001a0bb000 JavaThread "C1 CompilerThread3" daemon [_thread_blocked, id=13492, stack(0x000000001ab20000,0x000000001ac20000)]
  0x000000001a0b9000 JavaThread "C2 CompilerThread2" daemon [_thread_blocked, id=10692, stack(0x000000001aa20000,0x000000001ab20000)]
  0x000000001a0ba800 JavaThread "C2 CompilerThread1" daemon [_thread_in_native, id=14312, stack(0x000000001a920000,0x000000001aa20000)]
=>0x000000001a0b4000 JavaThread "C2 CompilerThread0" daemon [_thread_in_native, id=8140, stack(0x000000001a820000,0x000000001a920000)]
  0x000000001a0b3000 JavaThread "Attach Listener" daemon [_thread_blocked, id=4948, stack(0x000000001a720000,0x000000001a820000)]
  0x000000001a0b2000 JavaThread "Signal Dispatcher" daemon [_thread_blocked, id=7992, stack(0x000000001a620000,0x000000001a720000)]
  0x000000001a040800 JavaThread "Finalizer" daemon [_thread_blocked, id=824, stack(0x000000001a520000,0x000000001a620000)]
  0x000000001821c800 JavaThread "Reference Handler" daemon [_thread_blocked, id=11508, stack(0x000000001a420000,0x000000001a520000)]
  0x00000000030b2800 JavaThread "main" [_thread_blocked, id=13404, stack(0x0000000002b70000,0x0000000002c70000)]

Other Threads:
  0x0000000018215800 VMThread [stack: 0x0000000019f20000,0x000000001a020000] [id=3096]
  0x000000001a104000 WatcherThread [stack: 0x000000001ad20000,0x000000001ae20000] [id=1312]

VM state:not at safepoint (normal execution)

VM Mutex/Monitor currently owned by a thread: None

heap address: 0x0000000080000000, size: 2048 MB, Compressed Oops mode: 32-bit
Narrow klass base: 0x0000000000000000, Narrow klass shift: 3
Compressed class space size: 1073741824 Address: 0x0000000100000000

Heap:
 PSYoungGen      total 273920K, used 116346K [0x00000000d5580000, 0x00000000e8780000, 0x0000000100000000)
  eden space 241664K, 39% used [0x00000000d5580000,0x00000000db377820,0x00000000e4180000)
  from space 32256K, 62% used [0x00000000e4180000,0x00000000e55270c0,0x00000000e6100000)
  to   space 21504K, 0% used [0x00000000e6100000,0x00000000e6100000,0x00000000e7600000)
 ParOldGen       total 120832K, used 81974K [0x0000000080000000, 0x0000000087600000, 0x00000000d5580000)
  object space 120832K, 67% used [0x0000000080000000,0x000000008500db28,0x0000000087600000)
 Metaspace       used 79487K, capacity 83374K, committed 83672K, reserved 1122304K
  class space    used 10698K, capacity 11425K, committed 11520K, reserved 1048576K

Card table byte_map: [0x0000000012570000,0x0000000012980000] byte_map_base: 0x0000000012170000

Marking Bits: (ParMarkBitMap*) 0x000000007615f030
 Begin Bits: [0x0000000013430000, 0x0000000015430000)
 End Bits:   [0x0000000015430000, 0x0000000017430000)

Polling page: 0x00000000012f0000

CodeCache: size=245760Kb used=31856Kb max_used=31856Kb free=213903Kb
 bounds [0x00000000031b0000, 0x0000000005100000, 0x00000000121b0000]
 total_blobs=10879 nmethods=9907 adapters=884
 compilation: enabled

Compilation events (10 events):
Event: 56.504 Thread 0x000000001a0b9000 11667   !   4       java.net.URL::set (114 bytes)
Event: 56.511 Thread 0x000000001a0b9000 nmethod 11667 0x00000000050e9c10 code [0x00000000050e9d60, 0x00000000050ea038]
Event: 56.572 Thread 0x000000001a0bb000 11668       3       java.util.ServiceLoader$1::hasNext (25 bytes)
Event: 56.573 Thread 0x000000001a0bb000 nmethod 11668 0x00000000050e9610 code [0x00000000050e97a0, 0x00000000050e9a58]
Event: 56.759 Thread 0x000000001a0bb000 11669       3       kotlin.reflect.jvm.internal.impl.name.FqNameUnsafe::<init> (28 bytes)
Event: 56.760 Thread 0x000000001a0bb000 nmethod 11669 0x00000000050ef4d0 code [0x00000000050ef640, 0x00000000050ef8c8]
Event: 56.802 Thread 0x000000001a0bb000 11670       3       kotlin.reflect.jvm.internal.ReflectProperties::lazySoft (18 bytes)
Event: 56.803 Thread 0x000000001a0bb000 nmethod 11670 0x00000000050ef010 code [0x00000000050ef180, 0x00000000050ef3d8]
Event: 56.803 Thread 0x000000001a0bb000 11671       3       kotlin.reflect.jvm.internal.ReflectProperties$LazySoftVal::<init> (43 bytes)
Event: 56.807 Thread 0x000000001a0bb000 nmethod 11671 0x00000000050f4110 code [0x00000000050f43c0, 0x00000000050f5858]

GC Heap History (10 events):
Event: 28.399 GC heap before
{Heap before GC invocations=14 (full 2):
 PSYoungGen      total 192000K, used 92179K [0x00000000d5580000, 0x00000000e4580000, 0x0000000100000000)
  eden space 179200K, 44% used [0x00000000d5580000,0x00000000da307bb0,0x00000000e0480000)
  from space 12800K, 99% used [0x00000000e0480000,0x00000000e10fd300,0x00000000e1100000)
  to   space 18432K, 0% used [0x00000000e3380000,0x00000000e3380000,0x00000000e4580000)
 ParOldGen       total 74752K, used 28660K [0x0000000080000000, 0x0000000084900000, 0x00000000d5580000)
  object space 74752K, 38% used [0x0000000080000000,0x0000000081bfd0c0,0x0000000084900000)
 Metaspace       used 56413K, capacity 58830K, committed 58968K, reserved 1099776K
  class space    used 7688K, capacity 8225K, committed 8320K, reserved 1048576K
Event: 28.479 GC heap after
Heap after GC invocations=14 (full 2):
 PSYoungGen      total 227840K, used 9454K [0x00000000d5580000, 0x00000000e5900000, 0x0000000100000000)
  eden space 209408K, 0% used [0x00000000d5580000,0x00000000d5580000,0x00000000e2200000)
  from space 18432K, 51% used [0x00000000e3380000,0x00000000e3cbba78,0x00000000e4580000)
  to   space 17920K, 0% used [0x00000000e2200000,0x00000000e2200000,0x00000000e3380000)
 ParOldGen       total 74752K, used 41355K [0x0000000080000000, 0x0000000084900000, 0x00000000d5580000)
  object space 74752K, 55% used [0x0000000080000000,0x0000000082862f20,0x0000000084900000)
 Metaspace       used 56413K, capacity 58830K, committed 58968K, reserved 1099776K
  class space    used 7688K, capacity 8225K, committed 8320K, reserved 1048576K
}
Event: 28.479 GC heap before
{Heap before GC invocations=15 (full 3):
 PSYoungGen      total 227840K, used 9454K [0x00000000d5580000, 0x00000000e5900000, 0x0000000100000000)
  eden space 209408K, 0% used [0x00000000d5580000,0x00000000d5580000,0x00000000e2200000)
  from space 18432K, 51% used [0x00000000e3380000,0x00000000e3cbba78,0x00000000e4580000)
  to   space 17920K, 0% used [0x00000000e2200000,0x00000000e2200000,0x00000000e3380000)
 ParOldGen       total 74752K, used 41355K [0x0000000080000000, 0x0000000084900000, 0x00000000d5580000)
  object space 74752K, 55% used [0x0000000080000000,0x0000000082862f20,0x0000000084900000)
 Metaspace       used 56413K, capacity 58830K, committed 58968K, reserved 1099776K
  class space    used 7688K, capacity 8225K, committed 8320K, reserved 1048576K
Event: 29.302 GC heap after
Heap after GC invocations=15 (full 3):
 PSYoungGen      total 227840K, used 0K [0x00000000d5580000, 0x00000000e5900000, 0x0000000100000000)
  eden space 209408K, 0% used [0x00000000d5580000,0x00000000d5580000,0x00000000e2200000)
  from space 18432K, 0% used [0x00000000e3380000,0x00000000e3380000,0x00000000e4580000)
  to   space 17920K, 0% used [0x00000000e2200000,0x00000000e2200000,0x00000000e3380000)
 ParOldGen       total 120832K, used 37283K [0x0000000080000000, 0x0000000087600000, 0x00000000d5580000)
  object space 120832K, 30% used [0x0000000080000000,0x0000000082468c60,0x0000000087600000)
 Metaspace       used 56385K, capacity 58734K, committed 58968K, reserved 1099776K
  class space    used 7679K, capacity 8209K, committed 8320K, reserved 1048576K
}
Event: 36.995 GC heap before
{Heap before GC invocations=16 (full 3):
 PSYoungGen      total 227840K, used 209408K [0x00000000d5580000, 0x00000000e5900000, 0x0000000100000000)
  eden space 209408K, 100% used [0x00000000d5580000,0x00000000e2200000,0x00000000e2200000)
  from space 18432K, 0% used [0x00000000e3380000,0x00000000e3380000,0x00000000e4580000)
  to   space 17920K, 0% used [0x00000000e2200000,0x00000000e2200000,0x00000000e3380000)
 ParOldGen       total 120832K, used 37283K [0x0000000080000000, 0x0000000087600000, 0x00000000d5580000)
  object space 120832K, 30% used [0x0000000080000000,0x0000000082468c60,0x0000000087600000)
 Metaspace       used 66336K, capacity 69754K, committed 70104K, reserved 1110016K
  class space    used 9220K, capacity 9867K, committed 9984K, reserved 1048576K
Event: 37.063 GC heap after
Heap after GC invocations=16 (full 3):
 PSYoungGen      total 227328K, used 17900K [0x00000000d5580000, 0x00000000e7600000, 0x0000000100000000)
  eden space 209408K, 0% used [0x00000000d5580000,0x00000000d5580000,0x00000000e2200000)
  from space 17920K, 99% used [0x00000000e2200000,0x00000000e337b208,0x00000000e3380000)
  to   space 21504K, 0% used [0x00000000e6100000,0x00000000e6100000,0x00000000e7600000)
 ParOldGen       total 120832K, used 41076K [0x0000000080000000, 0x0000000087600000, 0x00000000d5580000)
  object space 120832K, 33% used [0x0000000080000000,0x000000008281d140,0x0000000087600000)
 Metaspace       used 66336K, capacity 69754K, committed 70104K, reserved 1110016K
  class space    used 9220K, capacity 9867K, committed 9984K, reserved 1048576K
}
Event: 43.411 GC heap before
{Heap before GC invocations=17 (full 3):
 PSYoungGen      total 227328K, used 227308K [0x00000000d5580000, 0x00000000e7600000, 0x0000000100000000)
  eden space 209408K, 100% used [0x00000000d5580000,0x00000000e2200000,0x00000000e2200000)
  from space 17920K, 99% used [0x00000000e2200000,0x00000000e337b208,0x00000000e3380000)
  to   space 21504K, 0% used [0x00000000e6100000,0x00000000e6100000,0x00000000e7600000)
 ParOldGen       total 120832K, used 41076K [0x0000000080000000, 0x0000000087600000, 0x00000000d5580000)
  object space 120832K, 33% used [0x0000000080000000,0x000000008281d140,0x0000000087600000)
 Metaspace       used 68140K, capacity 71624K, committed 71768K, reserved 1112064K
  class space    used 9362K, capacity 10048K, committed 10112K, reserved 1048576K
Event: 43.496 GC heap after
Heap after GC invocations=17 (full 3):
 PSYoungGen      total 263168K, used 21478K [0x00000000d5580000, 0x00000000e8780000, 0x0000000100000000)
  eden space 241664K, 0% used [0x00000000d5580000,0x00000000d5580000,0x00000000e4180000)
  from space 21504K, 99% used [0x00000000e6100000,0x00000000e75f9a90,0x00000000e7600000)
  to   space 32256K, 0% used [0x00000000e4180000,0x00000000e4180000,0x00000000e6100000)
 ParOldGen       total 120832K, used 61825K [0x0000000080000000, 0x0000000087600000, 0x00000000d5580000)
  object space 120832K, 51% used [0x0000000080000000,0x0000000083c60768,0x0000000087600000)
 Metaspace       used 68140K, capacity 71624K, committed 71768K, reserved 1112064K
  class space    used 9362K, capacity 10048K, committed 10112K, reserved 1048576K
}
Event: 54.261 GC heap before
{Heap before GC invocations=18 (full 3):
 PSYoungGen      total 263168K, used 263142K [0x00000000d5580000, 0x00000000e8780000, 0x0000000100000000)
  eden space 241664K, 100% used [0x00000000d5580000,0x00000000e4180000,0x00000000e4180000)
  from space 21504K, 99% used [0x00000000e6100000,0x00000000e75f9a90,0x00000000e7600000)
  to   space 32256K, 0% used [0x00000000e4180000,0x00000000e4180000,0x00000000e6100000)
 ParOldGen       total 120832K, used 61825K [0x0000000080000000, 0x0000000087600000, 0x00000000d5580000)
  object space 120832K, 51% used [0x0000000080000000,0x0000000083c60768,0x0000000087600000)
 Metaspace       used 77519K, capacity 81416K, committed 81624K, reserved 1120256K
  class space    used 10450K, capacity 11200K, committed 11264K, reserved 1048576K
Event: 54.354 GC heap after
Heap after GC invocations=18 (full 3):
 PSYoungGen      total 273920K, used 20124K [0x00000000d5580000, 0x00000000e8780000, 0x0000000100000000)
  eden space 241664K, 0% used [0x00000000d5580000,0x00000000d5580000,0x00000000e4180000)
  from space 32256K, 62% used [0x00000000e4180000,0x00000000e55270c0,0x00000000e6100000)
  to   space 21504K, 0% used [0x00000000e6100000,0x00000000e6100000,0x00000000e7600000)
 ParOldGen       total 120832K, used 81974K [0x0000000080000000, 0x0000000087600000, 0x00000000d5580000)
  object space 120832K, 67% used [0x0000000080000000,0x000000008500db28,0x0000000087600000)
 Metaspace       used 77519K, capacity 81416K, committed 81624K, reserved 1120256K
  class space    used 10450K, capacity 11200K, committed 11264K, reserved 1048576K
}

Deoptimization events (10 events):
Event: 55.989 Thread 0x000000002092a800 Uncommon trap: reason=class_check action=maybe_recompile pc=0x00000000050a8458 method=com.android.manifmerger.XmlNode$NamespaceAwareName.equals(Ljava/lang/Object;)Z @ 1
Event: 55.989 Thread 0x000000002092a800 Uncommon trap: reason=class_check action=maybe_recompile pc=0x00000000050a8458 method=com.android.manifmerger.XmlNode$NamespaceAwareName.equals(Ljava/lang/Object;)Z @ 1
Event: 56.013 Thread 0x000000002092a800 Uncommon trap: reason=unstable_if action=reinterpret pc=0x0000000004b96190 method=com.sun.org.apache.xerces.internal.impl.XMLDocumentFragmentScannerImpl.getString()Lcom/sun/org/apache/xerces/internal/xni/XMLString; @ 8
Event: 56.013 Thread 0x000000002092a800 Uncommon trap: reason=unstable_if action=reinterpret pc=0x0000000004aa6384 method=com.sun.org.apache.xerces.internal.impl.XMLDocumentFragmentScannerImpl.getString()Lcom/sun/org/apache/xerces/internal/xni/XMLString; @ 8
Event: 56.018 Thread 0x000000002092a800 Uncommon trap: reason=unstable_if action=reinterpret pc=0x00000000050677d4 method=com.sun.org.apache.xerces.internal.impl.XMLEntityScanner.scanData(Ljava/lang/String;Lcom/sun/org/apache/xerces/internal/util/XMLStringBuffer;)Z @ 346
Event: 56.103 Thread 0x000000002092a800 Uncommon trap: reason=unstable_if action=reinterpret pc=0x00000000050a9238 method=com.google.common.base.Ascii.toUpperCase(Ljava/lang/String;)Ljava/lang/String; @ 9
Event: 56.124 Thread 0x000000002092a800 Uncommon trap: reason=array_check action=maybe_recompile pc=0x0000000004f720f8 method=java.util.TimSort.binarySort([Ljava/lang/Object;IIILjava/util/Comparator;)V @ 215
Event: 56.141 Thread 0x000000002092a800 Uncommon trap: reason=unstable_if action=reinterpret pc=0x0000000004f1ee20 method=com.google.gson.stream.JsonReader.nextString()Ljava/lang/String; @ 6
Event: 56.347 Thread 0x000000002092a800 Uncommon trap: reason=unstable_if action=reinterpret pc=0x0000000004a986b8 method=sun.misc.URLClassPath$1.next()Z @ 56
Event: 56.348 Thread 0x000000002092a800 Uncommon trap: reason=unstable_if action=reinterpret pc=0x00000000047daffc method=java.lang.CharacterDataLatin1.isJavaIdentifierPart(I)Z @ 11

Classes redefined (0 events):
No events

Internal exceptions (10 events):
Event: 51.846 Thread 0x000000001b53e000 Implicit null exception at 0x0000000004acabe2 to 0x0000000004acb121
Event: 51.887 Thread 0x000000001b536800 Exception <a 'sun/nio/fs/WindowsException'> (0x00000000dfb73b20) thrown at [C:\src\AOSP-openjdk-git\hotspot\src\share\vm\prims\jni.cpp, line 710]
Event: 52.141 Thread 0x000000001b53c800 Exception <a 'sun/nio/fs/WindowsException'> (0x00000000e10f7718) thrown at [C:\src\AOSP-openjdk-git\hotspot\src\share\vm\prims\jni.cpp, line 710]
Event: 52.338 Thread 0x000000001b53e000 Implicit null exception at 0x00000000038cc124 to 0x00000000038cfdf1
Event: 53.343 Thread 0x000000001b53e000 Implicit null exception at 0x000000000494f458 to 0x000000000494f58d
Event: 53.678 Thread 0x000000001b535000 Implicit null exception at 0x0000000004ecf861 to 0x0000000004ecfda1
Event: 53.900 Thread 0x000000001b535000 Exception <a 'sun/nio/fs/WindowsException'> (0x00000000e39d17f8) thrown at [C:\src\AOSP-openjdk-git\hotspot\src\share\vm\prims\jni.cpp, line 710]
Event: 53.949 Thread 0x000000001b535000 Exception <a 'sun/nio/fs/WindowsException'> (0x00000000e3a51f38) thrown at [C:\src\AOSP-openjdk-git\hotspot\src\share\vm\prims\jni.cpp, line 710]
Event: 55.818 Thread 0x000000002092a800 Implicit null exception at 0x000000000344fdd6 to 0x0000000003450171
Event: 55.819 Thread 0x000000002092a800 Implicit null exception at 0x00000000033fe796 to 0x00000000033feb29

Events (10 events):
Event: 56.804 loading class kotlin/reflect/jvm/internal/impl/builtins/jvm/JvmBuiltInClassDescriptorFactory$cloneable$2
Event: 56.804 loading class kotlin/reflect/jvm/internal/impl/builtins/jvm/JvmBuiltInClassDescriptorFactory$cloneable$2 done
Event: 56.805 loading class kotlin/reflect/jvm/internal/impl/descriptors/impl/ModuleDependenciesImpl
Event: 56.805 loading class kotlin/reflect/jvm/internal/impl/descriptors/impl/ModuleDependenciesImpl done
Event: 56.806 loading class kotlin/reflect/jvm/internal/impl/descriptors/impl/ModuleDependencies
Event: 56.806 loading class kotlin/reflect/jvm/internal/impl/descriptors/impl/ModuleDependencies done
Event: 56.807 loading class kotlin/reflect/jvm/internal/impl/descriptors/impl/CompositePackageFragmentProvider
Event: 56.807 loading class kotlin/reflect/jvm/internal/impl/descriptors/impl/CompositePackageFragmentProvider done
Event: 56.808 loading class kotlin/reflect/jvm/internal/impl/descriptors/runtime/components/PackagePartScopeCache
Event: 56.808 loading class kotlin/reflect/jvm/internal/impl/descriptors/runtime/components/PackagePartScopeCache done


Dynamic libraries:
0x00007ff6a8a10000 - 0x00007ff6a8a41000 	C:\Program Files\Android\Android Studio\jre\bin\java.exe
0x00007ffd4f810000 - 0x00007ffd4fa05000 	C:\WINDOWS\SYSTEM32\ntdll.dll
0x00007ffd4e650000 - 0x00007ffd4e70d000 	C:\WINDOWS\System32\KERNEL32.DLL
0x00007ffd4cf80000 - 0x00007ffd4d248000 	C:\WINDOWS\System32\KERNELBASE.dll
0x00007ffd4ef10000 - 0x00007ffd4efbc000 	C:\WINDOWS\System32\ADVAPI32.dll
0x00007ffd4e320000 - 0x00007ffd4e3be000 	C:\WINDOWS\System32\msvcrt.dll
0x00007ffd4dda0000 - 0x00007ffd4de3b000 	C:\WINDOWS\System32\sechost.dll
0x00007ffd4da10000 - 0x00007ffd4db3b000 	C:\WINDOWS\System32\RPCRT4.dll
0x00007ffd4d870000 - 0x00007ffd4da10000 	C:\WINDOWS\System32\USER32.dll
0x00007ffd4d6e0000 - 0x00007ffd4d702000 	C:\WINDOWS\System32\win32u.dll
0x00007ffd4dd10000 - 0x00007ffd4dd3a000 	C:\WINDOWS\System32\GDI32.dll
0x00007ffd4d3c0000 - 0x00007ffd4d4cb000 	C:\WINDOWS\System32\gdi32full.dll
0x00007ffd4d2d0000 - 0x00007ffd4d36d000 	C:\WINDOWS\System32\msvcp_win.dll
0x00007ffd4d4d0000 - 0x00007ffd4d5d0000 	C:\WINDOWS\System32\ucrtbase.dll
0x00007ffd32bc0000 - 0x00007ffd32e5a000 	C:\WINDOWS\WinSxS\amd64_microsoft.windows.common-controls_6595b64144ccf1df_6.0.19041.844_none_ca00b6081b84eb1d\COMCTL32.dll
0x00007ffd4f660000 - 0x00007ffd4f690000 	C:\WINDOWS\System32\IMM32.DLL
0x00000000757d0000 - 0x00000000758a2000 	C:\Program Files\Android\Android Studio\jre\jre\bin\msvcr100.dll
0x0000000075990000 - 0x00000000761db000 	C:\Program Files\Android\Android Studio\jre\jre\bin\server\jvm.dll
0x00007ffd4f030000 - 0x00007ffd4f038000 	C:\WINDOWS\System32\PSAPI.DLL
0x00007ffd33800000 - 0x00007ffd33809000 	C:\WINDOWS\SYSTEM32\WSOCK32.dll
0x00007ffd4efc0000 - 0x00007ffd4f02b000 	C:\WINDOWS\System32\WS2_32.dll
0x00007ffd3e060000 - 0x00007ffd3e087000 	C:\WINDOWS\SYSTEM32\WINMM.dll
0x00007ffd45190000 - 0x00007ffd4519a000 	C:\WINDOWS\SYSTEM32\VERSION.dll
0x00007ffd47880000 - 0x00007ffd4788f000 	C:\Program Files\Android\Android Studio\jre\jre\bin\verify.dll
0x00007ffd464d0000 - 0x00007ffd464f9000 	C:\Program Files\Android\Android Studio\jre\jre\bin\java.dll
0x00007ffd46be0000 - 0x00007ffd46bf6000 	C:\Program Files\Android\Android Studio\jre\jre\bin\zip.dll
0x00007ffd4e7c0000 - 0x00007ffd4ef02000 	C:\WINDOWS\System32\SHELL32.dll
0x00007ffd4a9b0000 - 0x00007ffd4b141000 	C:\WINDOWS\SYSTEM32\windows.storage.dll
0x00007ffd4de40000 - 0x00007ffd4e195000 	C:\WINDOWS\System32\combase.dll
0x00007ffd4c8f0000 - 0x00007ffd4c91c000 	C:\WINDOWS\SYSTEM32\Wldp.dll
0x00007ffd4f720000 - 0x00007ffd4f7ce000 	C:\WINDOWS\System32\SHCORE.dll
0x00007ffd4f4b0000 - 0x00007ffd4f505000 	C:\WINDOWS\System32\shlwapi.dll
0x00007ffd4ce90000 - 0x00007ffd4ceaf000 	C:\WINDOWS\SYSTEM32\profapi.dll
0x00007ffd43b20000 - 0x00007ffd43b3a000 	C:\Program Files\Android\Android Studio\jre\jre\bin\net.dll
0x00007ffd4c660000 - 0x00007ffd4c6ca000 	C:\WINDOWS\system32\mswsock.dll
0x00007ffd43ae0000 - 0x00007ffd43af3000 	C:\Program Files\Android\Android Studio\jre\jre\bin\nio.dll
0x00007ffd28be0000 - 0x00007ffd28c07000 	C:\Users\KimHanbi\.gradle\native\f6784746aeab05261644944871eae4fe03e0ef1612fff0a4a95f87b438bc6780\windows-amd64\native-platform.dll
0x00007ffd47860000 - 0x00007ffd4786d000 	C:\Program Files\Android\Android Studio\jre\jre\bin\management.dll
0x00007ffd4c840000 - 0x00007ffd4c858000 	C:\WINDOWS\SYSTEM32\CRYPTSP.dll
0x00007ffd4c000000 - 0x00007ffd4c034000 	C:\WINDOWS\system32\rsaenh.dll
0x00007ffd4cf50000 - 0x00007ffd4cf77000 	C:\WINDOWS\System32\bcrypt.dll
0x00007ffd4ce50000 - 0x00007ffd4ce7e000 	C:\WINDOWS\SYSTEM32\USERENV.dll
0x00007ffd4d250000 - 0x00007ffd4d2d0000 	C:\WINDOWS\System32\bcryptprimitives.dll
0x00007ffd4c830000 - 0x00007ffd4c83c000 	C:\WINDOWS\SYSTEM32\CRYPTBASE.dll
0x00007ffd4c350000 - 0x00007ffd4c38b000 	C:\WINDOWS\SYSTEM32\IPHLPAPI.DLL
0x00007ffd4f510000 - 0x00007ffd4f518000 	C:\WINDOWS\System32\NSI.dll
0x00007ffd46b00000 - 0x00007ffd46b17000 	C:\WINDOWS\SYSTEM32\dhcpcsvc6.DLL
0x00007ffd469f0000 - 0x00007ffd46a0d000 	C:\WINDOWS\SYSTEM32\dhcpcsvc.DLL
0x00007ffd4c390000 - 0x00007ffd4c45c000 	C:\WINDOWS\SYSTEM32\DNSAPI.dll
0x00007ffd47c00000 - 0x00007ffd47c0b000 	C:\WINDOWS\SYSTEM32\WINNSI.DLL
0x00007ffd27320000 - 0x00007ffd274bc000 	C:\Program Files\Android\Android Studio\jre\jre\bin\awt.dll
0x00007ffd4e500000 - 0x00007ffd4e5cd000 	C:\WINDOWS\System32\OLEAUT32.dll
0x00007ffd4a1d0000 - 0x00007ffd4a1ff000 	C:\WINDOWS\SYSTEM32\dwmapi.dll
0x00007ffd48510000 - 0x00007ffd48ad0000 	C:\WINDOWS\SYSTEM32\d2d1.dll
0x00007ffd49660000 - 0x00007ffd496f0000 	C:\WINDOWS\SYSTEM32\apphelp.dll
0x00007ffd49fe0000 - 0x00007ffd4a07e000 	C:\WINDOWS\system32\uxtheme.dll
0x00007ffd4bc70000 - 0x00007ffd4bca3000 	C:\WINDOWS\SYSTEM32\ntmarta.dll
0x00007ffd29450000 - 0x00007ffd29474000 	C:\Program Files\Android\Android Studio\jre\jre\bin\sunec.dll
0x00007ffd44a30000 - 0x00007ffd44a3a000 	C:\Windows\System32\rasadhlp.dll
0x00007ffd44590000 - 0x00007ffd4460f000 	C:\WINDOWS\System32\fwpuclnt.dll
0x00007ffd46ed0000 - 0x00007ffd46edb000 	C:\Program Files\Android\Android Studio\jre\jre\bin\sunmscapi.dll
0x00007ffd4d710000 - 0x00007ffd4d86f000 	C:\WINDOWS\System32\CRYPT32.dll

VM Arguments:
jvm_args: -Xmx2048m -Dfile.encoding=UTF-8 -Duser.country=KR -Duser.language=ko -Duser.variant 
java_command: org.gradle.launcher.daemon.bootstrap.GradleDaemon 6.5
java_class_path (initial): C:\Users\KimHanbi\.gradle\wrapper\dists\gradle-6.5-all\2oz4ud9k3tuxjg84bbf55q0tn\gradle-6.5\lib\gradle-launcher-6.5.jar
Launcher Type: SUN_STANDARD

Environment Variables:
JAVA_HOME=C:\Program Files\Java\jdk1.8.0_251
CLASSPATH=%classpath%;;;
PATH=C:\Program Files\Java\jdk1.8.0_251\bin;C:\Program Files (x86)\Common Files\Oracle\Java\javapath;C:\Program Files (x86)\Intel\iCLS Client\;C:\Program Files\Intel\iCLS Client\;C:\WINDOWS\system32;C:\WINDOWS;C:\WINDOWS\System32\Wbem;C:\WINDOWS\System32\WindowsPowerShell\v1.0\;C:\Program Files (x86)\Intel\Intel(R) Management Engine Components\DAL;C:\Program Files\Intel\Intel(R) Management Engine Components\DAL;C:\Program Files (x86)\Intel\Intel(R) Management Engine Components\IPT;C:\Program Files\Intel\Intel(R) Management Engine Components\IPT;C:\Program Files\Intel\WiFi\bin\;C:\Program Files\Common Files\Intel\WirelessCommon\;C:\WINDOWS\System32\OpenSSH\;C:\MinGW\bin;C:\Program Files\Java\jdk1.8.0_251\bin;C:\Program Files\Git\cmd;C:\Program Files\MySQL\MySQL Server 8.0\bin;C:\ProgramData\chocolatey\bin;C:\Program Files\nodejs\;C:\Program Files\MySQL\MySQL Shell 8.0\bin\;C:\Python\Python36\Scripts\;C:\Python\Python36\;C:\Users\KimHanbi\AppData\Local\Microsoft\WindowsApps;C:\Users\KimHanbi\AppData\Local\Programs\Microsoft VS Code\bin;C:\Users\KimHanbi\AppData\Roaming\npm;C:\Program Files\Android\Android Studio\jre\bin;C:\Users\KimHanbi\AppData\Local\gitkraken\bin
USERNAME=KimHanbi
OS=Windows_NT
PROCESSOR_IDENTIFIER=Intel64 Family 6 Model 142 Stepping 10, GenuineIntel



---------------  S Y S T E M  ---------------

OS: Windows 10.0 , 64 bit Build 19041 (10.0.19041.928)

CPU:total 8 (initial active 8) (4 cores per cpu, 2 threads per core) family 6 model 142 stepping 10, cmov, cx8, fxsr, mmx, sse, sse2, sse3, ssse3, sse4.1, sse4.2, popcnt, avx, avx2, aes, clmul, erms, 3dnowpref, lzcnt, ht, tsc, tscinvbit, bmi1, bmi2, adx

Memory: 4k page, physical 8217940k(669840k free), swap 8217940k(5736k free)

vm_info: OpenJDK 64-Bit Server VM (25.242-b01) for windows-amd64 JRE (1.8.0_242-release-1644-b01), built by "builder" with MS VC++ 10.0 (VS2010)

time: Wed May 05 16:02:47 2021
timezone: 대한민국 표준시
elapsed time: 56 seconds (0d 0h 0m 56s)

