#
# There is insufficient memory for the Java Runtime Environment to continue.
# Native memory allocation (malloc) failed to allocate 32744 bytes for ChunkPool::allocate
# Possible reasons:
#   The system is out of physical RAM or swap space
#   The process is running with CompressedOops enabled, and the Java Heap may be blocking the growth of the native heap
# Possible solutions:
#   Reduce memory load on the system
#   Increase physical memory or swap space
#   Check if swap backing store is full
#   Decrease Java heap size (-Xmx/-Xms)
#   Decrease number of Java threads
#   Decrease Java thread stack sizes (-Xss)
#   Set larger code cache with -XX:ReservedCodeCacheSize=
#   JVM is running with Unscaled Compressed Oops mode in which the Java heap is
#     placed in the first 4GB address space. The Java Heap base address is the
#     maximum limit for the native heap growth. Please use -XX:HeapBaseMinAddress
#     to set the Java Heap base and to place the Java Heap above 4GB virtual address.
# This output file may be truncated or incomplete.
#
#  Out of Memory Error (allocation.cpp:272), pid=5344, tid=0x0000000000002f24
#
# JRE version: OpenJDK Runtime Environment (8.0_242-b01) (build 1.8.0_242-release-1644-b01)
# Java VM: OpenJDK 64-Bit Server VM (25.242-b01 mixed mode windows-amd64 compressed oops)
# Failed to write core dump. Minidumps are not enabled by default on client versions of Windows
#

---------------  T H R E A D  ---------------

Current thread (0x0000000019c9e000):  JavaThread "C1 CompilerThread3" daemon [_thread_in_native, id=12068, stack(0x000000001a790000,0x000000001a890000)]

Stack: [0x000000001a790000,0x000000001a890000]
[error occurred during error reporting (printing stack bounds), id 0xc0000005]

Native frames: (J=compiled Java code, j=interpreted, Vv=VM code, C=native code)


Current CompileTask:
C1:  31649 4247       3       org.gradle.internal.instantiation.generator.DependencyInjectingInstantiator::convertParameters (126 bytes)


---------------  P R O C E S S  ---------------

Java Threads: ( => current thread )
  0x000000001bcce000 JavaThread "Cache worker for Build Output Cleanup Cache (C:\Users\KimHanbi\AndroidStudioProjects\UntactShop\.gradle\buildOutputCleanup)" [_thread_blocked, id=4312, stack(0x000000002a320000,0x000000002a420000)]
  0x000000001bccd000 JavaThread "jar transforms Thread 99" [_thread_blocked, id=5584, stack(0x0000000029cd0000,0x0000000029dd0000)]
  0x000000001bcce800 JavaThread "jar transforms Thread 98" [_thread_blocked, id=8768, stack(0x0000000029bd0000,0x0000000029cd0000)]
  0x000000001bcd3000 JavaThread "jar transforms Thread 97" [_thread_blocked, id=2268, stack(0x0000000029ad0000,0x0000000029bd0000)]
  0x000000001bcd2800 JavaThread "jar transforms Thread 96" [_thread_blocked, id=8488, stack(0x00000000299d0000,0x0000000029ad0000)]
  0x000000001bcd0000 JavaThread "jar transforms Thread 95" [_thread_blocked, id=3808, stack(0x00000000298d0000,0x00000000299d0000)]
  0x000000001c702800 JavaThread "jar transforms Thread 94" [_thread_blocked, id=3484, stack(0x00000000297d0000,0x00000000298d0000)]
  0x000000001c709000 JavaThread "jar transforms Thread 93" [_thread_blocked, id=10960, stack(0x00000000296d0000,0x00000000297d0000)]
  0x000000001c708800 JavaThread "jar transforms Thread 92" [_thread_blocked, id=6516, stack(0x00000000295d0000,0x00000000296d0000)]
  0x000000001c707800 JavaThread "jar transforms Thread 91" [_thread_blocked, id=13188, stack(0x00000000294d0000,0x00000000295d0000)]
  0x000000001c707000 JavaThread "jar transforms Thread 90" [_thread_blocked, id=7768, stack(0x00000000293d0000,0x00000000294d0000)]
  0x000000001c706000 JavaThread "jar transforms Thread 89" [_thread_blocked, id=3040, stack(0x00000000292d0000,0x00000000293d0000)]
  0x000000001c704000 JavaThread "jar transforms Thread 88" [_thread_blocked, id=13348, stack(0x00000000290d0000,0x00000000291d0000)]
  0x000000001c705800 JavaThread "jar transforms Thread 87" [_thread_blocked, id=14280, stack(0x0000000028fd0000,0x00000000290d0000)]
  0x000000001c703000 JavaThread "jar transforms Thread 86" [_thread_blocked, id=7048, stack(0x0000000028ed0000,0x0000000028fd0000)]
  0x000000001c704800 JavaThread "jar transforms Thread 85" [_thread_blocked, id=6844, stack(0x0000000028dd0000,0x0000000028ed0000)]
  0x000000001c6fb000 JavaThread "jar transforms Thread 84" [_thread_blocked, id=12168, stack(0x0000000028cd0000,0x0000000028dd0000)]
  0x000000001c701800 JavaThread "jar transforms Thread 83" [_thread_blocked, id=12676, stack(0x0000000028bd0000,0x0000000028cd0000)]
  0x000000001c6fb800 JavaThread "jar transforms Thread 82" [_thread_blocked, id=3468, stack(0x0000000028ad0000,0x0000000028bd0000)]
  0x000000001c6fa000 JavaThread "jar transforms Thread 81" [_thread_blocked, id=10156, stack(0x00000000289d0000,0x0000000028ad0000)]
  0x000000001c700000 JavaThread "jar transforms Thread 80" [_thread_blocked, id=8760, stack(0x00000000288d0000,0x00000000289d0000)]
  0x000000001c6ff800 JavaThread "jar transforms Thread 79" [_thread_blocked, id=8844, stack(0x00000000287d0000,0x00000000288d0000)]
  0x000000001c6fe800 JavaThread "jar transforms Thread 78" [_thread_blocked, id=12544, stack(0x00000000286d0000,0x00000000287d0000)]
  0x000000001c6fc800 JavaThread "jar transforms Thread 77" [_thread_blocked, id=4496, stack(0x00000000285d0000,0x00000000286d0000)]
  0x000000001c6fd000 JavaThread "jar transforms Thread 76" [_thread_blocked, id=7276, stack(0x00000000284d0000,0x00000000285d0000)]
  0x000000001c701000 JavaThread "jar transforms Thread 75" [_thread_blocked, id=14128, stack(0x00000000283d0000,0x00000000284d0000)]
  0x000000001c6fe000 JavaThread "jar transforms Thread 74" [_thread_blocked, id=13324, stack(0x00000000282d0000,0x00000000283d0000)]
  0x000000001c864800 JavaThread "jar transforms Thread 73" [_thread_blocked, id=12896, stack(0x00000000281d0000,0x00000000282d0000)]
  0x000000001c867000 JavaThread "jar transforms Thread 72" [_thread_blocked, id=11808, stack(0x00000000280d0000,0x00000000281d0000)]
  0x000000001c868800 JavaThread "jar transforms Thread 71" [_thread_blocked, id=12972, stack(0x0000000027fd0000,0x00000000280d0000)]
  0x000000001c865800 JavaThread "jar transforms Thread 70" [_thread_blocked, id=9608, stack(0x0000000027ed0000,0x0000000027fd0000)]
  0x000000001c867800 JavaThread "jar transforms Thread 69" [_thread_blocked, id=13160, stack(0x0000000027dd0000,0x0000000027ed0000)]
  0x000000001c866000 JavaThread "jar transforms Thread 68" [_thread_blocked, id=14036, stack(0x0000000027cd0000,0x0000000027dd0000)]
  0x000000001c864000 JavaThread "jar transforms Thread 67" [_thread_blocked, id=7388, stack(0x0000000027bd0000,0x0000000027cd0000)]
  0x000000001c863000 JavaThread "jar transforms Thread 66" [_thread_blocked, id=3936, stack(0x0000000027ad0000,0x0000000027bd0000)]
  0x000000001c85b800 JavaThread "jar transforms Thread 65" [_thread_blocked, id=11732, stack(0x00000000279d0000,0x0000000027ad0000)]
  0x000000001c862800 JavaThread "jar transforms Thread 64" [_thread_blocked, id=7480, stack(0x00000000278d0000,0x00000000279d0000)]
  0x000000001c861800 JavaThread "jar transforms Thread 63" [_thread_blocked, id=8772, stack(0x00000000277d0000,0x00000000278d0000)]
  0x000000001c85e000 JavaThread "jar transforms Thread 62" [_thread_blocked, id=10716, stack(0x00000000276d0000,0x00000000277d0000)]
  0x000000001c85d000 JavaThread "jar transforms Thread 61" [_thread_blocked, id=14164, stack(0x00000000275d0000,0x00000000276d0000)]
  0x000000001c861000 JavaThread "jar transforms Thread 60" [_thread_blocked, id=13136, stack(0x00000000274d0000,0x00000000275d0000)]
  0x000000001c860000 JavaThread "jar transforms Thread 59" [_thread_blocked, id=9496, stack(0x00000000273d0000,0x00000000274d0000)]
  0x000000001c85f800 JavaThread "jar transforms Thread 58" [_thread_blocked, id=14096, stack(0x00000000272d0000,0x00000000273d0000)]
  0x000000001c85b000 JavaThread "jar transforms Thread 57" [_thread_blocked, id=10380, stack(0x00000000271d0000,0x00000000272d0000)]
  0x000000001c859800 JavaThread "jar transforms Thread 56" [_thread_blocked, id=8812, stack(0x00000000270d0000,0x00000000271d0000)]
  0x000000001c85a000 JavaThread "jar transforms Thread 55" [_thread_blocked, id=5276, stack(0x0000000026fd0000,0x00000000270d0000)]
  0x000000001c85e800 JavaThread "jar transforms Thread 54" [_thread_blocked, id=4944, stack(0x0000000026ed0000,0x0000000026fd0000)]
  0x000000001c85c800 JavaThread "jar transforms Thread 53" [_thread_blocked, id=12804, stack(0x0000000026dd0000,0x0000000026ed0000)]
  0x0000000020f95000 JavaThread "jar transforms Thread 52" [_thread_blocked, id=7476, stack(0x0000000026cd0000,0x0000000026dd0000)]
  0x0000000020f94800 JavaThread "jar transforms Thread 51" [_thread_blocked, id=13704, stack(0x0000000026bd0000,0x0000000026cd0000)]
  0x0000000020f93800 JavaThread "jar transforms Thread 50" [_thread_blocked, id=8, stack(0x0000000026ad0000,0x0000000026bd0000)]
  0x0000000020f92000 JavaThread "jar transforms Thread 49" [_thread_blocked, id=14296, stack(0x00000000269d0000,0x0000000026ad0000)]
  0x0000000020f98000 JavaThread "jar transforms Thread 48" [_thread_blocked, id=5088, stack(0x00000000268d0000,0x00000000269d0000)]
  0x0000000020f97800 JavaThread "jar transforms Thread 47" [_thread_blocked, id=3988, stack(0x00000000267d0000,0x00000000268d0000)]
  0x0000000020f96800 JavaThread "jar transforms Thread 46" [_thread_blocked, id=14040, stack(0x00000000266d0000,0x00000000267d0000)]
  0x0000000020f96000 JavaThread "jar transforms Thread 45" [_thread_blocked, id=9868, stack(0x00000000265d0000,0x00000000266d0000)]
  0x0000000020f93000 JavaThread "jar transforms Thread 44" [_thread_blocked, id=13524, stack(0x00000000264d0000,0x00000000265d0000)]
  0x0000000020f8a800 JavaThread "jar transforms Thread 43" [_thread_blocked, id=14080, stack(0x00000000263d0000,0x00000000264d0000)]
  0x0000000020f91800 JavaThread "jar transforms Thread 42" [_thread_blocked, id=13504, stack(0x00000000262d0000,0x00000000263d0000)]
  0x0000000020f8e800 JavaThread "jar transforms Thread 41" [_thread_blocked, id=10072, stack(0x00000000261d0000,0x00000000262d0000)]
  0x0000000020f89800 JavaThread "jar transforms Thread 40" [_thread_blocked, id=13596, stack(0x00000000260d0000,0x00000000261d0000)]
  0x0000000020f8c800 JavaThread "jar transforms Thread 39" [_thread_blocked, id=2564, stack(0x0000000025fd0000,0x00000000260d0000)]
  0x0000000020f8b000 JavaThread "jar transforms Thread 38" [_thread_blocked, id=10500, stack(0x0000000025ed0000,0x0000000025fd0000)]
  0x0000000020f90800 JavaThread "jar transforms Thread 37" [_thread_blocked, id=11148, stack(0x0000000025dd0000,0x0000000025ed0000)]
  0x0000000020f8c000 JavaThread "jar transforms Thread 36" [_thread_blocked, id=8060, stack(0x0000000025cd0000,0x0000000025dd0000)]
  0x0000000020f8d800 JavaThread "jar transforms Thread 35" [_thread_blocked, id=10728, stack(0x0000000025bd0000,0x0000000025cd0000)]
  0x0000000020f89000 JavaThread "jar transforms Thread 34" [_thread_blocked, id=10732, stack(0x0000000025ad0000,0x0000000025bd0000)]
  0x0000000020f90000 JavaThread "jar transforms Thread 33" [_thread_blocked, id=10672, stack(0x00000000259d0000,0x0000000025ad0000)]
  0x0000000020f8f000 JavaThread "jar transforms Thread 32" [_thread_blocked, id=10684, stack(0x00000000258d0000,0x00000000259d0000)]
  0x000000001c8a6800 JavaThread "jar transforms Thread 31" [_thread_blocked, id=11976, stack(0x00000000257d0000,0x00000000258d0000)]
  0x000000001c8a3800 JavaThread "jar transforms Thread 30" [_thread_blocked, id=13648, stack(0x00000000256d0000,0x00000000257d0000)]
  0x000000001c8aa800 JavaThread "jar transforms Thread 29" [_thread_blocked, id=4064, stack(0x00000000255d0000,0x00000000256d0000)]
  0x000000001c8a5000 JavaThread "jar transforms Thread 28" [_thread_blocked, id=1884, stack(0x00000000254d0000,0x00000000255d0000)]
  0x000000001c8a3000 JavaThread "jar transforms Thread 27" [_thread_blocked, id=220, stack(0x00000000253d0000,0x00000000254d0000)]
  0x000000001c8a9800 JavaThread "jar transforms Thread 26" [_thread_blocked, id=8796, stack(0x00000000252d0000,0x00000000253d0000)]
  0x000000001c8a7800 JavaThread "jar transforms Thread 25" [_thread_blocked, id=10868, stack(0x00000000251d0000,0x00000000252d0000)]
  0x000000001c8a6000 JavaThread "jar transforms Thread 24" [_thread_blocked, id=5536, stack(0x00000000250d0000,0x00000000251d0000)]
  0x000000001c8a8000 JavaThread "jar transforms Thread 23" [_thread_blocked, id=8152, stack(0x0000000024fd0000,0x00000000250d0000)]
  0x000000001c8a9000 JavaThread "jar transforms Thread 22" [_thread_blocked, id=5184, stack(0x0000000024ed0000,0x0000000024fd0000)]
  0x000000001c8a4800 JavaThread "jar transforms Thread 21" [_thread_blocked, id=12616, stack(0x0000000024dd0000,0x0000000024ed0000)]
  0x000000001c89b800 JavaThread "jar transforms Thread 20" [_thread_blocked, id=14068, stack(0x0000000024cd0000,0x0000000024dd0000)]
  0x000000001c8a2000 JavaThread "jar transforms Thread 19" [_thread_blocked, id=11196, stack(0x0000000024bd0000,0x0000000024cd0000)]
  0x000000001c89f000 JavaThread "jar transforms Thread 18" [_thread_blocked, id=11820, stack(0x0000000024ad0000,0x0000000024bd0000)]
  0x000000001c89d800 JavaThread "jar transforms Thread 17" [_thread_blocked, id=12020, stack(0x00000000249d0000,0x0000000024ad0000)]
  0x000000001c8a1800 JavaThread "jar transforms Thread 16" [_thread_blocked, id=2360, stack(0x00000000248d0000,0x00000000249d0000)]
  0x000000001c89c000 JavaThread "jar transforms Thread 15" [_thread_blocked, id=3884, stack(0x00000000247d0000,0x00000000248d0000)]
  0x000000001c8a0000 JavaThread "jar transforms Thread 14" [_thread_blocked, id=11144, stack(0x00000000246d0000,0x00000000247d0000)]
  0x000000001c8a0800 JavaThread "jar transforms Thread 13" [_thread_blocked, id=13636, stack(0x00000000245d0000,0x00000000246d0000)]
  0x000000001c89d000 JavaThread "jar transforms Thread 12" [_thread_blocked, id=14120, stack(0x00000000244d0000,0x00000000245d0000)]
  0x000000001c89e800 JavaThread "jar transforms Thread 11" [_thread_blocked, id=7640, stack(0x00000000243d0000,0x00000000244d0000)]
  0x000000001ffdb800 JavaThread "jar transforms Thread 10" [_thread_blocked, id=3308, stack(0x00000000242d0000,0x00000000243d0000)]
  0x000000001ffda000 JavaThread "jar transforms Thread 9" [_thread_blocked, id=3344, stack(0x00000000241d0000,0x00000000242d0000)]
  0x000000001ffd9800 JavaThread "jar transforms Thread 8" [_thread_blocked, id=3008, stack(0x00000000240d0000,0x00000000241d0000)]
  0x000000001ffdb000 JavaThread "jar transforms Thread 7" [_thread_blocked, id=11928, stack(0x0000000023fd0000,0x00000000240d0000)]
  0x000000001ffd8800 JavaThread "jar transforms Thread 6" [_thread_blocked, id=12720, stack(0x0000000023ed0000,0x0000000023fd0000)]
  0x000000001ffd1000 JavaThread "jar transforms Thread 5" [_thread_blocked, id=13144, stack(0x0000000023dd0000,0x0000000023ed0000)]
  0x000000001ffd8000 JavaThread "jar transforms Thread 4" [_thread_blocked, id=4960, stack(0x0000000023400000,0x0000000023500000)]
  0x000000001ffd4000 JavaThread "jar transforms Thread 3" [_thread_blocked, id=2152, stack(0x0000000023300000,0x0000000023400000)]
  0x000000001ffd3800 JavaThread "jar transforms Thread 2" [_thread_blocked, id=560, stack(0x0000000023200000,0x0000000023300000)]
  0x000000001ffd6800 JavaThread "Build operations Thread 8" [_thread_blocked, id=2500, stack(0x0000000023cd0000,0x0000000023dd0000)]
  0x000000001ffd5800 JavaThread "Build operations Thread 7" [_thread_blocked, id=6556, stack(0x0000000023bd0000,0x0000000023cd0000)]
  0x000000001ffd7000 JavaThread "Build operations Thread 6" [_thread_blocked, id=14264, stack(0x0000000023ad0000,0x0000000023bd0000)]
  0x000000001ffd5000 JavaThread "Build operations Thread 5" [_thread_blocked, id=8956, stack(0x00000000239d0000,0x0000000023ad0000)]
  0x000000001ffcd000 JavaThread "Build operations Thread 4" [_thread_blocked, id=2868, stack(0x00000000238d0000,0x00000000239d0000)]
  0x000000001ffd0000 JavaThread "Build operations Thread 3" [_thread_blocked, id=10764, stack(0x00000000237d0000,0x00000000238d0000)]
  0x000000001ffcf800 JavaThread "Build operations Thread 2" [_thread_blocked, id=8228, stack(0x00000000236d0000,0x00000000237d0000)]
  0x000000001ffd2800 JavaThread "Build operations" [_thread_blocked, id=4060, stack(0x00000000235d0000,0x00000000236d0000)]
  0x000000001b9f2800 JavaThread "Cache worker for file content cache (C:\Users\KimHanbi\.gradle\caches\6.5\fileContent)" [_thread_blocked, id=7184, stack(0x0000000022b00000,0x0000000022c00000)]
  0x000000001b9f5000 JavaThread "jar transforms" [_thread_blocked, id=4272, stack(0x0000000022a00000,0x0000000022b00000)]
  0x000000001b9f7800 JavaThread "Cache worker for execution history cache (C:\Users\KimHanbi\.gradle\caches\6.5\executionHistory)" [_thread_blocked, id=900, stack(0x0000000022300000,0x0000000022400000)]
  0x000000001b9f4000 JavaThread "Cache worker for cache directory md-rule (C:\Users\KimHanbi\.gradle\caches\6.5\md-rule)" [_thread_blocked, id=14228, stack(0x0000000022200000,0x0000000022300000)]
  0x000000001b9f6800 JavaThread "Cache worker for cache directory md-supplier (C:\Users\KimHanbi\.gradle\caches\6.5\md-supplier)" [_thread_blocked, id=4828, stack(0x0000000022100000,0x0000000022200000)]
  0x000000001b9f9000 JavaThread "Cache worker for checksums cache (C:\Users\KimHanbi\AndroidStudioProjects\UntactShop\.gradle\checksums)" [_thread_blocked, id=6388, stack(0x0000000020db0000,0x0000000020eb0000)]
  0x000000001b9f9800 JavaThread "Cache worker for file hash cache (C:\Users\KimHanbi\AndroidStudioProjects\UntactShop\.gradle\6.5\fileHashes)" [_thread_blocked, id=8764, stack(0x0000000020ab0000,0x0000000020bb0000)]
  0x000000001b9f3800 JavaThread "Cache worker for file hash cache (C:\Users\KimHanbi\.gradle\caches\6.5\fileHashes)" [_thread_blocked, id=6400, stack(0x000000001e810000,0x000000001e910000)]
  0x000000001b9f5800 JavaThread "File lock request listener" [_thread_in_native, id=3868, stack(0x000000001e710000,0x000000001e810000)]
  0x0000000019f6d000 JavaThread "Cache worker for journal cache (C:\Users\KimHanbi\.gradle\caches\journal-1)" [_thread_blocked, id=3664, stack(0x000000001e610000,0x000000001e710000)]
  0x000000001ad8c800 JavaThread "Thread-9" [_thread_blocked, id=2124, stack(0x000000001e310000,0x000000001e410000)]
  0x000000001ad89000 JavaThread "Stdin handler" [_thread_blocked, id=13376, stack(0x000000001e210000,0x000000001e310000)]
  0x000000001abb5800 JavaThread "Asynchronous log dispatcher for DefaultDaemonConnection: socket connection from /127.0.0.1:3286 to /127.0.0.1:3287" [_thread_blocked, id=11060, stack(0x000000001e110000,0x000000001e210000)]
  0x000000001abb4000 JavaThread "Daemon worker" [_thread_blocked, id=3716, stack(0x000000001e010000,0x000000001e110000)]
  0x0000000019fb5800 JavaThread "Cancel handler" [_thread_blocked, id=12680, stack(0x000000001de10000,0x000000001df10000)]
  0x0000000019d70800 JavaThread "Handler for socket connection from /127.0.0.1:3286 to /127.0.0.1:3287" [_thread_in_native, id=2064, stack(0x000000001dd10000,0x000000001de10000)]
  0x0000000019d6e000 JavaThread "Daemon" [_thread_blocked, id=9112, stack(0x000000001dc10000,0x000000001dd10000)]
  0x0000000019d6b000 JavaThread "Daemon periodic checks" [_thread_blocked, id=10368, stack(0x000000001d910000,0x000000001da10000)]
  0x000000001c68d800 JavaThread "Incoming local TCP Connector on port 3286" [_thread_in_native, id=7396, stack(0x000000001d730000,0x000000001d830000)]
  0x000000001c63d000 JavaThread "Daemon health stats" [_thread_blocked, id=7304, stack(0x000000001d430000,0x000000001d530000)]
  0x0000000019d27000 JavaThread "Service Thread" daemon [_thread_blocked, id=13284, stack(0x000000001a890000,0x000000001a990000)]
=>0x0000000019c9e000 JavaThread "C1 CompilerThread3" daemon [_thread_in_native, id=12068, stack(0x000000001a790000,0x000000001a890000)]
  0x0000000019c97000 JavaThread "C2 CompilerThread2" daemon [_thread_in_native, id=2032, stack(0x000000001a690000,0x000000001a790000)]
  0x0000000019c3b000 JavaThread "C2 CompilerThread1" daemon [_thread_in_native, id=13380, stack(0x000000001a590000,0x000000001a690000)]
  0x0000000019c39000 JavaThread "C2 CompilerThread0" daemon [_thread_blocked, id=13836, stack(0x000000001a490000,0x000000001a590000)]
  0x0000000019c93800 JavaThread "Attach Listener" daemon [_thread_blocked, id=11960, stack(0x000000001a390000,0x000000001a490000)]
  0x0000000017e1e800 JavaThread "Signal Dispatcher" daemon [_thread_blocked, id=12016, stack(0x000000001a290000,0x000000001a390000)]
  0x0000000019c21800 JavaThread "Finalizer" daemon [_thread_blocked, id=13252, stack(0x000000001a100000,0x000000001a200000)]
  0x0000000002d98000 JavaThread "Reference Handler" daemon [_thread_blocked, id=4920, stack(0x000000001a000000,0x000000001a100000)]
  0x0000000002ca2800 JavaThread "main" [_thread_blocked, id=5044, stack(0x0000000002ba0000,0x0000000002ca0000)]

Other Threads:
  0x0000000017e06000 VMThread [stack: 0x0000000019b00000,0x0000000019c00000] [id=1576]
  0x0000000019d28000 WatcherThread [stack: 0x000000001a990000,0x000000001aa90000] [id=8732]

VM state:at safepoint (normal execution)

VM Mutex/Monitor currently owned by a thread:  ([mutex/lock_event])
[0x00000000027edd30] Threads_lock - owner thread: 0x0000000017e06000
[0x00000000027edb30] Heap_lock - owner thread: 0x000000001abb4000

heap address: 0x0000000080000000, size: 2048 MB, Compressed Oops mode: 32-bit
Narrow klass base: 0x0000000000000000, Narrow klass shift: 3
Compressed class space size: 1073741824 Address: 0x0000000100000000

Heap:
 PSYoungGen      total 108032K, used 102335K [0x00000000d5580000, 0x00000000dcb80000, 0x0000000100000000)
  eden space 96256K, 100% used [0x00000000d5580000,0x00000000db380000,0x00000000db380000)
  from space 11776K, 51% used [0x00000000dbf80000,0x00000000dc56fe70,0x00000000dcb00000)
  to   space 12288K, 84% used [0x00000000db380000,0x00000000dbda65a8,0x00000000dbf80000)
 ParOldGen       total 66048K, used 17363K [0x0000000080000000, 0x0000000084080000, 0x00000000d5580000)
  object space 66048K, 26% used [0x0000000080000000,0x00000000810f4d50,0x0000000084080000)
 Metaspace       used 46231K, capacity 48086K, committed 48344K, reserved 1091584K
  class space    used 6252K, capacity 6627K, committed 6656K, reserved 1048576K

Card table byte_map: [0x0000000012160000,0x0000000012570000] byte_map_base: 0x0000000011d60000

Marking Bits: (ParMarkBitMap*) 0x0000000073aff030
 Begin Bits: [0x0000000013020000, 0x0000000015020000)
 End Bits:   [0x0000000015020000, 0x0000000017020000)

Polling page: 0x0000000002710000

CodeCache: size=245760Kb used=13461Kb max_used=13461Kb free=232298Kb
 bounds [0x0000000002da0000, 0x0000000003ae0000, 0x0000000011da0000]
 total_blobs=4680 nmethods=3935 adapters=657
 compilation: enabled

Compilation events (10 events):
Event: 31.634 Thread 0x0000000019c9e000 nmethod 4243 0x0000000003ace290 code [0x0000000003ace3e0, 0x0000000003ace4f0]
Event: 31.634 Thread 0x0000000019c9e000 4242       3       org.gradle.tooling.internal.provider.runner.SubtreeFilteringBuildOperationListener::finished (72 bytes)
Event: 31.637 Thread 0x0000000019c9e000 nmethod 4242 0x0000000003ace550 code [0x0000000003ace760, 0x0000000003acf508]
Event: 31.637 Thread 0x0000000019c9e000 4244       3       org.gradle.internal.instantiation.generator.AsmBackedClassGenerator$ObjectCreationDetails::<init> (26 bytes)
Event: 31.637 Thread 0x0000000019c9e000 nmethod 4244 0x0000000003acfa10 code [0x0000000003acfb60, 0x0000000003acfd70]
Event: 31.637 Thread 0x0000000019c9e000 4245       3       org.gradle.internal.instantiation.generator.DependencyInjectingInstantiator::newInstance (8 bytes)
Event: 31.638 Thread 0x0000000019c9e000 nmethod 4245 0x0000000003acfe50 code [0x0000000003acffc0, 0x0000000003ad0168]
Event: 31.638 Thread 0x0000000019c9e000 4246       3       org.gradle.internal.instantiation.generator.AsmBackedClassGenerator::generate (6 bytes)
Event: 31.639 Thread 0x0000000019c9e000 nmethod 4246 0x0000000003ad0210 code [0x0000000003ad0380, 0x0000000003ad0508]
Event: 31.639 Thread 0x0000000019c9e000 4247       3       org.gradle.internal.instantiation.generator.DependencyInjectingInstantiator::convertParameters (126 bytes)

GC Heap History (10 events):
Event: 24.145 GC heap before
{Heap before GC invocations=10 (full 1):
 PSYoungGen      total 72704K, used 65602K [0x00000000d5580000, 0x00000000da900000, 0x0000000100000000)
  eden space 62976K, 100% used [0x00000000d5580000,0x00000000d9300000,0x00000000d9300000)
  from space 9728K, 27% used [0x00000000d9f00000,0x00000000da190b50,0x00000000da880000)
  to   space 11264K, 0% used [0x00000000d9300000,0x00000000d9300000,0x00000000d9e00000)
 ParOldGen       total 46592K, used 6918K [0x0000000080000000, 0x0000000082d80000, 0x00000000d5580000)
  object space 46592K, 14% used [0x0000000080000000,0x00000000806c1bf0,0x0000000082d80000)
 Metaspace       used 30870K, capacity 31822K, committed 32128K, reserved 1077248K
  class space    used 4163K, capacity 4372K, committed 4480K, reserved 1048576K
Event: 24.170 GC heap after
Heap after GC invocations=10 (full 1):
 PSYoungGen      total 74240K, used 9211K [0x00000000d5580000, 0x00000000dcb00000, 0x0000000100000000)
  eden space 62976K, 0% used [0x00000000d5580000,0x00000000d5580000,0x00000000d9300000)
  from space 11264K, 81% used [0x00000000d9300000,0x00000000d9bfed68,0x00000000d9e00000)
  to   space 11776K, 0% used [0x00000000dbf80000,0x00000000dbf80000,0x00000000dcb00000)
 ParOldGen       total 46592K, used 6926K [0x0000000080000000, 0x0000000082d80000, 0x00000000d5580000)
  object space 46592K, 14% used [0x0000000080000000,0x00000000806c3bf0,0x0000000082d80000)
 Metaspace       used 30870K, capacity 31822K, committed 32128K, reserved 1077248K
  class space    used 4163K, capacity 4372K, committed 4480K, reserved 1048576K
}
Event: 25.655 GC heap before
{Heap before GC invocations=11 (full 1):
 PSYoungGen      total 74240K, used 72187K [0x00000000d5580000, 0x00000000dcb00000, 0x0000000100000000)
  eden space 62976K, 100% used [0x00000000d5580000,0x00000000d9300000,0x00000000d9300000)
  from space 11264K, 81% used [0x00000000d9300000,0x00000000d9bfed68,0x00000000d9e00000)
  to   space 11776K, 0% used [0x00000000dbf80000,0x00000000dbf80000,0x00000000dcb00000)
 ParOldGen       total 46592K, used 6926K [0x0000000080000000, 0x0000000082d80000, 0x00000000d5580000)
  object space 46592K, 14% used [0x0000000080000000,0x00000000806c3bf0,0x0000000082d80000)
 Metaspace       used 34115K, capacity 35328K, committed 35416K, reserved 1079296K
  class space    used 4679K, capacity 4973K, committed 4992K, reserved 1048576K
Event: 25.683 GC heap after
Heap after GC invocations=11 (full 1):
 PSYoungGen      total 108032K, used 9028K [0x00000000d5580000, 0x00000000dcb80000, 0x0000000100000000)
  eden space 96256K, 0% used [0x00000000d5580000,0x00000000d5580000,0x00000000db380000)
  from space 11776K, 76% used [0x00000000dbf80000,0x00000000dc851268,0x00000000dcb00000)
  to   space 12288K, 0% used [0x00000000db380000,0x00000000db380000,0x00000000dbf80000)
 ParOldGen       total 46592K, used 7618K [0x0000000080000000, 0x0000000082d80000, 0x00000000d5580000)
  object space 46592K, 16% used [0x0000000080000000,0x0000000080770bb0,0x0000000082d80000)
 Metaspace       used 34115K, capacity 35328K, committed 35416K, reserved 1079296K
  class space    used 4679K, capacity 4973K, committed 4992K, reserved 1048576K
}
Event: 25.752 GC heap before
{Heap before GC invocations=12 (full 1):
 PSYoungGen      total 108032K, used 12721K [0x00000000d5580000, 0x00000000dcb80000, 0x0000000100000000)
  eden space 96256K, 3% used [0x00000000d5580000,0x00000000d591b328,0x00000000db380000)
  from space 11776K, 76% used [0x00000000dbf80000,0x00000000dc851268,0x00000000dcb00000)
  to   space 12288K, 0% used [0x00000000db380000,0x00000000db380000,0x00000000dbf80000)
 ParOldGen       total 46592K, used 7618K [0x0000000080000000, 0x0000000082d80000, 0x00000000d5580000)
  object space 46592K, 16% used [0x0000000080000000,0x0000000080770bb0,0x0000000082d80000)
 Metaspace       used 34241K, capacity 35392K, committed 35416K, reserved 1079296K
  class space    used 4706K, capacity 4973K, committed 4992K, reserved 1048576K
Event: 25.770 GC heap after
Heap after GC invocations=12 (full 1):
 PSYoungGen      total 108544K, used 352K [0x00000000d5580000, 0x00000000dcb80000, 0x0000000100000000)
  eden space 96256K, 0% used [0x00000000d5580000,0x00000000d5580000,0x00000000db380000)
  from space 12288K, 2% used [0x00000000db380000,0x00000000db3d8000,0x00000000dbf80000)
  to   space 11776K, 0% used [0x00000000dbf80000,0x00000000dbf80000,0x00000000dcb00000)
 ParOldGen       total 46592K, used 13666K [0x0000000080000000, 0x0000000082d80000, 0x00000000d5580000)
  object space 46592K, 29% used [0x0000000080000000,0x0000000080d58960,0x0000000082d80000)
 Metaspace       used 34241K, capacity 35392K, committed 35416K, reserved 1079296K
  class space    used 4706K, capacity 4973K, committed 4992K, reserved 1048576K
}
Event: 25.770 GC heap before
{Heap before GC invocations=13 (full 2):
 PSYoungGen      total 108544K, used 352K [0x00000000d5580000, 0x00000000dcb80000, 0x0000000100000000)
  eden space 96256K, 0% used [0x00000000d5580000,0x00000000d5580000,0x00000000db380000)
  from space 12288K, 2% used [0x00000000db380000,0x00000000db3d8000,0x00000000dbf80000)
  to   space 11776K, 0% used [0x00000000dbf80000,0x00000000dbf80000,0x00000000dcb00000)
 ParOldGen       total 46592K, used 13666K [0x0000000080000000, 0x0000000082d80000, 0x00000000d5580000)
  object space 46592K, 29% used [0x0000000080000000,0x0000000080d58960,0x0000000082d80000)
 Metaspace       used 34241K, capacity 35392K, committed 35416K, reserved 1079296K
  class space    used 4706K, capacity 4973K, committed 4992K, reserved 1048576K
Event: 26.207 GC heap after
Heap after GC invocations=13 (full 2):
 PSYoungGen      total 108544K, used 0K [0x00000000d5580000, 0x00000000dcb80000, 0x0000000100000000)
  eden space 96256K, 0% used [0x00000000d5580000,0x00000000d5580000,0x00000000db380000)
  from space 12288K, 0% used [0x00000000db380000,0x00000000db380000,0x00000000dbf80000)
  to   space 11776K, 0% used [0x00000000dbf80000,0x00000000dbf80000,0x00000000dcb00000)
 ParOldGen       total 66048K, used 13609K [0x0000000080000000, 0x0000000084080000, 0x00000000d5580000)
  object space 66048K, 20% used [0x0000000080000000,0x0000000080d4a450,0x0000000084080000)
 Metaspace       used 34241K, capacity 35392K, committed 35416K, reserved 1079296K
  class space    used 4706K, capacity 4973K, committed 4992K, reserved 1048576K
}
Event: 28.380 GC heap before
{Heap before GC invocations=14 (full 2):
 PSYoungGen      total 108544K, used 96256K [0x00000000d5580000, 0x00000000dcb80000, 0x0000000100000000)
  eden space 96256K, 100% used [0x00000000d5580000,0x00000000db380000,0x00000000db380000)
  from space 12288K, 0% used [0x00000000db380000,0x00000000db380000,0x00000000dbf80000)
  to   space 11776K, 0% used [0x00000000dbf80000,0x00000000dbf80000,0x00000000dcb00000)
 ParOldGen       total 66048K, used 13609K [0x0000000080000000, 0x0000000084080000, 0x00000000d5580000)
  object space 66048K, 20% used [0x0000000080000000,0x0000000080d4a450,0x0000000084080000)
 Metaspace       used 36550K, capacity 38164K, committed 38360K, reserved 1083392K
  class space    used 5014K, capacity 5347K, committed 5376K, reserved 1048576K
Event: 28.392 GC heap after
Heap after GC invocations=14 (full 2):
 PSYoungGen      total 108032K, used 6079K [0x00000000d5580000, 0x00000000dcb80000, 0x0000000100000000)
  eden space 96256K, 0% used [0x00000000d5580000,0x00000000d5580000,0x00000000db380000)
  from space 11776K, 51% used [0x00000000dbf80000,0x00000000dc56fe70,0x00000000dcb00000)
  to   space 12288K, 0% used [0x00000000db380000,0x00000000db380000,0x00000000dbf80000)
 ParOldGen       total 66048K, used 13617K [0x0000000080000000, 0x0000000084080000, 0x00000000d5580000)
  object space 66048K, 20% used [0x0000000080000000,0x0000000080d4c450,0x0000000084080000)
 Metaspace       used 36550K, capacity 38164K, committed 38360K, reserved 1083392K
  class space    used 5014K, capacity 5347K, committed 5376K, reserved 1048576K
}

Deoptimization events (10 events):
Event: 31.187 Thread 0x000000001abb4000 Uncommon trap: reason=unstable_if action=reinterpret pc=0x00000000033841ec method=java.security.CodeSource.getCertificates()[Ljava/security/cert/Certificate; @ 22
Event: 31.188 Thread 0x000000001abb4000 Uncommon trap: reason=unstable_if action=reinterpret pc=0x00000000032cdab0 method=java.util.jar.JarFile.maybeInstantiateVerifier()V @ 4
Event: 31.188 Thread 0x000000001abb4000 Uncommon trap: reason=unstable_if action=reinterpret pc=0x0000000003741b28 method=java.util.jar.JarFile.maybeInstantiateVerifier()V @ 4
Event: 31.190 Thread 0x000000001abb4000 Uncommon trap: reason=unstable_if action=reinterpret pc=0x0000000003775f90 method=java.security.CodeSource.matchCerts(Ljava/security/CodeSource;Z)Z @ 11
Event: 31.260 Thread 0x000000001abb4000 Uncommon trap: reason=unstable_if action=reinterpret pc=0x0000000002ec7574 method=java.util.LinkedHashMap.get(Ljava/lang/Object;)Ljava/lang/Object; @ 20
Event: 31.580 Thread 0x000000001abb4000 Uncommon trap: reason=bimorphic action=maybe_recompile pc=0x00000000038fbfb8 method=java.util.regex.Pattern$CharProperty.match(Ljava/util/regex/Matcher;ILjava/lang/CharSequence;)Z @ 18
Event: 31.580 Thread 0x000000001abb4000 Uncommon trap: reason=bimorphic action=maybe_recompile pc=0x00000000038fbfb8 method=java.util.regex.Pattern$CharProperty.match(Ljava/util/regex/Matcher;ILjava/lang/CharSequence;)Z @ 18
Event: 31.580 Thread 0x000000001abb4000 Uncommon trap: reason=bimorphic action=maybe_recompile pc=0x00000000038fbfb8 method=java.util.regex.Pattern$CharProperty.match(Ljava/util/regex/Matcher;ILjava/lang/CharSequence;)Z @ 18
Event: 31.620 Thread 0x000000001abb4000 Uncommon trap: reason=unstable_if action=reinterpret pc=0x00000000039df6ac method=java.util.concurrent.ConcurrentHashMap.addCount(JI)V @ 110
Event: 31.626 Thread 0x000000001abb4000 Uncommon trap: reason=bimorphic action=maybe_recompile pc=0x00000000038fbfb8 method=java.util.regex.Pattern$CharProperty.match(Ljava/util/regex/Matcher;ILjava/lang/CharSequence;)Z @ 18

Classes redefined (0 events):
No events

Internal exceptions (10 events):
Event: 28.610 Thread 0x000000001ad8c800 Exception <a 'java/lang/NoSuchMethodError': <clinit>> (0x00000000d5e94868) thrown at [C:\src\AOSP-openjdk-git\hotspot\src\share\vm\prims\jni.cpp, line 1615]
Event: 28.611 Thread 0x000000001ad8c800 Exception <a 'java/lang/NoSuchMethodError': <clinit>> (0x00000000d5e9f908) thrown at [C:\src\AOSP-openjdk-git\hotspot\src\share\vm\prims\jni.cpp, line 1615]
Event: 28.618 Thread 0x000000001ad8c800 Exception <a 'java/lang/NoSuchMethodError': <clinit>> (0x00000000d5eb2d08) thrown at [C:\src\AOSP-openjdk-git\hotspot\src\share\vm\prims\jni.cpp, line 1615]
Event: 28.644 Thread 0x000000001abb4000 Exception <a 'java/lang/ClassNotFoundException': build_6yxzuva6xd0r62evv6z1q7kr0BeanInfo> (0x00000000d5e35eb0) thrown at [C:\src\AOSP-openjdk-git\hotspot\src\share\vm\classfile\systemDictionary.cpp, line 210]
Event: 28.645 Thread 0x000000001abb4000 Exception <a 'java/lang/ClassNotFoundException': build_6yxzuva6xd0r62evv6z1q7kr0Customizer> (0x00000000d5e41af0) thrown at [C:\src\AOSP-openjdk-git\hotspot\src\share\vm\classfile\systemDictionary.cpp, line 210]
Event: 28.667 Thread 0x000000001abb4000 Exception <a 'java/lang/ClassNotFoundException': org/gradle/plugin/use/internal/PluginRequestCollector$PluginDependenciesSpecImplBeanInfo> (0x00000000d5f943c8) thrown at [C:\src\AOSP-openjdk-git\hotspot\src\share\vm\classfile\systemDictionary.cpp, line 21
Event: 28.670 Thread 0x000000001abb4000 Exception <a 'java/lang/ClassNotFoundException': org/gradle/plugin/use/internal/PluginRequestCollector$PluginDependenciesSpecImplCustomizer> (0x00000000d5fd4308) thrown at [C:\src\AOSP-openjdk-git\hotspot\src\share\vm\classfile\systemDictionary.cpp, line 
Event: 28.750 Thread 0x000000001abb4000 Exception <a 'java/lang/ClassNotFoundException': org/gradle/api/internal/plugins/DefaultObjectConfigurationActionBeanInfo> (0x00000000d62a4e20) thrown at [C:\src\AOSP-openjdk-git\hotspot\src\share\vm\classfile\systemDictionary.cpp, line 210]
Event: 28.752 Thread 0x000000001abb4000 Exception <a 'java/lang/ClassNotFoundException': org/gradle/api/internal/plugins/DefaultObjectConfigurationActionCustomizer> (0x00000000d62e9ff0) thrown at [C:\src\AOSP-openjdk-git\hotspot\src\share\vm\classfile\systemDictionary.cpp, line 210]
Event: 30.963 Thread 0x000000001abb4000 Implicit null exception at 0x0000000003898968 to 0x0000000003898ea9

Events (10 events):
Event: 31.620 Thread 0x000000001abb4000 Uncommon trap: trap_request=0xffffff65 fr.pc=0x00000000039df6ac
Event: 31.620 Thread 0x000000001abb4000 DEOPT PACKING pc=0x00000000039df6ac sp=0x000000001e1092e0
Event: 31.620 Thread 0x000000001abb4000 DEOPT UNPACKING pc=0x0000000002de557b sp=0x000000001e109220 mode 2
Event: 31.626 Thread 0x000000001abb4000 Uncommon trap: trap_request=0xffffffc6 fr.pc=0x00000000038fbfb8
Event: 31.626 Thread 0x000000001abb4000 DEOPT PACKING pc=0x00000000038fbfb8 sp=0x000000001e108c40
Event: 31.626 Thread 0x000000001abb4000 DEOPT UNPACKING pc=0x0000000002de557b sp=0x000000001e108be8 mode 2
Event: 31.637 loading class com/android/build/gradle/internal/DefaultConfigData
Event: 31.637 loading class com/android/build/gradle/internal/DefaultConfigData done
Event: 31.638 loading class com/android/build/gradle/internal/VariantDimensionData
Event: 31.638 loading class com/android/build/gradle/internal/VariantDimensionData done


Dynamic libraries:
0x00007ff682b50000 - 0x00007ff682b81000 	C:\Program Files\Android\Android Studio\jre\bin\java.exe
0x00007ff9377b0000 - 0x00007ff9379a5000 	C:\WINDOWS\SYSTEM32\ntdll.dll
0x00007ff936c40000 - 0x00007ff936cfd000 	C:\WINDOWS\System32\KERNEL32.DLL
0x00007ff934fe0000 - 0x00007ff9352a9000 	C:\WINDOWS\System32\KERNELBASE.dll
0x00007ff935810000 - 0x00007ff9358bc000 	C:\WINDOWS\System32\ADVAPI32.dll
0x00007ff936ba0000 - 0x00007ff936c3e000 	C:\WINDOWS\System32\msvcrt.dll
0x00007ff937310000 - 0x00007ff9373ac000 	C:\WINDOWS\System32\sechost.dll
0x00007ff937640000 - 0x00007ff93776b000 	C:\WINDOWS\System32\RPCRT4.dll
0x00007ff935f40000 - 0x00007ff9360e0000 	C:\WINDOWS\System32\USER32.dll
0x00007ff935510000 - 0x00007ff935532000 	C:\WINDOWS\System32\win32u.dll
0x00007ff9373b0000 - 0x00007ff9373da000 	C:\WINDOWS\System32\GDI32.dll
0x00007ff935700000 - 0x00007ff93580b000 	C:\WINDOWS\System32\gdi32full.dll
0x00007ff934f40000 - 0x00007ff934fdd000 	C:\WINDOWS\System32\msvcp_win.dll
0x00007ff935410000 - 0x00007ff935510000 	C:\WINDOWS\System32\ucrtbase.dll
0x00007ff9167e0000 - 0x00007ff916a7a000 	C:\WINDOWS\WinSxS\amd64_microsoft.windows.common-controls_6595b64144ccf1df_6.0.19041.844_none_ca00b6081b84eb1d\COMCTL32.dll
0x00007ff936330000 - 0x00007ff936360000 	C:\WINDOWS\System32\IMM32.DLL
0x0000000073e70000 - 0x0000000073f42000 	C:\Program Files\Android\Android Studio\jre\jre\bin\msvcr100.dll
0x0000000073330000 - 0x0000000073b7b000 	C:\Program Files\Android\Android Studio\jre\jre\bin\server\jvm.dll
0x00007ff936d70000 - 0x00007ff936d78000 	C:\WINDOWS\System32\PSAPI.DLL
0x00007ff91bf80000 - 0x00007ff91bf89000 	C:\WINDOWS\SYSTEM32\WSOCK32.dll
0x00007ff926910000 - 0x00007ff926937000 	C:\WINDOWS\SYSTEM32\WINMM.dll
0x00007ff92d330000 - 0x00007ff92d33a000 	C:\WINDOWS\SYSTEM32\VERSION.dll
0x00007ff936d00000 - 0x00007ff936d6b000 	C:\WINDOWS\System32\WS2_32.dll
0x00007ff92e830000 - 0x00007ff92e83f000 	C:\Program Files\Android\Android Studio\jre\jre\bin\verify.dll
0x00007ff90b440000 - 0x00007ff90b469000 	C:\Program Files\Android\Android Studio\jre\jre\bin\java.dll
0x00007ff8fcc50000 - 0x00007ff8fcc66000 	C:\Program Files\Android\Android Studio\jre\jre\bin\zip.dll
0x00007ff936360000 - 0x00007ff936aa2000 	C:\WINDOWS\System32\SHELL32.dll
0x00007ff932970000 - 0x00007ff933100000 	C:\WINDOWS\SYSTEM32\windows.storage.dll
0x00007ff935b30000 - 0x00007ff935e85000 	C:\WINDOWS\System32\combase.dll
0x00007ff934890000 - 0x00007ff9348bc000 	C:\WINDOWS\SYSTEM32\Wldp.dll
0x00007ff9373e0000 - 0x00007ff93748e000 	C:\WINDOWS\System32\SHCORE.dll
0x00007ff936d80000 - 0x00007ff936dd5000 	C:\WINDOWS\System32\shlwapi.dll
0x00007ff934e30000 - 0x00007ff934e4f000 	C:\WINDOWS\SYSTEM32\profapi.dll
0x00007ff8fcc30000 - 0x00007ff8fcc4a000 	C:\Program Files\Android\Android Studio\jre\jre\bin\net.dll
0x00007ff934610000 - 0x00007ff93467a000 	C:\WINDOWS\system32\mswsock.dll
0x00007ff92f850000 - 0x00007ff92f863000 	C:\Program Files\Android\Android Studio\jre\jre\bin\nio.dll
0x00007ff926490000 - 0x00007ff9264b7000 	C:\Users\KimHanbi\.gradle\native\f6784746aeab05261644944871eae4fe03e0ef1612fff0a4a95f87b438bc6780\windows-amd64\native-platform.dll
0x00007ff92f980000 - 0x00007ff92f98d000 	C:\Program Files\Android\Android Studio\jre\jre\bin\management.dll
0x00007ff9347e0000 - 0x00007ff9347f8000 	C:\WINDOWS\SYSTEM32\CRYPTSP.dll
0x00007ff933fb0000 - 0x00007ff933fe4000 	C:\WINDOWS\system32\rsaenh.dll
0x00007ff935540000 - 0x00007ff935567000 	C:\WINDOWS\System32\bcrypt.dll
0x00007ff934db0000 - 0x00007ff934dde000 	C:\WINDOWS\SYSTEM32\USERENV.dll
0x00007ff935680000 - 0x00007ff935700000 	C:\WINDOWS\System32\bcryptprimitives.dll
0x00007ff934800000 - 0x00007ff93480c000 	C:\WINDOWS\SYSTEM32\CRYPTBASE.dll
0x00007ff934300000 - 0x00007ff93433b000 	C:\WINDOWS\SYSTEM32\IPHLPAPI.DLL
0x00007ff936320000 - 0x00007ff936328000 	C:\WINDOWS\System32\NSI.dll
0x00007ff92e7a0000 - 0x00007ff92e7b7000 	C:\WINDOWS\SYSTEM32\dhcpcsvc6.DLL
0x00007ff92e770000 - 0x00007ff92e78d000 	C:\WINDOWS\SYSTEM32\dhcpcsvc.DLL
0x00007ff934340000 - 0x00007ff93440b000 	C:\WINDOWS\SYSTEM32\DNSAPI.dll
0x00007ff92fae0000 - 0x00007ff92faeb000 	C:\WINDOWS\SYSTEM32\WINNSI.DLL

VM Arguments:
jvm_args: -Xmx2048m -Dfile.encoding=UTF-8 -Duser.country=KR -Duser.language=ko -Duser.variant 
java_command: org.gradle.launcher.daemon.bootstrap.GradleDaemon 6.5
java_class_path (initial): C:\Users\KimHanbi\.gradle\wrapper\dists\gradle-6.5-all\2oz4ud9k3tuxjg84bbf55q0tn\gradle-6.5\lib\gradle-launcher-6.5.jar
Launcher Type: SUN_STANDARD

Environment Variables:
JAVA_HOME=C:\Program Files\Java\jdk1.8.0_251
CLASSPATH=%classpath%;;;
PATH=C:\Program Files\Java\jdk1.8.0_251\bin;C:\Program Files (x86)\Common Files\Oracle\Java\javapath;C:\Program Files (x86)\Intel\iCLS Client\;C:\Program Files\Intel\iCLS Client\;C:\WINDOWS\system32;C:\WINDOWS;C:\WINDOWS\System32\Wbem;C:\WINDOWS\System32\WindowsPowerShell\v1.0\;C:\Program Files (x86)\Intel\Intel(R) Management Engine Components\DAL;C:\Program Files\Intel\Intel(R) Management Engine Components\DAL;C:\Program Files (x86)\Intel\Intel(R) Management Engine Components\IPT;C:\Program Files\Intel\Intel(R) Management Engine Components\IPT;C:\Program Files\Intel\WiFi\bin\;C:\Program Files\Common Files\Intel\WirelessCommon\;C:\WINDOWS\System32\OpenSSH\;C:\MinGW\bin;C:\Program Files\Java\jdk1.8.0_251\bin;C:\Program Files\Git\cmd;C:\Program Files\MySQL\MySQL Server 8.0\bin;C:\ProgramData\chocolatey\bin;C:\Program Files\nodejs\;C:\Program Files\MySQL\MySQL Shell 8.0\bin\;C:\Python\Python36\Scripts\;C:\Python\Python36\;C:\Users\KimHanbi\AppData\Local\Microsoft\WindowsApps;C:\Users\KimHanbi\AppData\Local\Programs\Microsoft VS Code\bin;C:\Users\KimHanbi\AppData\Roaming\npm;C:\Program Files\Android\Android Studio\jre\bin;C:\Users\KimHanbi\AppData\Local\gitkraken\bin
USERNAME=KimHanbi
OS=Windows_NT
PROCESSOR_IDENTIFIER=Intel64 Family 6 Model 142 Stepping 10, GenuineIntel



---------------  S Y S T E M  ---------------

OS: Windows 10.0 , 64 bit Build 19041 (10.0.19041.804)

CPU:total 8 (initial active 8) (4 cores per cpu, 2 threads per core) family 6 model 142 stepping 10, cmov, cx8, fxsr, mmx, sse, sse2, sse3, ssse3, sse4.1, sse4.2, popcnt, avx, avx2, aes, clmul, erms, 3dnowpref, lzcnt, ht, tsc, tscinvbit, bmi1, bmi2, adx

Memory: 4k page, physical 8217940k(737856k free), swap 8217940k(5476k free)

vm_info: OpenJDK 64-Bit Server VM (25.242-b01) for windows-amd64 JRE (1.8.0_242-release-1644-b01), built by "builder" with MS VC++ 10.0 (VS2010)

time: Wed Apr 07 11:08:22 2021
timezone: 대한민국 표준시
elapsed time: 31 seconds (0d 0h 0m 31s)

