#
# There is insufficient memory for the Java Runtime Environment to continue.
# Native memory allocation (malloc) failed to allocate 988576 bytes for Chunk::new
# Possible reasons:
#   The system is out of physical RAM or swap space
#   The process is running with CompressedOops enabled, and the Java Heap may be blocking the growth of the native heap
# Possible solutions:
#   Reduce memory load on the system
#   Increase physical memory or swap space
#   Check if swap backing store is full
#   Decrease Java heap size (-Xmx/-Xms)
#   Decrease number of Java threads
#   Decrease Java thread stack sizes (-Xss)
#   Set larger code cache with -XX:ReservedCodeCacheSize=
#   JVM is running with Unscaled Compressed Oops mode in which the Java heap is
#     placed in the first 4GB address space. The Java Heap base address is the
#     maximum limit for the native heap growth. Please use -XX:HeapBaseMinAddress
#     to set the Java Heap base and to place the Java Heap above 4GB virtual address.
# This output file may be truncated or incomplete.
#
#  Out of Memory Error (allocation.cpp:389), pid=3268, tid=0x0000000000000580
#
# JRE version: OpenJDK Runtime Environment (8.0_242-b01) (build 1.8.0_242-release-1644-b01)
# Java VM: OpenJDK 64-Bit Server VM (25.242-b01 mixed mode windows-amd64 compressed oops)
# Failed to write core dump. Minidumps are not enabled by default on client versions of Windows
#

---------------  T H R E A D  ---------------

Current thread (0x0000000019f08800):  JavaThread "C2 CompilerThread1" daemon [_thread_in_native, id=1408, stack(0x000000001a860000,0x000000001a960000)]

Stack: [0x000000001a860000,0x000000001a960000]
[error occurred during error reporting (printing stack bounds), id 0xc0000005]

Native frames: (J=compiled Java code, j=interpreted, Vv=VM code, C=native code)


Current CompileTask:
C2:  33396 5392       4       java.net.URLClassLoader$1::run (5 bytes)


---------------  P R O C E S S  ---------------

Java Threads: ( => current thread )
  0x000000002073e000 JavaThread "Cache worker for file content cache (C:\Users\KimHanbi\AndroidStudioProjects\UntactShop\.gradle\6.5\fileContent)" [_thread_blocked, id=8172, stack(0x000000002c630000,0x000000002c730000)]
  0x000000002073d800 JavaThread "Memory manager" [_thread_blocked, id=14268, stack(0x000000002b2a0000,0x000000002b3a0000)]
  0x0000000020736000 JavaThread "Cache worker for Build Output Cleanup Cache (C:\Users\KimHanbi\AndroidStudioProjects\UntactShop\.gradle\buildOutputCleanup)" [_thread_blocked, id=9948, stack(0x0000000029f10000,0x000000002a010000)]
  0x0000000020737800 JavaThread "jar transforms Thread 99" [_thread_blocked, id=1496, stack(0x0000000029e10000,0x0000000029f10000)]
  0x0000000020739000 JavaThread "jar transforms Thread 98" [_thread_blocked, id=1100, stack(0x0000000029d10000,0x0000000029e10000)]
  0x0000000020736800 JavaThread "jar transforms Thread 97" [_thread_blocked, id=8084, stack(0x0000000029c10000,0x0000000029d10000)]
  0x0000000020735000 JavaThread "jar transforms Thread 96" [_thread_blocked, id=8064, stack(0x0000000029b10000,0x0000000029c10000)]
  0x0000000020738000 JavaThread "jar transforms Thread 95" [_thread_blocked, id=8912, stack(0x0000000029a10000,0x0000000029b10000)]
  0x000000002073c000 JavaThread "jar transforms Thread 94" [_thread_blocked, id=12312, stack(0x0000000029910000,0x0000000029a10000)]
  0x000000001a29c800 JavaThread "jar transforms Thread 93" [_thread_blocked, id=14316, stack(0x0000000029810000,0x0000000029910000)]
  0x000000001a29b000 JavaThread "jar transforms Thread 92" [_thread_blocked, id=12368, stack(0x0000000029710000,0x0000000029810000)]
  0x000000001a29a000 JavaThread "jar transforms Thread 91" [_thread_blocked, id=13704, stack(0x0000000029610000,0x0000000029710000)]
  0x000000001a29b800 JavaThread "jar transforms Thread 90" [_thread_blocked, id=11972, stack(0x0000000029510000,0x0000000029610000)]
  0x000000001a299800 JavaThread "jar transforms Thread 89" [_thread_blocked, id=6512, stack(0x0000000029410000,0x0000000029510000)]
  0x000000001a29d000 JavaThread "jar transforms Thread 88" [_thread_blocked, id=3488, stack(0x0000000029310000,0x0000000029410000)]
  0x000000001a29f800 JavaThread "jar transforms Thread 87" [_thread_blocked, id=1212, stack(0x0000000029210000,0x0000000029310000)]
  0x000000001a298800 JavaThread "jar transforms Thread 86" [_thread_blocked, id=9544, stack(0x0000000029110000,0x0000000029210000)]
  0x000000001a29e800 JavaThread "jar transforms Thread 85" [_thread_blocked, id=12272, stack(0x0000000029010000,0x0000000029110000)]
  0x000000001a29e000 JavaThread "jar transforms Thread 84" [_thread_blocked, id=13516, stack(0x0000000028f10000,0x0000000029010000)]
  0x000000001a291000 JavaThread "jar transforms Thread 83" [_thread_blocked, id=12040, stack(0x0000000028e10000,0x0000000028f10000)]
  0x000000001a298000 JavaThread "jar transforms Thread 82" [_thread_blocked, id=7868, stack(0x0000000028d10000,0x0000000028e10000)]
  0x000000001a296800 JavaThread "jar transforms Thread 81" [_thread_blocked, id=13580, stack(0x0000000028c10000,0x0000000028d10000)]
  0x000000001a295800 JavaThread "jar transforms Thread 80" [_thread_blocked, id=10980, stack(0x0000000028b10000,0x0000000028c10000)]
  0x000000001a294000 JavaThread "jar transforms Thread 79" [_thread_blocked, id=10728, stack(0x0000000028a10000,0x0000000028b10000)]
  0x000000001a292000 JavaThread "jar transforms Thread 78" [_thread_blocked, id=7156, stack(0x0000000028910000,0x0000000028a10000)]
  0x000000001a293800 JavaThread "jar transforms Thread 77" [_thread_blocked, id=4256, stack(0x0000000028810000,0x0000000028910000)]
  0x000000001a295000 JavaThread "jar transforms Thread 76" [_thread_blocked, id=6972, stack(0x0000000028710000,0x0000000028810000)]
  0x000000001a290800 JavaThread "jar transforms Thread 75" [_thread_blocked, id=1508, stack(0x0000000028610000,0x0000000028710000)]
  0x000000001a297000 JavaThread "jar transforms Thread 74" [_thread_blocked, id=10500, stack(0x0000000028510000,0x0000000028610000)]
  0x000000001a292800 JavaThread "jar transforms Thread 73" [_thread_blocked, id=14128, stack(0x0000000028410000,0x0000000028510000)]
  0x000000001d4ec800 JavaThread "jar transforms Thread 72" [_thread_blocked, id=6760, stack(0x0000000028310000,0x0000000028410000)]
  0x000000001d4ec000 JavaThread "jar transforms Thread 71" [_thread_blocked, id=2876, stack(0x0000000028210000,0x0000000028310000)]
  0x000000001d4ea800 JavaThread "jar transforms Thread 70" [_thread_blocked, id=12568, stack(0x0000000028110000,0x0000000028210000)]
  0x000000001d4ee000 JavaThread "jar transforms Thread 69" [_thread_blocked, id=13936, stack(0x0000000028010000,0x0000000028110000)]
  0x000000001d4ef000 JavaThread "jar transforms Thread 68" [_thread_blocked, id=2020, stack(0x0000000027f10000,0x0000000028010000)]
  0x000000001d4ed800 JavaThread "jar transforms Thread 67" [_thread_blocked, id=2200, stack(0x0000000027e10000,0x0000000027f10000)]
  0x000000001d4eb000 JavaThread "jar transforms Thread 66" [_thread_blocked, id=7464, stack(0x0000000027d10000,0x0000000027e10000)]
  0x000000001d4e9800 JavaThread "jar transforms Thread 65" [_thread_blocked, id=4868, stack(0x0000000027c10000,0x0000000027d10000)]
  0x000000001d4e9000 JavaThread "jar transforms Thread 64" [_thread_blocked, id=5688, stack(0x0000000027b10000,0x0000000027c10000)]
  0x000000001d4e1800 JavaThread "jar transforms Thread 63" [_thread_blocked, id=8964, stack(0x0000000027a10000,0x0000000027b10000)]
  0x000000001d4e8000 JavaThread "jar transforms Thread 62" [_thread_blocked, id=6992, stack(0x0000000027910000,0x0000000027a10000)]
  0x000000001d4e0800 JavaThread "jar transforms Thread 61" [_thread_blocked, id=7720, stack(0x0000000027810000,0x0000000027910000)]
  0x000000001d4e2000 JavaThread "jar transforms Thread 60" [_thread_blocked, id=9132, stack(0x0000000027710000,0x0000000027810000)]
  0x000000001d4e6000 JavaThread "jar transforms Thread 59" [_thread_blocked, id=2416, stack(0x0000000027610000,0x0000000027710000)]
  0x000000001d4e7800 JavaThread "jar transforms Thread 58" [_thread_blocked, id=10432, stack(0x0000000027510000,0x0000000027610000)]
  0x000000001d4e4800 JavaThread "jar transforms Thread 57" [_thread_blocked, id=8472, stack(0x0000000027410000,0x0000000027510000)]
  0x000000001d4e5000 JavaThread "jar transforms Thread 56" [_thread_blocked, id=6888, stack(0x0000000027310000,0x0000000027410000)]
  0x000000001d4e3800 JavaThread "jar transforms Thread 55" [_thread_blocked, id=11788, stack(0x0000000027210000,0x0000000027310000)]
  0x000000001d4e0000 JavaThread "jar transforms Thread 54" [_thread_blocked, id=9272, stack(0x0000000027110000,0x0000000027210000)]
  0x000000001d4e6800 JavaThread "jar transforms Thread 53" [_thread_blocked, id=6876, stack(0x0000000027010000,0x0000000027110000)]
  0x000000001d4e3000 JavaThread "jar transforms Thread 52" [_thread_blocked, id=6672, stack(0x0000000026f10000,0x0000000027010000)]
  0x000000001fa07800 JavaThread "jar transforms Thread 51" [_thread_blocked, id=7876, stack(0x0000000026e10000,0x0000000026f10000)]
  0x000000001fa07000 JavaThread "jar transforms Thread 50" [_thread_blocked, id=9924, stack(0x0000000026d10000,0x0000000026e10000)]
  0x000000001fa06000 JavaThread "jar transforms Thread 49" [_thread_blocked, id=5844, stack(0x0000000026c10000,0x0000000026d10000)]
  0x000000001fa03000 JavaThread "jar transforms Thread 48" [_thread_blocked, id=10580, stack(0x0000000026b10000,0x0000000026c10000)]
  0x000000001fa05800 JavaThread "jar transforms Thread 47" [_thread_blocked, id=9616, stack(0x0000000026a10000,0x0000000026b10000)]
  0x000000001fa04800 JavaThread "jar transforms Thread 46" [_thread_blocked, id=6476, stack(0x0000000026910000,0x0000000026a10000)]
  0x000000001fa04000 JavaThread "jar transforms Thread 45" [_thread_blocked, id=11040, stack(0x0000000026810000,0x0000000026910000)]
  0x000000001fa08800 JavaThread "jar transforms Thread 44" [_thread_blocked, id=9148, stack(0x0000000026710000,0x0000000026810000)]
  0x000000001f9fb800 JavaThread "jar transforms Thread 43" [_thread_blocked, id=12700, stack(0x0000000026610000,0x0000000026710000)]
  0x000000001fa02800 JavaThread "jar transforms Thread 42" [_thread_blocked, id=7356, stack(0x0000000026510000,0x0000000026610000)]
  0x000000001f9fb000 JavaThread "jar transforms Thread 41" [_thread_blocked, id=3804, stack(0x0000000026410000,0x0000000026510000)]
  0x000000001fa01800 JavaThread "jar transforms Thread 40" [_thread_blocked, id=9444, stack(0x0000000026310000,0x0000000026410000)]
  0x000000001f9fa000 JavaThread "jar transforms Thread 39" [_thread_blocked, id=6716, stack(0x0000000026210000,0x0000000026310000)]
  0x000000001fa01000 JavaThread "jar transforms Thread 38" [_thread_blocked, id=13396, stack(0x0000000026110000,0x0000000026210000)]
  0x000000001f9f9800 JavaThread "jar transforms Thread 37" [_thread_blocked, id=13592, stack(0x0000000026010000,0x0000000026110000)]
  0x000000001fa00000 JavaThread "jar transforms Thread 36" [_thread_blocked, id=13532, stack(0x0000000025f10000,0x0000000026010000)]
  0x000000001f9ff800 JavaThread "jar transforms Thread 35" [_thread_blocked, id=5144, stack(0x0000000025e10000,0x0000000025f10000)]
  0x000000001f9fe000 JavaThread "jar transforms Thread 34" [_thread_blocked, id=32, stack(0x0000000025d10000,0x0000000025e10000)]
  0x000000001f9fe800 JavaThread "jar transforms Thread 33" [_thread_blocked, id=8020, stack(0x0000000025c10000,0x0000000025d10000)]
  0x000000001f9fd000 JavaThread "jar transforms Thread 32" [_thread_blocked, id=6600, stack(0x0000000025b10000,0x0000000025c10000)]
  0x000000001f9fc800 JavaThread "jar transforms Thread 31" [_thread_blocked, id=12156, stack(0x0000000025a10000,0x0000000025b10000)]
  0x000000001d08c000 JavaThread "jar transforms Thread 30" [_thread_blocked, id=2032, stack(0x0000000025910000,0x0000000025a10000)]
  0x000000001d08a800 JavaThread "jar transforms Thread 29" [_thread_blocked, id=9768, stack(0x0000000025810000,0x0000000025910000)]
  0x000000001d089000 JavaThread "jar transforms Thread 28" [_thread_blocked, id=9164, stack(0x0000000025710000,0x0000000025810000)]
  0x000000001d08d800 JavaThread "jar transforms Thread 27" [_thread_blocked, id=12344, stack(0x0000000025610000,0x0000000025710000)]
  0x000000001d088000 JavaThread "jar transforms Thread 26" [_thread_blocked, id=12692, stack(0x0000000025510000,0x0000000025610000)]
  0x000000001d08c800 JavaThread "jar transforms Thread 25" [_thread_blocked, id=4168, stack(0x0000000025410000,0x0000000025510000)]
  0x000000001d086800 JavaThread "jar transforms Thread 24" [_thread_blocked, id=3556, stack(0x0000000025310000,0x0000000025410000)]
  0x000000001d089800 JavaThread "jar transforms Thread 23" [_thread_blocked, id=1332, stack(0x0000000025210000,0x0000000025310000)]
  0x000000001d087800 JavaThread "jar transforms Thread 22" [_thread_blocked, id=7056, stack(0x0000000025110000,0x0000000025210000)]
  0x000000001d08b000 JavaThread "jar transforms Thread 21" [_thread_blocked, id=148, stack(0x0000000025010000,0x0000000025110000)]
  0x000000001d080000 JavaThread "jar transforms Thread 20" [_thread_blocked, id=13808, stack(0x0000000024f10000,0x0000000025010000)]
  0x000000001d07f000 JavaThread "jar transforms Thread 19" [_thread_blocked, id=836, stack(0x0000000024e10000,0x0000000024f10000)]
  0x000000001d086000 JavaThread "jar transforms Thread 18" [_thread_blocked, id=11176, stack(0x0000000024d10000,0x0000000024e10000)]
  0x000000001d082000 JavaThread "jar transforms Thread 17" [_thread_blocked, id=3324, stack(0x0000000024c10000,0x0000000024d10000)]
  0x000000001d085000 JavaThread "jar transforms Thread 16" [_thread_blocked, id=7632, stack(0x0000000024b10000,0x0000000024c10000)]
  0x000000001d081800 JavaThread "jar transforms Thread 15" [_thread_blocked, id=4884, stack(0x0000000024a10000,0x0000000024b10000)]
  0x000000001d083000 JavaThread "jar transforms Thread 14" [_thread_blocked, id=9352, stack(0x0000000024910000,0x0000000024a10000)]
  0x000000001d083800 JavaThread "jar transforms Thread 13" [_thread_blocked, id=12332, stack(0x0000000024810000,0x0000000024910000)]
  0x000000001d084800 JavaThread "jar transforms Thread 12" [_thread_blocked, id=1516, stack(0x0000000024710000,0x0000000024810000)]
  0x000000001d07e800 JavaThread "jar transforms Thread 11" [_thread_blocked, id=264, stack(0x0000000024610000,0x0000000024710000)]
  0x000000001d080800 JavaThread "jar transforms Thread 10" [_thread_blocked, id=10812, stack(0x0000000024510000,0x0000000024610000)]
  0x000000001d485000 JavaThread "jar transforms Thread 9" [_thread_blocked, id=10052, stack(0x0000000024410000,0x0000000024510000)]
  0x000000001d489800 JavaThread "jar transforms Thread 8" [_thread_blocked, id=9328, stack(0x0000000024310000,0x0000000024410000)]
  0x000000001d487000 JavaThread "jar transforms Thread 7" [_thread_blocked, id=4408, stack(0x0000000024210000,0x0000000024310000)]
  0x000000001d486800 JavaThread "jar transforms Thread 6" [_thread_blocked, id=5304, stack(0x0000000024110000,0x0000000024210000)]
  0x000000001d484000 JavaThread "jar transforms Thread 5" [_thread_blocked, id=720, stack(0x0000000024010000,0x0000000024110000)]
  0x000000001d488800 JavaThread "jar transforms Thread 4" [_thread_blocked, id=9436, stack(0x0000000023f10000,0x0000000024010000)]
  0x000000001d488000 JavaThread "jar transforms Thread 3" [_thread_blocked, id=436, stack(0x0000000023e10000,0x0000000023f10000)]
  0x000000001d485800 JavaThread "jar transforms Thread 2" [_thread_blocked, id=7684, stack(0x0000000023d10000,0x0000000023e10000)]
  0x000000001d47c800 JavaThread "Build operations Thread 8" [_thread_blocked, id=5468, stack(0x0000000023c10000,0x0000000023d10000)]
  0x000000001d483800 JavaThread "Build operations Thread 7" [_thread_blocked, id=14188, stack(0x0000000023b10000,0x0000000023c10000)]
  0x000000001d482800 JavaThread "Build operations Thread 6" [_thread_blocked, id=2720, stack(0x0000000023a10000,0x0000000023b10000)]
  0x000000001d47c000 JavaThread "Build operations Thread 5" [_thread_blocked, id=13952, stack(0x0000000023910000,0x0000000023a10000)]
  0x000000001d482000 JavaThread "Build operations Thread 4" [_thread_blocked, id=2736, stack(0x0000000023810000,0x0000000023910000)]
  0x000000001d481000 JavaThread "Build operations Thread 3" [_thread_blocked, id=3316, stack(0x0000000023710000,0x0000000023810000)]
  0x000000001d47f800 JavaThread "Build operations Thread 2" [_thread_blocked, id=6372, stack(0x0000000023610000,0x0000000023710000)]
  0x000000001d47a800 JavaThread "Build operations" [_thread_blocked, id=7488, stack(0x00000000232c0000,0x00000000233c0000)]
  0x000000001a0e8000 JavaThread "Cache worker for file content cache (C:\Users\KimHanbi\.gradle\caches\6.5\fileContent)" [_thread_blocked, id=2824, stack(0x0000000022dc0000,0x0000000022ec0000)]
  0x000000001a0e4000 JavaThread "jar transforms" [_thread_blocked, id=12260, stack(0x0000000022cc0000,0x0000000022dc0000)]
  0x000000001a0e3800 JavaThread "Cache worker for execution history cache (C:\Users\KimHanbi\.gradle\caches\6.5\executionHistory)" [_thread_blocked, id=6580, stack(0x00000000224c0000,0x00000000225c0000)]
  0x000000001a0e6800 JavaThread "Cache worker for cache directory md-rule (C:\Users\KimHanbi\.gradle\caches\6.5\md-rule)" [_thread_blocked, id=12728, stack(0x00000000223c0000,0x00000000224c0000)]
  0x000000001a0e5800 JavaThread "Cache worker for cache directory md-supplier (C:\Users\KimHanbi\.gradle\caches\6.5\md-supplier)" [_thread_blocked, id=5560, stack(0x0000000021080000,0x0000000021180000)]
  0x000000001a0e7800 JavaThread "Cache worker for checksums cache (C:\Users\KimHanbi\AndroidStudioProjects\UntactShop\.gradle\checksums)" [_thread_blocked, id=3220, stack(0x0000000020f80000,0x0000000021080000)]
  0x000000001a0e2800 JavaThread "Cache worker for file hash cache (C:\Users\KimHanbi\AndroidStudioProjects\UntactShop\.gradle\6.5\fileHashes)" [_thread_blocked, id=6216, stack(0x00000000227c0000,0x00000000228c0000)]
  0x000000001a0e5000 JavaThread "Cache worker for file hash cache (C:\Users\KimHanbi\.gradle\caches\6.5\fileHashes)" [_thread_blocked, id=10676, stack(0x000000001eae0000,0x000000001ebe0000)]
  0x000000001a0e2000 JavaThread "File lock request listener" [_thread_in_native, id=14084, stack(0x000000001e9e0000,0x000000001eae0000)]
  0x000000001c8f2000 JavaThread "Cache worker for journal cache (C:\Users\KimHanbi\.gradle\caches\journal-1)" [_thread_blocked, id=408, stack(0x000000001e8e0000,0x000000001e9e0000)]
  0x000000001b5c1800 JavaThread "Thread-9" [_thread_blocked, id=10824, stack(0x000000001e5e0000,0x000000001e6e0000)]
  0x000000001b5c0800 JavaThread "Stdin handler" [_thread_blocked, id=1076, stack(0x000000001e4e0000,0x000000001e5e0000)]
  0x000000001b453000 JavaThread "Asynchronous log dispatcher for DefaultDaemonConnection: socket connection from /127.0.0.1:8804 to /127.0.0.1:8805" [_thread_blocked, id=13364, stack(0x000000001e3e0000,0x000000001e4e0000)]
  0x000000001b7b7000 JavaThread "Daemon worker" [_thread_in_Java, id=13944, stack(0x000000001e2e0000,0x000000001e3e0000)]
  0x000000001b5d5800 JavaThread "Cancel handler" [_thread_blocked, id=1428, stack(0x000000001e0e0000,0x000000001e1e0000)]
  0x000000001b7b3000 JavaThread "Handler for socket connection from /127.0.0.1:8804 to /127.0.0.1:8805" [_thread_in_native, id=10568, stack(0x000000001dfe0000,0x000000001e0e0000)]
  0x000000001b7ad800 JavaThread "Daemon" [_thread_blocked, id=2692, stack(0x000000001dee0000,0x000000001dfe0000)]
  0x000000001b67d000 JavaThread "Daemon periodic checks" [_thread_blocked, id=7652, stack(0x000000001dbe0000,0x000000001dce0000)]
  0x000000001b958000 JavaThread "Incoming local TCP Connector on port 8804" [_thread_in_native, id=9464, stack(0x000000001da00000,0x000000001db00000)]
  0x000000001c88b800 JavaThread "Daemon health stats" [_thread_blocked, id=7792, stack(0x000000001d700000,0x000000001d800000)]
  0x0000000019fea000 JavaThread "Service Thread" daemon [_thread_blocked, id=13468, stack(0x000000001ab60000,0x000000001ac60000)]
  0x0000000019f71000 JavaThread "C1 CompilerThread3" daemon [_thread_blocked, id=9012, stack(0x000000001aa60000,0x000000001ab60000)]
  0x0000000019f6d000 JavaThread "C2 CompilerThread2" daemon [_thread_in_native, id=3168, stack(0x000000001a960000,0x000000001aa60000)]
=>0x0000000019f08800 JavaThread "C2 CompilerThread1" daemon [_thread_in_native, id=1408, stack(0x000000001a860000,0x000000001a960000)]
  0x0000000019f06800 JavaThread "C2 CompilerThread0" daemon [_thread_in_native, id=6224, stack(0x000000001a760000,0x000000001a860000)]
  0x0000000019f63000 JavaThread "Attach Listener" daemon [_thread_blocked, id=3756, stack(0x000000001a660000,0x000000001a760000)]
  0x0000000019f62000 JavaThread "Signal Dispatcher" daemon [_thread_blocked, id=14200, stack(0x000000001a560000,0x000000001a660000)]
  0x0000000019ef0800 JavaThread "Finalizer" daemon [_thread_blocked, id=2976, stack(0x000000001a3d0000,0x000000001a4d0000)]
  0x0000000002fe9000 JavaThread "Reference Handler" daemon [_thread_blocked, id=12948, stack(0x000000001a2d0000,0x000000001a3d0000)]
  0x0000000002ef2800 JavaThread "main" [_thread_blocked, id=7948, stack(0x00000000012a0000,0x00000000013a0000)]

Other Threads:
  0x00000000180c6000 VMThread [stack: 0x0000000019dd0000,0x0000000019ed0000] [id=1204]
  0x0000000019ff2800 WatcherThread [stack: 0x000000001ac60000,0x000000001ad60000] [id=7804]

VM state:not at safepoint (normal execution)

VM Mutex/Monitor currently owned by a thread: None

heap address: 0x0000000080000000, size: 2048 MB, Compressed Oops mode: 32-bit
Narrow klass base: 0x0000000000000000, Narrow klass shift: 3
Compressed class space size: 1073741824 Address: 0x0000000100000000

Heap:
 PSYoungGen      total 218112K, used 51009K [0x00000000d5580000, 0x00000000e6a00000, 0x0000000100000000)
  eden space 197632K, 25% used [0x00000000d5580000,0x00000000d8750660,0x00000000e1680000)
  from space 20480K, 0% used [0x00000000e2d80000,0x00000000e2d80000,0x00000000e4180000)
  to   space 23552K, 0% used [0x00000000e1680000,0x00000000e1680000,0x00000000e2d80000)
 ParOldGen       total 140800K, used 36328K [0x0000000080000000, 0x0000000088980000, 0x00000000d5580000)
  object space 140800K, 25% used [0x0000000080000000,0x000000008237a398,0x0000000088980000)
 Metaspace       used 59990K, capacity 62540K, committed 62808K, reserved 1103872K
  class space    used 8291K, capacity 8808K, committed 8832K, reserved 1048576K

Card table byte_map: [0x0000000012420000,0x0000000012830000] byte_map_base: 0x0000000012020000

Marking Bits: (ParMarkBitMap*) 0x00000000743ff030
 Begin Bits: [0x00000000132e0000, 0x00000000152e0000)
 End Bits:   [0x00000000152e0000, 0x00000000172e0000)

Polling page: 0x0000000000e70000

CodeCache: size=245760Kb used=17942Kb max_used=17942Kb free=227817Kb
 bounds [0x0000000003060000, 0x0000000004200000, 0x0000000012060000]
 total_blobs=5877 nmethods=5095 adapters=694
 compilation: enabled

Compilation events (10 events):
Event: 33.346 Thread 0x0000000019f71000 5470       3       com.sun.org.apache.xerces.internal.utils.XMLSecurityManager$NameMap::getOldName (18 bytes)
Event: 33.347 Thread 0x0000000019f71000 nmethod 5470 0x00000000041e0f90 code [0x00000000041e1100, 0x00000000041e1368]
Event: 33.369 Thread 0x0000000019f71000 5471       3       com.sun.org.apache.xerces.internal.impl.XMLEntityScanner::scanContent (690 bytes)
Event: 33.375 Thread 0x0000000019f71000 nmethod 5471 0x00000000041e1410 code [0x00000000041e16c0, 0x00000000041e2ae8]
Event: 33.375 Thread 0x0000000019f71000 5473       3       java.util.regex.Pattern$Behind::match (137 bytes)
Event: 33.376 Thread 0x0000000019f71000 nmethod 5473 0x00000000041e3610 code [0x00000000041e37c0, 0x00000000041e3e18]
Event: 33.376 Thread 0x0000000019f71000 5474       3       java.util.regex.Pattern$4::match (14 bytes)
Event: 33.377 Thread 0x0000000019f71000 nmethod 5474 0x00000000041e4050 code [0x00000000041e41a0, 0x00000000041e4350]
Event: 33.377 Thread 0x0000000019f71000 5472       3       com.sun.org.apache.xerces.internal.impl.XMLDocumentFragmentScannerImpl::getCharacterData (17 bytes)
Event: 33.377 Thread 0x0000000019f71000 nmethod 5472 0x00000000041e4410 code [0x00000000041e4560, 0x00000000041e4710]

GC Heap History (10 events):
Event: 20.736 GC heap before
{Heap before GC invocations=9 (full 2):
 PSYoungGen      total 139776K, used 11253K [0x00000000d5580000, 0x00000000e3380000, 0x0000000100000000)
  eden space 126976K, 0% used [0x00000000d5580000,0x00000000d5580000,0x00000000dd180000)
  from space 12800K, 87% used [0x00000000dd180000,0x00000000ddc7d698,0x00000000dde00000)
  to   space 14336K, 0% used [0x00000000e2580000,0x00000000e2580000,0x00000000e3380000)
 ParOldGen       total 55296K, used 7277K [0x0000000080000000, 0x0000000083600000, 0x00000000d5580000)
  object space 55296K, 13% used [0x0000000080000000,0x000000008071b6a0,0x0000000083600000)
 Metaspace       used 34242K, capacity 35392K, committed 35416K, reserved 1079296K
  class space    used 4712K, capacity 4973K, committed 4992K, reserved 1048576K
Event: 21.002 GC heap after
Heap after GC invocations=9 (full 2):
 PSYoungGen      total 139776K, used 0K [0x00000000d5580000, 0x00000000e3380000, 0x0000000100000000)
  eden space 126976K, 0% used [0x00000000d5580000,0x00000000d5580000,0x00000000dd180000)
  from space 12800K, 0% used [0x00000000dd180000,0x00000000dd180000,0x00000000dde00000)
  to   space 14336K, 0% used [0x00000000e2580000,0x00000000e2580000,0x00000000e3380000)
 ParOldGen       total 91136K, used 17662K [0x0000000080000000, 0x0000000085900000, 0x00000000d5580000)
  object space 91136K, 19% used [0x0000000080000000,0x000000008113fb70,0x0000000085900000)
 Metaspace       used 34242K, capacity 35392K, committed 35416K, reserved 1079296K
  class space    used 4712K, capacity 4973K, committed 4992K, reserved 1048576K
}
Event: 24.060 GC heap before
{Heap before GC invocations=10 (full 2):
 PSYoungGen      total 139776K, used 126976K [0x00000000d5580000, 0x00000000e3380000, 0x0000000100000000)
  eden space 126976K, 100% used [0x00000000d5580000,0x00000000dd180000,0x00000000dd180000)
  from space 12800K, 0% used [0x00000000dd180000,0x00000000dd180000,0x00000000dde00000)
  to   space 14336K, 0% used [0x00000000e2580000,0x00000000e2580000,0x00000000e3380000)
 ParOldGen       total 91136K, used 17662K [0x0000000080000000, 0x0000000085900000, 0x00000000d5580000)
  object space 91136K, 19% used [0x0000000080000000,0x000000008113fb70,0x0000000085900000)
 Metaspace       used 39483K, capacity 41338K, committed 41432K, reserved 1085440K
  class space    used 5452K, capacity 5827K, committed 5888K, reserved 1048576K
Event: 24.084 GC heap after
Heap after GC invocations=10 (full 2):
 PSYoungGen      total 178688K, used 10032K [0x00000000d5580000, 0x00000000e2f80000, 0x0000000100000000)
  eden space 168448K, 0% used [0x00000000d5580000,0x00000000d5580000,0x00000000dfa00000)
  from space 10240K, 97% used [0x00000000e2580000,0x00000000e2f4c268,0x00000000e2f80000)
  to   space 14336K, 0% used [0x00000000e1380000,0x00000000e1380000,0x00000000e2180000)
 ParOldGen       total 91136K, used 17670K [0x0000000080000000, 0x0000000085900000, 0x00000000d5580000)
  object space 91136K, 19% used [0x0000000080000000,0x0000000081141b70,0x0000000085900000)
 Metaspace       used 39483K, capacity 41338K, committed 41432K, reserved 1085440K
  class space    used 5452K, capacity 5827K, committed 5888K, reserved 1048576K
}
Event: 28.669 GC heap before
{Heap before GC invocations=11 (full 2):
 PSYoungGen      total 178688K, used 178480K [0x00000000d5580000, 0x00000000e2f80000, 0x0000000100000000)
  eden space 168448K, 100% used [0x00000000d5580000,0x00000000dfa00000,0x00000000dfa00000)
  from space 10240K, 97% used [0x00000000e2580000,0x00000000e2f4c268,0x00000000e2f80000)
  to   space 14336K, 0% used [0x00000000e1380000,0x00000000e1380000,0x00000000e2180000)
 ParOldGen       total 91136K, used 17670K [0x0000000080000000, 0x0000000085900000, 0x00000000d5580000)
  object space 91136K, 19% used [0x0000000080000000,0x0000000081141b70,0x0000000085900000)
 Metaspace       used 51865K, capacity 54038K, committed 54232K, reserved 1095680K
  class space    used 6948K, capacity 7392K, committed 7424K, reserved 1048576K
Event: 28.726 GC heap after
Heap after GC invocations=11 (full 2):
 PSYoungGen      total 208896K, used 14332K [0x00000000d5580000, 0x00000000e4180000, 0x0000000100000000)
  eden space 194560K, 0% used [0x00000000d5580000,0x00000000d5580000,0x00000000e1380000)
  from space 14336K, 99% used [0x00000000e1380000,0x00000000e217f300,0x00000000e2180000)
  to   space 20480K, 0% used [0x00000000e2d80000,0x00000000e2d80000,0x00000000e4180000)
 ParOldGen       total 91136K, used 27626K [0x0000000080000000, 0x0000000085900000, 0x00000000d5580000)
  object space 91136K, 30% used [0x0000000080000000,0x0000000081afab48,0x0000000085900000)
 Metaspace       used 51865K, capacity 54038K, committed 54232K, reserved 1095680K
  class space    used 6948K, capacity 7392K, committed 7424K, reserved 1048576K
}
Event: 30.937 GC heap before
{Heap before GC invocations=12 (full 2):
 PSYoungGen      total 208896K, used 81741K [0x00000000d5580000, 0x00000000e4180000, 0x0000000100000000)
  eden space 194560K, 34% used [0x00000000d5580000,0x00000000d97541f0,0x00000000e1380000)
  from space 14336K, 99% used [0x00000000e1380000,0x00000000e217f300,0x00000000e2180000)
  to   space 20480K, 0% used [0x00000000e2d80000,0x00000000e2d80000,0x00000000e4180000)
 ParOldGen       total 91136K, used 27626K [0x0000000080000000, 0x0000000085900000, 0x00000000d5580000)
  object space 91136K, 30% used [0x0000000080000000,0x0000000081afab48,0x0000000085900000)
 Metaspace       used 56426K, capacity 58814K, committed 58968K, reserved 1099776K
  class space    used 7692K, capacity 8197K, committed 8320K, reserved 1048576K
Event: 30.997 GC heap after
Heap after GC invocations=12 (full 2):
 PSYoungGen      total 218112K, used 20471K [0x00000000d5580000, 0x00000000e6a00000, 0x0000000100000000)
  eden space 197632K, 0% used [0x00000000d5580000,0x00000000d5580000,0x00000000e1680000)
  from space 20480K, 99% used [0x00000000e2d80000,0x00000000e417dd30,0x00000000e4180000)
  to   space 23552K, 0% used [0x00000000e1680000,0x00000000e1680000,0x00000000e2d80000)
 ParOldGen       total 91136K, used 29227K [0x0000000080000000, 0x0000000085900000, 0x00000000d5580000)
  object space 91136K, 32% used [0x0000000080000000,0x0000000081c8aed8,0x0000000085900000)
 Metaspace       used 56426K, capacity 58814K, committed 58968K, reserved 1099776K
  class space    used 7692K, capacity 8197K, committed 8320K, reserved 1048576K
}
Event: 30.997 GC heap before
{Heap before GC invocations=13 (full 3):
 PSYoungGen      total 218112K, used 20471K [0x00000000d5580000, 0x00000000e6a00000, 0x0000000100000000)
  eden space 197632K, 0% used [0x00000000d5580000,0x00000000d5580000,0x00000000e1680000)
  from space 20480K, 99% used [0x00000000e2d80000,0x00000000e417dd30,0x00000000e4180000)
  to   space 23552K, 0% used [0x00000000e1680000,0x00000000e1680000,0x00000000e2d80000)
 ParOldGen       total 91136K, used 29227K [0x0000000080000000, 0x0000000085900000, 0x00000000d5580000)
  object space 91136K, 32% used [0x0000000080000000,0x0000000081c8aed8,0x0000000085900000)
 Metaspace       used 56426K, capacity 58814K, committed 58968K, reserved 1099776K
  class space    used 7692K, capacity 8197K, committed 8320K, reserved 1048576K
Event: 31.738 GC heap after
Heap after GC invocations=13 (full 3):
 PSYoungGen      total 218112K, used 0K [0x00000000d5580000, 0x00000000e6a00000, 0x0000000100000000)
  eden space 197632K, 0% used [0x00000000d5580000,0x00000000d5580000,0x00000000e1680000)
  from space 20480K, 0% used [0x00000000e2d80000,0x00000000e2d80000,0x00000000e4180000)
  to   space 23552K, 0% used [0x00000000e1680000,0x00000000e1680000,0x00000000e2d80000)
 ParOldGen       total 140800K, used 36328K [0x0000000080000000, 0x0000000088980000, 0x00000000d5580000)
  object space 140800K, 25% used [0x0000000080000000,0x000000008237a398,0x0000000088980000)
 Metaspace       used 56390K, capacity 58694K, committed 58968K, reserved 1099776K
  class space    used 7681K, capacity 8177K, committed 8320K, reserved 1048576K
}

Deoptimization events (10 events):
Event: 31.916 Thread 0x000000001b7b7000 Uncommon trap: reason=unstable_if action=reinterpret pc=0x00000000036c6864 method=java.util.HashMap.getNode(ILjava/lang/Object;)Ljava/util/HashMap$Node; @ 84
Event: 31.986 Thread 0x000000001b7b7000 Uncommon trap: reason=unstable_if action=reinterpret pc=0x0000000003a3d080 method=java.io.WinNTFileSystem.normalize(Ljava/lang/String;)Ljava/lang/String; @ 74
Event: 31.986 Thread 0x000000001b7b7000 Uncommon trap: reason=unstable_if action=reinterpret pc=0x00000000035f8714 method=java.io.WinNTFileSystem.normalize(Ljava/lang/String;II)Ljava/lang/String; @ 103
Event: 32.395 Thread 0x000000001b7b7000 Uncommon trap: reason=unstable_if action=reinterpret pc=0x0000000003f0b124 method=java.util.Properties$LineReader.readLine()I @ 37
Event: 32.501 Thread 0x000000001b7b7000 Uncommon trap: reason=bimorphic action=maybe_recompile pc=0x0000000003e48914 method=java.util.regex.Pattern$5.isSatisfiedBy(I)Z @ 16
Event: 32.502 Thread 0x000000001b7b7000 Uncommon trap: reason=bimorphic action=maybe_recompile pc=0x0000000003e48914 method=java.util.regex.Pattern$5.isSatisfiedBy(I)Z @ 16
Event: 32.502 Thread 0x000000001b7b7000 Uncommon trap: reason=bimorphic action=maybe_recompile pc=0x0000000003e48914 method=java.util.regex.Pattern$5.isSatisfiedBy(I)Z @ 16
Event: 32.502 Thread 0x000000001b7b7000 Uncommon trap: reason=bimorphic action=maybe_recompile pc=0x0000000003e48914 method=java.util.regex.Pattern$5.isSatisfiedBy(I)Z @ 16
Event: 33.337 Thread 0x000000001b7b7000 Uncommon trap: reason=unstable_if action=reinterpret pc=0x00000000036606a8 method=java.util.regex.Pattern$BmpCharProperty.match(Ljava/util/regex/Matcher;ILjava/lang/CharSequence;)Z @ 34
Event: 33.364 Thread 0x000000001b7b7000 Uncommon trap: reason=unstable_if action=reinterpret pc=0x0000000003e93498 method=com.sun.org.apache.xerces.internal.impl.XMLEntityScanner.scanLiteral(ILcom/sun/org/apache/xerces/internal/xni/XMLString;Z)I @ 660

Classes redefined (0 events):
No events

Internal exceptions (10 events):
Event: 30.929 Thread 0x000000001b7b7000 Exception <a 'java/lang/ClassNotFoundException': java/lang/IntegerCustomizer> (0x00000000d95fb6c0) thrown at [C:\src\AOSP-openjdk-git\hotspot\src\share\vm\classfile\systemDictionary.cpp, line 210]
Event: 31.755 Thread 0x000000001b7b7000 Exception <a 'java/lang/ClassNotFoundException': java/lang/BooleanBeanInfo> (0x00000000d56162d0) thrown at [C:\src\AOSP-openjdk-git\hotspot\src\share\vm\classfile\systemDictionary.cpp, line 210]
Event: 31.755 Thread 0x000000001b7b7000 Exception <a 'java/lang/ClassNotFoundException': java/lang/BooleanCustomizer> (0x00000000d561fdb0) thrown at [C:\src\AOSP-openjdk-git\hotspot\src\share\vm\classfile\systemDictionary.cpp, line 210]
Event: 32.056 Thread 0x000000001b7b7000 Exception <a 'java/lang/NoSuchMethodError': java.lang.Object.lambda$static$0(Ljava/util/Set;Ljava/util/Set;)Z> (0x00000000d5e5b428) thrown at [C:\src\AOSP-openjdk-git\hotspot\src\share\vm\interpreter\linkResolver.cpp, line 620]
Event: 32.057 Thread 0x000000001b7b7000 Exception <a 'java/lang/NoSuchMethodError': java.lang.Object.lambda$static$1(Ljava/util/Set;Ljava/util/Set;)Z> (0x00000000d5e5e300) thrown at [C:\src\AOSP-openjdk-git\hotspot\src\share\vm\interpreter\linkResolver.cpp, line 620]
Event: 32.058 Thread 0x000000001b7b7000 Exception <a 'java/lang/NoSuchMethodError': java.lang.Object.lambda$static$2(Ljava/util/Set;Ljava/util/Set;)Z> (0x00000000d5e60e40) thrown at [C:\src\AOSP-openjdk-git\hotspot\src\share\vm\interpreter\linkResolver.cpp, line 620]
Event: 32.082 Thread 0x000000001b7b7000 Exception <a 'java/lang/NoSuchMethodError': java.lang.Object.lambda$static$0(Lorg/gradle/api/internal/tasks/TaskDependencyResolveContext;)V> (0x00000000d5ec3958) thrown at [C:\src\AOSP-openjdk-git\hotspot\src\share\vm\interpreter\linkResolver.cpp, line 62
Event: 32.446 Thread 0x000000001b7b7000 Exception <a 'sun/nio/fs/WindowsException'> (0x00000000d68a08a8) thrown at [C:\src\AOSP-openjdk-git\hotspot\src\share\vm\prims\jni.cpp, line 710]
Event: 32.590 Thread 0x000000001b7b7000 Exception <a 'java/lang/ClassNotFoundException': com/sun/org/glassfish/hk2/osgiresourcelocator/ServiceLoader> (0x00000000d6cc3d00) thrown at [C:\src\AOSP-openjdk-git\hotspot\src\share\vm\classfile\systemDictionary.cpp, line 210]
Event: 32.715 Thread 0x000000001b7b7000 Exception <a 'java/lang/NullPointerException'> (0x00000000d717e8b8) thrown at [C:\src\AOSP-openjdk-git\hotspot\src\share\vm\interpreter\linkResolver.cpp, line 1287]

Events (10 events):
Event: 33.362 loading class com/sun/org/apache/xerces/internal/parsers/AbstractSAXParser$LocatorProxy done
Event: 33.364 Thread 0x000000001b7b7000 Uncommon trap: trap_request=0xffffff65 fr.pc=0x0000000003e93498
Event: 33.364 Thread 0x000000001b7b7000 DEOPT PACKING pc=0x0000000003e93498 sp=0x000000001e3da5e0
Event: 33.364 Thread 0x000000001b7b7000 DEOPT UNPACKING pc=0x00000000030a557b sp=0x000000001e3da570 mode 2
Event: 33.365 loading class org/xml/sax/helpers/AttributesImpl
Event: 33.365 loading class org/xml/sax/helpers/AttributesImpl done
Event: 33.368 loading class java/util/regex/Pattern$Behind
Event: 33.368 loading class java/util/regex/Pattern$Behind done
Event: 33.368 loading class java/util/regex/Pattern$Neg
Event: 33.368 loading class java/util/regex/Pattern$Neg done


Dynamic libraries:
0x00007ff639970000 - 0x00007ff6399a1000 	C:\Program Files\Android\Android Studio\jre\bin\java.exe
0x00007ffec1690000 - 0x00007ffec1885000 	C:\WINDOWS\SYSTEM32\ntdll.dll
0x00007ffec0700000 - 0x00007ffec07bd000 	C:\WINDOWS\System32\KERNEL32.DLL
0x00007ffebf3c0000 - 0x00007ffebf689000 	C:\WINDOWS\System32\KERNELBASE.dll
0x00007ffebfda0000 - 0x00007ffebfe4c000 	C:\WINDOWS\System32\ADVAPI32.dll
0x00007ffebfa70000 - 0x00007ffebfb0e000 	C:\WINDOWS\System32\msvcrt.dll
0x00007ffebfc80000 - 0x00007ffebfd1c000 	C:\WINDOWS\System32\sechost.dll
0x00007ffec0560000 - 0x00007ffec068b000 	C:\WINDOWS\System32\RPCRT4.dll
0x00007ffebf8d0000 - 0x00007ffebfa70000 	C:\WINDOWS\System32\USER32.dll
0x00007ffebef50000 - 0x00007ffebef72000 	C:\WINDOWS\System32\win32u.dll
0x00007ffec1550000 - 0x00007ffec157a000 	C:\WINDOWS\System32\GDI32.dll
0x00007ffebef80000 - 0x00007ffebf08b000 	C:\WINDOWS\System32\gdi32full.dll
0x00007ffebf190000 - 0x00007ffebf22d000 	C:\WINDOWS\System32\msvcp_win.dll
0x00007ffebedd0000 - 0x00007ffebeed0000 	C:\WINDOWS\System32\ucrtbase.dll
0x00007ffea0220000 - 0x00007ffea04ba000 	C:\WINDOWS\WinSxS\amd64_microsoft.windows.common-controls_6595b64144ccf1df_6.0.19041.844_none_ca00b6081b84eb1d\COMCTL32.dll
0x00007ffec0160000 - 0x00007ffec0190000 	C:\WINDOWS\System32\IMM32.DLL
0x0000000074770000 - 0x0000000074842000 	C:\Program Files\Android\Android Studio\jre\jre\bin\msvcr100.dll
0x0000000073c30000 - 0x000000007447b000 	C:\Program Files\Android\Android Studio\jre\jre\bin\server\jvm.dll
0x00007ffebffc0000 - 0x00007ffebffc8000 	C:\WINDOWS\System32\PSAPI.DLL
0x00007ffeb7320000 - 0x00007ffeb732a000 	C:\WINDOWS\SYSTEM32\VERSION.dll
0x00007ffea8710000 - 0x00007ffea8719000 	C:\WINDOWS\SYSTEM32\WSOCK32.dll
0x00007ffeb0810000 - 0x00007ffeb0837000 	C:\WINDOWS\SYSTEM32\WINMM.dll
0x00007ffebffd0000 - 0x00007ffec003b000 	C:\WINDOWS\System32\WS2_32.dll
0x00007ffeb97f0000 - 0x00007ffeb97ff000 	C:\Program Files\Android\Android Studio\jre\jre\bin\verify.dll
0x00007ffea1ef0000 - 0x00007ffea1f19000 	C:\Program Files\Android\Android Studio\jre\jre\bin\java.dll
0x00007ffeb02a0000 - 0x00007ffeb02b6000 	C:\Program Files\Android\Android Studio\jre\jre\bin\zip.dll
0x00007ffec07c0000 - 0x00007ffec0f02000 	C:\WINDOWS\System32\SHELL32.dll
0x00007ffebc850000 - 0x00007ffebcfe0000 	C:\WINDOWS\SYSTEM32\windows.storage.dll
0x00007ffec01a0000 - 0x00007ffec04f5000 	C:\WINDOWS\System32\combase.dll
0x00007ffebe770000 - 0x00007ffebe79c000 	C:\WINDOWS\SYSTEM32\Wldp.dll
0x00007ffebf820000 - 0x00007ffebf8ce000 	C:\WINDOWS\System32\SHCORE.dll
0x00007ffec0500000 - 0x00007ffec0555000 	C:\WINDOWS\System32\shlwapi.dll
0x00007ffebed10000 - 0x00007ffebed2f000 	C:\WINDOWS\SYSTEM32\profapi.dll
0x00007ffeafd40000 - 0x00007ffeafd5a000 	C:\Program Files\Android\Android Studio\jre\jre\bin\net.dll
0x00007ffebe4f0000 - 0x00007ffebe55a000 	C:\WINDOWS\system32\mswsock.dll
0x00007ffe9bc50000 - 0x00007ffe9bc63000 	C:\Program Files\Android\Android Studio\jre\jre\bin\nio.dll
0x00007ffe98a50000 - 0x00007ffe98a77000 	C:\Users\KimHanbi\.gradle\native\f6784746aeab05261644944871eae4fe03e0ef1612fff0a4a95f87b438bc6780\windows-amd64\native-platform.dll
0x00007ffeac2a0000 - 0x00007ffeac2ad000 	C:\Program Files\Android\Android Studio\jre\jre\bin\management.dll
0x00007ffebe6c0000 - 0x00007ffebe6d8000 	C:\WINDOWS\SYSTEM32\CRYPTSP.dll
0x00007ffebde90000 - 0x00007ffebdec4000 	C:\WINDOWS\system32\rsaenh.dll
0x00007ffebf230000 - 0x00007ffebf257000 	C:\WINDOWS\System32\bcrypt.dll
0x00007ffebec90000 - 0x00007ffebecbe000 	C:\WINDOWS\SYSTEM32\USERENV.dll
0x00007ffebeed0000 - 0x00007ffebef50000 	C:\WINDOWS\System32\bcryptprimitives.dll
0x00007ffebe6e0000 - 0x00007ffebe6ec000 	C:\WINDOWS\SYSTEM32\CRYPTBASE.dll
0x00007ffebe1e0000 - 0x00007ffebe21b000 	C:\WINDOWS\SYSTEM32\IPHLPAPI.DLL
0x00007ffec0190000 - 0x00007ffec0198000 	C:\WINDOWS\System32\NSI.dll
0x00007ffeb8c10000 - 0x00007ffeb8c27000 	C:\WINDOWS\SYSTEM32\dhcpcsvc6.DLL
0x00007ffeb8bf0000 - 0x00007ffeb8c0d000 	C:\WINDOWS\SYSTEM32\dhcpcsvc.DLL
0x00007ffebe220000 - 0x00007ffebe2eb000 	C:\WINDOWS\SYSTEM32\DNSAPI.dll
0x00007ffeb9aa0000 - 0x00007ffeb9aab000 	C:\WINDOWS\SYSTEM32\WINNSI.DLL

VM Arguments:
jvm_args: -Xmx2048m -Dfile.encoding=UTF-8 -Duser.country=KR -Duser.language=ko -Duser.variant 
java_command: org.gradle.launcher.daemon.bootstrap.GradleDaemon 6.5
java_class_path (initial): C:\Users\KimHanbi\.gradle\wrapper\dists\gradle-6.5-all\2oz4ud9k3tuxjg84bbf55q0tn\gradle-6.5\lib\gradle-launcher-6.5.jar
Launcher Type: SUN_STANDARD

Environment Variables:
JAVA_HOME=C:\Program Files\Java\jdk1.8.0_251
CLASSPATH=%classpath%;;;
PATH=C:\Program Files\Java\jdk1.8.0_251\bin;C:\Program Files (x86)\Common Files\Oracle\Java\javapath;C:\Program Files (x86)\Intel\iCLS Client\;C:\Program Files\Intel\iCLS Client\;C:\WINDOWS\system32;C:\WINDOWS;C:\WINDOWS\System32\Wbem;C:\WINDOWS\System32\WindowsPowerShell\v1.0\;C:\Program Files (x86)\Intel\Intel(R) Management Engine Components\DAL;C:\Program Files\Intel\Intel(R) Management Engine Components\DAL;C:\Program Files (x86)\Intel\Intel(R) Management Engine Components\IPT;C:\Program Files\Intel\Intel(R) Management Engine Components\IPT;C:\Program Files\Intel\WiFi\bin\;C:\Program Files\Common Files\Intel\WirelessCommon\;C:\WINDOWS\System32\OpenSSH\;C:\MinGW\bin;C:\Program Files\Java\jdk1.8.0_251\bin;C:\Program Files\Git\cmd;C:\Program Files\MySQL\MySQL Server 8.0\bin;C:\ProgramData\chocolatey\bin;C:\Program Files\nodejs\;C:\Program Files\MySQL\MySQL Shell 8.0\bin\;C:\Python\Python36\Scripts\;C:\Python\Python36\;C:\Users\KimHanbi\AppData\Local\Microsoft\WindowsApps;C:\Users\KimHanbi\AppData\Local\Programs\Microsoft VS Code\bin;C:\Users\KimHanbi\AppData\Roaming\npm;C:\Program Files\Android\Android Studio\jre\bin;C:\Users\KimHanbi\AppData\Local\gitkraken\bin
USERNAME=KimHanbi
OS=Windows_NT
PROCESSOR_IDENTIFIER=Intel64 Family 6 Model 142 Stepping 10, GenuineIntel



---------------  S Y S T E M  ---------------

OS: Windows 10.0 , 64 bit Build 19041 (10.0.19041.804)

CPU:total 8 (initial active 8) (4 cores per cpu, 2 threads per core) family 6 model 142 stepping 10, cmov, cx8, fxsr, mmx, sse, sse2, sse3, ssse3, sse4.1, sse4.2, popcnt, avx, avx2, aes, clmul, erms, 3dnowpref, lzcnt, ht, tsc, tscinvbit, bmi1, bmi2, adx

Memory: 4k page, physical 8217940k(1000248k free), swap 8217940k(5260k free)

vm_info: OpenJDK 64-Bit Server VM (25.242-b01) for windows-amd64 JRE (1.8.0_242-release-1644-b01), built by "builder" with MS VC++ 10.0 (VS2010)

time: Tue Apr 06 14:08:19 2021
timezone: 대한민국 표준시
elapsed time: 33 seconds (0d 0h 0m 33s)

