#
# There is insufficient memory for the Java Runtime Environment to continue.
# Native memory allocation (malloc) failed to allocate 2267536 bytes for Chunk::new
# Possible reasons:
#   The system is out of physical RAM or swap space
#   The process is running with CompressedOops enabled, and the Java Heap may be blocking the growth of the native heap
# Possible solutions:
#   Reduce memory load on the system
#   Increase physical memory or swap space
#   Check if swap backing store is full
#   Decrease Java heap size (-Xmx/-Xms)
#   Decrease number of Java threads
#   Decrease Java thread stack sizes (-Xss)
#   Set larger code cache with -XX:ReservedCodeCacheSize=
#   JVM is running with Unscaled Compressed Oops mode in which the Java heap is
#     placed in the first 4GB address space. The Java Heap base address is the
#     maximum limit for the native heap growth. Please use -XX:HeapBaseMinAddress
#     to set the Java Heap base and to place the Java Heap above 4GB virtual address.
# This output file may be truncated or incomplete.
#
#  Out of Memory Error (allocation.cpp:389), pid=9212, tid=0x00000000000034cc
#
# JRE version: OpenJDK Runtime Environment (8.0_242-b01) (build 1.8.0_242-release-1644-b01)
# Java VM: OpenJDK 64-Bit Server VM (25.242-b01 mixed mode windows-amd64 compressed oops)
# Failed to write core dump. Minidumps are not enabled by default on client versions of Windows
#

---------------  T H R E A D  ---------------

Current thread (0x0000000019f31800):  JavaThread "C2 CompilerThread1" daemon [_thread_in_native, id=13516, stack(0x000000001a7f0000,0x000000001a8f0000)]

Stack: [0x000000001a7f0000,0x000000001a8f0000]
[error occurred during error reporting (printing stack bounds), id 0xc0000005]

Native frames: (J=compiled Java code, j=interpreted, Vv=VM code, C=native code)


Current CompileTask:
C2:  74462 13107 %     4       com.android.tools.r8.ir.regalloc.a::a @ 281 (952 bytes)


---------------  P R O C E S S  ---------------

Java Threads: ( => current thread )
  0x000000002192e000 JavaThread "WorkerExecutor Queue Thread 2" [_thread_blocked, id=284, stack(0x000000002e140000,0x000000002e240000)]
  0x000000002192d000 JavaThread "WorkerExecutor Queue" [_thread_blocked, id=10244, stack(0x000000002d8f0000,0x000000002d9f0000)]
  0x000000002192c800 JavaThread "Cache worker for execution history cache (C:\Users\KimHanbi\AndroidStudioProjects\UntactShop\.gradle\6.5\executionHistory)" [_thread_blocked, id=8628, stack(0x000000002d7f0000,0x000000002d8f0000)]
  0x0000000021929800 JavaThread "Execution worker for ':' Thread 7" [_thread_blocked, id=6856, stack(0x000000002d6f0000,0x000000002d7f0000)]
  0x000000002192b000 JavaThread "Execution worker for ':' Thread 6" [_thread_blocked, id=14304, stack(0x000000002d5f0000,0x000000002d6f0000)]
  0x000000002192a000 JavaThread "Execution worker for ':' Thread 5" [_thread_blocked, id=8384, stack(0x000000002d4f0000,0x000000002d5f0000)]
  0x0000000021928800 JavaThread "Execution worker for ':' Thread 4" [_thread_blocked, id=5128, stack(0x000000002d3f0000,0x000000002d4f0000)]
  0x000000002192f800 JavaThread "Execution worker for ':' Thread 3" [_thread_blocked, id=13872, stack(0x000000002d2f0000,0x000000002d3f0000)]
  0x0000000021921000 JavaThread "Execution worker for ':' Thread 2" [_thread_blocked, id=3752, stack(0x000000002bfe0000,0x000000002c0e0000)]
  0x0000000021926800 JavaThread "Execution worker for ':'" [_thread_blocked, id=9232, stack(0x000000002bee0000,0x000000002bfe0000)]
  0x0000000021928000 JavaThread "Cache worker for file content cache (C:\Users\KimHanbi\AndroidStudioProjects\UntactShop\.gradle\6.5\fileContent)" [_thread_blocked, id=412, stack(0x000000002b9e0000,0x000000002bae0000)]
  0x0000000021920800 JavaThread "Memory manager" [_thread_blocked, id=1832, stack(0x000000002b8e0000,0x000000002b9e0000)]
  0x0000000021922000 JavaThread "Cache worker for Build Output Cleanup Cache (C:\Users\KimHanbi\AndroidStudioProjects\UntactShop\.gradle\buildOutputCleanup)" [_thread_blocked, id=13164, stack(0x0000000029780000,0x0000000029880000)]
  0x0000000021923800 JavaThread "jar transforms Thread 92" [_thread_blocked, id=4412, stack(0x0000000029680000,0x0000000029780000)]
  0x000000001d198800 JavaThread "jar transforms Thread 91" [_thread_blocked, id=9180, stack(0x0000000029580000,0x0000000029680000)]
  0x000000001d196800 JavaThread "jar transforms Thread 90" [_thread_blocked, id=14116, stack(0x0000000029480000,0x0000000029580000)]
  0x000000001d193800 JavaThread "jar transforms Thread 89" [_thread_blocked, id=11616, stack(0x0000000029380000,0x0000000029480000)]
  0x000000001d198000 JavaThread "jar transforms Thread 88" [_thread_blocked, id=12860, stack(0x0000000029280000,0x0000000029380000)]
  0x000000001d199800 JavaThread "jar transforms Thread 87" [_thread_blocked, id=12680, stack(0x0000000029180000,0x0000000029280000)]
  0x000000001d195000 JavaThread "jar transforms Thread 86" [_thread_blocked, id=8064, stack(0x0000000029080000,0x0000000029180000)]
  0x000000001d197000 JavaThread "jar transforms Thread 85" [_thread_blocked, id=8696, stack(0x0000000028f80000,0x0000000029080000)]
  0x000000001d194000 JavaThread "jar transforms Thread 84" [_thread_blocked, id=8196, stack(0x0000000028e80000,0x0000000028f80000)]
  0x000000001d195800 JavaThread "jar transforms Thread 83" [_thread_blocked, id=9072, stack(0x0000000028d80000,0x0000000028e80000)]
  0x000000001d18c000 JavaThread "jar transforms Thread 82" [_thread_blocked, id=7364, stack(0x0000000028c80000,0x0000000028d80000)]
  0x000000001d192800 JavaThread "jar transforms Thread 81" [_thread_blocked, id=512, stack(0x0000000028b80000,0x0000000028c80000)]
  0x000000001d18f000 JavaThread "jar transforms Thread 80" [_thread_blocked, id=3832, stack(0x0000000028a80000,0x0000000028b80000)]
  0x000000001d18e000 JavaThread "jar transforms Thread 79" [_thread_blocked, id=9596, stack(0x0000000028980000,0x0000000028a80000)]
  0x000000001d18d800 JavaThread "jar transforms Thread 78" [_thread_blocked, id=13848, stack(0x0000000028880000,0x0000000028980000)]
  0x000000001d18b000 JavaThread "jar transforms Thread 77" [_thread_blocked, id=6480, stack(0x0000000028780000,0x0000000028880000)]
  0x000000001d191000 JavaThread "jar transforms Thread 76" [_thread_blocked, id=13048, stack(0x0000000028680000,0x0000000028780000)]
  0x000000001d192000 JavaThread "jar transforms Thread 75" [_thread_blocked, id=6276, stack(0x0000000028580000,0x0000000028680000)]
  0x000000001d18c800 JavaThread "jar transforms Thread 74" [_thread_blocked, id=11028, stack(0x0000000028480000,0x0000000028580000)]
  0x000000001d190800 JavaThread "jar transforms Thread 73" [_thread_blocked, id=14092, stack(0x0000000028380000,0x0000000028480000)]
  0x000000001d18f800 JavaThread "jar transforms Thread 72" [_thread_blocked, id=13744, stack(0x0000000028280000,0x0000000028380000)]
  0x000000001d18a800 JavaThread "jar transforms Thread 71" [_thread_blocked, id=9512, stack(0x0000000028180000,0x0000000028280000)]
  0x0000000020bb0000 JavaThread "jar transforms Thread 70" [_thread_blocked, id=4596, stack(0x0000000028080000,0x0000000028180000)]
  0x0000000020bae800 JavaThread "jar transforms Thread 69" [_thread_blocked, id=2884, stack(0x0000000027f80000,0x0000000028080000)]
  0x0000000020bab800 JavaThread "jar transforms Thread 68" [_thread_blocked, id=9104, stack(0x0000000027e80000,0x0000000027f80000)]
  0x0000000020baf000 JavaThread "jar transforms Thread 67" [_thread_blocked, id=3140, stack(0x0000000027d80000,0x0000000027e80000)]
  0x0000000020bad000 JavaThread "jar transforms Thread 66" [_thread_blocked, id=10956, stack(0x0000000027c80000,0x0000000027d80000)]
  0x0000000020bad800 JavaThread "jar transforms Thread 65" [_thread_blocked, id=10816, stack(0x0000000027b80000,0x0000000027c80000)]
  0x0000000020bac000 JavaThread "jar transforms Thread 64" [_thread_blocked, id=12576, stack(0x0000000027a80000,0x0000000027b80000)]
  0x0000000020ba4000 JavaThread "jar transforms Thread 63" [_thread_blocked, id=860, stack(0x0000000027980000,0x0000000027a80000)]
  0x0000000020baa800 JavaThread "jar transforms Thread 62" [_thread_blocked, id=9056, stack(0x0000000027880000,0x0000000027980000)]
  0x0000000020baa000 JavaThread "jar transforms Thread 61" [_thread_blocked, id=8328, stack(0x0000000027780000,0x0000000027880000)]
  0x0000000020ba2800 JavaThread "jar transforms Thread 60" [_thread_blocked, id=11400, stack(0x0000000027680000,0x0000000027780000)]
  0x0000000020ba9000 JavaThread "jar transforms Thread 59" [_thread_blocked, id=12968, stack(0x0000000027580000,0x0000000027680000)]
  0x0000000020ba3000 JavaThread "jar transforms Thread 58" [_thread_blocked, id=8928, stack(0x0000000027480000,0x0000000027580000)]
  0x0000000020ba1800 JavaThread "jar transforms Thread 57" [_thread_blocked, id=8360, stack(0x0000000027380000,0x0000000027480000)]
  0x0000000020ba8800 JavaThread "jar transforms Thread 56" [_thread_blocked, id=8336, stack(0x0000000027280000,0x0000000027380000)]
  0x0000000020ba1000 JavaThread "jar transforms Thread 55" [_thread_blocked, id=2304, stack(0x0000000027180000,0x0000000027280000)]
  0x0000000020ba5800 JavaThread "jar transforms Thread 54" [_thread_blocked, id=12128, stack(0x0000000027080000,0x0000000027180000)]
  0x0000000020ba7800 JavaThread "jar transforms Thread 53" [_thread_blocked, id=11828, stack(0x0000000026f80000,0x0000000027080000)]
  0x0000000020ba4800 JavaThread "jar transforms Thread 52" [_thread_blocked, id=2044, stack(0x0000000026e80000,0x0000000026f80000)]
  0x0000000020ba6000 JavaThread "jar transforms Thread 51" [_thread_blocked, id=12444, stack(0x0000000026d80000,0x0000000026e80000)]
  0x0000000020ba7000 JavaThread "jar transforms Thread 50" [_thread_blocked, id=14236, stack(0x0000000026c80000,0x0000000026d80000)]
  0x000000001d21c000 JavaThread "jar transforms Thread 49" [_thread_blocked, id=10020, stack(0x0000000026b80000,0x0000000026c80000)]
  0x000000001d214800 JavaThread "jar transforms Thread 48" [_thread_blocked, id=12940, stack(0x0000000026a80000,0x0000000026b80000)]
  0x000000001d21b800 JavaThread "jar transforms Thread 47" [_thread_blocked, id=2616, stack(0x0000000026980000,0x0000000026a80000)]
  0x000000001d219000 JavaThread "jar transforms Thread 46" [_thread_blocked, id=7188, stack(0x0000000026880000,0x0000000026980000)]
  0x000000001d21a000 JavaThread "jar transforms Thread 45" [_thread_blocked, id=10772, stack(0x0000000026780000,0x0000000026880000)]
  0x000000001d217800 JavaThread "jar transforms Thread 44" [_thread_blocked, id=8968, stack(0x0000000026680000,0x0000000026780000)]
  0x000000001d21a800 JavaThread "jar transforms Thread 43" [_thread_blocked, id=9720, stack(0x0000000026580000,0x0000000026680000)]
  0x000000001d216000 JavaThread "jar transforms Thread 42" [_thread_blocked, id=3824, stack(0x0000000026480000,0x0000000026580000)]
  0x000000001d217000 JavaThread "jar transforms Thread 41" [_thread_blocked, id=1424, stack(0x0000000026380000,0x0000000026480000)]
  0x000000001d215800 JavaThread "jar transforms Thread 40" [_thread_blocked, id=11160, stack(0x0000000026280000,0x0000000026380000)]
  0x000000001d218800 JavaThread "jar transforms Thread 39" [_thread_blocked, id=13732, stack(0x0000000026180000,0x0000000026280000)]
  0x000000001d20d000 JavaThread "jar transforms Thread 38" [_thread_blocked, id=2524, stack(0x0000000026080000,0x0000000026180000)]
  0x000000001d214000 JavaThread "jar transforms Thread 37" [_thread_blocked, id=13724, stack(0x0000000025f80000,0x0000000026080000)]
  0x000000001d210000 JavaThread "jar transforms Thread 36" [_thread_blocked, id=13416, stack(0x0000000025e80000,0x0000000025f80000)]
  0x000000001d20f800 JavaThread "jar transforms Thread 35" [_thread_blocked, id=9852, stack(0x0000000025d80000,0x0000000025e80000)]
  0x000000001d20e800 JavaThread "jar transforms Thread 34" [_thread_blocked, id=1144, stack(0x0000000025c80000,0x0000000025d80000)]
  0x000000001d211000 JavaThread "jar transforms Thread 33" [_thread_blocked, id=4520, stack(0x0000000025b80000,0x0000000025c80000)]
  0x000000001d211800 JavaThread "jar transforms Thread 32" [_thread_blocked, id=9080, stack(0x0000000025a80000,0x0000000025b80000)]
  0x000000001d20e000 JavaThread "jar transforms Thread 31" [_thread_blocked, id=3996, stack(0x0000000025980000,0x0000000025a80000)]
  0x000000001d213000 JavaThread "jar transforms Thread 30" [_thread_blocked, id=10984, stack(0x0000000025880000,0x0000000025980000)]
  0x000000001d212800 JavaThread "jar transforms Thread 29" [_thread_blocked, id=6052, stack(0x0000000025780000,0x0000000025880000)]
  0x000000001cad2800 JavaThread "jar transforms Thread 28" [_thread_blocked, id=13988, stack(0x0000000025680000,0x0000000025780000)]
  0x000000001cad0000 JavaThread "jar transforms Thread 27" [_thread_blocked, id=2452, stack(0x0000000025580000,0x0000000025680000)]
  0x000000001cad2000 JavaThread "jar transforms Thread 26" [_thread_blocked, id=4396, stack(0x0000000025480000,0x0000000025580000)]
  0x000000001cad5000 JavaThread "jar transforms Thread 25" [_thread_blocked, id=6528, stack(0x0000000025380000,0x0000000025480000)]
  0x000000001cad3800 JavaThread "jar transforms Thread 24" [_thread_blocked, id=4392, stack(0x0000000025280000,0x0000000025380000)]
  0x000000001cacf800 JavaThread "jar transforms Thread 23" [_thread_blocked, id=10460, stack(0x0000000025180000,0x0000000025280000)]
  0x000000001cad4000 JavaThread "jar transforms Thread 22" [_thread_blocked, id=1368, stack(0x0000000025080000,0x0000000025180000)]
  0x000000001cad1000 JavaThread "jar transforms Thread 21" [_thread_blocked, id=8288, stack(0x0000000024f80000,0x0000000025080000)]
  0x000000001cac8000 JavaThread "jar transforms Thread 20" [_thread_blocked, id=13928, stack(0x0000000024e80000,0x0000000024f80000)]
  0x000000001cace800 JavaThread "jar transforms Thread 19" [_thread_blocked, id=8388, stack(0x0000000024d80000,0x0000000024e80000)]
  0x000000001cac7000 JavaThread "jar transforms Thread 18" [_thread_blocked, id=8340, stack(0x0000000024c80000,0x0000000024d80000)]
  0x000000001caca000 JavaThread "jar transforms Thread 17" [_thread_blocked, id=8068, stack(0x0000000024b80000,0x0000000024c80000)]
  0x000000001cace000 JavaThread "jar transforms Thread 16" [_thread_blocked, id=8008, stack(0x0000000024a80000,0x0000000024b80000)]
  0x000000001cac6800 JavaThread "jar transforms Thread 15" [_thread_blocked, id=8652, stack(0x0000000024980000,0x0000000024a80000)]
  0x000000001cac9800 JavaThread "jar transforms Thread 14" [_thread_blocked, id=8896, stack(0x0000000024880000,0x0000000024980000)]
  0x000000001cacd000 JavaThread "jar transforms Thread 13" [_thread_blocked, id=12484, stack(0x0000000024780000,0x0000000024880000)]
  0x000000001cac5800 JavaThread "jar transforms Thread 12" [_thread_blocked, id=2480, stack(0x0000000024680000,0x0000000024780000)]
  0x000000001cacb000 JavaThread "jar transforms Thread 11" [_thread_blocked, id=7808, stack(0x0000000024580000,0x0000000024680000)]
  0x000000001cacc800 JavaThread "jar transforms Thread 10" [_thread_blocked, id=13780, stack(0x0000000024480000,0x0000000024580000)]
  0x000000001cac8800 JavaThread "jar transforms Thread 9" [_thread_blocked, id=12588, stack(0x0000000024380000,0x0000000024480000)]
  0x000000001cacb800 JavaThread "jar transforms Thread 8" [_thread_blocked, id=11972, stack(0x0000000024280000,0x0000000024380000)]
  0x0000000020789000 JavaThread "jar transforms Thread 7" [_thread_blocked, id=12656, stack(0x0000000024180000,0x0000000024280000)]
  0x0000000020787000 JavaThread "jar transforms Thread 6" [_thread_blocked, id=13476, stack(0x0000000024080000,0x0000000024180000)]
  0x0000000020784800 JavaThread "jar transforms Thread 5" [_thread_blocked, id=9588, stack(0x0000000023f80000,0x0000000024080000)]
  0x0000000020785800 JavaThread "jar transforms Thread 4" [_thread_blocked, id=6436, stack(0x0000000023e80000,0x0000000023f80000)]
  0x0000000020787800 JavaThread "jar transforms Thread 3" [_thread_blocked, id=9952, stack(0x0000000023d80000,0x0000000023e80000)]
  0x0000000020784000 JavaThread "jar transforms Thread 2" [_thread_blocked, id=13136, stack(0x0000000023c80000,0x0000000023d80000)]
  0x0000000020786000 JavaThread "Build operations Thread 8" [_thread_in_Java, id=7572, stack(0x0000000023b80000,0x0000000023c80000)]
  0x0000000020783000 JavaThread "Build operations Thread 7" [_thread_in_Java, id=2912, stack(0x0000000023a80000,0x0000000023b80000)]
  0x0000000020788800 JavaThread "Build operations Thread 6" [_thread_blocked, id=2572, stack(0x0000000023980000,0x0000000023a80000)]
  0x000000002077b800 JavaThread "Build operations Thread 5" [_thread_blocked, id=5088, stack(0x0000000023880000,0x0000000023980000)]
  0x000000002077e000 JavaThread "Build operations Thread 4" [_thread_blocked, id=2560, stack(0x0000000023780000,0x0000000023880000)]
  0x000000002077e800 JavaThread "Build operations Thread 3" [_thread_blocked, id=11068, stack(0x0000000023680000,0x0000000023780000)]
  0x000000002077d000 JavaThread "Build operations Thread 2" [_thread_blocked, id=4976, stack(0x0000000023580000,0x0000000023680000)]
  0x000000002077c800 JavaThread "Build operations" [_thread_blocked, id=584, stack(0x0000000023480000,0x0000000023580000)]
  0x000000001b402800 JavaThread "Cache worker for file content cache (C:\Users\KimHanbi\.gradle\caches\6.5\fileContent)" [_thread_blocked, id=12552, stack(0x0000000022d80000,0x0000000022e80000)]
  0x000000001b3ff800 JavaThread "jar transforms" [_thread_blocked, id=9712, stack(0x0000000022c80000,0x0000000022d80000)]
  0x000000001b401000 JavaThread "Cache worker for execution history cache (C:\Users\KimHanbi\.gradle\caches\6.5\executionHistory)" [_thread_blocked, id=7324, stack(0x0000000022580000,0x0000000022680000)]
  0x000000001b3fe000 JavaThread "Cache worker for cache directory md-rule (C:\Users\KimHanbi\.gradle\caches\6.5\md-rule)" [_thread_blocked, id=2564, stack(0x0000000022480000,0x0000000022580000)]
  0x000000001b400000 JavaThread "Cache worker for cache directory md-supplier (C:\Users\KimHanbi\.gradle\caches\6.5\md-supplier)" [_thread_blocked, id=9356, stack(0x0000000021010000,0x0000000021110000)]
  0x000000001b3fe800 JavaThread "Cache worker for checksums cache (C:\Users\KimHanbi\AndroidStudioProjects\UntactShop\.gradle\checksums)" [_thread_blocked, id=13168, stack(0x0000000020f10000,0x0000000021010000)]
  0x000000001b401800 JavaThread "Cache worker for file hash cache (C:\Users\KimHanbi\AndroidStudioProjects\UntactShop\.gradle\6.5\fileHashes)" [_thread_blocked, id=10556, stack(0x0000000022380000,0x0000000022480000)]
  0x000000001b404800 JavaThread "Cache worker for file hash cache (C:\Users\KimHanbi\.gradle\caches\6.5\fileHashes)" [_thread_blocked, id=11460, stack(0x000000001ea70000,0x000000001eb70000)]
  0x000000001b404000 JavaThread "File lock request listener" [_thread_in_native, id=3472, stack(0x000000001e970000,0x000000001ea70000)]
  0x000000001a26a000 JavaThread "Cache worker for journal cache (C:\Users\KimHanbi\.gradle\caches\journal-1)" [_thread_blocked, id=7640, stack(0x000000001e870000,0x000000001e970000)]
  0x000000001b398000 JavaThread "Thread-9" [_thread_blocked, id=13076, stack(0x000000001e570000,0x000000001e670000)]
  0x000000001c8ab800 JavaThread "Asynchronous log dispatcher for DefaultDaemonConnection: socket connection from /127.0.0.1:1825 to /127.0.0.1:1826" [_thread_blocked, id=904, stack(0x000000001e370000,0x000000001e470000)]
  0x000000001bb53000 JavaThread "Daemon worker" [_thread_blocked, id=11964, stack(0x000000001e270000,0x000000001e370000)]
  0x000000001bb52800 JavaThread "Cancel handler" [_thread_blocked, id=14064, stack(0x000000001e070000,0x000000001e170000)]
  0x000000001a2e7800 JavaThread "Handler for socket connection from /127.0.0.1:1825 to /127.0.0.1:1826" [_thread_in_native, id=1456, stack(0x000000001df70000,0x000000001e070000)]
  0x000000001a2c9800 JavaThread "Daemon" [_thread_blocked, id=5888, stack(0x000000001de70000,0x000000001df70000)]
  0x000000001bdce800 JavaThread "Daemon periodic checks" [_thread_blocked, id=14284, stack(0x000000001db70000,0x000000001dc70000)]
  0x000000001bdcd000 JavaThread "Incoming local TCP Connector on port 1825" [_thread_in_native, id=6864, stack(0x000000001d990000,0x000000001da90000)]
  0x000000001a09a800 JavaThread "Daemon health stats" [_thread_blocked, id=8376, stack(0x000000001d690000,0x000000001d790000)]
  0x000000001a01a000 JavaThread "Service Thread" daemon [_thread_blocked, id=7356, stack(0x000000001aaf0000,0x000000001abf0000)]
  0x0000000019f92000 JavaThread "C1 CompilerThread3" daemon [_thread_blocked, id=1568, stack(0x000000001a9f0000,0x000000001aaf0000)]
  0x0000000019f8e000 JavaThread "C2 CompilerThread2" daemon [_thread_in_native, id=5056, stack(0x000000001a8f0000,0x000000001a9f0000)]
=>0x0000000019f31800 JavaThread "C2 CompilerThread1" daemon [_thread_in_native, id=13516, stack(0x000000001a7f0000,0x000000001a8f0000)]
  0x0000000019f2e800 JavaThread "C2 CompilerThread0" daemon [_thread_in_native, id=1608, stack(0x000000001a6f0000,0x000000001a7f0000)]
  0x0000000019f88000 JavaThread "Attach Listener" daemon [_thread_blocked, id=13940, stack(0x000000001a5f0000,0x000000001a6f0000)]
  0x0000000019f87000 JavaThread "Signal Dispatcher" daemon [_thread_blocked, id=13504, stack(0x000000001a4f0000,0x000000001a5f0000)]
  0x0000000019f10800 JavaThread "Finalizer" daemon [_thread_blocked, id=2668, stack(0x000000001a3f0000,0x000000001a4f0000)]
  0x00000000030a8000 JavaThread "Reference Handler" daemon [_thread_blocked, id=12828, stack(0x000000001a2f0000,0x000000001a3f0000)]
  0x0000000002fb2800 JavaThread "main" [_thread_blocked, id=1752, stack(0x0000000002b60000,0x0000000002c60000)]

Other Threads:
  0x0000000018115800 VMThread [stack: 0x0000000019df0000,0x0000000019ef0000] [id=7684]
  0x0000000019fec000 WatcherThread [stack: 0x000000001abf0000,0x000000001acf0000] [id=7252]

VM state:not at safepoint (normal execution)

VM Mutex/Monitor currently owned by a thread: None

heap address: 0x0000000080000000, size: 2048 MB, Compressed Oops mode: 32-bit
Narrow klass base: 0x0000000000000000, Narrow klass shift: 3
Compressed class space size: 1073741824 Address: 0x0000000100000000

Heap:
 PSYoungGen      total 640512K, used 233872K [0x00000000d5580000, 0x0000000100000000, 0x0000000100000000)
  eden space 585216K, 33% used [0x00000000d5580000,0x00000000e17b33a8,0x00000000f9100000)
  from space 55296K, 63% used [0x00000000fc800000,0x00000000fea6dda0,0x00000000ffe00000)
  to   space 56320K, 0% used [0x00000000f9100000,0x00000000f9100000,0x00000000fc800000)
 ParOldGen       total 239616K, used 162916K [0x0000000080000000, 0x000000008ea00000, 0x00000000d5580000)
  object space 239616K, 67% used [0x0000000080000000,0x0000000089f193e0,0x000000008ea00000)
 Metaspace       used 79756K, capacity 84062K, committed 85208K, reserved 1122304K
  class space    used 10852K, capacity 11646K, committed 12032K, reserved 1048576K

Card table byte_map: [0x0000000012470000,0x0000000012880000] byte_map_base: 0x0000000012070000

Marking Bits: (ParMarkBitMap*) 0x00000000528ef030
 Begin Bits: [0x0000000013330000, 0x0000000015330000)
 End Bits:   [0x0000000015330000, 0x0000000017330000)

Polling page: 0x0000000001230000

CodeCache: size=245760Kb used=41882Kb max_used=42065Kb free=203877Kb
 bounds [0x00000000030b0000, 0x0000000005a90000, 0x00000000120b0000]
 total_blobs=12811 nmethods=11986 adapters=735
 compilation: enabled

Compilation events (10 events):
Event: 74.309 Thread 0x0000000019f92000 14623       2       org.gradle.internal.resources.AbstractTrackedResourceLock::tryLock (69 bytes)
Event: 74.312 Thread 0x0000000019f92000 nmethod 14623 0x0000000004cfee10 code [0x0000000004cff040, 0x0000000004cff808]
Event: 74.342 Thread 0x0000000019f92000 14624       2       com.android.tools.r8.graph.l0$s::<init> (6 bytes)
Event: 74.342 Thread 0x0000000019f92000 nmethod 14624 0x0000000004cfead0 code [0x0000000004cfec20, 0x0000000004cfed70]
Event: 74.438 Thread 0x0000000019f92000 14626       2       com.android.tools.r8.s.b.e1::a (11 bytes)
Event: 74.439 Thread 0x0000000019f92000 nmethod 14626 0x0000000004cfe610 code [0x0000000004cfe780, 0x0000000004cfe930]
Event: 74.442 Thread 0x0000000019f92000 14627       1       com.android.tools.r8.s.a.q.d::b (4 bytes)
Event: 74.443 Thread 0x0000000019f92000 nmethod 14627 0x0000000004e7c810 code [0x0000000004e7c960, 0x0000000004e7ca50]
Event: 74.449 Thread 0x0000000019f92000 14628 %     3       com.android.tools.r8.graph.W0::a @ 3 (50 bytes)
Event: 74.451 Thread 0x0000000019f92000 nmethod 14628% 0x0000000004e7bf50 code [0x0000000004e7c0e0, 0x0000000004e7c5a8]

GC Heap History (10 events):
Event: 60.926 GC heap before
{Heap before GC invocations=26 (full 4):
 PSYoungGen      total 484864K, used 472813K [0x00000000d5580000, 0x00000000fb900000, 0x0000000100000000)
  eden space 436224K, 100% used [0x00000000d5580000,0x00000000eff80000,0x00000000eff80000)
  from space 48640K, 75% used [0x00000000eff80000,0x00000000f233b6b0,0x00000000f2f00000)
  to   space 52224K, 0% used [0x00000000f8600000,0x00000000f8600000,0x00000000fb900000)
 ParOldGen       total 239616K, used 113321K [0x0000000080000000, 0x000000008ea00000, 0x00000000d5580000)
  object space 239616K, 47% used [0x0000000080000000,0x0000000086eaa468,0x000000008ea00000)
 Metaspace       used 79403K, capacity 83768K, committed 84952K, reserved 1122304K
  class space    used 10849K, capacity 11643K, committed 12032K, reserved 1048576K
Event: 61.067 GC heap after
Heap after GC invocations=26 (full 4):
 PSYoungGen      total 569856K, used 41068K [0x00000000d5580000, 0x00000000fc900000, 0x0000000100000000)
  eden space 517632K, 0% used [0x00000000d5580000,0x00000000d5580000,0x00000000f4f00000)
  from space 52224K, 78% used [0x00000000f8600000,0x00000000fae1b360,0x00000000fb900000)
  to   space 56320K, 0% used [0x00000000f4f00000,0x00000000f4f00000,0x00000000f8600000)
 ParOldGen       total 239616K, used 119249K [0x0000000080000000, 0x000000008ea00000, 0x00000000d5580000)
  object space 239616K, 49% used [0x0000000080000000,0x0000000087474468,0x000000008ea00000)
 Metaspace       used 79403K, capacity 83768K, committed 84952K, reserved 1122304K
  class space    used 10849K, capacity 11643K, committed 12032K, reserved 1048576K
}
Event: 63.207 GC heap before
{Heap before GC invocations=27 (full 4):
 PSYoungGen      total 569856K, used 558700K [0x00000000d5580000, 0x00000000fc900000, 0x0000000100000000)
  eden space 517632K, 100% used [0x00000000d5580000,0x00000000f4f00000,0x00000000f4f00000)
  from space 52224K, 78% used [0x00000000f8600000,0x00000000fae1b360,0x00000000fb900000)
  to   space 56320K, 0% used [0x00000000f4f00000,0x00000000f4f00000,0x00000000f8600000)
 ParOldGen       total 239616K, used 119249K [0x0000000080000000, 0x000000008ea00000, 0x00000000d5580000)
  object space 239616K, 49% used [0x0000000080000000,0x0000000087474468,0x000000008ea00000)
 Metaspace       used 79518K, capacity 83834K, committed 85208K, reserved 1122304K
  class space    used 10851K, capacity 11644K, committed 12032K, reserved 1048576K
Event: 63.325 GC heap after
Heap after GC invocations=27 (full 4):
 PSYoungGen      total 573952K, used 38335K [0x00000000d5580000, 0x0000000100000000, 0x0000000100000000)
  eden space 517632K, 0% used [0x00000000d5580000,0x00000000d5580000,0x00000000f4f00000)
  from space 56320K, 68% used [0x00000000f4f00000,0x00000000f746ffc8,0x00000000f8600000)
  to   space 58880K, 0% used [0x00000000fc680000,0x00000000fc680000,0x0000000100000000)
 ParOldGen       total 239616K, used 126621K [0x0000000080000000, 0x000000008ea00000, 0x00000000d5580000)
  object space 239616K, 52% used [0x0000000080000000,0x0000000087ba7668,0x000000008ea00000)
 Metaspace       used 79518K, capacity 83834K, committed 85208K, reserved 1122304K
  class space    used 10851K, capacity 11644K, committed 12032K, reserved 1048576K
}
Event: 65.255 GC heap before
{Heap before GC invocations=28 (full 4):
 PSYoungGen      total 573952K, used 555967K [0x00000000d5580000, 0x0000000100000000, 0x0000000100000000)
  eden space 517632K, 100% used [0x00000000d5580000,0x00000000f4f00000,0x00000000f4f00000)
  from space 56320K, 68% used [0x00000000f4f00000,0x00000000f746ffc8,0x00000000f8600000)
  to   space 58880K, 0% used [0x00000000fc680000,0x00000000fc680000,0x0000000100000000)
 ParOldGen       total 239616K, used 126621K [0x0000000080000000, 0x000000008ea00000, 0x00000000d5580000)
  object space 239616K, 52% used [0x0000000080000000,0x0000000087ba7668,0x000000008ea00000)
 Metaspace       used 79528K, capacity 83834K, committed 85208K, reserved 1122304K
  class space    used 10851K, capacity 11644K, committed 12032K, reserved 1048576K
Event: 65.367 GC heap after
Heap after GC invocations=28 (full 4):
 PSYoungGen      total 640000K, used 27455K [0x00000000d5580000, 0x00000000ffd80000, 0x0000000100000000)
  eden space 583680K, 0% used [0x00000000d5580000,0x00000000d5580000,0x00000000f8f80000)
  from space 56320K, 48% used [0x00000000fc680000,0x00000000fe14fd88,0x00000000ffd80000)
  to   space 56320K, 0% used [0x00000000f8f80000,0x00000000f8f80000,0x00000000fc680000)
 ParOldGen       total 239616K, used 141256K [0x0000000080000000, 0x000000008ea00000, 0x00000000d5580000)
  object space 239616K, 58% used [0x0000000080000000,0x00000000889f2318,0x000000008ea00000)
 Metaspace       used 79528K, capacity 83834K, committed 85208K, reserved 1122304K
  class space    used 10851K, capacity 11644K, committed 12032K, reserved 1048576K
}
Event: 68.675 GC heap before
{Heap before GC invocations=29 (full 4):
 PSYoungGen      total 640000K, used 611135K [0x00000000d5580000, 0x00000000ffd80000, 0x0000000100000000)
  eden space 583680K, 100% used [0x00000000d5580000,0x00000000f8f80000,0x00000000f8f80000)
  from space 56320K, 48% used [0x00000000fc680000,0x00000000fe14fd88,0x00000000ffd80000)
  to   space 56320K, 0% used [0x00000000f8f80000,0x00000000f8f80000,0x00000000fc680000)
 ParOldGen       total 239616K, used 141256K [0x0000000080000000, 0x000000008ea00000, 0x00000000d5580000)
  object space 239616K, 58% used [0x0000000080000000,0x00000000889f2318,0x000000008ea00000)
 Metaspace       used 79620K, capacity 83908K, committed 85208K, reserved 1122304K
  class space    used 10851K, capacity 11645K, committed 12032K, reserved 1048576K
Event: 68.774 GC heap after
Heap after GC invocations=29 (full 4):
 PSYoungGen      total 640000K, used 13650K [0x00000000d5580000, 0x00000000ffe00000, 0x0000000100000000)
  eden space 583680K, 0% used [0x00000000d5580000,0x00000000d5580000,0x00000000f8f80000)
  from space 56320K, 24% used [0x00000000f8f80000,0x00000000f9cd4818,0x00000000fc680000)
  to   space 55296K, 0% used [0x00000000fc800000,0x00000000fc800000,0x00000000ffe00000)
 ParOldGen       total 239616K, used 158410K [0x0000000080000000, 0x000000008ea00000, 0x00000000d5580000)
  object space 239616K, 66% used [0x0000000080000000,0x0000000089ab2b90,0x000000008ea00000)
 Metaspace       used 79620K, capacity 83908K, committed 85208K, reserved 1122304K
  class space    used 10851K, capacity 11645K, committed 12032K, reserved 1048576K
}
Event: 73.133 GC heap before
{Heap before GC invocations=30 (full 4):
 PSYoungGen      total 640000K, used 597330K [0x00000000d5580000, 0x00000000ffe00000, 0x0000000100000000)
  eden space 583680K, 100% used [0x00000000d5580000,0x00000000f8f80000,0x00000000f8f80000)
  from space 56320K, 24% used [0x00000000f8f80000,0x00000000f9cd4818,0x00000000fc680000)
  to   space 55296K, 0% used [0x00000000fc800000,0x00000000fc800000,0x00000000ffe00000)
 ParOldGen       total 239616K, used 158410K [0x0000000080000000, 0x000000008ea00000, 0x00000000d5580000)
  object space 239616K, 66% used [0x0000000080000000,0x0000000089ab2b90,0x000000008ea00000)
 Metaspace       used 79689K, capacity 84058K, committed 85208K, reserved 1122304K
  class space    used 10852K, capacity 11646K, committed 12032K, reserved 1048576K
Event: 73.275 GC heap after
Heap after GC invocations=30 (full 4):
 PSYoungGen      total 640512K, used 35255K [0x00000000d5580000, 0x0000000100000000, 0x0000000100000000)
  eden space 585216K, 0% used [0x00000000d5580000,0x00000000d5580000,0x00000000f9100000)
  from space 55296K, 63% used [0x00000000fc800000,0x00000000fea6dda0,0x00000000ffe00000)
  to   space 56320K, 0% used [0x00000000f9100000,0x00000000f9100000,0x00000000fc800000)
 ParOldGen       total 239616K, used 162916K [0x0000000080000000, 0x000000008ea00000, 0x00000000d5580000)
  object space 239616K, 67% used [0x0000000080000000,0x0000000089f193e0,0x000000008ea00000)
 Metaspace       used 79689K, capacity 84058K, committed 85208K, reserved 1122304K
  class space    used 10852K, capacity 11646K, committed 12032K, reserved 1048576K
}

Deoptimization events (10 events):
Event: 72.466 Thread 0x000000002077e000 Uncommon trap: reason=unstable_if action=reinterpret pc=0x0000000004fbae1c method=com.android.tools.r8.ir.conversion.N.a(IIZ)V @ 1
Event: 72.879 Thread 0x000000002077e800 Uncommon trap: reason=unstable_if action=reinterpret pc=0x000000000428d610 method=java.util.concurrent.ConcurrentLinkedQueue.offer(Ljava/lang/Object;)Z @ 40
Event: 73.113 Thread 0x0000000020788800 Uncommon trap: reason=speculate_class_check action=maybe_recompile pc=0x000000000582191c method=com.android.tools.r8.ir.conversion.N.b(ILcom/android/tools/r8/graph/s;)V @ 78
Event: 73.113 Thread 0x0000000020788800 Uncommon trap: reason=speculate_class_check action=maybe_recompile pc=0x000000000582191c method=com.android.tools.r8.ir.conversion.N.b(ILcom/android/tools/r8/graph/s;)V @ 78
Event: 73.114 Thread 0x0000000020788800 Uncommon trap: reason=speculate_class_check action=maybe_recompile pc=0x000000000582191c method=com.android.tools.r8.ir.conversion.N.b(ILcom/android/tools/r8/graph/s;)V @ 78
Event: 73.115 Thread 0x0000000020788800 Uncommon trap: reason=speculate_class_check action=maybe_recompile pc=0x000000000582191c method=com.android.tools.r8.ir.conversion.N.b(ILcom/android/tools/r8/graph/s;)V @ 78
Event: 73.319 Thread 0x0000000020788800 Uncommon trap: reason=bimorphic action=maybe_recompile pc=0x0000000004ac5640 method=com.android.tools.r8.graph.Y.collectIndexedItems(Lcom/android/tools/r8/dex/v;)V @ 4
Event: 73.319 Thread 0x0000000020788800 Uncommon trap: reason=bimorphic action=maybe_recompile pc=0x0000000004ac5640 method=com.android.tools.r8.graph.Y.collectIndexedItems(Lcom/android/tools/r8/dex/v;)V @ 4
Event: 73.319 Thread 0x0000000020788800 Uncommon trap: reason=bimorphic action=maybe_recompile pc=0x0000000004ac5640 method=com.android.tools.r8.graph.Y.collectIndexedItems(Lcom/android/tools/r8/dex/v;)V @ 4
Event: 73.319 Thread 0x0000000020788800 Uncommon trap: reason=bimorphic action=maybe_recompile pc=0x0000000004ac5640 method=com.android.tools.r8.graph.Y.collectIndexedItems(Lcom/android/tools/r8/dex/v;)V @ 4

Classes redefined (0 events):
No events

Internal exceptions (10 events):
Event: 73.562 Thread 0x000000002077b800 Exception <a 'sun/nio/fs/WindowsException'> (0x00000000d85b3a70) thrown at [C:\src\AOSP-openjdk-git\hotspot\src\share\vm\prims\jni.cpp, line 710]
Event: 73.783 Thread 0x000000002077e800 Exception <a 'sun/nio/fs/WindowsException'> (0x00000000da2661c8) thrown at [C:\src\AOSP-openjdk-git\hotspot\src\share\vm\prims\jni.cpp, line 710]
Event: 73.871 Thread 0x000000002077e000 Exception <a 'sun/nio/fs/WindowsException'> (0x00000000da949d10) thrown at [C:\src\AOSP-openjdk-git\hotspot\src\share\vm\prims\jni.cpp, line 710]
Event: 73.979 Thread 0x0000000020783000 Exception <a 'sun/nio/fs/WindowsException'> (0x00000000db7a2788) thrown at [C:\src\AOSP-openjdk-git\hotspot\src\share\vm\prims\jni.cpp, line 710]
Event: 73.982 Thread 0x000000002077d000 Exception <a 'sun/nio/fs/WindowsException'> (0x00000000daee4720) thrown at [C:\src\AOSP-openjdk-git\hotspot\src\share\vm\prims\jni.cpp, line 710]
Event: 74.094 Thread 0x000000002077d000 Exception <a 'sun/nio/fs/WindowsException'> (0x00000000dcd6cde0) thrown at [C:\src\AOSP-openjdk-git\hotspot\src\share\vm\prims\jni.cpp, line 710]
Event: 74.131 Thread 0x0000000020788800 Exception <a 'sun/nio/fs/WindowsException'> (0x00000000dd18a2a0) thrown at [C:\src\AOSP-openjdk-git\hotspot\src\share\vm\prims\jni.cpp, line 710]
Event: 74.199 Thread 0x0000000020788800 Exception <a 'sun/nio/fs/WindowsException'> (0x00000000de3d7c88) thrown at [C:\src\AOSP-openjdk-git\hotspot\src\share\vm\prims\jni.cpp, line 710]
Event: 74.284 Thread 0x0000000020786000 Exception <a 'sun/nio/fs/WindowsException'> (0x00000000de8ed440) thrown at [C:\src\AOSP-openjdk-git\hotspot\src\share\vm\prims\jni.cpp, line 710]
Event: 74.290 Thread 0x000000002077e000 Exception <a 'sun/nio/fs/WindowsException'> (0x00000000df02a598) thrown at [C:\src\AOSP-openjdk-git\hotspot\src\share\vm\prims\jni.cpp, line 710]

Events (10 events):
Event: 74.229 Thread 0x0000000020788800 DEOPT PACKING pc=0x00000000045237ac sp=0x0000000023a7efd0
Event: 74.229 Thread 0x0000000020788800 DEOPT UNPACKING pc=0x00000000030f75d0 sp=0x0000000023a7edf0 mode 0
Event: 74.272 Thread 0x000000002077e000 DEOPT PACKING pc=0x000000000492d21c sp=0x000000002387b290
Event: 74.272 Thread 0x000000002077e000 DEOPT UNPACKING pc=0x00000000030f75d0 sp=0x000000002387b048 mode 0
Event: 74.308 Thread 0x000000002077e000 DEOPT PACKING pc=0x00000000045237ac sp=0x000000002387ecf0
Event: 74.308 Thread 0x000000002077e000 DEOPT UNPACKING pc=0x00000000030f75d0 sp=0x000000002387eb10 mode 0
Event: 74.331 Thread 0x0000000020783000 DEOPT PACKING pc=0x0000000004c7cecd sp=0x0000000023b79bb0
Event: 74.331 Thread 0x0000000020783000 DEOPT UNPACKING pc=0x00000000030f75d0 sp=0x0000000023b79bf8 mode 0
Event: 74.335 Thread 0x0000000020783000 DEOPT PACKING pc=0x0000000004c7cf33 sp=0x0000000023b79ad0
Event: 74.335 Thread 0x0000000020783000 DEOPT UNPACKING pc=0x00000000030f75d0 sp=0x0000000023b79b30 mode 0


Dynamic libraries:
0x00007ff6220b0000 - 0x00007ff6220e1000 	C:\Program Files\Android\Android Studio\jre\bin\java.exe
0x00007ffa1a810000 - 0x00007ffa1aa05000 	C:\WINDOWS\SYSTEM32\ntdll.dll
0x00007ffa19ed0000 - 0x00007ffa19f8d000 	C:\WINDOWS\System32\KERNEL32.DLL
0x00007ffa18440000 - 0x00007ffa18709000 	C:\WINDOWS\System32\KERNELBASE.dll
0x00007ffa19170000 - 0x00007ffa1921c000 	C:\WINDOWS\System32\ADVAPI32.dll
0x00007ffa1a060000 - 0x00007ffa1a0fe000 	C:\WINDOWS\System32\msvcrt.dll
0x00007ffa1a510000 - 0x00007ffa1a5ac000 	C:\WINDOWS\System32\sechost.dll
0x00007ffa1a5b0000 - 0x00007ffa1a6db000 	C:\WINDOWS\System32\RPCRT4.dll
0x00007ffa19a00000 - 0x00007ffa19ba0000 	C:\WINDOWS\System32\USER32.dll
0x00007ffa187c0000 - 0x00007ffa187e2000 	C:\WINDOWS\System32\win32u.dll
0x00007ffa1a290000 - 0x00007ffa1a2ba000 	C:\WINDOWS\System32\GDI32.dll
0x00007ffa181b0000 - 0x00007ffa182bb000 	C:\WINDOWS\System32\gdi32full.dll
0x00007ffa17fb0000 - 0x00007ffa1804d000 	C:\WINDOWS\System32\msvcp_win.dll
0x00007ffa182c0000 - 0x00007ffa183c0000 	C:\WINDOWS\System32\ucrtbase.dll
0x00007ff9f8c60000 - 0x00007ff9f8efa000 	C:\WINDOWS\WinSxS\amd64_microsoft.windows.common-controls_6595b64144ccf1df_6.0.19041.844_none_ca00b6081b84eb1d\COMCTL32.dll
0x00007ffa1a2c0000 - 0x00007ffa1a2f0000 	C:\WINDOWS\System32\IMM32.DLL
0x0000000051f60000 - 0x0000000052032000 	C:\Program Files\Android\Android Studio\jre\jre\bin\msvcr100.dll
0x0000000052120000 - 0x000000005296b000 	C:\Program Files\Android\Android Studio\jre\jre\bin\server\jvm.dll
0x00007ffa18990000 - 0x00007ffa18998000 	C:\WINDOWS\System32\PSAPI.DLL
0x00007ffa099e0000 - 0x00007ffa09a07000 	C:\WINDOWS\SYSTEM32\WINMM.dll
0x00007ff9ff200000 - 0x00007ff9ff209000 	C:\WINDOWS\SYSTEM32\WSOCK32.dll
0x00007ffa107b0000 - 0x00007ffa107ba000 	C:\WINDOWS\SYSTEM32\VERSION.dll
0x00007ffa19f90000 - 0x00007ffa19ffb000 	C:\WINDOWS\System32\WS2_32.dll
0x00007ff9ee9b0000 - 0x00007ff9ee9bf000 	C:\Program Files\Android\Android Studio\jre\jre\bin\verify.dll
0x00007ff9da7c0000 - 0x00007ff9da7e9000 	C:\Program Files\Android\Android Studio\jre\jre\bin\java.dll
0x00007ff9da7a0000 - 0x00007ff9da7b6000 	C:\Program Files\Android\Android Studio\jre\jre\bin\zip.dll
0x00007ffa192b0000 - 0x00007ffa199f2000 	C:\WINDOWS\System32\SHELL32.dll
0x00007ffa159d0000 - 0x00007ffa16160000 	C:\WINDOWS\SYSTEM32\windows.storage.dll
0x00007ffa189a0000 - 0x00007ffa18cf5000 	C:\WINDOWS\System32\combase.dll
0x00007ffa178f0000 - 0x00007ffa1791c000 	C:\WINDOWS\SYSTEM32\Wldp.dll
0x00007ffa19d50000 - 0x00007ffa19dfe000 	C:\WINDOWS\System32\SHCORE.dll
0x00007ffa1a000000 - 0x00007ffa1a055000 	C:\WINDOWS\System32\shlwapi.dll
0x00007ffa17e90000 - 0x00007ffa17eaf000 	C:\WINDOWS\SYSTEM32\profapi.dll
0x00007ff9da780000 - 0x00007ff9da79a000 	C:\Program Files\Android\Android Studio\jre\jre\bin\net.dll
0x00007ffa17670000 - 0x00007ffa176da000 	C:\WINDOWS\system32\mswsock.dll
0x00007ff9da650000 - 0x00007ff9da663000 	C:\Program Files\Android\Android Studio\jre\jre\bin\nio.dll
0x00007ff9d1660000 - 0x00007ff9d1687000 	C:\Users\KimHanbi\.gradle\native\f6784746aeab05261644944871eae4fe03e0ef1612fff0a4a95f87b438bc6780\windows-amd64\native-platform.dll
0x00007ff9e8090000 - 0x00007ff9e809d000 	C:\Program Files\Android\Android Studio\jre\jre\bin\management.dll
0x00007ffa17850000 - 0x00007ffa17868000 	C:\WINDOWS\SYSTEM32\CRYPTSP.dll
0x00007ffa17010000 - 0x00007ffa17044000 	C:\WINDOWS\system32\rsaenh.dll
0x00007ffa187f0000 - 0x00007ffa18817000 	C:\WINDOWS\System32\bcrypt.dll
0x00007ffa17e50000 - 0x00007ffa17e7e000 	C:\WINDOWS\SYSTEM32\USERENV.dll
0x00007ffa183c0000 - 0x00007ffa18440000 	C:\WINDOWS\System32\bcryptprimitives.dll
0x00007ffa17840000 - 0x00007ffa1784c000 	C:\WINDOWS\SYSTEM32\CRYPTBASE.dll
0x00007ffa17360000 - 0x00007ffa1739b000 	C:\WINDOWS\SYSTEM32\IPHLPAPI.DLL
0x00007ffa1a2f0000 - 0x00007ffa1a2f8000 	C:\WINDOWS\System32\NSI.dll
0x00007ffa11990000 - 0x00007ffa119a7000 	C:\WINDOWS\SYSTEM32\dhcpcsvc6.DLL
0x00007ffa11900000 - 0x00007ffa1191d000 	C:\WINDOWS\SYSTEM32\dhcpcsvc.DLL
0x00007ffa173a0000 - 0x00007ffa1746b000 	C:\WINDOWS\SYSTEM32\DNSAPI.dll
0x00007ffa12cf0000 - 0x00007ffa12cfb000 	C:\WINDOWS\SYSTEM32\WINNSI.DLL

VM Arguments:
jvm_args: -Xmx2048m -Dfile.encoding=UTF-8 -Duser.country=KR -Duser.language=ko -Duser.variant 
java_command: org.gradle.launcher.daemon.bootstrap.GradleDaemon 6.5
java_class_path (initial): C:\Users\KimHanbi\.gradle\wrapper\dists\gradle-6.5-bin\6nifqtx7604sqp1q6g8wikw7p\gradle-6.5\lib\gradle-launcher-6.5.jar
Launcher Type: SUN_STANDARD

Environment Variables:
JAVA_HOME=C:\Program Files\Java\jdk1.8.0_251
CLASSPATH=%classpath%;;;
PATH=C:\Program Files\Java\jdk1.8.0_251\bin;C:\Program Files (x86)\Common Files\Oracle\Java\javapath;C:\Program Files (x86)\Intel\iCLS Client\;C:\Program Files\Intel\iCLS Client\;C:\WINDOWS\system32;C:\WINDOWS;C:\WINDOWS\System32\Wbem;C:\WINDOWS\System32\WindowsPowerShell\v1.0\;C:\Program Files (x86)\Intel\Intel(R) Management Engine Components\DAL;C:\Program Files\Intel\Intel(R) Management Engine Components\DAL;C:\Program Files (x86)\Intel\Intel(R) Management Engine Components\IPT;C:\Program Files\Intel\Intel(R) Management Engine Components\IPT;C:\Program Files\Intel\WiFi\bin\;C:\Program Files\Common Files\Intel\WirelessCommon\;C:\WINDOWS\System32\OpenSSH\;C:\MinGW\bin;C:\Program Files\Java\jdk1.8.0_251\bin;C:\Program Files\Git\cmd;C:\Program Files\MySQL\MySQL Server 8.0\bin;C:\ProgramData\chocolatey\bin;C:\Program Files\nodejs\;C:\Program Files\MySQL\MySQL Shell 8.0\bin\;C:\Python\Python36\Scripts\;C:\Python\Python36\;C:\Users\KimHanbi\AppData\Local\Microsoft\WindowsApps;C:\Users\KimHanbi\AppData\Local\Programs\Microsoft VS Code\bin;C:\Users\KimHanbi\AppData\Roaming\npm;C:\Program Files\Android\Android Studio\jre\bin;C:\Users\KimHanbi\AppData\Local\gitkraken\bin
USERNAME=KimHanbi
OS=Windows_NT
PROCESSOR_IDENTIFIER=Intel64 Family 6 Model 142 Stepping 10, GenuineIntel



---------------  S Y S T E M  ---------------

OS: Windows 10.0 , 64 bit Build 19041 (10.0.19041.804)

CPU:total 8 (initial active 8) (4 cores per cpu, 2 threads per core) family 6 model 142 stepping 10, cmov, cx8, fxsr, mmx, sse, sse2, sse3, ssse3, sse4.1, sse4.2, popcnt, avx, avx2, aes, clmul, erms, 3dnowpref, lzcnt, ht, tsc, tscinvbit, bmi1, bmi2, adx

Memory: 4k page, physical 8217940k(588776k free), swap 8217940k(7892k free)

vm_info: OpenJDK 64-Bit Server VM (25.242-b01) for windows-amd64 JRE (1.8.0_242-release-1644-b01), built by "builder" with MS VC++ 10.0 (VS2010)

time: Tue Mar 23 15:55:38 2021
timezone: 대한민국 표준시
elapsed time: 74 seconds (0d 0h 1m 14s)

