#
# There is insufficient memory for the Java Runtime Environment to continue.
# Native memory allocation (malloc) failed to allocate 1156176 bytes for Chunk::new
# Possible reasons:
#   The system is out of physical RAM or swap space
#   The process is running with CompressedOops enabled, and the Java Heap may be blocking the growth of the native heap
# Possible solutions:
#   Reduce memory load on the system
#   Increase physical memory or swap space
#   Check if swap backing store is full
#   Decrease Java heap size (-Xmx/-Xms)
#   Decrease number of Java threads
#   Decrease Java thread stack sizes (-Xss)
#   Set larger code cache with -XX:ReservedCodeCacheSize=
#   JVM is running with Unscaled Compressed Oops mode in which the Java heap is
#     placed in the first 4GB address space. The Java Heap base address is the
#     maximum limit for the native heap growth. Please use -XX:HeapBaseMinAddress
#     to set the Java Heap base and to place the Java Heap above 4GB virtual address.
# This output file may be truncated or incomplete.
#
#  Out of Memory Error (allocation.cpp:389), pid=13592, tid=0x0000000000003424
#
# JRE version: OpenJDK Runtime Environment (8.0_242-b01) (build 1.8.0_242-release-1644-b01)
# Java VM: OpenJDK 64-Bit Server VM (25.242-b01 mixed mode windows-amd64 compressed oops)
# Failed to write core dump. Minidumps are not enabled by default on client versions of Windows
#

---------------  T H R E A D  ---------------

Current thread (0x000000001977a800):  JavaThread "C2 CompilerThread1" daemon [_thread_in_native, id=13348, stack(0x000000001a0e0000,0x000000001a1e0000)]

Stack: [0x000000001a0e0000,0x000000001a1e0000]
[error occurred during error reporting (printing stack bounds), id 0xc0000005]

Native frames: (J=compiled Java code, j=interpreted, Vv=VM code, C=native code)


Current CompileTask:
C2:  57948 8723   !   4       java.nio.file.FileTreeWalker::next (144 bytes)


---------------  P R O C E S S  ---------------

Java Threads: ( => current thread )
  0x000000002ad51000 JavaThread "WorkerExecutor Queue" [_thread_in_vm, id=1868, stack(0x000000002df10000,0x000000002e010000)]
  0x000000002ad54800 JavaThread "Cache worker for execution history cache (C:\Users\KimHanbi\AndroidStudioProjects\UntactShop\.gradle\6.5\executionHistory)" [_thread_blocked, id=5256, stack(0x000000002dc10000,0x000000002dd10000)]
  0x000000001ba44000 JavaThread "Execution worker for ':' Thread 7" [_thread_blocked, id=8708, stack(0x000000002db10000,0x000000002dc10000)]
  0x000000001ba45800 JavaThread "Execution worker for ':' Thread 6" [_thread_blocked, id=5528, stack(0x000000002da10000,0x000000002db10000)]
  0x000000001ba43000 JavaThread "Execution worker for ':' Thread 5" [_thread_in_Java, id=6560, stack(0x000000002d910000,0x000000002da10000)]
  0x000000001ba44800 JavaThread "Execution worker for ':' Thread 4" [_thread_blocked, id=5364, stack(0x000000002d810000,0x000000002d910000)]
  0x000000001ba42800 JavaThread "Execution worker for ':' Thread 3" [_thread_blocked, id=12020, stack(0x000000002d710000,0x000000002d810000)]
  0x000000001ba41800 JavaThread "Execution worker for ':' Thread 2" [_thread_blocked, id=8256, stack(0x000000002d1b0000,0x000000002d2b0000)]
  0x000000001ba46800 JavaThread "Execution worker for ':'" [_thread_blocked, id=2520, stack(0x000000002ce70000,0x000000002cf70000)]
  0x000000001ba3a000 JavaThread "Cache worker for file content cache (C:\Users\KimHanbi\AndroidStudioProjects\UntactShop\.gradle\6.5\fileContent)" [_thread_blocked, id=10188, stack(0x000000002cc50000,0x000000002cd50000)]
  0x000000001ba41000 JavaThread "Memory manager" [_thread_blocked, id=9288, stack(0x000000002cd70000,0x000000002ce70000)]
  0x000000001ba3e800 JavaThread "Cache worker for Build Output Cleanup Cache (C:\Users\KimHanbi\AndroidStudioProjects\UntactShop\.gradle\buildOutputCleanup)" [_thread_blocked, id=1796, stack(0x0000000025b30000,0x0000000025c30000)]
  0x000000001ba3d000 JavaThread "jar transforms Thread 99" [_thread_blocked, id=10736, stack(0x0000000029bb0000,0x0000000029cb0000)]
  0x000000001ba3f800 JavaThread "jar transforms Thread 98" [_thread_blocked, id=4152, stack(0x0000000029ab0000,0x0000000029bb0000)]
  0x000000001ba37000 JavaThread "jar transforms Thread 97" [_thread_blocked, id=4204, stack(0x00000000298b0000,0x00000000299b0000)]
  0x000000001ba3c800 JavaThread "jar transforms Thread 96" [_thread_blocked, id=10716, stack(0x00000000297b0000,0x00000000298b0000)]
  0x000000001ba38000 JavaThread "jar transforms Thread 95" [_thread_blocked, id=12656, stack(0x00000000296b0000,0x00000000297b0000)]
  0x000000001ba3b000 JavaThread "jar transforms Thread 94" [_thread_blocked, id=10124, stack(0x00000000295b0000,0x00000000296b0000)]
  0x000000001ba3b800 JavaThread "jar transforms Thread 93" [_thread_blocked, id=7552, stack(0x00000000294b0000,0x00000000295b0000)]
  0x000000001f44c000 JavaThread "jar transforms Thread 92" [_thread_blocked, id=8860, stack(0x00000000293b0000,0x00000000294b0000)]
  0x000000001f446800 JavaThread "jar transforms Thread 91" [_thread_blocked, id=3028, stack(0x00000000292b0000,0x00000000293b0000)]
  0x000000001f44b000 JavaThread "jar transforms Thread 90" [_thread_blocked, id=12404, stack(0x00000000291b0000,0x00000000292b0000)]
  0x000000001f449800 JavaThread "jar transforms Thread 89" [_thread_blocked, id=10928, stack(0x00000000290b0000,0x00000000291b0000)]
  0x000000001f44a800 JavaThread "jar transforms Thread 88" [_thread_blocked, id=11936, stack(0x0000000028fb0000,0x00000000290b0000)]
  0x000000001f447800 JavaThread "jar transforms Thread 87" [_thread_blocked, id=2812, stack(0x0000000028eb0000,0x0000000028fb0000)]
  0x000000001f449000 JavaThread "jar transforms Thread 86" [_thread_blocked, id=5536, stack(0x0000000028db0000,0x0000000028eb0000)]
  0x000000001f448000 JavaThread "jar transforms Thread 85" [_thread_blocked, id=11064, stack(0x0000000028cb0000,0x0000000028db0000)]
  0x000000001f43f000 JavaThread "jar transforms Thread 84" [_thread_blocked, id=6076, stack(0x0000000028bb0000,0x0000000028cb0000)]
  0x000000001f446000 JavaThread "jar transforms Thread 83" [_thread_blocked, id=13952, stack(0x0000000028ab0000,0x0000000028bb0000)]
  0x000000001f43e800 JavaThread "jar transforms Thread 82" [_thread_blocked, id=10300, stack(0x00000000289b0000,0x0000000028ab0000)]
  0x000000001f445000 JavaThread "jar transforms Thread 81" [_thread_blocked, id=3092, stack(0x00000000288b0000,0x00000000289b0000)]
  0x000000001f444800 JavaThread "jar transforms Thread 80" [_thread_blocked, id=7388, stack(0x00000000287b0000,0x00000000288b0000)]
  0x000000001f440000 JavaThread "jar transforms Thread 79" [_thread_blocked, id=7688, stack(0x00000000286b0000,0x00000000287b0000)]
  0x000000001f43d000 JavaThread "jar transforms Thread 78" [_thread_blocked, id=4504, stack(0x00000000285b0000,0x00000000286b0000)]
  0x000000001f443800 JavaThread "jar transforms Thread 77" [_thread_blocked, id=2140, stack(0x00000000284b0000,0x00000000285b0000)]
  0x000000001f442000 JavaThread "jar transforms Thread 76" [_thread_blocked, id=3816, stack(0x00000000283b0000,0x00000000284b0000)]
  0x000000001f443000 JavaThread "jar transforms Thread 75" [_thread_blocked, id=2196, stack(0x00000000282b0000,0x00000000283b0000)]
  0x000000001f43d800 JavaThread "jar transforms Thread 74" [_thread_blocked, id=13808, stack(0x00000000281b0000,0x00000000282b0000)]
  0x000000001f440800 JavaThread "jar transforms Thread 73" [_thread_blocked, id=14144, stack(0x00000000280b0000,0x00000000281b0000)]
  0x000000001f441800 JavaThread "jar transforms Thread 72" [_thread_blocked, id=5084, stack(0x0000000027fb0000,0x00000000280b0000)]
  0x000000001dd75800 JavaThread "jar transforms Thread 71" [_thread_blocked, id=7032, stack(0x0000000027eb0000,0x0000000027fb0000)]
  0x000000001dd71800 JavaThread "jar transforms Thread 70" [_thread_blocked, id=6960, stack(0x0000000027db0000,0x0000000027eb0000)]
  0x000000001dd71000 JavaThread "jar transforms Thread 69" [_thread_blocked, id=11148, stack(0x0000000027cb0000,0x0000000027db0000)]
  0x000000001dd70000 JavaThread "jar transforms Thread 68" [_thread_blocked, id=2080, stack(0x0000000027bb0000,0x0000000027cb0000)]
  0x000000001dd74800 JavaThread "jar transforms Thread 67" [_thread_blocked, id=12736, stack(0x0000000027ab0000,0x0000000027bb0000)]
  0x000000001dd76000 JavaThread "jar transforms Thread 66" [_thread_blocked, id=9888, stack(0x00000000279b0000,0x0000000027ab0000)]
  0x000000001dd74000 JavaThread "jar transforms Thread 65" [_thread_blocked, id=3212, stack(0x00000000278b0000,0x00000000279b0000)]
  0x000000001dd72800 JavaThread "jar transforms Thread 64" [_thread_blocked, id=1596, stack(0x00000000277b0000,0x00000000278b0000)]
  0x000000001dd73000 JavaThread "jar transforms Thread 63" [_thread_blocked, id=6360, stack(0x00000000276b0000,0x00000000277b0000)]
  0x000000001dd6a000 JavaThread "jar transforms Thread 62" [_thread_blocked, id=1564, stack(0x00000000275b0000,0x00000000276b0000)]
  0x000000001dd68800 JavaThread "jar transforms Thread 61" [_thread_blocked, id=5688, stack(0x00000000274b0000,0x00000000275b0000)]
  0x000000001dd6f800 JavaThread "jar transforms Thread 60" [_thread_blocked, id=1436, stack(0x00000000273b0000,0x00000000274b0000)]
  0x000000001dd6e800 JavaThread "jar transforms Thread 59" [_thread_blocked, id=10684, stack(0x00000000272b0000,0x00000000273b0000)]
  0x000000001dd6d800 JavaThread "jar transforms Thread 58" [_thread_blocked, id=10444, stack(0x00000000271b0000,0x00000000272b0000)]
  0x000000001dd6d000 JavaThread "jar transforms Thread 57" [_thread_blocked, id=11900, stack(0x00000000270b0000,0x00000000271b0000)]
  0x000000001dd67000 JavaThread "jar transforms Thread 56" [_thread_blocked, id=1536, stack(0x0000000026fb0000,0x00000000270b0000)]
  0x000000001dd6c000 JavaThread "jar transforms Thread 55" [_thread_blocked, id=12724, stack(0x0000000026eb0000,0x0000000026fb0000)]
  0x000000001dd6a800 JavaThread "jar transforms Thread 54" [_thread_blocked, id=13828, stack(0x0000000026db0000,0x0000000026eb0000)]
  0x000000001dd69000 JavaThread "jar transforms Thread 53" [_thread_blocked, id=11788, stack(0x0000000026cb0000,0x0000000026db0000)]
  0x000000001dd6b800 JavaThread "jar transforms Thread 52" [_thread_blocked, id=8456, stack(0x0000000026bb0000,0x0000000026cb0000)]
  0x000000001dd67800 JavaThread "jar transforms Thread 51" [_thread_blocked, id=4904, stack(0x0000000026ab0000,0x0000000026bb0000)]
  0x000000001f04b800 JavaThread "jar transforms Thread 50" [_thread_blocked, id=10256, stack(0x00000000269b0000,0x0000000026ab0000)]
  0x000000001f04a800 JavaThread "jar transforms Thread 49" [_thread_blocked, id=4944, stack(0x00000000268b0000,0x00000000269b0000)]
  0x000000001f04a000 JavaThread "jar transforms Thread 48" [_thread_blocked, id=1012, stack(0x00000000267b0000,0x00000000268b0000)]
  0x000000001f050800 JavaThread "jar transforms Thread 47" [_thread_blocked, id=8532, stack(0x00000000266b0000,0x00000000267b0000)]
  0x000000001f04c000 JavaThread "jar transforms Thread 46" [_thread_blocked, id=12036, stack(0x00000000265b0000,0x00000000266b0000)]
  0x000000001f04f000 JavaThread "jar transforms Thread 45" [_thread_blocked, id=3124, stack(0x00000000264b0000,0x00000000265b0000)]
  0x000000001f050000 JavaThread "jar transforms Thread 44" [_thread_blocked, id=1048, stack(0x00000000263b0000,0x00000000264b0000)]
  0x000000001f04e800 JavaThread "jar transforms Thread 43" [_thread_blocked, id=6388, stack(0x00000000262b0000,0x00000000263b0000)]
  0x000000001f04d800 JavaThread "jar transforms Thread 42" [_thread_blocked, id=12504, stack(0x00000000261b0000,0x00000000262b0000)]
  0x000000001f04d000 JavaThread "jar transforms Thread 41" [_thread_blocked, id=5000, stack(0x00000000260b0000,0x00000000261b0000)]
  0x000000001f042800 JavaThread "jar transforms Thread 40" [_thread_blocked, id=14224, stack(0x0000000025fb0000,0x00000000260b0000)]
  0x000000001f049000 JavaThread "jar transforms Thread 39" [_thread_blocked, id=13716, stack(0x0000000025eb0000,0x0000000025fb0000)]
  0x000000001f041800 JavaThread "jar transforms Thread 38" [_thread_blocked, id=12780, stack(0x0000000025db0000,0x0000000025eb0000)]
  0x000000001f048800 JavaThread "jar transforms Thread 37" [_thread_blocked, id=9124, stack(0x0000000025cb0000,0x0000000025db0000)]
  0x000000001f043000 JavaThread "jar transforms Thread 36" [_thread_blocked, id=4200, stack(0x00000000238b0000,0x00000000239b0000)]
  0x000000001f047800 JavaThread "jar transforms Thread 35" [_thread_blocked, id=8624, stack(0x0000000025a30000,0x0000000025b30000)]
  0x000000001f046000 JavaThread "jar transforms Thread 34" [_thread_blocked, id=9252, stack(0x0000000025930000,0x0000000025a30000)]
  0x000000001f044800 JavaThread "jar transforms Thread 33" [_thread_blocked, id=3684, stack(0x0000000025830000,0x0000000025930000)]
  0x000000001f045800 JavaThread "jar transforms Thread 32" [_thread_blocked, id=8856, stack(0x0000000025730000,0x0000000025830000)]
  0x000000001f044000 JavaThread "jar transforms Thread 31" [_thread_blocked, id=14080, stack(0x0000000025630000,0x0000000025730000)]
  0x000000001f047000 JavaThread "jar transforms Thread 30" [_thread_blocked, id=7784, stack(0x0000000025530000,0x0000000025630000)]
  0x0000000021019800 JavaThread "jar transforms Thread 29" [_thread_blocked, id=1300, stack(0x0000000025430000,0x0000000025530000)]
  0x0000000021018800 JavaThread "jar transforms Thread 28" [_thread_blocked, id=2548, stack(0x0000000025330000,0x0000000025430000)]
  0x0000000021018000 JavaThread "jar transforms Thread 27" [_thread_blocked, id=7024, stack(0x0000000025230000,0x0000000025330000)]
  0x000000002101b800 JavaThread "jar transforms Thread 26" [_thread_blocked, id=6100, stack(0x0000000025130000,0x0000000025230000)]
  0x000000002101a000 JavaThread "jar transforms Thread 25" [_thread_blocked, id=9088, stack(0x0000000025030000,0x0000000025130000)]
  0x000000002101e000 JavaThread "jar transforms Thread 24" [_thread_blocked, id=2872, stack(0x0000000024f30000,0x0000000025030000)]
  0x000000002101b000 JavaThread "jar transforms Thread 23" [_thread_blocked, id=9620, stack(0x0000000024e30000,0x0000000024f30000)]
  0x000000002101c800 JavaThread "jar transforms Thread 22" [_thread_blocked, id=12448, stack(0x0000000024d30000,0x0000000024e30000)]
  0x000000002101d800 JavaThread "jar transforms Thread 21" [_thread_blocked, id=8804, stack(0x0000000024c30000,0x0000000024d30000)]
  0x0000000021010800 JavaThread "jar transforms Thread 20" [_thread_blocked, id=3748, stack(0x0000000024b30000,0x0000000024c30000)]
  0x0000000021014000 JavaThread "jar transforms Thread 19" [_thread_blocked, id=9152, stack(0x0000000024a30000,0x0000000024b30000)]
  0x0000000021017000 JavaThread "jar transforms Thread 18" [_thread_blocked, id=564, stack(0x0000000024930000,0x0000000024a30000)]
  0x000000002100f800 JavaThread "jar transforms Thread 17" [_thread_blocked, id=11060, stack(0x0000000024830000,0x0000000024930000)]
  0x0000000021016800 JavaThread "jar transforms Thread 16" [_thread_blocked, id=4780, stack(0x0000000024730000,0x0000000024830000)]
  0x0000000021015800 JavaThread "jar transforms Thread 15" [_thread_blocked, id=8296, stack(0x0000000024630000,0x0000000024730000)]
  0x000000002100f000 JavaThread "jar transforms Thread 14" [_thread_blocked, id=10136, stack(0x0000000024530000,0x0000000024630000)]
  0x0000000021015000 JavaThread "jar transforms Thread 13" [_thread_blocked, id=7156, stack(0x0000000024430000,0x0000000024530000)]
  0x0000000021013800 JavaThread "jar transforms Thread 12" [_thread_blocked, id=8128, stack(0x0000000024330000,0x0000000024430000)]
  0x0000000021011000 JavaThread "jar transforms Thread 11" [_thread_blocked, id=14196, stack(0x0000000024230000,0x0000000024330000)]
  0x0000000021012000 JavaThread "jar transforms Thread 10" [_thread_blocked, id=444, stack(0x0000000024130000,0x0000000024230000)]
  0x0000000021012800 JavaThread "jar transforms Thread 9" [_thread_blocked, id=8784, stack(0x0000000024030000,0x0000000024130000)]
  0x000000001dc36000 JavaThread "jar transforms Thread 8" [_thread_blocked, id=4496, stack(0x0000000023f30000,0x0000000024030000)]
  0x000000001dc35800 JavaThread "jar transforms Thread 7" [_thread_blocked, id=10996, stack(0x0000000023e30000,0x0000000023f30000)]
  0x000000001dc34800 JavaThread "jar transforms Thread 6" [_thread_blocked, id=9492, stack(0x0000000023d30000,0x0000000023e30000)]
  0x000000001dc34000 JavaThread "jar transforms Thread 5" [_thread_blocked, id=9180, stack(0x0000000023c30000,0x0000000023d30000)]
  0x000000001dc33000 JavaThread "jar transforms Thread 4" [_thread_blocked, id=7084, stack(0x0000000023b30000,0x0000000023c30000)]
  0x000000001dc32800 JavaThread "jar transforms Thread 3" [_thread_blocked, id=9736, stack(0x0000000023a30000,0x0000000023b30000)]
  0x000000001dc2b000 JavaThread "jar transforms Thread 2" [_thread_blocked, id=9372, stack(0x0000000022f80000,0x0000000023080000)]
  0x000000001dc31000 JavaThread "Build operations Thread 8" [_thread_blocked, id=5488, stack(0x00000000237b0000,0x00000000238b0000)]
  0x000000001dc30000 JavaThread "Build operations Thread 7" [_thread_blocked, id=2220, stack(0x00000000236b0000,0x00000000237b0000)]
  0x000000001dc2f800 JavaThread "Build operations Thread 6" [_thread_blocked, id=9036, stack(0x00000000235b0000,0x00000000236b0000)]
  0x000000001dc2e800 JavaThread "Build operations Thread 5" [_thread_blocked, id=7236, stack(0x00000000234b0000,0x00000000235b0000)]
  0x000000001dc31800 JavaThread "Build operations Thread 4" [_thread_blocked, id=8480, stack(0x00000000233b0000,0x00000000234b0000)]
  0x000000001dc28000 JavaThread "Build operations Thread 3" [_thread_blocked, id=10728, stack(0x00000000232b0000,0x00000000233b0000)]
  0x000000001dc2e000 JavaThread "Build operations Thread 2" [_thread_blocked, id=6964, stack(0x00000000231b0000,0x00000000232b0000)]
  0x000000001dc2d000 JavaThread "Build operations" [_thread_blocked, id=7112, stack(0x00000000230b0000,0x00000000231b0000)]
  0x000000001dc29800 JavaThread "Cache worker for file content cache (C:\Users\KimHanbi\.gradle\caches\6.5\fileContent)" [_thread_blocked, id=13720, stack(0x0000000022670000,0x0000000022770000)]
  0x00000000197fd000 JavaThread "jar transforms" [_thread_blocked, id=9444, stack(0x0000000022570000,0x0000000022670000)]
  0x00000000197fc800 JavaThread "Cache worker for execution history cache (C:\Users\KimHanbi\.gradle\caches\6.5\executionHistory)" [_thread_blocked, id=3868, stack(0x0000000021e70000,0x0000000021f70000)]
  0x00000000197fb800 JavaThread "Cache worker for cache directory md-rule (C:\Users\KimHanbi\.gradle\caches\6.5\md-rule)" [_thread_blocked, id=10568, stack(0x0000000021d70000,0x0000000021e70000)]
  0x00000000197fa000 JavaThread "Cache worker for cache directory md-supplier (C:\Users\KimHanbi\.gradle\caches\6.5\md-supplier)" [_thread_blocked, id=3948, stack(0x0000000021c70000,0x0000000021d70000)]
  0x00000000197f9800 JavaThread "Cache worker for checksums cache (C:\Users\KimHanbi\AndroidStudioProjects\UntactShop\.gradle\checksums)" [_thread_blocked, id=13268, stack(0x0000000020920000,0x0000000020a20000)]
  0x00000000197fe800 JavaThread "Cache worker for file hash cache (C:\Users\KimHanbi\AndroidStudioProjects\UntactShop\.gradle\6.5\fileHashes)" [_thread_blocked, id=8660, stack(0x0000000020620000,0x0000000020720000)]
  0x00000000197ff800 JavaThread "Cache worker for file hash cache (C:\Users\KimHanbi\.gradle\caches\6.5\fileHashes)" [_thread_blocked, id=2208, stack(0x000000001e380000,0x000000001e480000)]
  0x0000000019800000 JavaThread "File lock request listener" [_thread_in_native, id=11904, stack(0x000000001e280000,0x000000001e380000)]
  0x000000001a5ed800 JavaThread "Cache worker for journal cache (C:\Users\KimHanbi\.gradle\caches\journal-1)" [_thread_blocked, id=8096, stack(0x000000001e180000,0x000000001e280000)]
  0x000000001b044800 JavaThread "Thread-9" [_thread_blocked, id=13576, stack(0x000000001ceb0000,0x000000001cfb0000)]
  0x000000001b7e0000 JavaThread "Stdin handler" [_thread_blocked, id=8112, stack(0x000000001cdb0000,0x000000001ceb0000)]
  0x000000001b756000 JavaThread "Asynchronous log dispatcher for DefaultDaemonConnection: socket connection from /127.0.0.1:3999 to /127.0.0.1:4000" [_thread_blocked, id=2512, stack(0x000000001ccb0000,0x000000001cdb0000)]
  0x000000001b754800 JavaThread "Daemon worker" [_thread_blocked, id=5344, stack(0x000000001cbb0000,0x000000001ccb0000)]
  0x000000001b753800 JavaThread "Cancel handler" [_thread_blocked, id=11796, stack(0x000000001c9b0000,0x000000001cab0000)]
  0x000000001aeaf000 JavaThread "Handler for socket connection from /127.0.0.1:3999 to /127.0.0.1:4000" [_thread_in_native, id=11928, stack(0x000000001c8b0000,0x000000001c9b0000)]
  0x000000001b5cb800 JavaThread "Daemon" [_thread_blocked, id=10788, stack(0x000000001c7b0000,0x000000001c8b0000)]
  0x000000001b5ca800 JavaThread "Daemon periodic checks" [_thread_blocked, id=12868, stack(0x000000001c4b0000,0x000000001c5b0000)]
  0x0000000019847000 JavaThread "Incoming local TCP Connector on port 3999" [_thread_in_native, id=1344, stack(0x000000001c2d0000,0x000000001c3d0000)]
  0x000000001b81b000 JavaThread "Daemon health stats" [_thread_blocked, id=13136, stack(0x000000001bfb0000,0x000000001c0b0000)]
  0x0000000019873800 JavaThread "Service Thread" daemon [_thread_blocked, id=13840, stack(0x000000001a3e0000,0x000000001a4e0000)]
  0x00000000197fb000 JavaThread "C1 CompilerThread3" daemon [_thread_blocked, id=10792, stack(0x000000001a2e0000,0x000000001a3e0000)]
  0x00000000197dd800 JavaThread "C2 CompilerThread2" daemon [_thread_in_native, id=4028, stack(0x000000001a1e0000,0x000000001a2e0000)]
=>0x000000001977a800 JavaThread "C2 CompilerThread1" daemon [_thread_in_native, id=13348, stack(0x000000001a0e0000,0x000000001a1e0000)]
  0x0000000019778800 JavaThread "C2 CompilerThread0" daemon [_thread_in_native, id=13604, stack(0x0000000019fe0000,0x000000001a0e0000)]
  0x00000000197d3000 JavaThread "Attach Listener" daemon [_thread_blocked, id=9808, stack(0x0000000019ee0000,0x0000000019fe0000)]
  0x00000000197d2000 JavaThread "Signal Dispatcher" daemon [_thread_blocked, id=14172, stack(0x0000000019de0000,0x0000000019ee0000)]
  0x0000000019760800 JavaThread "Finalizer" daemon [_thread_blocked, id=2316, stack(0x0000000019c40000,0x0000000019d40000)]
  0x0000000002909000 JavaThread "Reference Handler" daemon [_thread_blocked, id=9052, stack(0x0000000019b40000,0x0000000019c40000)]
  0x0000000002812800 JavaThread "main" [_thread_blocked, id=13960, stack(0x0000000002390000,0x0000000002490000)]

Other Threads:
  0x0000000017976000 VMThread [stack: 0x0000000019640000,0x0000000019740000] [id=5576]
  0x0000000019874800 WatcherThread [stack: 0x000000001a4e0000,0x000000001a5e0000] [id=5432]

VM state:not at safepoint (normal execution)

VM Mutex/Monitor currently owned by a thread: None

heap address: 0x0000000080000000, size: 2048 MB, Compressed Oops mode: 32-bit
Narrow klass base: 0x0000000000000000, Narrow klass shift: 3
Compressed class space size: 1073741824 Address: 0x0000000100000000

Heap:
 PSYoungGen      total 231936K, used 178323K [0x00000000d5580000, 0x00000000e7780000, 0x0000000100000000)
  eden space 214016K, 74% used [0x00000000d5580000,0x00000000df2284e0,0x00000000e2680000)
  from space 17920K, 99% used [0x00000000e2680000,0x00000000e37fc9c8,0x00000000e3800000)
  to   space 20480K, 0% used [0x00000000e6380000,0x00000000e6380000,0x00000000e7780000)
 ParOldGen       total 120832K, used 37816K [0x0000000080000000, 0x0000000087600000, 0x00000000d5580000)
  object space 120832K, 31% used [0x0000000080000000,0x00000000824ee2b0,0x0000000087600000)
 Metaspace       used 65927K, capacity 69200K, committed 69336K, reserved 1110016K
  class space    used 9045K, capacity 9656K, committed 9728K, reserved 1048576K

Card table byte_map: [0x0000000011cd0000,0x00000000120e0000] byte_map_base: 0x00000000118d0000

Marking Bits: (ParMarkBitMap*) 0x0000000073aff030
 Begin Bits: [0x0000000012b90000, 0x0000000014b90000)
 End Bits:   [0x0000000014b90000, 0x0000000016b90000)

Polling page: 0x0000000002350000

CodeCache: size=245760Kb used=25403Kb max_used=25415Kb free=220356Kb
 bounds [0x0000000002910000, 0x0000000004200000, 0x0000000011910000]
 total_blobs=8638 nmethods=7845 adapters=704
 compilation: enabled

Compilation events (10 events):
Event: 57.911 Thread 0x00000000197fb000 8904       1       org.gradle.api.internal.tasks.properties.PropertyVisitor$Adapter::visitInputProperty (1 bytes)
Event: 57.911 Thread 0x00000000197fb000 nmethod 8904 0x00000000041ebf50 code [0x00000000041ec0a0, 0x00000000041ec1b0]
Event: 57.928 Thread 0x0000000019778800 nmethod 8905 0x00000000041ef210 code [0x00000000041ef360, 0x00000000041ef768]
Event: 57.929 Thread 0x0000000019778800 8906       4       com.google.common.collect.ImmutableMap::keySet (23 bytes)
Event: 57.932 Thread 0x0000000019778800 nmethod 8906 0x00000000041ec210 code [0x00000000041ec360, 0x00000000041ec428]
Event: 57.932 Thread 0x0000000019778800 8907       4       com.google.common.base.Equivalence$Equals::doEquivalent (6 bytes)
Event: 57.935 Thread 0x0000000019778800 nmethod 8907 0x00000000040fd790 code [0x00000000040fd8c0, 0x00000000040fd938]
Event: 57.936 Thread 0x0000000019778800 8908       4       org.gradle.api.internal.artifacts.transform.DefaultTransformerInvocationFactory$ImmutableTransformationWorkspaceIdentity::equals (89 bytes)
Event: 57.936 Thread 0x00000000197fb000 8909       3       org.gradle.internal.logging.slf4j.OutputEventListenerBackedLoggerContext::getLogger (69 bytes)
Event: 57.937 Thread 0x00000000197fb000 nmethod 8909 0x00000000041ee450 code [0x00000000041ee620, 0x00000000041eef68]

GC Heap History (10 events):
Event: 29.262 GC heap before
{Heap before GC invocations=12 (full 2):
 PSYoungGen      total 136704K, used 125440K [0x00000000d5580000, 0x00000000e1b80000, 0x0000000100000000)
  eden space 125440K, 100% used [0x00000000d5580000,0x00000000dd000000,0x00000000dd000000)
  from space 11264K, 0% used [0x00000000dd000000,0x00000000dd000000,0x00000000ddb00000)
  to   space 12800K, 0% used [0x00000000e0f00000,0x00000000e0f00000,0x00000000e1b80000)
 ParOldGen       total 75264K, used 17689K [0x0000000080000000, 0x0000000084980000, 0x00000000d5580000)
  object space 75264K, 23% used [0x0000000080000000,0x00000000811467a8,0x0000000084980000)
 Metaspace       used 38610K, capacity 40334K, committed 40536K, reserved 1083392K
  class space    used 5317K, capacity 5653K, committed 5760K, reserved 1048576K
Event: 29.284 GC heap after
Heap after GC invocations=12 (full 2):
 PSYoungGen      total 175104K, used 9308K [0x00000000d5580000, 0x00000000e1880000, 0x0000000100000000)
  eden space 165376K, 0% used [0x00000000d5580000,0x00000000d5580000,0x00000000df700000)
  from space 9728K, 95% used [0x00000000e0f00000,0x00000000e18173e0,0x00000000e1880000)
  to   space 12800K, 0% used [0x00000000dff80000,0x00000000dff80000,0x00000000e0c00000)
 ParOldGen       total 75264K, used 17697K [0x0000000080000000, 0x0000000084980000, 0x00000000d5580000)
  object space 75264K, 23% used [0x0000000080000000,0x00000000811487a8,0x0000000084980000)
 Metaspace       used 38610K, capacity 40334K, committed 40536K, reserved 1083392K
  class space    used 5317K, capacity 5653K, committed 5760K, reserved 1048576K
}
Event: 36.234 GC heap before
{Heap before GC invocations=13 (full 2):
 PSYoungGen      total 175104K, used 174684K [0x00000000d5580000, 0x00000000e1880000, 0x0000000100000000)
  eden space 165376K, 100% used [0x00000000d5580000,0x00000000df700000,0x00000000df700000)
  from space 9728K, 95% used [0x00000000e0f00000,0x00000000e18173e0,0x00000000e1880000)
  to   space 12800K, 0% used [0x00000000dff80000,0x00000000dff80000,0x00000000e0c00000)
 ParOldGen       total 75264K, used 17697K [0x0000000080000000, 0x0000000084980000, 0x00000000d5580000)
  object space 75264K, 23% used [0x0000000080000000,0x00000000811487a8,0x0000000084980000)
 Metaspace       used 51241K, capacity 53406K, committed 53720K, reserved 1095680K
  class space    used 6864K, capacity 7314K, committed 7424K, reserved 1048576K
Event: 36.299 GC heap after
Heap after GC invocations=13 (full 2):
 PSYoungGen      total 186880K, used 12771K [0x00000000d5580000, 0x00000000e4a00000, 0x0000000100000000)
  eden space 174080K, 0% used [0x00000000d5580000,0x00000000d5580000,0x00000000dff80000)
  from space 12800K, 99% used [0x00000000dff80000,0x00000000e0bf8c60,0x00000000e0c00000)
  to   space 18432K, 0% used [0x00000000e3800000,0x00000000e3800000,0x00000000e4a00000)
 ParOldGen       total 75264K, used 28705K [0x0000000080000000, 0x0000000084980000, 0x00000000d5580000)
  object space 75264K, 38% used [0x0000000080000000,0x0000000081c087b8,0x0000000084980000)
 Metaspace       used 51241K, capacity 53406K, committed 53720K, reserved 1095680K
  class space    used 6864K, capacity 7314K, committed 7424K, reserved 1048576K
}
Event: 39.553 GC heap before
{Heap before GC invocations=14 (full 2):
 PSYoungGen      total 186880K, used 87486K [0x00000000d5580000, 0x00000000e4a00000, 0x0000000100000000)
  eden space 174080K, 42% used [0x00000000d5580000,0x00000000d9e76d18,0x00000000dff80000)
  from space 12800K, 99% used [0x00000000dff80000,0x00000000e0bf8c60,0x00000000e0c00000)
  to   space 18432K, 0% used [0x00000000e3800000,0x00000000e3800000,0x00000000e4a00000)
 ParOldGen       total 75264K, used 28705K [0x0000000080000000, 0x0000000084980000, 0x00000000d5580000)
  object space 75264K, 38% used [0x0000000080000000,0x0000000081c087b8,0x0000000084980000)
 Metaspace       used 56401K, capacity 58814K, committed 58968K, reserved 1099776K
  class space    used 7683K, capacity 8195K, committed 8320K, reserved 1048576K
Event: 39.621 GC heap after
Heap after GC invocations=14 (full 2):
 PSYoungGen      total 232448K, used 9207K [0x00000000d5580000, 0x00000000e5280000, 0x0000000100000000)
  eden space 214016K, 0% used [0x00000000d5580000,0x00000000d5580000,0x00000000e2680000)
  from space 18432K, 49% used [0x00000000e3800000,0x00000000e40fdd80,0x00000000e4a00000)
  to   space 17920K, 0% used [0x00000000e2680000,0x00000000e2680000,0x00000000e3800000)
 ParOldGen       total 75264K, used 39272K [0x0000000080000000, 0x0000000084980000, 0x00000000d5580000)
  object space 75264K, 52% used [0x0000000080000000,0x000000008265a188,0x0000000084980000)
 Metaspace       used 56401K, capacity 58814K, committed 58968K, reserved 1099776K
  class space    used 7683K, capacity 8195K, committed 8320K, reserved 1048576K
}
Event: 39.621 GC heap before
{Heap before GC invocations=15 (full 3):
 PSYoungGen      total 232448K, used 9207K [0x00000000d5580000, 0x00000000e5280000, 0x0000000100000000)
  eden space 214016K, 0% used [0x00000000d5580000,0x00000000d5580000,0x00000000e2680000)
  from space 18432K, 49% used [0x00000000e3800000,0x00000000e40fdd80,0x00000000e4a00000)
  to   space 17920K, 0% used [0x00000000e2680000,0x00000000e2680000,0x00000000e3800000)
 ParOldGen       total 75264K, used 39272K [0x0000000080000000, 0x0000000084980000, 0x00000000d5580000)
  object space 75264K, 52% used [0x0000000080000000,0x000000008265a188,0x0000000084980000)
 Metaspace       used 56401K, capacity 58814K, committed 58968K, reserved 1099776K
  class space    used 7683K, capacity 8195K, committed 8320K, reserved 1048576K
Event: 40.591 GC heap after
Heap after GC invocations=15 (full 3):
 PSYoungGen      total 232448K, used 0K [0x00000000d5580000, 0x00000000e5280000, 0x0000000100000000)
  eden space 214016K, 0% used [0x00000000d5580000,0x00000000d5580000,0x00000000e2680000)
  from space 18432K, 0% used [0x00000000e3800000,0x00000000e3800000,0x00000000e4a00000)
  to   space 17920K, 0% used [0x00000000e2680000,0x00000000e2680000,0x00000000e3800000)
 ParOldGen       total 120832K, used 37025K [0x0000000080000000, 0x0000000087600000, 0x00000000d5580000)
  object space 120832K, 30% used [0x0000000080000000,0x00000000824287b8,0x0000000087600000)
 Metaspace       used 56369K, capacity 58706K, committed 58968K, reserved 1099776K
  class space    used 7673K, capacity 8177K, committed 8320K, reserved 1048576K
}
Event: 53.710 GC heap before
{Heap before GC invocations=16 (full 3):
 PSYoungGen      total 232448K, used 214016K [0x00000000d5580000, 0x00000000e5280000, 0x0000000100000000)
  eden space 214016K, 100% used [0x00000000d5580000,0x00000000e2680000,0x00000000e2680000)
  from space 18432K, 0% used [0x00000000e3800000,0x00000000e3800000,0x00000000e4a00000)
  to   space 17920K, 0% used [0x00000000e2680000,0x00000000e2680000,0x00000000e3800000)
 ParOldGen       total 120832K, used 37025K [0x0000000080000000, 0x0000000087600000, 0x00000000d5580000)
  object space 120832K, 30% used [0x0000000080000000,0x00000000824287b8,0x0000000087600000)
 Metaspace       used 64646K, capacity 67742K, committed 67928K, reserved 1107968K
  class space    used 8892K, capacity 9505K, committed 9600K, reserved 1048576K
Event: 53.777 GC heap after
Heap after GC invocations=16 (full 3):
 PSYoungGen      total 231936K, used 17906K [0x00000000d5580000, 0x00000000e7780000, 0x0000000100000000)
  eden space 214016K, 0% used [0x00000000d5580000,0x00000000d5580000,0x00000000e2680000)
  from space 17920K, 99% used [0x00000000e2680000,0x00000000e37fc9c8,0x00000000e3800000)
  to   space 20480K, 0% used [0x00000000e6380000,0x00000000e6380000,0x00000000e7780000)
 ParOldGen       total 120832K, used 37816K [0x0000000080000000, 0x0000000087600000, 0x00000000d5580000)
  object space 120832K, 31% used [0x0000000080000000,0x00000000824ee2b0,0x0000000087600000)
 Metaspace       used 64646K, capacity 67742K, committed 67928K, reserved 1107968K
  class space    used 8892K, capacity 9505K, committed 9600K, reserved 1048576K
}

Deoptimization events (10 events):
Event: 57.792 Thread 0x000000001ba42800 Uncommon trap: reason=unstable_if action=reinterpret pc=0x000000000323ec04 method=java.lang.AbstractStringBuilder.append(I)Ljava/lang/AbstractStringBuilder; @ 16
Event: 57.838 Thread 0x000000001ba42800 Uncommon trap: reason=predicate action=maybe_recompile pc=0x00000000041e79d0 method=java.util.TimSort.binarySort([Ljava/lang/Object;IIILjava/util/Comparator;)V @ 37
Event: 57.868 Thread 0x000000002ad51000 Uncommon trap: reason=class_check action=maybe_recompile pc=0x00000000041977b0 method=java.util.concurrent.FutureTask.run()V @ 42
Event: 57.870 Thread 0x000000002ad51000 Uncommon trap: reason=class_check action=maybe_recompile pc=0x00000000041977b0 method=java.util.concurrent.FutureTask.run()V @ 42
Event: 57.889 Thread 0x000000001ba43000 Uncommon trap: reason=class_check action=maybe_recompile pc=0x0000000002c5a0c4 method=org.gradle.internal.vfs.impl.DefaultVirtualFileSystem.readLocation(Ljava/lang/String;)Lorg/gradle/internal/snapshot/CompleteFileSystemLocationSnapshot; @ 8
Event: 57.889 Thread 0x000000001ba43000 Uncommon trap: reason=class_check action=maybe_recompile pc=0x00000000040a46c8 method=org.gradle.internal.snapshot.SnapshotHierarchy.getSnapshot(Ljava/lang/String;)Ljava/util/Optional; @ 2
Event: 57.889 Thread 0x000000001ba43000 Uncommon trap: reason=class_check action=maybe_recompile pc=0x00000000040a46c8 method=org.gradle.internal.snapshot.SnapshotHierarchy.getSnapshot(Ljava/lang/String;)Ljava/util/Optional; @ 2
Event: 57.890 Thread 0x000000001ba43000 Uncommon trap: reason=null_check action=make_not_entrant pc=0x000000000415ee0c method=sun.nio.fs.NativeBuffers.releaseNativeBuffer(Lsun/nio/fs/NativeBuffer;)V @ 6
Event: 57.893 Thread 0x000000001ba43000 Uncommon trap: reason=class_check action=maybe_recompile pc=0x0000000002c5a0e4 method=org.gradle.internal.vfs.impl.DefaultSnapshotHierarchy.getMetadata(Ljava/lang/String;)Ljava/util/Optional; @ 9
Event: 57.893 Thread 0x000000001ba43000 Uncommon trap: reason=class_check action=maybe_recompile pc=0x00000000040a46d8 method=org.gradle.internal.vfs.impl.DefaultSnapshotHierarchy.getMetadata(Ljava/lang/String;)Ljava/util/Optional; @ 9

Classes redefined (0 events):
No events

Internal exceptions (10 events):
Event: 55.299 Thread 0x000000001ba42800 Exception <a 'sun/nio/fs/WindowsException'> (0x00000000d9a4ba80) thrown at [C:\src\AOSP-openjdk-git\hotspot\src\share\vm\prims\jni.cpp, line 710]
Event: 55.300 Thread 0x000000001ba42800 Exception <a 'sun/nio/fs/WindowsException'> (0x00000000d9a4c7d0) thrown at [C:\src\AOSP-openjdk-git\hotspot\src\share\vm\prims\jni.cpp, line 710]
Event: 55.693 Thread 0x000000001dc31800 Implicit null exception at 0x00000000040f216f to 0x00000000040f2991
Event: 56.031 Thread 0x000000001ba42800 Exception <a 'sun/nio/fs/WindowsException'> (0x00000000db368d10) thrown at [C:\src\AOSP-openjdk-git\hotspot\src\share\vm\prims\jni.cpp, line 710]
Event: 56.032 Thread 0x000000001ba42800 Exception <a 'sun/nio/fs/WindowsException'> (0x00000000db369a40) thrown at [C:\src\AOSP-openjdk-git\hotspot\src\share\vm\prims\jni.cpp, line 710]
Event: 56.602 Thread 0x000000001ba41000 Exception <a 'java/lang/NoSuchMethodError': java.lang.Object.lambda$comparingInt$7b0bb60$1(Ljava/util/function/ToIntFunction;Ljava/lang/Object;Ljava/lang/Object;)I> (0x00000000dcb58098) thrown at [C:\src\AOSP-openjdk-git\hotspot\src\share\vm\interpreter\l
Event: 57.838 Thread 0x000000001ba42800 Exception <a 'java/lang/NoSuchMethodError': <clinit>> (0x00000000dec34f50) thrown at [C:\src\AOSP-openjdk-git\hotspot\src\share\vm\prims\jni.cpp, line 1615]
Event: 57.841 Thread 0x000000001ba42800 Exception <a 'java/lang/NoSuchMethodError': <clinit>> (0x00000000dec48608) thrown at [C:\src\AOSP-openjdk-git\hotspot\src\share\vm\prims\jni.cpp, line 1615]
Event: 57.854 Thread 0x000000001ba42800 Exception <a 'java/lang/NoSuchMethodError': <clinit>> (0x00000000dec82dc8) thrown at [C:\src\AOSP-openjdk-git\hotspot\src\share\vm\prims\jni.cpp, line 1615]
Event: 57.890 Thread 0x000000001ba43000 Implicit null exception at 0x000000000415ea63 to 0x000000000415edfc

Events (10 events):
Event: 57.935 Executing VM operation: RevokeBias done
Event: 57.937 loading class com/android/ide/common/blame/ParsingProcessOutputHandler
Event: 57.937 loading class com/android/ide/common/blame/ParsingProcessOutputHandler done
Event: 57.938 loading class com/android/ide/common/process/BaseProcessOutputHandler
Event: 57.938 loading class com/android/ide/common/process/BaseProcessOutputHandler done
Event: 57.939 loading class com/android/ide/common/process/ProcessOutput
Event: 57.939 loading class com/android/ide/common/process/ProcessOutput done
Event: 57.940 loading class com/android/ide/common/blame/parser/ToolOutputParser
Event: 57.940 loading class com/android/ide/common/blame/parser/ToolOutputParser done
Event: 57.941 Executing VM operation: RevokeBias


Dynamic libraries:
0x00007ff682b50000 - 0x00007ff682b81000 	C:\Program Files\Android\Android Studio\jre\bin\java.exe
0x00007ff9377b0000 - 0x00007ff9379a5000 	C:\WINDOWS\SYSTEM32\ntdll.dll
0x00007ff936c40000 - 0x00007ff936cfd000 	C:\WINDOWS\System32\KERNEL32.DLL
0x00007ff934fe0000 - 0x00007ff9352a9000 	C:\WINDOWS\System32\KERNELBASE.dll
0x00007ff935810000 - 0x00007ff9358bc000 	C:\WINDOWS\System32\ADVAPI32.dll
0x00007ff936ba0000 - 0x00007ff936c3e000 	C:\WINDOWS\System32\msvcrt.dll
0x00007ff937310000 - 0x00007ff9373ac000 	C:\WINDOWS\System32\sechost.dll
0x00007ff937640000 - 0x00007ff93776b000 	C:\WINDOWS\System32\RPCRT4.dll
0x00007ff935f40000 - 0x00007ff9360e0000 	C:\WINDOWS\System32\USER32.dll
0x00007ff935510000 - 0x00007ff935532000 	C:\WINDOWS\System32\win32u.dll
0x00007ff9373b0000 - 0x00007ff9373da000 	C:\WINDOWS\System32\GDI32.dll
0x00007ff935700000 - 0x00007ff93580b000 	C:\WINDOWS\System32\gdi32full.dll
0x00007ff934f40000 - 0x00007ff934fdd000 	C:\WINDOWS\System32\msvcp_win.dll
0x00007ff935410000 - 0x00007ff935510000 	C:\WINDOWS\System32\ucrtbase.dll
0x00007ff9167e0000 - 0x00007ff916a7a000 	C:\WINDOWS\WinSxS\amd64_microsoft.windows.common-controls_6595b64144ccf1df_6.0.19041.844_none_ca00b6081b84eb1d\COMCTL32.dll
0x00007ff936330000 - 0x00007ff936360000 	C:\WINDOWS\System32\IMM32.DLL
0x0000000073250000 - 0x0000000073322000 	C:\Program Files\Android\Android Studio\jre\jre\bin\msvcr100.dll
0x0000000073330000 - 0x0000000073b7b000 	C:\Program Files\Android\Android Studio\jre\jre\bin\server\jvm.dll
0x00007ff936d70000 - 0x00007ff936d78000 	C:\WINDOWS\System32\PSAPI.DLL
0x00007ff926910000 - 0x00007ff926937000 	C:\WINDOWS\SYSTEM32\WINMM.dll
0x00007ff92d330000 - 0x00007ff92d33a000 	C:\WINDOWS\SYSTEM32\VERSION.dll
0x00007ff91bf80000 - 0x00007ff91bf89000 	C:\WINDOWS\SYSTEM32\WSOCK32.dll
0x00007ff936d00000 - 0x00007ff936d6b000 	C:\WINDOWS\System32\WS2_32.dll
0x00007ff92f990000 - 0x00007ff92f99f000 	C:\Program Files\Android\Android Studio\jre\jre\bin\verify.dll
0x00007ff92f7e0000 - 0x00007ff92f809000 	C:\Program Files\Android\Android Studio\jre\jre\bin\java.dll
0x00007ff92f850000 - 0x00007ff92f866000 	C:\Program Files\Android\Android Studio\jre\jre\bin\zip.dll
0x00007ff936360000 - 0x00007ff936aa2000 	C:\WINDOWS\System32\SHELL32.dll
0x00007ff932970000 - 0x00007ff933100000 	C:\WINDOWS\SYSTEM32\windows.storage.dll
0x00007ff935b30000 - 0x00007ff935e85000 	C:\WINDOWS\System32\combase.dll
0x00007ff934890000 - 0x00007ff9348bc000 	C:\WINDOWS\SYSTEM32\Wldp.dll
0x00007ff9373e0000 - 0x00007ff93748e000 	C:\WINDOWS\System32\SHCORE.dll
0x00007ff936d80000 - 0x00007ff936dd5000 	C:\WINDOWS\System32\shlwapi.dll
0x00007ff934e30000 - 0x00007ff934e4f000 	C:\WINDOWS\SYSTEM32\profapi.dll
0x00007ff92ed80000 - 0x00007ff92ed9a000 	C:\Program Files\Android\Android Studio\jre\jre\bin\net.dll
0x00007ff934610000 - 0x00007ff93467a000 	C:\WINDOWS\system32\mswsock.dll
0x00007ff92d7e0000 - 0x00007ff92d7f3000 	C:\Program Files\Android\Android Studio\jre\jre\bin\nio.dll
0x00007ff911bc0000 - 0x00007ff911be7000 	C:\Users\KimHanbi\.gradle\native\f6784746aeab05261644944871eae4fe03e0ef1612fff0a4a95f87b438bc6780\windows-amd64\native-platform.dll
0x00007ff92f980000 - 0x00007ff92f98d000 	C:\Program Files\Android\Android Studio\jre\jre\bin\management.dll
0x00007ff9347e0000 - 0x00007ff9347f8000 	C:\WINDOWS\SYSTEM32\CRYPTSP.dll
0x00007ff933fb0000 - 0x00007ff933fe4000 	C:\WINDOWS\system32\rsaenh.dll
0x00007ff935540000 - 0x00007ff935567000 	C:\WINDOWS\System32\bcrypt.dll
0x00007ff934db0000 - 0x00007ff934dde000 	C:\WINDOWS\SYSTEM32\USERENV.dll
0x00007ff935680000 - 0x00007ff935700000 	C:\WINDOWS\System32\bcryptprimitives.dll
0x00007ff934800000 - 0x00007ff93480c000 	C:\WINDOWS\SYSTEM32\CRYPTBASE.dll
0x00007ff934300000 - 0x00007ff93433b000 	C:\WINDOWS\SYSTEM32\IPHLPAPI.DLL
0x00007ff936320000 - 0x00007ff936328000 	C:\WINDOWS\System32\NSI.dll
0x00007ff92e7a0000 - 0x00007ff92e7b7000 	C:\WINDOWS\SYSTEM32\dhcpcsvc6.DLL
0x00007ff92e770000 - 0x00007ff92e78d000 	C:\WINDOWS\SYSTEM32\dhcpcsvc.DLL
0x00007ff934340000 - 0x00007ff93440b000 	C:\WINDOWS\SYSTEM32\DNSAPI.dll
0x00007ff92fae0000 - 0x00007ff92faeb000 	C:\WINDOWS\SYSTEM32\WINNSI.DLL

VM Arguments:
jvm_args: -Xmx2048m -Dfile.encoding=UTF-8 -Duser.country=KR -Duser.language=ko -Duser.variant 
java_command: org.gradle.launcher.daemon.bootstrap.GradleDaemon 6.5
java_class_path (initial): C:\Users\KimHanbi\.gradle\wrapper\dists\gradle-6.5-all\2oz4ud9k3tuxjg84bbf55q0tn\gradle-6.5\lib\gradle-launcher-6.5.jar
Launcher Type: SUN_STANDARD

Environment Variables:
JAVA_HOME=C:\Program Files\Java\jdk1.8.0_251
CLASSPATH=%classpath%;;;
PATH=C:\Program Files\Java\jdk1.8.0_251\bin;C:\Program Files (x86)\Common Files\Oracle\Java\javapath;C:\Program Files (x86)\Intel\iCLS Client\;C:\Program Files\Intel\iCLS Client\;C:\WINDOWS\system32;C:\WINDOWS;C:\WINDOWS\System32\Wbem;C:\WINDOWS\System32\WindowsPowerShell\v1.0\;C:\Program Files (x86)\Intel\Intel(R) Management Engine Components\DAL;C:\Program Files\Intel\Intel(R) Management Engine Components\DAL;C:\Program Files (x86)\Intel\Intel(R) Management Engine Components\IPT;C:\Program Files\Intel\Intel(R) Management Engine Components\IPT;C:\Program Files\Intel\WiFi\bin\;C:\Program Files\Common Files\Intel\WirelessCommon\;C:\WINDOWS\System32\OpenSSH\;C:\MinGW\bin;C:\Program Files\Java\jdk1.8.0_251\bin;C:\Program Files\Git\cmd;C:\Program Files\MySQL\MySQL Server 8.0\bin;C:\ProgramData\chocolatey\bin;C:\Program Files\nodejs\;C:\Program Files\MySQL\MySQL Shell 8.0\bin\;C:\Python\Python36\Scripts\;C:\Python\Python36\;C:\Users\KimHanbi\AppData\Local\Microsoft\WindowsApps;C:\Users\KimHanbi\AppData\Local\Programs\Microsoft VS Code\bin;C:\Users\KimHanbi\AppData\Roaming\npm;C:\Program Files\Android\Android Studio\jre\bin;C:\Users\KimHanbi\AppData\Local\gitkraken\bin
USERNAME=KimHanbi
OS=Windows_NT
PROCESSOR_IDENTIFIER=Intel64 Family 6 Model 142 Stepping 10, GenuineIntel



---------------  S Y S T E M  ---------------

OS: Windows 10.0 , 64 bit Build 19041 (10.0.19041.804)

CPU:total 8 (initial active 8) (4 cores per cpu, 2 threads per core) family 6 model 142 stepping 10, cmov, cx8, fxsr, mmx, sse, sse2, sse3, ssse3, sse4.1, sse4.2, popcnt, avx, avx2, aes, clmul, erms, 3dnowpref, lzcnt, ht, tsc, tscinvbit, bmi1, bmi2, adx

Memory: 4k page, physical 8217940k(719060k free), swap 8217940k(4228k free)

vm_info: OpenJDK 64-Bit Server VM (25.242-b01) for windows-amd64 JRE (1.8.0_242-release-1644-b01), built by "builder" with MS VC++ 10.0 (VS2010)

time: Wed Apr 07 11:43:40 2021
timezone: 대한민국 표준시
elapsed time: 58 seconds (0d 0h 0m 58s)

