#
# There is insufficient memory for the Java Runtime Environment to continue.
# Native memory allocation (malloc) failed to allocate 1484496 bytes for Chunk::new
# Possible reasons:
#   The system is out of physical RAM or swap space
#   The process is running with CompressedOops enabled, and the Java Heap may be blocking the growth of the native heap
# Possible solutions:
#   Reduce memory load on the system
#   Increase physical memory or swap space
#   Check if swap backing store is full
#   Decrease Java heap size (-Xmx/-Xms)
#   Decrease number of Java threads
#   Decrease Java thread stack sizes (-Xss)
#   Set larger code cache with -XX:ReservedCodeCacheSize=
#   JVM is running with Unscaled Compressed Oops mode in which the Java heap is
#     placed in the first 4GB address space. The Java Heap base address is the
#     maximum limit for the native heap growth. Please use -XX:HeapBaseMinAddress
#     to set the Java Heap base and to place the Java Heap above 4GB virtual address.
# This output file may be truncated or incomplete.
#
#  Out of Memory Error (allocation.cpp:389), pid=5488, tid=0x0000000000000674
#
# JRE version: OpenJDK Runtime Environment (8.0_242-b01) (build 1.8.0_242-release-1644-b01)
# Java VM: OpenJDK 64-Bit Server VM (25.242-b01 mixed mode windows-amd64 compressed oops)
# Failed to write core dump. Minidumps are not enabled by default on client versions of Windows
#

---------------  T H R E A D  ---------------

Current thread (0x000000001a357800):  JavaThread "C2 CompilerThread0" daemon [_thread_in_native, id=1652, stack(0x000000001abc0000,0x000000001acc0000)]

Stack: [0x000000001abc0000,0x000000001acc0000]
[error occurred during error reporting (printing stack bounds), id 0xc0000005]

Native frames: (J=compiled Java code, j=interpreted, Vv=VM code, C=native code)


Current CompileTask:
C2: 161579 17781       4       java.io.ObjectOutputStream::writeClassDesc (60 bytes)


---------------  P R O C E S S  ---------------

Java Threads: ( => current thread )
  0x000000001ba8d800 JavaThread "WorkerExecutor Queue Thread 8" [_thread_blocked, id=9604, stack(0x0000000025af0000,0x0000000025bf0000)]
  0x000000001ba8d000 JavaThread "ForkJoinPool.commonPool-worker-6" daemon [_thread_blocked, id=13308, stack(0x00000000258f0000,0x00000000259f0000)]
  0x000000001ba8b800 JavaThread "ForkJoinPool.commonPool-worker-5" daemon [_thread_blocked, id=12732, stack(0x00000000257f0000,0x00000000258f0000)]
  0x000000001ce05800 JavaThread "ForkJoinPool.commonPool-worker-4" daemon [_thread_blocked, id=5448, stack(0x00000000256f0000,0x00000000257f0000)]
  0x000000001ce05000 JavaThread "ForkJoinPool.commonPool-worker-3" daemon [_thread_blocked, id=12340, stack(0x00000000255f0000,0x00000000256f0000)]
  0x000000001ce04000 JavaThread "ForkJoinPool.commonPool-worker-1" daemon [_thread_blocked, id=11936, stack(0x000000001e960000,0x000000001ea60000)]
  0x000000001d7db800 JavaThread "Cache worker for Java compile cache (C:\Users\KimHanbi\AndroidStudioProjects\UntactShop\.gradle\6.5\javaCompile)" [_thread_blocked, id=9664, stack(0x00000000249f0000,0x0000000024af0000)]
  0x000000001d7da800 JavaThread "Cache worker for Java compile cache (C:\Users\KimHanbi\.gradle\caches\6.5\javaCompile)" [_thread_blocked, id=12540, stack(0x00000000248f0000,0x00000000249f0000)]
  0x000000001d7de800 JavaThread "WorkerExecutor Queue Thread 7" [_thread_blocked, id=11992, stack(0x0000000024560000,0x0000000024660000)]
  0x000000001d7da000 JavaThread "WorkerExecutor Queue Thread 6" [_thread_blocked, id=12104, stack(0x00000000241a0000,0x00000000242a0000)]
  0x000000001d7d9000 JavaThread "WorkerExecutor Queue Thread 5" [_thread_blocked, id=13004, stack(0x00000000231a0000,0x00000000232a0000)]
  0x000000001d7d5800 JavaThread "WorkerExecutor Queue Thread 4" [_thread_blocked, id=12100, stack(0x000000002e920000,0x000000002ea20000)]
  0x000000001d7d2800 JavaThread "WorkerExecutor Queue Thread 3" [_thread_blocked, id=11608, stack(0x000000002e420000,0x000000002e520000)]
  0x000000001d7d8800 JavaThread "stdout" [_thread_in_native, id=12216, stack(0x000000002e040000,0x000000002e140000)]
  0x000000001d7d1800 JavaThread "stderr" [_thread_in_native, id=12204, stack(0x000000002df40000,0x000000002e040000)]
  0x000000001d7d1000 JavaThread "stdout" [_thread_in_native, id=640, stack(0x000000002e320000,0x000000002e420000)]
  0x000000001d7d7800 JavaThread "stderr" [_thread_in_native, id=12188, stack(0x000000002e220000,0x000000002e320000)]
  0x000000001d7d7000 JavaThread "pool-2-thread-1" [_thread_blocked, id=12200, stack(0x000000002de40000,0x000000002df40000)]
  0x000000001d7d6000 JavaThread "WorkerExecutor Queue Thread 2" [_thread_in_Java, id=256, stack(0x000000002dd40000,0x000000002de40000)]
  0x000000001d7cf800 JavaThread "WorkerExecutor Queue" [_thread_blocked, id=12232, stack(0x000000002d100000,0x000000002d200000)]
  0x000000001ba99000 JavaThread "Cache worker for execution history cache (C:\Users\KimHanbi\AndroidStudioProjects\UntactShop\.gradle\6.5\executionHistory)" [_thread_blocked, id=3772, stack(0x000000002d840000,0x000000002d940000)]
  0x000000001ba98000 JavaThread "Execution worker for ':' Thread 7" [_thread_blocked, id=6212, stack(0x000000002d740000,0x000000002d840000)]
  0x000000001ba96800 JavaThread "Execution worker for ':' Thread 6" [_thread_blocked, id=13220, stack(0x000000002d640000,0x000000002d740000)]
  0x000000001ba96000 JavaThread "Execution worker for ':' Thread 5" [_thread_blocked, id=2364, stack(0x000000002d540000,0x000000002d640000)]
  0x000000001ba97800 JavaThread "Execution worker for ':' Thread 4" [_thread_blocked, id=4864, stack(0x000000002d440000,0x000000002d540000)]
  0x000000001ba8e800 JavaThread "Execution worker for ':' Thread 3" [_thread_blocked, id=11944, stack(0x000000002d340000,0x000000002d440000)]
  0x000000001ba95000 JavaThread "Execution worker for ':' Thread 2" [_thread_blocked, id=6200, stack(0x000000002d240000,0x000000002d340000)]
  0x000000001ba94800 JavaThread "Execution worker for ':'" [_thread_blocked, id=9872, stack(0x000000002cdd0000,0x000000002ced0000)]
  0x000000001ba93000 JavaThread "Cache worker for file content cache (C:\Users\KimHanbi\AndroidStudioProjects\UntactShop\.gradle\6.5\fileContent)" [_thread_blocked, id=12372, stack(0x000000002b830000,0x000000002b930000)]
  0x000000001ba8f000 JavaThread "Memory manager" [_thread_blocked, id=12496, stack(0x0000000001530000,0x0000000001630000)]
  0x000000001ba90800 JavaThread "Cache worker for Build Output Cleanup Cache (C:\Users\KimHanbi\AndroidStudioProjects\UntactShop\.gradle\buildOutputCleanup)" [_thread_blocked, id=7040, stack(0x000000002ab30000,0x000000002ac30000)]
  0x000000001cdfc800 JavaThread "Build operations Thread 8" [_thread_blocked, id=11952, stack(0x00000000240a0000,0x00000000241a0000)]
  0x000000001ce02800 JavaThread "Build operations Thread 7" [_thread_blocked, id=1264, stack(0x0000000023fa0000,0x00000000240a0000)]
  0x000000001ce03800 JavaThread "Build operations Thread 6" [_thread_blocked, id=1484, stack(0x0000000023ea0000,0x0000000023fa0000)]
  0x000000001cdfc000 JavaThread "Build operations Thread 5" [_thread_blocked, id=5252, stack(0x0000000023da0000,0x0000000023ea0000)]
  0x000000001cdfb000 JavaThread "Build operations Thread 4" [_thread_blocked, id=12488, stack(0x0000000023ca0000,0x0000000023da0000)]
  0x000000001ce00800 JavaThread "Build operations Thread 3" [_thread_blocked, id=12400, stack(0x0000000023ba0000,0x0000000023ca0000)]
  0x000000001cdfe000 JavaThread "Build operations Thread 2" [_thread_blocked, id=9792, stack(0x0000000023aa0000,0x0000000023ba0000)]
  0x000000001cdff800 JavaThread "Build operations" [_thread_blocked, id=11804, stack(0x00000000239a0000,0x0000000023aa0000)]
  0x000000001bc73000 JavaThread "Cache worker for file content cache (C:\Users\KimHanbi\.gradle\caches\6.5\fileContent)" [_thread_blocked, id=9652, stack(0x00000000232a0000,0x00000000233a0000)]
  0x000000001bc74000 JavaThread "Cache worker for execution history cache (C:\Users\KimHanbi\.gradle\caches\6.5\executionHistory)" [_thread_blocked, id=9516, stack(0x0000000022aa0000,0x0000000022ba0000)]
  0x000000001bc79000 JavaThread "Cache worker for cache directory md-rule (C:\Users\KimHanbi\.gradle\caches\6.5\md-rule)" [_thread_blocked, id=11896, stack(0x00000000229a0000,0x0000000022aa0000)]
  0x000000001bc77800 JavaThread "Cache worker for cache directory md-supplier (C:\Users\KimHanbi\.gradle\caches\6.5\md-supplier)" [_thread_blocked, id=2636, stack(0x0000000021650000,0x0000000021750000)]
  0x000000001bc77000 JavaThread "Cache worker for checksums cache (C:\Users\KimHanbi\AndroidStudioProjects\UntactShop\.gradle\checksums)" [_thread_blocked, id=6512, stack(0x0000000021550000,0x0000000021650000)]
  0x000000001bc74800 JavaThread "Cache worker for file hash cache (C:\Users\KimHanbi\AndroidStudioProjects\UntactShop\.gradle\6.5\fileHashes)" [_thread_blocked, id=9196, stack(0x000000001f060000,0x000000001f160000)]
  0x000000001bc76000 JavaThread "Cache worker for file hash cache (C:\Users\KimHanbi\.gradle\caches\6.5\fileHashes)" [_thread_blocked, id=13260, stack(0x000000001ef60000,0x000000001f060000)]
  0x000000001bc75800 JavaThread "File lock request listener" [_thread_in_native, id=3644, stack(0x000000001ee60000,0x000000001ef60000)]
  0x000000001bc78800 JavaThread "Cache worker for journal cache (C:\Users\KimHanbi\.gradle\caches\journal-1)" [_thread_blocked, id=8804, stack(0x000000001ed60000,0x000000001ee60000)]
  0x000000001ba89000 JavaThread "Thread-9" [_thread_blocked, id=8396, stack(0x000000001ea60000,0x000000001eb60000)]
  0x000000001a431000 JavaThread "Asynchronous log dispatcher for DefaultDaemonConnection: socket connection from /127.0.0.1:4062 to /127.0.0.1:4063" [_thread_blocked, id=4868, stack(0x000000001e860000,0x000000001e960000)]
  0x000000001a540000 JavaThread "Daemon worker" [_thread_blocked, id=11832, stack(0x000000001e760000,0x000000001e860000)]
  0x000000001a555000 JavaThread "Cancel handler" [_thread_blocked, id=3184, stack(0x000000001e560000,0x000000001e660000)]
  0x000000001b893000 JavaThread "Handler for socket connection from /127.0.0.1:4062 to /127.0.0.1:4063" [_thread_in_native, id=8400, stack(0x000000001e460000,0x000000001e560000)]
  0x000000001b876000 JavaThread "Daemon" [_thread_blocked, id=1344, stack(0x000000001e360000,0x000000001e460000)]
  0x000000001b20b800 JavaThread "Daemon periodic checks" [_thread_blocked, id=10008, stack(0x000000001e060000,0x000000001e160000)]
  0x000000001cd08000 JavaThread "Incoming local TCP Connector on port 4062" [_thread_in_native, id=5096, stack(0x000000001de80000,0x000000001df80000)]
  0x000000001ccf1800 JavaThread "Daemon health stats" [_thread_blocked, id=12916, stack(0x000000001db60000,0x000000001dc60000)]
  0x000000001a44e800 JavaThread "Service Thread" daemon [_thread_blocked, id=5048, stack(0x000000001afc0000,0x000000001b0c0000)]
  0x000000001a3c0800 JavaThread "C1 CompilerThread3" daemon [_thread_blocked, id=12076, stack(0x000000001aec0000,0x000000001afc0000)]
  0x000000001a3bc800 JavaThread "C2 CompilerThread2" daemon [_thread_in_native, id=892, stack(0x000000001adc0000,0x000000001aec0000)]
  0x000000001a3b5000 JavaThread "C2 CompilerThread1" daemon [_thread_blocked, id=10188, stack(0x000000001acc0000,0x000000001adc0000)]
=>0x000000001a357800 JavaThread "C2 CompilerThread0" daemon [_thread_in_native, id=1652, stack(0x000000001abc0000,0x000000001acc0000)]
  0x000000001a354000 JavaThread "Attach Listener" daemon [_thread_blocked, id=2752, stack(0x000000001aac0000,0x000000001abc0000)]
  0x000000001a3b3000 JavaThread "Signal Dispatcher" daemon [_thread_blocked, id=4548, stack(0x000000001a9c0000,0x000000001aac0000)]
  0x0000000018522800 JavaThread "Finalizer" daemon [_thread_blocked, id=1448, stack(0x000000001a820000,0x000000001a920000)]
  0x0000000003469000 JavaThread "Reference Handler" daemon [_thread_blocked, id=12924, stack(0x000000001a720000,0x000000001a820000)]
  0x0000000003372800 JavaThread "main" [_thread_blocked, id=11100, stack(0x0000000003260000,0x0000000003360000)]

Other Threads:
  0x0000000018516000 VMThread [stack: 0x000000001a220000,0x000000001a320000] [id=10064]
  0x000000001a41a800 WatcherThread [stack: 0x000000001b0c0000,0x000000001b1c0000] [id=7292]

VM state:not at safepoint (normal execution)

VM Mutex/Monitor currently owned by a thread: None

heap address: 0x0000000080000000, size: 2048 MB, Compressed Oops mode: 32-bit
Narrow klass base: 0x0000000000000000, Narrow klass shift: 3
Compressed class space size: 1073741824 Address: 0x0000000100000000

Heap:
 PSYoungGen      total 275456K, used 192282K [0x00000000d5580000, 0x00000000e9880000, 0x0000000100000000)
  eden space 225280K, 63% used [0x00000000d5580000,0x00000000de0c6988,0x00000000e3180000)
  from space 50176K, 98% used [0x00000000e3180000,0x00000000e61ffed8,0x00000000e6280000)
  to   space 52736K, 0% used [0x00000000e6280000,0x00000000e6280000,0x00000000e9600000)
 ParOldGen       total 218624K, used 92881K [0x0000000080000000, 0x000000008d580000, 0x00000000d5580000)
  object space 218624K, 42% used [0x0000000080000000,0x0000000085ab4728,0x000000008d580000)
 Metaspace       used 97166K, capacity 102888K, committed 103000K, reserved 1138688K
  class space    used 12990K, capacity 14105K, committed 14208K, reserved 1048576K

Card table byte_map: [0x0000000012840000,0x0000000012c50000] byte_map_base: 0x0000000012440000

Marking Bits: (ParMarkBitMap*) 0x000000006e95f030
 Begin Bits: [0x0000000013700000, 0x0000000015700000)
 End Bits:   [0x0000000015700000, 0x0000000017700000)

Polling page: 0x0000000001760000

CodeCache: size=245760Kb used=48934Kb max_used=48934Kb free=196825Kb
 bounds [0x0000000003480000, 0x0000000006490000, 0x0000000012480000]
 total_blobs=15243 nmethods=14322 adapters=831
 compilation: enabled

Compilation events (10 events):
Event: 161.415 Thread 0x000000001a3c0800 17905       3       com.android.tools.r8.q.a.b.m.a::g (30 bytes)
Event: 161.417 Thread 0x000000001a3c0800 nmethod 17905 0x000000000647c6d0 code [0x000000000647c840, 0x000000000647caa8]
Event: 161.457 Thread 0x000000001a3b5000 17907       4       com.android.tools.r8.utils.s0::b (75 bytes)
Event: 161.472 Thread 0x000000001a3b5000 nmethod 17907 0x00000000064843d0 code [0x0000000006484520, 0x0000000006484738]
Event: 161.500 Thread 0x000000001a3b5000 17908       4       java.io.ByteArrayOutputStream::grow (43 bytes)
Event: 161.511 Thread 0x000000001a3b5000 nmethod 17908 0x0000000006484a90 code [0x0000000006484be0, 0x0000000006484e58]
Event: 161.513 Thread 0x000000001a3c0800 17909       3       com.android.tools.r8.dex.d$$Lambda$1508/305439712::accept (12 bytes)
Event: 161.514 Thread 0x000000001a3c0800 nmethod 17909 0x0000000006483ed0 code [0x0000000006484040, 0x00000000064842e8]
Event: 161.514 Thread 0x000000001a3c0800 17910       3       com.android.tools.r8.dex.d::a (42 bytes)
Event: 161.515 Thread 0x000000001a3c0800 nmethod 17910 0x0000000006483410 code [0x00000000064835e0, 0x0000000006483cc8]

GC Heap History (10 events):
Event: 134.568 GC heap before
{Heap before GC invocations=23 (full 3):
 PSYoungGen      total 227840K, used 214121K [0x00000000d5580000, 0x00000000e6c80000, 0x0000000100000000)
  eden space 191488K, 100% used [0x00000000d5580000,0x00000000e1080000,0x00000000e1080000)
  from space 36352K, 62% used [0x00000000e1080000,0x00000000e269a478,0x00000000e3400000)
  to   space 37376K, 0% used [0x00000000e4800000,0x00000000e4800000,0x00000000e6c80000)
 ParOldGen       total 115712K, used 73619K [0x0000000080000000, 0x0000000087100000, 0x00000000d5580000)
  object space 115712K, 63% used [0x0000000080000000,0x00000000847e4d90,0x0000000087100000)
 Metaspace       used 86116K, capacity 89912K, committed 90072K, reserved 1128448K
  class space    used 11276K, capacity 12021K, committed 12032K, reserved 1048576K
Event: 134.712 GC heap after
Heap after GC invocations=23 (full 3):
 PSYoungGen      total 235008K, used 37345K [0x00000000d5580000, 0x00000000e8580000, 0x0000000100000000)
  eden space 197632K, 0% used [0x00000000d5580000,0x00000000d5580000,0x00000000e1680000)
  from space 37376K, 99% used [0x00000000e4800000,0x00000000e6c785b0,0x00000000e6c80000)
  to   space 50688K, 0% used [0x00000000e1680000,0x00000000e1680000,0x00000000e4800000)
 ParOldGen       total 115712K, used 93068K [0x0000000080000000, 0x0000000087100000, 0x00000000d5580000)
  object space 115712K, 80% used [0x0000000080000000,0x0000000085ae32a8,0x0000000087100000)
 Metaspace       used 86116K, capacity 89912K, committed 90072K, reserved 1128448K
  class space    used 11276K, capacity 12021K, committed 12032K, reserved 1048576K
}
Event: 146.151 GC heap before
{Heap before GC invocations=24 (full 3):
 PSYoungGen      total 235008K, used 234977K [0x00000000d5580000, 0x00000000e8580000, 0x0000000100000000)
  eden space 197632K, 100% used [0x00000000d5580000,0x00000000e1680000,0x00000000e1680000)
  from space 37376K, 99% used [0x00000000e4800000,0x00000000e6c785b0,0x00000000e6c80000)
  to   space 50688K, 0% used [0x00000000e1680000,0x00000000e1680000,0x00000000e4800000)
 ParOldGen       total 115712K, used 93068K [0x0000000080000000, 0x0000000087100000, 0x00000000d5580000)
  object space 115712K, 80% used [0x0000000080000000,0x0000000085ae32a8,0x0000000087100000)
 Metaspace       used 87991K, capacity 91928K, committed 92120K, reserved 1128448K
  class space    used 11457K, capacity 12271K, committed 12288K, reserved 1048576K
Event: 146.546 GC heap after
Heap after GC invocations=24 (full 3):
 PSYoungGen      total 248320K, used 33249K [0x00000000d5580000, 0x00000000e9600000, 0x0000000100000000)
  eden space 197632K, 0% used [0x00000000d5580000,0x00000000d5580000,0x00000000e1680000)
  from space 50688K, 65% used [0x00000000e1680000,0x00000000e36f8790,0x00000000e4800000)
  to   space 52736K, 0% used [0x00000000e6280000,0x00000000e6280000,0x00000000e9600000)
 ParOldGen       total 115712K, used 111576K [0x0000000080000000, 0x0000000087100000, 0x00000000d5580000)
  object space 115712K, 96% used [0x0000000080000000,0x0000000086cf62a8,0x0000000087100000)
 Metaspace       used 87991K, capacity 91928K, committed 92120K, reserved 1128448K
  class space    used 11457K, capacity 12271K, committed 12288K, reserved 1048576K
}
Event: 146.547 GC heap before
{Heap before GC invocations=25 (full 4):
 PSYoungGen      total 248320K, used 33249K [0x00000000d5580000, 0x00000000e9600000, 0x0000000100000000)
  eden space 197632K, 0% used [0x00000000d5580000,0x00000000d5580000,0x00000000e1680000)
  from space 50688K, 65% used [0x00000000e1680000,0x00000000e36f8790,0x00000000e4800000)
  to   space 52736K, 0% used [0x00000000e6280000,0x00000000e6280000,0x00000000e9600000)
 ParOldGen       total 115712K, used 111576K [0x0000000080000000, 0x0000000087100000, 0x00000000d5580000)
  object space 115712K, 96% used [0x0000000080000000,0x0000000086cf62a8,0x0000000087100000)
 Metaspace       used 87991K, capacity 91928K, committed 92120K, reserved 1128448K
  class space    used 11457K, capacity 12271K, committed 12288K, reserved 1048576K
Event: 147.745 GC heap after
Heap after GC invocations=25 (full 4):
 PSYoungGen      total 248320K, used 0K [0x00000000d5580000, 0x00000000e9600000, 0x0000000100000000)
  eden space 197632K, 0% used [0x00000000d5580000,0x00000000d5580000,0x00000000e1680000)
  from space 50688K, 0% used [0x00000000e1680000,0x00000000e1680000,0x00000000e4800000)
  to   space 52736K, 0% used [0x00000000e6280000,0x00000000e6280000,0x00000000e9600000)
 ParOldGen       total 218624K, used 92873K [0x0000000080000000, 0x000000008d580000, 0x00000000d5580000)
  object space 218624K, 42% used [0x0000000080000000,0x0000000085ab2728,0x000000008d580000)
 Metaspace       used 86423K, capacity 90236K, committed 92120K, reserved 1128448K
  class space    used 11370K, capacity 12147K, committed 12288K, reserved 1048576K
}
Event: 148.721 GC heap before
{Heap before GC invocations=26 (full 4):
 PSYoungGen      total 248320K, used 197632K [0x00000000d5580000, 0x00000000e9600000, 0x0000000100000000)
  eden space 197632K, 100% used [0x00000000d5580000,0x00000000e1680000,0x00000000e1680000)
  from space 50688K, 0% used [0x00000000e1680000,0x00000000e1680000,0x00000000e4800000)
  to   space 52736K, 0% used [0x00000000e6280000,0x00000000e6280000,0x00000000e9600000)
 ParOldGen       total 218624K, used 92873K [0x0000000080000000, 0x000000008d580000, 0x00000000d5580000)
  object space 218624K, 42% used [0x0000000080000000,0x0000000085ab2728,0x000000008d580000)
 Metaspace       used 86424K, capacity 90236K, committed 92120K, reserved 1128448K
  class space    used 11370K, capacity 12147K, committed 12288K, reserved 1048576K
Event: 148.807 GC heap after
Heap after GC invocations=26 (full 4):
 PSYoungGen      total 278016K, used 22705K [0x00000000d5580000, 0x00000000e9880000, 0x0000000100000000)
  eden space 225280K, 0% used [0x00000000d5580000,0x00000000d5580000,0x00000000e3180000)
  from space 52736K, 43% used [0x00000000e6280000,0x00000000e78ac4c0,0x00000000e9600000)
  to   space 50176K, 0% used [0x00000000e3180000,0x00000000e3180000,0x00000000e6280000)
 ParOldGen       total 218624K, used 92873K [0x0000000080000000, 0x000000008d580000, 0x00000000d5580000)
  object space 218624K, 42% used [0x0000000080000000,0x0000000085ab2728,0x000000008d580000)
 Metaspace       used 86424K, capacity 90236K, committed 92120K, reserved 1128448K
  class space    used 11370K, capacity 12147K, committed 12288K, reserved 1048576K
}
Event: 154.427 GC heap before
{Heap before GC invocations=27 (full 4):
 PSYoungGen      total 278016K, used 247985K [0x00000000d5580000, 0x00000000e9880000, 0x0000000100000000)
  eden space 225280K, 100% used [0x00000000d5580000,0x00000000e3180000,0x00000000e3180000)
  from space 52736K, 43% used [0x00000000e6280000,0x00000000e78ac4c0,0x00000000e9600000)
  to   space 50176K, 0% used [0x00000000e3180000,0x00000000e3180000,0x00000000e6280000)
 ParOldGen       total 218624K, used 92873K [0x0000000080000000, 0x000000008d580000, 0x00000000d5580000)
  object space 218624K, 42% used [0x0000000080000000,0x0000000085ab2728,0x000000008d580000)
 Metaspace       used 91671K, capacity 96464K, committed 96728K, reserved 1132544K
  class space    used 12233K, capacity 13239K, committed 13312K, reserved 1048576K
Event: 154.529 GC heap after
Heap after GC invocations=27 (full 4):
 PSYoungGen      total 275456K, used 49663K [0x00000000d5580000, 0x00000000e9880000, 0x0000000100000000)
  eden space 225280K, 0% used [0x00000000d5580000,0x00000000d5580000,0x00000000e3180000)
  from space 50176K, 98% used [0x00000000e3180000,0x00000000e61ffed8,0x00000000e6280000)
  to   space 52736K, 0% used [0x00000000e6280000,0x00000000e6280000,0x00000000e9600000)
 ParOldGen       total 218624K, used 92881K [0x0000000080000000, 0x000000008d580000, 0x00000000d5580000)
  object space 218624K, 42% used [0x0000000080000000,0x0000000085ab4728,0x000000008d580000)
 Metaspace       used 91671K, capacity 96464K, committed 96728K, reserved 1132544K
  class space    used 12233K, capacity 13239K, committed 13312K, reserved 1048576K
}

Deoptimization events (10 events):
Event: 159.862 Thread 0x000000001d7da000 Uncommon trap: reason=bimorphic action=maybe_recompile pc=0x00000000063dbef4 method=com.android.tools.r8.graph.Y.a(Lcom/android/tools/r8/dex/F;Lcom/android/tools/r8/graph/Y;)V @ 2
Event: 159.874 Thread 0x000000001d7da000 Uncommon trap: reason=bimorphic action=maybe_recompile pc=0x00000000063dbef4 method=com.android.tools.r8.graph.Y.a(Lcom/android/tools/r8/dex/F;Lcom/android/tools/r8/graph/Y;)V @ 2
Event: 159.892 Thread 0x000000001d7da000 Uncommon trap: reason=bimorphic action=maybe_recompile pc=0x00000000063dbef4 method=com.android.tools.r8.graph.Y.a(Lcom/android/tools/r8/dex/F;Lcom/android/tools/r8/graph/Y;)V @ 2
Event: 159.906 Thread 0x000000001d7da000 Uncommon trap: reason=bimorphic action=maybe_recompile pc=0x00000000063dbef4 method=com.android.tools.r8.graph.Y.a(Lcom/android/tools/r8/dex/F;Lcom/android/tools/r8/graph/Y;)V @ 2
Event: 160.238 Thread 0x000000001ba97800 Uncommon trap: reason=bimorphic action=maybe_recompile pc=0x0000000004ba4978 method=org.gradle.internal.snapshot.SnapshotUtil.getMetadataFromChildren(Ljava/util/List;Lorg/gradle/internal/snapshot/VfsRelativePath;Lorg/gradle/internal/snapshot/CaseSensitivi
Event: 160.240 Thread 0x000000001ba97800 Uncommon trap: reason=bimorphic action=maybe_recompile pc=0x0000000004ecbe98 method=org.gradle.internal.snapshot.SnapshotUtil.getMetadataFromChildren(Ljava/util/List;Lorg/gradle/internal/snapshot/VfsRelativePath;Lorg/gradle/internal/snapshot/CaseSensitivi
Event: 160.361 Thread 0x000000001d7d6000 Uncommon trap: reason=bimorphic action=maybe_recompile pc=0x0000000003b751cc method=com.google.common.collect.ImmutableSet$RegularSetBuilderImpl.add(Ljava/lang/Object;)Lcom/google/common/collect/ImmutableSet$SetBuilderImpl; @ 6
Event: 160.361 Thread 0x000000001d7d6000 Uncommon trap: reason=bimorphic action=maybe_recompile pc=0x0000000003b751cc method=com.google.common.collect.ImmutableSet$RegularSetBuilderImpl.add(Ljava/lang/Object;)Lcom/google/common/collect/ImmutableSet$SetBuilderImpl; @ 6
Event: 160.794 Thread 0x000000001d7d6000 Uncommon trap: reason=unstable_if action=reinterpret pc=0x00000000041f0c14 method=java.nio.Bits.getShort(Ljava/nio/ByteBuffer;IZ)S @ 1
Event: 161.114 Thread 0x000000001d7d6000 Uncommon trap: reason=unstable_if action=reinterpret pc=0x0000000006447528 method=com.android.tools.r8.utils.s0.b(Lcom/android/tools/r8/dex/c;)I @ 26

Classes redefined (0 events):
No events

Internal exceptions (10 events):
Event: 159.813 Thread 0x000000001d7da000 Exception <a 'sun/nio/fs/WindowsException'> (0x00000000dcb1e380) thrown at [C:\src\AOSP-openjdk-git\hotspot\src\share\vm\prims\jni.cpp, line 710]
Event: 159.823 Thread 0x000000001d7da000 Exception <a 'sun/nio/fs/WindowsException'> (0x00000000dcb25358) thrown at [C:\src\AOSP-openjdk-git\hotspot\src\share\vm\prims\jni.cpp, line 710]
Event: 159.829 Thread 0x000000001d7da000 Exception <a 'sun/nio/fs/WindowsException'> (0x00000000dcc2c8d0) thrown at [C:\src\AOSP-openjdk-git\hotspot\src\share\vm\prims\jni.cpp, line 710]
Event: 159.851 Thread 0x000000001d7da000 Exception <a 'sun/nio/fs/WindowsException'> (0x00000000dcc33c38) thrown at [C:\src\AOSP-openjdk-git\hotspot\src\share\vm\prims\jni.cpp, line 710]
Event: 159.866 Thread 0x000000001d7da000 Exception <a 'sun/nio/fs/WindowsException'> (0x00000000dcc3c1d8) thrown at [C:\src\AOSP-openjdk-git\hotspot\src\share\vm\prims\jni.cpp, line 710]
Event: 159.879 Thread 0x000000001d7da000 Exception <a 'sun/nio/fs/WindowsException'> (0x00000000dcc48608) thrown at [C:\src\AOSP-openjdk-git\hotspot\src\share\vm\prims\jni.cpp, line 710]
Event: 159.896 Thread 0x000000001d7da000 Exception <a 'sun/nio/fs/WindowsException'> (0x00000000dcd4e8a8) thrown at [C:\src\AOSP-openjdk-git\hotspot\src\share\vm\prims\jni.cpp, line 710]
Event: 159.910 Thread 0x000000001d7da000 Exception <a 'sun/nio/fs/WindowsException'> (0x00000000dcd5bd48) thrown at [C:\src\AOSP-openjdk-git\hotspot\src\share\vm\prims\jni.cpp, line 710]
Event: 160.318 Thread 0x000000001ba97800 Exception <a 'java/lang/NoSuchMethodError': <clinit>> (0x00000000dc3d45d0) thrown at [C:\src\AOSP-openjdk-git\hotspot\src\share\vm\prims\jni.cpp, line 1615]
Event: 160.762 Thread 0x000000001d7d6000 Exception <a 'sun/nio/fs/WindowsException'> (0x00000000dd402638) thrown at [C:\src\AOSP-openjdk-git\hotspot\src\share\vm\prims\jni.cpp, line 710]

Events (10 events):
Event: 161.160 Thread 0x000000001d7d6000 DEOPT PACKING pc=0x0000000006412a4c sp=0x000000002de3d710
Event: 161.160 Thread 0x000000001d7d6000 DEOPT UNPACKING pc=0x00000000034c75d0 sp=0x000000002de3d478 mode 0
Event: 161.163 Thread 0x000000001d7d6000 DEOPT PACKING pc=0x000000000575473e sp=0x000000002de3d880
Event: 161.163 Thread 0x000000001d7d6000 DEOPT UNPACKING pc=0x00000000034c75d0 sp=0x000000002de3d5f0 mode 0
Event: 161.166 Thread 0x000000001d7d6000 DEOPT PACKING pc=0x000000000575473e sp=0x000000002de3d880
Event: 161.166 Thread 0x000000001d7d6000 DEOPT UNPACKING pc=0x00000000034c75d0 sp=0x000000002de3d5f0 mode 0
Event: 161.168 Thread 0x000000001d7d6000 DEOPT PACKING pc=0x000000000575473e sp=0x000000002de3d880
Event: 161.168 Thread 0x000000001d7d6000 DEOPT UNPACKING pc=0x00000000034c75d0 sp=0x000000002de3d5f0 mode 0
Event: 161.186 Thread 0x000000001d7d6000 DEOPT PACKING pc=0x000000000575473e sp=0x000000002de3d880
Event: 161.186 Thread 0x000000001d7d6000 DEOPT UNPACKING pc=0x00000000034c75d0 sp=0x000000002de3d5f0 mode 0


Dynamic libraries:
0x00007ff7c8610000 - 0x00007ff7c8641000 	C:\Program Files\Android\Android Studio\jre\bin\java.exe
0x00007ffc0bb10000 - 0x00007ffc0bd05000 	C:\WINDOWS\SYSTEM32\ntdll.dll
0x00007ffc0a950000 - 0x00007ffc0aa0d000 	C:\WINDOWS\System32\KERNEL32.DLL
0x00007ffc09630000 - 0x00007ffc098f9000 	C:\WINDOWS\System32\KERNELBASE.dll
0x00007ffc0a150000 - 0x00007ffc0a1fc000 	C:\WINDOWS\System32\ADVAPI32.dll
0x00007ffc0aa10000 - 0x00007ffc0aaae000 	C:\WINDOWS\System32\msvcrt.dll
0x00007ffc0b140000 - 0x00007ffc0b1dc000 	C:\WINDOWS\System32\sechost.dll
0x00007ffc09d60000 - 0x00007ffc09e8b000 	C:\WINDOWS\System32\RPCRT4.dll
0x00007ffc0aab0000 - 0x00007ffc0ac50000 	C:\WINDOWS\System32\USER32.dll
0x00007ffc09600000 - 0x00007ffc09622000 	C:\WINDOWS\System32\win32u.dll
0x00007ffc0b1e0000 - 0x00007ffc0b20a000 	C:\WINDOWS\System32\GDI32.dll
0x00007ffc09250000 - 0x00007ffc0935b000 	C:\WINDOWS\System32\gdi32full.dll
0x00007ffc093e0000 - 0x00007ffc0947d000 	C:\WINDOWS\System32\msvcp_win.dll
0x00007ffc09480000 - 0x00007ffc09580000 	C:\WINDOWS\System32\ucrtbase.dll
0x00007ffbeab90000 - 0x00007ffbeae2a000 	C:\WINDOWS\WinSxS\amd64_microsoft.windows.common-controls_6595b64144ccf1df_6.0.19041.844_none_ca00b6081b84eb1d\COMCTL32.dll
0x00007ffc0ac50000 - 0x00007ffc0ac80000 	C:\WINDOWS\System32\IMM32.DLL
0x000000006dfd0000 - 0x000000006e0a2000 	C:\Program Files\Android\Android Studio\jre\jre\bin\msvcr100.dll
0x000000006e190000 - 0x000000006e9db000 	C:\Program Files\Android\Android Studio\jre\jre\bin\server\jvm.dll
0x00007ffc0b010000 - 0x00007ffc0b018000 	C:\WINDOWS\System32\PSAPI.DLL
0x00007ffc01850000 - 0x00007ffc0185a000 	C:\WINDOWS\SYSTEM32\VERSION.dll
0x00007ffbef390000 - 0x00007ffbef399000 	C:\WINDOWS\SYSTEM32\WSOCK32.dll
0x00007ffbfacb0000 - 0x00007ffbfacd7000 	C:\WINDOWS\SYSTEM32\WINMM.dll
0x00007ffc0b9b0000 - 0x00007ffc0ba1b000 	C:\WINDOWS\System32\WS2_32.dll
0x00007ffc00780000 - 0x00007ffc0078f000 	C:\Program Files\Android\Android Studio\jre\jre\bin\verify.dll
0x00007ffbe6790000 - 0x00007ffbe67b9000 	C:\Program Files\Android\Android Studio\jre\jre\bin\java.dll
0x00007ffc00760000 - 0x00007ffc00776000 	C:\Program Files\Android\Android Studio\jre\jre\bin\zip.dll
0x00007ffc0a200000 - 0x00007ffc0a942000 	C:\WINDOWS\System32\SHELL32.dll
0x00007ffc06cd0000 - 0x00007ffc07460000 	C:\WINDOWS\SYSTEM32\windows.storage.dll
0x00007ffc0aca0000 - 0x00007ffc0aff5000 	C:\WINDOWS\System32\combase.dll
0x00007ffc08bf0000 - 0x00007ffc08c1c000 	C:\WINDOWS\SYSTEM32\Wldp.dll
0x00007ffc0b210000 - 0x00007ffc0b2be000 	C:\WINDOWS\System32\SHCORE.dll
0x00007ffc09bd0000 - 0x00007ffc09c25000 	C:\WINDOWS\System32\shlwapi.dll
0x00007ffc09190000 - 0x00007ffc091af000 	C:\WINDOWS\SYSTEM32\profapi.dll
0x00007ffbe6770000 - 0x00007ffbe678a000 	C:\Program Files\Android\Android Studio\jre\jre\bin\net.dll
0x00007ffc08970000 - 0x00007ffc089da000 	C:\WINDOWS\system32\mswsock.dll
0x00007ffbe6750000 - 0x00007ffbe6763000 	C:\Program Files\Android\Android Studio\jre\jre\bin\nio.dll
0x00007ffbe5f10000 - 0x00007ffbe5f37000 	C:\Users\KimHanbi\.gradle\native\f6784746aeab05261644944871eae4fe03e0ef1612fff0a4a95f87b438bc6780\windows-amd64\native-platform.dll
0x00007ffbe6740000 - 0x00007ffbe674d000 	C:\Program Files\Android\Android Studio\jre\jre\bin\management.dll
0x00007ffc08b50000 - 0x00007ffc08b68000 	C:\WINDOWS\SYSTEM32\CRYPTSP.dll
0x00007ffc08310000 - 0x00007ffc08344000 	C:\WINDOWS\system32\rsaenh.dll
0x00007ffc09360000 - 0x00007ffc09387000 	C:\WINDOWS\System32\bcrypt.dll
0x00007ffc09150000 - 0x00007ffc0917e000 	C:\WINDOWS\SYSTEM32\USERENV.dll
0x00007ffc09580000 - 0x00007ffc09600000 	C:\WINDOWS\System32\bcryptprimitives.dll
0x00007ffc08b40000 - 0x00007ffc08b4c000 	C:\WINDOWS\SYSTEM32\CRYPTBASE.dll
0x00007ffc08660000 - 0x00007ffc0869b000 	C:\WINDOWS\SYSTEM32\IPHLPAPI.DLL
0x00007ffc0b320000 - 0x00007ffc0b328000 	C:\WINDOWS\System32\NSI.dll
0x00007ffc02be0000 - 0x00007ffc02bf7000 	C:\WINDOWS\SYSTEM32\dhcpcsvc6.DLL
0x00007ffc02990000 - 0x00007ffc029ad000 	C:\WINDOWS\SYSTEM32\dhcpcsvc.DLL
0x00007ffc086a0000 - 0x00007ffc0876b000 	C:\WINDOWS\SYSTEM32\DNSAPI.dll
0x00007ffc05ae0000 - 0x00007ffc05aeb000 	C:\WINDOWS\SYSTEM32\WINNSI.DLL
0x00007ffc07f80000 - 0x00007ffc07fb3000 	C:\WINDOWS\SYSTEM32\ntmarta.dll
0x00007ffbe6310000 - 0x00007ffbe6334000 	C:\Program Files\Android\Android Studio\jre\jre\bin\sunec.dll
0x00007ffc03aa0000 - 0x00007ffc03aab000 	C:\Program Files\Android\Android Studio\jre\jre\bin\sunmscapi.dll
0x00007ffc09960000 - 0x00007ffc09abf000 	C:\WINDOWS\System32\CRYPT32.dll
0x00007ffc01f00000 - 0x00007ffc01f0a000 	C:\Windows\System32\rasadhlp.dll
0x00007ffc011c0000 - 0x00007ffc0123f000 	C:\WINDOWS\System32\fwpuclnt.dll

VM Arguments:
jvm_args: -Xmx2048m -Dfile.encoding=UTF-8 -Duser.country=KR -Duser.language=ko -Duser.variant 
java_command: org.gradle.launcher.daemon.bootstrap.GradleDaemon 6.5
java_class_path (initial): C:\Users\KimHanbi\.gradle\wrapper\dists\gradle-6.5-all\2oz4ud9k3tuxjg84bbf55q0tn\gradle-6.5\lib\gradle-launcher-6.5.jar
Launcher Type: SUN_STANDARD

Environment Variables:
JAVA_HOME=C:\Program Files\Java\jdk1.8.0_251
CLASSPATH=%classpath%;;;
PATH=C:\Program Files\Java\jdk1.8.0_251\bin;C:\Program Files (x86)\Common Files\Oracle\Java\javapath;C:\Program Files (x86)\Intel\iCLS Client\;C:\Program Files\Intel\iCLS Client\;C:\WINDOWS\system32;C:\WINDOWS;C:\WINDOWS\System32\Wbem;C:\WINDOWS\System32\WindowsPowerShell\v1.0\;C:\Program Files (x86)\Intel\Intel(R) Management Engine Components\DAL;C:\Program Files\Intel\Intel(R) Management Engine Components\DAL;C:\Program Files (x86)\Intel\Intel(R) Management Engine Components\IPT;C:\Program Files\Intel\Intel(R) Management Engine Components\IPT;C:\Program Files\Intel\WiFi\bin\;C:\Program Files\Common Files\Intel\WirelessCommon\;C:\WINDOWS\System32\OpenSSH\;C:\MinGW\bin;C:\Program Files\Java\jdk1.8.0_251\bin;C:\Program Files\Git\cmd;C:\Program Files\MySQL\MySQL Server 8.0\bin;C:\ProgramData\chocolatey\bin;C:\Program Files\nodejs\;C:\Program Files\MySQL\MySQL Shell 8.0\bin\;C:\Python\Python36\Scripts\;C:\Python\Python36\;C:\Users\KimHanbi\AppData\Local\Microsoft\WindowsApps;C:\Users\KimHanbi\AppData\Local\Programs\Microsoft VS Code\bin;C:\Users\KimHanbi\AppData\Roaming\npm;C:\Program Files\Android\Android Studio\jre\bin;C:\Users\KimHanbi\AppData\Local\gitkraken\bin
USERNAME=KimHanbi
OS=Windows_NT
PROCESSOR_IDENTIFIER=Intel64 Family 6 Model 142 Stepping 10, GenuineIntel



---------------  S Y S T E M  ---------------

OS: Windows 10.0 , 64 bit Build 19041 (10.0.19041.804)

CPU:total 8 (initial active 8) (4 cores per cpu, 2 threads per core) family 6 model 142 stepping 10, cmov, cx8, fxsr, mmx, sse, sse2, sse3, ssse3, sse4.1, sse4.2, popcnt, avx, avx2, aes, clmul, erms, 3dnowpref, lzcnt, ht, tsc, tscinvbit, bmi1, bmi2, adx

Memory: 4k page, physical 8217940k(514520k free), swap 8217940k(5228k free)

vm_info: OpenJDK 64-Bit Server VM (25.242-b01) for windows-amd64 JRE (1.8.0_242-release-1644-b01), built by "builder" with MS VC++ 10.0 (VS2010)

time: Tue Apr 13 13:06:09 2021
timezone: 대한민국 표준시
elapsed time: 161 seconds (0d 0h 2m 41s)

