#
# There is insufficient memory for the Java Runtime Environment to continue.
# Native memory allocation (malloc) failed to allocate 1140288 bytes for Chunk::new
# Possible reasons:
#   The system is out of physical RAM or swap space
#   The process is running with CompressedOops enabled, and the Java Heap may be blocking the growth of the native heap
# Possible solutions:
#   Reduce memory load on the system
#   Increase physical memory or swap space
#   Check if swap backing store is full
#   Decrease Java heap size (-Xmx/-Xms)
#   Decrease number of Java threads
#   Decrease Java thread stack sizes (-Xss)
#   Set larger code cache with -XX:ReservedCodeCacheSize=
#   JVM is running with Unscaled Compressed Oops mode in which the Java heap is
#     placed in the first 4GB address space. The Java Heap base address is the
#     maximum limit for the native heap growth. Please use -XX:HeapBaseMinAddress
#     to set the Java Heap base and to place the Java Heap above 4GB virtual address.
# This output file may be truncated or incomplete.
#
#  Out of Memory Error (allocation.cpp:389), pid=852, tid=0x00000000000014f4
#
# JRE version: OpenJDK Runtime Environment (8.0_242-b01) (build 1.8.0_242-release-1644-b01)
# Java VM: OpenJDK 64-Bit Server VM (25.242-b01 mixed mode windows-amd64 compressed oops)
# Failed to write core dump. Minidumps are not enabled by default on client versions of Windows
#

---------------  T H R E A D  ---------------

Current thread (0x000000001850a000):  JavaThread "C2 CompilerThread2" daemon [_thread_in_native, id=5364, stack(0x000000001ad00000,0x000000001ae00000)]

Stack: [0x000000001ad00000,0x000000001ae00000]
[error occurred during error reporting (printing stack bounds), id 0xc0000005]

Native frames: (J=compiled Java code, j=interpreted, Vv=VM code, C=native code)


Current CompileTask:
C2:  90728 15435       4       org.objectweb.asm.ClassReader::accept (1376 bytes)


---------------  P R O C E S S  ---------------

Java Threads: ( => current thread )
  0x000000001fff0000 JavaThread "Cache worker for Java compile cache (C:\Users\KimHanbi\AndroidStudioProjects\UntactShop\.gradle\6.5\javaCompile)" [_thread_in_native, id=9188, stack(0x000000001e880000,0x000000001e980000)]
  0x000000001fff7000 JavaThread "Cache worker for Java compile cache (C:\Users\KimHanbi\.gradle\caches\6.5\javaCompile)" [_thread_blocked, id=15060, stack(0x0000000001440000,0x0000000001540000)]
  0x000000002c829800 JavaThread "WorkerExecutor Queue Thread 9" [_thread_blocked, id=11756, stack(0x0000000001200000,0x0000000001300000)]
  0x000000002c821800 JavaThread "stdout" [_thread_in_native, id=13704, stack(0x0000000032940000,0x0000000032a40000)]
  0x000000002c823800 JavaThread "stderr" [_thread_in_native, id=13220, stack(0x0000000032840000,0x0000000032940000)]
  0x000000002c826800 JavaThread "stdout" [_thread_in_native, id=12928, stack(0x0000000032740000,0x0000000032840000)]
  0x000000002c828000 JavaThread "stderr" [_thread_in_native, id=676, stack(0x0000000032640000,0x0000000032740000)]
  0x000000002c827800 JavaThread "stdout" [_thread_in_native, id=8316, stack(0x0000000032540000,0x0000000032640000)]
  0x000000002c826000 JavaThread "stderr" [_thread_in_native, id=7956, stack(0x0000000032440000,0x0000000032540000)]
  0x000000002c825000 JavaThread "stdout" [_thread_in_native, id=14704, stack(0x0000000032340000,0x0000000032440000)]
  0x0000000021105000 JavaThread "stderr" [_thread_in_native, id=12224, stack(0x0000000032240000,0x0000000032340000)]
  0x0000000021102800 JavaThread "stdout" [_thread_in_native, id=10572, stack(0x0000000032140000,0x0000000032240000)]
  0x0000000021102000 JavaThread "stderr" [_thread_in_native, id=4480, stack(0x0000000032040000,0x0000000032140000)]
  0x0000000021103800 JavaThread "stdout" [_thread_in_native, id=7220, stack(0x0000000031f40000,0x0000000032040000)]
  0x00000000210ff000 JavaThread "stderr" [_thread_in_native, id=15320, stack(0x0000000031e40000,0x0000000031f40000)]
  0x0000000021100800 JavaThread "stdout" [_thread_in_native, id=15196, stack(0x0000000031d40000,0x0000000031e40000)]
  0x0000000021104000 JavaThread "stderr" [_thread_in_native, id=10672, stack(0x0000000031c40000,0x0000000031d40000)]
  0x0000000021101000 JavaThread "stdout" [_thread_in_native, id=3360, stack(0x0000000031b40000,0x0000000031c40000)]
  0x00000000210ff800 JavaThread "stderr" [_thread_in_native, id=14860, stack(0x0000000031610000,0x0000000031710000)]
  0x00000000210fd800 JavaThread "pool-2-thread-1" [_thread_blocked, id=9108, stack(0x0000000031730000,0x0000000031830000)]
  0x00000000210f7800 JavaThread "WorkerExecutor Queue Thread 8" [_thread_blocked, id=7984, stack(0x00000000312e0000,0x00000000313e0000)]
  0x00000000210f9000 JavaThread "MarlinRenderer Disposer" daemon [_thread_blocked, id=10212, stack(0x0000000030fe0000,0x00000000310e0000)]
  0x00000000210fe000 JavaThread "Java2D Disposer" daemon [_thread_blocked, id=12880, stack(0x0000000030ee0000,0x0000000030fe0000)]
  0x00000000210f9800 JavaThread "WorkerExecutor Queue Thread 7" [_thread_blocked, id=6020, stack(0x0000000030de0000,0x0000000030ee0000)]
  0x000000001b88d800 JavaThread "Cache worker for execution history cache (C:\Users\KimHanbi\AndroidStudioProjects\UntactShop\.gradle\6.5\executionHistory)" [_thread_blocked, id=8296, stack(0x000000002faf0000,0x000000002fbf0000)]
  0x000000001b88c800 JavaThread "Execution worker for ':' Thread 7" [_thread_blocked, id=2428, stack(0x000000002f9f0000,0x000000002faf0000)]
  0x000000001b893000 JavaThread "Execution worker for ':' Thread 6" [_thread_blocked, id=14756, stack(0x000000002f8f0000,0x000000002f9f0000)]
  0x000000001b890800 JavaThread "Execution worker for ':' Thread 5" [_thread_blocked, id=15040, stack(0x000000002f7f0000,0x000000002f8f0000)]
  0x000000001b88f000 JavaThread "Execution worker for ':' Thread 4" [_thread_blocked, id=8868, stack(0x000000002f6f0000,0x000000002f7f0000)]
  0x000000001b88c000 JavaThread "Execution worker for ':' Thread 3" [_thread_blocked, id=14956, stack(0x000000002f4f0000,0x000000002f5f0000)]
  0x000000001b884800 JavaThread "Execution worker for ':' Thread 2" [_thread_blocked, id=5344, stack(0x000000002e420000,0x000000002e520000)]
  0x000000001b88b000 JavaThread "Execution worker for ':'" [_thread_blocked, id=2760, stack(0x000000002e320000,0x000000002e420000)]
  0x000000001b886000 JavaThread "Cache worker for file content cache (C:\Users\KimHanbi\AndroidStudioProjects\UntactShop\.gradle\6.5\fileContent)" [_thread_blocked, id=8596, stack(0x000000002e020000,0x000000002e120000)]
  0x000000001b885000 JavaThread "Memory manager" [_thread_blocked, id=5552, stack(0x000000002b880000,0x000000002b980000)]
  0x000000001b889800 JavaThread "Cache worker for Build Output Cleanup Cache (C:\Users\KimHanbi\AndroidStudioProjects\UntactShop\.gradle\buildOutputCleanup)" [_thread_blocked, id=10164, stack(0x0000000027410000,0x0000000027510000)]
  0x000000001b886800 JavaThread "jar transforms Thread 99" [_thread_blocked, id=15100, stack(0x000000002a580000,0x000000002a680000)]
  0x000000001fff4000 JavaThread "Build operations Thread 8" [_thread_blocked, id=11320, stack(0x0000000023f80000,0x0000000024080000)]
  0x000000001fff5800 JavaThread "Build operations Thread 7" [_thread_blocked, id=2552, stack(0x0000000023e80000,0x0000000023f80000)]
  0x000000001fff3000 JavaThread "Build operations Thread 6" [_thread_blocked, id=14748, stack(0x0000000023d80000,0x0000000023e80000)]
  0x000000001ffef800 JavaThread "Build operations Thread 5" [_thread_blocked, id=3020, stack(0x0000000023c80000,0x0000000023d80000)]
  0x000000001ffee800 JavaThread "Build operations Thread 4" [_thread_blocked, id=1688, stack(0x0000000023b80000,0x0000000023c80000)]
  0x000000001fff1800 JavaThread "Build operations Thread 3" [_thread_blocked, id=13364, stack(0x0000000023a80000,0x0000000023b80000)]
  0x000000001fff2800 JavaThread "Build operations Thread 2" [_thread_blocked, id=14892, stack(0x0000000023980000,0x0000000023a80000)]
  0x000000001ffed000 JavaThread "Build operations" [_thread_in_native, id=2280, stack(0x0000000023880000,0x0000000023980000)]
  0x000000001bbef000 JavaThread "Cache worker for file content cache (C:\Users\KimHanbi\.gradle\caches\6.5\fileContent)" [_thread_blocked, id=8236, stack(0x0000000023180000,0x0000000023280000)]
  0x000000001bbf2000 JavaThread "Cache worker for execution history cache (C:\Users\KimHanbi\.gradle\caches\6.5\executionHistory)" [_thread_blocked, id=10848, stack(0x0000000022770000,0x0000000022870000)]
  0x000000001bbf5000 JavaThread "Cache worker for cache directory md-rule (C:\Users\KimHanbi\.gradle\caches\6.5\md-rule)" [_thread_blocked, id=7840, stack(0x0000000022670000,0x0000000022770000)]
  0x000000001bbf3800 JavaThread "Cache worker for cache directory md-supplier (C:\Users\KimHanbi\.gradle\caches\6.5\md-supplier)" [_thread_blocked, id=724, stack(0x0000000021420000,0x0000000021520000)]
  0x000000001bbee800 JavaThread "Cache worker for checksums cache (C:\Users\KimHanbi\AndroidStudioProjects\UntactShop\.gradle\checksums)" [_thread_blocked, id=2464, stack(0x0000000021320000,0x0000000021420000)]
  0x000000001bbf1800 JavaThread "Cache worker for file hash cache (C:\Users\KimHanbi\AndroidStudioProjects\UntactShop\.gradle\6.5\fileHashes)" [_thread_blocked, id=8624, stack(0x0000000022570000,0x0000000022670000)]
  0x000000001bbf0000 JavaThread "Cache worker for file hash cache (C:\Users\KimHanbi\.gradle\caches\6.5\fileHashes)" [_thread_blocked, id=6724, stack(0x000000001ee80000,0x000000001ef80000)]
  0x000000001bbf0800 JavaThread "File lock request listener" [_thread_in_native, id=15296, stack(0x000000001ed80000,0x000000001ee80000)]
  0x000000001bbd4800 JavaThread "Cache worker for journal cache (C:\Users\KimHanbi\.gradle\caches\journal-1)" [_thread_blocked, id=13920, stack(0x000000001ec80000,0x000000001ed80000)]
  0x000000001c102000 JavaThread "Thread-9" [_thread_blocked, id=5052, stack(0x000000001e980000,0x000000001ea80000)]
  0x000000001b21c800 JavaThread "Asynchronous log dispatcher for DefaultDaemonConnection: socket connection from /127.0.0.1:2808 to /127.0.0.1:2809" [_thread_blocked, id=6740, stack(0x000000001e780000,0x000000001e880000)]
  0x000000001c044800 JavaThread "Daemon worker" [_thread_blocked, id=10936, stack(0x000000001e680000,0x000000001e780000)]
  0x000000001c042800 JavaThread "Cancel handler" [_thread_blocked, id=2376, stack(0x000000001e480000,0x000000001e580000)]
  0x000000001b6e1000 JavaThread "Handler for socket connection from /127.0.0.1:2808 to /127.0.0.1:2809" [_thread_in_native, id=6760, stack(0x000000001e380000,0x000000001e480000)]
  0x000000001cd1a000 JavaThread "Daemon" [_thread_blocked, id=12900, stack(0x000000001e280000,0x000000001e380000)]
  0x000000001cd16800 JavaThread "Daemon periodic checks" [_thread_blocked, id=15216, stack(0x000000001df80000,0x000000001e080000)]
  0x000000001a6dd800 JavaThread "Incoming local TCP Connector on port 2808" [_thread_in_native, id=14164, stack(0x000000001dda0000,0x000000001dea0000)]
  0x000000001ccbb000 JavaThread "Daemon health stats" [_thread_blocked, id=10248, stack(0x000000001daa0000,0x000000001dba0000)]
  0x000000001a42c000 JavaThread "Service Thread" daemon [_thread_blocked, id=14212, stack(0x000000001af00000,0x000000001b000000)]
  0x000000001a39d800 JavaThread "C1 CompilerThread3" daemon [_thread_blocked, id=5432, stack(0x000000001ae00000,0x000000001af00000)]
=>0x000000001850a000 JavaThread "C2 CompilerThread2" daemon [_thread_in_native, id=5364, stack(0x000000001ad00000,0x000000001ae00000)]
  0x000000001a342800 JavaThread "C2 CompilerThread1" daemon [_thread_in_native, id=12120, stack(0x000000001ac00000,0x000000001ad00000)]
  0x000000001a33e000 JavaThread "C2 CompilerThread0" daemon [_thread_in_native, id=5556, stack(0x000000001ab00000,0x000000001ac00000)]
  0x000000001a33b000 JavaThread "Attach Listener" daemon [_thread_blocked, id=3692, stack(0x000000001aa00000,0x000000001ab00000)]
  0x000000001a398000 JavaThread "Signal Dispatcher" daemon [_thread_blocked, id=7316, stack(0x000000001a900000,0x000000001aa00000)]
  0x000000001a320800 JavaThread "Finalizer" daemon [_thread_blocked, id=9452, stack(0x000000001a800000,0x000000001a900000)]
  0x0000000003488000 JavaThread "Reference Handler" daemon [_thread_blocked, id=13924, stack(0x000000001a700000,0x000000001a800000)]
  0x0000000003392800 JavaThread "main" [_thread_blocked, id=8992, stack(0x0000000003290000,0x0000000003390000)]

Other Threads:
  0x00000000184f6000 VMThread [stack: 0x000000001a200000,0x000000001a300000] [id=6576]
  0x000000001a3cf000 WatcherThread [stack: 0x000000001b000000,0x000000001b100000] [id=4444]

VM state:not at safepoint (normal execution)

VM Mutex/Monitor currently owned by a thread: None

heap address: 0x0000000080000000, size: 2048 MB, Compressed Oops mode: 32-bit
Narrow klass base: 0x0000000000000000, Narrow klass shift: 3
Compressed class space size: 1073741824 Address: 0x0000000100000000

Heap:
 PSYoungGen      total 444928K, used 121307K [0x00000000d5580000, 0x00000000f6300000, 0x0000000100000000)
  eden space 406528K, 23% used [0x00000000d5580000,0x00000000db14a230,0x00000000ee280000)
  from space 38400K, 71% used [0x00000000ee280000,0x00000000efd2cd38,0x00000000f0800000)
  to   space 40448K, 0% used [0x00000000f3b80000,0x00000000f3b80000,0x00000000f6300000)
 ParOldGen       total 191488K, used 99939K [0x0000000080000000, 0x000000008bb00000, 0x00000000d5580000)
  object space 191488K, 52% used [0x0000000080000000,0x0000000086198f80,0x000000008bb00000)
 Metaspace       used 87538K, capacity 91546K, committed 91608K, reserved 1128448K
  class space    used 11466K, capacity 12245K, committed 12288K, reserved 1048576K

Card table byte_map: [0x0000000012850000,0x0000000012c60000] byte_map_base: 0x0000000012450000

Marking Bits: (ParMarkBitMap*) 0x000000006247f030
 Begin Bits: [0x0000000013710000, 0x0000000015710000)
 End Bits:   [0x0000000015710000, 0x0000000017710000)

Polling page: 0x0000000001620000

CodeCache: size=245760Kb used=42572Kb max_used=42685Kb free=203187Kb
 bounds [0x0000000003490000, 0x0000000005e90000, 0x0000000012490000]
 total_blobs=13732 nmethods=12717 adapters=927
 compilation: enabled

Compilation events (10 events):
Event: 90.422 Thread 0x000000001a39d800 15475       3       org.gradle.api.internal.tasks.compile.incremental.analyzer.ClassAnalysisSerializer::read (72 bytes)
Event: 90.424 Thread 0x000000001a39d800 nmethod 15475 0x0000000003fc6f50 code [0x0000000003fc7160, 0x0000000003fc7b68]
Event: 90.624 Thread 0x000000001a39d800 15479       3       org.objectweb.asm.Type::getDimensions (28 bytes)
Event: 90.625 Thread 0x000000001a39d800 nmethod 15479 0x0000000005067210 code [0x00000000050673a0, 0x00000000050677e8]
Event: 90.671 Thread 0x000000001a39d800 15480       3       it.unimi.dsi.fastutil.ints.IntOpenHashSet::iterator (10 bytes)
Event: 90.672 Thread 0x000000001a39d800 nmethod 15480 0x0000000005157e90 code [0x0000000005158000, 0x0000000005158248]
Event: 90.672 Thread 0x000000001a39d800 15481       3       it.unimi.dsi.fastutil.ints.IntOpenHashSet$SetIterator::<init> (6 bytes)
Event: 90.672 Thread 0x000000001a39d800 nmethod 15481 0x0000000004fa3b50 code [0x0000000004fa3cc0, 0x0000000004fa3e48]
Event: 90.672 Thread 0x000000001a39d800 15484       2       it.unimi.dsi.fastutil.ints.IntOpenHashSet$SetIterator::<init> (48 bytes)
Event: 90.673 Thread 0x000000001a39d800 nmethod 15484 0x0000000004fcc2d0 code [0x0000000004fcc420, 0x0000000004fcc5b0]

GC Heap History (10 events):
Event: 51.390 GC heap before
{Heap before GC invocations=17 (full 3):
 PSYoungGen      total 283136K, used 283121K [0x00000000d5580000, 0x00000000edc00000, 0x0000000100000000)
  eden space 263168K, 100% used [0x00000000d5580000,0x00000000e5680000,0x00000000e5680000)
  from space 19968K, 99% used [0x00000000e5680000,0x00000000e69fc780,0x00000000e6a00000)
  to   space 27136K, 0% used [0x00000000ec180000,0x00000000ec180000,0x00000000edc00000)
 ParOldGen       total 96256K, used 42903K [0x0000000080000000, 0x0000000085e00000, 0x00000000d5580000)
  object space 96256K, 44% used [0x0000000080000000,0x00000000829e5c98,0x0000000085e00000)
 Metaspace       used 74821K, capacity 78296K, committed 78552K, reserved 1118208K
  class space    used 10064K, capacity 10720K, committed 10752K, reserved 1048576K
Event: 51.474 GC heap after
Heap after GC invocations=17 (full 3):
 PSYoungGen      total 354304K, used 8617K [0x00000000d5580000, 0x00000000ed180000, 0x0000000100000000)
  eden space 337920K, 0% used [0x00000000d5580000,0x00000000d5580000,0x00000000e9f80000)
  from space 16384K, 52% used [0x00000000ec180000,0x00000000ec9ea440,0x00000000ed180000)
  to   space 25600K, 0% used [0x00000000e9f80000,0x00000000e9f80000,0x00000000eb880000)
 ParOldGen       total 96256K, used 62057K [0x0000000080000000, 0x0000000085e00000, 0x00000000d5580000)
  object space 96256K, 64% used [0x0000000080000000,0x0000000083c9a720,0x0000000085e00000)
 Metaspace       used 74821K, capacity 78296K, committed 78552K, reserved 1118208K
  class space    used 10064K, capacity 10720K, committed 10752K, reserved 1048576K
}
Event: 60.328 GC heap before
{Heap before GC invocations=18 (full 3):
 PSYoungGen      total 354304K, used 346537K [0x00000000d5580000, 0x00000000ed180000, 0x0000000100000000)
  eden space 337920K, 100% used [0x00000000d5580000,0x00000000e9f80000,0x00000000e9f80000)
  from space 16384K, 52% used [0x00000000ec180000,0x00000000ec9ea440,0x00000000ed180000)
  to   space 25600K, 0% used [0x00000000e9f80000,0x00000000e9f80000,0x00000000eb880000)
 ParOldGen       total 96256K, used 62057K [0x0000000080000000, 0x0000000085e00000, 0x00000000d5580000)
  object space 96256K, 64% used [0x0000000080000000,0x0000000083c9a720,0x0000000085e00000)
 Metaspace       used 78997K, capacity 82760K, committed 82904K, reserved 1120256K
  class space    used 10494K, capacity 11248K, committed 11264K, reserved 1048576K
Event: 60.434 GC heap after
Heap after GC invocations=18 (full 3):
 PSYoungGen      total 363520K, used 25583K [0x00000000d5580000, 0x00000000f4000000, 0x0000000100000000)
  eden space 337920K, 0% used [0x00000000d5580000,0x00000000d5580000,0x00000000e9f80000)
  from space 25600K, 99% used [0x00000000e9f80000,0x00000000eb87bd70,0x00000000eb880000)
  to   space 38912K, 0% used [0x00000000f1a00000,0x00000000f1a00000,0x00000000f4000000)
 ParOldGen       total 96256K, used 87306K [0x0000000080000000, 0x0000000085e00000, 0x00000000d5580000)
  object space 96256K, 90% used [0x0000000080000000,0x0000000085542a30,0x0000000085e00000)
 Metaspace       used 78997K, capacity 82760K, committed 82904K, reserved 1120256K
  class space    used 10494K, capacity 11248K, committed 11264K, reserved 1048576K
}
Event: 60.434 GC heap before
{Heap before GC invocations=19 (full 4):
 PSYoungGen      total 363520K, used 25583K [0x00000000d5580000, 0x00000000f4000000, 0x0000000100000000)
  eden space 337920K, 0% used [0x00000000d5580000,0x00000000d5580000,0x00000000e9f80000)
  from space 25600K, 99% used [0x00000000e9f80000,0x00000000eb87bd70,0x00000000eb880000)
  to   space 38912K, 0% used [0x00000000f1a00000,0x00000000f1a00000,0x00000000f4000000)
 ParOldGen       total 96256K, used 87306K [0x0000000080000000, 0x0000000085e00000, 0x00000000d5580000)
  object space 96256K, 90% used [0x0000000080000000,0x0000000085542a30,0x0000000085e00000)
 Metaspace       used 78997K, capacity 82760K, committed 82904K, reserved 1120256K
  class space    used 10494K, capacity 11248K, committed 11264K, reserved 1048576K
Event: 62.351 GC heap after
Heap after GC invocations=19 (full 4):
 PSYoungGen      total 363520K, used 4026K [0x00000000d5580000, 0x00000000f4000000, 0x0000000100000000)
  eden space 337920K, 0% used [0x00000000d5580000,0x00000000d5580000,0x00000000e9f80000)
  from space 25600K, 15% used [0x00000000e9f80000,0x00000000ea36ea38,0x00000000eb880000)
  to   space 38912K, 0% used [0x00000000f1a00000,0x00000000f1a00000,0x00000000f4000000)
 ParOldGen       total 191488K, used 95847K [0x0000000080000000, 0x000000008bb00000, 0x00000000d5580000)
  object space 191488K, 50% used [0x0000000080000000,0x0000000085d99f40,0x000000008bb00000)
 Metaspace       used 78901K, capacity 82470K, committed 82904K, reserved 1120256K
  class space    used 10464K, capacity 11195K, committed 11264K, reserved 1048576K
}
Event: 73.380 GC heap before
{Heap before GC invocations=20 (full 4):
 PSYoungGen      total 363520K, used 341946K [0x00000000d5580000, 0x00000000f4000000, 0x0000000100000000)
  eden space 337920K, 100% used [0x00000000d5580000,0x00000000e9f80000,0x00000000e9f80000)
  from space 25600K, 15% used [0x00000000e9f80000,0x00000000ea36ea38,0x00000000eb880000)
  to   space 38912K, 0% used [0x00000000f1a00000,0x00000000f1a00000,0x00000000f4000000)
 ParOldGen       total 191488K, used 95847K [0x0000000080000000, 0x000000008bb00000, 0x00000000d5580000)
  object space 191488K, 50% used [0x0000000080000000,0x0000000085d99f40,0x000000008bb00000)
 Metaspace       used 84368K, capacity 88136K, committed 88152K, reserved 1126400K
  class space    used 11118K, capacity 11890K, committed 11904K, reserved 1048576K
Event: 73.486 GC heap after
Heap after GC invocations=20 (full 4):
 PSYoungGen      total 426496K, used 19269K [0x00000000d5580000, 0x00000000f2d80000, 0x0000000100000000)
  eden space 406528K, 0% used [0x00000000d5580000,0x00000000d5580000,0x00000000ee280000)
  from space 19968K, 96% used [0x00000000f1a00000,0x00000000f2cd1670,0x00000000f2d80000)
  to   space 38400K, 0% used [0x00000000ee280000,0x00000000ee280000,0x00000000f0800000)
 ParOldGen       total 191488K, used 99931K [0x0000000080000000, 0x000000008bb00000, 0x00000000d5580000)
  object space 191488K, 52% used [0x0000000080000000,0x0000000086196f80,0x000000008bb00000)
 Metaspace       used 84368K, capacity 88136K, committed 88152K, reserved 1126400K
  class space    used 11118K, capacity 11890K, committed 11904K, reserved 1048576K
}
Event: 88.126 GC heap before
{Heap before GC invocations=21 (full 4):
 PSYoungGen      total 426496K, used 425797K [0x00000000d5580000, 0x00000000f2d80000, 0x0000000100000000)
  eden space 406528K, 100% used [0x00000000d5580000,0x00000000ee280000,0x00000000ee280000)
  from space 19968K, 96% used [0x00000000f1a00000,0x00000000f2cd1670,0x00000000f2d80000)
  to   space 38400K, 0% used [0x00000000ee280000,0x00000000ee280000,0x00000000f0800000)
 ParOldGen       total 191488K, used 99931K [0x0000000080000000, 0x000000008bb00000, 0x00000000d5580000)
  object space 191488K, 52% used [0x0000000080000000,0x0000000086196f80,0x000000008bb00000)
 Metaspace       used 87431K, capacity 91408K, committed 91608K, reserved 1128448K
  class space    used 11462K, capacity 12244K, committed 12288K, reserved 1048576K
Event: 88.296 GC heap after
Heap after GC invocations=21 (full 4):
 PSYoungGen      total 444928K, used 27315K [0x00000000d5580000, 0x00000000f6300000, 0x0000000100000000)
  eden space 406528K, 0% used [0x00000000d5580000,0x00000000d5580000,0x00000000ee280000)
  from space 38400K, 71% used [0x00000000ee280000,0x00000000efd2cd38,0x00000000f0800000)
  to   space 40448K, 0% used [0x00000000f3b80000,0x00000000f3b80000,0x00000000f6300000)
 ParOldGen       total 191488K, used 99939K [0x0000000080000000, 0x000000008bb00000, 0x00000000d5580000)
  object space 191488K, 52% used [0x0000000080000000,0x0000000086198f80,0x000000008bb00000)
 Metaspace       used 87431K, capacity 91408K, committed 91608K, reserved 1128448K
  class space    used 11462K, capacity 12244K, committed 12288K, reserved 1048576K
}

Deoptimization events (10 events):
Event: 87.794 Thread 0x000000001fff1800 Uncommon trap: reason=unstable_if action=reinterpret pc=0x0000000003baba10 method=java.lang.StringCoding$StringDecoder.decode([BII)[C @ 20
Event: 87.927 Thread 0x000000001ffee800 Uncommon trap: reason=unstable_if action=reinterpret pc=0x0000000003b7ae3c method=java.lang.StringCoding$StringDecoder.decode([BII)[C @ 20
Event: 88.920 Thread 0x000000001fff3000 Uncommon trap: reason=bimorphic action=maybe_recompile pc=0x0000000005e596a4 method=org.objectweb.asm.ClassReader.readCode(Lorg/objectweb/asm/MethodVisitor;Lorg/objectweb/asm/Context;I)V @ 3275
Event: 88.920 Thread 0x000000001fff3000 Uncommon trap: reason=bimorphic action=maybe_recompile pc=0x0000000005e596a4 method=org.objectweb.asm.ClassReader.readCode(Lorg/objectweb/asm/MethodVisitor;Lorg/objectweb/asm/Context;I)V @ 3275
Event: 88.922 Thread 0x000000001ffed000 Uncommon trap: reason=bimorphic action=maybe_recompile pc=0x0000000005e596a4 method=org.objectweb.asm.ClassReader.readCode(Lorg/objectweb/asm/MethodVisitor;Lorg/objectweb/asm/Context;I)V @ 3275
Event: 88.922 Thread 0x000000001ffed000 Uncommon trap: reason=bimorphic action=maybe_recompile pc=0x0000000005e5a34c method=org.objectweb.asm.ClassReader.readCode(Lorg/objectweb/asm/MethodVisitor;Lorg/objectweb/asm/Context;I)V @ 3349
Event: 88.923 Thread 0x000000001fff2800 Uncommon trap: reason=bimorphic action=maybe_recompile pc=0x0000000005e596a4 method=org.objectweb.asm.ClassReader.readCode(Lorg/objectweb/asm/MethodVisitor;Lorg/objectweb/asm/Context;I)V @ 3275
Event: 89.550 Thread 0x000000001ffee800 Uncommon trap: reason=class_check action=maybe_recompile pc=0x0000000004f65694 method=org.objectweb.asm.ClassReader.readMethod(Lorg/objectweb/asm/ClassVisitor;Lorg/objectweb/asm/Context;I)I @ 663
Event: 89.554 Thread 0x000000001ffee800 Uncommon trap: reason=class_check action=maybe_recompile pc=0x0000000004f65694 method=org.objectweb.asm.ClassReader.readMethod(Lorg/objectweb/asm/ClassVisitor;Lorg/objectweb/asm/Context;I)I @ 663
Event: 90.264 Thread 0x000000001ffef800 Uncommon trap: reason=unstable_if action=reinterpret pc=0x0000000005d0d4f4 method=org.objectweb.asm.ClassReader.readUtf(II[C)Ljava/lang/String; @ 41

Classes redefined (0 events):
No events

Internal exceptions (10 events):
Event: 85.426 Thread 0x000000001ffed000 Exception <a 'sun/nio/fs/WindowsException'> (0x00000000e6b68860) thrown at [C:\src\AOSP-openjdk-git\hotspot\src\share\vm\prims\jni.cpp, line 710]
Event: 85.543 Thread 0x000000001ffee800 Exception <a 'sun/nio/fs/WindowsException'> (0x00000000e6adc480) thrown at [C:\src\AOSP-openjdk-git\hotspot\src\share\vm\prims\jni.cpp, line 710]
Event: 85.548 Thread 0x000000001fff3000 Exception <a 'sun/nio/fs/WindowsException'> (0x00000000e6d0c680) thrown at [C:\src\AOSP-openjdk-git\hotspot\src\share\vm\prims\jni.cpp, line 710]
Event: 85.790 Thread 0x000000001fff4000 Exception <a 'sun/nio/fs/WindowsException'> (0x00000000d8651fa0) thrown at [C:\src\AOSP-openjdk-git\hotspot\src\share\vm\prims\jni.cpp, line 710]
Event: 87.462 Thread 0x000000001c044800 Exception <a 'sun/nio/fs/WindowsException'> (0x00000000ec9b39f8) thrown at [C:\src\AOSP-openjdk-git\hotspot\src\share\vm\prims\jni.cpp, line 710]
Event: 87.463 Thread 0x000000001c044800 Exception <a 'sun/nio/fs/WindowsException'> (0x00000000ec9b5268) thrown at [C:\src\AOSP-openjdk-git\hotspot\src\share\vm\prims\jni.cpp, line 710]
Event: 87.467 Thread 0x000000001c044800 Exception <a 'sun/nio/fs/WindowsException'> (0x00000000ec9bd858) thrown at [C:\src\AOSP-openjdk-git\hotspot\src\share\vm\prims\jni.cpp, line 710]
Event: 87.468 Thread 0x000000001c044800 Exception <a 'sun/nio/fs/WindowsException'> (0x00000000ec9bf108) thrown at [C:\src\AOSP-openjdk-git\hotspot\src\share\vm\prims\jni.cpp, line 710]
Event: 87.469 Thread 0x000000001c044800 Exception <a 'sun/nio/fs/WindowsException'> (0x00000000ec9c1b98) thrown at [C:\src\AOSP-openjdk-git\hotspot\src\share\vm\prims\jni.cpp, line 710]
Event: 87.469 Thread 0x000000001c044800 Exception <a 'sun/nio/fs/WindowsException'> (0x00000000ec9c3458) thrown at [C:\src\AOSP-openjdk-git\hotspot\src\share\vm\prims\jni.cpp, line 710]

Events (10 events):
Event: 90.247 Thread 0x000000001fff1800 DEOPT UNPACKING pc=0x00000000034d75d0 sp=0x0000000023b7d1c8 mode 0
Event: 90.263 Thread 0x000000001fff1800 DEOPT PACKING pc=0x0000000003913d9b sp=0x0000000023b7d4a0
Event: 90.263 Thread 0x000000001fff1800 DEOPT UNPACKING pc=0x00000000034d75d0 sp=0x0000000023b7d1c0 mode 0
Event: 90.264 Thread 0x000000001ffef800 Uncommon trap: trap_request=0xffffff65 fr.pc=0x0000000005d0d4f4
Event: 90.264 Thread 0x000000001ffef800 DEOPT PACKING pc=0x0000000005d0d4f4 sp=0x0000000023d7d4a0
Event: 90.264 Thread 0x000000001ffef800 DEOPT UNPACKING pc=0x00000000034d557b sp=0x0000000023d7d358 mode 2
Event: 90.389 Thread 0x000000001fff1800 DEOPT PACKING pc=0x0000000003913d9b sp=0x0000000023b7d4a0
Event: 90.389 Thread 0x000000001fff1800 DEOPT UNPACKING pc=0x00000000034d75d0 sp=0x0000000023b7d1c0 mode 0
Event: 90.506 Thread 0x000000001fff1800 DEOPT PACKING pc=0x0000000003913d9b sp=0x0000000023b7d4a0
Event: 90.506 Thread 0x000000001fff1800 DEOPT UNPACKING pc=0x00000000034d75d0 sp=0x0000000023b7d1c0 mode 0


Dynamic libraries:
0x00007ff742af0000 - 0x00007ff742b21000 	C:\Program Files\Android\Android Studio\jre\bin\java.exe
0x00007ff808e70000 - 0x00007ff809065000 	C:\WINDOWS\SYSTEM32\ntdll.dll
0x00007ff807bc0000 - 0x00007ff807c7d000 	C:\WINDOWS\System32\KERNEL32.DLL
0x00007ff806b50000 - 0x00007ff806e18000 	C:\WINDOWS\System32\KERNELBASE.dll
0x00007ff807210000 - 0x00007ff8072bc000 	C:\WINDOWS\System32\ADVAPI32.dll
0x00007ff807a00000 - 0x00007ff807a9e000 	C:\WINDOWS\System32\msvcrt.dll
0x00007ff807c80000 - 0x00007ff807d1b000 	C:\WINDOWS\System32\sechost.dll
0x00007ff807ed0000 - 0x00007ff807ffb000 	C:\WINDOWS\System32\RPCRT4.dll
0x00007ff807470000 - 0x00007ff807610000 	C:\WINDOWS\System32\USER32.dll
0x00007ff806920000 - 0x00007ff806942000 	C:\WINDOWS\System32\win32u.dll
0x00007ff8072c0000 - 0x00007ff8072ea000 	C:\WINDOWS\System32\GDI32.dll
0x00007ff8067e0000 - 0x00007ff8068eb000 	C:\WINDOWS\System32\gdi32full.dll
0x00007ff806ab0000 - 0x00007ff806b4d000 	C:\WINDOWS\System32\msvcp_win.dll
0x00007ff806630000 - 0x00007ff806730000 	C:\WINDOWS\System32\ucrtbase.dll
0x00007fffeafb0000 - 0x00007fffeb24a000 	C:\WINDOWS\WinSxS\amd64_microsoft.windows.common-controls_6595b64144ccf1df_6.0.19041.844_none_ca00b6081b84eb1d\COMCTL32.dll
0x00007ff807120000 - 0x00007ff807150000 	C:\WINDOWS\System32\IMM32.DLL
0x0000000061bd0000 - 0x0000000061ca2000 	C:\Program Files\Android\Android Studio\jre\jre\bin\msvcr100.dll
0x0000000061cb0000 - 0x00000000624fb000 	C:\Program Files\Android\Android Studio\jre\jre\bin\server\jvm.dll
0x00007ff808e20000 - 0x00007ff808e28000 	C:\WINDOWS\System32\PSAPI.DLL
0x00007ffff1de0000 - 0x00007ffff1de9000 	C:\WINDOWS\SYSTEM32\WSOCK32.dll
0x00007ffffae70000 - 0x00007ffffae97000 	C:\WINDOWS\SYSTEM32\WINMM.dll
0x00007ff807610000 - 0x00007ff80767b000 	C:\WINDOWS\System32\WS2_32.dll
0x00007ffffdfc0000 - 0x00007ffffdfca000 	C:\WINDOWS\SYSTEM32\VERSION.dll
0x00007ff8005d0000 - 0x00007ff8005df000 	C:\Program Files\Android\Android Studio\jre\jre\bin\verify.dll
0x00007ffffe330000 - 0x00007ffffe359000 	C:\Program Files\Android\Android Studio\jre\jre\bin\java.dll
0x00007ffffe530000 - 0x00007ffffe546000 	C:\Program Files\Android\Android Studio\jre\jre\bin\zip.dll
0x00007ff808000000 - 0x00007ff808742000 	C:\WINDOWS\System32\SHELL32.dll
0x00007ff804010000 - 0x00007ff8047a1000 	C:\WINDOWS\SYSTEM32\windows.storage.dll
0x00007ff8076a0000 - 0x00007ff8079f5000 	C:\WINDOWS\System32\combase.dll
0x00007ff805f50000 - 0x00007ff805f7c000 	C:\WINDOWS\SYSTEM32\Wldp.dll
0x00007ff807350000 - 0x00007ff8073fe000 	C:\WINDOWS\System32\SHCORE.dll
0x00007ff8071b0000 - 0x00007ff807205000 	C:\WINDOWS\System32\shlwapi.dll
0x00007ff8064f0000 - 0x00007ff80650f000 	C:\WINDOWS\SYSTEM32\profapi.dll
0x00007ffffe190000 - 0x00007ffffe1aa000 	C:\Program Files\Android\Android Studio\jre\jre\bin\net.dll
0x00007ff805cc0000 - 0x00007ff805d2a000 	C:\WINDOWS\system32\mswsock.dll
0x00007ffffac50000 - 0x00007ffffac63000 	C:\Program Files\Android\Android Studio\jre\jre\bin\nio.dll
0x00007fffdc660000 - 0x00007fffdc687000 	C:\Users\KimHanbi\.gradle\native\f6784746aeab05261644944871eae4fe03e0ef1612fff0a4a95f87b438bc6780\windows-amd64\native-platform.dll
0x00007ffffe3b0000 - 0x00007ffffe3bd000 	C:\Program Files\Android\Android Studio\jre\jre\bin\management.dll
0x00007ff805ea0000 - 0x00007ff805eb8000 	C:\WINDOWS\SYSTEM32\CRYPTSP.dll
0x00007ff805660000 - 0x00007ff805694000 	C:\WINDOWS\system32\rsaenh.dll
0x00007ff8068f0000 - 0x00007ff806917000 	C:\WINDOWS\System32\bcrypt.dll
0x00007ff8064b0000 - 0x00007ff8064de000 	C:\WINDOWS\SYSTEM32\USERENV.dll
0x00007ff8065b0000 - 0x00007ff806630000 	C:\WINDOWS\System32\bcryptprimitives.dll
0x00007ff805e90000 - 0x00007ff805e9c000 	C:\WINDOWS\SYSTEM32\CRYPTBASE.dll
0x00007ff8059b0000 - 0x00007ff8059eb000 	C:\WINDOWS\SYSTEM32\IPHLPAPI.DLL
0x00007ff806ed0000 - 0x00007ff806ed8000 	C:\WINDOWS\System32\NSI.dll
0x00007ff800360000 - 0x00007ff800377000 	C:\WINDOWS\SYSTEM32\dhcpcsvc6.DLL
0x00007ff800340000 - 0x00007ff80035d000 	C:\WINDOWS\SYSTEM32\dhcpcsvc.DLL
0x00007ff8059f0000 - 0x00007ff805abc000 	C:\WINDOWS\SYSTEM32\DNSAPI.dll
0x00007ff801260000 - 0x00007ff80126b000 	C:\WINDOWS\SYSTEM32\WINNSI.DLL
0x00007ffff09d0000 - 0x00007ffff09f4000 	C:\Program Files\Android\Android Studio\jre\jre\bin\sunec.dll
0x00007ffffde90000 - 0x00007ffffde9a000 	C:\Windows\System32\rasadhlp.dll
0x00007ffffcbc0000 - 0x00007ffffcc3f000 	C:\WINDOWS\System32\fwpuclnt.dll
0x00007ffffe1c0000 - 0x00007ffffe1cb000 	C:\Program Files\Android\Android Studio\jre\jre\bin\sunmscapi.dll
0x00007ff806950000 - 0x00007ff806aaf000 	C:\WINDOWS\System32\CRYPT32.dll
0x00007ff8052d0000 - 0x00007ff805303000 	C:\WINDOWS\SYSTEM32\ntmarta.dll
0x00007fffe3440000 - 0x00007fffe35dc000 	C:\Program Files\Android\Android Studio\jre\jre\bin\awt.dll
0x00007ff807e00000 - 0x00007ff807ecd000 	C:\WINDOWS\System32\OLEAUT32.dll
0x00007ff803830000 - 0x00007ff80385f000 	C:\WINDOWS\SYSTEM32\dwmapi.dll
0x00007ff801b40000 - 0x00007ff802100000 	C:\WINDOWS\SYSTEM32\d2d1.dll
0x00007ff802c00000 - 0x00007ff802c90000 	C:\WINDOWS\SYSTEM32\apphelp.dll
0x00007ff803620000 - 0x00007ff8036be000 	C:\WINDOWS\system32\uxtheme.dll

VM Arguments:
jvm_args: -Xmx2048m -Dfile.encoding=UTF-8 -Duser.country=KR -Duser.language=ko -Duser.variant 
java_command: org.gradle.launcher.daemon.bootstrap.GradleDaemon 6.5
java_class_path (initial): C:\Users\KimHanbi\.gradle\wrapper\dists\gradle-6.5-all\2oz4ud9k3tuxjg84bbf55q0tn\gradle-6.5\lib\gradle-launcher-6.5.jar
Launcher Type: SUN_STANDARD

Environment Variables:
JAVA_HOME=C:\Program Files\Java\jdk1.8.0_251
CLASSPATH=%classpath%;;;
PATH=C:\Program Files\Java\jdk1.8.0_251\bin;C:\Program Files (x86)\Common Files\Oracle\Java\javapath;C:\Program Files (x86)\Intel\iCLS Client\;C:\Program Files\Intel\iCLS Client\;C:\WINDOWS\system32;C:\WINDOWS;C:\WINDOWS\System32\Wbem;C:\WINDOWS\System32\WindowsPowerShell\v1.0\;C:\Program Files (x86)\Intel\Intel(R) Management Engine Components\DAL;C:\Program Files\Intel\Intel(R) Management Engine Components\DAL;C:\Program Files (x86)\Intel\Intel(R) Management Engine Components\IPT;C:\Program Files\Intel\Intel(R) Management Engine Components\IPT;C:\Program Files\Intel\WiFi\bin\;C:\Program Files\Common Files\Intel\WirelessCommon\;C:\WINDOWS\System32\OpenSSH\;C:\MinGW\bin;C:\Program Files\Java\jdk1.8.0_251\bin;C:\Program Files\Git\cmd;C:\Program Files\MySQL\MySQL Server 8.0\bin;C:\ProgramData\chocolatey\bin;C:\Program Files\nodejs\;C:\Program Files\MySQL\MySQL Shell 8.0\bin\;C:\Python\Python36\Scripts\;C:\Python\Python36\;C:\Users\KimHanbi\AppData\Local\Microsoft\WindowsApps;C:\Users\KimHanbi\AppData\Local\Programs\Microsoft VS Code\bin;C:\Users\KimHanbi\AppData\Roaming\npm;C:\Program Files\Android\Android Studio\jre\bin;C:\Users\KimHanbi\AppData\Local\gitkraken\bin
USERNAME=KimHanbi
OS=Windows_NT
PROCESSOR_IDENTIFIER=Intel64 Family 6 Model 142 Stepping 10, GenuineIntel



---------------  S Y S T E M  ---------------

OS: Windows 10.0 , 64 bit Build 19041 (10.0.19041.928)

CPU:total 8 (initial active 8) (4 cores per cpu, 2 threads per core) family 6 model 142 stepping 10, cmov, cx8, fxsr, mmx, sse, sse2, sse3, ssse3, sse4.1, sse4.2, popcnt, avx, avx2, aes, clmul, erms, 3dnowpref, lzcnt, ht, tsc, tscinvbit, bmi1, bmi2, adx

Memory: 4k page, physical 8217940k(675096k free), swap 8217940k(6004k free)

vm_info: OpenJDK 64-Bit Server VM (25.242-b01) for windows-amd64 JRE (1.8.0_242-release-1644-b01), built by "builder" with MS VC++ 10.0 (VS2010)

time: Wed May 12 15:34:55 2021
timezone: 대한민국 표준시
elapsed time: 90 seconds (0d 0h 1m 30s)

