#
# There is insufficient memory for the Java Runtime Environment to continue.
# Native memory allocation (malloc) failed to allocate 1754416 bytes for Chunk::new
# Possible reasons:
#   The system is out of physical RAM or swap space
#   The process is running with CompressedOops enabled, and the Java Heap may be blocking the growth of the native heap
# Possible solutions:
#   Reduce memory load on the system
#   Increase physical memory or swap space
#   Check if swap backing store is full
#   Decrease Java heap size (-Xmx/-Xms)
#   Decrease number of Java threads
#   Decrease Java thread stack sizes (-Xss)
#   Set larger code cache with -XX:ReservedCodeCacheSize=
#   JVM is running with Unscaled Compressed Oops mode in which the Java heap is
#     placed in the first 4GB address space. The Java Heap base address is the
#     maximum limit for the native heap growth. Please use -XX:HeapBaseMinAddress
#     to set the Java Heap base and to place the Java Heap above 4GB virtual address.
# This output file may be truncated or incomplete.
#
#  Out of Memory Error (allocation.cpp:389), pid=3600, tid=0x0000000000002860
#
# JRE version: OpenJDK Runtime Environment (8.0_242-b01) (build 1.8.0_242-release-1644-b01)
# Java VM: OpenJDK 64-Bit Server VM (25.242-b01 mixed mode windows-amd64 compressed oops)
# Failed to write core dump. Minidumps are not enabled by default on client versions of Windows
#

---------------  T H R E A D  ---------------

Current thread (0x000000001a68d000):  JavaThread "C2 CompilerThread0" daemon [_thread_in_native, id=10336, stack(0x000000001ae50000,0x000000001af50000)]

Stack: [0x000000001ae50000,0x000000001af50000]
[error occurred during error reporting (printing stack bounds), id 0xc0000005]

Native frames: (J=compiled Java code, j=interpreted, Vv=VM code, C=native code)


Current CompileTask:
C2:  95375 12363       4       com.android.utils.PositionXmlParser::getPositionHelper (757 bytes)


---------------  P R O C E S S  ---------------

Java Threads: ( => current thread )
  0x000000002022e800 JavaThread "stdout" [_thread_in_native, id=8908, stack(0x0000000026840000,0x0000000026940000)]
  0x0000000020233000 JavaThread "stderr" [_thread_in_native, id=8892, stack(0x0000000026740000,0x0000000026840000)]
  0x000000002022e000 JavaThread "stdout" [_thread_in_native, id=428, stack(0x0000000026640000,0x0000000026740000)]
  0x0000000020229800 JavaThread "stderr" [_thread_in_native, id=13916, stack(0x0000000026540000,0x0000000026640000)]
  0x0000000020228000 JavaThread "stdout" [_thread_in_native, id=1780, stack(0x0000000026440000,0x0000000026540000)]
  0x0000000020109000 JavaThread "stderr" [_thread_in_native, id=11276, stack(0x0000000026340000,0x0000000026440000)]
  0x0000000020108800 JavaThread "stdout" [_thread_in_native, id=11948, stack(0x0000000026240000,0x0000000026340000)]
  0x0000000020104800 JavaThread "stderr" [_thread_in_native, id=1928, stack(0x0000000026140000,0x0000000026240000)]
  0x0000000020107800 JavaThread "stdout" [_thread_in_native, id=10140, stack(0x0000000026040000,0x0000000026140000)]
  0x0000000020107000 JavaThread "stderr" [_thread_in_native, id=13436, stack(0x0000000025e10000,0x0000000025f10000)]
  0x0000000020106000 JavaThread "stdout" [_thread_in_native, id=9392, stack(0x0000000025d10000,0x0000000025e10000)]
  0x0000000020104000 JavaThread "stderr" [_thread_in_native, id=9884, stack(0x0000000025c10000,0x0000000025d10000)]
  0x0000000020103000 JavaThread "stdout" [_thread_in_native, id=9344, stack(0x0000000025b10000,0x0000000025c10000)]
  0x00000000200fe800 JavaThread "stderr" [_thread_in_native, id=10844, stack(0x0000000025a10000,0x0000000025b10000)]
  0x0000000020102800 JavaThread "stdout" [_thread_in_native, id=4032, stack(0x0000000025910000,0x0000000025a10000)]
  0x0000000020963000 JavaThread "stderr" [_thread_in_native, id=6496, stack(0x0000000025810000,0x0000000025910000)]
  0x0000000020964800 JavaThread "pool-2-thread-1" [_thread_blocked, id=13868, stack(0x00000000252f0000,0x00000000253f0000)]
  0x0000000020961000 JavaThread "WorkerExecutor Queue Thread 8" [_thread_blocked, id=12252, stack(0x00000000251f0000,0x00000000252f0000)]
  0x0000000020964000 JavaThread "MarlinRenderer Disposer" daemon [_thread_blocked, id=11156, stack(0x0000000024bf0000,0x0000000024cf0000)]
  0x0000000020961800 JavaThread "Java2D Disposer" daemon [_thread_blocked, id=10444, stack(0x0000000024af0000,0x0000000024bf0000)]
  0x0000000020967000 JavaThread "WorkerExecutor Queue Thread 7" [_thread_blocked, id=2532, stack(0x00000000249f0000,0x0000000024af0000)]
  0x0000000020962800 JavaThread "WorkerExecutor Queue Thread 6" [_thread_blocked, id=1132, stack(0x00000000248f0000,0x00000000249f0000)]
  0x0000000020965800 JavaThread "WorkerExecutor Queue Thread 5" [_thread_blocked, id=10352, stack(0x00000000233f0000,0x00000000234f0000)]
  0x0000000020960000 JavaThread "WorkerExecutor Queue Thread 4" [_thread_blocked, id=2352, stack(0x000000001ebd0000,0x000000001ecd0000)]
  0x0000000020958800 JavaThread "WorkerExecutor Queue Thread 3" [_thread_blocked, id=14072, stack(0x00000000017e0000,0x00000000018e0000)]
  0x000000002095f800 JavaThread "WorkerExecutor Queue Thread 2" [_thread_blocked, id=14100, stack(0x00000000015e0000,0x00000000016e0000)]
  0x0000000020235800 JavaThread "WorkerExecutor Queue" [_thread_blocked, id=7896, stack(0x000000002e290000,0x000000002e390000)]
  0x0000000020231800 JavaThread "Cache worker for execution history cache (C:\Users\KimHanbi\AndroidStudioProjects\UntactShop\.gradle\6.5\executionHistory)" [_thread_blocked, id=2584, stack(0x000000002ebe0000,0x000000002ece0000)]
  0x0000000020231000 JavaThread "Execution worker for ':' Thread 7" [_thread_blocked, id=13920, stack(0x000000002eae0000,0x000000002ebe0000)]
  0x0000000020234000 JavaThread "Execution worker for ':' Thread 6" [_thread_blocked, id=4200, stack(0x000000002e9e0000,0x000000002eae0000)]
  0x0000000020237000 JavaThread "Execution worker for ':' Thread 5" [_thread_blocked, id=2728, stack(0x000000002e8e0000,0x000000002e9e0000)]
  0x0000000020234800 JavaThread "Execution worker for ':' Thread 4" [_thread_blocked, id=4252, stack(0x000000002e7e0000,0x000000002e8e0000)]
  0x0000000020230000 JavaThread "Execution worker for ':' Thread 3" [_thread_in_Java, id=1952, stack(0x000000002e6e0000,0x000000002e7e0000)]
  0x0000000020236000 JavaThread "Execution worker for ':' Thread 2" [_thread_blocked, id=4308, stack(0x000000002e5e0000,0x000000002e6e0000)]
  0x000000002022c800 JavaThread "Execution worker for ':'" [_thread_blocked, id=6068, stack(0x000000002d190000,0x000000002d290000)]
  0x000000002022f800 JavaThread "Cache worker for file content cache (C:\Users\KimHanbi\AndroidStudioProjects\UntactShop\.gradle\6.5\fileContent)" [_thread_blocked, id=3652, stack(0x000000002b9c0000,0x000000002bac0000)]
  0x000000002022b000 JavaThread "Memory manager" [_thread_blocked, id=13956, stack(0x0000000025f40000,0x0000000026040000)]
  0x000000002022d000 JavaThread "Cache worker for Build Output Cleanup Cache (C:\Users\KimHanbi\AndroidStudioProjects\UntactShop\.gradle\buildOutputCleanup)" [_thread_blocked, id=11176, stack(0x000000002acc0000,0x000000002adc0000)]
  0x0000000020101800 JavaThread "Build operations Thread 8" [_thread_blocked, id=14008, stack(0x00000000242f0000,0x00000000243f0000)]
  0x0000000020105800 JavaThread "Build operations Thread 7" [_thread_blocked, id=7772, stack(0x00000000241f0000,0x00000000242f0000)]
  0x00000000200fb000 JavaThread "Build operations Thread 6" [_thread_blocked, id=2608, stack(0x00000000240f0000,0x00000000241f0000)]
  0x00000000200fc800 JavaThread "Build operations Thread 5" [_thread_blocked, id=10852, stack(0x0000000023ff0000,0x00000000240f0000)]
  0x00000000200fa000 JavaThread "Build operations Thread 4" [_thread_blocked, id=12744, stack(0x0000000023ef0000,0x0000000023ff0000)]
  0x00000000200ff800 JavaThread "Build operations Thread 3" [_thread_blocked, id=13480, stack(0x0000000023df0000,0x0000000023ef0000)]
  0x0000000020101000 JavaThread "Build operations Thread 2" [_thread_blocked, id=412, stack(0x0000000023cf0000,0x0000000023df0000)]
  0x00000000200fe000 JavaThread "Build operations" [_thread_blocked, id=3880, stack(0x0000000023bf0000,0x0000000023cf0000)]
  0x000000001a997800 JavaThread "Cache worker for file content cache (C:\Users\KimHanbi\.gradle\caches\6.5\fileContent)" [_thread_blocked, id=3184, stack(0x00000000234f0000,0x00000000235f0000)]
  0x000000001a994800 JavaThread "Cache worker for execution history cache (C:\Users\KimHanbi\.gradle\caches\6.5\executionHistory)" [_thread_blocked, id=5400, stack(0x0000000022cf0000,0x0000000022df0000)]
  0x000000001a997000 JavaThread "Cache worker for cache directory md-rule (C:\Users\KimHanbi\.gradle\caches\6.5\md-rule)" [_thread_blocked, id=10468, stack(0x0000000022bf0000,0x0000000022cf0000)]
  0x000000001a996000 JavaThread "Cache worker for cache directory md-supplier (C:\Users\KimHanbi\.gradle\caches\6.5\md-supplier)" [_thread_blocked, id=5536, stack(0x00000000218a0000,0x00000000219a0000)]
  0x000000001a994000 JavaThread "Cache worker for checksums cache (C:\Users\KimHanbi\AndroidStudioProjects\UntactShop\.gradle\checksums)" [_thread_blocked, id=2300, stack(0x00000000217a0000,0x00000000218a0000)]
  0x000000001a991000 JavaThread "Cache worker for file hash cache (C:\Users\KimHanbi\AndroidStudioProjects\UntactShop\.gradle\6.5\fileHashes)" [_thread_blocked, id=3180, stack(0x00000000204a0000,0x00000000205a0000)]
  0x000000001a992800 JavaThread "Cache worker for file hash cache (C:\Users\KimHanbi\.gradle\caches\6.5\fileHashes)" [_thread_blocked, id=10716, stack(0x000000001f1d0000,0x000000001f2d0000)]
  0x000000001a993000 JavaThread "File lock request listener" [_thread_in_native, id=11048, stack(0x000000001f0d0000,0x000000001f1d0000)]
  0x000000001c5b0000 JavaThread "Cache worker for journal cache (C:\Users\KimHanbi\.gradle\caches\journal-1)" [_thread_blocked, id=12732, stack(0x000000001efd0000,0x000000001f0d0000)]
  0x000000001bbd9000 JavaThread "Thread-9" [_thread_blocked, id=14324, stack(0x000000001ecd0000,0x000000001edd0000)]
  0x000000001b934800 JavaThread "Asynchronous log dispatcher for DefaultDaemonConnection: socket connection from /127.0.0.1:8837 to /127.0.0.1:8838" [_thread_blocked, id=5488, stack(0x000000001ead0000,0x000000001ebd0000)]
  0x000000001b5eb800 JavaThread "Daemon worker" [_thread_blocked, id=7884, stack(0x000000001e9d0000,0x000000001ead0000)]
  0x000000001b58c000 JavaThread "Cancel handler" [_thread_blocked, id=5028, stack(0x000000001e7d0000,0x000000001e8d0000)]
  0x000000001b585000 JavaThread "Handler for socket connection from /127.0.0.1:8837 to /127.0.0.1:8838" [_thread_in_native, id=4288, stack(0x000000001e6d0000,0x000000001e7d0000)]
  0x000000001d061000 JavaThread "Daemon" [_thread_blocked, id=10592, stack(0x000000001e5d0000,0x000000001e6d0000)]
  0x000000001d05a800 JavaThread "Daemon periodic checks" [_thread_blocked, id=2916, stack(0x000000001e2d0000,0x000000001e3d0000)]
  0x000000001aa13800 JavaThread "Incoming local TCP Connector on port 8837" [_thread_in_native, id=1048, stack(0x000000001e0f0000,0x000000001e1f0000)]
  0x000000001cfbf000 JavaThread "Daemon health stats" [_thread_blocked, id=11128, stack(0x000000001ddf0000,0x000000001def0000)]
  0x000000001a774800 JavaThread "Service Thread" daemon [_thread_blocked, id=5092, stack(0x000000001b250000,0x000000001b350000)]
  0x000000001a6eb000 JavaThread "C1 CompilerThread3" daemon [_thread_in_vm, id=4812, stack(0x000000001b150000,0x000000001b250000)]
  0x000000001a693000 JavaThread "C2 CompilerThread2" daemon [_thread_in_native, id=10752, stack(0x000000001b050000,0x000000001b150000)]
  0x000000001a68f000 JavaThread "C2 CompilerThread1" daemon [_thread_in_native, id=11992, stack(0x000000001af50000,0x000000001b050000)]
=>0x000000001a68d000 JavaThread "C2 CompilerThread0" daemon [_thread_in_native, id=10336, stack(0x000000001ae50000,0x000000001af50000)]
  0x000000001a6e8000 JavaThread "Attach Listener" daemon [_thread_blocked, id=12980, stack(0x000000001ad50000,0x000000001ae50000)]
  0x000000001a6e7000 JavaThread "Signal Dispatcher" daemon [_thread_blocked, id=9992, stack(0x000000001ac50000,0x000000001ad50000)]
  0x000000001a670800 JavaThread "Finalizer" daemon [_thread_blocked, id=8900, stack(0x000000001ab50000,0x000000001ac50000)]
  0x0000000003808000 JavaThread "Reference Handler" daemon [_thread_blocked, id=9472, stack(0x000000001aa50000,0x000000001ab50000)]
  0x0000000003712800 JavaThread "main" [_thread_blocked, id=14212, stack(0x00000000031d0000,0x00000000032d0000)]

Other Threads:
  0x0000000018875800 VMThread [stack: 0x000000001a550000,0x000000001a650000] [id=10300]
  0x000000001a775000 WatcherThread [stack: 0x000000001b350000,0x000000001b450000] [id=6356]

VM state:not at safepoint (normal execution)

VM Mutex/Monitor currently owned by a thread: None

heap address: 0x0000000080000000, size: 2048 MB, Compressed Oops mode: 32-bit
Narrow klass base: 0x0000000000000000, Narrow klass shift: 3
Compressed class space size: 1073741824 Address: 0x0000000100000000

Heap:
 PSYoungGen      total 325120K, used 168980K [0x00000000d5580000, 0x00000000ede00000, 0x0000000100000000)
  eden space 298496K, 47% used [0x00000000d5580000,0x00000000de085e68,0x00000000e7900000)
  from space 26624K, 99% used [0x00000000e7900000,0x00000000e92ff3a8,0x00000000e9300000)
  to   space 35840K, 0% used [0x00000000ebb00000,0x00000000ebb00000,0x00000000ede00000)
 ParOldGen       total 121856K, used 69877K [0x0000000080000000, 0x0000000087700000, 0x00000000d5580000)
  object space 121856K, 57% used [0x0000000080000000,0x000000008443d438,0x0000000087700000)
 Metaspace       used 78851K, capacity 82406K, committed 82648K, reserved 1120256K
  class space    used 10453K, capacity 11151K, committed 11264K, reserved 1048576K

Card table byte_map: [0x0000000012bd0000,0x0000000012fe0000] byte_map_base: 0x00000000127d0000

Marking Bits: (ParMarkBitMap*) 0x00000000743ff030
 Begin Bits: [0x0000000013a90000, 0x0000000015a90000)
 End Bits:   [0x0000000015a90000, 0x0000000017a90000)

Polling page: 0x0000000001990000

CodeCache: size=245760Kb used=35245Kb max_used=35255Kb free=210514Kb
 bounds [0x0000000003810000, 0x0000000005ab0000, 0x0000000012810000]
 total_blobs=11277 nmethods=10305 adapters=884
 compilation: enabled

Compilation events (10 events):
Event: 95.359 Thread 0x000000001a6eb000 12574       1       kotlin.reflect.jvm.internal.impl.serialization.deserialization.ClassData::component4 (5 bytes)
Event: 95.360 Thread 0x000000001a6eb000 nmethod 12574 0x0000000005a8b790 code [0x0000000005a8b8e0, 0x0000000005a8b9f0]
Event: 95.360 Thread 0x000000001a6eb000 12575       1       kotlin.reflect.jvm.internal.impl.metadata.ProtoBuf$Class::getTypeParameterList (5 bytes)
Event: 95.360 Thread 0x000000001a6eb000 nmethod 12575 0x0000000005a8ba50 code [0x0000000005a8bba0, 0x0000000005a8bcb0]
Event: 95.360 Thread 0x000000001a6eb000 12578       1       kotlin.reflect.jvm.internal.impl.metadata.ProtoBuf$Type$Argument::getType (5 bytes)
Event: 95.360 Thread 0x000000001a6eb000 nmethod 12578 0x0000000005a8bd10 code [0x0000000005a8be60, 0x0000000005a8bf70]
Event: 95.360 Thread 0x000000001a6eb000 12577       1       kotlin.reflect.jvm.internal.impl.serialization.deserialization.DeserializationComponents::getClassDataFinder (5 bytes)
Event: 95.361 Thread 0x000000001a6eb000 nmethod 12577 0x0000000005a8bfd0 code [0x0000000005a8c120, 0x0000000005a8c230]
Event: 95.366 Thread 0x000000001a6eb000 12579       3       kotlin.collections.EmptyList::iterator (7 bytes)
Event: 95.367 Thread 0x000000001a6eb000 nmethod 12579 0x0000000005a8d790 code [0x0000000005a8d8e0, 0x0000000005a8da30]

GC Heap History (10 events):
Event: 61.942 GC heap before
{Heap before GC invocations=18 (full 3):
 PSYoungGen      total 257536K, used 255286K [0x00000000d5580000, 0x00000000e6900000, 0x0000000100000000)
  eden space 242176K, 100% used [0x00000000d5580000,0x00000000e4200000,0x00000000e4200000)
  from space 15360K, 85% used [0x00000000e5a00000,0x00000000e66cd860,0x00000000e6900000)
  to   space 19968K, 0% used [0x00000000e4200000,0x00000000e4200000,0x00000000e5580000)
 ParOldGen       total 121856K, used 37317K [0x0000000080000000, 0x0000000087700000, 0x00000000d5580000)
  object space 121856K, 30% used [0x0000000080000000,0x00000000824714b8,0x0000000087700000)
 Metaspace       used 70365K, capacity 73722K, committed 73944K, reserved 1114112K
  class space    used 9550K, capacity 10185K, committed 10240K, reserved 1048576K
Event: 62.010 GC heap after
Heap after GC invocations=18 (full 3):
 PSYoungGen      total 262144K, used 19943K [0x00000000d5580000, 0x00000000e9180000, 0x0000000100000000)
  eden space 242176K, 0% used [0x00000000d5580000,0x00000000d5580000,0x00000000e4200000)
  from space 19968K, 99% used [0x00000000e4200000,0x00000000e5579ee0,0x00000000e5580000)
  to   space 23040K, 0% used [0x00000000e7b00000,0x00000000e7b00000,0x00000000e9180000)
 ParOldGen       total 121856K, used 37835K [0x0000000080000000, 0x0000000087700000, 0x00000000d5580000)
  object space 121856K, 31% used [0x0000000080000000,0x00000000824f2e38,0x0000000087700000)
 Metaspace       used 70365K, capacity 73722K, committed 73944K, reserved 1114112K
  class space    used 9550K, capacity 10185K, committed 10240K, reserved 1048576K
}
Event: 65.566 GC heap before
{Heap before GC invocations=19 (full 3):
 PSYoungGen      total 262144K, used 262119K [0x00000000d5580000, 0x00000000e9180000, 0x0000000100000000)
  eden space 242176K, 100% used [0x00000000d5580000,0x00000000e4200000,0x00000000e4200000)
  from space 19968K, 99% used [0x00000000e4200000,0x00000000e5579ee0,0x00000000e5580000)
  to   space 23040K, 0% used [0x00000000e7b00000,0x00000000e7b00000,0x00000000e9180000)
 ParOldGen       total 121856K, used 37896K [0x0000000080000000, 0x0000000087700000, 0x00000000d5580000)
  object space 121856K, 31% used [0x0000000080000000,0x0000000082502138,0x0000000087700000)
 Metaspace       used 70469K, capacity 73826K, committed 73944K, reserved 1114112K
  class space    used 9552K, capacity 10189K, committed 10240K, reserved 1048576K
Event: 65.609 GC heap after
Heap after GC invocations=19 (full 3):
 PSYoungGen      total 298496K, used 7652K [0x00000000d5580000, 0x00000000e9000000, 0x0000000100000000)
  eden space 276992K, 0% used [0x00000000d5580000,0x00000000d5580000,0x00000000e6400000)
  from space 21504K, 35% used [0x00000000e7b00000,0x00000000e8279398,0x00000000e9000000)
  to   space 22528K, 0% used [0x00000000e6400000,0x00000000e6400000,0x00000000e7a00000)
 ParOldGen       total 121856K, used 45311K [0x0000000080000000, 0x0000000087700000, 0x00000000d5580000)
  object space 121856K, 37% used [0x0000000080000000,0x0000000082c3ff68,0x0000000087700000)
 Metaspace       used 70469K, capacity 73826K, committed 73944K, reserved 1114112K
  class space    used 9552K, capacity 10189K, committed 10240K, reserved 1048576K
}
Event: 71.448 GC heap before
{Heap before GC invocations=20 (full 3):
 PSYoungGen      total 298496K, used 284644K [0x00000000d5580000, 0x00000000e9000000, 0x0000000100000000)
  eden space 276992K, 100% used [0x00000000d5580000,0x00000000e6400000,0x00000000e6400000)
  from space 21504K, 35% used [0x00000000e7b00000,0x00000000e8279398,0x00000000e9000000)
  to   space 22528K, 0% used [0x00000000e6400000,0x00000000e6400000,0x00000000e7a00000)
 ParOldGen       total 121856K, used 45315K [0x0000000080000000, 0x0000000087700000, 0x00000000d5580000)
  object space 121856K, 37% used [0x0000000080000000,0x0000000082c40df0,0x0000000087700000)
 Metaspace       used 70693K, capacity 74066K, committed 74200K, reserved 1114112K
  class space    used 9554K, capacity 10189K, committed 10240K, reserved 1048576K
Event: 71.484 GC heap after
Heap after GC invocations=20 (full 3):
 PSYoungGen      total 299520K, used 17807K [0x00000000d5580000, 0x00000000eaa80000, 0x0000000100000000)
  eden space 276992K, 0% used [0x00000000d5580000,0x00000000d5580000,0x00000000e6400000)
  from space 22528K, 79% used [0x00000000e6400000,0x00000000e7563dc0,0x00000000e7a00000)
  to   space 24064K, 0% used [0x00000000e9300000,0x00000000e9300000,0x00000000eaa80000)
 ParOldGen       total 121856K, used 45323K [0x0000000080000000, 0x0000000087700000, 0x00000000d5580000)
  object space 121856K, 37% used [0x0000000080000000,0x0000000082c42df0,0x0000000087700000)
 Metaspace       used 70693K, capacity 74066K, committed 74200K, reserved 1114112K
  class space    used 9554K, capacity 10189K, committed 10240K, reserved 1048576K
}
Event: 72.705 GC heap before
{Heap before GC invocations=21 (full 3):
 PSYoungGen      total 299520K, used 294799K [0x00000000d5580000, 0x00000000eaa80000, 0x0000000100000000)
  eden space 276992K, 100% used [0x00000000d5580000,0x00000000e6400000,0x00000000e6400000)
  from space 22528K, 79% used [0x00000000e6400000,0x00000000e7563dc0,0x00000000e7a00000)
  to   space 24064K, 0% used [0x00000000e9300000,0x00000000e9300000,0x00000000eaa80000)
 ParOldGen       total 121856K, used 45326K [0x0000000080000000, 0x0000000087700000, 0x00000000d5580000)
  object space 121856K, 37% used [0x0000000080000000,0x0000000082c439b0,0x0000000087700000)
 Metaspace       used 70696K, capacity 74066K, committed 74200K, reserved 1114112K
  class space    used 9554K, capacity 10189K, committed 10240K, reserved 1048576K
Event: 72.746 GC heap after
Heap after GC invocations=21 (full 3):
 PSYoungGen      total 322560K, used 22136K [0x00000000d5580000, 0x00000000eb800000, 0x0000000100000000)
  eden space 298496K, 0% used [0x00000000d5580000,0x00000000d5580000,0x00000000e7900000)
  from space 24064K, 91% used [0x00000000e9300000,0x00000000ea89e1d0,0x00000000eaa80000)
  to   space 26624K, 0% used [0x00000000e7900000,0x00000000e7900000,0x00000000e9300000)
 ParOldGen       total 121856K, used 55577K [0x0000000080000000, 0x0000000087700000, 0x00000000d5580000)
  object space 121856K, 45% used [0x0000000080000000,0x00000000836464d0,0x0000000087700000)
 Metaspace       used 70696K, capacity 74066K, committed 74200K, reserved 1114112K
  class space    used 9554K, capacity 10189K, committed 10240K, reserved 1048576K
}
Event: 88.101 GC heap before
{Heap before GC invocations=22 (full 3):
 PSYoungGen      total 322560K, used 320632K [0x00000000d5580000, 0x00000000eb800000, 0x0000000100000000)
  eden space 298496K, 100% used [0x00000000d5580000,0x00000000e7900000,0x00000000e7900000)
  from space 24064K, 91% used [0x00000000e9300000,0x00000000ea89e1d0,0x00000000eaa80000)
  to   space 26624K, 0% used [0x00000000e7900000,0x00000000e7900000,0x00000000e9300000)
 ParOldGen       total 121856K, used 55577K [0x0000000080000000, 0x0000000087700000, 0x00000000d5580000)
  object space 121856K, 45% used [0x0000000080000000,0x00000000836464d0,0x0000000087700000)
 Metaspace       used 75079K, capacity 78630K, committed 78808K, reserved 1118208K
  class space    used 9996K, capacity 10695K, committed 10752K, reserved 1048576K
Event: 88.225 GC heap after
Heap after GC invocations=22 (full 3):
 PSYoungGen      total 325120K, used 26620K [0x00000000d5580000, 0x00000000ede00000, 0x0000000100000000)
  eden space 298496K, 0% used [0x00000000d5580000,0x00000000d5580000,0x00000000e7900000)
  from space 26624K, 99% used [0x00000000e7900000,0x00000000e92ff3a8,0x00000000e9300000)
  to   space 35840K, 0% used [0x00000000ebb00000,0x00000000ebb00000,0x00000000ede00000)
 ParOldGen       total 121856K, used 69877K [0x0000000080000000, 0x0000000087700000, 0x00000000d5580000)
  object space 121856K, 57% used [0x0000000080000000,0x000000008443d438,0x0000000087700000)
 Metaspace       used 75079K, capacity 78630K, committed 78808K, reserved 1118208K
  class space    used 9996K, capacity 10695K, committed 10752K, reserved 1048576K
}

Deoptimization events (10 events):
Event: 92.605 Thread 0x0000000020230000 Uncommon trap: reason=unstable_if action=reinterpret pc=0x0000000003df6460 method=java.util.regex.Matcher.match(II)Z @ 30
Event: 92.923 Thread 0x0000000020230000 Uncommon trap: reason=unstable_if action=reinterpret pc=0x00000000058cd57c method=com.sun.org.apache.xerces.internal.dom.ParentNode.internalInsertBefore(Lorg/w3c/dom/Node;Lorg/w3c/dom/Node;Z)Lorg/w3c/dom/Node; @ 572
Event: 92.952 Thread 0x0000000020230000 Uncommon trap: reason=unstable_if action=reinterpret pc=0x0000000003aaeac8 method=java.lang.AbstractStringBuilder.append(Ljava/lang/String;)Ljava/lang/AbstractStringBuilder; @ 1
Event: 93.016 Thread 0x0000000020230000 Uncommon trap: reason=null_check action=make_not_entrant pc=0x00000000055665bc method=com.sun.org.apache.xerces.internal.dom.NamedNodeMapImpl.findNamePoint(Ljava/lang/String;Ljava/lang/String;)I @ 105
Event: 93.150 Thread 0x0000000020230000 Uncommon trap: reason=class_check action=maybe_recompile pc=0x0000000003f31108 method=java.util.HashMap.removeNode(ILjava/lang/Object;Ljava/lang/Object;ZZ)Ljava/util/HashMap$Node; @ 68
Event: 93.279 Thread 0x0000000020230000 Uncommon trap: reason=unstable_if action=reinterpret pc=0x00000000052a4ea0 method=com.sun.org.apache.xerces.internal.impl.XMLDocumentFragmentScannerImpl.getString()Lcom/sun/org/apache/xerces/internal/xni/XMLString; @ 8
Event: 93.279 Thread 0x0000000020230000 Uncommon trap: reason=unstable_if action=reinterpret pc=0x00000000056c0804 method=com.sun.org.apache.xerces.internal.impl.XMLDocumentFragmentScannerImpl.getString()Lcom/sun/org/apache/xerces/internal/xni/XMLString; @ 8
Event: 93.387 Thread 0x0000000020230000 Uncommon trap: reason=bimorphic action=maybe_recompile pc=0x00000000058d205c method=java.io.Writer.append(Ljava/lang/CharSequence;)Ljava/io/Writer; @ 20
Event: 93.694 Thread 0x0000000020230000 Uncommon trap: reason=unstable_if action=reinterpret pc=0x00000000056b47c0 method=sun.misc.URLClassPath$1.next()Z @ 56
Event: 93.696 Thread 0x0000000020230000 Uncommon trap: reason=unstable_if action=reinterpret pc=0x0000000004b730fc method=java.lang.CharacterDataLatin1.isJavaIdentifierPart(I)Z @ 11

Classes redefined (0 events):
No events

Internal exceptions (10 events):
Event: 85.465 Thread 0x000000002095f800 Exception <a 'java/io/FileNotFoundException'> (0x00000000e4e485b0) thrown at [C:\src\AOSP-openjdk-git\hotspot\src\share\vm\prims\jni.cpp, line 710]
Event: 86.223 Thread 0x0000000020234800 Implicit null exception at 0x00000000053e6c87 to 0x00000000053e9085
Event: 89.509 Thread 0x0000000020234800 Exception <a 'java/lang/NoSuchMethodError': <clinit>> (0x00000000d702b788) thrown at [C:\src\AOSP-openjdk-git\hotspot\src\share\vm\prims\jni.cpp, line 1615]
Event: 89.512 Thread 0x0000000020234800 Exception <a 'java/lang/NoSuchMethodError': <clinit>> (0x00000000d703bba8) thrown at [C:\src\AOSP-openjdk-git\hotspot\src\share\vm\prims\jni.cpp, line 1615]
Event: 89.517 Thread 0x0000000020234800 Exception <a 'java/lang/NoSuchMethodError': <clinit>> (0x00000000d704f400) thrown at [C:\src\AOSP-openjdk-git\hotspot\src\share\vm\prims\jni.cpp, line 1615]
Event: 91.203 Thread 0x0000000020230000 Implicit null exception at 0x0000000004bca5aa to 0x0000000004bca92c
Event: 91.211 Thread 0x0000000020230000 Exception <a 'java/lang/NoSuchMethodError': <clinit>> (0x00000000d84655e8) thrown at [C:\src\AOSP-openjdk-git\hotspot\src\share\vm\prims\jni.cpp, line 1615]
Event: 92.952 Thread 0x0000000020230000 Implicit null exception at 0x0000000003aae716 to 0x0000000003aaeab1
Event: 93.016 Thread 0x0000000020230000 Implicit null exception at 0x0000000005565db7 to 0x0000000005566594
Event: 95.114 Thread 0x000000002022b000 Exception <a 'java/lang/NoSuchMethodError': java.lang.Object.lambda$comparingInt$7b0bb60$1(Ljava/util/function/ToIntFunction;Ljava/lang/Object;Ljava/lang/Object;)I> (0x00000000ddc90a60) thrown at [C:\src\AOSP-openjdk-git\hotspot\src\share\vm\interpreter\l

Events (10 events):
Event: 94.990 loading class kotlin/reflect/jvm/internal/UtilKt
Event: 94.990 loading class kotlin/reflect/jvm/internal/UtilKt done
Event: 95.000 loading class kotlin/reflect/jvm/internal/impl/resolve/scopes/InnerClassesScopeWrapper
Event: 95.000 loading class kotlin/reflect/jvm/internal/impl/resolve/scopes/InnerClassesScopeWrapper done
Event: 95.099 loading class org/gradle/workers/internal/WorkerDaemonExpiration$SimpleMemoryExpirationSelector
Event: 95.099 loading class org/gradle/workers/internal/WorkerDaemonExpiration$SimpleMemoryExpirationSelector done
Event: 95.107 loading class org/gradle/workers/internal/WorkerDaemonClient
Event: 95.108 loading class org/gradle/workers/internal/WorkerDaemonClient done
Event: 95.112 loading class org/gradle/workers/internal/WorkerDaemonClient
Event: 95.112 loading class org/gradle/workers/internal/WorkerDaemonClient done


Dynamic libraries:
0x00007ff639970000 - 0x00007ff6399a1000 	C:\Program Files\Android\Android Studio\jre\bin\java.exe
0x00007ffec1690000 - 0x00007ffec1885000 	C:\WINDOWS\SYSTEM32\ntdll.dll
0x00007ffec0700000 - 0x00007ffec07bd000 	C:\WINDOWS\System32\KERNEL32.DLL
0x00007ffebf3c0000 - 0x00007ffebf689000 	C:\WINDOWS\System32\KERNELBASE.dll
0x00007ffebfda0000 - 0x00007ffebfe4c000 	C:\WINDOWS\System32\ADVAPI32.dll
0x00007ffebfa70000 - 0x00007ffebfb0e000 	C:\WINDOWS\System32\msvcrt.dll
0x00007ffebfc80000 - 0x00007ffebfd1c000 	C:\WINDOWS\System32\sechost.dll
0x00007ffec0560000 - 0x00007ffec068b000 	C:\WINDOWS\System32\RPCRT4.dll
0x00007ffebf8d0000 - 0x00007ffebfa70000 	C:\WINDOWS\System32\USER32.dll
0x00007ffebef50000 - 0x00007ffebef72000 	C:\WINDOWS\System32\win32u.dll
0x00007ffec1550000 - 0x00007ffec157a000 	C:\WINDOWS\System32\GDI32.dll
0x00007ffebef80000 - 0x00007ffebf08b000 	C:\WINDOWS\System32\gdi32full.dll
0x00007ffebf190000 - 0x00007ffebf22d000 	C:\WINDOWS\System32\msvcp_win.dll
0x00007ffebedd0000 - 0x00007ffebeed0000 	C:\WINDOWS\System32\ucrtbase.dll
0x00007ffea0220000 - 0x00007ffea04ba000 	C:\WINDOWS\WinSxS\amd64_microsoft.windows.common-controls_6595b64144ccf1df_6.0.19041.844_none_ca00b6081b84eb1d\COMCTL32.dll
0x00007ffec0160000 - 0x00007ffec0190000 	C:\WINDOWS\System32\IMM32.DLL
0x0000000074770000 - 0x0000000074842000 	C:\Program Files\Android\Android Studio\jre\jre\bin\msvcr100.dll
0x0000000073c30000 - 0x000000007447b000 	C:\Program Files\Android\Android Studio\jre\jre\bin\server\jvm.dll
0x00007ffebffc0000 - 0x00007ffebffc8000 	C:\WINDOWS\System32\PSAPI.DLL
0x00007ffea8710000 - 0x00007ffea8719000 	C:\WINDOWS\SYSTEM32\WSOCK32.dll
0x00007ffebffd0000 - 0x00007ffec003b000 	C:\WINDOWS\System32\WS2_32.dll
0x00007ffeb0810000 - 0x00007ffeb0837000 	C:\WINDOWS\SYSTEM32\WINMM.dll
0x00007ffeb7320000 - 0x00007ffeb732a000 	C:\WINDOWS\SYSTEM32\VERSION.dll
0x00007ffeb97f0000 - 0x00007ffeb97ff000 	C:\Program Files\Android\Android Studio\jre\jre\bin\verify.dll
0x00007ffea1ef0000 - 0x00007ffea1f19000 	C:\Program Files\Android\Android Studio\jre\jre\bin\java.dll
0x00007ffeb02a0000 - 0x00007ffeb02b6000 	C:\Program Files\Android\Android Studio\jre\jre\bin\zip.dll
0x00007ffec07c0000 - 0x00007ffec0f02000 	C:\WINDOWS\System32\SHELL32.dll
0x00007ffebc850000 - 0x00007ffebcfe0000 	C:\WINDOWS\SYSTEM32\windows.storage.dll
0x00007ffec01a0000 - 0x00007ffec04f5000 	C:\WINDOWS\System32\combase.dll
0x00007ffebe770000 - 0x00007ffebe79c000 	C:\WINDOWS\SYSTEM32\Wldp.dll
0x00007ffebf820000 - 0x00007ffebf8ce000 	C:\WINDOWS\System32\SHCORE.dll
0x00007ffec0500000 - 0x00007ffec0555000 	C:\WINDOWS\System32\shlwapi.dll
0x00007ffebed10000 - 0x00007ffebed2f000 	C:\WINDOWS\SYSTEM32\profapi.dll
0x00007ffeafd40000 - 0x00007ffeafd5a000 	C:\Program Files\Android\Android Studio\jre\jre\bin\net.dll
0x00007ffebe4f0000 - 0x00007ffebe55a000 	C:\WINDOWS\system32\mswsock.dll
0x00007ffe9bc50000 - 0x00007ffe9bc63000 	C:\Program Files\Android\Android Studio\jre\jre\bin\nio.dll
0x00007ffe98a50000 - 0x00007ffe98a77000 	C:\Users\KimHanbi\.gradle\native\f6784746aeab05261644944871eae4fe03e0ef1612fff0a4a95f87b438bc6780\windows-amd64\native-platform.dll
0x00007ffeac2a0000 - 0x00007ffeac2ad000 	C:\Program Files\Android\Android Studio\jre\jre\bin\management.dll
0x00007ffebe6c0000 - 0x00007ffebe6d8000 	C:\WINDOWS\SYSTEM32\CRYPTSP.dll
0x00007ffebde90000 - 0x00007ffebdec4000 	C:\WINDOWS\system32\rsaenh.dll
0x00007ffebf230000 - 0x00007ffebf257000 	C:\WINDOWS\System32\bcrypt.dll
0x00007ffebec90000 - 0x00007ffebecbe000 	C:\WINDOWS\SYSTEM32\USERENV.dll
0x00007ffebeed0000 - 0x00007ffebef50000 	C:\WINDOWS\System32\bcryptprimitives.dll
0x00007ffebe6e0000 - 0x00007ffebe6ec000 	C:\WINDOWS\SYSTEM32\CRYPTBASE.dll
0x00007ffebe1e0000 - 0x00007ffebe21b000 	C:\WINDOWS\SYSTEM32\IPHLPAPI.DLL
0x00007ffec0190000 - 0x00007ffec0198000 	C:\WINDOWS\System32\NSI.dll
0x00007ffeb8c10000 - 0x00007ffeb8c27000 	C:\WINDOWS\SYSTEM32\dhcpcsvc6.DLL
0x00007ffeb8bf0000 - 0x00007ffeb8c0d000 	C:\WINDOWS\SYSTEM32\dhcpcsvc.DLL
0x00007ffebe220000 - 0x00007ffebe2eb000 	C:\WINDOWS\SYSTEM32\DNSAPI.dll
0x00007ffeb9aa0000 - 0x00007ffeb9aab000 	C:\WINDOWS\SYSTEM32\WINNSI.DLL
0x00007ffebdb00000 - 0x00007ffebdb33000 	C:\WINDOWS\SYSTEM32\ntmarta.dll
0x00007ffe9b6b0000 - 0x00007ffe9b6d4000 	C:\Program Files\Android\Android Studio\jre\jre\bin\sunec.dll
0x00007ffeb7bd0000 - 0x00007ffeb7bda000 	C:\Windows\System32\rasadhlp.dll
0x00007ffeb6fb0000 - 0x00007ffeb702f000 	C:\WINDOWS\System32\fwpuclnt.dll
0x00007ffe9b6a0000 - 0x00007ffe9b6ab000 	C:\Program Files\Android\Android Studio\jre\jre\bin\sunmscapi.dll
0x00007ffebf260000 - 0x00007ffebf3bf000 	C:\WINDOWS\System32\CRYPT32.dll
0x00007ffe7e150000 - 0x00007ffe7e2ec000 	C:\Program Files\Android\Android Studio\jre\jre\bin\awt.dll
0x00007ffec1580000 - 0x00007ffec164d000 	C:\WINDOWS\System32\OLEAUT32.dll
0x00007ffebc070000 - 0x00007ffebc09f000 	C:\WINDOWS\SYSTEM32\dwmapi.dll
0x00007ffeba380000 - 0x00007ffeba940000 	C:\WINDOWS\SYSTEM32\d2d1.dll
0x00007ffebb440000 - 0x00007ffebb4d0000 	C:\WINDOWS\SYSTEM32\apphelp.dll
0x00007ffebbe60000 - 0x00007ffebbefe000 	C:\WINDOWS\system32\uxtheme.dll

VM Arguments:
jvm_args: -Xmx2048m -Dfile.encoding=UTF-8 -Duser.country=KR -Duser.language=ko -Duser.variant 
java_command: org.gradle.launcher.daemon.bootstrap.GradleDaemon 6.5
java_class_path (initial): C:\Users\KimHanbi\.gradle\wrapper\dists\gradle-6.5-all\2oz4ud9k3tuxjg84bbf55q0tn\gradle-6.5\lib\gradle-launcher-6.5.jar
Launcher Type: SUN_STANDARD

Environment Variables:
JAVA_HOME=C:\Program Files\Java\jdk1.8.0_251
CLASSPATH=%classpath%;;;
PATH=C:\Program Files\Java\jdk1.8.0_251\bin;C:\Program Files (x86)\Common Files\Oracle\Java\javapath;C:\Program Files (x86)\Intel\iCLS Client\;C:\Program Files\Intel\iCLS Client\;C:\WINDOWS\system32;C:\WINDOWS;C:\WINDOWS\System32\Wbem;C:\WINDOWS\System32\WindowsPowerShell\v1.0\;C:\Program Files (x86)\Intel\Intel(R) Management Engine Components\DAL;C:\Program Files\Intel\Intel(R) Management Engine Components\DAL;C:\Program Files (x86)\Intel\Intel(R) Management Engine Components\IPT;C:\Program Files\Intel\Intel(R) Management Engine Components\IPT;C:\Program Files\Intel\WiFi\bin\;C:\Program Files\Common Files\Intel\WirelessCommon\;C:\WINDOWS\System32\OpenSSH\;C:\MinGW\bin;C:\Program Files\Java\jdk1.8.0_251\bin;C:\Program Files\Git\cmd;C:\Program Files\MySQL\MySQL Server 8.0\bin;C:\ProgramData\chocolatey\bin;C:\Program Files\nodejs\;C:\Program Files\MySQL\MySQL Shell 8.0\bin\;C:\Python\Python36\Scripts\;C:\Python\Python36\;C:\Users\KimHanbi\AppData\Local\Microsoft\WindowsApps;C:\Users\KimHanbi\AppData\Local\Programs\Microsoft VS Code\bin;C:\Users\KimHanbi\AppData\Roaming\npm;C:\Program Files\Android\Android Studio\jre\bin;C:\Users\KimHanbi\AppData\Local\gitkraken\bin
USERNAME=KimHanbi
OS=Windows_NT
PROCESSOR_IDENTIFIER=Intel64 Family 6 Model 142 Stepping 10, GenuineIntel



---------------  S Y S T E M  ---------------

OS: Windows 10.0 , 64 bit Build 19041 (10.0.19041.804)

CPU:total 8 (initial active 8) (4 cores per cpu, 2 threads per core) family 6 model 142 stepping 10, cmov, cx8, fxsr, mmx, sse, sse2, sse3, ssse3, sse4.1, sse4.2, popcnt, avx, avx2, aes, clmul, erms, 3dnowpref, lzcnt, ht, tsc, tscinvbit, bmi1, bmi2, adx

Memory: 4k page, physical 8217940k(584640k free), swap 8217940k(0k free)

vm_info: OpenJDK 64-Bit Server VM (25.242-b01) for windows-amd64 JRE (1.8.0_242-release-1644-b01), built by "builder" with MS VC++ 10.0 (VS2010)

time: Tue Apr 06 14:10:21 2021
timezone: 대한민국 표준시
elapsed time: 95 seconds (0d 0h 1m 35s)

