#
# There is insufficient memory for the Java Runtime Environment to continue.
# Native memory allocation (malloc) failed to allocate 1110416 bytes for Chunk::new
# Possible reasons:
#   The system is out of physical RAM or swap space
#   The process is running with CompressedOops enabled, and the Java Heap may be blocking the growth of the native heap
# Possible solutions:
#   Reduce memory load on the system
#   Increase physical memory or swap space
#   Check if swap backing store is full
#   Decrease Java heap size (-Xmx/-Xms)
#   Decrease number of Java threads
#   Decrease Java thread stack sizes (-Xss)
#   Set larger code cache with -XX:ReservedCodeCacheSize=
#   JVM is running with Unscaled Compressed Oops mode in which the Java heap is
#     placed in the first 4GB address space. The Java Heap base address is the
#     maximum limit for the native heap growth. Please use -XX:HeapBaseMinAddress
#     to set the Java Heap base and to place the Java Heap above 4GB virtual address.
# This output file may be truncated or incomplete.
#
#  Out of Memory Error (allocation.cpp:389), pid=6644, tid=0x0000000000000cfc
#
# JRE version: OpenJDK Runtime Environment (8.0_242-b01) (build 1.8.0_242-release-1644-b01)
# Java VM: OpenJDK 64-Bit Server VM (25.242-b01 mixed mode windows-amd64 compressed oops)
# Failed to write core dump. Minidumps are not enabled by default on client versions of Windows
#

---------------  T H R E A D  ---------------

Current thread (0x0000000019890000):  JavaThread "C2 CompilerThread0" daemon [_thread_in_native, id=3324, stack(0x000000001a0f0000,0x000000001a1f0000)]

Stack: [0x000000001a0f0000,0x000000001a1f0000]
[error occurred during error reporting (printing stack bounds), id 0xc0000005]

Native frames: (J=compiled Java code, j=interpreted, Vv=VM code, C=native code)


Current CompileTask:
C2: 408639 27595       4       com.android.tools.r8.code.v1::a (4137 bytes)


---------------  P R O C E S S  ---------------

Java Threads: ( => current thread )
  0x000000001f1e4800 JavaThread "ForkJoinPool-3-worker-0" daemon [_thread_blocked, id=7268, stack(0x000000002dd30000,0x000000002de30000)]
  0x000000001f1df800 JavaThread "ForkJoinPool-3-worker-7" daemon [_thread_blocked, id=12864, stack(0x000000002dc30000,0x000000002dd30000)]
  0x000000001f1dd000 JavaThread "ForkJoinPool-3-worker-6" daemon [_thread_blocked, id=1428, stack(0x000000002db30000,0x000000002dc30000)]
  0x000000001f1e4000 JavaThread "ForkJoinPool-3-worker-5" daemon [_thread_blocked, id=13612, stack(0x000000002da30000,0x000000002db30000)]
  0x000000001f1e0000 JavaThread "ForkJoinPool-3-worker-4" daemon [_thread_in_Java, id=9600, stack(0x000000002d930000,0x000000002da30000)]
  0x000000001f1e3000 JavaThread "ForkJoinPool-3-worker-3" daemon [_thread_blocked, id=13536, stack(0x000000002c4b0000,0x000000002c5b0000)]
  0x000000001f1e1800 JavaThread "ForkJoinPool-3-worker-2" daemon [_thread_blocked, id=10424, stack(0x000000002c3b0000,0x000000002c4b0000)]
  0x000000001f1d7000 JavaThread "ForkJoinPool-3-worker-1" daemon [_thread_blocked, id=1624, stack(0x0000000029df0000,0x0000000029ef0000)]
  0x000000001ddcd800 JavaThread "WorkerExecutor Queue Thread 8" [_thread_blocked, id=1920, stack(0x0000000029af0000,0x0000000029bf0000)]
  0x000000001ddd0800 JavaThread "WorkerExecutor Queue Thread 7" [_thread_blocked, id=5372, stack(0x00000000299f0000,0x0000000029af0000)]
  0x000000001ddc6800 JavaThread "WorkerExecutor Queue Thread 3" [_thread_blocked, id=10952, stack(0x000000001cdc0000,0x000000001cec0000)]
  0x000000003467c800 JavaThread "stdout" [_thread_in_native, id=8816, stack(0x0000000041f50000,0x0000000042050000)]
  0x0000000034678800 JavaThread "stderr" [_thread_in_native, id=1900, stack(0x0000000041e50000,0x0000000041f50000)]
  0x000000003467b000 JavaThread "pool-8-thread-1" [_thread_blocked, id=7620, stack(0x0000000041d50000,0x0000000041e50000)]
  0x000000003467f800 JavaThread "WorkerExecutor Queue" [_thread_blocked, id=14296, stack(0x0000000041b50000,0x0000000041c50000)]
  0x0000000034679800 JavaThread "Cache worker for execution history cache (C:\Users\KimHanbi\AndroidStudioProjects\UntactShop\.gradle\6.5\executionHistory)" [_thread_blocked, id=8444, stack(0x0000000041a50000,0x0000000041b50000)]
  0x0000000034671000 JavaThread "Execution worker for ':' Thread 7" [_thread_blocked, id=4536, stack(0x0000000041950000,0x0000000041a50000)]
  0x0000000034678000 JavaThread "Execution worker for ':' Thread 6" [_thread_blocked, id=5064, stack(0x0000000041850000,0x0000000041950000)]
  0x0000000034672800 JavaThread "Execution worker for ':' Thread 5" [_thread_blocked, id=10300, stack(0x0000000041750000,0x0000000041850000)]
  0x0000000034675000 JavaThread "Execution worker for ':' Thread 4" [_thread_blocked, id=12948, stack(0x0000000041650000,0x0000000041750000)]
  0x0000000034672000 JavaThread "Execution worker for ':' Thread 3" [_thread_blocked, id=12604, stack(0x0000000041550000,0x0000000041650000)]
  0x0000000034673800 JavaThread "Execution worker for ':' Thread 2" [_thread_blocked, id=6124, stack(0x0000000041450000,0x0000000041550000)]
  0x0000000034670800 JavaThread "Execution worker for ':'" [_thread_blocked, id=3280, stack(0x0000000041350000,0x0000000041450000)]
  0x0000000034677000 JavaThread "Cache worker for file content cache (C:\Users\KimHanbi\AndroidStudioProjects\UntactShop\.gradle\6.5\fileContent)" [_thread_blocked, id=10616, stack(0x0000000041250000,0x0000000041350000)]
  0x0000000034676800 JavaThread "Cache worker for Build Output Cleanup Cache (C:\Users\KimHanbi\AndroidStudioProjects\UntactShop\.gradle\buildOutputCleanup)" [_thread_blocked, id=13544, stack(0x0000000041150000,0x0000000041250000)]
  0x000000001d8a5800 JavaThread "Build operations Thread 8" [_thread_blocked, id=10832, stack(0x0000000023b90000,0x0000000023c90000)]
  0x000000001d8a3800 JavaThread "Build operations Thread 7" [_thread_blocked, id=2236, stack(0x0000000023680000,0x0000000023780000)]
  0x000000001d8a3000 JavaThread "Build operations Thread 6" [_thread_blocked, id=436, stack(0x0000000023580000,0x0000000023680000)]
  0x000000001d8a7800 JavaThread "Build operations Thread 5" [_thread_blocked, id=6472, stack(0x0000000023480000,0x0000000023580000)]
  0x000000001d8a4800 JavaThread "Build operations Thread 4" [_thread_blocked, id=13944, stack(0x0000000023380000,0x0000000023480000)]
  0x000000001d8a2000 JavaThread "Build operations Thread 3" [_thread_blocked, id=4172, stack(0x0000000023280000,0x0000000023380000)]
  0x000000001d8a9000 JavaThread "Build operations Thread 2" [_thread_blocked, id=4612, stack(0x0000000023180000,0x0000000023280000)]
  0x000000001d8a6000 JavaThread "Build operations" [_thread_blocked, id=6696, stack(0x0000000023080000,0x0000000023180000)]
  0x000000001eb8f000 JavaThread "Cache worker for cache directory md-rule (C:\Users\KimHanbi\.gradle\caches\6.5\md-rule)" [_thread_blocked, id=13276, stack(0x0000000022680000,0x0000000022780000)]
  0x000000001eb87800 JavaThread "Cache worker for cache directory md-supplier (C:\Users\KimHanbi\.gradle\caches\6.5\md-supplier)" [_thread_blocked, id=2136, stack(0x0000000022180000,0x0000000022280000)]
  0x000000001eb8d800 JavaThread "Cache worker for checksums cache (C:\Users\KimHanbi\AndroidStudioProjects\UntactShop\.gradle\checksums)" [_thread_blocked, id=6128, stack(0x0000000021d80000,0x0000000021e80000)]
  0x000000001eb8a800 JavaThread "Cache worker for file hash cache (C:\Users\KimHanbi\AndroidStudioProjects\UntactShop\.gradle\6.5\fileHashes)" [_thread_blocked, id=12768, stack(0x000000001cfc0000,0x000000001d0c0000)]
  0x000000001eb8c000 JavaThread "Thread-167" [_thread_blocked, id=12360, stack(0x000000001cec0000,0x000000001cfc0000)]
  0x000000001eb8d000 JavaThread "Asynchronous log dispatcher for DefaultDaemonConnection: socket connection from /127.0.0.1:3612 to /127.0.0.1:2949" [_thread_blocked, id=2328, stack(0x000000001ccc0000,0x000000001cdc0000)]
  0x000000001eb89000 JavaThread "Daemon worker Thread 2" [_thread_blocked, id=8292, stack(0x000000001cac0000,0x000000001cbc0000)]
  0x000000001eb80000 JavaThread "Cancel handler" [_thread_blocked, id=10780, stack(0x000000001c9c0000,0x000000001cac0000)]
  0x000000001eb87000 JavaThread "Handler for socket connection from /127.0.0.1:3612 to /127.0.0.1:2949" [_thread_in_native, id=2484, stack(0x000000001c8c0000,0x000000001c9c0000)]
  0x000000001eb86000 JavaThread "Daemon Thread 2" [_thread_blocked, id=5412, stack(0x0000000000b00000,0x0000000000c00000)]
  0x000000001ddc9000 JavaThread "Cache worker for Java compile cache (C:\Users\KimHanbi\.gradle\caches\6.5\javaCompile)" [_thread_blocked, id=5924, stack(0x000000002eb60000,0x000000002ec60000)]
  0x000000001d8b0800 JavaThread "Memory manager" [_thread_blocked, id=2408, stack(0x0000000025780000,0x0000000025880000)]
  0x000000001d385800 JavaThread "Cache worker for file content cache (C:\Users\KimHanbi\.gradle\caches\6.5\fileContent)" [_thread_blocked, id=2064, stack(0x0000000022780000,0x0000000022880000)]
  0x000000001d382800 JavaThread "Cache worker for execution history cache (C:\Users\KimHanbi\.gradle\caches\6.5\executionHistory)" [_thread_blocked, id=13520, stack(0x0000000021e80000,0x0000000021f80000)]
  0x000000001d37f800 JavaThread "Cache worker for file hash cache (C:\Users\KimHanbi\.gradle\caches\6.5\fileHashes)" [_thread_blocked, id=9448, stack(0x000000001e490000,0x000000001e590000)]
  0x000000001d383000 JavaThread "File lock request listener" [_thread_in_native, id=3840, stack(0x000000001e390000,0x000000001e490000)]
  0x000000001b98b800 JavaThread "Cache worker for journal cache (C:\Users\KimHanbi\.gradle\caches\journal-1)" [_thread_blocked, id=14144, stack(0x000000001e290000,0x000000001e390000)]
  0x000000001b497000 JavaThread "Daemon periodic checks" [_thread_blocked, id=6216, stack(0x000000001c5c0000,0x000000001c6c0000)]
  0x000000001af16800 JavaThread "Incoming local TCP Connector on port 3612" [_thread_in_native, id=8360, stack(0x000000001c3e0000,0x000000001c4e0000)]
  0x000000001b440800 JavaThread "Daemon health stats" [_thread_blocked, id=2468, stack(0x000000001c0c0000,0x000000001c1c0000)]
  0x0000000019974800 JavaThread "Service Thread" daemon [_thread_blocked, id=10292, stack(0x000000001a4f0000,0x000000001a5f0000)]
  0x0000000017a5e000 JavaThread "C1 CompilerThread3" daemon [_thread_blocked, id=9332, stack(0x000000001a3f0000,0x000000001a4f0000)]
  0x0000000017a5a000 JavaThread "C2 CompilerThread2" daemon [_thread_in_native, id=10944, stack(0x000000001a2f0000,0x000000001a3f0000)]
  0x0000000019892000 JavaThread "C2 CompilerThread1" daemon [_thread_in_native, id=7408, stack(0x000000001a1f0000,0x000000001a2f0000)]
=>0x0000000019890000 JavaThread "C2 CompilerThread0" daemon [_thread_in_native, id=3324, stack(0x000000001a0f0000,0x000000001a1f0000)]
  0x00000000198e8000 JavaThread "Attach Listener" daemon [_thread_blocked, id=10036, stack(0x0000000019ff0000,0x000000001a0f0000)]
  0x00000000198e7000 JavaThread "Signal Dispatcher" daemon [_thread_blocked, id=636, stack(0x0000000019ef0000,0x0000000019ff0000)]
  0x0000000019870800 JavaThread "Finalizer" daemon [_thread_blocked, id=9984, stack(0x0000000019d50000,0x0000000019e50000)]
  0x0000000002998000 JavaThread "Reference Handler" daemon [_thread_blocked, id=8144, stack(0x0000000019c50000,0x0000000019d50000)]
  0x00000000028a2800 JavaThread "main" [_thread_blocked, id=14020, stack(0x0000000002440000,0x0000000002540000)]

Other Threads:
  0x0000000017a45800 VMThread [stack: 0x0000000019750000,0x0000000019850000] [id=1692]
  0x0000000019975000 WatcherThread [stack: 0x000000001a5f0000,0x000000001a6f0000] [id=2964]

VM state:not at safepoint (normal execution)

VM Mutex/Monitor currently owned by a thread: None

heap address: 0x0000000080000000, size: 2048 MB, Compressed Oops mode: 32-bit
Narrow klass base: 0x0000000000000000, Narrow klass shift: 3
Compressed class space size: 1073741824 Address: 0x0000000100000000

Heap:
 PSYoungGen      total 629760K, used 123006K [0x00000000d5580000, 0x0000000100000000, 0x0000000100000000)
  eden space 567296K, 10% used [0x00000000d5580000,0x00000000d90a1530,0x00000000f7f80000)
  from space 62464K, 99% used [0x00000000f7f80000,0x00000000fbc7e500,0x00000000fbc80000)
  to   space 69120K, 0% used [0x00000000fbc80000,0x00000000fbc80000,0x0000000100000000)
 ParOldGen       total 581632K, used 443343K [0x0000000080000000, 0x00000000a3800000, 0x00000000d5580000)
  object space 581632K, 76% used [0x0000000080000000,0x000000009b0f3ef8,0x00000000a3800000)
 Metaspace       used 104191K, capacity 109718K, committed 109912K, reserved 1144832K
  class space    used 13304K, capacity 14338K, committed 14464K, reserved 1048576K

Card table byte_map: [0x0000000011d70000,0x0000000012180000] byte_map_base: 0x0000000011970000

Marking Bits: (ParMarkBitMap*) 0x000000007615f030
 Begin Bits: [0x0000000012c30000, 0x0000000014c30000)
 End Bits:   [0x0000000014c30000, 0x0000000016c30000)

Polling page: 0x0000000002420000

CodeCache: size=245760Kb used=78775Kb max_used=79238Kb free=166984Kb
 bounds [0x00000000029b0000, 0x00000000077d0000, 0x00000000119b0000]
 total_blobs=22116 nmethods=21191 adapters=833
 compilation: enabled

Compilation events (10 events):
Event: 408.289 Thread 0x0000000017a5a000 27590       4       com.android.tools.r8.dex.n::a (149 bytes)
Event: 408.290 Thread 0x0000000017a5e000 nmethod 27629 0x00000000042cf190 code [0x00000000042cf400, 0x00000000042d04c8]
Event: 408.290 Thread 0x0000000017a5e000 27630       2       com.android.tools.r8.code.U3::<init> (7 bytes)
Event: 408.291 Thread 0x0000000017a5e000 nmethod 27630 0x00000000071a4450 code [0x00000000071a45c0, 0x00000000071a4858]
Event: 408.365 Thread 0x0000000017a5e000 27631       2       com.android.tools.r8.code.Z3::<init> (7 bytes)
Event: 408.366 Thread 0x0000000017a5e000 nmethod 27631 0x00000000071a4010 code [0x00000000071a4160, 0x00000000071a4310]
Event: 408.405 Thread 0x0000000017a5a000 nmethod 27590 0x00000000060e9d10 code [0x00000000060e9f00, 0x00000000060eaea8]
Event: 408.406 Thread 0x0000000017a5a000 27605       4       com.android.tools.r8.dex.n::d (498 bytes)
Event: 408.421 Thread 0x0000000017a5e000 27632       2       com.android.tools.r8.code.J2::<init> (7 bytes)
Event: 408.423 Thread 0x0000000017a5e000 nmethod 27632 0x00000000060e9610 code [0x00000000060e9780, 0x00000000060e9a18]

GC Heap History (10 events):
Event: 390.607 GC heap before
{Heap before GC invocations=100 (full 9):
 PSYoungGen      total 620544K, used 586239K [0x00000000d5580000, 0x00000000ff980000, 0x0000000100000000)
  eden space 551424K, 100% used [0x00000000d5580000,0x00000000f7000000,0x00000000f7000000)
  from space 69120K, 50% used [0x00000000fb280000,0x00000000fd47fdc0,0x00000000ff600000)
  to   space 68096K, 0% used [0x00000000f7000000,0x00000000f7000000,0x00000000fb280000)
 ParOldGen       total 581632K, used 349265K [0x0000000080000000, 0x00000000a3800000, 0x00000000d5580000)
  object space 581632K, 60% used [0x0000000080000000,0x00000000955145e8,0x00000000a3800000)
 Metaspace       used 104052K, capacity 109474K, committed 109656K, reserved 1144832K
  class space    used 13291K, capacity 14330K, committed 14464K, reserved 1048576K
Event: 390.695 GC heap after
Heap after GC invocations=100 (full 9):
 PSYoungGen      total 619520K, used 8720K [0x00000000d5580000, 0x00000000ffd00000, 0x0000000100000000)
  eden space 551424K, 0% used [0x00000000d5580000,0x00000000d5580000,0x00000000f7000000)
  from space 68096K, 12% used [0x00000000f7000000,0x00000000f7884020,0x00000000fb280000)
  to   space 67072K, 0% used [0x00000000fbb80000,0x00000000fbb80000,0x00000000ffd00000)
 ParOldGen       total 581632K, used 368501K [0x0000000080000000, 0x00000000a3800000, 0x00000000d5580000)
  object space 581632K, 63% used [0x0000000080000000,0x00000000967dd708,0x00000000a3800000)
 Metaspace       used 104052K, capacity 109474K, committed 109656K, reserved 1144832K
  class space    used 13291K, capacity 14330K, committed 14464K, reserved 1048576K
}
Event: 392.738 GC heap before
{Heap before GC invocations=101 (full 9):
 PSYoungGen      total 619520K, used 560144K [0x00000000d5580000, 0x00000000ffd00000, 0x0000000100000000)
  eden space 551424K, 100% used [0x00000000d5580000,0x00000000f7000000,0x00000000f7000000)
  from space 68096K, 12% used [0x00000000f7000000,0x00000000f7884020,0x00000000fb280000)
  to   space 67072K, 0% used [0x00000000fbb80000,0x00000000fbb80000,0x00000000ffd00000)
 ParOldGen       total 581632K, used 368501K [0x0000000080000000, 0x00000000a3800000, 0x00000000d5580000)
  object space 581632K, 63% used [0x0000000080000000,0x00000000967dd708,0x00000000a3800000)
 Metaspace       used 104053K, capacity 109474K, committed 109656K, reserved 1144832K
  class space    used 13291K, capacity 14330K, committed 14464K, reserved 1048576K
Event: 392.811 GC heap after
Heap after GC invocations=101 (full 9):
 PSYoungGen      total 629760K, used 7776K [0x00000000d5580000, 0x00000000ffd00000, 0x0000000100000000)
  eden space 562688K, 0% used [0x00000000d5580000,0x00000000d5580000,0x00000000f7b00000)
  from space 67072K, 11% used [0x00000000fbb80000,0x00000000fc3183e0,0x00000000ffd00000)
  to   space 66048K, 0% used [0x00000000f7b00000,0x00000000f7b00000,0x00000000fbb80000)
 ParOldGen       total 581632K, used 374967K [0x0000000080000000, 0x00000000a3800000, 0x00000000d5580000)
  object space 581632K, 64% used [0x0000000080000000,0x0000000096e2deb0,0x00000000a3800000)
 Metaspace       used 104053K, capacity 109474K, committed 109656K, reserved 1144832K
  class space    used 13291K, capacity 14330K, committed 14464K, reserved 1048576K
}
Event: 397.116 GC heap before
{Heap before GC invocations=102 (full 9):
 PSYoungGen      total 629760K, used 570464K [0x00000000d5580000, 0x00000000ffd00000, 0x0000000100000000)
  eden space 562688K, 100% used [0x00000000d5580000,0x00000000f7b00000,0x00000000f7b00000)
  from space 67072K, 11% used [0x00000000fbb80000,0x00000000fc3183e0,0x00000000ffd00000)
  to   space 66048K, 0% used [0x00000000f7b00000,0x00000000f7b00000,0x00000000fbb80000)
 ParOldGen       total 581632K, used 374967K [0x0000000080000000, 0x00000000a3800000, 0x00000000d5580000)
  object space 581632K, 64% used [0x0000000080000000,0x0000000096e2deb0,0x00000000a3800000)
 Metaspace       used 104060K, capacity 109538K, committed 109912K, reserved 1144832K
  class space    used 13291K, capacity 14330K, committed 14464K, reserved 1048576K
Event: 397.179 GC heap after
Heap after GC invocations=102 (full 9):
 PSYoungGen      total 628736K, used 9664K [0x00000000d5580000, 0x00000000ffb00000, 0x0000000100000000)
  eden space 562688K, 0% used [0x00000000d5580000,0x00000000d5580000,0x00000000f7b00000)
  from space 66048K, 14% used [0x00000000f7b00000,0x00000000f8470010,0x00000000fbb80000)
  to   space 64000K, 0% used [0x00000000fbc80000,0x00000000fbc80000,0x00000000ffb00000)
 ParOldGen       total 581632K, used 380476K [0x0000000080000000, 0x00000000a3800000, 0x00000000d5580000)
  object space 581632K, 65% used [0x0000000080000000,0x000000009738f2a0,0x00000000a3800000)
 Metaspace       used 104060K, capacity 109538K, committed 109912K, reserved 1144832K
  class space    used 13291K, capacity 14330K, committed 14464K, reserved 1048576K
}
Event: 402.910 GC heap before
{Heap before GC invocations=103 (full 9):
 PSYoungGen      total 628736K, used 572352K [0x00000000d5580000, 0x00000000ffb00000, 0x0000000100000000)
  eden space 562688K, 100% used [0x00000000d5580000,0x00000000f7b00000,0x00000000f7b00000)
  from space 66048K, 14% used [0x00000000f7b00000,0x00000000f8470010,0x00000000fbb80000)
  to   space 64000K, 0% used [0x00000000fbc80000,0x00000000fbc80000,0x00000000ffb00000)
 ParOldGen       total 581632K, used 380476K [0x0000000080000000, 0x00000000a3800000, 0x00000000d5580000)
  object space 581632K, 65% used [0x0000000080000000,0x000000009738f2a0,0x00000000a3800000)
 Metaspace       used 104111K, capacity 109574K, committed 109912K, reserved 1144832K
  class space    used 13299K, capacity 14336K, committed 14464K, reserved 1048576K
Event: 402.954 GC heap after
Heap after GC invocations=103 (full 9):
 PSYoungGen      total 631296K, used 8543K [0x00000000d5580000, 0x00000000ffb00000, 0x0000000100000000)
  eden space 567296K, 0% used [0x00000000d5580000,0x00000000d5580000,0x00000000f7f80000)
  from space 64000K, 13% used [0x00000000fbc80000,0x00000000fc4d7f68,0x00000000ffb00000)
  to   space 62464K, 0% used [0x00000000f7f80000,0x00000000f7f80000,0x00000000fbc80000)
 ParOldGen       total 581632K, used 386316K [0x0000000080000000, 0x00000000a3800000, 0x00000000d5580000)
  object space 581632K, 66% used [0x0000000080000000,0x0000000097943100,0x00000000a3800000)
 Metaspace       used 104111K, capacity 109574K, committed 109912K, reserved 1144832K
  class space    used 13299K, capacity 14336K, committed 14464K, reserved 1048576K
}
Event: 407.871 GC heap before
{Heap before GC invocations=104 (full 9):
 PSYoungGen      total 631296K, used 575839K [0x00000000d5580000, 0x00000000ffb00000, 0x0000000100000000)
  eden space 567296K, 100% used [0x00000000d5580000,0x00000000f7f80000,0x00000000f7f80000)
  from space 64000K, 13% used [0x00000000fbc80000,0x00000000fc4d7f68,0x00000000ffb00000)
  to   space 62464K, 0% used [0x00000000f7f80000,0x00000000f7f80000,0x00000000fbc80000)
 ParOldGen       total 581632K, used 386316K [0x0000000080000000, 0x00000000a3800000, 0x00000000d5580000)
  object space 581632K, 66% used [0x0000000080000000,0x0000000097943100,0x00000000a3800000)
 Metaspace       used 104189K, capacity 109718K, committed 109912K, reserved 1144832K
  class space    used 13304K, capacity 14338K, committed 14464K, reserved 1048576K
Event: 408.166 GC heap after
Heap after GC invocations=104 (full 9):
 PSYoungGen      total 629760K, used 62457K [0x00000000d5580000, 0x0000000100000000, 0x0000000100000000)
  eden space 567296K, 0% used [0x00000000d5580000,0x00000000d5580000,0x00000000f7f80000)
  from space 62464K, 99% used [0x00000000f7f80000,0x00000000fbc7e500,0x00000000fbc80000)
  to   space 69120K, 0% used [0x00000000fbc80000,0x00000000fbc80000,0x0000000100000000)
 ParOldGen       total 581632K, used 443343K [0x0000000080000000, 0x00000000a3800000, 0x00000000d5580000)
  object space 581632K, 76% used [0x0000000080000000,0x000000009b0f3ef8,0x00000000a3800000)
 Metaspace       used 104189K, capacity 109718K, committed 109912K, reserved 1144832K
  class space    used 13304K, capacity 14338K, committed 14464K, reserved 1048576K
}

Deoptimization events (10 events):
Event: 403.198 Thread 0x000000001ddc3000 Uncommon trap: reason=array_check action=maybe_recompile pc=0x0000000003379f60 method=java.util.TimSort.mergeHi(IIII)V @ 171
Event: 403.901 Thread 0x000000001ddcd000 Uncommon trap: reason=unstable_if action=reinterpret pc=0x0000000002e88520 method=com.android.tools.r8.dex.m.c(I)V @ 8
Event: 403.948 Thread 0x000000001ddc3000 Uncommon trap: reason=class_check action=maybe_recompile pc=0x0000000004f9358c method=com.android.tools.r8.code.V0.a(Lcom/android/tools/r8/dex/v;Lcom/android/tools/r8/graph/d0;I)V @ 7
Event: 403.956 Thread 0x000000001ddc3000 Uncommon trap: reason=null_check action=make_not_entrant pc=0x00000000076bbaf8 method=com.android.tools.r8.graph.Q0.a(Lcom/android/tools/r8/graph/j0;)Lcom/android/tools/r8/graph/f0; @ 51
Event: 404.278 Thread 0x000000001ddc6800 Uncommon trap: reason=class_check action=maybe_recompile pc=0x0000000004f9358c method=com.android.tools.r8.code.V0.a(Lcom/android/tools/r8/dex/v;Lcom/android/tools/r8/graph/d0;I)V @ 7
Event: 404.278 Thread 0x000000001ddc6800 Uncommon trap: reason=class_check action=maybe_recompile pc=0x0000000004f9358c method=com.android.tools.r8.code.V0.a(Lcom/android/tools/r8/dex/v;Lcom/android/tools/r8/graph/d0;I)V @ 7
Event: 404.329 Thread 0x000000001ddc6800 Uncommon trap: reason=class_check action=maybe_recompile pc=0x0000000004f9358c method=com.android.tools.r8.code.V0.a(Lcom/android/tools/r8/dex/v;Lcom/android/tools/r8/graph/d0;I)V @ 7
Event: 405.883 Thread 0x000000001d8a4800 Uncommon trap: reason=class_check action=maybe_recompile pc=0x00000000040d76b8 method=com.google.common.cache.LocalCache$Segment.lockedGetOrLoad(Ljava/lang/Object;ILcom/google/common/cache/CacheLoader;)Ljava/lang/Object; @ 129
Event: 406.118 Thread 0x000000001ddce800 Uncommon trap: reason=unloaded action=reinterpret pc=0x00000000066d8a70 method=com.android.tools.r8.code.v1.a(Ljava/nio/ShortBuffer;IILcom/android/tools/r8/graph/h1;)[Lcom/android/tools/r8/code/u1; @ 3302
Event: 406.178 Thread 0x000000001f1d7000 Uncommon trap: reason=unstable_if action=reinterpret pc=0x0000000006add18c method=com.android.tools.r8.dex.n.a(ILjava/util/function/Supplier;)Ljava/lang/Object; @ 1

Classes redefined (0 events):
No events

Internal exceptions (10 events):
Event: 404.861 Thread 0x000000001ddc6800 Exception <a 'sun/nio/fs/WindowsException'> (0x00000000e5edb6f8) thrown at [C:\src\AOSP-openjdk-git\hotspot\src\share\vm\prims\jni.cpp, line 710]
Event: 404.867 Thread 0x000000001ddc6800 Exception <a 'sun/nio/fs/WindowsException'> (0x00000000e5f23d20) thrown at [C:\src\AOSP-openjdk-git\hotspot\src\share\vm\prims\jni.cpp, line 710]
Event: 404.872 Thread 0x000000001ddc6800 Exception <a 'sun/nio/fs/WindowsException'> (0x00000000e5f71578) thrown at [C:\src\AOSP-openjdk-git\hotspot\src\share\vm\prims\jni.cpp, line 710]
Event: 404.877 Thread 0x000000001ddc6800 Exception <a 'sun/nio/fs/WindowsException'> (0x00000000e5fb9eb8) thrown at [C:\src\AOSP-openjdk-git\hotspot\src\share\vm\prims\jni.cpp, line 710]
Event: 404.881 Thread 0x000000001ddc6800 Exception <a 'sun/nio/fs/WindowsException'> (0x00000000e60013b8) thrown at [C:\src\AOSP-openjdk-git\hotspot\src\share\vm\prims\jni.cpp, line 710]
Event: 404.887 Thread 0x000000001ddc6800 Exception <a 'sun/nio/fs/WindowsException'> (0x00000000e604d330) thrown at [C:\src\AOSP-openjdk-git\hotspot\src\share\vm\prims\jni.cpp, line 710]
Event: 404.892 Thread 0x000000001ddc6800 Exception <a 'sun/nio/fs/WindowsException'> (0x00000000e60952b0) thrown at [C:\src\AOSP-openjdk-git\hotspot\src\share\vm\prims\jni.cpp, line 710]
Event: 405.748 Thread 0x000000001ddcd800 Exception <a 'sun/nio/fs/WindowsException'> (0x00000000e77f26e0) thrown at [C:\src\AOSP-openjdk-git\hotspot\src\share\vm\prims\jni.cpp, line 710]
Event: 405.942 Thread 0x000000003467f800 Exception <a 'sun/nio/fs/WindowsException'> (0x00000000eb74e708) thrown at [C:\src\AOSP-openjdk-git\hotspot\src\share\vm\prims\jni.cpp, line 710]
Event: 406.720 Thread 0x000000001f1e4000 Exception <a 'sun/nio/fs/WindowsException'> (0x00000000f0211090) thrown at [C:\src\AOSP-openjdk-git\hotspot\src\share\vm\prims\jni.cpp, line 710]

Events (10 events):
Event: 407.449 Thread 0x000000001f1dd000 DEOPT UNPACKING pc=0x00000000029f75d0 sp=0x000000002dc2ecd0 mode 0
Event: 407.477 Thread 0x0000000017a5e000 flushing nmethod 0x00000000068ff550
Event: 407.615 Thread 0x000000003467e000 Thread exited: 0x000000003467e000
Event: 407.616 Thread 0x000000001ddcd000 Thread exited: 0x000000001ddcd000
Event: 407.643 Thread 0x000000001ddca000 Thread exited: 0x000000001ddca000
Event: 407.644 Thread 0x000000001ddc3000 Thread exited: 0x000000001ddc3000
Event: 407.866 Executing VM operation: ParallelGCFailedAllocation
Event: 408.166 Executing VM operation: ParallelGCFailedAllocation done
Event: 408.441 loading class com/android/tools/r8/dex/n$a
Event: 408.441 loading class com/android/tools/r8/dex/n$a done


Dynamic libraries:
0x00007ff6a8a10000 - 0x00007ff6a8a41000 	C:\Program Files\Android\Android Studio\jre\bin\java.exe
0x00007ffd4f810000 - 0x00007ffd4fa05000 	C:\WINDOWS\SYSTEM32\ntdll.dll
0x00007ffd4e650000 - 0x00007ffd4e70d000 	C:\WINDOWS\System32\KERNEL32.DLL
0x00007ffd4cf80000 - 0x00007ffd4d248000 	C:\WINDOWS\System32\KERNELBASE.dll
0x00007ffd4ef10000 - 0x00007ffd4efbc000 	C:\WINDOWS\System32\ADVAPI32.dll
0x00007ffd4e320000 - 0x00007ffd4e3be000 	C:\WINDOWS\System32\msvcrt.dll
0x00007ffd4dda0000 - 0x00007ffd4de3b000 	C:\WINDOWS\System32\sechost.dll
0x00007ffd4da10000 - 0x00007ffd4db3b000 	C:\WINDOWS\System32\RPCRT4.dll
0x00007ffd4d870000 - 0x00007ffd4da10000 	C:\WINDOWS\System32\USER32.dll
0x00007ffd4d6e0000 - 0x00007ffd4d702000 	C:\WINDOWS\System32\win32u.dll
0x00007ffd4dd10000 - 0x00007ffd4dd3a000 	C:\WINDOWS\System32\GDI32.dll
0x00007ffd4d3c0000 - 0x00007ffd4d4cb000 	C:\WINDOWS\System32\gdi32full.dll
0x00007ffd4d2d0000 - 0x00007ffd4d36d000 	C:\WINDOWS\System32\msvcp_win.dll
0x00007ffd4d4d0000 - 0x00007ffd4d5d0000 	C:\WINDOWS\System32\ucrtbase.dll
0x00007ffd32bc0000 - 0x00007ffd32e5a000 	C:\WINDOWS\WinSxS\amd64_microsoft.windows.common-controls_6595b64144ccf1df_6.0.19041.844_none_ca00b6081b84eb1d\COMCTL32.dll
0x00007ffd4f660000 - 0x00007ffd4f690000 	C:\WINDOWS\System32\IMM32.DLL
0x00000000757d0000 - 0x00000000758a2000 	C:\Program Files\Android\Android Studio\jre\jre\bin\msvcr100.dll
0x0000000075990000 - 0x00000000761db000 	C:\Program Files\Android\Android Studio\jre\jre\bin\server\jvm.dll
0x00007ffd4f030000 - 0x00007ffd4f038000 	C:\WINDOWS\System32\PSAPI.DLL
0x00007ffd33800000 - 0x00007ffd33809000 	C:\WINDOWS\SYSTEM32\WSOCK32.dll
0x00007ffd3e060000 - 0x00007ffd3e087000 	C:\WINDOWS\SYSTEM32\WINMM.dll
0x00007ffd4efc0000 - 0x00007ffd4f02b000 	C:\WINDOWS\System32\WS2_32.dll
0x00007ffd45190000 - 0x00007ffd4519a000 	C:\WINDOWS\SYSTEM32\VERSION.dll
0x00007ffd47880000 - 0x00007ffd4788f000 	C:\Program Files\Android\Android Studio\jre\jre\bin\verify.dll
0x00007ffd464d0000 - 0x00007ffd464f9000 	C:\Program Files\Android\Android Studio\jre\jre\bin\java.dll
0x00007ffd46be0000 - 0x00007ffd46bf6000 	C:\Program Files\Android\Android Studio\jre\jre\bin\zip.dll
0x00007ffd4e7c0000 - 0x00007ffd4ef02000 	C:\WINDOWS\System32\SHELL32.dll
0x00007ffd4a9b0000 - 0x00007ffd4b141000 	C:\WINDOWS\SYSTEM32\windows.storage.dll
0x00007ffd4de40000 - 0x00007ffd4e195000 	C:\WINDOWS\System32\combase.dll
0x00007ffd4c8f0000 - 0x00007ffd4c91c000 	C:\WINDOWS\SYSTEM32\Wldp.dll
0x00007ffd4f720000 - 0x00007ffd4f7ce000 	C:\WINDOWS\System32\SHCORE.dll
0x00007ffd4f4b0000 - 0x00007ffd4f505000 	C:\WINDOWS\System32\shlwapi.dll
0x00007ffd4ce90000 - 0x00007ffd4ceaf000 	C:\WINDOWS\SYSTEM32\profapi.dll
0x00007ffd44c40000 - 0x00007ffd44c5a000 	C:\Program Files\Android\Android Studio\jre\jre\bin\net.dll
0x00007ffd4c660000 - 0x00007ffd4c6ca000 	C:\WINDOWS\system32\mswsock.dll
0x00007ffd44c20000 - 0x00007ffd44c33000 	C:\Program Files\Android\Android Studio\jre\jre\bin\nio.dll
0x00007ffd29c40000 - 0x00007ffd29c67000 	C:\Users\KimHanbi\.gradle\native\f6784746aeab05261644944871eae4fe03e0ef1612fff0a4a95f87b438bc6780\windows-amd64\native-platform.dll
0x00007ffd47860000 - 0x00007ffd4786d000 	C:\Program Files\Android\Android Studio\jre\jre\bin\management.dll
0x00007ffd4c840000 - 0x00007ffd4c858000 	C:\WINDOWS\SYSTEM32\CRYPTSP.dll
0x00007ffd4c000000 - 0x00007ffd4c034000 	C:\WINDOWS\system32\rsaenh.dll
0x00007ffd4cf50000 - 0x00007ffd4cf77000 	C:\WINDOWS\System32\bcrypt.dll
0x00007ffd4ce50000 - 0x00007ffd4ce7e000 	C:\WINDOWS\SYSTEM32\USERENV.dll
0x00007ffd4d250000 - 0x00007ffd4d2d0000 	C:\WINDOWS\System32\bcryptprimitives.dll
0x00007ffd4c830000 - 0x00007ffd4c83c000 	C:\WINDOWS\SYSTEM32\CRYPTBASE.dll
0x00007ffd4c350000 - 0x00007ffd4c38b000 	C:\WINDOWS\SYSTEM32\IPHLPAPI.DLL
0x00007ffd4f510000 - 0x00007ffd4f518000 	C:\WINDOWS\System32\NSI.dll
0x00007ffd46b00000 - 0x00007ffd46b17000 	C:\WINDOWS\SYSTEM32\dhcpcsvc6.DLL
0x00007ffd469f0000 - 0x00007ffd46a0d000 	C:\WINDOWS\SYSTEM32\dhcpcsvc.DLL
0x00007ffd4c390000 - 0x00007ffd4c45c000 	C:\WINDOWS\SYSTEM32\DNSAPI.dll
0x00007ffd47c00000 - 0x00007ffd47c0b000 	C:\WINDOWS\SYSTEM32\WINNSI.DLL
0x00007ffd43ad0000 - 0x00007ffd43af4000 	C:\Program Files\Android\Android Studio\jre\jre\bin\sunec.dll
0x00007ffd46ed0000 - 0x00007ffd46edb000 	C:\Program Files\Android\Android Studio\jre\jre\bin\sunmscapi.dll
0x00007ffd4d710000 - 0x00007ffd4d86f000 	C:\WINDOWS\System32\CRYPT32.dll
0x00007ffd44a30000 - 0x00007ffd44a3a000 	C:\Windows\System32\rasadhlp.dll
0x00007ffd44590000 - 0x00007ffd4460f000 	C:\WINDOWS\System32\fwpuclnt.dll

VM Arguments:
jvm_args: -Xmx2048m -Dfile.encoding=UTF-8 -Duser.country=KR -Duser.language=ko -Duser.variant 
java_command: org.gradle.launcher.daemon.bootstrap.GradleDaemon 6.5
java_class_path (initial): C:\Users\KimHanbi\.gradle\wrapper\dists\gradle-6.5-all\2oz4ud9k3tuxjg84bbf55q0tn\gradle-6.5\lib\gradle-launcher-6.5.jar
Launcher Type: SUN_STANDARD

Environment Variables:
JAVA_HOME=C:\Program Files\Java\jdk1.8.0_251
CLASSPATH=%classpath%;;;
PATH=C:\Program Files\Java\jdk1.8.0_251\bin;C:\Program Files (x86)\Common Files\Oracle\Java\javapath;C:\Program Files (x86)\Intel\iCLS Client\;C:\Program Files\Intel\iCLS Client\;C:\WINDOWS\system32;C:\WINDOWS;C:\WINDOWS\System32\Wbem;C:\WINDOWS\System32\WindowsPowerShell\v1.0\;C:\Program Files (x86)\Intel\Intel(R) Management Engine Components\DAL;C:\Program Files\Intel\Intel(R) Management Engine Components\DAL;C:\Program Files (x86)\Intel\Intel(R) Management Engine Components\IPT;C:\Program Files\Intel\Intel(R) Management Engine Components\IPT;C:\Program Files\Intel\WiFi\bin\;C:\Program Files\Common Files\Intel\WirelessCommon\;C:\WINDOWS\System32\OpenSSH\;C:\MinGW\bin;C:\Program Files\Java\jdk1.8.0_251\bin;C:\Program Files\Git\cmd;C:\Program Files\MySQL\MySQL Server 8.0\bin;C:\ProgramData\chocolatey\bin;C:\Program Files\nodejs\;C:\Program Files\MySQL\MySQL Shell 8.0\bin\;C:\Python\Python36\Scripts\;C:\Python\Python36\;C:\Users\KimHanbi\AppData\Local\Microsoft\WindowsApps;C:\Users\KimHanbi\AppData\Local\Programs\Microsoft VS Code\bin;C:\Users\KimHanbi\AppData\Roaming\npm;C:\Program Files\Android\Android Studio\jre\bin;C:\Users\KimHanbi\AppData\Local\gitkraken\bin
USERNAME=KimHanbi
OS=Windows_NT
PROCESSOR_IDENTIFIER=Intel64 Family 6 Model 142 Stepping 10, GenuineIntel



---------------  S Y S T E M  ---------------

OS: Windows 10.0 , 64 bit Build 19041 (10.0.19041.928)

CPU:total 8 (initial active 8) (4 cores per cpu, 2 threads per core) family 6 model 142 stepping 10, cmov, cx8, fxsr, mmx, sse, sse2, sse3, ssse3, sse4.1, sse4.2, popcnt, avx, avx2, aes, clmul, erms, 3dnowpref, lzcnt, ht, tsc, tscinvbit, bmi1, bmi2, adx

Memory: 4k page, physical 8217940k(743904k free), swap 8217940k(5152k free)

vm_info: OpenJDK 64-Bit Server VM (25.242-b01) for windows-amd64 JRE (1.8.0_242-release-1644-b01), built by "builder" with MS VC++ 10.0 (VS2010)

time: Wed May 05 16:11:55 2021
timezone: 대한민국 표준시
elapsed time: 408 seconds (0d 0h 6m 48s)

