#
# There is insufficient memory for the Java Runtime Environment to continue.
# Native memory allocation (malloc) failed to allocate 1151056 bytes for Chunk::new
# Possible reasons:
#   The system is out of physical RAM or swap space
#   The process is running with CompressedOops enabled, and the Java Heap may be blocking the growth of the native heap
# Possible solutions:
#   Reduce memory load on the system
#   Increase physical memory or swap space
#   Check if swap backing store is full
#   Decrease Java heap size (-Xmx/-Xms)
#   Decrease number of Java threads
#   Decrease Java thread stack sizes (-Xss)
#   Set larger code cache with -XX:ReservedCodeCacheSize=
#   JVM is running with Zero Based Compressed Oops mode in which the Java heap is
#     placed in the first 32GB address space. The Java Heap base address is the
#     maximum limit for the native heap growth. Please use -XX:HeapBaseMinAddress
#     to set the Java Heap base and to place the Java Heap above 32GB virtual address.
# This output file may be truncated or incomplete.
#
#  Out of Memory Error (allocation.cpp:389), pid=12884, tid=0x0000000000002420
#
# JRE version: OpenJDK Runtime Environment (8.0_242-b01) (build 1.8.0_242-release-1644-b01)
# Java VM: OpenJDK 64-Bit Server VM (25.242-b01 mixed mode windows-amd64 compressed oops)
# Failed to write core dump. Minidumps are not enabled by default on client versions of Windows
#

---------------  T H R E A D  ---------------

Current thread (0x000000001e57b000):  JavaThread "C2 CompilerThread2" daemon [_thread_in_native, id=9248, stack(0x000000001ef70000,0x000000001f070000)]

Stack: [0x000000001ef70000,0x000000001f070000]
[error occurred during error reporting (printing stack bounds), id 0xc0000005]

Native frames: (J=compiled Java code, j=interpreted, Vv=VM code, C=native code)


Current CompileTask:
C2: 246614 17154       4       org.gradle.internal.logging.sink.LogEventDispatcher::onOutput (60 bytes)


---------------  P R O C E S S  ---------------

Java Threads: ( => current thread )
  0x0000000025019000 JavaThread "Keep-Alive-Timer" daemon [_thread_blocked, id=8368, stack(0x00000000343b0000,0x00000000344b0000)]
  0x000000002501a000 JavaThread "Cache worker for Java compile cache (C:\Users\KimHanbi\AndroidStudioProjects\UntactShop\.gradle\6.5\javaCompile)" [_thread_blocked, id=6056, stack(0x00000000324f0000,0x00000000325f0000)]
  0x000000002501d800 JavaThread "Cache worker for execution history cache (C:\Users\KimHanbi\AndroidStudioProjects\UntactShop\.gradle\6.5\executionHistory)" [_thread_blocked, id=1968, stack(0x0000000033f20000,0x0000000034020000)]
  0x000000002501c000 JavaThread "Execution worker for ':' Thread 7" [_thread_blocked, id=8480, stack(0x0000000033b80000,0x0000000033c80000)]
  0x0000000025ea1800 JavaThread "Execution worker for ':' Thread 6" [_thread_blocked, id=12084, stack(0x00000000335f0000,0x00000000336f0000)]
  0x0000000025ea0800 JavaThread "Execution worker for ':' Thread 5" [_thread_blocked, id=13688, stack(0x00000000334f0000,0x00000000335f0000)]
  0x0000000025ea0000 JavaThread "Execution worker for ':' Thread 4" [_thread_blocked, id=4916, stack(0x0000000032ef0000,0x0000000032ff0000)]
  0x0000000025e9f000 JavaThread "Execution worker for ':' Thread 3" [_thread_in_native, id=3864, stack(0x0000000032820000,0x0000000032920000)]
  0x0000000025ea6000 JavaThread "Execution worker for ':' Thread 2" [_thread_blocked, id=7260, stack(0x0000000032720000,0x0000000032820000)]
  0x0000000025ea4800 JavaThread "Execution worker for ':'" [_thread_blocked, id=5176, stack(0x0000000032620000,0x0000000032720000)]
  0x0000000025ea2000 JavaThread "Cache worker for file content cache (C:\Users\KimHanbi\AndroidStudioProjects\UntactShop\.gradle\6.5\fileContent)" [_thread_blocked, id=6372, stack(0x00000000321f0000,0x00000000322f0000)]
  0x0000000025ea5000 JavaThread "Cache worker for Build Output Cleanup Cache (C:\Users\KimHanbi\AndroidStudioProjects\UntactShop\.gradle\buildOutputCleanup)" [_thread_blocked, id=15124, stack(0x000000002fc60000,0x000000002fd60000)]
  0x0000000025ea3000 JavaThread "jar transforms Thread 198" [_thread_blocked, id=13716, stack(0x000000002e6e0000,0x000000002e7e0000)]
  0x0000000025e97800 JavaThread "jar transforms Thread 197" [_thread_blocked, id=5136, stack(0x000000002e5e0000,0x000000002e6e0000)]
  0x0000000025e9e800 JavaThread "jar transforms Thread 196" [_thread_blocked, id=14152, stack(0x000000002e4e0000,0x000000002e5e0000)]
  0x0000000025e97000 JavaThread "jar transforms Thread 195" [_thread_blocked, id=13592, stack(0x000000002e3e0000,0x000000002e4e0000)]
  0x0000000025e9d800 JavaThread "jar transforms Thread 194" [_thread_blocked, id=15288, stack(0x000000002e2e0000,0x000000002e3e0000)]
  0x0000000025e9c000 JavaThread "jar transforms Thread 193" [_thread_blocked, id=15128, stack(0x000000002e1e0000,0x000000002e2e0000)]
  0x0000000025e9d000 JavaThread "jar transforms Thread 192" [_thread_blocked, id=9208, stack(0x000000002e0e0000,0x000000002e1e0000)]
  0x0000000025e99000 JavaThread "jar transforms Thread 191" [_thread_blocked, id=15728, stack(0x000000002dfe0000,0x000000002e0e0000)]
  0x0000000025e98800 JavaThread "jar transforms Thread 190" [_thread_blocked, id=1480, stack(0x000000002dee0000,0x000000002dfe0000)]
  0x0000000025e9b800 JavaThread "jar transforms Thread 189" [_thread_blocked, id=11448, stack(0x000000002dde0000,0x000000002dee0000)]
  0x0000000025e9a800 JavaThread "jar transforms Thread 188" [_thread_blocked, id=8136, stack(0x000000002dce0000,0x000000002dde0000)]
  0x0000000025e9a000 JavaThread "jar transforms Thread 187" [_thread_blocked, id=2456, stack(0x000000002dbe0000,0x000000002dce0000)]
  0x0000000025d85000 JavaThread "jar transforms Thread 186" [_thread_blocked, id=13904, stack(0x000000002dae0000,0x000000002dbe0000)]
  0x0000000025d84800 JavaThread "jar transforms Thread 185" [_thread_blocked, id=3816, stack(0x000000002d9e0000,0x000000002dae0000)]
  0x0000000025d83000 JavaThread "jar transforms Thread 184" [_thread_blocked, id=16380, stack(0x000000002d8e0000,0x000000002d9e0000)]
  0x0000000025d86000 JavaThread "jar transforms Thread 183" [_thread_blocked, id=6636, stack(0x000000002d7e0000,0x000000002d8e0000)]
  0x0000000025d83800 JavaThread "jar transforms Thread 182" [_thread_blocked, id=7932, stack(0x000000002d6e0000,0x000000002d7e0000)]
  0x0000000025d7b000 JavaThread "jar transforms Thread 181" [_thread_blocked, id=8232, stack(0x000000002d5e0000,0x000000002d6e0000)]
  0x0000000025d82000 JavaThread "jar transforms Thread 180" [_thread_blocked, id=14700, stack(0x000000002d4e0000,0x000000002d5e0000)]
  0x0000000025d81800 JavaThread "jar transforms Thread 179" [_thread_blocked, id=12900, stack(0x000000002d3e0000,0x000000002d4e0000)]
  0x0000000025d80800 JavaThread "jar transforms Thread 178" [_thread_blocked, id=15772, stack(0x000000002d2e0000,0x000000002d3e0000)]
  0x0000000025d7f800 JavaThread "jar transforms Thread 177" [_thread_blocked, id=16064, stack(0x000000002d1e0000,0x000000002d2e0000)]
  0x0000000025d79800 JavaThread "jar transforms Thread 176" [_thread_blocked, id=1808, stack(0x000000002d0e0000,0x000000002d1e0000)]
  0x0000000025d78000 JavaThread "jar transforms Thread 175" [_thread_blocked, id=1484, stack(0x000000002cfe0000,0x000000002d0e0000)]
  0x0000000025d7f000 JavaThread "jar transforms Thread 174" [_thread_blocked, id=15000, stack(0x000000002cee0000,0x000000002cfe0000)]
  0x0000000025d7d800 JavaThread "jar transforms Thread 173" [_thread_blocked, id=3896, stack(0x000000002cde0000,0x000000002cee0000)]
  0x0000000025d7c800 JavaThread "jar transforms Thread 172" [_thread_blocked, id=15300, stack(0x000000002cce0000,0x000000002cde0000)]
  0x0000000025d77800 JavaThread "jar transforms Thread 171" [_thread_blocked, id=9136, stack(0x000000002cbe0000,0x000000002cce0000)]
  0x0000000025d7e000 JavaThread "jar transforms Thread 170" [_thread_blocked, id=14316, stack(0x000000002cae0000,0x000000002cbe0000)]
  0x0000000025d76800 JavaThread "jar transforms Thread 169" [_thread_blocked, id=3736, stack(0x000000002c9e0000,0x000000002cae0000)]
  0x0000000025d7a800 JavaThread "jar transforms Thread 168" [_thread_blocked, id=12632, stack(0x000000002c8e0000,0x000000002c9e0000)]
  0x0000000025d7c000 JavaThread "jar transforms Thread 167" [_thread_blocked, id=10904, stack(0x000000002c7e0000,0x000000002c8e0000)]
  0x0000000025d79000 JavaThread "jar transforms Thread 166" [_thread_blocked, id=15340, stack(0x000000002c6e0000,0x000000002c7e0000)]
  0x0000000023f5d000 JavaThread "jar transforms Thread 165" [_thread_blocked, id=14300, stack(0x000000002c5e0000,0x000000002c6e0000)]
  0x0000000023f58800 JavaThread "jar transforms Thread 164" [_thread_blocked, id=12880, stack(0x000000002c4e0000,0x000000002c5e0000)]
  0x0000000023f5e000 JavaThread "jar transforms Thread 163" [_thread_blocked, id=5632, stack(0x000000002c3e0000,0x000000002c4e0000)]
  0x0000000023f5c800 JavaThread "jar transforms Thread 162" [_thread_blocked, id=1228, stack(0x000000002c2e0000,0x000000002c3e0000)]
  0x0000000023f59800 JavaThread "jar transforms Thread 161" [_thread_blocked, id=12840, stack(0x000000002c1e0000,0x000000002c2e0000)]
  0x0000000023f5b800 JavaThread "jar transforms Thread 160" [_thread_blocked, id=6972, stack(0x000000002c0e0000,0x000000002c1e0000)]
  0x0000000023f5f800 JavaThread "jar transforms Thread 159" [_thread_blocked, id=16192, stack(0x000000002bfe0000,0x000000002c0e0000)]
  0x0000000023f5b000 JavaThread "jar transforms Thread 158" [_thread_blocked, id=15744, stack(0x000000002bee0000,0x000000002bfe0000)]
  0x0000000023f5a000 JavaThread "jar transforms Thread 157" [_thread_blocked, id=5144, stack(0x000000002bde0000,0x000000002bee0000)]
  0x0000000023f58000 JavaThread "jar transforms Thread 156" [_thread_blocked, id=1656, stack(0x000000002bce0000,0x000000002bde0000)]
  0x0000000023f5e800 JavaThread "jar transforms Thread 155" [_thread_blocked, id=8440, stack(0x000000002bbe0000,0x000000002bce0000)]
  0x0000000023f51000 JavaThread "jar transforms Thread 154" [_thread_blocked, id=11432, stack(0x000000002bae0000,0x000000002bbe0000)]
  0x0000000023f50800 JavaThread "jar transforms Thread 153" [_thread_blocked, id=12984, stack(0x000000002b9e0000,0x000000002bae0000)]
  0x0000000023f57000 JavaThread "jar transforms Thread 152" [_thread_blocked, id=12648, stack(0x000000002b8e0000,0x000000002b9e0000)]
  0x0000000023f54000 JavaThread "jar transforms Thread 151" [_thread_blocked, id=1948, stack(0x000000002b7e0000,0x000000002b8e0000)]
  0x0000000023f55800 JavaThread "jar transforms Thread 150" [_thread_blocked, id=13148, stack(0x000000002b6e0000,0x000000002b7e0000)]
  0x0000000023f52000 JavaThread "jar transforms Thread 149" [_thread_blocked, id=2436, stack(0x000000002b5e0000,0x000000002b6e0000)]
  0x0000000023f52800 JavaThread "jar transforms Thread 148" [_thread_blocked, id=9084, stack(0x000000002b4e0000,0x000000002b5e0000)]
  0x0000000023f55000 JavaThread "jar transforms Thread 147" [_thread_blocked, id=572, stack(0x000000002b3e0000,0x000000002b4e0000)]
  0x0000000023f56800 JavaThread "jar transforms Thread 146" [_thread_blocked, id=13320, stack(0x000000002b2e0000,0x000000002b3e0000)]
  0x0000000023f53800 JavaThread "jar transforms Thread 145" [_thread_blocked, id=13380, stack(0x000000002b1e0000,0x000000002b2e0000)]
  0x000000001f3e2000 JavaThread "jar transforms Thread 144" [_thread_blocked, id=11072, stack(0x000000002b0e0000,0x000000002b1e0000)]
  0x000000001f3e3000 JavaThread "jar transforms Thread 143" [_thread_blocked, id=12192, stack(0x000000002afe0000,0x000000002b0e0000)]
  0x000000001f3df000 JavaThread "jar transforms Thread 142" [_thread_blocked, id=2220, stack(0x000000002aee0000,0x000000002afe0000)]
  0x000000001f3e0000 JavaThread "jar transforms Thread 141" [_thread_blocked, id=10676, stack(0x000000002ade0000,0x000000002aee0000)]
  0x000000001f3e3800 JavaThread "jar transforms Thread 140" [_thread_blocked, id=12620, stack(0x000000002ace0000,0x000000002ade0000)]
  0x0000000030404000 JavaThread "jar transforms Thread 139" [_thread_blocked, id=3932, stack(0x000000002abe0000,0x000000002ace0000)]
  0x0000000030402000 JavaThread "jar transforms Thread 138" [_thread_blocked, id=8352, stack(0x000000002aae0000,0x000000002abe0000)]
  0x0000000030403800 JavaThread "jar transforms Thread 137" [_thread_blocked, id=15812, stack(0x000000002a9e0000,0x000000002aae0000)]
  0x0000000030401000 JavaThread "jar transforms Thread 136" [_thread_blocked, id=2636, stack(0x000000002a8e0000,0x000000002a9e0000)]
  0x0000000030402800 JavaThread "jar transforms Thread 135" [_thread_blocked, id=4416, stack(0x000000002a7e0000,0x000000002a8e0000)]
  0x00000000303f7800 JavaThread "jar transforms Thread 134" [_thread_blocked, id=3552, stack(0x000000002a6e0000,0x000000002a7e0000)]
  0x00000000303fe000 JavaThread "jar transforms Thread 133" [_thread_blocked, id=10616, stack(0x000000002a5e0000,0x000000002a6e0000)]
  0x00000000303fc000 JavaThread "jar transforms Thread 132" [_thread_blocked, id=7248, stack(0x000000002a4e0000,0x000000002a5e0000)]
  0x00000000303f6000 JavaThread "jar transforms Thread 131" [_thread_blocked, id=8436, stack(0x000000002a3e0000,0x000000002a4e0000)]
  0x000000001e8bb800 JavaThread "jar transforms Thread 130" [_thread_blocked, id=5744, stack(0x000000002a2e0000,0x000000002a3e0000)]
  0x000000001e8bb000 JavaThread "jar transforms Thread 129" [_thread_blocked, id=16268, stack(0x000000002a1e0000,0x000000002a2e0000)]
  0x000000001e8ba000 JavaThread "jar transforms Thread 128" [_thread_blocked, id=3544, stack(0x000000002a0e0000,0x000000002a1e0000)]
  0x000000001e8b9800 JavaThread "jar transforms Thread 127" [_thread_blocked, id=10488, stack(0x0000000029fe0000,0x000000002a0e0000)]
  0x000000001e8b8800 JavaThread "jar transforms Thread 126" [_thread_blocked, id=11164, stack(0x0000000029ee0000,0x0000000029fe0000)]
  0x000000001e8bc800 JavaThread "jar transforms Thread 125" [_thread_blocked, id=9080, stack(0x0000000029de0000,0x0000000029ee0000)]
  0x000000001e8b1000 JavaThread "jar transforms Thread 124" [_thread_blocked, id=13852, stack(0x0000000029ce0000,0x0000000029de0000)]
  0x000000001e8b8000 JavaThread "jar transforms Thread 123" [_thread_blocked, id=8804, stack(0x0000000029be0000,0x0000000029ce0000)]
  0x000000001e8b6800 JavaThread "jar transforms Thread 122" [_thread_blocked, id=132, stack(0x0000000029ae0000,0x0000000029be0000)]
  0x000000001e8b7000 JavaThread "jar transforms Thread 121" [_thread_blocked, id=716, stack(0x00000000299e0000,0x0000000029ae0000)]
  0x000000001e8b5800 JavaThread "jar transforms Thread 120" [_thread_blocked, id=932, stack(0x00000000298e0000,0x00000000299e0000)]
  0x000000001e8ae000 JavaThread "jar transforms Thread 119" [_thread_blocked, id=2944, stack(0x00000000297e0000,0x00000000298e0000)]
  0x000000001e8af800 JavaThread "jar transforms Thread 118" [_thread_blocked, id=12916, stack(0x00000000296e0000,0x00000000297e0000)]
  0x000000001e8b5000 JavaThread "jar transforms Thread 117" [_thread_blocked, id=2772, stack(0x00000000295e0000,0x00000000296e0000)]
  0x000000001e8af000 JavaThread "jar transforms Thread 116" [_thread_blocked, id=452, stack(0x00000000294e0000,0x00000000295e0000)]
  0x000000002075c800 JavaThread "jar transforms Thread 115" [_thread_blocked, id=5048, stack(0x00000000293e0000,0x00000000294e0000)]
  0x000000002075d800 JavaThread "jar transforms Thread 114" [_thread_blocked, id=13516, stack(0x00000000292e0000,0x00000000293e0000)]
  0x0000000020755000 JavaThread "jar transforms Thread 113" [_thread_blocked, id=13728, stack(0x00000000291e0000,0x00000000292e0000)]
  0x0000000020754000 JavaThread "jar transforms Thread 112" [_thread_blocked, id=9688, stack(0x00000000290e0000,0x00000000291e0000)]
  0x000000002075a800 JavaThread "jar transforms Thread 111" [_thread_blocked, id=2008, stack(0x0000000028fe0000,0x00000000290e0000)]
  0x0000000020753800 JavaThread "jar transforms Thread 110" [_thread_blocked, id=15888, stack(0x0000000028ce0000,0x0000000028de0000)]
  0x0000000020759800 JavaThread "jar transforms Thread 109" [_thread_blocked, id=2764, stack(0x0000000028be0000,0x0000000028ce0000)]
  0x0000000020758000 JavaThread "jar transforms Thread 108" [_thread_blocked, id=3832, stack(0x0000000028ae0000,0x0000000028be0000)]
  0x0000000020750800 JavaThread "jar transforms Thread 107" [_thread_blocked, id=10772, stack(0x00000000289e0000,0x0000000028ae0000)]
  0x0000000020752800 JavaThread "jar transforms Thread 106" [_thread_blocked, id=14500, stack(0x00000000288e0000,0x00000000289e0000)]
  0x0000000020751000 JavaThread "jar transforms Thread 105" [_thread_blocked, id=588, stack(0x00000000287e0000,0x00000000288e0000)]
  0x0000000020756800 JavaThread "jar transforms Thread 104" [_thread_blocked, id=1460, stack(0x00000000286e0000,0x00000000287e0000)]
  0x0000000020752000 JavaThread "jar transforms Thread 103" [_thread_blocked, id=1340, stack(0x00000000285e0000,0x00000000286e0000)]
  0x000000002074f000 JavaThread "jar transforms Thread 102" [_thread_blocked, id=4440, stack(0x00000000284e0000,0x00000000285e0000)]
  0x000000002074f800 JavaThread "jar transforms Thread 101" [_thread_blocked, id=12864, stack(0x00000000283e0000,0x00000000284e0000)]
  0x000000002074e000 JavaThread "jar transforms Thread 100" [_thread_blocked, id=9668, stack(0x00000000282e0000,0x00000000283e0000)]
  0x0000000026592000 JavaThread "Build operations Thread 8" [_thread_blocked, id=13416, stack(0x00000000281e0000,0x00000000282e0000)]
  0x0000000026591800 JavaThread "Build operations Thread 7" [_thread_blocked, id=7420, stack(0x00000000280e0000,0x00000000281e0000)]
  0x0000000026590800 JavaThread "Build operations Thread 6" [_thread_blocked, id=13232, stack(0x0000000027fe0000,0x00000000280e0000)]
  0x0000000026594800 JavaThread "Build operations Thread 5" [_thread_blocked, id=14760, stack(0x0000000027ee0000,0x0000000027fe0000)]
  0x0000000026593800 JavaThread "Build operations Thread 4" [_thread_blocked, id=14352, stack(0x0000000027de0000,0x0000000027ee0000)]
  0x0000000026590000 JavaThread "Build operations Thread 3" [_thread_blocked, id=1508, stack(0x0000000027ce0000,0x0000000027de0000)]
  0x000000002658f000 JavaThread "Build operations Thread 2" [_thread_blocked, id=13876, stack(0x0000000027be0000,0x0000000027ce0000)]
  0x0000000026593000 JavaThread "Build operations" [_thread_blocked, id=14124, stack(0x0000000027ae0000,0x0000000027be0000)]
  0x000000002658e800 JavaThread "Cache worker for cache directory md-rule (C:\Users\KimHanbi\.gradle\caches\6.5\md-rule)" [_thread_blocked, id=4208, stack(0x00000000272e0000,0x00000000273e0000)]
  0x0000000026587000 JavaThread "Cache worker for cache directory md-supplier (C:\Users\KimHanbi\.gradle\caches\6.5\md-supplier)" [_thread_blocked, id=10052, stack(0x0000000026ae0000,0x0000000026be0000)]
  0x000000002658d800 JavaThread "Cache worker for checksums cache (C:\Users\KimHanbi\AndroidStudioProjects\UntactShop\.gradle\checksums)" [_thread_blocked, id=6148, stack(0x00000000269e0000,0x0000000026ae0000)]
  0x000000002658d000 JavaThread "Cache worker for file hash cache (C:\Users\KimHanbi\AndroidStudioProjects\UntactShop\.gradle\6.5\fileHashes)" [_thread_blocked, id=1800, stack(0x0000000025690000,0x0000000025790000)]
  0x0000000026588800 JavaThread "Thread-152" [_thread_blocked, id=6812, stack(0x0000000025590000,0x0000000025690000)]
  0x0000000026585800 JavaThread "Stdin handler" [_thread_blocked, id=9404, stack(0x0000000022bf0000,0x0000000022cf0000)]
  0x000000002658b800 JavaThread "Asynchronous log dispatcher for DefaultDaemonConnection: socket connection from /127.0.0.1:9743 to /127.0.0.1:9833" [_thread_blocked, id=12276, stack(0x0000000022af0000,0x0000000022bf0000)]
  0x000000002658a000 JavaThread "Daemon worker Thread 2" [_thread_blocked, id=16196, stack(0x00000000229f0000,0x0000000022af0000)]
  0x000000002658c000 JavaThread "Cancel handler" [_thread_blocked, id=1820, stack(0x00000000228f0000,0x00000000229f0000)]
  0x0000000026584800 JavaThread "Handler for socket connection from /127.0.0.1:9743 to /127.0.0.1:9833" [_thread_in_native, id=9724, stack(0x00000000224f0000,0x00000000225f0000)]
  0x0000000026587800 JavaThread "Daemon Thread 2" [_thread_blocked, id=13908, stack(0x0000000000c30000,0x0000000000d30000)]
  0x00000000303ff000 JavaThread "Cache worker for Java compile cache (C:\Users\KimHanbi\.gradle\caches\6.5\javaCompile)" [_thread_blocked, id=8356, stack(0x0000000032df0000,0x0000000032ef0000)]
  0x0000000020757000 JavaThread "Memory manager" [_thread_blocked, id=14704, stack(0x000000002f8a0000,0x000000002f9a0000)]
  0x000000001f3de800 JavaThread "Cache worker for file content cache (C:\Users\KimHanbi\.gradle\caches\6.5\fileContent)" [_thread_blocked, id=13408, stack(0x00000000273e0000,0x00000000274e0000)]
  0x000000001f3e1800 JavaThread "Cache worker for execution history cache (C:\Users\KimHanbi\.gradle\caches\6.5\executionHistory)" [_thread_blocked, id=10872, stack(0x0000000026be0000,0x0000000026ce0000)]
  0x000000001f3dd800 JavaThread "Cache worker for file hash cache (C:\Users\KimHanbi\.gradle\caches\6.5\fileHashes)" [_thread_blocked, id=2776, stack(0x00000000230f0000,0x00000000231f0000)]
  0x000000001f3e0800 JavaThread "File lock request listener" [_thread_in_native, id=14096, stack(0x0000000022ff0000,0x00000000230f0000)]
  0x000000001e768000 JavaThread "Cache worker for journal cache (C:\Users\KimHanbi\.gradle\caches\journal-1)" [_thread_blocked, id=5088, stack(0x0000000022ef0000,0x0000000022ff0000)]
  0x000000002036c000 JavaThread "Daemon periodic checks" [_thread_blocked, id=4132, stack(0x00000000221f0000,0x00000000222f0000)]
  0x000000001fb68800 JavaThread "Incoming local TCP Connector on port 9743" [_thread_in_native, id=8248, stack(0x0000000022010000,0x0000000022110000)]
  0x0000000020f70800 JavaThread "Daemon health stats" [_thread_blocked, id=15768, stack(0x0000000021d10000,0x0000000021e10000)]
  0x000000001e60a000 JavaThread "Service Thread" daemon [_thread_blocked, id=11612, stack(0x000000001f170000,0x000000001f270000)]
  0x000000001e57e000 JavaThread "C1 CompilerThread3" daemon [_thread_blocked, id=14592, stack(0x000000001f070000,0x000000001f170000)]
=>0x000000001e57b000 JavaThread "C2 CompilerThread2" daemon [_thread_in_native, id=9248, stack(0x000000001ef70000,0x000000001f070000)]
  0x000000001e51f800 JavaThread "C2 CompilerThread1" daemon [_thread_in_native, id=2112, stack(0x000000001ee70000,0x000000001ef70000)]
  0x000000001e51d800 JavaThread "C2 CompilerThread0" daemon [_thread_in_native, id=6948, stack(0x000000001ed70000,0x000000001ee70000)]
  0x000000001e578000 JavaThread "Attach Listener" daemon [_thread_blocked, id=13168, stack(0x000000001ec70000,0x000000001ed70000)]
  0x000000001e577000 JavaThread "Signal Dispatcher" daemon [_thread_blocked, id=836, stack(0x000000001eb70000,0x000000001ec70000)]
  0x000000001e500800 JavaThread "Finalizer" daemon [_thread_blocked, id=15448, stack(0x000000001e9e0000,0x000000001eae0000)]
  0x0000000002b78000 JavaThread "Reference Handler" daemon [_thread_blocked, id=12020, stack(0x000000001e8e0000,0x000000001e9e0000)]
  0x0000000002a82800 JavaThread "main" [_thread_blocked, id=14132, stack(0x0000000002980000,0x0000000002a80000)]

Other Threads:
  0x000000001c6e6000 VMThread [stack: 0x000000001e3e0000,0x000000001e4e0000] [id=10196]
  0x000000001e5c8000 WatcherThread [stack: 0x000000001f270000,0x000000001f370000] [id=11376]

VM state:not at safepoint (normal execution)

VM Mutex/Monitor currently owned by a thread: None

heap address: 0x00000006c0000000, size: 4096 MB, Compressed Oops mode: Zero based, Oop shift amount: 3
Narrow klass base: 0x0000000000000000, Narrow klass shift: 3
Compressed class space size: 1073741824 Address: 0x00000007c0000000

Heap:
 PSYoungGen      total 380928K, used 198516K [0x000000076ab00000, 0x0000000788c80000, 0x00000007c0000000)
  eden space 328192K, 44% used [0x000000076ab00000,0x000000077395d688,0x000000077eb80000)
  from space 52736K, 99% used [0x000000077eb80000,0x0000000781effb48,0x0000000781f00000)
  to   space 61440K, 0% used [0x0000000785080000,0x0000000785080000,0x0000000788c80000)
 ParOldGen       total 226816K, used 92559K [0x00000006c0000000, 0x00000006cdd80000, 0x000000076ab00000)
  object space 226816K, 40% used [0x00000006c0000000,0x00000006c5a63e48,0x00000006cdd80000)
 Metaspace       used 98412K, capacity 103538K, committed 103768K, reserved 1138688K
  class space    used 12858K, capacity 13862K, committed 13952K, reserved 1048576K

Card table byte_map: [0x0000000011f40000,0x0000000012750000] byte_map_base: 0x000000000e940000

Marking Bits: (ParMarkBitMap*) 0x0000000056eaf030
 Begin Bits: [0x00000000134b0000, 0x00000000174b0000)
 End Bits:   [0x00000000174b0000, 0x000000001b4b0000)

Polling page: 0x0000000000d30000

CodeCache: size=245760Kb used=45983Kb max_used=46230Kb free=199776Kb
 bounds [0x0000000002b80000, 0x00000000058f0000, 0x0000000011b80000]
 total_blobs=14937 nmethods=14034 adapters=812
 compilation: enabled

Compilation events (10 events):
Event: 246.419 Thread 0x000000001e57e000 nmethod 17199 0x0000000002d7d1d0 code [0x0000000002d7d340, 0x0000000002d7d628]
Event: 246.452 Thread 0x000000001e57e000 17203       1       com.android.build.gradle.internal.pipeline.ImmutableJarInput::getStatus (5 bytes)
Event: 246.453 Thread 0x000000001e57e000 nmethod 17203 0x0000000004310950 code [0x0000000004310aa0, 0x0000000004310bb0]
Event: 246.568 Thread 0x000000001e51d800 nmethod 17151 0x00000000050ad210 code [0x00000000050ad560, 0x00000000050af3b0]
Event: 246.568 Thread 0x000000001e51d800 17181       4       com.google.common.cache.LocalCache::getIfPresent (49 bytes)
Event: 246.582 Thread 0x000000001e51d800 nmethod 17181 0x000000000365ff90 code [0x0000000003660120, 0x0000000003660418]
Event: 246.582 Thread 0x000000001e51d800 17152       4       com.google.common.cache.LocalCache$Segment::getLiveEntry (38 bytes)
Event: 246.604 Thread 0x000000001e51d800 nmethod 17152 0x0000000002d64b50 code [0x0000000002d64cc0, 0x0000000002d650d8]
Event: 246.604 Thread 0x000000001e51d800 17098       4       java.lang.Enum::equals (11 bytes)
Event: 246.605 Thread 0x000000001e51d800 nmethod 17098 0x0000000004da9250 code [0x0000000004da9380, 0x0000000004da93f8]

GC Heap History (10 events):
Event: 64.876 GC heap before
{Heap before GC invocations=19 (full 3):
 PSYoungGen      total 274432K, used 274421K [0x000000076ab00000, 0x0000000781c00000, 0x00000007c0000000)
  eden space 243712K, 100% used [0x000000076ab00000,0x0000000779900000,0x0000000779900000)
  from space 30720K, 99% used [0x0000000779900000,0x000000077b6fd438,0x000000077b700000)
  to   space 46592K, 0% used [0x000000077ee80000,0x000000077ee80000,0x0000000781c00000)
 ParOldGen       total 123392K, used 86857K [0x00000006c0000000, 0x00000006c7880000, 0x000000076ab00000)
  object space 123392K, 70% used [0x00000006c0000000,0x00000006c54d2780,0x00000006c7880000)
 Metaspace       used 80768K, capacity 84678K, committed 84824K, reserved 1122304K
  class space    used 10602K, capacity 11376K, committed 11392K, reserved 1048576K
Event: 64.997 GC heap after
Heap after GC invocations=19 (full 3):
 PSYoungGen      total 332800K, used 17582K [0x000000076ab00000, 0x0000000781b00000, 0x00000007c0000000)
  eden space 287232K, 0% used [0x000000076ab00000,0x000000076ab00000,0x000000077c380000)
  from space 45568K, 38% used [0x000000077ee80000,0x000000077ffab970,0x0000000781b00000)
  to   space 44032K, 0% used [0x000000077c380000,0x000000077c380000,0x000000077ee80000)
 ParOldGen       total 123392K, used 117290K [0x00000006c0000000, 0x00000006c7880000, 0x000000076ab00000)
  object space 123392K, 95% used [0x00000006c0000000,0x00000006c728a8d8,0x00000006c7880000)
 Metaspace       used 80768K, capacity 84678K, committed 84824K, reserved 1122304K
  class space    used 10602K, capacity 11376K, committed 11392K, reserved 1048576K
}
Event: 64.997 GC heap before
{Heap before GC invocations=20 (full 4):
 PSYoungGen      total 332800K, used 17582K [0x000000076ab00000, 0x0000000781b00000, 0x00000007c0000000)
  eden space 287232K, 0% used [0x000000076ab00000,0x000000076ab00000,0x000000077c380000)
  from space 45568K, 38% used [0x000000077ee80000,0x000000077ffab970,0x0000000781b00000)
  to   space 44032K, 0% used [0x000000077c380000,0x000000077c380000,0x000000077ee80000)
 ParOldGen       total 123392K, used 117290K [0x00000006c0000000, 0x00000006c7880000, 0x000000076ab00000)
  object space 123392K, 95% used [0x00000006c0000000,0x00000006c728a8d8,0x00000006c7880000)
 Metaspace       used 80768K, capacity 84678K, committed 84824K, reserved 1122304K
  class space    used 10602K, capacity 11376K, committed 11392K, reserved 1048576K
Event: 65.760 GC heap after
Heap after GC invocations=20 (full 4):
 PSYoungGen      total 332800K, used 0K [0x000000076ab00000, 0x0000000781b00000, 0x00000007c0000000)
  eden space 287232K, 0% used [0x000000076ab00000,0x000000076ab00000,0x000000077c380000)
  from space 45568K, 0% used [0x000000077ee80000,0x000000077ee80000,0x0000000781b00000)
  to   space 44032K, 0% used [0x000000077c380000,0x000000077c380000,0x000000077ee80000)
 ParOldGen       total 226816K, used 90920K [0x00000006c0000000, 0x00000006cdd80000, 0x000000076ab00000)
  object space 226816K, 40% used [0x00000006c0000000,0x00000006c58ca350,0x00000006cdd80000)
 Metaspace       used 78846K, capacity 82462K, committed 84824K, reserved 1122304K
  class space    used 10468K, capacity 11204K, committed 11392K, reserved 1048576K
}
Event: 66.756 GC heap before
{Heap before GC invocations=21 (full 4):
 PSYoungGen      total 332800K, used 287232K [0x000000076ab00000, 0x0000000781b00000, 0x00000007c0000000)
  eden space 287232K, 100% used [0x000000076ab00000,0x000000077c380000,0x000000077c380000)
  from space 45568K, 0% used [0x000000077ee80000,0x000000077ee80000,0x0000000781b00000)
  to   space 44032K, 0% used [0x000000077c380000,0x000000077c380000,0x000000077ee80000)
 ParOldGen       total 226816K, used 90952K [0x00000006c0000000, 0x00000006cdd80000, 0x000000076ab00000)
  object space 226816K, 40% used [0x00000006c0000000,0x00000006c58d2360,0x00000006cdd80000)
 Metaspace       used 78850K, capacity 82468K, committed 84824K, reserved 1122304K
  class space    used 10469K, capacity 11205K, committed 11392K, reserved 1048576K
Event: 66.840 GC heap after
Heap after GC invocations=21 (full 4):
 PSYoungGen      total 331264K, used 31400K [0x000000076ab00000, 0x0000000784c00000, 0x00000007c0000000)
  eden space 287232K, 0% used [0x000000076ab00000,0x000000076ab00000,0x000000077c380000)
  from space 44032K, 71% used [0x000000077c380000,0x000000077e22a2d8,0x000000077ee80000)
  to   space 46080K, 0% used [0x0000000781f00000,0x0000000781f00000,0x0000000784c00000)
 ParOldGen       total 226816K, used 90952K [0x00000006c0000000, 0x00000006cdd80000, 0x000000076ab00000)
  object space 226816K, 40% used [0x00000006c0000000,0x00000006c58d2360,0x00000006cdd80000)
 Metaspace       used 78850K, capacity 82468K, committed 84824K, reserved 1122304K
  class space    used 10469K, capacity 11205K, committed 11392K, reserved 1048576K
}
Event: 75.666 GC heap before
{Heap before GC invocations=22 (full 4):
 PSYoungGen      total 331264K, used 318632K [0x000000076ab00000, 0x0000000784c00000, 0x00000007c0000000)
  eden space 287232K, 100% used [0x000000076ab00000,0x000000077c380000,0x000000077c380000)
  from space 44032K, 71% used [0x000000077c380000,0x000000077e22a2d8,0x000000077ee80000)
  to   space 46080K, 0% used [0x0000000781f00000,0x0000000781f00000,0x0000000784c00000)
 ParOldGen       total 226816K, used 90990K [0x00000006c0000000, 0x00000006cdd80000, 0x000000076ab00000)
  object space 226816K, 40% used [0x00000006c0000000,0x00000006c58dbb60,0x00000006cdd80000)
 Metaspace       used 92098K, capacity 96856K, committed 97112K, reserved 1132544K
  class space    used 12445K, capacity 13353K, committed 13440K, reserved 1048576K
Event: 75.770 GC heap after
Heap after GC invocations=22 (full 4):
 PSYoungGen      total 374272K, used 43358K [0x000000076ab00000, 0x0000000785580000, 0x00000007c0000000)
  eden space 328192K, 0% used [0x000000076ab00000,0x000000076ab00000,0x000000077eb80000)
  from space 46080K, 94% used [0x0000000781f00000,0x0000000784957a08,0x0000000784c00000)
  to   space 52736K, 0% used [0x000000077eb80000,0x000000077eb80000,0x0000000781f00000)
 ParOldGen       total 226816K, used 91006K [0x00000006c0000000, 0x00000006cdd80000, 0x000000076ab00000)
  object space 226816K, 40% used [0x00000006c0000000,0x00000006c58dfb60,0x00000006cdd80000)
 Metaspace       used 92098K, capacity 96856K, committed 97112K, reserved 1132544K
  class space    used 12445K, capacity 13353K, committed 13440K, reserved 1048576K
}
Event: 243.182 GC heap before
{Heap before GC invocations=23 (full 4):
 PSYoungGen      total 374272K, used 371550K [0x000000076ab00000, 0x0000000785580000, 0x00000007c0000000)
  eden space 328192K, 100% used [0x000000076ab00000,0x000000077eb80000,0x000000077eb80000)
  from space 46080K, 94% used [0x0000000781f00000,0x0000000784957a08,0x0000000784c00000)
  to   space 52736K, 0% used [0x000000077eb80000,0x000000077eb80000,0x0000000781f00000)
 ParOldGen       total 226816K, used 91006K [0x00000006c0000000, 0x00000006cdd80000, 0x000000076ab00000)
  object space 226816K, 40% used [0x00000006c0000000,0x00000006c58dfb60,0x00000006cdd80000)
 Metaspace       used 98266K, capacity 103372K, committed 103512K, reserved 1138688K
  class space    used 12854K, capacity 13857K, committed 13952K, reserved 1048576K
Event: 243.294 GC heap after
Heap after GC invocations=23 (full 4):
 PSYoungGen      total 380928K, used 52734K [0x000000076ab00000, 0x0000000788c80000, 0x00000007c0000000)
  eden space 328192K, 0% used [0x000000076ab00000,0x000000076ab00000,0x000000077eb80000)
  from space 52736K, 99% used [0x000000077eb80000,0x0000000781effb48,0x0000000781f00000)
  to   space 61440K, 0% used [0x0000000785080000,0x0000000785080000,0x0000000788c80000)
 ParOldGen       total 226816K, used 92559K [0x00000006c0000000, 0x00000006cdd80000, 0x000000076ab00000)
  object space 226816K, 40% used [0x00000006c0000000,0x00000006c5a63e48,0x00000006cdd80000)
 Metaspace       used 98266K, capacity 103372K, committed 103512K, reserved 1138688K
  class space    used 12854K, capacity 13857K, committed 13952K, reserved 1048576K
}

Deoptimization events (10 events):
Event: 241.122 Thread 0x0000000025e9f000 Uncommon trap: reason=speculate_class_check action=maybe_recompile pc=0x00000000049a0b80 method=com.sun.tools.javac.file.JavacFileManager.inferBinaryName(Ljavax/tools/JavaFileManager$Location;Ljavax/tools/JavaFileObject;)Ljava/lang/String; @ 23
Event: 241.122 Thread 0x0000000025e9f000 Uncommon trap: reason=speculate_class_check action=maybe_recompile pc=0x00000000049a0b80 method=com.sun.tools.javac.file.JavacFileManager.inferBinaryName(Ljavax/tools/JavaFileManager$Location;Ljavax/tools/JavaFileObject;)Ljava/lang/String; @ 23
Event: 241.618 Thread 0x0000000025018800 Uncommon trap: reason=bimorphic action=maybe_recompile pc=0x0000000004f70e64 method=java.net.URL.<init>(Ljava/net/URL;Ljava/lang/String;Ljava/net/URLStreamHandler;)V @ 504
Event: 243.467 Thread 0x0000000025e9f000 Uncommon trap: reason=unstable_if action=reinterpret pc=0x0000000004bbf7c8 method=com.sun.tools.javac.code.Types.rank(Lcom/sun/tools/javac/code/Type;)I @ 88
Event: 245.299 Thread 0x0000000025e9f000 Uncommon trap: reason=unstable_if action=reinterpret pc=0x00000000042525b0 method=com.google.common.collect.CompactHashMap.entrySet()Ljava/util/Set; @ 4
Event: 245.673 Thread 0x0000000026592000 Uncommon trap: reason=unstable_if action=reinterpret pc=0x00000000043bb81c method=java.util.concurrent.locks.LockSupport.unpark(Ljava/lang/Thread;)V @ 1
Event: 245.698 Thread 0x0000000025ea4800 Uncommon trap: reason=unstable_if action=reinterpret pc=0x0000000002eb5580 method=com.google.common.collect.MapMakerInternalMap$Segment.getEntry(Ljava/lang/Object;I)Lcom/google/common/collect/MapMakerInternalMap$InternalEntry; @ 40
Event: 245.699 Thread 0x0000000025ea4800 Uncommon trap: reason=unstable_if action=reinterpret pc=0x00000000040959fc method=com.google.common.collect.MapMakerInternalMap$Segment.getEntry(Ljava/lang/Object;I)Lcom/google/common/collect/MapMakerInternalMap$InternalEntry; @ 40
Event: 245.699 Thread 0x0000000025ea4800 Uncommon trap: reason=unstable_if action=reinterpret pc=0x0000000004dd0a68 method=com.google.common.collect.MapMakerInternalMap$Segment.put(Ljava/lang/Object;ILjava/lang/Object;Z)Ljava/lang/Object; @ 92
Event: 245.822 Thread 0x0000000026593000 Uncommon trap: reason=unstable_if action=reinterpret pc=0x0000000004390c38 method=com.google.common.util.concurrent.AbstractFuture.get()Ljava/lang/Object; @ 116

Classes redefined (0 events):
No events

Internal exceptions (10 events):
Event: 239.737 Thread 0x0000000025e9f000 Exception <a 'sun/nio/fs/WindowsException'> (0x0000000778a72f30) thrown at [C:\src\AOSP-openjdk-git\hotspot\src\share\vm\prims\jni.cpp, line 710]
Event: 239.738 Thread 0x0000000025e9f000 Exception <a 'sun/nio/fs/WindowsException'> (0x0000000778a76c90) thrown at [C:\src\AOSP-openjdk-git\hotspot\src\share\vm\prims\jni.cpp, line 710]
Event: 239.740 Thread 0x0000000025e9f000 Exception <a 'sun/nio/fs/WindowsException'> (0x0000000778a779d0) thrown at [C:\src\AOSP-openjdk-git\hotspot\src\share\vm\prims\jni.cpp, line 710]
Event: 239.741 Thread 0x0000000025e9f000 Exception <a 'sun/nio/fs/WindowsException'> (0x0000000778a798f0) thrown at [C:\src\AOSP-openjdk-git\hotspot\src\share\vm\prims\jni.cpp, line 710]
Event: 239.743 Thread 0x0000000025e9f000 Exception <a 'sun/nio/fs/WindowsException'> (0x0000000778a7a640) thrown at [C:\src\AOSP-openjdk-git\hotspot\src\share\vm\prims\jni.cpp, line 710]
Event: 240.832 Thread 0x0000000025e9f000 Implicit null exception at 0x0000000004987940 to 0x0000000004989d1f
Event: 245.698 Thread 0x0000000025ea4800 Implicit null exception at 0x0000000002eb4eb5 to 0x0000000002eb555d
Event: 245.822 Thread 0x0000000026593000 Implicit null exception at 0x00000000043909e0 to 0x0000000004390c25
Event: 245.950 Thread 0x0000000025e9f000 Exception <a 'sun/nio/fs/WindowsException'> (0x00000007711ad8c0) thrown at [C:\src\AOSP-openjdk-git\hotspot\src\share\vm\prims\jni.cpp, line 710]
Event: 245.951 Thread 0x0000000025e9f000 Exception <a 'sun/nio/fs/WindowsException'> (0x00000007711ae5f0) thrown at [C:\src\AOSP-openjdk-git\hotspot\src\share\vm\prims\jni.cpp, line 710]

Events (10 events):
Event: 246.280 Thread 0x000000001e57e000 flushing nmethod 0x00000000044d0b10
Event: 246.286 Thread 0x000000001e57e000 flushing nmethod 0x0000000004689750
Event: 246.294 Thread 0x000000001e57e000 flushing nmethod 0x0000000004a921d0
Event: 246.303 Thread 0x000000001e57e000 flushing nmethod 0x0000000004ffbed0
Event: 246.304 Thread 0x000000001e57e000 flushing nmethod 0x00000000050a8f10
Event: 246.307 Thread 0x000000001e57e000 flushing nmethod 0x000000000538b4d0
Event: 246.307 Thread 0x000000001e57e000 flushing nmethod 0x000000000538c7d0
Event: 246.310 Thread 0x000000001e57e000 flushing nmethod 0x00000000054ea690
Event: 246.310 Thread 0x000000001e57e000 flushing nmethod 0x0000000005516e90
Event: 246.311 Thread 0x000000001e57e000 flushing nmethod 0x0000000005532dd0


Dynamic libraries:
0x00007ff7d9220000 - 0x00007ff7d9251000 	C:\Program Files\Android\Android Studio\jre\bin\java.exe
0x00007ff981870000 - 0x00007ff981a65000 	C:\WINDOWS\SYSTEM32\ntdll.dll
0x00007ff980940000 - 0x00007ff9809fd000 	C:\WINDOWS\System32\KERNEL32.DLL
0x00007ff97f2f0000 - 0x00007ff97f5b8000 	C:\WINDOWS\System32\KERNELBASE.dll
0x00007ff980d20000 - 0x00007ff980dcc000 	C:\WINDOWS\System32\ADVAPI32.dll
0x00007ff9815c0000 - 0x00007ff98165e000 	C:\WINDOWS\System32\msvcrt.dll
0x00007ff980c20000 - 0x00007ff980cbb000 	C:\WINDOWS\System32\sechost.dll
0x00007ff980540000 - 0x00007ff98066b000 	C:\WINDOWS\System32\RPCRT4.dll
0x00007ff981340000 - 0x00007ff9814e0000 	C:\WINDOWS\System32\USER32.dll
0x00007ff97f160000 - 0x00007ff97f182000 	C:\WINDOWS\System32\win32u.dll
0x00007ff97f980000 - 0x00007ff97f9aa000 	C:\WINDOWS\System32\GDI32.dll
0x00007ff97f6c0000 - 0x00007ff97f7cb000 	C:\WINDOWS\System32\gdi32full.dll
0x00007ff97f7d0000 - 0x00007ff97f86d000 	C:\WINDOWS\System32\msvcp_win.dll
0x00007ff97f060000 - 0x00007ff97f160000 	C:\WINDOWS\System32\ucrtbase.dll
0x00007ff965720000 - 0x00007ff9659ba000 	C:\WINDOWS\WinSxS\amd64_microsoft.windows.common-controls_6595b64144ccf1df_6.0.19041.844_none_ca00b6081b84eb1d\COMCTL32.dll
0x00007ff980dd0000 - 0x00007ff980e00000 	C:\WINDOWS\System32\IMM32.DLL
0x0000000057280000 - 0x0000000057352000 	C:\Program Files\Android\Android Studio\jre\jre\bin\msvcr100.dll
0x00000000566e0000 - 0x0000000056f2b000 	C:\Program Files\Android\Android Studio\jre\jre\bin\server\jvm.dll
0x00007ff980530000 - 0x00007ff980538000 	C:\WINDOWS\System32\PSAPI.DLL
0x00007ff9691b0000 - 0x00007ff9691b9000 	C:\WINDOWS\SYSTEM32\WSOCK32.dll
0x00007ff9773d0000 - 0x00007ff9773da000 	C:\WINDOWS\SYSTEM32\VERSION.dll
0x00007ff9700b0000 - 0x00007ff9700d7000 	C:\WINDOWS\SYSTEM32\WINMM.dll
0x00007ff980bb0000 - 0x00007ff980c1b000 	C:\WINDOWS\System32\WS2_32.dll
0x00007ff9799f0000 - 0x00007ff9799ff000 	C:\Program Files\Android\Android Studio\jre\jre\bin\verify.dll
0x00007ff9799c0000 - 0x00007ff9799e9000 	C:\Program Files\Android\Android Studio\jre\jre\bin\java.dll
0x00007ff9799a0000 - 0x00007ff9799b6000 	C:\Program Files\Android\Android Studio\jre\jre\bin\zip.dll
0x00007ff97f9b0000 - 0x00007ff9800f2000 	C:\WINDOWS\System32\SHELL32.dll
0x00007ff97ca20000 - 0x00007ff97d1b0000 	C:\WINDOWS\SYSTEM32\windows.storage.dll
0x00007ff980170000 - 0x00007ff9804c5000 	C:\WINDOWS\System32\combase.dll
0x00007ff97e950000 - 0x00007ff97e97c000 	C:\WINDOWS\SYSTEM32\Wldp.dll
0x00007ff9806d0000 - 0x00007ff98077e000 	C:\WINDOWS\System32\SHCORE.dll
0x00007ff9804d0000 - 0x00007ff980525000 	C:\WINDOWS\System32\shlwapi.dll
0x00007ff97eef0000 - 0x00007ff97ef0f000 	C:\WINDOWS\SYSTEM32\profapi.dll
0x00007ff979980000 - 0x00007ff97999a000 	C:\Program Files\Android\Android Studio\jre\jre\bin\net.dll
0x00007ff97e6c0000 - 0x00007ff97e72a000 	C:\WINDOWS\system32\mswsock.dll
0x00007ff978e30000 - 0x00007ff978e43000 	C:\Program Files\Android\Android Studio\jre\jre\bin\nio.dll
0x00007ff96fc20000 - 0x00007ff96fc47000 	C:\Users\KimHanbi\.gradle\native\f6784746aeab05261644944871eae4fe03e0ef1612fff0a4a95f87b438bc6780\windows-amd64\native-platform.dll
0x00007ff9788f0000 - 0x00007ff9788fd000 	C:\Program Files\Android\Android Studio\jre\jre\bin\management.dll
0x00007ff97e890000 - 0x00007ff97e8a8000 	C:\WINDOWS\SYSTEM32\CRYPTSP.dll
0x00007ff97e060000 - 0x00007ff97e094000 	C:\WINDOWS\system32\rsaenh.dll
0x00007ff97f610000 - 0x00007ff97f637000 	C:\WINDOWS\System32\bcrypt.dll
0x00007ff97eeb0000 - 0x00007ff97eede000 	C:\WINDOWS\SYSTEM32\USERENV.dll
0x00007ff97f640000 - 0x00007ff97f6c0000 	C:\WINDOWS\System32\bcryptprimitives.dll
0x00007ff97e8b0000 - 0x00007ff97e8bc000 	C:\WINDOWS\SYSTEM32\CRYPTBASE.dll
0x00007ff97e3b0000 - 0x00007ff97e3eb000 	C:\WINDOWS\SYSTEM32\IPHLPAPI.DLL
0x00007ff980160000 - 0x00007ff980168000 	C:\WINDOWS\System32\NSI.dll
0x00007ff978660000 - 0x00007ff978677000 	C:\WINDOWS\SYSTEM32\dhcpcsvc6.DLL
0x00007ff9787c0000 - 0x00007ff9787dd000 	C:\WINDOWS\SYSTEM32\dhcpcsvc.DLL
0x00007ff97e3f0000 - 0x00007ff97e4bc000 	C:\WINDOWS\SYSTEM32\DNSAPI.dll
0x00007ff979c60000 - 0x00007ff979c6b000 	C:\WINDOWS\SYSTEM32\WINNSI.DLL
0x00007ff964a90000 - 0x00007ff964ab4000 	C:\Program Files\Android\Android Studio\jre\jre\bin\sunec.dll
0x00007ff952e20000 - 0x00007ff952e2b000 	C:\Program Files\Android\Android Studio\jre\jre\bin\sunmscapi.dll
0x00007ff97f190000 - 0x00007ff97f2ef000 	C:\WINDOWS\System32\CRYPT32.dll
0x00007ff976900000 - 0x00007ff97690a000 	C:\Windows\System32\rasadhlp.dll
0x00007ff975dc0000 - 0x00007ff975e3f000 	C:\WINDOWS\System32\fwpuclnt.dll

VM Arguments:
jvm_args: -Xmx4096m -Dfile.encoding=UTF-8 -Duser.country=KR -Duser.language=ko -Duser.variant 
java_command: org.gradle.launcher.daemon.bootstrap.GradleDaemon 6.5
java_class_path (initial): C:\Users\KimHanbi\.gradle\wrapper\dists\gradle-6.5-all\2oz4ud9k3tuxjg84bbf55q0tn\gradle-6.5\lib\gradle-launcher-6.5.jar
Launcher Type: SUN_STANDARD

Environment Variables:
JAVA_HOME=C:\Program Files\Java\jdk1.8.0_251
CLASSPATH=%classpath%;;;
PATH=C:\Program Files\Java\jdk1.8.0_251\bin;C:\Program Files (x86)\Common Files\Oracle\Java\javapath;C:\Program Files (x86)\Intel\iCLS Client\;C:\Program Files\Intel\iCLS Client\;C:\WINDOWS\system32;C:\WINDOWS;C:\WINDOWS\System32\Wbem;C:\WINDOWS\System32\WindowsPowerShell\v1.0\;C:\Program Files (x86)\Intel\Intel(R) Management Engine Components\DAL;C:\Program Files\Intel\Intel(R) Management Engine Components\DAL;C:\Program Files (x86)\Intel\Intel(R) Management Engine Components\IPT;C:\Program Files\Intel\Intel(R) Management Engine Components\IPT;C:\Program Files\Intel\WiFi\bin\;C:\Program Files\Common Files\Intel\WirelessCommon\;C:\WINDOWS\System32\OpenSSH\;C:\MinGW\bin;C:\Program Files\Java\jdk1.8.0_251\bin;C:\Program Files\Git\cmd;C:\Program Files\MySQL\MySQL Server 8.0\bin;C:\ProgramData\chocolatey\bin;C:\Program Files\nodejs\;C:\Program Files\MySQL\MySQL Shell 8.0\bin\;C:\Python\Python36\Scripts\;C:\Python\Python36\;C:\Users\KimHanbi\AppData\Local\Microsoft\WindowsApps;C:\Users\KimHanbi\AppData\Local\Programs\Microsoft VS Code\bin;C:\Users\KimHanbi\AppData\Roaming\npm;C:\Program Files\Android\Android Studio\jre\bin;C:\Users\KimHanbi\AppData\Local\gitkraken\bin
USERNAME=KimHanbi
OS=Windows_NT
PROCESSOR_IDENTIFIER=Intel64 Family 6 Model 142 Stepping 10, GenuineIntel



---------------  S Y S T E M  ---------------

OS: Windows 10.0 , 64 bit Build 19041 (10.0.19041.928)

CPU:total 8 (initial active 8) (4 cores per cpu, 2 threads per core) family 6 model 142 stepping 10, cmov, cx8, fxsr, mmx, sse, sse2, sse3, ssse3, sse4.1, sse4.2, popcnt, avx, avx2, aes, clmul, erms, 3dnowpref, lzcnt, ht, tsc, tscinvbit, bmi1, bmi2, adx

Memory: 4k page, physical 8217940k(952824k free), swap 8217940k(9204k free)

vm_info: OpenJDK 64-Bit Server VM (25.242-b01) for windows-amd64 JRE (1.8.0_242-release-1644-b01), built by "builder" with MS VC++ 10.0 (VS2010)

time: Wed May 26 11:30:29 2021
timezone: 대한민국 표준시
elapsed time: 246 seconds (0d 0h 4m 6s)

