#
# There is insufficient memory for the Java Runtime Environment to continue.
# Native memory allocation (malloc) failed to allocate 1096336 bytes for Chunk::new
# Possible reasons:
#   The system is out of physical RAM or swap space
#   The process is running with CompressedOops enabled, and the Java Heap may be blocking the growth of the native heap
# Possible solutions:
#   Reduce memory load on the system
#   Increase physical memory or swap space
#   Check if swap backing store is full
#   Decrease Java heap size (-Xmx/-Xms)
#   Decrease number of Java threads
#   Decrease Java thread stack sizes (-Xss)
#   Set larger code cache with -XX:ReservedCodeCacheSize=
#   JVM is running with Zero Based Compressed Oops mode in which the Java heap is
#     placed in the first 32GB address space. The Java Heap base address is the
#     maximum limit for the native heap growth. Please use -XX:HeapBaseMinAddress
#     to set the Java Heap base and to place the Java Heap above 32GB virtual address.
# This output file may be truncated or incomplete.
#
#  Out of Memory Error (allocation.cpp:389), pid=10540, tid=0x0000000000003114
#
# JRE version: OpenJDK Runtime Environment (8.0_242-b01) (build 1.8.0_242-release-1644-b01)
# Java VM: OpenJDK 64-Bit Server VM (25.242-b01 mixed mode windows-amd64 compressed oops)
# Failed to write core dump. Minidumps are not enabled by default on client versions of Windows
#

---------------  T H R E A D  ---------------

Current thread (0x000000001e7f1000):  JavaThread "C2 CompilerThread1" daemon [_thread_in_native, id=12564, stack(0x000000001f150000,0x000000001f250000)]

Stack: [0x000000001f150000,0x000000001f250000]
[error occurred during error reporting (printing stack bounds), id 0xc0000005]

Native frames: (J=compiled Java code, j=interpreted, Vv=VM code, C=native code)


Current CompileTask:
C2: 376609 15691       4       com.sun.tools.javac.comp.Attr::check (219 bytes)


---------------  P R O C E S S  ---------------

Java Threads: ( => current thread )
  0x000000002503b800 JavaThread "Keep-Alive-Timer" daemon [_thread_blocked, id=6056, stack(0x0000000033d20000,0x0000000033e20000)]
  0x0000000025035000 JavaThread "Cache worker for Java compile cache (C:\Users\KimHanbi\AndroidStudioProjects\UntactShop\.gradle\6.5\javaCompile)" [_thread_blocked, id=11072, stack(0x0000000033670000,0x0000000033770000)]
  0x0000000025032000 JavaThread "Cache worker for Java compile cache (C:\Users\KimHanbi\.gradle\caches\6.5\javaCompile)" [_thread_blocked, id=9404, stack(0x0000000033570000,0x0000000033670000)]
  0x0000000025039000 JavaThread "Cache worker for execution history cache (C:\Users\KimHanbi\AndroidStudioProjects\UntactShop\.gradle\6.5\executionHistory)" [_thread_blocked, id=7420, stack(0x0000000033270000,0x0000000033370000)]
  0x0000000025037800 JavaThread "Execution worker for ':' Thread 7" [_thread_in_Java, id=13876, stack(0x0000000032b70000,0x0000000032c70000)]
  0x000000002502d800 JavaThread "Execution worker for ':' Thread 6" [_thread_blocked, id=3832, stack(0x0000000032a70000,0x0000000032b70000)]
  0x000000002502e800 JavaThread "Execution worker for ':' Thread 5" [_thread_blocked, id=2764, stack(0x0000000032970000,0x0000000032a70000)]
  0x0000000025030800 JavaThread "Execution worker for ':' Thread 4" [_thread_blocked, id=572, stack(0x0000000032870000,0x0000000032970000)]
  0x0000000025030000 JavaThread "Execution worker for ':' Thread 3" [_thread_blocked, id=11432, stack(0x0000000032770000,0x0000000032870000)]
  0x0000000025033000 JavaThread "Execution worker for ':' Thread 2" [_thread_blocked, id=4440, stack(0x0000000032670000,0x0000000032770000)]
  0x0000000025031800 JavaThread "Execution worker for ':'" [_thread_blocked, id=12276, stack(0x0000000032470000,0x0000000032570000)]
  0x0000000025034800 JavaThread "Cache worker for file content cache (C:\Users\KimHanbi\AndroidStudioProjects\UntactShop\.gradle\6.5\fileContent)" [_thread_blocked, id=4208, stack(0x0000000031120000,0x0000000031220000)]
  0x0000000025033800 JavaThread "Cache worker for Build Output Cleanup Cache (C:\Users\KimHanbi\AndroidStudioProjects\UntactShop\.gradle\buildOutputCleanup)" [_thread_blocked, id=1948, stack(0x0000000030e20000,0x0000000030f20000)]
  0x0000000025e95000 JavaThread "jar transforms Thread 198" [_thread_blocked, id=14700, stack(0x000000002ea90000,0x000000002eb90000)]
  0x0000000025e93800 JavaThread "jar transforms Thread 197" [_thread_blocked, id=14352, stack(0x000000002e990000,0x000000002ea90000)]
  0x0000000025e92800 JavaThread "jar transforms Thread 196" [_thread_blocked, id=3864, stack(0x000000002e890000,0x000000002e990000)]
  0x0000000025e90800 JavaThread "jar transforms Thread 195" [_thread_blocked, id=12084, stack(0x000000002e790000,0x000000002e890000)]
  0x0000000025e94000 JavaThread "jar transforms Thread 194" [_thread_blocked, id=932, stack(0x000000002e690000,0x000000002e790000)]
  0x0000000025e91000 JavaThread "jar transforms Thread 193" [_thread_blocked, id=15812, stack(0x000000002e590000,0x000000002e690000)]
  0x0000000025e8f800 JavaThread "jar transforms Thread 192" [_thread_blocked, id=15772, stack(0x000000002e490000,0x000000002e590000)]
  0x0000000025e8f000 JavaThread "jar transforms Thread 191" [_thread_blocked, id=16064, stack(0x000000002e390000,0x000000002e490000)]
  0x0000000025e92000 JavaThread "jar transforms Thread 190" [_thread_blocked, id=13416, stack(0x000000002e290000,0x000000002e390000)]
  0x0000000025e87800 JavaThread "jar transforms Thread 189" [_thread_blocked, id=2944, stack(0x000000002e190000,0x000000002e290000)]
  0x0000000025e8e000 JavaThread "jar transforms Thread 188" [_thread_blocked, id=13728, stack(0x000000002e090000,0x000000002e190000)]
  0x0000000025e8d800 JavaThread "jar transforms Thread 187" [_thread_blocked, id=13148, stack(0x000000002df90000,0x000000002e090000)]
  0x0000000025e8c800 JavaThread "jar transforms Thread 186" [_thread_blocked, id=5176, stack(0x000000002de90000,0x000000002df90000)]
  0x0000000025e89000 JavaThread "jar transforms Thread 185" [_thread_blocked, id=7248, stack(0x000000002dd90000,0x000000002de90000)]
  0x0000000025e86800 JavaThread "jar transforms Thread 184" [_thread_blocked, id=8436, stack(0x000000002dc90000,0x000000002dd90000)]
  0x0000000025e89800 JavaThread "jar transforms Thread 183" [_thread_blocked, id=7268, stack(0x000000002db90000,0x000000002dc90000)]
  0x0000000025e8c000 JavaThread "jar transforms Thread 182" [_thread_blocked, id=3816, stack(0x000000002da90000,0x000000002db90000)]
  0x0000000025e86000 JavaThread "jar transforms Thread 181" [_thread_blocked, id=9208, stack(0x000000002d990000,0x000000002da90000)]
  0x0000000025e88000 JavaThread "jar transforms Thread 180" [_thread_blocked, id=14500, stack(0x000000002d890000,0x000000002d990000)]
  0x0000000025e8b000 JavaThread "jar transforms Thread 179" [_thread_blocked, id=5744, stack(0x000000002d790000,0x000000002d890000)]
  0x0000000025e8a800 JavaThread "jar transforms Thread 178" [_thread_blocked, id=6372, stack(0x000000002d690000,0x000000002d790000)]
  0x0000000025b1b800 JavaThread "jar transforms Thread 177" [_thread_blocked, id=13592, stack(0x000000002d590000,0x000000002d690000)]
  0x0000000025b1a800 JavaThread "jar transforms Thread 176" [_thread_blocked, id=452, stack(0x000000002d490000,0x000000002d590000)]
  0x0000000025b19000 JavaThread "jar transforms Thread 175" [_thread_blocked, id=15300, stack(0x000000002d390000,0x000000002d490000)]
  0x0000000025b20000 JavaThread "jar transforms Thread 174" [_thread_blocked, id=2220, stack(0x000000002d290000,0x000000002d390000)]
  0x0000000025b1e800 JavaThread "jar transforms Thread 173" [_thread_blocked, id=12916, stack(0x000000002d190000,0x000000002d290000)]
  0x0000000025b1d000 JavaThread "jar transforms Thread 172" [_thread_blocked, id=6972, stack(0x000000002d090000,0x000000002d190000)]
  0x0000000025b1a000 JavaThread "jar transforms Thread 171" [_thread_blocked, id=4416, stack(0x000000002cf90000,0x000000002d090000)]
  0x0000000025b1d800 JavaThread "jar transforms Thread 170" [_thread_blocked, id=132, stack(0x000000002ce90000,0x000000002cf90000)]
  0x0000000025b1c000 JavaThread "jar transforms Thread 169" [_thread_blocked, id=13408, stack(0x000000002cd90000,0x000000002ce90000)]
  0x0000000025b1f000 JavaThread "jar transforms Thread 168" [_thread_blocked, id=10872, stack(0x000000002cc90000,0x000000002cd90000)]
  0x0000000025b11800 JavaThread "jar transforms Thread 167" [_thread_blocked, id=8368, stack(0x000000002cb90000,0x000000002cc90000)]
  0x0000000025b18800 JavaThread "jar transforms Thread 166" [_thread_blocked, id=16268, stack(0x000000002ca90000,0x000000002cb90000)]
  0x0000000025b15800 JavaThread "jar transforms Thread 165" [_thread_blocked, id=6636, stack(0x000000002c990000,0x000000002ca90000)]
  0x0000000025b14800 JavaThread "jar transforms Thread 164" [_thread_blocked, id=2456, stack(0x000000002c890000,0x000000002c990000)]
  0x0000000025b11000 JavaThread "jar transforms Thread 163" [_thread_blocked, id=2776, stack(0x000000002c790000,0x000000002c890000)]
  0x0000000025b17800 JavaThread "jar transforms Thread 162" [_thread_blocked, id=14096, stack(0x000000002c690000,0x000000002c790000)]
  0x0000000025b17000 JavaThread "jar transforms Thread 161" [_thread_blocked, id=5088, stack(0x000000002c590000,0x000000002c690000)]
  0x0000000025b13000 JavaThread "jar transforms Thread 160" [_thread_blocked, id=13852, stack(0x000000002c490000,0x000000002c590000)]
  0x0000000025b14000 JavaThread "jar transforms Thread 159" [_thread_blocked, id=3552, stack(0x000000002c390000,0x000000002c490000)]
  0x0000000025b16000 JavaThread "jar transforms Thread 158" [_thread_blocked, id=13908, stack(0x000000002c290000,0x000000002c390000)]
  0x0000000025b12800 JavaThread "jar transforms Thread 157" [_thread_blocked, id=8248, stack(0x000000002c190000,0x000000002c290000)]
  0x0000000023e5b000 JavaThread "jar transforms Thread 156" [_thread_blocked, id=4132, stack(0x000000002c090000,0x000000002c190000)]
  0x0000000023e59800 JavaThread "jar transforms Thread 155" [_thread_blocked, id=8232, stack(0x000000002bf90000,0x000000002c090000)]
  0x0000000023e58800 JavaThread "jar transforms Thread 154" [_thread_blocked, id=14132, stack(0x000000002be90000,0x000000002bf90000)]
  0x0000000023e5a000 JavaThread "jar transforms Thread 153" [_thread_blocked, id=2600, stack(0x000000002bd90000,0x000000002be90000)]
  0x0000000023e5d000 JavaThread "jar transforms Thread 152" [_thread_blocked, id=4492, stack(0x000000002bc90000,0x000000002bd90000)]
  0x0000000023e58000 JavaThread "jar transforms Thread 151" [_thread_blocked, id=15768, stack(0x000000002bb90000,0x000000002bc90000)]
  0x0000000023e5c800 JavaThread "jar transforms Thread 150" [_thread_blocked, id=11376, stack(0x000000002b790000,0x000000002b890000)]
  0x0000000023e57000 JavaThread "jar transforms Thread 149" [_thread_blocked, id=11612, stack(0x000000002b690000,0x000000002b790000)]
  0x0000000023e5b800 JavaThread "jar transforms Thread 148" [_thread_blocked, id=2112, stack(0x000000002b590000,0x000000002b690000)]
  0x0000000023e56800 JavaThread "jar transforms Thread 147" [_thread_blocked, id=6948, stack(0x000000002b490000,0x000000002b590000)]
  0x0000000023e4f000 JavaThread "jar transforms Thread 146" [_thread_blocked, id=13168, stack(0x000000002b390000,0x000000002b490000)]
  0x0000000023e55800 JavaThread "jar transforms Thread 145" [_thread_blocked, id=836, stack(0x000000002b290000,0x000000002b390000)]
  0x0000000023e53800 JavaThread "jar transforms Thread 144" [_thread_blocked, id=14592, stack(0x000000002b190000,0x000000002b290000)]
  0x0000000023e52800 JavaThread "jar transforms Thread 143" [_thread_blocked, id=12020, stack(0x000000002b090000,0x000000002b190000)]
  0x0000000023e4e000 JavaThread "jar transforms Thread 142" [_thread_blocked, id=3808, stack(0x000000002af90000,0x000000002b090000)]
  0x0000000023e55000 JavaThread "jar transforms Thread 141" [_thread_blocked, id=3008, stack(0x000000002ae90000,0x000000002af90000)]
  0x0000000023e54000 JavaThread "jar transforms Thread 140" [_thread_blocked, id=6884, stack(0x000000002ad90000,0x000000002ae90000)]
  0x0000000023e51000 JavaThread "jar transforms Thread 139" [_thread_blocked, id=5620, stack(0x000000002ac90000,0x000000002ad90000)]
  0x0000000023e50800 JavaThread "jar transforms Thread 138" [_thread_blocked, id=15328, stack(0x000000002ab90000,0x000000002ac90000)]
  0x0000000023e52000 JavaThread "jar transforms Thread 137" [_thread_blocked, id=16116, stack(0x000000002aa90000,0x000000002ab90000)]
  0x0000000023e4f800 JavaThread "jar transforms Thread 136" [_thread_blocked, id=15028, stack(0x000000002a990000,0x000000002aa90000)]
  0x0000000021080800 JavaThread "jar transforms Thread 135" [_thread_blocked, id=8276, stack(0x000000002a890000,0x000000002a990000)]
  0x000000002107e000 JavaThread "jar transforms Thread 134" [_thread_blocked, id=10196, stack(0x000000002a790000,0x000000002a890000)]
  0x0000000021085000 JavaThread "jar transforms Thread 133" [_thread_blocked, id=13704, stack(0x000000002a690000,0x000000002a790000)]
  0x000000002107f800 JavaThread "jar transforms Thread 132" [_thread_blocked, id=1336, stack(0x000000002a590000,0x000000002a690000)]
  0x0000000021083800 JavaThread "jar transforms Thread 131" [_thread_blocked, id=6660, stack(0x000000002a490000,0x000000002a590000)]
  0x0000000023426000 JavaThread "jar transforms Thread 130" [_thread_blocked, id=9264, stack(0x000000002a390000,0x000000002a490000)]
  0x0000000023425000 JavaThread "jar transforms Thread 129" [_thread_blocked, id=8008, stack(0x000000002a290000,0x000000002a390000)]
  0x0000000023423800 JavaThread "jar transforms Thread 128" [_thread_blocked, id=8792, stack(0x000000002a190000,0x000000002a290000)]
  0x0000000023426800 JavaThread "jar transforms Thread 127" [_thread_blocked, id=14716, stack(0x000000002a090000,0x000000002a190000)]
  0x0000000023423000 JavaThread "jar transforms Thread 126" [_thread_blocked, id=16024, stack(0x0000000029f90000,0x000000002a090000)]
  0x000000002341b800 JavaThread "jar transforms Thread 125" [_thread_blocked, id=10512, stack(0x0000000029e90000,0x0000000029f90000)]
  0x000000002341a800 JavaThread "jar transforms Thread 124" [_thread_blocked, id=14488, stack(0x0000000029d90000,0x0000000029e90000)]
  0x0000000023421800 JavaThread "jar transforms Thread 123" [_thread_blocked, id=13776, stack(0x0000000029c90000,0x0000000029d90000)]
  0x000000002341a000 JavaThread "jar transforms Thread 122" [_thread_blocked, id=16032, stack(0x0000000029b90000,0x0000000029c90000)]
  0x000000002341c000 JavaThread "jar transforms Thread 121" [_thread_blocked, id=12588, stack(0x0000000029a90000,0x0000000029b90000)]
  0x0000000023419000 JavaThread "jar transforms Thread 120" [_thread_blocked, id=3840, stack(0x0000000029990000,0x0000000029a90000)]
  0x0000000023420000 JavaThread "jar transforms Thread 119" [_thread_blocked, id=9116, stack(0x0000000029890000,0x0000000029990000)]
  0x000000002341f000 JavaThread "jar transforms Thread 118" [_thread_blocked, id=1180, stack(0x0000000029790000,0x0000000029890000)]
  0x000000002341d800 JavaThread "jar transforms Thread 117" [_thread_blocked, id=3612, stack(0x0000000029690000,0x0000000029790000)]
  0x000000002341e800 JavaThread "jar transforms Thread 116" [_thread_blocked, id=15740, stack(0x0000000029590000,0x0000000029690000)]
  0x0000000023418800 JavaThread "jar transforms Thread 115" [_thread_blocked, id=10600, stack(0x0000000029490000,0x0000000029590000)]
  0x00000000317e4800 JavaThread "jar transforms Thread 114" [_thread_blocked, id=9240, stack(0x0000000029390000,0x0000000029490000)]
  0x00000000317e9800 JavaThread "jar transforms Thread 113" [_thread_blocked, id=6600, stack(0x0000000029290000,0x0000000029390000)]
  0x00000000317e6800 JavaThread "jar transforms Thread 112" [_thread_blocked, id=12156, stack(0x0000000029190000,0x0000000029290000)]
  0x00000000317eb000 JavaThread "jar transforms Thread 111" [_thread_blocked, id=15364, stack(0x0000000029090000,0x0000000029190000)]
  0x00000000317e7800 JavaThread "jar transforms Thread 110" [_thread_blocked, id=14160, stack(0x0000000028f90000,0x0000000029090000)]
  0x00000000317ea800 JavaThread "jar transforms Thread 109" [_thread_blocked, id=14832, stack(0x0000000028e90000,0x0000000028f90000)]
  0x00000000317e8000 JavaThread "jar transforms Thread 108" [_thread_blocked, id=2976, stack(0x0000000028d90000,0x0000000028e90000)]
  0x00000000317df000 JavaThread "jar transforms Thread 107" [_thread_blocked, id=14240, stack(0x0000000028c90000,0x0000000028d90000)]
  0x00000000317e3800 JavaThread "jar transforms Thread 106" [_thread_blocked, id=2968, stack(0x0000000028b90000,0x0000000028c90000)]
  0x00000000317e0800 JavaThread "jar transforms Thread 105" [_thread_blocked, id=15452, stack(0x0000000028a90000,0x0000000028b90000)]
  0x00000000317e2000 JavaThread "jar transforms Thread 104" [_thread_blocked, id=13732, stack(0x0000000028990000,0x0000000028a90000)]
  0x00000000317e6000 JavaThread "jar transforms Thread 103" [_thread_blocked, id=6548, stack(0x0000000028890000,0x0000000028990000)]
  0x00000000317e0000 JavaThread "jar transforms Thread 102" [_thread_blocked, id=788, stack(0x0000000028790000,0x0000000028890000)]
  0x00000000317dc000 JavaThread "jar transforms Thread 101" [_thread_blocked, id=14676, stack(0x0000000028690000,0x0000000028790000)]
  0x00000000317e3000 JavaThread "jar transforms Thread 100" [_thread_blocked, id=13080, stack(0x0000000028590000,0x0000000028690000)]
  0x00000000317de800 JavaThread "Build operations Thread 8" [_thread_blocked, id=8208, stack(0x0000000028490000,0x0000000028590000)]
  0x00000000317dd000 JavaThread "Build operations Thread 7" [_thread_blocked, id=11208, stack(0x0000000028390000,0x0000000028490000)]
  0x00000000219cc000 JavaThread "Build operations Thread 6" [_thread_blocked, id=14348, stack(0x0000000028290000,0x0000000028390000)]
  0x00000000219cd000 JavaThread "Build operations Thread 5" [_thread_blocked, id=7176, stack(0x0000000028190000,0x0000000028290000)]
  0x00000000219cd800 JavaThread "Build operations Thread 4" [_thread_blocked, id=10916, stack(0x0000000028090000,0x0000000028190000)]
  0x00000000219cb800 JavaThread "Build operations Thread 3" [_thread_blocked, id=2896, stack(0x0000000027f90000,0x0000000028090000)]
  0x00000000219ca800 JavaThread "Build operations Thread 2" [_thread_blocked, id=10628, stack(0x0000000027e90000,0x0000000027f90000)]
  0x00000000219c9000 JavaThread "Build operations" [_thread_blocked, id=1528, stack(0x0000000027d90000,0x0000000027e90000)]
  0x00000000219ce800 JavaThread "Cache worker for cache directory md-rule (C:\Users\KimHanbi\.gradle\caches\6.5\md-rule)" [_thread_blocked, id=3332, stack(0x0000000027590000,0x0000000027690000)]
  0x00000000219cf000 JavaThread "Cache worker for cache directory md-supplier (C:\Users\KimHanbi\.gradle\caches\6.5\md-supplier)" [_thread_blocked, id=16220, stack(0x0000000026980000,0x0000000026a80000)]
  0x00000000219d0000 JavaThread "Cache worker for checksums cache (C:\Users\KimHanbi\AndroidStudioProjects\UntactShop\.gradle\checksums)" [_thread_blocked, id=8020, stack(0x00000000244c0000,0x00000000245c0000)]
  0x00000000219ca000 JavaThread "Cache worker for file hash cache (C:\Users\KimHanbi\AndroidStudioProjects\UntactShop\.gradle\6.5\fileHashes)" [_thread_blocked, id=15440, stack(0x0000000022ef0000,0x0000000022ff0000)]
  0x00000000219c1800 JavaThread "Thread-149" [_thread_blocked, id=6592, stack(0x0000000022df0000,0x0000000022ef0000)]
  0x00000000219c8800 JavaThread "Stdin handler" [_thread_blocked, id=11616, stack(0x0000000022cf0000,0x0000000022df0000)]
  0x00000000219c1000 JavaThread "Asynchronous log dispatcher for DefaultDaemonConnection: socket connection from /127.0.0.1:9848 to /127.0.0.1:9962" [_thread_blocked, id=14820, stack(0x0000000022bf0000,0x0000000022cf0000)]
  0x00000000219c5800 JavaThread "Daemon worker Thread 2" [_thread_blocked, id=10492, stack(0x00000000227f0000,0x00000000228f0000)]
  0x00000000219c4800 JavaThread "Cancel handler" [_thread_blocked, id=8700, stack(0x0000000000f10000,0x0000000001010000)]
  0x00000000219c7800 JavaThread "Handler for socket connection from /127.0.0.1:9848 to /127.0.0.1:9962" [_thread_in_native, id=13496, stack(0x0000000000dd0000,0x0000000000ed0000)]
  0x00000000219c3000 JavaThread "Daemon Thread 2" [_thread_blocked, id=14604, stack(0x0000000000cd0000,0x0000000000dd0000)]
  0x000000002341d000 JavaThread "Memory manager" [_thread_blocked, id=9608, stack(0x000000002ba90000,0x000000002bb90000)]
  0x0000000021082000 JavaThread "Cache worker for file content cache (C:\Users\KimHanbi\.gradle\caches\6.5\fileContent)" [_thread_blocked, id=16304, stack(0x0000000027690000,0x0000000027790000)]
  0x000000002107f000 JavaThread "Cache worker for execution history cache (C:\Users\KimHanbi\.gradle\caches\6.5\executionHistory)" [_thread_blocked, id=10432, stack(0x0000000026c80000,0x0000000026d80000)]
  0x0000000021084000 JavaThread "Cache worker for file hash cache (C:\Users\KimHanbi\.gradle\caches\6.5\fileHashes)" [_thread_blocked, id=2368, stack(0x00000000243c0000,0x00000000244c0000)]
  0x0000000021082800 JavaThread "File lock request listener" [_thread_in_native, id=14568, stack(0x00000000232f0000,0x00000000233f0000)]
  0x000000001e9c0800 JavaThread "Cache worker for journal cache (C:\Users\KimHanbi\.gradle\caches\journal-1)" [_thread_blocked, id=8064, stack(0x00000000231f0000,0x00000000232f0000)]
  0x00000000210f8000 JavaThread "Daemon periodic checks" [_thread_blocked, id=4116, stack(0x00000000224f0000,0x00000000225f0000)]
  0x000000002090e000 JavaThread "Incoming local TCP Connector on port 9848" [_thread_in_native, id=11156, stack(0x0000000022310000,0x0000000022410000)]
  0x000000001e910000 JavaThread "Daemon health stats" [_thread_blocked, id=7400, stack(0x0000000021ff0000,0x00000000220f0000)]
  0x000000001e897800 JavaThread "Service Thread" daemon [_thread_blocked, id=2740, stack(0x000000001f450000,0x000000001f550000)]
  0x000000001e84d800 JavaThread "C1 CompilerThread3" daemon [_thread_blocked, id=4560, stack(0x000000001f350000,0x000000001f450000)]
  0x000000001e849800 JavaThread "C2 CompilerThread2" daemon [_thread_in_native, id=16128, stack(0x000000001f250000,0x000000001f350000)]
=>0x000000001e7f1000 JavaThread "C2 CompilerThread1" daemon [_thread_in_native, id=12564, stack(0x000000001f150000,0x000000001f250000)]
  0x000000001e7ef000 JavaThread "C2 CompilerThread0" daemon [_thread_in_native, id=2000, stack(0x000000001f050000,0x000000001f150000)]
  0x000000001e848000 JavaThread "Attach Listener" daemon [_thread_blocked, id=7276, stack(0x000000001ef50000,0x000000001f050000)]
  0x000000001e847000 JavaThread "Signal Dispatcher" daemon [_thread_blocked, id=15528, stack(0x000000001ee50000,0x000000001ef50000)]
  0x000000001e7d0800 JavaThread "Finalizer" daemon [_thread_blocked, id=2440, stack(0x000000001ecb0000,0x000000001edb0000)]
  0x0000000002e48000 JavaThread "Reference Handler" daemon [_thread_blocked, id=8216, stack(0x000000001ebb0000,0x000000001ecb0000)]
  0x0000000002d52800 JavaThread "main" [_thread_blocked, id=1008, stack(0x00000000028f0000,0x00000000029f0000)]

Other Threads:
  0x000000001c9c6000 VMThread [stack: 0x000000001e6b0000,0x000000001e7b0000] [id=14388]
  0x000000001e8d3800 WatcherThread [stack: 0x000000001f550000,0x000000001f650000] [id=9280]

VM state:not at safepoint (normal execution)

VM Mutex/Monitor currently owned by a thread: None

heap address: 0x00000006c0000000, size: 4096 MB, Compressed Oops mode: Zero based, Oop shift amount: 3
Narrow klass base: 0x0000000000000000, Narrow klass shift: 3
Compressed class space size: 1073741824 Address: 0x00000007c0000000

Heap:
 PSYoungGen      total 357376K, used 220964K [0x000000076ab00000, 0x0000000783700000, 0x00000007c0000000)
  eden space 326656K, 67% used [0x000000076ab00000,0x00000007782c90b0,0x000000077ea00000)
  from space 30720K, 0% used [0x0000000781900000,0x0000000781900000,0x0000000783700000)
  to   space 39424K, 0% used [0x000000077ea00000,0x000000077ea00000,0x0000000781080000)
 ParOldGen       total 211456K, used 89705K [0x00000006c0000000, 0x00000006cce80000, 0x000000076ab00000)
  object space 211456K, 42% used [0x00000006c0000000,0x00000006c579a760,0x00000006cce80000)
 Metaspace       used 97716K, capacity 102466K, committed 102872K, reserved 1138688K
  class space    used 12807K, capacity 13706K, committed 13824K, reserved 1048576K

Card table byte_map: [0x0000000012220000,0x0000000012a30000] byte_map_base: 0x000000000ec20000

Marking Bits: (ParMarkBitMap*) 0x0000000056eaf030
 Begin Bits: [0x0000000013790000, 0x0000000017790000)
 End Bits:   [0x0000000017790000, 0x000000001b790000)

Polling page: 0x0000000002890000

CodeCache: size=245760Kb used=45125Kb max_used=45125Kb free=200634Kb
 bounds [0x0000000002e60000, 0x0000000005ab0000, 0x0000000011e60000]
 total_blobs=14388 nmethods=13488 adapters=812
 compilation: enabled

Compilation events (10 events):
Event: 376.573 Thread 0x000000001e84d800 nmethod 16123 0x0000000005a80ad0 code [0x0000000005a80c80, 0x0000000005a81208]
Event: 376.573 Thread 0x000000001e84d800 16124       3       com.sun.tools.javac.comp.AttrContextEnv::<init> (7 bytes)
Event: 376.574 Thread 0x000000001e84d800 nmethod 16124 0x0000000005a81490 code [0x0000000005a81600, 0x0000000005a81788]
Event: 376.575 Thread 0x000000001e84d800 16125       3       com.sun.tools.javac.comp.Attr::visitApply (814 bytes)
Event: 376.599 Thread 0x000000001e84d800 nmethod 16125 0x0000000005a81850 code [0x0000000005a82060, 0x0000000005a87ed8]
Event: 376.599 Thread 0x000000001e84d800 16127       1       com.sun.tools.javac.comp.Flow::access$202 (7 bytes)
Event: 376.600 Thread 0x000000001e84d800 nmethod 16127 0x0000000005a8bf10 code [0x0000000005a8c060, 0x0000000005a8c170]
Event: 376.600 Thread 0x000000001e84d800 16131       1       com.sun.tools.javac.code.Type::baseType (2 bytes)
Event: 376.600 Thread 0x000000001e84d800 nmethod 16131 0x0000000005a7a950 code [0x0000000005a7aaa0, 0x0000000005a7abb0]
Event: 376.600 Thread 0x000000001e84d800 16128       3       com.sun.tools.javac.comp.Flow$AssignAnalyzer::visitApply (17 bytes)

GC Heap History (10 events):
Event: 49.947 GC heap before
{Heap before GC invocations=18 (full 3):
 PSYoungGen      total 261632K, used 255856K [0x000000076ab00000, 0x000000077c180000, 0x00000007c0000000)
  eden space 242176K, 100% used [0x000000076ab00000,0x0000000779780000,0x0000000779780000)
  from space 19456K, 70% used [0x000000077ae80000,0x000000077bbdc060,0x000000077c180000)
  to   space 21504K, 0% used [0x0000000779780000,0x0000000779780000,0x000000077ac80000)
 ParOldGen       total 124928K, used 53384K [0x00000006c0000000, 0x00000006c7a00000, 0x000000076ab00000)
  object space 124928K, 42% used [0x00000006c0000000,0x00000006c34220e8,0x00000006c7a00000)
 Metaspace       used 71454K, capacity 75076K, committed 75224K, reserved 1114112K
  class space    used 9695K, capacity 10400K, committed 10496K, reserved 1048576K
Event: 50.034 GC heap after
Heap after GC invocations=18 (full 3):
 PSYoungGen      total 263680K, used 21482K [0x000000076ab00000, 0x000000077f780000, 0x00000007c0000000)
  eden space 242176K, 0% used [0x000000076ab00000,0x000000076ab00000,0x0000000779780000)
  from space 21504K, 99% used [0x0000000779780000,0x000000077ac7aa70,0x000000077ac80000)
  to   space 28672K, 0% used [0x000000077db80000,0x000000077db80000,0x000000077f780000)
 ParOldGen       total 124928K, used 64377K [0x00000006c0000000, 0x00000006c7a00000, 0x000000076ab00000)
  object space 124928K, 51% used [0x00000006c0000000,0x00000006c3ede620,0x00000006c7a00000)
 Metaspace       used 71454K, capacity 75076K, committed 75224K, reserved 1114112K
  class space    used 9695K, capacity 10400K, committed 10496K, reserved 1048576K
}
Event: 50.832 GC heap before
{Heap before GC invocations=19 (full 3):
 PSYoungGen      total 263680K, used 263658K [0x000000076ab00000, 0x000000077f780000, 0x00000007c0000000)
  eden space 242176K, 100% used [0x000000076ab00000,0x0000000779780000,0x0000000779780000)
  from space 21504K, 99% used [0x0000000779780000,0x000000077ac7aa70,0x000000077ac80000)
  to   space 28672K, 0% used [0x000000077db80000,0x000000077db80000,0x000000077f780000)
 ParOldGen       total 124928K, used 64389K [0x00000006c0000000, 0x00000006c7a00000, 0x000000076ab00000)
  object space 124928K, 51% used [0x00000006c0000000,0x00000006c3ee16b0,0x00000006c7a00000)
 Metaspace       used 71478K, capacity 75236K, committed 75480K, reserved 1114112K
  class space    used 9697K, capacity 10432K, committed 10496K, reserved 1048576K
Event: 50.971 GC heap after
Heap after GC invocations=19 (full 3):
 PSYoungGen      total 308224K, used 26637K [0x000000076ab00000, 0x0000000782300000, 0x00000007c0000000)
  eden space 279552K, 0% used [0x000000076ab00000,0x000000076ab00000,0x000000077bc00000)
  from space 28672K, 92% used [0x000000077db80000,0x000000077f583760,0x000000077f780000)
  to   space 32256K, 0% used [0x000000077bc00000,0x000000077bc00000,0x000000077db80000)
 ParOldGen       total 124928K, used 84493K [0x00000006c0000000, 0x00000006c7a00000, 0x000000076ab00000)
  object space 124928K, 67% used [0x00000006c0000000,0x00000006c52836c0,0x00000006c7a00000)
 Metaspace       used 71478K, capacity 75236K, committed 75480K, reserved 1114112K
  class space    used 9697K, capacity 10432K, committed 10496K, reserved 1048576K
}
Event: 58.081 GC heap before
{Heap before GC invocations=20 (full 3):
 PSYoungGen      total 308224K, used 306189K [0x000000076ab00000, 0x0000000782300000, 0x00000007c0000000)
  eden space 279552K, 100% used [0x000000076ab00000,0x000000077bc00000,0x000000077bc00000)
  from space 28672K, 92% used [0x000000077db80000,0x000000077f583760,0x000000077f780000)
  to   space 32256K, 0% used [0x000000077bc00000,0x000000077bc00000,0x000000077db80000)
 ParOldGen       total 124928K, used 84503K [0x00000006c0000000, 0x00000006c7a00000, 0x000000076ab00000)
  object space 124928K, 67% used [0x00000006c0000000,0x00000006c5285fc8,0x00000006c7a00000)
 Metaspace       used 81960K, capacity 86704K, committed 87000K, reserved 1124352K
  class space    used 11319K, capacity 12192K, committed 12288K, reserved 1048576K
Event: 58.180 GC heap after
Heap after GC invocations=20 (full 3):
 PSYoungGen      total 311808K, used 32253K [0x000000076ab00000, 0x0000000784080000, 0x00000007c0000000)
  eden space 279552K, 0% used [0x000000076ab00000,0x000000076ab00000,0x000000077bc00000)
  from space 32256K, 99% used [0x000000077bc00000,0x000000077db7f450,0x000000077db80000)
  to   space 40448K, 0% used [0x0000000781900000,0x0000000781900000,0x0000000784080000)
 ParOldGen       total 124928K, used 92907K [0x00000006c0000000, 0x00000006c7a00000, 0x000000076ab00000)
  object space 124928K, 74% used [0x00000006c0000000,0x00000006c5abaf70,0x00000006c7a00000)
 Metaspace       used 81960K, capacity 86704K, committed 87000K, reserved 1124352K
  class space    used 11319K, capacity 12192K, committed 12288K, reserved 1048576K
}
Event: 366.176 GC heap before
{Heap before GC invocations=21 (full 3):
 PSYoungGen      total 311808K, used 311805K [0x000000076ab00000, 0x0000000784080000, 0x00000007c0000000)
  eden space 279552K, 100% used [0x000000076ab00000,0x000000077bc00000,0x000000077bc00000)
  from space 32256K, 99% used [0x000000077bc00000,0x000000077db7f450,0x000000077db80000)
  to   space 40448K, 0% used [0x0000000781900000,0x0000000781900000,0x0000000784080000)
 ParOldGen       total 124928K, used 92907K [0x00000006c0000000, 0x00000006c7a00000, 0x000000076ab00000)
  object space 124928K, 74% used [0x00000006c0000000,0x00000006c5abaf70,0x00000006c7a00000)
 Metaspace       used 89182K, capacity 94214K, committed 94424K, reserved 1130496K
  class space    used 11983K, capacity 12937K, committed 13056K, reserved 1048576K
Event: 366.272 GC heap after
Heap after GC invocations=21 (full 3):
 PSYoungGen      total 357376K, used 19959K [0x000000076ab00000, 0x0000000783700000, 0x00000007c0000000)
  eden space 326656K, 0% used [0x000000076ab00000,0x000000076ab00000,0x000000077ea00000)
  from space 30720K, 64% used [0x0000000781900000,0x0000000782c7dc38,0x0000000783700000)
  to   space 39424K, 0% used [0x000000077ea00000,0x000000077ea00000,0x0000000781080000)
 ParOldGen       total 124928K, used 107517K [0x00000006c0000000, 0x00000006c7a00000, 0x000000076ab00000)
  object space 124928K, 86% used [0x00000006c0000000,0x00000006c68ff7b8,0x00000006c7a00000)
 Metaspace       used 89182K, capacity 94214K, committed 94424K, reserved 1130496K
  class space    used 11983K, capacity 12937K, committed 13056K, reserved 1048576K
}
Event: 366.273 GC heap before
{Heap before GC invocations=22 (full 4):
 PSYoungGen      total 357376K, used 19959K [0x000000076ab00000, 0x0000000783700000, 0x00000007c0000000)
  eden space 326656K, 0% used [0x000000076ab00000,0x000000076ab00000,0x000000077ea00000)
  from space 30720K, 64% used [0x0000000781900000,0x0000000782c7dc38,0x0000000783700000)
  to   space 39424K, 0% used [0x000000077ea00000,0x000000077ea00000,0x0000000781080000)
 ParOldGen       total 124928K, used 107517K [0x00000006c0000000, 0x00000006c7a00000, 0x000000076ab00000)
  object space 124928K, 86% used [0x00000006c0000000,0x00000006c68ff7b8,0x00000006c7a00000)
 Metaspace       used 89182K, capacity 94214K, committed 94424K, reserved 1130496K
  class space    used 11983K, capacity 12937K, committed 13056K, reserved 1048576K
Event: 367.043 GC heap after
Heap after GC invocations=22 (full 4):
 PSYoungGen      total 357376K, used 0K [0x000000076ab00000, 0x0000000783700000, 0x00000007c0000000)
  eden space 326656K, 0% used [0x000000076ab00000,0x000000076ab00000,0x000000077ea00000)
  from space 30720K, 0% used [0x0000000781900000,0x0000000781900000,0x0000000783700000)
  to   space 39424K, 0% used [0x000000077ea00000,0x000000077ea00000,0x0000000781080000)
 ParOldGen       total 211456K, used 89705K [0x00000006c0000000, 0x00000006cce80000, 0x000000076ab00000)
  object space 211456K, 42% used [0x00000006c0000000,0x00000006c579a760,0x00000006cce80000)
 Metaspace       used 88981K, capacity 93674K, committed 94424K, reserved 1130496K
  class space    used 11920K, capacity 12827K, committed 13056K, reserved 1048576K
}

Deoptimization events (10 events):
Event: 375.463 Thread 0x0000000025037800 Uncommon trap: reason=bimorphic action=maybe_recompile pc=0x0000000004930944 method=com.sun.tools.javac.code.Types$18.visitClassType(Lcom/sun/tools/javac/code/Type$ClassType;Ljava/lang/Void;)Lcom/sun/tools/javac/code/Type; @ 19
Event: 375.544 Thread 0x0000000025037800 Uncommon trap: reason=class_check action=maybe_recompile pc=0x00000000058daad0 method=com.sun.tools.javac.comp.Check.checkType(Lcom/sun/tools/javac/util/JCDiagnostic$DiagnosticPosition;Lcom/sun/tools/javac/code/Type;Lcom/sun/tools/javac/code/Type;Lcom/sun
Event: 375.544 Thread 0x0000000025037800 Uncommon trap: reason=class_check action=maybe_recompile pc=0x00000000058daad0 method=com.sun.tools.javac.comp.Check.checkType(Lcom/sun/tools/javac/util/JCDiagnostic$DiagnosticPosition;Lcom/sun/tools/javac/code/Type;Lcom/sun/tools/javac/code/Type;Lcom/sun
Event: 375.638 Thread 0x0000000025037800 Uncommon trap: reason=predicate action=maybe_recompile pc=0x000000000591e340 method=com.sun.tools.javac.comp.Attr.visitIdent(Lcom/sun/tools/javac/tree/JCTree$JCIdent;)V @ 216
Event: 375.768 Thread 0x0000000025037800 Uncommon trap: reason=unstable_if action=reinterpret pc=0x000000000586bd98 method=com.sun.tools.javac.code.Types$15.visitType(Lcom/sun/tools/javac/code/Type;Ljava/lang/Boolean;)Lcom/sun/tools/javac/code/Type; @ 14
Event: 375.768 Thread 0x0000000025037800 Uncommon trap: reason=bimorphic action=maybe_recompile pc=0x000000000354e948 method=com.sun.tools.javac.code.Types$19.visitClassType(Lcom/sun/tools/javac/code/Type$ClassType;Ljava/lang/Void;)Lcom/sun/tools/javac/util/List; @ 46
Event: 375.819 Thread 0x0000000025037800 Uncommon trap: reason=unstable_if action=reinterpret pc=0x0000000003da9ea0 method=com.sun.tools.javac.util.IntHashTable.lookup(Ljava/lang/Object;I)I @ 67
Event: 375.819 Thread 0x0000000025037800 Uncommon trap: reason=unstable_if action=reinterpret pc=0x00000000032f0c34 method=com.sun.tools.javac.util.IntHashTable.putAtIndex(Ljava/lang/Object;II)I @ 18
Event: 375.930 Thread 0x0000000025037800 Uncommon trap: reason=unstable_if action=reinterpret pc=0x0000000005561224 method=com.sun.tools.javac.util.ListBuffer.append(Ljava/lang/Object;)Lcom/sun/tools/javac/util/ListBuffer; @ 9
Event: 376.341 Thread 0x0000000025037800 Uncommon trap: reason=unstable_if action=reinterpret pc=0x000000000408c82c method=com.sun.tools.javac.comp.Check.checkDeprecated(Lcom/sun/tools/javac/util/JCDiagnostic$DiagnosticPosition;Lcom/sun/tools/javac/code/Symbol;Lcom/sun/tools/javac/code/Symbol;)V

Classes redefined (0 events):
No events

Internal exceptions (10 events):
Event: 365.843 Thread 0x0000000025030800 Exception <a 'sun/nio/fs/WindowsException'> (0x000000077ac06b70) thrown at [C:\src\AOSP-openjdk-git\hotspot\src\share\vm\prims\jni.cpp, line 710]
Event: 365.844 Thread 0x0000000025030800 Exception <a 'sun/nio/fs/WindowsException'> (0x000000077ac078c8) thrown at [C:\src\AOSP-openjdk-git\hotspot\src\share\vm\prims\jni.cpp, line 710]
Event: 366.123 Thread 0x0000000025037800 Exception <a 'sun/nio/fs/WindowsException'> (0x000000077ba91500) thrown at [C:\src\AOSP-openjdk-git\hotspot\src\share\vm\prims\jni.cpp, line 710]
Event: 366.124 Thread 0x0000000025037800 Exception <a 'sun/nio/fs/WindowsException'> (0x000000077ba92200) thrown at [C:\src\AOSP-openjdk-git\hotspot\src\share\vm\prims\jni.cpp, line 710]
Event: 366.126 Thread 0x0000000025037800 Exception <a 'sun/nio/fs/WindowsException'> (0x000000077ba95f48) thrown at [C:\src\AOSP-openjdk-git\hotspot\src\share\vm\prims\jni.cpp, line 710]
Event: 366.127 Thread 0x0000000025037800 Exception <a 'sun/nio/fs/WindowsException'> (0x000000077ba96c88) thrown at [C:\src\AOSP-openjdk-git\hotspot\src\share\vm\prims\jni.cpp, line 710]
Event: 366.128 Thread 0x0000000025037800 Exception <a 'sun/nio/fs/WindowsException'> (0x000000077ba98b90) thrown at [C:\src\AOSP-openjdk-git\hotspot\src\share\vm\prims\jni.cpp, line 710]
Event: 366.128 Thread 0x0000000025037800 Exception <a 'sun/nio/fs/WindowsException'> (0x000000077ba998e0) thrown at [C:\src\AOSP-openjdk-git\hotspot\src\share\vm\prims\jni.cpp, line 710]
Event: 370.820 Thread 0x0000000025037800 Implicit null exception at 0x00000000055b0318 to 0x00000000055b034e
Event: 372.523 Thread 0x0000000025037800 Implicit null exception at 0x0000000003103156 to 0x0000000003103501

Events (10 events):
Event: 376.194 Executing VM operation: ForceSafepoint done
Event: 376.341 Thread 0x0000000025037800 Uncommon trap: trap_request=0xffffff65 fr.pc=0x000000000408c82c
Event: 376.341 Thread 0x0000000025037800 DEOPT PACKING pc=0x000000000408c82c sp=0x0000000032c69380
Event: 376.341 Thread 0x0000000025037800 DEOPT UNPACKING pc=0x0000000002ea557b sp=0x0000000032c69318 mode 2
Event: 376.342 loading class com/sun/tools/javac/comp/Check$7
Event: 376.342 loading class com/sun/tools/javac/comp/Check$7 done
Event: 376.343 loading class com/sun/tools/javac/util/MandatoryWarningHandler$DeferredDiagnosticKind
Event: 376.343 loading class com/sun/tools/javac/util/MandatoryWarningHandler$DeferredDiagnosticKind done
Event: 376.578 loading class com/sun/tools/javac/comp/Attr$3
Event: 376.578 loading class com/sun/tools/javac/comp/Attr$3 done


Dynamic libraries:
0x00007ff7d9220000 - 0x00007ff7d9251000 	C:\Program Files\Android\Android Studio\jre\bin\java.exe
0x00007ff981870000 - 0x00007ff981a65000 	C:\WINDOWS\SYSTEM32\ntdll.dll
0x00007ff980940000 - 0x00007ff9809fd000 	C:\WINDOWS\System32\KERNEL32.DLL
0x00007ff97f2f0000 - 0x00007ff97f5b8000 	C:\WINDOWS\System32\KERNELBASE.dll
0x00007ff980d20000 - 0x00007ff980dcc000 	C:\WINDOWS\System32\ADVAPI32.dll
0x00007ff9815c0000 - 0x00007ff98165e000 	C:\WINDOWS\System32\msvcrt.dll
0x00007ff980c20000 - 0x00007ff980cbb000 	C:\WINDOWS\System32\sechost.dll
0x00007ff980540000 - 0x00007ff98066b000 	C:\WINDOWS\System32\RPCRT4.dll
0x00007ff981340000 - 0x00007ff9814e0000 	C:\WINDOWS\System32\USER32.dll
0x00007ff97f160000 - 0x00007ff97f182000 	C:\WINDOWS\System32\win32u.dll
0x00007ff97f980000 - 0x00007ff97f9aa000 	C:\WINDOWS\System32\GDI32.dll
0x00007ff97f6c0000 - 0x00007ff97f7cb000 	C:\WINDOWS\System32\gdi32full.dll
0x00007ff97f7d0000 - 0x00007ff97f86d000 	C:\WINDOWS\System32\msvcp_win.dll
0x00007ff97f060000 - 0x00007ff97f160000 	C:\WINDOWS\System32\ucrtbase.dll
0x00007ff965720000 - 0x00007ff9659ba000 	C:\WINDOWS\WinSxS\amd64_microsoft.windows.common-controls_6595b64144ccf1df_6.0.19041.844_none_ca00b6081b84eb1d\COMCTL32.dll
0x00007ff980dd0000 - 0x00007ff980e00000 	C:\WINDOWS\System32\IMM32.DLL
0x0000000057280000 - 0x0000000057352000 	C:\Program Files\Android\Android Studio\jre\jre\bin\msvcr100.dll
0x00000000566e0000 - 0x0000000056f2b000 	C:\Program Files\Android\Android Studio\jre\jre\bin\server\jvm.dll
0x00007ff980530000 - 0x00007ff980538000 	C:\WINDOWS\System32\PSAPI.DLL
0x00007ff9700b0000 - 0x00007ff9700d7000 	C:\WINDOWS\SYSTEM32\WINMM.dll
0x00007ff9773d0000 - 0x00007ff9773da000 	C:\WINDOWS\SYSTEM32\VERSION.dll
0x00007ff9691b0000 - 0x00007ff9691b9000 	C:\WINDOWS\SYSTEM32\WSOCK32.dll
0x00007ff980bb0000 - 0x00007ff980c1b000 	C:\WINDOWS\System32\WS2_32.dll
0x00007ff9799f0000 - 0x00007ff9799ff000 	C:\Program Files\Android\Android Studio\jre\jre\bin\verify.dll
0x00007ff9799c0000 - 0x00007ff9799e9000 	C:\Program Files\Android\Android Studio\jre\jre\bin\java.dll
0x00007ff9799a0000 - 0x00007ff9799b6000 	C:\Program Files\Android\Android Studio\jre\jre\bin\zip.dll
0x00007ff97f9b0000 - 0x00007ff9800f2000 	C:\WINDOWS\System32\SHELL32.dll
0x00007ff97ca20000 - 0x00007ff97d1b0000 	C:\WINDOWS\SYSTEM32\windows.storage.dll
0x00007ff980170000 - 0x00007ff9804c5000 	C:\WINDOWS\System32\combase.dll
0x00007ff97e950000 - 0x00007ff97e97c000 	C:\WINDOWS\SYSTEM32\Wldp.dll
0x00007ff9806d0000 - 0x00007ff98077e000 	C:\WINDOWS\System32\SHCORE.dll
0x00007ff9804d0000 - 0x00007ff980525000 	C:\WINDOWS\System32\shlwapi.dll
0x00007ff97eef0000 - 0x00007ff97ef0f000 	C:\WINDOWS\SYSTEM32\profapi.dll
0x00007ff979980000 - 0x00007ff97999a000 	C:\Program Files\Android\Android Studio\jre\jre\bin\net.dll
0x00007ff97e6c0000 - 0x00007ff97e72a000 	C:\WINDOWS\system32\mswsock.dll
0x00007ff978e30000 - 0x00007ff978e43000 	C:\Program Files\Android\Android Studio\jre\jre\bin\nio.dll
0x00007ff96fc20000 - 0x00007ff96fc47000 	C:\Users\KimHanbi\.gradle\native\f6784746aeab05261644944871eae4fe03e0ef1612fff0a4a95f87b438bc6780\windows-amd64\native-platform.dll
0x00007ff9788f0000 - 0x00007ff9788fd000 	C:\Program Files\Android\Android Studio\jre\jre\bin\management.dll
0x00007ff97e890000 - 0x00007ff97e8a8000 	C:\WINDOWS\SYSTEM32\CRYPTSP.dll
0x00007ff97e060000 - 0x00007ff97e094000 	C:\WINDOWS\system32\rsaenh.dll
0x00007ff97f610000 - 0x00007ff97f637000 	C:\WINDOWS\System32\bcrypt.dll
0x00007ff97eeb0000 - 0x00007ff97eede000 	C:\WINDOWS\SYSTEM32\USERENV.dll
0x00007ff97f640000 - 0x00007ff97f6c0000 	C:\WINDOWS\System32\bcryptprimitives.dll
0x00007ff97e8b0000 - 0x00007ff97e8bc000 	C:\WINDOWS\SYSTEM32\CRYPTBASE.dll
0x00007ff97e3b0000 - 0x00007ff97e3eb000 	C:\WINDOWS\SYSTEM32\IPHLPAPI.DLL
0x00007ff980160000 - 0x00007ff980168000 	C:\WINDOWS\System32\NSI.dll
0x00007ff978660000 - 0x00007ff978677000 	C:\WINDOWS\SYSTEM32\dhcpcsvc6.DLL
0x00007ff9787c0000 - 0x00007ff9787dd000 	C:\WINDOWS\SYSTEM32\dhcpcsvc.DLL
0x00007ff97e3f0000 - 0x00007ff97e4bc000 	C:\WINDOWS\SYSTEM32\DNSAPI.dll
0x00007ff979c60000 - 0x00007ff979c6b000 	C:\WINDOWS\SYSTEM32\WINNSI.DLL
0x00007ff964a90000 - 0x00007ff964ab4000 	C:\Program Files\Android\Android Studio\jre\jre\bin\sunec.dll
0x00007ff952e20000 - 0x00007ff952e2b000 	C:\Program Files\Android\Android Studio\jre\jre\bin\sunmscapi.dll
0x00007ff97f190000 - 0x00007ff97f2ef000 	C:\WINDOWS\System32\CRYPT32.dll
0x00007ff976900000 - 0x00007ff97690a000 	C:\Windows\System32\rasadhlp.dll
0x00007ff975dc0000 - 0x00007ff975e3f000 	C:\WINDOWS\System32\fwpuclnt.dll

VM Arguments:
jvm_args: -Xmx4096m -Dfile.encoding=UTF-8 -Duser.country=KR -Duser.language=ko -Duser.variant 
java_command: org.gradle.launcher.daemon.bootstrap.GradleDaemon 6.5
java_class_path (initial): C:\Users\KimHanbi\.gradle\wrapper\dists\gradle-6.5-all\2oz4ud9k3tuxjg84bbf55q0tn\gradle-6.5\lib\gradle-launcher-6.5.jar
Launcher Type: SUN_STANDARD

Environment Variables:
JAVA_HOME=C:\Program Files\Java\jdk1.8.0_251
CLASSPATH=%classpath%;;;
PATH=C:\Program Files\Java\jdk1.8.0_251\bin;C:\Program Files (x86)\Common Files\Oracle\Java\javapath;C:\Program Files (x86)\Intel\iCLS Client\;C:\Program Files\Intel\iCLS Client\;C:\WINDOWS\system32;C:\WINDOWS;C:\WINDOWS\System32\Wbem;C:\WINDOWS\System32\WindowsPowerShell\v1.0\;C:\Program Files (x86)\Intel\Intel(R) Management Engine Components\DAL;C:\Program Files\Intel\Intel(R) Management Engine Components\DAL;C:\Program Files (x86)\Intel\Intel(R) Management Engine Components\IPT;C:\Program Files\Intel\Intel(R) Management Engine Components\IPT;C:\Program Files\Intel\WiFi\bin\;C:\Program Files\Common Files\Intel\WirelessCommon\;C:\WINDOWS\System32\OpenSSH\;C:\MinGW\bin;C:\Program Files\Java\jdk1.8.0_251\bin;C:\Program Files\Git\cmd;C:\Program Files\MySQL\MySQL Server 8.0\bin;C:\ProgramData\chocolatey\bin;C:\Program Files\nodejs\;C:\Program Files\MySQL\MySQL Shell 8.0\bin\;C:\Python\Python36\Scripts\;C:\Python\Python36\;C:\Users\KimHanbi\AppData\Local\Microsoft\WindowsApps;C:\Users\KimHanbi\AppData\Local\Programs\Microsoft VS Code\bin;C:\Users\KimHanbi\AppData\Roaming\npm;C:\Program Files\Android\Android Studio\jre\bin;C:\Users\KimHanbi\AppData\Local\gitkraken\bin
USERNAME=KimHanbi
OS=Windows_NT
PROCESSOR_IDENTIFIER=Intel64 Family 6 Model 142 Stepping 10, GenuineIntel



---------------  S Y S T E M  ---------------

OS: Windows 10.0 , 64 bit Build 19041 (10.0.19041.928)

CPU:total 8 (initial active 8) (4 cores per cpu, 2 threads per core) family 6 model 142 stepping 10, cmov, cx8, fxsr, mmx, sse, sse2, sse3, ssse3, sse4.1, sse4.2, popcnt, avx, avx2, aes, clmul, erms, 3dnowpref, lzcnt, ht, tsc, tscinvbit, bmi1, bmi2, adx

Memory: 4k page, physical 8217940k(895892k free), swap 8217940k(5312k free)

vm_info: OpenJDK 64-Bit Server VM (25.242-b01) for windows-amd64 JRE (1.8.0_242-release-1644-b01), built by "builder" with MS VC++ 10.0 (VS2010)

time: Wed May 26 11:36:53 2021
timezone: 대한민국 표준시
elapsed time: 376 seconds (0d 0h 6m 16s)

