#
# There is insufficient memory for the Java Runtime Environment to continue.
# Native memory allocation (malloc) failed to allocate 129456 bytes for Chunk::new
# Possible reasons:
#   The system is out of physical RAM or swap space
#   The process is running with CompressedOops enabled, and the Java Heap may be blocking the growth of the native heap
# Possible solutions:
#   Reduce memory load on the system
#   Increase physical memory or swap space
#   Check if swap backing store is full
#   Decrease Java heap size (-Xmx/-Xms)
#   Decrease number of Java threads
#   Decrease Java thread stack sizes (-Xss)
#   Set larger code cache with -XX:ReservedCodeCacheSize=
#   JVM is running with Unscaled Compressed Oops mode in which the Java heap is
#     placed in the first 4GB address space. The Java Heap base address is the
#     maximum limit for the native heap growth. Please use -XX:HeapBaseMinAddress
#     to set the Java Heap base and to place the Java Heap above 4GB virtual address.
# This output file may be truncated or incomplete.
#
#  Out of Memory Error (allocation.cpp:389), pid=9648, tid=0x0000000000002664
#
# JRE version: OpenJDK Runtime Environment (8.0_242-b01) (build 1.8.0_242-release-1644-b01)
# Java VM: OpenJDK 64-Bit Server VM (25.242-b01 mixed mode windows-amd64 compressed oops)
# Failed to write core dump. Minidumps are not enabled by default on client versions of Windows
#

---------------  T H R E A D  ---------------

Current thread (0x0000000019e5a800):  JavaThread "C2 CompilerThread0" daemon [_thread_in_native, id=9828, stack(0x000000001a6b0000,0x000000001a7b0000)]

Stack: [0x000000001a6b0000,0x000000001a7b0000]
[error occurred during error reporting (printing stack bounds), id 0xc0000005]

Native frames: (J=compiled Java code, j=interpreted, Vv=VM code, C=native code)


Current CompileTask:
C2: 111942 10703 %     4       com.android.tools.r8.z.a.a.f::a @ 66 (6058 bytes)


---------------  P R O C E S S  ---------------

Java Threads: ( => current thread )
  0x000000002b5b6000 JavaThread "stdout" [_thread_in_native, id=9000, stack(0x000000002d4d0000,0x000000002d5d0000)]
  0x000000002b5b1000 JavaThread "stderr" [_thread_in_native, id=11544, stack(0x000000002d3d0000,0x000000002d4d0000)]
  0x000000002b5b5800 JavaThread "pool-3-thread-1" [_thread_blocked, id=7164, stack(0x000000002d2d0000,0x000000002d3d0000)]
  0x0000000020284800 JavaThread "WorkerExecutor Queue Thread 2" [_thread_blocked, id=6036, stack(0x000000002d1d0000,0x000000002d2d0000)]
  0x0000000020285800 JavaThread "Cache worker for execution history cache (C:\Users\KimHanbi\AndroidStudioProjects\UntactShop\.gradle\6.5\executionHistory)" [_thread_blocked, id=2512, stack(0x000000002c7d0000,0x000000002c8d0000)]
  0x0000000020281800 JavaThread "Execution worker for ':' Thread 7" [_thread_blocked, id=5660, stack(0x000000002c6d0000,0x000000002c7d0000)]
  0x0000000020284000 JavaThread "Execution worker for ':' Thread 6" [_thread_blocked, id=8088, stack(0x000000002c5d0000,0x000000002c6d0000)]
  0x0000000020283000 JavaThread "Execution worker for ':' Thread 5" [_thread_blocked, id=13416, stack(0x000000002c4d0000,0x000000002c5d0000)]
  0x0000000020280000 JavaThread "Execution worker for ':' Thread 4" [_thread_blocked, id=10344, stack(0x000000002c3d0000,0x000000002c4d0000)]
  0x0000000020282800 JavaThread "Execution worker for ':' Thread 3" [_thread_blocked, id=8488, stack(0x000000002c2d0000,0x000000002c3d0000)]
  0x0000000020278800 JavaThread "Execution worker for ':' Thread 2" [_thread_blocked, id=1724, stack(0x000000002ab50000,0x000000002ac50000)]
  0x000000002027f800 JavaThread "Execution worker for ':'" [_thread_blocked, id=6284, stack(0x0000000029950000,0x0000000029a50000)]
  0x000000002027e800 JavaThread "Cache worker for file content cache (C:\Users\KimHanbi\AndroidStudioProjects\UntactShop\.gradle\6.5\fileContent)" [_thread_blocked, id=8932, stack(0x0000000029850000,0x0000000029950000)]
  0x0000000020277000 JavaThread "Cache worker for Build Output Cleanup Cache (C:\Users\KimHanbi\AndroidStudioProjects\UntactShop\.gradle\buildOutputCleanup)" [_thread_blocked, id=9968, stack(0x0000000029750000,0x0000000029850000)]
  0x000000002027e000 JavaThread "jar transforms Thread 183" [_thread_blocked, id=12252, stack(0x0000000029650000,0x0000000029750000)]
  0x000000002027b800 JavaThread "jar transforms Thread 182" [_thread_blocked, id=1092, stack(0x0000000029550000,0x0000000029650000)]
  0x000000002027c800 JavaThread "jar transforms Thread 181" [_thread_blocked, id=3848, stack(0x0000000029450000,0x0000000029550000)]
  0x000000002027d000 JavaThread "jar transforms Thread 180" [_thread_blocked, id=4044, stack(0x0000000029350000,0x0000000029450000)]
  0x0000000020276800 JavaThread "jar transforms Thread 179" [_thread_blocked, id=7176, stack(0x0000000029250000,0x0000000029350000)]
  0x000000002027b000 JavaThread "jar transforms Thread 178" [_thread_blocked, id=1176, stack(0x0000000029150000,0x0000000029250000)]
  0x000000002027a000 JavaThread "jar transforms Thread 177" [_thread_blocked, id=4128, stack(0x0000000029050000,0x0000000029150000)]
  0x0000000020279800 JavaThread "jar transforms Thread 176" [_thread_blocked, id=6728, stack(0x0000000028f50000,0x0000000029050000)]
  0x0000000020efd800 JavaThread "jar transforms Thread 175" [_thread_blocked, id=11864, stack(0x0000000028e50000,0x0000000028f50000)]
  0x0000000020efc800 JavaThread "jar transforms Thread 174" [_thread_blocked, id=8328, stack(0x0000000028d50000,0x0000000028e50000)]
  0x0000000020efc000 JavaThread "jar transforms Thread 173" [_thread_blocked, id=256, stack(0x0000000028c50000,0x0000000028d50000)]
  0x0000000020ef9800 JavaThread "jar transforms Thread 172" [_thread_blocked, id=12940, stack(0x0000000028b50000,0x0000000028c50000)]
  0x0000000020efb000 JavaThread "jar transforms Thread 171" [_thread_blocked, id=5272, stack(0x0000000028a50000,0x0000000028b50000)]
  0x0000000020efa800 JavaThread "jar transforms Thread 170" [_thread_blocked, id=2592, stack(0x0000000028950000,0x0000000028a50000)]
  0x0000000020ef2000 JavaThread "jar transforms Thread 169" [_thread_blocked, id=8732, stack(0x0000000028850000,0x0000000028950000)]
  0x0000000020ef9000 JavaThread "jar transforms Thread 168" [_thread_blocked, id=10636, stack(0x0000000028750000,0x0000000028850000)]
  0x0000000020ef7800 JavaThread "jar transforms Thread 167" [_thread_blocked, id=3836, stack(0x0000000028650000,0x0000000028750000)]
  0x0000000020ef3000 JavaThread "jar transforms Thread 166" [_thread_blocked, id=12204, stack(0x0000000028550000,0x0000000028650000)]
  0x0000000020ef8000 JavaThread "jar transforms Thread 165" [_thread_blocked, id=10820, stack(0x0000000028450000,0x0000000028550000)]
  0x0000000020ef0000 JavaThread "jar transforms Thread 164" [_thread_blocked, id=11096, stack(0x0000000028350000,0x0000000028450000)]
  0x0000000020ef6800 JavaThread "jar transforms Thread 163" [_thread_blocked, id=7240, stack(0x0000000028250000,0x0000000028350000)]
  0x0000000020ef6000 JavaThread "jar transforms Thread 162" [_thread_blocked, id=3156, stack(0x0000000028150000,0x0000000028250000)]
  0x0000000020ef0800 JavaThread "jar transforms Thread 161" [_thread_blocked, id=10708, stack(0x0000000028050000,0x0000000028150000)]
  0x0000000020eee800 JavaThread "jar transforms Thread 160" [_thread_blocked, id=8516, stack(0x0000000027f50000,0x0000000028050000)]
  0x0000000020ef5000 JavaThread "jar transforms Thread 159" [_thread_blocked, id=5644, stack(0x0000000027e50000,0x0000000027f50000)]
  0x0000000020eef000 JavaThread "jar transforms Thread 158" [_thread_blocked, id=8996, stack(0x0000000027d50000,0x0000000027e50000)]
  0x0000000020ef1800 JavaThread "jar transforms Thread 157" [_thread_blocked, id=6616, stack(0x0000000027c50000,0x0000000027d50000)]
  0x0000000020ef4800 JavaThread "jar transforms Thread 156" [_thread_blocked, id=6204, stack(0x0000000027b50000,0x0000000027c50000)]
  0x0000000020ef3800 JavaThread "jar transforms Thread 155" [_thread_blocked, id=1736, stack(0x0000000027a50000,0x0000000027b50000)]
  0x000000001be57800 JavaThread "jar transforms Thread 154" [_thread_blocked, id=14320, stack(0x0000000027950000,0x0000000027a50000)]
  0x000000001be5a000 JavaThread "jar transforms Thread 153" [_thread_blocked, id=132, stack(0x0000000027850000,0x0000000027950000)]
  0x000000001be58800 JavaThread "jar transforms Thread 152" [_thread_blocked, id=3136, stack(0x0000000027750000,0x0000000027850000)]
  0x000000001be55800 JavaThread "jar transforms Thread 151" [_thread_blocked, id=12680, stack(0x0000000027650000,0x0000000027750000)]
  0x000000001be5a800 JavaThread "jar transforms Thread 150" [_thread_blocked, id=1448, stack(0x0000000027550000,0x0000000027650000)]
  0x000000001be56000 JavaThread "jar transforms Thread 149" [_thread_blocked, id=872, stack(0x0000000027450000,0x0000000027550000)]
  0x000000001be54000 JavaThread "jar transforms Thread 148" [_thread_blocked, id=2264, stack(0x0000000027350000,0x0000000027450000)]
  0x000000001be54800 JavaThread "jar transforms Thread 147" [_thread_blocked, id=1388, stack(0x0000000027250000,0x0000000027350000)]
  0x000000001be59000 JavaThread "jar transforms Thread 146" [_thread_blocked, id=10832, stack(0x0000000027150000,0x0000000027250000)]
  0x000000001be57000 JavaThread "jar transforms Thread 145" [_thread_blocked, id=4828, stack(0x0000000027050000,0x0000000027150000)]
  0x000000001be4c800 JavaThread "jar transforms Thread 144" [_thread_blocked, id=8780, stack(0x0000000026f50000,0x0000000027050000)]
  0x000000001be53000 JavaThread "jar transforms Thread 143" [_thread_blocked, id=8804, stack(0x0000000026e50000,0x0000000026f50000)]
  0x000000001be52800 JavaThread "jar transforms Thread 142" [_thread_blocked, id=12804, stack(0x0000000026d50000,0x0000000026e50000)]
  0x000000001be51800 JavaThread "jar transforms Thread 141" [_thread_blocked, id=12620, stack(0x0000000026c50000,0x0000000026d50000)]
  0x000000001be50000 JavaThread "jar transforms Thread 140" [_thread_blocked, id=7064, stack(0x0000000026b50000,0x0000000026c50000)]
  0x000000001be51000 JavaThread "jar transforms Thread 139" [_thread_blocked, id=2376, stack(0x0000000026a50000,0x0000000026b50000)]
  0x000000001be4f800 JavaThread "jar transforms Thread 138" [_thread_blocked, id=8348, stack(0x0000000026950000,0x0000000026a50000)]
  0x000000001be4d000 JavaThread "jar transforms Thread 137" [_thread_blocked, id=7416, stack(0x0000000026850000,0x0000000026950000)]
  0x000000001be4e800 JavaThread "jar transforms Thread 136" [_thread_blocked, id=12104, stack(0x0000000026750000,0x0000000026850000)]
  0x000000001be4e000 JavaThread "jar transforms Thread 135" [_thread_blocked, id=13304, stack(0x0000000026650000,0x0000000026750000)]
  0x000000001be4b800 JavaThread "jar transforms Thread 134" [_thread_blocked, id=2432, stack(0x0000000026550000,0x0000000026650000)]
  0x000000001c00c800 JavaThread "jar transforms Thread 133" [_thread_blocked, id=10196, stack(0x0000000026450000,0x0000000026550000)]
  0x000000001c00c000 JavaThread "jar transforms Thread 132" [_thread_blocked, id=5496, stack(0x0000000026350000,0x0000000026450000)]
  0x000000001c008000 JavaThread "jar transforms Thread 131" [_thread_blocked, id=4868, stack(0x0000000026250000,0x0000000026350000)]
  0x000000001c00a800 JavaThread "jar transforms Thread 130" [_thread_blocked, id=9700, stack(0x0000000026150000,0x0000000026250000)]
  0x000000001c009000 JavaThread "jar transforms Thread 129" [_thread_blocked, id=5196, stack(0x0000000026050000,0x0000000026150000)]
  0x000000001d299800 JavaThread "jar transforms Thread 128" [_thread_blocked, id=12924, stack(0x0000000025f50000,0x0000000026050000)]
  0x000000001d296800 JavaThread "jar transforms Thread 127" [_thread_blocked, id=7864, stack(0x0000000025e50000,0x0000000025f50000)]
  0x000000001d29c800 JavaThread "jar transforms Thread 126" [_thread_blocked, id=3868, stack(0x0000000025d50000,0x0000000025e50000)]
  0x000000001d29b000 JavaThread "jar transforms Thread 125" [_thread_blocked, id=8812, stack(0x0000000025c50000,0x0000000025d50000)]
  0x000000001d29a800 JavaThread "jar transforms Thread 124" [_thread_blocked, id=4340, stack(0x0000000025b50000,0x0000000025c50000)]
  0x000000001d29c000 JavaThread "jar transforms Thread 123" [_thread_blocked, id=7528, stack(0x0000000025a50000,0x0000000025b50000)]
  0x000000001d297800 JavaThread "jar transforms Thread 122" [_thread_blocked, id=10276, stack(0x0000000025950000,0x0000000025a50000)]
  0x000000001d29d800 JavaThread "jar transforms Thread 121" [_thread_blocked, id=13652, stack(0x0000000025850000,0x0000000025950000)]
  0x000000001d299000 JavaThread "jar transforms Thread 120" [_thread_blocked, id=3548, stack(0x0000000025750000,0x0000000025850000)]
  0x000000001d298000 JavaThread "jar transforms Thread 119" [_thread_blocked, id=8092, stack(0x0000000025650000,0x0000000025750000)]
  0x000000001d28f000 JavaThread "jar transforms Thread 118" [_thread_blocked, id=2320, stack(0x0000000025550000,0x0000000025650000)]
  0x000000001d290800 JavaThread "jar transforms Thread 117" [_thread_blocked, id=6828, stack(0x0000000025450000,0x0000000025550000)]
  0x000000001d290000 JavaThread "jar transforms Thread 116" [_thread_blocked, id=8572, stack(0x0000000025350000,0x0000000025450000)]
  0x000000001d296000 JavaThread "jar transforms Thread 115" [_thread_blocked, id=4528, stack(0x0000000025250000,0x0000000025350000)]
  0x000000001d291800 JavaThread "jar transforms Thread 114" [_thread_blocked, id=5488, stack(0x0000000025150000,0x0000000025250000)]
  0x000000001d295000 JavaThread "jar transforms Thread 113" [_thread_blocked, id=9604, stack(0x0000000025050000,0x0000000025150000)]
  0x000000001d293800 JavaThread "jar transforms Thread 112" [_thread_blocked, id=13184, stack(0x0000000024f50000,0x0000000025050000)]
  0x000000001ed7a800 JavaThread "jar transforms Thread 111" [_thread_blocked, id=7616, stack(0x0000000024e50000,0x0000000024f50000)]
  0x000000001ed79800 JavaThread "jar transforms Thread 110" [_thread_blocked, id=13420, stack(0x0000000024d50000,0x0000000024e50000)]
  0x000000001ed78000 JavaThread "jar transforms Thread 109" [_thread_blocked, id=2648, stack(0x0000000024c50000,0x0000000024d50000)]
  0x000000001ed72000 JavaThread "jar transforms Thread 108" [_thread_blocked, id=2548, stack(0x0000000024b50000,0x0000000024c50000)]
  0x000000001ed76000 JavaThread "jar transforms Thread 107" [_thread_blocked, id=6608, stack(0x0000000024a50000,0x0000000024b50000)]
  0x000000001ed73800 JavaThread "jar transforms Thread 106" [_thread_blocked, id=7840, stack(0x0000000024950000,0x0000000024a50000)]
  0x000000001ed79000 JavaThread "jar transforms Thread 105" [_thread_blocked, id=9240, stack(0x0000000024850000,0x0000000024950000)]
  0x000000001ed73000 JavaThread "jar transforms Thread 104" [_thread_blocked, id=10916, stack(0x0000000024750000,0x0000000024850000)]
  0x000000001ed76800 JavaThread "jar transforms Thread 103" [_thread_blocked, id=7804, stack(0x0000000024650000,0x0000000024750000)]
  0x000000001ed77800 JavaThread "jar transforms Thread 102" [_thread_blocked, id=268, stack(0x0000000024550000,0x0000000024650000)]
  0x000000001ed75000 JavaThread "jar transforms Thread 101" [_thread_blocked, id=8544, stack(0x0000000024450000,0x0000000024550000)]
  0x000000001ed74800 JavaThread "jar transforms Thread 100" [_thread_blocked, id=9100, stack(0x0000000024350000,0x0000000024450000)]
  0x000000001ed6b800 JavaThread "jar transforms Thread 99" [_thread_blocked, id=4192, stack(0x0000000024250000,0x0000000024350000)]
  0x000000001ed71800 JavaThread "jar transforms Thread 98" [_thread_blocked, id=3060, stack(0x0000000024150000,0x0000000024250000)]
  0x000000001ed70800 JavaThread "jar transforms Thread 97" [_thread_blocked, id=9784, stack(0x0000000024050000,0x0000000024150000)]
  0x000000001ed70000 JavaThread "jar transforms Thread 96" [_thread_blocked, id=7720, stack(0x0000000023f50000,0x0000000024050000)]
  0x000000001ed6f000 JavaThread "jar transforms Thread 95" [_thread_blocked, id=8992, stack(0x0000000023e50000,0x0000000023f50000)]
  0x000000001ed6e800 JavaThread "jar transforms Thread 94" [_thread_blocked, id=13772, stack(0x0000000023d50000,0x0000000023e50000)]
  0x000000002163c800 JavaThread "jar transforms Thread 93" [_thread_blocked, id=10292, stack(0x0000000023c50000,0x0000000023d50000)]
  0x0000000021638000 JavaThread "Build operations Thread 8" [_thread_blocked, id=12504, stack(0x0000000023b50000,0x0000000023c50000)]
  0x0000000021637000 JavaThread "Build operations Thread 7" [_thread_blocked, id=1564, stack(0x0000000023a50000,0x0000000023b50000)]
  0x0000000021638800 JavaThread "Build operations Thread 6" [_thread_blocked, id=4660, stack(0x0000000023950000,0x0000000023a50000)]
  0x000000002163a000 JavaThread "Build operations Thread 5" [_thread_in_vm, id=5396, stack(0x0000000023850000,0x0000000023950000)]
  0x000000002162f800 JavaThread "Build operations Thread 4" [_thread_blocked, id=4012, stack(0x0000000023750000,0x0000000023850000)]
  0x0000000021635000 JavaThread "Build operations Thread 3" [_thread_blocked, id=1708, stack(0x0000000023650000,0x0000000023750000)]
  0x0000000021636800 JavaThread "Build operations Thread 2" [_thread_blocked, id=4456, stack(0x0000000022c50000,0x0000000022d50000)]
  0x000000002162f000 JavaThread "Build operations" [_thread_in_Java, id=2456, stack(0x00000000221a0000,0x00000000222a0000)]
  0x0000000021631000 JavaThread "Cache worker for cache directory md-rule (C:\Users\KimHanbi\.gradle\caches\6.5\md-rule)" [_thread_blocked, id=280, stack(0x00000000220a0000,0x00000000221a0000)]
  0x0000000021633800 JavaThread "Cache worker for cache directory md-supplier (C:\Users\KimHanbi\.gradle\caches\6.5\md-supplier)" [_thread_blocked, id=10756, stack(0x0000000021fa0000,0x00000000220a0000)]
  0x0000000021635800 JavaThread "Cache worker for checksums cache (C:\Users\KimHanbi\AndroidStudioProjects\UntactShop\.gradle\checksums)" [_thread_blocked, id=408, stack(0x0000000021ca0000,0x0000000021da0000)]
  0x000000002162d800 JavaThread "Cache worker for file hash cache (C:\Users\KimHanbi\AndroidStudioProjects\UntactShop\.gradle\6.5\fileHashes)" [_thread_blocked, id=14296, stack(0x000000001e530000,0x000000001e630000)]
  0x0000000021632000 JavaThread "Thread-133" [_thread_blocked, id=2644, stack(0x000000001e430000,0x000000001e530000)]
  0x0000000021634000 JavaThread "Stdin handler" [_thread_blocked, id=6704, stack(0x000000001e330000,0x000000001e430000)]
  0x000000002162e000 JavaThread "Asynchronous log dispatcher for DefaultDaemonConnection: socket connection from /127.0.0.1:9859 to /127.0.0.1:9922" [_thread_blocked, id=9228, stack(0x00000000010a0000,0x00000000011a0000)]
  0x0000000021632800 JavaThread "Cancel handler" [_thread_blocked, id=3672, stack(0x0000000000fa0000,0x00000000010a0000)]
  0x0000000021630800 JavaThread "Handler for socket connection from /127.0.0.1:9859 to /127.0.0.1:9922" [_thread_in_native, id=9820, stack(0x0000000000ea0000,0x0000000000fa0000)]
  0x000000001d28e800 JavaThread "Memory manager" [_thread_blocked, id=12888, stack(0x000000002bdd0000,0x000000002bed0000)]
  0x000000002163b000 JavaThread "jar transforms Thread 92" [_thread_blocked, id=6368, stack(0x0000000029a50000,0x0000000029b50000)]
  0x000000001c00d800 JavaThread "Cache worker for file content cache (C:\Users\KimHanbi\.gradle\caches\6.5\fileContent)" [_thread_blocked, id=248, stack(0x0000000022d50000,0x0000000022e50000)]
  0x000000001c00b000 JavaThread "Cache worker for execution history cache (C:\Users\KimHanbi\.gradle\caches\6.5\executionHistory)" [_thread_blocked, id=3872, stack(0x00000000222a0000,0x00000000223a0000)]
  0x000000001c007800 JavaThread "Cache worker for file hash cache (C:\Users\KimHanbi\.gradle\caches\6.5\fileHashes)" [_thread_blocked, id=11496, stack(0x000000001fa00000,0x000000001fb00000)]
  0x000000001c009800 JavaThread "File lock request listener" [_thread_in_native, id=1932, stack(0x000000001e930000,0x000000001ea30000)]
  0x000000001acd3000 JavaThread "Cache worker for journal cache (C:\Users\KimHanbi\.gradle\caches\journal-1)" [_thread_blocked, id=6756, stack(0x000000001e830000,0x000000001e930000)]
  0x000000001b879800 JavaThread "Daemon worker" [_thread_blocked, id=6544, stack(0x000000001e230000,0x000000001e330000)]
  0x000000001b6d7000 JavaThread "Daemon" [_thread_blocked, id=11084, stack(0x000000001de30000,0x000000001df30000)]
  0x000000001a102000 JavaThread "Daemon periodic checks" [_thread_blocked, id=11100, stack(0x000000001db30000,0x000000001dc30000)]
  0x000000001baf5000 JavaThread "Incoming local TCP Connector on port 9859" [_thread_in_native, id=6328, stack(0x000000001d950000,0x000000001da50000)]
  0x000000001ad98800 JavaThread "Daemon health stats" [_thread_blocked, id=10628, stack(0x000000001d650000,0x000000001d750000)]
  0x0000000019f40800 JavaThread "Service Thread" daemon [_thread_blocked, id=8492, stack(0x000000001aab0000,0x000000001abb0000)]
  0x0000000019ec0800 JavaThread "C1 CompilerThread3" daemon [_thread_blocked, id=9668, stack(0x000000001a9b0000,0x000000001aab0000)]
  0x0000000019e5d000 JavaThread "C2 CompilerThread2" daemon [_thread_in_native, id=10988, stack(0x000000001a8b0000,0x000000001a9b0000)]
  0x0000000019e5c800 JavaThread "C2 CompilerThread1" daemon [_thread_in_native, id=6472, stack(0x000000001a7b0000,0x000000001a8b0000)]
=>0x0000000019e5a800 JavaThread "C2 CompilerThread0" daemon [_thread_in_native, id=9828, stack(0x000000001a6b0000,0x000000001a7b0000)]
  0x0000000019eb3000 JavaThread "Attach Listener" daemon [_thread_blocked, id=10116, stack(0x000000001a5b0000,0x000000001a6b0000)]
  0x0000000019eb2000 JavaThread "Signal Dispatcher" daemon [_thread_blocked, id=13048, stack(0x000000001a4b0000,0x000000001a5b0000)]
  0x0000000018052800 JavaThread "Finalizer" daemon [_thread_blocked, id=9140, stack(0x000000001a320000,0x000000001a420000)]
  0x000000001804b800 JavaThread "Reference Handler" daemon [_thread_blocked, id=1716, stack(0x000000001a220000,0x000000001a320000)]
  0x0000000002ee2800 JavaThread "main" [_thread_blocked, id=2628, stack(0x0000000002de0000,0x0000000002ee0000)]

Other Threads:
  0x0000000018047800 VMThread [stack: 0x0000000019d20000,0x0000000019e20000] [id=5408]
  0x0000000019f45000 WatcherThread [stack: 0x000000001abb0000,0x000000001acb0000] [id=10184]

VM state:synchronizing (normal execution)

VM Mutex/Monitor currently owned by a thread:  ([mutex/lock_event])
[0x0000000002a8d7b0] Safepoint_lock - owner thread: 0x0000000018047800
[0x0000000002a8e030] Threads_lock - owner thread: 0x0000000018047800

OutOfMemory and StackOverflow Exception counts:
OutOfMemoryError java_heap_errors=2

heap address: 0x0000000080000000, size: 2048 MB, Compressed Oops mode: 32-bit
Narrow klass base: 0x0000000000000000, Narrow klass shift: 3
Compressed class space size: 1073741824 Address: 0x0000000100000000

Heap:
 PSYoungGen      total 339968K, used 160199K [0x00000000d5580000, 0x00000000ec280000, 0x0000000100000000)
  eden space 323584K, 44% used [0x00000000d5580000,0x00000000de27e0c0,0x00000000e9180000)
  from space 16384K, 96% used [0x00000000eb280000,0x00000000ec1f3d48,0x00000000ec280000)
  to   space 25088K, 0% used [0x00000000e9180000,0x00000000e9180000,0x00000000eaa00000)
 ParOldGen       total 94208K, used 43611K [0x0000000080000000, 0x0000000085c00000, 0x00000000d5580000)
  object space 94208K, 46% used [0x0000000080000000,0x0000000082a96c48,0x0000000085c00000)
 Metaspace       used 76800K, capacity 81146K, committed 81240K, reserved 1120256K
  class space    used 10312K, capacity 11102K, committed 11136K, reserved 1048576K

Card table byte_map: [0x00000000123a0000,0x00000000127b0000] byte_map_base: 0x0000000011fa0000

Marking Bits: (ParMarkBitMap*) 0x00000000594df030
 Begin Bits: [0x0000000013260000, 0x0000000015260000)
 End Bits:   [0x0000000015260000, 0x0000000017260000)

Polling page: 0x00000000029d0000

CodeCache: size=245760Kb used=29329Kb max_used=29340Kb free=216431Kb
 bounds [0x0000000002fe0000, 0x0000000004cb0000, 0x0000000011fe0000]
 total_blobs=10144 nmethods=9321 adapters=734
 compilation: enabled

Compilation events (10 events):
Event: 111.930 Thread 0x0000000019ec0800 nmethod 10803 0x0000000004ca7210 code [0x0000000004ca7380, 0x0000000004ca75e8]
Event: 111.930 Thread 0x0000000019ec0800 10804       3       com.android.tools.r8.utils.a1::a (8 bytes)
Event: 111.931 Thread 0x0000000019ec0800 nmethod 10804 0x0000000004ca7710 code [0x0000000004ca7880, 0x0000000004ca7a88]
Event: 111.931 Thread 0x0000000019ec0800 10805       3       com.android.tools.r8.D8$$Lambda$937/1593746274::accept (12 bytes)
Event: 111.931 Thread 0x0000000019e5c800 nmethod 10748 0x0000000004ca7b50 code [0x0000000004ca7d60, 0x0000000004ca91b0]
Event: 111.932 Thread 0x0000000019e5c800 10736       4       com.android.tools.r8.graph.X::computeHashCode (30 bytes)
Event: 111.933 Thread 0x0000000019ec0800 nmethod 10805 0x0000000004ca6750 code [0x0000000004ca6900, 0x0000000004ca6ee8]
Event: 111.933 Thread 0x0000000019ec0800 10807       1       com.android.tools.r8.graph.P0::asLazyCfCode (2 bytes)
Event: 111.933 Thread 0x0000000019ec0800 nmethod 10807 0x0000000004c7f290 code [0x0000000004c7f3e0, 0x0000000004c7f4f0]
Event: 111.933 Thread 0x0000000019ec0800 10806       3       com.android.tools.r8.D8::a (15 bytes)

GC Heap History (10 events):
Event: 37.569 GC heap before
{Heap before GC invocations=13 (full 2):
 PSYoungGen      total 187904K, used 187816K [0x00000000d5580000, 0x00000000e2a80000, 0x0000000100000000)
  eden space 178176K, 100% used [0x00000000d5580000,0x00000000e0380000,0x00000000e0380000)
  from space 9728K, 99% used [0x00000000e2100000,0x00000000e2a6a3c8,0x00000000e2a80000)
  to   space 13312K, 0% used [0x00000000e1080000,0x00000000e1080000,0x00000000e1d80000)
 ParOldGen       total 65536K, used 17969K [0x0000000080000000, 0x0000000084000000, 0x00000000d5580000)
  object space 65536K, 27% used [0x0000000080000000,0x000000008118c510,0x0000000084000000)
 Metaspace       used 55971K, capacity 58366K, committed 58584K, reserved 1099776K
  class space    used 7656K, capacity 8144K, committed 8192K, reserved 1048576K
Event: 37.668 GC heap after
Heap after GC invocations=13 (full 2):
 PSYoungGen      total 204800K, used 13305K [0x00000000d5580000, 0x00000000e6f80000, 0x0000000100000000)
  eden space 191488K, 0% used [0x00000000d5580000,0x00000000d5580000,0x00000000e1080000)
  from space 13312K, 99% used [0x00000000e1080000,0x00000000e1d7e670,0x00000000e1d80000)
  to   space 20480K, 0% used [0x00000000e5b80000,0x00000000e5b80000,0x00000000e6f80000)
 ParOldGen       total 65536K, used 32567K [0x0000000080000000, 0x0000000084000000, 0x00000000d5580000)
  object space 65536K, 49% used [0x0000000080000000,0x0000000081fcdd08,0x0000000084000000)
 Metaspace       used 55971K, capacity 58366K, committed 58584K, reserved 1099776K
  class space    used 7656K, capacity 8144K, committed 8192K, reserved 1048576K
}
Event: 38.115 GC heap before
{Heap before GC invocations=14 (full 2):
 PSYoungGen      total 204800K, used 23791K [0x00000000d5580000, 0x00000000e6f80000, 0x0000000100000000)
  eden space 191488K, 5% used [0x00000000d5580000,0x00000000d5fbd5f8,0x00000000e1080000)
  from space 13312K, 99% used [0x00000000e1080000,0x00000000e1d7e670,0x00000000e1d80000)
  to   space 20480K, 0% used [0x00000000e5b80000,0x00000000e5b80000,0x00000000e6f80000)
 ParOldGen       total 65536K, used 32567K [0x0000000080000000, 0x0000000084000000, 0x00000000d5580000)
  object space 65536K, 49% used [0x0000000080000000,0x0000000081fcdd08,0x0000000084000000)
 Metaspace       used 56409K, capacity 58806K, committed 58968K, reserved 1099776K
  class space    used 7730K, capacity 8218K, committed 8320K, reserved 1048576K
Event: 38.177 GC heap after
Heap after GC invocations=14 (full 2):
 PSYoungGen      total 268288K, used 768K [0x00000000d5580000, 0x00000000e8b80000, 0x0000000100000000)
  eden space 247808K, 0% used [0x00000000d5580000,0x00000000d5580000,0x00000000e4780000)
  from space 20480K, 3% used [0x00000000e5b80000,0x00000000e5c40000,0x00000000e6f80000)
  to   space 20480K, 0% used [0x00000000e4780000,0x00000000e4780000,0x00000000e5b80000)
 ParOldGen       total 65536K, used 43704K [0x0000000080000000, 0x0000000084000000, 0x00000000d5580000)
  object space 65536K, 66% used [0x0000000080000000,0x0000000082aae158,0x0000000084000000)
 Metaspace       used 56409K, capacity 58806K, committed 58968K, reserved 1099776K
  class space    used 7730K, capacity 8218K, committed 8320K, reserved 1048576K
}
Event: 38.177 GC heap before
{Heap before GC invocations=15 (full 3):
 PSYoungGen      total 268288K, used 768K [0x00000000d5580000, 0x00000000e8b80000, 0x0000000100000000)
  eden space 247808K, 0% used [0x00000000d5580000,0x00000000d5580000,0x00000000e4780000)
  from space 20480K, 3% used [0x00000000e5b80000,0x00000000e5c40000,0x00000000e6f80000)
  to   space 20480K, 0% used [0x00000000e4780000,0x00000000e4780000,0x00000000e5b80000)
 ParOldGen       total 65536K, used 43704K [0x0000000080000000, 0x0000000084000000, 0x00000000d5580000)
  object space 65536K, 66% used [0x0000000080000000,0x0000000082aae158,0x0000000084000000)
 Metaspace       used 56409K, capacity 58806K, committed 58968K, reserved 1099776K
  class space    used 7730K, capacity 8218K, committed 8320K, reserved 1048576K
Event: 39.010 GC heap after
Heap after GC invocations=15 (full 3):
 PSYoungGen      total 268288K, used 0K [0x00000000d5580000, 0x00000000e8b80000, 0x0000000100000000)
  eden space 247808K, 0% used [0x00000000d5580000,0x00000000d5580000,0x00000000e4780000)
  from space 20480K, 0% used [0x00000000e5b80000,0x00000000e5b80000,0x00000000e6f80000)
  to   space 20480K, 0% used [0x00000000e4780000,0x00000000e4780000,0x00000000e5b80000)
 ParOldGen       total 94208K, used 29402K [0x0000000080000000, 0x0000000085c00000, 0x00000000d5580000)
  object space 94208K, 31% used [0x0000000080000000,0x0000000081cb6870,0x0000000085c00000)
 Metaspace       used 56361K, capacity 58644K, committed 58968K, reserved 1099776K
  class space    used 7716K, capacity 8191K, committed 8320K, reserved 1048576K
}
Event: 47.550 GC heap before
{Heap before GC invocations=16 (full 3):
 PSYoungGen      total 268288K, used 247808K [0x00000000d5580000, 0x00000000e8b80000, 0x0000000100000000)
  eden space 247808K, 100% used [0x00000000d5580000,0x00000000e4780000,0x00000000e4780000)
  from space 20480K, 0% used [0x00000000e5b80000,0x00000000e5b80000,0x00000000e6f80000)
  to   space 20480K, 0% used [0x00000000e4780000,0x00000000e4780000,0x00000000e5b80000)
 ParOldGen       total 94208K, used 29402K [0x0000000080000000, 0x0000000085c00000, 0x00000000d5580000)
  object space 94208K, 31% used [0x0000000080000000,0x0000000081cb6870,0x0000000085c00000)
 Metaspace       used 64162K, capacity 67390K, committed 67544K, reserved 1107968K
  class space    used 8839K, capacity 9444K, committed 9472K, reserved 1048576K
Event: 47.606 GC heap after
Heap after GC invocations=16 (full 3):
 PSYoungGen      total 268288K, used 20439K [0x00000000d5580000, 0x00000000eca00000, 0x0000000100000000)
  eden space 247808K, 0% used [0x00000000d5580000,0x00000000d5580000,0x00000000e4780000)
  from space 20480K, 99% used [0x00000000e4780000,0x00000000e5b75c20,0x00000000e5b80000)
  to   space 24064K, 0% used [0x00000000eb280000,0x00000000eb280000,0x00000000eca00000)
 ParOldGen       total 94208K, used 29410K [0x0000000080000000, 0x0000000085c00000, 0x00000000d5580000)
  object space 94208K, 31% used [0x0000000080000000,0x0000000081cb8870,0x0000000085c00000)
 Metaspace       used 64162K, capacity 67390K, committed 67544K, reserved 1107968K
  class space    used 8839K, capacity 9444K, committed 9472K, reserved 1048576K
}
Event: 109.018 GC heap before
{Heap before GC invocations=17 (full 3):
 PSYoungGen      total 268288K, used 268247K [0x00000000d5580000, 0x00000000eca00000, 0x0000000100000000)
  eden space 247808K, 100% used [0x00000000d5580000,0x00000000e4780000,0x00000000e4780000)
  from space 20480K, 99% used [0x00000000e4780000,0x00000000e5b75c20,0x00000000e5b80000)
  to   space 24064K, 0% used [0x00000000eb280000,0x00000000eb280000,0x00000000eca00000)
 ParOldGen       total 94208K, used 29410K [0x0000000080000000, 0x0000000085c00000, 0x00000000d5580000)
  object space 94208K, 31% used [0x0000000080000000,0x0000000081cb8870,0x0000000085c00000)
 Metaspace       used 72216K, capacity 75726K, committed 75864K, reserved 1114112K
  class space    used 9611K, capacity 10244K, committed 10368K, reserved 1048576K
Event: 109.298 GC heap after
Heap after GC invocations=17 (full 3):
 PSYoungGen      total 339968K, used 15823K [0x00000000d5580000, 0x00000000ec280000, 0x0000000100000000)
  eden space 323584K, 0% used [0x00000000d5580000,0x00000000d5580000,0x00000000e9180000)
  from space 16384K, 96% used [0x00000000eb280000,0x00000000ec1f3d48,0x00000000ec280000)
  to   space 25088K, 0% used [0x00000000e9180000,0x00000000e9180000,0x00000000eaa00000)
 ParOldGen       total 94208K, used 43611K [0x0000000080000000, 0x0000000085c00000, 0x00000000d5580000)
  object space 94208K, 46% used [0x0000000080000000,0x0000000082a96c48,0x0000000085c00000)
 Metaspace       used 72216K, capacity 75726K, committed 75864K, reserved 1114112K
  class space    used 9611K, capacity 10244K, committed 10368K, reserved 1048576K
}

Deoptimization events (10 events):
Event: 110.601 Thread 0x000000002162f800 Uncommon trap: reason=bimorphic action=maybe_recompile pc=0x0000000004525d24 method=java.util.stream.StreamOpFlag.fromCharacteristics(Ljava/util/Spliterator;)I @ 14
Event: 110.634 Thread 0x0000000020282800 Uncommon trap: reason=class_check action=maybe_recompile pc=0x0000000003720f80 method=java.lang.Throwable.<init>(Ljava/lang/String;Ljava/lang/Throwable;)V @ 24
Event: 110.635 Thread 0x000000002163a000 Uncommon trap: reason=class_check action=maybe_recompile pc=0x0000000003720f80 method=java.lang.Throwable.<init>(Ljava/lang/String;Ljava/lang/Throwable;)V @ 24
Event: 110.703 Thread 0x0000000020282800 Uncommon trap: reason=class_check action=maybe_recompile pc=0x0000000004a97490 method=org.gradle.internal.fingerprint.impl.AbsolutePathFingerprintingStrategy$1.visitFile(Lorg/gradle/internal/snapshot/CompleteFileSystemLocationSnapshot;)V @ 18
Event: 110.705 Thread 0x000000002163a000 Uncommon trap: reason=class_check action=maybe_recompile pc=0x0000000004a97490 method=org.gradle.internal.fingerprint.impl.AbsolutePathFingerprintingStrategy$1.visitFile(Lorg/gradle/internal/snapshot/CompleteFileSystemLocationSnapshot;)V @ 18
Event: 110.705 Thread 0x000000002163a000 Uncommon trap: reason=class_check action=maybe_recompile pc=0x00000000047d7ab0 method=com.google.common.cache.LocalCache$Segment.get(Ljava/lang/Object;ILcom/google/common/cache/CacheLoader;)Ljava/lang/Object; @ 99
Event: 110.709 Thread 0x0000000020282800 Uncommon trap: reason=class_check action=maybe_recompile pc=0x0000000003720f80 method=java.lang.Throwable.<init>(Ljava/lang/String;Ljava/lang/Throwable;)V @ 24
Event: 110.710 Thread 0x000000002163a000 Uncommon trap: reason=class_check action=maybe_recompile pc=0x0000000003720f80 method=java.lang.Throwable.<init>(Ljava/lang/String;Ljava/lang/Throwable;)V @ 24
Event: 110.826 Thread 0x000000002162f800 Uncommon trap: reason=unstable_if action=reinterpret pc=0x000000000433bb5c method=java.nio.Bits.putInt(Ljava/nio/ByteBuffer;IIZ)V @ 1
Event: 110.983 Thread 0x000000002162f000 Uncommon trap: reason=unstable_if action=reinterpret pc=0x0000000003f12040 method=java.lang.invoke.MethodType.checkPtypes([Ljava/lang/Class;)I @ 40

Classes redefined (0 events):
No events

Internal exceptions (10 events):
Event: 110.241 Thread 0x000000002162f800 Exception <a 'sun/nio/fs/WindowsException'> (0x00000000d78f98f8) thrown at [C:\src\AOSP-openjdk-git\hotspot\src\share\vm\prims\jni.cpp, line 710]
Event: 110.241 Thread 0x0000000021637000 Exception <a 'sun/nio/fs/WindowsException'> (0x00000000d76dade0) thrown at [C:\src\AOSP-openjdk-git\hotspot\src\share\vm\prims\jni.cpp, line 710]
Event: 110.301 Thread 0x0000000021638800 Exception <a 'sun/nio/fs/WindowsException'> (0x00000000d81c8200) thrown at [C:\src\AOSP-openjdk-git\hotspot\src\share\vm\prims\jni.cpp, line 710]
Event: 110.303 Thread 0x0000000021636800 Exception <a 'sun/nio/fs/WindowsException'> (0x00000000d8447a40) thrown at [C:\src\AOSP-openjdk-git\hotspot\src\share\vm\prims\jni.cpp, line 710]
Event: 110.415 Thread 0x000000002162f000 Exception <a 'sun/nio/fs/WindowsException'> (0x00000000d92b1d60) thrown at [C:\src\AOSP-openjdk-git\hotspot\src\share\vm\prims\jni.cpp, line 710]
Event: 110.633 Thread 0x0000000020282800 Exception <a 'java/lang/OutOfMemoryError'> (0x00000000da1e7d18) thrown at [C:\src\AOSP-openjdk-git\hotspot\src\share\vm\prims\jni.cpp, line 737]
Event: 110.635 Thread 0x000000002163a000 Exception <a 'java/lang/OutOfMemoryError'> (0x00000000da2093f0) thrown at [C:\src\AOSP-openjdk-git\hotspot\src\share\vm\prims\jni.cpp, line 737]
Event: 110.745 Thread 0x0000000020282800 Exception <a 'sun/nio/fs/WindowsException'> (0x00000000da4183a0) thrown at [C:\src\AOSP-openjdk-git\hotspot\src\share\vm\prims\jni.cpp, line 710]
Event: 110.750 Thread 0x000000002163a000 Exception <a 'sun/nio/fs/WindowsException'> (0x00000000da4650c8) thrown at [C:\src\AOSP-openjdk-git\hotspot\src\share\vm\prims\jni.cpp, line 710]
Event: 111.303 Thread 0x000000002163a000 Exception <a 'java/lang/IncompatibleClassChangeError': Found class java.lang.Object, but interface was expected> (0x00000000daeb6610) thrown at [C:\src\AOSP-openjdk-git\hotspot\src\share\vm\interpreter\linkResolver.cpp, line 653]

Events (10 events):
Event: 111.920 loading class com/android/tools/r8/s/b/m
Event: 111.920 loading class com/android/tools/r8/s/b/m done
Event: 111.923 loading class com/android/tools/r8/t/a/a/a/h/v
Event: 111.923 loading class com/android/tools/r8/t/a/a/a/h/v done
Event: 111.924 loading class com/android/tools/r8/t/a/a/a/h/W0
Event: 111.924 loading class com/android/tools/r8/t/a/a/a/h/W0 done
Event: 111.926 loading class com/android/tools/r8/t/a/a/a/h/T0
Event: 111.926 loading class com/android/tools/r8/t/a/a/a/h/T0 done
Event: 111.929 loading class com/android/tools/r8/t/a/a/a/h/Z0
Event: 111.929 loading class com/android/tools/r8/t/a/a/a/h/Z0 done


Dynamic libraries:
0x00007ff75d310000 - 0x00007ff75d341000 	C:\Program Files\Android\Android Studio\jre\bin\java.exe
0x00007ff9132b0000 - 0x00007ff9134a5000 	C:\WINDOWS\SYSTEM32\ntdll.dll
0x00007ff911340000 - 0x00007ff9113fd000 	C:\WINDOWS\System32\KERNEL32.DLL
0x00007ff910ba0000 - 0x00007ff910e69000 	C:\WINDOWS\System32\KERNELBASE.dll
0x00007ff912220000 - 0x00007ff9122cc000 	C:\WINDOWS\System32\ADVAPI32.dll
0x00007ff912a20000 - 0x00007ff912abe000 	C:\WINDOWS\System32\msvcrt.dll
0x00007ff911400000 - 0x00007ff91149c000 	C:\WINDOWS\System32\sechost.dll
0x00007ff911e90000 - 0x00007ff911fbb000 	C:\WINDOWS\System32\RPCRT4.dll
0x00007ff912fb0000 - 0x00007ff913150000 	C:\WINDOWS\System32\USER32.dll
0x00007ff910af0000 - 0x00007ff910b12000 	C:\WINDOWS\System32\win32u.dll
0x00007ff911310000 - 0x00007ff91133a000 	C:\WINDOWS\System32\GDI32.dll
0x00007ff910fd0000 - 0x00007ff9110db000 	C:\WINDOWS\System32\gdi32full.dll
0x00007ff911270000 - 0x00007ff91130d000 	C:\WINDOWS\System32\msvcp_win.dll
0x00007ff911110000 - 0x00007ff911210000 	C:\WINDOWS\System32\ucrtbase.dll
0x00007ff8f3720000 - 0x00007ff8f39ba000 	C:\WINDOWS\WinSxS\amd64_microsoft.windows.common-controls_6595b64144ccf1df_6.0.19041.844_none_ca00b6081b84eb1d\COMCTL32.dll
0x00007ff911e50000 - 0x00007ff911e80000 	C:\WINDOWS\System32\IMM32.DLL
0x0000000058c30000 - 0x0000000058d02000 	C:\Program Files\Android\Android Studio\jre\jre\bin\msvcr100.dll
0x0000000058d10000 - 0x000000005955b000 	C:\Program Files\Android\Android Studio\jre\jre\bin\server\jvm.dll
0x00007ff911550000 - 0x00007ff911558000 	C:\WINDOWS\System32\PSAPI.DLL
0x00007ff8fdf80000 - 0x00007ff8fdf89000 	C:\WINDOWS\SYSTEM32\WSOCK32.dll
0x00007ff902170000 - 0x00007ff902197000 	C:\WINDOWS\SYSTEM32\WINMM.dll
0x00007ff912150000 - 0x00007ff9121bb000 	C:\WINDOWS\System32\WS2_32.dll
0x00007ff90a610000 - 0x00007ff90a61a000 	C:\WINDOWS\SYSTEM32\VERSION.dll
0x00007ff90b640000 - 0x00007ff90b64f000 	C:\Program Files\Android\Android Studio\jre\jre\bin\verify.dll
0x00007ff90a5e0000 - 0x00007ff90a609000 	C:\Program Files\Android\Android Studio\jre\jre\bin\java.dll
0x00007ff90b620000 - 0x00007ff90b636000 	C:\Program Files\Android\Android Studio\jre\jre\bin\zip.dll
0x00007ff911560000 - 0x00007ff911ca2000 	C:\WINDOWS\System32\SHELL32.dll
0x00007ff90e470000 - 0x00007ff90ec00000 	C:\WINDOWS\SYSTEM32\windows.storage.dll
0x00007ff912bc0000 - 0x00007ff912f15000 	C:\WINDOWS\System32\combase.dll
0x00007ff910390000 - 0x00007ff9103bc000 	C:\WINDOWS\SYSTEM32\Wldp.dll
0x00007ff9114a0000 - 0x00007ff91154e000 	C:\WINDOWS\System32\SHCORE.dll
0x00007ff9121c0000 - 0x00007ff912215000 	C:\WINDOWS\System32\shlwapi.dll
0x00007ff910930000 - 0x00007ff91094f000 	C:\WINDOWS\SYSTEM32\profapi.dll
0x00007ff90b480000 - 0x00007ff90b49a000 	C:\Program Files\Android\Android Studio\jre\jre\bin\net.dll
0x00007ff910110000 - 0x00007ff91017a000 	C:\WINDOWS\system32\mswsock.dll
0x00007ff90b3e0000 - 0x00007ff90b3f3000 	C:\Program Files\Android\Android Studio\jre\jre\bin\nio.dll
0x00007ff8ee5a0000 - 0x00007ff8ee5c7000 	C:\Users\KimHanbi\.gradle\native\f6784746aeab05261644944871eae4fe03e0ef1612fff0a4a95f87b438bc6780\windows-amd64\native-platform.dll
0x00007ff90b320000 - 0x00007ff90b32d000 	C:\Program Files\Android\Android Studio\jre\jre\bin\management.dll
0x00007ff9102e0000 - 0x00007ff9102f8000 	C:\WINDOWS\SYSTEM32\CRYPTSP.dll
0x00007ff90fab0000 - 0x00007ff90fae4000 	C:\WINDOWS\system32\rsaenh.dll
0x00007ff9110e0000 - 0x00007ff911107000 	C:\WINDOWS\System32\bcrypt.dll
0x00007ff9108f0000 - 0x00007ff91091e000 	C:\WINDOWS\SYSTEM32\USERENV.dll
0x00007ff910b20000 - 0x00007ff910ba0000 	C:\WINDOWS\System32\bcryptprimitives.dll
0x00007ff910300000 - 0x00007ff91030c000 	C:\WINDOWS\SYSTEM32\CRYPTBASE.dll
0x00007ff90fe00000 - 0x00007ff90fe3b000 	C:\WINDOWS\SYSTEM32\IPHLPAPI.DLL
0x00007ff911e80000 - 0x00007ff911e88000 	C:\WINDOWS\System32\NSI.dll
0x00007ff90a7c0000 - 0x00007ff90a7d7000 	C:\WINDOWS\SYSTEM32\dhcpcsvc6.DLL
0x00007ff90a7a0000 - 0x00007ff90a7bd000 	C:\WINDOWS\SYSTEM32\dhcpcsvc.DLL
0x00007ff90fe40000 - 0x00007ff90ff0b000 	C:\WINDOWS\SYSTEM32\DNSAPI.dll
0x00007ff90b6c0000 - 0x00007ff90b6cb000 	C:\WINDOWS\SYSTEM32\WINNSI.DLL

VM Arguments:
jvm_args: -Xmx2048m -Dfile.encoding=UTF-8 -Duser.country=KR -Duser.language=ko -Duser.variant 
java_command: org.gradle.launcher.daemon.bootstrap.GradleDaemon 6.5
java_class_path (initial): C:\Users\KimHanbi\.gradle\wrapper\dists\gradle-6.5-bin\6nifqtx7604sqp1q6g8wikw7p\gradle-6.5\lib\gradle-launcher-6.5.jar
Launcher Type: SUN_STANDARD

Environment Variables:
JAVA_HOME=C:\Program Files\Java\jdk1.8.0_251
CLASSPATH=%classpath%;;;
PATH=C:\Program Files\Java\jdk1.8.0_251\bin;C:\Program Files (x86)\Common Files\Oracle\Java\javapath;C:\Program Files (x86)\Intel\iCLS Client\;C:\Program Files\Intel\iCLS Client\;C:\WINDOWS\system32;C:\WINDOWS;C:\WINDOWS\System32\Wbem;C:\WINDOWS\System32\WindowsPowerShell\v1.0\;C:\Program Files (x86)\Intel\Intel(R) Management Engine Components\DAL;C:\Program Files\Intel\Intel(R) Management Engine Components\DAL;C:\Program Files (x86)\Intel\Intel(R) Management Engine Components\IPT;C:\Program Files\Intel\Intel(R) Management Engine Components\IPT;C:\Program Files\Intel\WiFi\bin\;C:\Program Files\Common Files\Intel\WirelessCommon\;C:\WINDOWS\System32\OpenSSH\;C:\MinGW\bin;C:\Program Files\Java\jdk1.8.0_251\bin;C:\Program Files\Git\cmd;C:\Program Files\MySQL\MySQL Server 8.0\bin;C:\ProgramData\chocolatey\bin;C:\Program Files\nodejs\;C:\Program Files\MySQL\MySQL Shell 8.0\bin\;C:\Python\Python36\Scripts\;C:\Python\Python36\;C:\Users\KimHanbi\AppData\Local\Microsoft\WindowsApps;C:\Users\KimHanbi\AppData\Local\Programs\Microsoft VS Code\bin;C:\Users\KimHanbi\AppData\Roaming\npm;C:\Program Files\Android\Android Studio\jre\bin;C:\Users\KimHanbi\AppData\Local\gitkraken\bin
USERNAME=KimHanbi
OS=Windows_NT
PROCESSOR_IDENTIFIER=Intel64 Family 6 Model 142 Stepping 10, GenuineIntel



---------------  S Y S T E M  ---------------

OS: Windows 10.0 , 64 bit Build 19041 (10.0.19041.804)

CPU:total 8 (initial active 8) (4 cores per cpu, 2 threads per core) family 6 model 142 stepping 10, cmov, cx8, fxsr, mmx, sse, sse2, sse3, ssse3, sse4.1, sse4.2, popcnt, avx, avx2, aes, clmul, erms, 3dnowpref, lzcnt, ht, tsc, tscinvbit, bmi1, bmi2, adx

Memory: 4k page, physical 8217940k(771084k free), swap 8217940k(3108k free)

vm_info: OpenJDK 64-Bit Server VM (25.242-b01) for windows-amd64 JRE (1.8.0_242-release-1644-b01), built by "builder" with MS VC++ 10.0 (VS2010)

time: Wed Mar 24 13:28:31 2021
timezone: 대한민국 표준시
elapsed time: 112 seconds (0d 0h 1m 52s)

