#
# There is insufficient memory for the Java Runtime Environment to continue.
# Native memory allocation (malloc) failed to allocate 107856 bytes for Chunk::new
# Possible reasons:
#   The system is out of physical RAM or swap space
#   The process is running with CompressedOops enabled, and the Java Heap may be blocking the growth of the native heap
# Possible solutions:
#   Reduce memory load on the system
#   Increase physical memory or swap space
#   Check if swap backing store is full
#   Decrease Java heap size (-Xmx/-Xms)
#   Decrease number of Java threads
#   Decrease Java thread stack sizes (-Xss)
#   Set larger code cache with -XX:ReservedCodeCacheSize=
#   JVM is running with Unscaled Compressed Oops mode in which the Java heap is
#     placed in the first 4GB address space. The Java Heap base address is the
#     maximum limit for the native heap growth. Please use -XX:HeapBaseMinAddress
#     to set the Java Heap base and to place the Java Heap above 4GB virtual address.
# This output file may be truncated or incomplete.
#
#  Out of Memory Error (allocation.cpp:389), pid=11004, tid=0x0000000000000ee4
#
# JRE version: OpenJDK Runtime Environment (8.0_242-b01) (build 1.8.0_242-release-1644-b01)
# Java VM: OpenJDK 64-Bit Server VM (25.242-b01 mixed mode windows-amd64 compressed oops)
# Failed to write core dump. Minidumps are not enabled by default on client versions of Windows
#

---------------  T H R E A D  ---------------

Current thread (0x0000000019d6c000):  JavaThread "C2 CompilerThread2" daemon [_thread_in_native, id=3812, stack(0x000000001a770000,0x000000001a870000)]

Stack: [0x000000001a770000,0x000000001a870000]
[error occurred during error reporting (printing stack bounds), id 0xc0000005]

Native frames: (J=compiled Java code, j=interpreted, Vv=VM code, C=native code)


Current CompileTask:
C2:  65004 14074       4       sun.nio.fs.WindowsNativeDispatcher::asNativeBuffer (84 bytes)


---------------  P R O C E S S  ---------------

Java Threads: ( => current thread )
  0x000000001f2aa800 JavaThread "Keep-Alive-Timer" daemon [_thread_blocked, id=13184, stack(0x0000000000de0000,0x0000000000ee0000)]
  0x000000001f2a3800 JavaThread "WorkerExecutor Queue" [_thread_blocked, id=6124, stack(0x000000002ede0000,0x000000002eee0000)]
  0x000000001f2a2000 JavaThread "Cache worker for Java compile cache (C:\Users\KimHanbi\AndroidStudioProjects\UntactShop\.gradle\6.5\javaCompile)" [_thread_blocked, id=14792, stack(0x000000002e580000,0x000000002e680000)]
  0x000000001f2a7800 JavaThread "Cache worker for Java compile cache (C:\Users\KimHanbi\.gradle\caches\6.5\javaCompile)" [_thread_blocked, id=8788, stack(0x000000002e480000,0x000000002e580000)]
  0x000000001cce9000 JavaThread "Cache worker for execution history cache (C:\Users\KimHanbi\AndroidStudioProjects\UntactShop\.gradle\6.5\executionHistory)" [_thread_blocked, id=11208, stack(0x000000002e180000,0x000000002e280000)]
  0x000000001cce9800 JavaThread "Execution worker for ':' Thread 7" [_thread_blocked, id=2956, stack(0x000000002de80000,0x000000002df80000)]
  0x000000001cce7800 JavaThread "Execution worker for ':' Thread 6" [_thread_blocked, id=7848, stack(0x000000002dd80000,0x000000002de80000)]
  0x000000001cce8000 JavaThread "Execution worker for ':' Thread 5" [_thread_blocked, id=15316, stack(0x000000002dc80000,0x000000002dd80000)]
  0x000000001cce5000 JavaThread "Execution worker for ':' Thread 4" [_thread_blocked, id=5460, stack(0x000000002db80000,0x000000002dc80000)]
  0x000000001cceb000 JavaThread "Execution worker for ':' Thread 3" [_thread_blocked, id=10356, stack(0x000000002da80000,0x000000002db80000)]
  0x000000001cce6800 JavaThread "Execution worker for ':' Thread 2" [_thread_blocked, id=14968, stack(0x000000002d980000,0x000000002da80000)]
  0x000000001cce6000 JavaThread "Execution worker for ':'" [_thread_blocked, id=14944, stack(0x000000002d880000,0x000000002d980000)]
  0x000000001cce0800 JavaThread "Cache worker for file content cache (C:\Users\KimHanbi\AndroidStudioProjects\UntactShop\.gradle\6.5\fileContent)" [_thread_blocked, id=14936, stack(0x000000002d580000,0x000000002d680000)]
  0x000000001cce0000 JavaThread "Memory manager" [_thread_blocked, id=9564, stack(0x0000000029cb0000,0x0000000029db0000)]
  0x000000001ccdc800 JavaThread "Cache worker for Build Output Cleanup Cache (C:\Users\KimHanbi\AndroidStudioProjects\UntactShop\.gradle\buildOutputCleanup)" [_thread_blocked, id=5668, stack(0x000000002a230000,0x000000002a330000)]
  0x000000001cce1800 JavaThread "jar transforms Thread 99" [_thread_blocked, id=8912, stack(0x0000000029bb0000,0x0000000029cb0000)]
  0x000000001cce3000 JavaThread "jar transforms Thread 98" [_thread_blocked, id=4368, stack(0x0000000029ab0000,0x0000000029bb0000)]
  0x000000001ccdc000 JavaThread "jar transforms Thread 97" [_thread_blocked, id=12228, stack(0x00000000299b0000,0x0000000029ab0000)]
  0x000000001cce2000 JavaThread "jar transforms Thread 96" [_thread_blocked, id=8968, stack(0x00000000298b0000,0x00000000299b0000)]
  0x000000001cc56000 JavaThread "jar transforms Thread 95" [_thread_blocked, id=5236, stack(0x00000000297b0000,0x00000000298b0000)]
  0x000000001cc55800 JavaThread "jar transforms Thread 94" [_thread_blocked, id=14884, stack(0x00000000296b0000,0x00000000297b0000)]
  0x000000001cc57000 JavaThread "jar transforms Thread 93" [_thread_blocked, id=8988, stack(0x00000000295b0000,0x00000000296b0000)]
  0x000000001cc54000 JavaThread "jar transforms Thread 92" [_thread_blocked, id=8768, stack(0x00000000294b0000,0x00000000295b0000)]
  0x000000001cc52800 JavaThread "jar transforms Thread 91" [_thread_blocked, id=14156, stack(0x00000000293b0000,0x00000000294b0000)]
  0x000000001cc57800 JavaThread "jar transforms Thread 90" [_thread_blocked, id=9060, stack(0x00000000292b0000,0x00000000293b0000)]
  0x000000001cc54800 JavaThread "jar transforms Thread 89" [_thread_blocked, id=3944, stack(0x00000000291b0000,0x00000000292b0000)]
  0x000000001cc58800 JavaThread "jar transforms Thread 88" [_thread_blocked, id=3676, stack(0x00000000290b0000,0x00000000291b0000)]
  0x000000001cc53000 JavaThread "jar transforms Thread 87" [_thread_blocked, id=2356, stack(0x0000000028fb0000,0x00000000290b0000)]
  0x000000001cc4b000 JavaThread "jar transforms Thread 86" [_thread_blocked, id=8724, stack(0x0000000028eb0000,0x0000000028fb0000)]
  0x000000001cc51800 JavaThread "jar transforms Thread 85" [_thread_blocked, id=10752, stack(0x0000000028db0000,0x0000000028eb0000)]
  0x000000001cc51000 JavaThread "jar transforms Thread 84" [_thread_blocked, id=11468, stack(0x0000000028cb0000,0x0000000028db0000)]
  0x000000001cc49800 JavaThread "jar transforms Thread 83" [_thread_blocked, id=11472, stack(0x0000000028bb0000,0x0000000028cb0000)]
  0x000000001cc4f800 JavaThread "jar transforms Thread 82" [_thread_blocked, id=11784, stack(0x0000000028ab0000,0x0000000028bb0000)]
  0x000000001cc4e800 JavaThread "jar transforms Thread 81" [_thread_blocked, id=13112, stack(0x00000000289b0000,0x0000000028ab0000)]
  0x000000001cc4c800 JavaThread "jar transforms Thread 80" [_thread_blocked, id=13452, stack(0x00000000288b0000,0x00000000289b0000)]
  0x000000001cc4d000 JavaThread "jar transforms Thread 79" [_thread_blocked, id=13988, stack(0x00000000287b0000,0x00000000288b0000)]
  0x000000001cc50000 JavaThread "jar transforms Thread 78" [_thread_blocked, id=2700, stack(0x00000000286b0000,0x00000000287b0000)]
  0x000000001cc4a000 JavaThread "jar transforms Thread 77" [_thread_blocked, id=3296, stack(0x00000000285b0000,0x00000000286b0000)]
  0x000000001cc4e000 JavaThread "jar transforms Thread 76" [_thread_blocked, id=13748, stack(0x00000000284b0000,0x00000000285b0000)]
  0x000000001cc4b800 JavaThread "jar transforms Thread 75" [_thread_blocked, id=1440, stack(0x00000000283b0000,0x00000000284b0000)]
  0x000000001e982000 JavaThread "jar transforms Thread 74" [_thread_blocked, id=13096, stack(0x00000000282b0000,0x00000000283b0000)]
  0x000000001e982800 JavaThread "jar transforms Thread 73" [_thread_blocked, id=12948, stack(0x00000000281b0000,0x00000000282b0000)]
  0x000000001e981000 JavaThread "jar transforms Thread 72" [_thread_blocked, id=13100, stack(0x00000000280b0000,0x00000000281b0000)]
  0x000000001e980800 JavaThread "jar transforms Thread 71" [_thread_blocked, id=1472, stack(0x0000000027fb0000,0x00000000280b0000)]
  0x000000001e97f800 JavaThread "jar transforms Thread 70" [_thread_blocked, id=8900, stack(0x0000000027eb0000,0x0000000027fb0000)]
  0x000000001e978000 JavaThread "jar transforms Thread 69" [_thread_blocked, id=8932, stack(0x0000000027db0000,0x0000000027eb0000)]
  0x000000001e97f000 JavaThread "jar transforms Thread 68" [_thread_blocked, id=13216, stack(0x0000000027cb0000,0x0000000027db0000)]
  0x000000001e97d800 JavaThread "jar transforms Thread 67" [_thread_blocked, id=11964, stack(0x0000000027bb0000,0x0000000027cb0000)]
  0x000000001e97e000 JavaThread "jar transforms Thread 66" [_thread_blocked, id=12944, stack(0x0000000027ab0000,0x0000000027bb0000)]
  0x000000001e97c800 JavaThread "jar transforms Thread 65" [_thread_blocked, id=8956, stack(0x00000000279b0000,0x0000000027ab0000)]
  0x000000001e975000 JavaThread "jar transforms Thread 64" [_thread_blocked, id=4328, stack(0x00000000278b0000,0x00000000279b0000)]
  0x000000001e979000 JavaThread "jar transforms Thread 63" [_thread_blocked, id=14608, stack(0x00000000277b0000,0x00000000278b0000)]
  0x000000001e97c000 JavaThread "jar transforms Thread 62" [_thread_blocked, id=9304, stack(0x00000000276b0000,0x00000000277b0000)]
  0x000000001e974000 JavaThread "jar transforms Thread 61" [_thread_blocked, id=7332, stack(0x00000000275b0000,0x00000000276b0000)]
  0x000000001e97b000 JavaThread "jar transforms Thread 60" [_thread_blocked, id=10252, stack(0x00000000274b0000,0x00000000275b0000)]
  0x000000001e973800 JavaThread "jar transforms Thread 59" [_thread_blocked, id=14500, stack(0x00000000273b0000,0x00000000274b0000)]
  0x000000001e976800 JavaThread "jar transforms Thread 58" [_thread_blocked, id=10360, stack(0x00000000272b0000,0x00000000273b0000)]
  0x000000001e975800 JavaThread "jar transforms Thread 57" [_thread_blocked, id=11256, stack(0x00000000271b0000,0x00000000272b0000)]
  0x000000001e97a800 JavaThread "jar transforms Thread 56" [_thread_blocked, id=14864, stack(0x00000000270b0000,0x00000000271b0000)]
  0x000000001e979800 JavaThread "jar transforms Thread 55" [_thread_blocked, id=6784, stack(0x0000000026fb0000,0x00000000270b0000)]
  0x000000001e977800 JavaThread "jar transforms Thread 54" [_thread_blocked, id=2484, stack(0x0000000026eb0000,0x0000000026fb0000)]
  0x000000001f026000 JavaThread "jar transforms Thread 53" [_thread_blocked, id=7028, stack(0x0000000026db0000,0x0000000026eb0000)]
  0x000000001f025000 JavaThread "jar transforms Thread 52" [_thread_blocked, id=10544, stack(0x0000000026cb0000,0x0000000026db0000)]
  0x000000001f024800 JavaThread "jar transforms Thread 51" [_thread_blocked, id=11704, stack(0x0000000026bb0000,0x0000000026cb0000)]
  0x000000001f029800 JavaThread "jar transforms Thread 50" [_thread_blocked, id=11656, stack(0x0000000026ab0000,0x0000000026bb0000)]
  0x000000001f029000 JavaThread "jar transforms Thread 49" [_thread_blocked, id=12996, stack(0x00000000269b0000,0x0000000026ab0000)]
  0x000000001f026800 JavaThread "jar transforms Thread 48" [_thread_blocked, id=11748, stack(0x00000000268b0000,0x00000000269b0000)]
  0x000000001f028000 JavaThread "jar transforms Thread 47" [_thread_blocked, id=7144, stack(0x00000000267b0000,0x00000000268b0000)]
  0x000000001f027800 JavaThread "jar transforms Thread 46" [_thread_blocked, id=8856, stack(0x00000000266b0000,0x00000000267b0000)]
  0x000000001f02a800 JavaThread "jar transforms Thread 45" [_thread_blocked, id=10228, stack(0x00000000265b0000,0x00000000266b0000)]
  0x000000001f021800 JavaThread "jar transforms Thread 44" [_thread_blocked, id=7268, stack(0x00000000264b0000,0x00000000265b0000)]
  0x000000001f01d000 JavaThread "jar transforms Thread 43" [_thread_blocked, id=11812, stack(0x00000000263b0000,0x00000000264b0000)]
  0x000000001f01d800 JavaThread "jar transforms Thread 42" [_thread_blocked, id=2820, stack(0x00000000262b0000,0x00000000263b0000)]
  0x000000001f01e800 JavaThread "jar transforms Thread 41" [_thread_blocked, id=7260, stack(0x00000000261b0000,0x00000000262b0000)]
  0x000000001f023800 JavaThread "jar transforms Thread 40" [_thread_blocked, id=9736, stack(0x00000000260b0000,0x00000000261b0000)]
  0x000000001f020000 JavaThread "jar transforms Thread 39" [_thread_blocked, id=10892, stack(0x0000000025fb0000,0x00000000260b0000)]
  0x000000001f023000 JavaThread "jar transforms Thread 38" [_thread_blocked, id=13204, stack(0x0000000025eb0000,0x0000000025fb0000)]
  0x000000001f01b800 JavaThread "jar transforms Thread 37" [_thread_blocked, id=8164, stack(0x0000000025db0000,0x0000000025eb0000)]
  0x000000001f022000 JavaThread "jar transforms Thread 36" [_thread_blocked, id=11496, stack(0x0000000025cb0000,0x0000000025db0000)]
  0x000000001f01f000 JavaThread "jar transforms Thread 35" [_thread_blocked, id=11492, stack(0x0000000025bb0000,0x0000000025cb0000)]
  0x000000001f020800 JavaThread "jar transforms Thread 34" [_thread_blocked, id=13200, stack(0x0000000025ab0000,0x0000000025bb0000)]
  0x000000001f01c000 JavaThread "jar transforms Thread 33" [_thread_blocked, id=5532, stack(0x00000000259b0000,0x0000000025ab0000)]
  0x000000001d18f000 JavaThread "jar transforms Thread 32" [_thread_blocked, id=13268, stack(0x00000000258b0000,0x00000000259b0000)]
  0x000000001d193000 JavaThread "jar transforms Thread 31" [_thread_blocked, id=13224, stack(0x00000000257b0000,0x00000000258b0000)]
  0x000000001d193800 JavaThread "jar transforms Thread 30" [_thread_blocked, id=2604, stack(0x00000000256b0000,0x00000000257b0000)]
  0x000000001d192000 JavaThread "jar transforms Thread 29" [_thread_blocked, id=2568, stack(0x00000000255b0000,0x00000000256b0000)]
  0x000000001d191800 JavaThread "jar transforms Thread 28" [_thread_blocked, id=8896, stack(0x00000000254b0000,0x00000000255b0000)]
  0x000000001d190800 JavaThread "jar transforms Thread 27" [_thread_blocked, id=9144, stack(0x00000000253b0000,0x00000000254b0000)]
  0x000000001d18e000 JavaThread "jar transforms Thread 26" [_thread_blocked, id=5704, stack(0x00000000252b0000,0x00000000253b0000)]
  0x000000001d18d800 JavaThread "jar transforms Thread 25" [_thread_blocked, id=8924, stack(0x00000000251b0000,0x00000000252b0000)]
  0x000000001d194800 JavaThread "jar transforms Thread 24" [_thread_blocked, id=11712, stack(0x00000000250b0000,0x00000000251b0000)]
  0x000000001d18f800 JavaThread "jar transforms Thread 23" [_thread_blocked, id=3964, stack(0x0000000024fb0000,0x00000000250b0000)]
  0x000000001d186000 JavaThread "jar transforms Thread 22" [_thread_blocked, id=8760, stack(0x0000000024eb0000,0x0000000024fb0000)]
  0x000000001d18c800 JavaThread "jar transforms Thread 21" [_thread_blocked, id=3304, stack(0x0000000024db0000,0x0000000024eb0000)]
  0x000000001d185000 JavaThread "jar transforms Thread 20" [_thread_blocked, id=1360, stack(0x0000000024cb0000,0x0000000024db0000)]
  0x000000001d18b000 JavaThread "jar transforms Thread 19" [_thread_blocked, id=14028, stack(0x0000000024bb0000,0x0000000024cb0000)]
  0x000000001d189800 JavaThread "jar transforms Thread 18" [_thread_blocked, id=13728, stack(0x0000000024ab0000,0x0000000024bb0000)]
  0x000000001d189000 JavaThread "jar transforms Thread 17" [_thread_blocked, id=3956, stack(0x00000000249b0000,0x0000000024ab0000)]
  0x000000001d18a800 JavaThread "jar transforms Thread 16" [_thread_blocked, id=3316, stack(0x00000000248b0000,0x00000000249b0000)]
  0x000000001d18c000 JavaThread "jar transforms Thread 15" [_thread_blocked, id=10300, stack(0x00000000247b0000,0x00000000248b0000)]
  0x000000001d188000 JavaThread "jar transforms Thread 14" [_thread_blocked, id=9600, stack(0x00000000246b0000,0x00000000247b0000)]
  0x000000001d186800 JavaThread "jar transforms Thread 13" [_thread_blocked, id=10600, stack(0x00000000245b0000,0x00000000246b0000)]
  0x000000001d187800 JavaThread "jar transforms Thread 12" [_thread_blocked, id=5968, stack(0x00000000244b0000,0x00000000245b0000)]
  0x000000001d164000 JavaThread "jar transforms Thread 11" [_thread_blocked, id=7364, stack(0x00000000243b0000,0x00000000244b0000)]
  0x000000001d163000 JavaThread "jar transforms Thread 10" [_thread_blocked, id=11616, stack(0x00000000242b0000,0x00000000243b0000)]
  0x000000001d161800 JavaThread "jar transforms Thread 9" [_thread_blocked, id=7272, stack(0x00000000241b0000,0x00000000242b0000)]
  0x000000001d161000 JavaThread "jar transforms Thread 8" [_thread_blocked, id=1720, stack(0x00000000240b0000,0x00000000241b0000)]
  0x000000001d162800 JavaThread "jar transforms Thread 7" [_thread_blocked, id=5536, stack(0x0000000023fb0000,0x00000000240b0000)]
  0x000000001d159800 JavaThread "jar transforms Thread 6" [_thread_blocked, id=6072, stack(0x0000000023eb0000,0x0000000023fb0000)]
  0x000000001d160000 JavaThread "jar transforms Thread 5" [_thread_blocked, id=6396, stack(0x0000000023db0000,0x0000000023eb0000)]
  0x000000001d15f800 JavaThread "jar transforms Thread 4" [_thread_blocked, id=3324, stack(0x0000000023cb0000,0x0000000023db0000)]
  0x000000001d157800 JavaThread "jar transforms Thread 3" [_thread_blocked, id=6184, stack(0x0000000023bb0000,0x0000000023cb0000)]
  0x000000001d15e800 JavaThread "jar transforms Thread 2" [_thread_blocked, id=3908, stack(0x0000000023ab0000,0x0000000023bb0000)]
  0x000000001d15e000 JavaThread "Build operations Thread 8" [_thread_blocked, id=11212, stack(0x00000000239b0000,0x0000000023ab0000)]
  0x000000001d158800 JavaThread "Build operations Thread 7" [_thread_blocked, id=1700, stack(0x00000000238b0000,0x00000000239b0000)]
  0x000000001d156000 JavaThread "Build operations Thread 6" [_thread_blocked, id=9156, stack(0x00000000237b0000,0x00000000238b0000)]
  0x000000001d15d000 JavaThread "Build operations Thread 5" [_thread_blocked, id=9036, stack(0x00000000236b0000,0x00000000237b0000)]
  0x000000001d155800 JavaThread "Build operations Thread 4" [_thread_blocked, id=4420, stack(0x00000000235b0000,0x00000000236b0000)]
  0x000000001d15c800 JavaThread "Build operations Thread 3" [_thread_blocked, id=4992, stack(0x00000000234b0000,0x00000000235b0000)]
  0x000000001d15a000 JavaThread "Build operations Thread 2" [_thread_blocked, id=6132, stack(0x00000000233b0000,0x00000000234b0000)]
  0x000000001d15b000 JavaThread "Build operations" [_thread_blocked, id=13084, stack(0x00000000232b0000,0x00000000233b0000)]
  0x000000001ad98000 JavaThread "Cache worker for file content cache (C:\Users\KimHanbi\.gradle\caches\6.5\fileContent)" [_thread_blocked, id=10224, stack(0x0000000022bb0000,0x0000000022cb0000)]
  0x000000001ad94800 JavaThread "jar transforms" [_thread_blocked, id=7360, stack(0x0000000022ab0000,0x0000000022bb0000)]
  0x000000001ad96000 JavaThread "Cache worker for execution history cache (C:\Users\KimHanbi\.gradle\caches\6.5\executionHistory)" [_thread_blocked, id=5452, stack(0x00000000223b0000,0x00000000224b0000)]
  0x000000001ad9b000 JavaThread "Cache worker for cache directory md-rule (C:\Users\KimHanbi\.gradle\caches\6.5\md-rule)" [_thread_blocked, id=4416, stack(0x00000000222b0000,0x00000000223b0000)]
  0x000000001ad99000 JavaThread "Cache worker for cache directory md-supplier (C:\Users\KimHanbi\.gradle\caches\6.5\md-supplier)" [_thread_blocked, id=8684, stack(0x0000000021f80000,0x0000000022080000)]
  0x000000001ad97800 JavaThread "Cache worker for checksums cache (C:\Users\KimHanbi\AndroidStudioProjects\UntactShop\.gradle\checksums)" [_thread_blocked, id=8000, stack(0x0000000021e80000,0x0000000021f80000)]
  0x000000001ad95000 JavaThread "Cache worker for file hash cache (C:\Users\KimHanbi\AndroidStudioProjects\UntactShop\.gradle\6.5\fileHashes)" [_thread_blocked, id=1380, stack(0x0000000021b80000,0x0000000021c80000)]
  0x000000001ad9a800 JavaThread "Cache worker for file hash cache (C:\Users\KimHanbi\.gradle\caches\6.5\fileHashes)" [_thread_blocked, id=14492, stack(0x000000001f8e0000,0x000000001f9e0000)]
  0x000000001ad96800 JavaThread "File lock request listener" [_thread_in_native, id=3060, stack(0x000000001e810000,0x000000001e910000)]
  0x000000001b204800 JavaThread "Cache worker for journal cache (C:\Users\KimHanbi\.gradle\caches\journal-1)" [_thread_blocked, id=15128, stack(0x000000001e710000,0x000000001e810000)]
  0x000000001a047000 JavaThread "Thread-9" [_thread_blocked, id=7728, stack(0x000000001e410000,0x000000001e510000)]
  0x000000001abe7800 JavaThread "Stdin handler" [_thread_blocked, id=1220, stack(0x000000001e310000,0x000000001e410000)]
  0x000000001ac90800 JavaThread "Asynchronous log dispatcher for DefaultDaemonConnection: socket connection from /127.0.0.1:2903 to /127.0.0.1:2904" [_thread_blocked, id=5864, stack(0x000000001e210000,0x000000001e310000)]
  0x000000001b20b800 JavaThread "Daemon worker" [_thread_blocked, id=15284, stack(0x000000001e110000,0x000000001e210000)]
  0x000000001b20b000 JavaThread "Cancel handler" [_thread_blocked, id=9280, stack(0x000000001df10000,0x000000001e010000)]
  0x000000001b6f9000 JavaThread "Handler for socket connection from /127.0.0.1:2903 to /127.0.0.1:2904" [_thread_in_native, id=2480, stack(0x000000001de10000,0x000000001df10000)]
  0x000000001b6e2000 JavaThread "Daemon" [_thread_blocked, id=14916, stack(0x000000001dd10000,0x000000001de10000)]
  0x000000001b2e3800 JavaThread "Daemon periodic checks" [_thread_blocked, id=6320, stack(0x000000001da10000,0x000000001db10000)]
  0x000000001b2ef800 JavaThread "Incoming local TCP Connector on port 2903" [_thread_in_native, id=5220, stack(0x000000001d830000,0x000000001d930000)]
  0x000000001c696800 JavaThread "Daemon health stats" [_thread_blocked, id=3764, stack(0x000000001d510000,0x000000001d610000)]
  0x0000000019db9000 JavaThread "Service Thread" daemon [_thread_blocked, id=4932, stack(0x000000001a970000,0x000000001aa70000)]
  0x0000000019d70000 JavaThread "C1 CompilerThread3" daemon [_thread_blocked, id=1536, stack(0x000000001a870000,0x000000001a970000)]
=>0x0000000019d6c000 JavaThread "C2 CompilerThread2" daemon [_thread_in_native, id=3812, stack(0x000000001a770000,0x000000001a870000)]
  0x0000000019d64000 JavaThread "C2 CompilerThread1" daemon [_thread_blocked, id=13540, stack(0x000000001a670000,0x000000001a770000)]
  0x0000000019d0a800 JavaThread "C2 CompilerThread0" daemon [_thread_blocked, id=15108, stack(0x000000001a570000,0x000000001a670000)]
  0x0000000019d63000 JavaThread "Attach Listener" daemon [_thread_blocked, id=9920, stack(0x000000001a470000,0x000000001a570000)]
  0x0000000019d62000 JavaThread "Signal Dispatcher" daemon [_thread_blocked, id=1708, stack(0x000000001a370000,0x000000001a470000)]
  0x0000000019cf0800 JavaThread "Finalizer" daemon [_thread_blocked, id=5964, stack(0x000000001a1d0000,0x000000001a2d0000)]
  0x0000000017eec800 JavaThread "Reference Handler" daemon [_thread_blocked, id=12292, stack(0x000000001a0d0000,0x000000001a1d0000)]
  0x0000000002d42800 JavaThread "main" [_thread_blocked, id=5140, stack(0x0000000002c20000,0x0000000002d20000)]

Other Threads:
  0x0000000017ee6000 VMThread [stack: 0x0000000019bd0000,0x0000000019cd0000] [id=640]
  0x0000000019db9800 WatcherThread [stack: 0x000000001aa70000,0x000000001ab70000] [id=1072]

VM state:at safepoint (normal execution)

VM Mutex/Monitor currently owned by a thread:  ([mutex/lock_event])
[0x00000000028cdab0] Threads_lock - owner thread: 0x0000000017ee6000
[0x00000000028cdeb0] Heap_lock - owner thread: 0x000000001d156000

OutOfMemory and StackOverflow Exception counts:
OutOfMemoryError java_heap_errors=2

heap address: 0x0000000080000000, size: 2048 MB, Compressed Oops mode: 32-bit
Narrow klass base: 0x0000000000000000, Narrow klass shift: 3
Compressed class space size: 1073741824 Address: 0x0000000100000000

Heap:
 PSYoungGen      total 342016K, used 103944K [0x00000000d5580000, 0x00000000ef680000, 0x0000000100000000)
  eden space 299520K, 27% used [0x00000000d5580000,0x00000000da70cbc8,0x00000000e7a00000)
  from space 42496K, 48% used [0x00000000e7a00000,0x00000000e8df5600,0x00000000ea380000)
  to   space 41472K, 79% used [0x00000000ece00000,0x00000000eee28cb8,0x00000000ef680000)
 ParOldGen       total 228352K, used 96955K [0x0000000080000000, 0x000000008df00000, 0x00000000d5580000)
  object space 228352K, 42% used [0x0000000080000000,0x0000000085eaee28,0x000000008df00000)
 Metaspace       used 82566K, capacity 86442K, committed 87000K, reserved 1124352K
  class space    used 10977K, capacity 11738K, committed 11776K, reserved 1048576K

Card table byte_map: [0x0000000012210000,0x0000000012620000] byte_map_base: 0x0000000011e10000

Marking Bits: (ParMarkBitMap*) 0x000000006247f030
 Begin Bits: [0x00000000130d0000, 0x00000000150d0000)
 End Bits:   [0x00000000150d0000, 0x00000000170d0000)

Polling page: 0x0000000002d20000

CodeCache: size=245760Kb used=40246Kb max_used=40310Kb free=205513Kb
 bounds [0x0000000002e50000, 0x00000000055e0000, 0x0000000011e50000]
 total_blobs=12560 nmethods=11692 adapters=780
 compilation: enabled

Compilation events (10 events):
Event: 64.993 Thread 0x0000000019d70000 nmethod 14091 0x00000000031c6ed0 code [0x00000000031c70c0, 0x00000000031c7988]
Event: 64.993 Thread 0x0000000019d70000 14089       3       sun.nio.fs.WindowsFileSystemProvider::readAttributes (63 bytes)
Event: 64.995 Thread 0x0000000019d70000 nmethod 14089 0x00000000031c6490 code [0x00000000031c6660, 0x00000000031c6c78]
Event: 64.995 Thread 0x0000000019d70000 14087       3       com.android.tools.r8.graph.i0::computeEquals (45 bytes)
Event: 64.996 Thread 0x0000000019d70000 nmethod 14087 0x0000000003733990 code [0x0000000003733b20, 0x0000000003733f68]
Event: 64.996 Thread 0x0000000019d70000 14083       3       com.android.tools.r8.graph.j0::o (21 bytes)
Event: 64.996 Thread 0x0000000019d70000 nmethod 14083 0x000000000437d3d0 code [0x000000000437d540, 0x000000000437d730]
Event: 64.996 Thread 0x0000000019d70000 14084       3       com.android.tools.r8.graph.j0::q (21 bytes)
Event: 64.997 Thread 0x0000000019d70000 nmethod 14084 0x000000000509a650 code [0x000000000509a7c0, 0x000000000509a9b0]
Event: 64.997 Thread 0x0000000019d70000 14094   !   3       com.android.tools.r8.graph.i0::f (91 bytes)

GC Heap History (10 events):
Event: 43.128 GC heap before
{Heap before GC invocations=17 (full 3):
 PSYoungGen      total 227840K, used 227839K [0x00000000d5580000, 0x00000000e7680000, 0x0000000100000000)
  eden space 209920K, 100% used [0x00000000d5580000,0x00000000e2280000,0x00000000e2280000)
  from space 17920K, 99% used [0x00000000e2280000,0x00000000e33ffe70,0x00000000e3400000)
  to   space 22016K, 0% used [0x00000000e6100000,0x00000000e6100000,0x00000000e7680000)
 ParOldGen       total 121856K, used 41494K [0x0000000080000000, 0x0000000087700000, 0x00000000d5580000)
  object space 121856K, 34% used [0x0000000080000000,0x0000000082885ad8,0x0000000087700000)
 Metaspace       used 72022K, capacity 75686K, committed 75864K, reserved 1114112K
  class space    used 9857K, capacity 10542K, committed 10624K, reserved 1048576K
Event: 43.281 GC heap after
Heap after GC invocations=17 (full 3):
 PSYoungGen      total 270848K, used 21640K [0x00000000d5580000, 0x00000000e7c80000, 0x0000000100000000)
  eden space 248832K, 0% used [0x00000000d5580000,0x00000000d5580000,0x00000000e4880000)
  from space 22016K, 98% used [0x00000000e6100000,0x00000000e76222a0,0x00000000e7680000)
  to   space 25088K, 0% used [0x00000000e4880000,0x00000000e4880000,0x00000000e6100000)
 ParOldGen       total 121856K, used 56320K [0x0000000080000000, 0x0000000087700000, 0x00000000d5580000)
  object space 121856K, 46% used [0x0000000080000000,0x0000000083700010,0x0000000087700000)
 Metaspace       used 72022K, capacity 75686K, committed 75864K, reserved 1114112K
  class space    used 9857K, capacity 10542K, committed 10624K, reserved 1048576K
}
Event: 54.809 GC heap before
{Heap before GC invocations=18 (full 3):
 PSYoungGen      total 270848K, used 270472K [0x00000000d5580000, 0x00000000e7c80000, 0x0000000100000000)
  eden space 248832K, 100% used [0x00000000d5580000,0x00000000e4880000,0x00000000e4880000)
  from space 22016K, 98% used [0x00000000e6100000,0x00000000e76222a0,0x00000000e7680000)
  to   space 25088K, 0% used [0x00000000e4880000,0x00000000e4880000,0x00000000e6100000)
 ParOldGen       total 121856K, used 56320K [0x0000000080000000, 0x0000000087700000, 0x00000000d5580000)
  object space 121856K, 46% used [0x0000000080000000,0x0000000083700010,0x0000000087700000)
 Metaspace       used 79456K, capacity 83134K, committed 83416K, reserved 1122304K
  class space    used 10465K, capacity 11166K, committed 11264K, reserved 1048576K
Event: 55.084 GC heap after
Heap after GC invocations=18 (full 3):
 PSYoungGen      total 273920K, used 25076K [0x00000000d5580000, 0x00000000ecd00000, 0x0000000100000000)
  eden space 248832K, 0% used [0x00000000d5580000,0x00000000d5580000,0x00000000e4880000)
  from space 25088K, 99% used [0x00000000e4880000,0x00000000e60fd380,0x00000000e6100000)
  to   space 42496K, 0% used [0x00000000ea380000,0x00000000ea380000,0x00000000ecd00000)
 ParOldGen       total 121856K, used 93855K [0x0000000080000000, 0x0000000087700000, 0x00000000d5580000)
  object space 121856K, 77% used [0x0000000080000000,0x0000000085ba7f20,0x0000000087700000)
 Metaspace       used 79456K, capacity 83134K, committed 83416K, reserved 1122304K
  class space    used 10465K, capacity 11166K, committed 11264K, reserved 1048576K
}
Event: 61.529 GC heap before
{Heap before GC invocations=19 (full 3):
 PSYoungGen      total 273920K, used 273908K [0x00000000d5580000, 0x00000000ecd00000, 0x0000000100000000)
  eden space 248832K, 100% used [0x00000000d5580000,0x00000000e4880000,0x00000000e4880000)
  from space 25088K, 99% used [0x00000000e4880000,0x00000000e60fd380,0x00000000e6100000)
  to   space 42496K, 0% used [0x00000000ea380000,0x00000000ea380000,0x00000000ecd00000)
 ParOldGen       total 121856K, used 93855K [0x0000000080000000, 0x0000000087700000, 0x00000000d5580000)
  object space 121856K, 77% used [0x0000000080000000,0x0000000085ba7f20,0x0000000087700000)
 Metaspace       used 82837K, capacity 86736K, committed 86872K, reserved 1124352K
  class space    used 10840K, capacity 11615K, committed 11648K, reserved 1048576K
Event: 61.741 GC heap after
Heap after GC invocations=19 (full 3):
 PSYoungGen      total 342016K, used 23747K [0x00000000d5580000, 0x00000000ed100000, 0x0000000100000000)
  eden space 299520K, 0% used [0x00000000d5580000,0x00000000d5580000,0x00000000e7a00000)
  from space 42496K, 55% used [0x00000000ea380000,0x00000000ebab0e78,0x00000000ecd00000)
  to   space 42496K, 0% used [0x00000000e7a00000,0x00000000e7a00000,0x00000000ea380000)
 ParOldGen       total 121856K, used 118329K [0x0000000080000000, 0x0000000087700000, 0x00000000d5580000)
  object space 121856K, 97% used [0x0000000080000000,0x000000008738e450,0x0000000087700000)
 Metaspace       used 82837K, capacity 86736K, committed 86872K, reserved 1124352K
  class space    used 10840K, capacity 11615K, committed 11648K, reserved 1048576K
}
Event: 61.742 GC heap before
{Heap before GC invocations=20 (full 4):
 PSYoungGen      total 342016K, used 23747K [0x00000000d5580000, 0x00000000ed100000, 0x0000000100000000)
  eden space 299520K, 0% used [0x00000000d5580000,0x00000000d5580000,0x00000000e7a00000)
  from space 42496K, 55% used [0x00000000ea380000,0x00000000ebab0e78,0x00000000ecd00000)
  to   space 42496K, 0% used [0x00000000e7a00000,0x00000000e7a00000,0x00000000ea380000)
 ParOldGen       total 121856K, used 118329K [0x0000000080000000, 0x0000000087700000, 0x00000000d5580000)
  object space 121856K, 97% used [0x0000000080000000,0x000000008738e450,0x0000000087700000)
 Metaspace       used 82837K, capacity 86736K, committed 86872K, reserved 1124352K
  class space    used 10840K, capacity 11615K, committed 11648K, reserved 1048576K
Event: 62.672 GC heap after
Heap after GC invocations=20 (full 4):
 PSYoungGen      total 342016K, used 0K [0x00000000d5580000, 0x00000000ed100000, 0x0000000100000000)
  eden space 299520K, 0% used [0x00000000d5580000,0x00000000d5580000,0x00000000e7a00000)
  from space 42496K, 0% used [0x00000000ea380000,0x00000000ea380000,0x00000000ecd00000)
  to   space 42496K, 0% used [0x00000000e7a00000,0x00000000e7a00000,0x00000000ea380000)
 ParOldGen       total 228352K, used 96939K [0x0000000080000000, 0x000000008df00000, 0x00000000d5580000)
  object space 228352K, 42% used [0x0000000080000000,0x0000000085eaae28,0x000000008df00000)
 Metaspace       used 80936K, capacity 84592K, committed 86872K, reserved 1124352K
  class space    used 10711K, capacity 11453K, committed 11648K, reserved 1048576K
}
Event: 64.419 GC heap before
{Heap before GC invocations=21 (full 4):
 PSYoungGen      total 342016K, used 299520K [0x00000000d5580000, 0x00000000ed100000, 0x0000000100000000)
  eden space 299520K, 100% used [0x00000000d5580000,0x00000000e7a00000,0x00000000e7a00000)
  from space 42496K, 0% used [0x00000000ea380000,0x00000000ea380000,0x00000000ecd00000)
  to   space 42496K, 0% used [0x00000000e7a00000,0x00000000e7a00000,0x00000000ea380000)
 ParOldGen       total 228352K, used 96939K [0x0000000080000000, 0x000000008df00000, 0x00000000d5580000)
  object space 228352K, 42% used [0x0000000080000000,0x0000000085eaae28,0x000000008df00000)
 Metaspace       used 81699K, capacity 85504K, committed 86872K, reserved 1124352K
  class space    used 10857K, capacity 11615K, committed 11648K, reserved 1048576K
Event: 64.467 GC heap after
Heap after GC invocations=21 (full 4):
 PSYoungGen      total 342016K, used 20437K [0x00000000d5580000, 0x00000000ef680000, 0x0000000100000000)
  eden space 299520K, 0% used [0x00000000d5580000,0x00000000d5580000,0x00000000e7a00000)
  from space 42496K, 48% used [0x00000000e7a00000,0x00000000e8df5600,0x00000000ea380000)
  to   space 41472K, 0% used [0x00000000ece00000,0x00000000ece00000,0x00000000ef680000)
 ParOldGen       total 228352K, used 96947K [0x0000000080000000, 0x000000008df00000, 0x00000000d5580000)
  object space 228352K, 42% used [0x0000000080000000,0x0000000085eace28,0x000000008df00000)
 Metaspace       used 81699K, capacity 85504K, committed 86872K, reserved 1124352K
  class space    used 10857K, capacity 11615K, committed 11648K, reserved 1048576K
}

Deoptimization events (10 events):
Event: 63.696 Thread 0x000000001f2a3800 Uncommon trap: reason=unstable_if action=reinterpret pc=0x0000000004e97c90 method=java.util.regex.Pattern$SliceU.match(Ljava/util/regex/Matcher;ILjava/lang/CharSequence;)Z @ 18
Event: 64.413 Thread 0x000000001d15a000 Uncommon trap: reason=bimorphic action=maybe_recompile pc=0x0000000004851408 method=java.util.regex.Pattern$Begin.match(Ljava/util/regex/Matcher;ILjava/lang/CharSequence;)Z @ 30
Event: 64.413 Thread 0x000000001d158800 Uncommon trap: reason=bimorphic action=maybe_recompile pc=0x0000000004851408 method=java.util.regex.Pattern$Begin.match(Ljava/util/regex/Matcher;ILjava/lang/CharSequence;)Z @ 30
Event: 64.413 Thread 0x000000001d15a000 Uncommon trap: reason=unstable_if action=reinterpret pc=0x00000000051d422c method=java.util.regex.Pattern$SliceU.match(Ljava/util/regex/Matcher;ILjava/lang/CharSequence;)Z @ 29
Event: 64.413 Thread 0x000000001d158800 Uncommon trap: reason=unstable_if action=reinterpret pc=0x00000000051d422c method=java.util.regex.Pattern$SliceU.match(Ljava/util/regex/Matcher;ILjava/lang/CharSequence;)Z @ 29
Event: 64.564 Thread 0x000000001d15e000 Uncommon trap: reason=bimorphic action=maybe_recompile pc=0x0000000004851408 method=java.util.regex.Pattern$Begin.match(Ljava/util/regex/Matcher;ILjava/lang/CharSequence;)Z @ 30
Event: 64.613 Thread 0x000000001d155800 Uncommon trap: reason=bimorphic action=maybe_recompile pc=0x0000000004851408 method=java.util.regex.Pattern$Begin.match(Ljava/util/regex/Matcher;ILjava/lang/CharSequence;)Z @ 30
Event: 64.749 Thread 0x000000001d15a000 Uncommon trap: reason=class_check action=maybe_recompile pc=0x000000000342d900 method=java.lang.Throwable.<init>(Ljava/lang/String;Ljava/lang/Throwable;)V @ 24
Event: 64.769 Thread 0x000000001d15a000 Uncommon trap: reason=class_check action=maybe_recompile pc=0x000000000342d900 method=java.lang.Throwable.<init>(Ljava/lang/String;Ljava/lang/Throwable;)V @ 24
Event: 64.996 Thread 0x000000001d158800 Uncommon trap: reason=class_check action=maybe_recompile pc=0x000000000342d900 method=java.lang.Throwable.<init>(Ljava/lang/String;Ljava/lang/Throwable;)V @ 24

Classes redefined (0 events):
No events

Internal exceptions (10 events):
Event: 58.224 Thread 0x000000001cce8000 Exception <a 'java/io/FileNotFoundException'> (0x00000000dda94f78) thrown at [C:\src\AOSP-openjdk-git\hotspot\src\share\vm\prims\jni.cpp, line 710]
Event: 63.568 Thread 0x000000001f2a3800 Implicit null exception at 0x00000000054705aa to 0x00000000054705f9
Event: 63.568 Thread 0x000000001f2a3800 Implicit null exception at 0x0000000005308770 to 0x0000000005308780
Event: 64.473 Thread 0x000000001d15a000 Exception <a 'java/lang/NoSuchMethodError': java.lang.Object.lambda$static$0(Ljava/lang/String;)Z> (0x00000000d5764c10) thrown at [C:\src\AOSP-openjdk-git\hotspot\src\share\vm\interpreter\linkResolver.cpp, line 620]
Event: 64.714 Thread 0x000000001d15e000 Exception <a 'sun/nio/fs/WindowsException'> (0x00000000d78d4898) thrown at [C:\src\AOSP-openjdk-git\hotspot\src\share\vm\prims\jni.cpp, line 710]
Event: 64.723 Thread 0x000000001d156000 Exception <a 'sun/nio/fs/WindowsException'> (0x00000000d79c8330) thrown at [C:\src\AOSP-openjdk-git\hotspot\src\share\vm\prims\jni.cpp, line 710]
Event: 64.749 Thread 0x000000001d15a000 Exception <a 'java/lang/OutOfMemoryError'> (0x00000000d7efb258) thrown at [C:\src\AOSP-openjdk-git\hotspot\src\share\vm\prims\jni.cpp, line 737]
Event: 64.828 Thread 0x000000001d155800 Exception <a 'sun/nio/fs/WindowsException'> (0x00000000d8a31708) thrown at [C:\src\AOSP-openjdk-git\hotspot\src\share\vm\prims\jni.cpp, line 710]
Event: 64.960 Thread 0x000000001d15d000 Exception <a 'sun/nio/fs/WindowsException'> (0x00000000da217838) thrown at [C:\src\AOSP-openjdk-git\hotspot\src\share\vm\prims\jni.cpp, line 710]
Event: 64.996 Thread 0x000000001d158800 Exception <a 'java/lang/OutOfMemoryError'> (0x00000000da64ba10) thrown at [C:\src\AOSP-openjdk-git\hotspot\src\share\vm\prims\jni.cpp, line 737]

Events (10 events):
Event: 64.991 loading class com/android/tools/r8/graph/Z$o done
Event: 64.993 loading class com/android/tools/r8/graph/Z$E
Event: 64.993 loading class com/android/tools/r8/graph/Z$E done
Event: 64.995 loading class com/android/tools/r8/graph/Z$h
Event: 64.995 loading class com/android/tools/r8/graph/Z$h done
Event: 64.996 Thread 0x000000001d158800 Uncommon trap: trap_request=0xffffffde fr.pc=0x000000000342d900
Event: 64.996 Thread 0x000000001d158800 DEOPT PACKING pc=0x000000000342d900 sp=0x00000000239abc40
Event: 64.996 Thread 0x000000001d158800 DEOPT UNPACKING pc=0x0000000002e9557b sp=0x00000000239abc10 mode 2
Event: 64.997 loading class com/android/tools/r8/graph/Z$D
Event: 64.997 loading class com/android/tools/r8/graph/Z$D done


Dynamic libraries:
0x00007ff742af0000 - 0x00007ff742b21000 	C:\Program Files\Android\Android Studio\jre\bin\java.exe
0x00007ff808e70000 - 0x00007ff809065000 	C:\WINDOWS\SYSTEM32\ntdll.dll
0x00007ff807bc0000 - 0x00007ff807c7d000 	C:\WINDOWS\System32\KERNEL32.DLL
0x00007ff806b50000 - 0x00007ff806e18000 	C:\WINDOWS\System32\KERNELBASE.dll
0x00007ff807210000 - 0x00007ff8072bc000 	C:\WINDOWS\System32\ADVAPI32.dll
0x00007ff807a00000 - 0x00007ff807a9e000 	C:\WINDOWS\System32\msvcrt.dll
0x00007ff807c80000 - 0x00007ff807d1b000 	C:\WINDOWS\System32\sechost.dll
0x00007ff807ed0000 - 0x00007ff807ffb000 	C:\WINDOWS\System32\RPCRT4.dll
0x00007ff807470000 - 0x00007ff807610000 	C:\WINDOWS\System32\USER32.dll
0x00007ff806920000 - 0x00007ff806942000 	C:\WINDOWS\System32\win32u.dll
0x00007ff8072c0000 - 0x00007ff8072ea000 	C:\WINDOWS\System32\GDI32.dll
0x00007ff8067e0000 - 0x00007ff8068eb000 	C:\WINDOWS\System32\gdi32full.dll
0x00007ff806ab0000 - 0x00007ff806b4d000 	C:\WINDOWS\System32\msvcp_win.dll
0x00007ff806630000 - 0x00007ff806730000 	C:\WINDOWS\System32\ucrtbase.dll
0x00007fffeafb0000 - 0x00007fffeb24a000 	C:\WINDOWS\WinSxS\amd64_microsoft.windows.common-controls_6595b64144ccf1df_6.0.19041.844_none_ca00b6081b84eb1d\COMCTL32.dll
0x00007ff807120000 - 0x00007ff807150000 	C:\WINDOWS\System32\IMM32.DLL
0x0000000061bd0000 - 0x0000000061ca2000 	C:\Program Files\Android\Android Studio\jre\jre\bin\msvcr100.dll
0x0000000061cb0000 - 0x00000000624fb000 	C:\Program Files\Android\Android Studio\jre\jre\bin\server\jvm.dll
0x00007ff808e20000 - 0x00007ff808e28000 	C:\WINDOWS\System32\PSAPI.DLL
0x00007ffffae70000 - 0x00007ffffae97000 	C:\WINDOWS\SYSTEM32\WINMM.dll
0x00007ffffdfc0000 - 0x00007ffffdfca000 	C:\WINDOWS\SYSTEM32\VERSION.dll
0x00007ffff1de0000 - 0x00007ffff1de9000 	C:\WINDOWS\SYSTEM32\WSOCK32.dll
0x00007ff807610000 - 0x00007ff80767b000 	C:\WINDOWS\System32\WS2_32.dll
0x00007ff8005d0000 - 0x00007ff8005df000 	C:\Program Files\Android\Android Studio\jre\jre\bin\verify.dll
0x00007ffffe330000 - 0x00007ffffe359000 	C:\Program Files\Android\Android Studio\jre\jre\bin\java.dll
0x00007ffffe530000 - 0x00007ffffe546000 	C:\Program Files\Android\Android Studio\jre\jre\bin\zip.dll
0x00007ff808000000 - 0x00007ff808742000 	C:\WINDOWS\System32\SHELL32.dll
0x00007ff804010000 - 0x00007ff8047a1000 	C:\WINDOWS\SYSTEM32\windows.storage.dll
0x00007ff8076a0000 - 0x00007ff8079f5000 	C:\WINDOWS\System32\combase.dll
0x00007ff805f50000 - 0x00007ff805f7c000 	C:\WINDOWS\SYSTEM32\Wldp.dll
0x00007ff807350000 - 0x00007ff8073fe000 	C:\WINDOWS\System32\SHCORE.dll
0x00007ff8071b0000 - 0x00007ff807205000 	C:\WINDOWS\System32\shlwapi.dll
0x00007ff8064f0000 - 0x00007ff80650f000 	C:\WINDOWS\SYSTEM32\profapi.dll
0x00007ffffe190000 - 0x00007ffffe1aa000 	C:\Program Files\Android\Android Studio\jre\jre\bin\net.dll
0x00007ff805cc0000 - 0x00007ff805d2a000 	C:\WINDOWS\system32\mswsock.dll
0x00007ffffac50000 - 0x00007ffffac63000 	C:\Program Files\Android\Android Studio\jre\jre\bin\nio.dll
0x00007fffdc660000 - 0x00007fffdc687000 	C:\Users\KimHanbi\.gradle\native\f6784746aeab05261644944871eae4fe03e0ef1612fff0a4a95f87b438bc6780\windows-amd64\native-platform.dll
0x00007ffffe3b0000 - 0x00007ffffe3bd000 	C:\Program Files\Android\Android Studio\jre\jre\bin\management.dll
0x00007ff805ea0000 - 0x00007ff805eb8000 	C:\WINDOWS\SYSTEM32\CRYPTSP.dll
0x00007ff805660000 - 0x00007ff805694000 	C:\WINDOWS\system32\rsaenh.dll
0x00007ff8068f0000 - 0x00007ff806917000 	C:\WINDOWS\System32\bcrypt.dll
0x00007ff8064b0000 - 0x00007ff8064de000 	C:\WINDOWS\SYSTEM32\USERENV.dll
0x00007ff8065b0000 - 0x00007ff806630000 	C:\WINDOWS\System32\bcryptprimitives.dll
0x00007ff805e90000 - 0x00007ff805e9c000 	C:\WINDOWS\SYSTEM32\CRYPTBASE.dll
0x00007ff8059b0000 - 0x00007ff8059eb000 	C:\WINDOWS\SYSTEM32\IPHLPAPI.DLL
0x00007ff806ed0000 - 0x00007ff806ed8000 	C:\WINDOWS\System32\NSI.dll
0x00007ff800360000 - 0x00007ff800377000 	C:\WINDOWS\SYSTEM32\dhcpcsvc6.DLL
0x00007ff800340000 - 0x00007ff80035d000 	C:\WINDOWS\SYSTEM32\dhcpcsvc.DLL
0x00007ff8059f0000 - 0x00007ff805abc000 	C:\WINDOWS\SYSTEM32\DNSAPI.dll
0x00007ff801260000 - 0x00007ff80126b000 	C:\WINDOWS\SYSTEM32\WINNSI.DLL
0x00007ffff09d0000 - 0x00007ffff09f4000 	C:\Program Files\Android\Android Studio\jre\jre\bin\sunec.dll
0x00007ffffe1c0000 - 0x00007ffffe1cb000 	C:\Program Files\Android\Android Studio\jre\jre\bin\sunmscapi.dll
0x00007ff806950000 - 0x00007ff806aaf000 	C:\WINDOWS\System32\CRYPT32.dll
0x00007ffffde90000 - 0x00007ffffde9a000 	C:\Windows\System32\rasadhlp.dll
0x00007ffffcbc0000 - 0x00007ffffcc3f000 	C:\WINDOWS\System32\fwpuclnt.dll

VM Arguments:
jvm_args: -Xmx2048m -Dfile.encoding=UTF-8 -Duser.country=KR -Duser.language=ko -Duser.variant 
java_command: org.gradle.launcher.daemon.bootstrap.GradleDaemon 6.5
java_class_path (initial): C:\Users\KimHanbi\.gradle\wrapper\dists\gradle-6.5-all\2oz4ud9k3tuxjg84bbf55q0tn\gradle-6.5\lib\gradle-launcher-6.5.jar
Launcher Type: SUN_STANDARD

Environment Variables:
JAVA_HOME=C:\Program Files\Java\jdk1.8.0_251
CLASSPATH=%classpath%;;;
PATH=C:\Program Files\Java\jdk1.8.0_251\bin;C:\Program Files (x86)\Common Files\Oracle\Java\javapath;C:\Program Files (x86)\Intel\iCLS Client\;C:\Program Files\Intel\iCLS Client\;C:\WINDOWS\system32;C:\WINDOWS;C:\WINDOWS\System32\Wbem;C:\WINDOWS\System32\WindowsPowerShell\v1.0\;C:\Program Files (x86)\Intel\Intel(R) Management Engine Components\DAL;C:\Program Files\Intel\Intel(R) Management Engine Components\DAL;C:\Program Files (x86)\Intel\Intel(R) Management Engine Components\IPT;C:\Program Files\Intel\Intel(R) Management Engine Components\IPT;C:\Program Files\Intel\WiFi\bin\;C:\Program Files\Common Files\Intel\WirelessCommon\;C:\WINDOWS\System32\OpenSSH\;C:\MinGW\bin;C:\Program Files\Java\jdk1.8.0_251\bin;C:\Program Files\Git\cmd;C:\Program Files\MySQL\MySQL Server 8.0\bin;C:\ProgramData\chocolatey\bin;C:\Program Files\nodejs\;C:\Program Files\MySQL\MySQL Shell 8.0\bin\;C:\Python\Python36\Scripts\;C:\Python\Python36\;C:\Users\KimHanbi\AppData\Local\Microsoft\WindowsApps;C:\Users\KimHanbi\AppData\Local\Programs\Microsoft VS Code\bin;C:\Users\KimHanbi\AppData\Roaming\npm;C:\Program Files\Android\Android Studio\jre\bin;C:\Users\KimHanbi\AppData\Local\gitkraken\bin
USERNAME=KimHanbi
OS=Windows_NT
PROCESSOR_IDENTIFIER=Intel64 Family 6 Model 142 Stepping 10, GenuineIntel



---------------  S Y S T E M  ---------------

OS: Windows 10.0 , 64 bit Build 19041 (10.0.19041.928)

CPU:total 8 (initial active 8) (4 cores per cpu, 2 threads per core) family 6 model 142 stepping 10, cmov, cx8, fxsr, mmx, sse, sse2, sse3, ssse3, sse4.1, sse4.2, popcnt, avx, avx2, aes, clmul, erms, 3dnowpref, lzcnt, ht, tsc, tscinvbit, bmi1, bmi2, adx

Memory: 4k page, physical 8217940k(730588k free), swap 8217940k(4116k free)

vm_info: OpenJDK 64-Bit Server VM (25.242-b01) for windows-amd64 JRE (1.8.0_242-release-1644-b01), built by "builder" with MS VC++ 10.0 (VS2010)

time: Wed May 12 15:36:07 2021
timezone: 대한민국 표준시
elapsed time: 65 seconds (0d 0h 1m 5s)

