#
# There is insufficient memory for the Java Runtime Environment to continue.
# Native memory allocation (malloc) failed to allocate 696880 bytes for Chunk::new
# Possible reasons:
#   The system is out of physical RAM or swap space
#   The process is running with CompressedOops enabled, and the Java Heap may be blocking the growth of the native heap
# Possible solutions:
#   Reduce memory load on the system
#   Increase physical memory or swap space
#   Check if swap backing store is full
#   Decrease Java heap size (-Xmx/-Xms)
#   Decrease number of Java threads
#   Decrease Java thread stack sizes (-Xss)
#   Set larger code cache with -XX:ReservedCodeCacheSize=
#   JVM is running with Unscaled Compressed Oops mode in which the Java heap is
#     placed in the first 4GB address space. The Java Heap base address is the
#     maximum limit for the native heap growth. Please use -XX:HeapBaseMinAddress
#     to set the Java Heap base and to place the Java Heap above 4GB virtual address.
# This output file may be truncated or incomplete.
#
#  Out of Memory Error (allocation.cpp:389), pid=3988, tid=0x0000000000002578
#
# JRE version: OpenJDK Runtime Environment (8.0_242-b01) (build 1.8.0_242-release-1644-b01)
# Java VM: OpenJDK 64-Bit Server VM (25.242-b01 mixed mode windows-amd64 compressed oops)
# Failed to write core dump. Minidumps are not enabled by default on client versions of Windows
#

---------------  T H R E A D  ---------------

Current thread (0x0000000019d8a000):  JavaThread "C2 CompilerThread0" daemon [_thread_in_native, id=9592, stack(0x000000001a5e0000,0x000000001a6e0000)]

Stack: [0x000000001a5e0000,0x000000001a6e0000]
[error occurred during error reporting (printing stack bounds), id 0xc0000005]

Native frames: (J=compiled Java code, j=interpreted, Vv=VM code, C=native code)


Current CompileTask:
C2: 264172 23590       4       com.android.tools.r8.ir.regalloc.a::a (270 bytes)


---------------  P R O C E S S  ---------------

Java Threads: ( => current thread )
  0x000000001f04e800 JavaThread "WorkerExecutor Queue Thread 13" [_thread_blocked, id=4264, stack(0x0000000001050000,0x0000000001150000)]
  0x000000001ad73000 JavaThread "Cache worker for Java compile cache (C:\Users\KimHanbi\AndroidStudioProjects\UntactShop\.gradle\6.5\javaCompile)" [_thread_blocked, id=10344, stack(0x0000000026ea0000,0x0000000026fa0000)]
  0x000000001ad6b800 JavaThread "Cache worker for Java compile cache (C:\Users\KimHanbi\.gradle\caches\6.5\javaCompile)" [_thread_blocked, id=2636, stack(0x0000000025880000,0x0000000025980000)]
  0x000000001ad70000 JavaThread "WorkerExecutor Queue Thread 12" [_thread_blocked, id=11120, stack(0x0000000025780000,0x0000000025880000)]
  0x000000002bd34800 JavaThread "WorkerExecutor Queue Thread 11" [_thread_blocked, id=8316, stack(0x0000000025550000,0x0000000025650000)]
  0x000000002bd31000 JavaThread "WorkerExecutor Queue Thread 10" [_thread_blocked, id=12856, stack(0x0000000025150000,0x0000000025250000)]
  0x000000002bd34000 JavaThread "WorkerExecutor Queue Thread 9" [_thread_blocked, id=3020, stack(0x0000000024c20000,0x0000000024d20000)]
  0x000000002bd32800 JavaThread "stdout" [_thread_in_native, id=9784, stack(0x0000000027570000,0x0000000027670000)]
  0x000000002bd36000 JavaThread "stderr" [_thread_in_native, id=3024, stack(0x0000000027470000,0x0000000027570000)]
  0x000000002bd31800 JavaThread "stdout" [_thread_in_native, id=1148, stack(0x0000000027370000,0x0000000027470000)]
  0x000000002bd30000 JavaThread "stderr" [_thread_in_native, id=8388, stack(0x0000000027270000,0x0000000027370000)]
  0x000000001b3a3000 JavaThread "stdout" [_thread_in_native, id=12928, stack(0x0000000027000000,0x0000000027100000)]
  0x000000001cb11000 JavaThread "stderr" [_thread_in_native, id=9440, stack(0x0000000026b90000,0x0000000026c90000)]
  0x000000001cb14800 JavaThread "stdout" [_thread_in_native, id=10580, stack(0x0000000026da0000,0x0000000026ea0000)]
  0x000000001cb18000 JavaThread "stderr" [_thread_in_native, id=9148, stack(0x0000000026ca0000,0x0000000026da0000)]
  0x000000001cb16000 JavaThread "stdout" [_thread_in_native, id=4964, stack(0x0000000026a90000,0x0000000026b90000)]
  0x000000001cb17800 JavaThread "stderr" [_thread_in_native, id=7372, stack(0x0000000026990000,0x0000000026a90000)]
  0x000000001cb13800 JavaThread "stdout" [_thread_in_native, id=1820, stack(0x0000000026890000,0x0000000026990000)]
  0x000000001cb16800 JavaThread "stderr" [_thread_in_native, id=12328, stack(0x0000000026790000,0x0000000026890000)]
  0x000000001ad75800 JavaThread "stdout" [_thread_in_native, id=12316, stack(0x0000000026690000,0x0000000026790000)]
  0x000000001ad74800 JavaThread "stderr" [_thread_in_native, id=8384, stack(0x0000000026590000,0x0000000026690000)]
  0x000000001ad77800 JavaThread "stdout" [_thread_in_native, id=8528, stack(0x0000000026490000,0x0000000026590000)]
  0x000000001ad74000 JavaThread "stderr" [_thread_in_native, id=712, stack(0x0000000026390000,0x0000000026490000)]
  0x000000001ad77000 JavaThread "pool-3-thread-1" [_thread_blocked, id=13236, stack(0x0000000025fe0000,0x00000000260e0000)]
  0x000000001ad76000 JavaThread "MarlinRenderer Disposer" daemon [_thread_blocked, id=1756, stack(0x0000000025a80000,0x0000000025b80000)]
  0x000000001ad78800 JavaThread "Java2D Disposer" daemon [_thread_blocked, id=3716, stack(0x0000000025650000,0x0000000025750000)]
  0x000000002062d800 JavaThread "WorkerExecutor Queue" [_thread_blocked, id=9540, stack(0x00000000242a0000,0x00000000243a0000)]
  0x0000000020630800 JavaThread "Cache worker for execution history cache (C:\Users\KimHanbi\AndroidStudioProjects\UntactShop\.gradle\6.5\executionHistory)" [_thread_blocked, id=11776, stack(0x0000000024b20000,0x0000000024c20000)]
  0x000000002062c000 JavaThread "Execution worker for ':' Thread 7" [_thread_blocked, id=11744, stack(0x0000000024a20000,0x0000000024b20000)]
  0x000000002062e000 JavaThread "Execution worker for ':' Thread 6" [_thread_blocked, id=11804, stack(0x0000000024920000,0x0000000024a20000)]
  0x0000000020624800 JavaThread "Execution worker for ':' Thread 5" [_thread_blocked, id=10552, stack(0x0000000024820000,0x0000000024920000)]
  0x0000000020625000 JavaThread "Execution worker for ':' Thread 4" [_thread_blocked, id=12240, stack(0x0000000024720000,0x0000000024820000)]
  0x0000000020626000 JavaThread "Execution worker for ':' Thread 3" [_thread_blocked, id=11460, stack(0x0000000024620000,0x0000000024720000)]
  0x0000000020629800 JavaThread "Execution worker for ':' Thread 2" [_thread_blocked, id=6184, stack(0x0000000024520000,0x0000000024620000)]
  0x0000000020629000 JavaThread "Execution worker for ':'" [_thread_blocked, id=8568, stack(0x0000000024420000,0x0000000024520000)]
  0x0000000020626800 JavaThread "Cache worker for file content cache (C:\Users\KimHanbi\AndroidStudioProjects\UntactShop\.gradle\6.5\fileContent)" [_thread_blocked, id=8928, stack(0x0000000022b90000,0x0000000022c90000)]
  0x000000002062a800 JavaThread "Memory manager" [_thread_blocked, id=5740, stack(0x000000001e3a0000,0x000000001e4a0000)]
  0x0000000020632800 JavaThread "Cache worker for Build Output Cleanup Cache (C:\Users\KimHanbi\AndroidStudioProjects\UntactShop\.gradle\buildOutputCleanup)" [_thread_blocked, id=2568, stack(0x0000000028040000,0x0000000028140000)]
  0x000000001cb12000 JavaThread "Build operations Thread 8" [_thread_in_Java, id=5760, stack(0x0000000023a90000,0x0000000023b90000)]
  0x000000001cb12800 JavaThread "Build operations Thread 7" [_thread_in_Java, id=6148, stack(0x0000000023990000,0x0000000023a90000)]
  0x000000001cb15000 JavaThread "Build operations Thread 6" [_thread_in_native, id=4912, stack(0x0000000023890000,0x0000000023990000)]
  0x000000001cb09800 JavaThread "Build operations Thread 5" [_thread_in_Java, id=4304, stack(0x0000000023790000,0x0000000023890000)]
  0x000000001cb0c800 JavaThread "Build operations Thread 4" [_thread_in_Java, id=9604, stack(0x0000000023690000,0x0000000023790000)]
  0x000000001cb10800 JavaThread "Build operations Thread 3" [_thread_in_Java, id=3116, stack(0x0000000023590000,0x0000000023690000)]
  0x000000001cb09000 JavaThread "Build operations Thread 2" [_thread_in_Java, id=9556, stack(0x0000000023490000,0x0000000023590000)]
  0x000000001cb0f000 JavaThread "Build operations" [_thread_in_Java, id=7404, stack(0x0000000023390000,0x0000000023490000)]
  0x000000001b3a1000 JavaThread "Cache worker for file content cache (C:\Users\KimHanbi\.gradle\caches\6.5\fileContent)" [_thread_blocked, id=12472, stack(0x0000000022c90000,0x0000000022d90000)]
  0x000000001b39e000 JavaThread "Cache worker for execution history cache (C:\Users\KimHanbi\.gradle\caches\6.5\executionHistory)" [_thread_blocked, id=3676, stack(0x0000000022490000,0x0000000022590000)]
  0x000000001b3a4800 JavaThread "Cache worker for cache directory md-rule (C:\Users\KimHanbi\.gradle\caches\6.5\md-rule)" [_thread_blocked, id=5560, stack(0x0000000022390000,0x0000000022490000)]
  0x000000001b39f800 JavaThread "Cache worker for cache directory md-supplier (C:\Users\KimHanbi\.gradle\caches\6.5\md-supplier)" [_thread_blocked, id=12668, stack(0x0000000020f40000,0x0000000021040000)]
  0x000000001b3a2800 JavaThread "Cache worker for checksums cache (C:\Users\KimHanbi\AndroidStudioProjects\UntactShop\.gradle\checksums)" [_thread_blocked, id=1740, stack(0x0000000020e40000,0x0000000020f40000)]
  0x000000001b3a0000 JavaThread "Cache worker for file hash cache (C:\Users\KimHanbi\AndroidStudioProjects\UntactShop\.gradle\6.5\fileHashes)" [_thread_blocked, id=5060, stack(0x0000000022290000,0x0000000022390000)]
  0x000000001b3a4000 JavaThread "Cache worker for file hash cache (C:\Users\KimHanbi\.gradle\caches\6.5\fileHashes)" [_thread_blocked, id=11684, stack(0x000000001e9a0000,0x000000001eaa0000)]
  0x000000001b39e800 JavaThread "File lock request listener" [_thread_in_native, id=9104, stack(0x000000001e8a0000,0x000000001e9a0000)]
  0x000000001b3a7000 JavaThread "Cache worker for journal cache (C:\Users\KimHanbi\.gradle\caches\journal-1)" [_thread_blocked, id=1448, stack(0x000000001e7a0000,0x000000001e8a0000)]
  0x000000001b539800 JavaThread "Thread-9" [_thread_blocked, id=11824, stack(0x000000001e4a0000,0x000000001e5a0000)]
  0x000000001b538000 JavaThread "Asynchronous log dispatcher for DefaultDaemonConnection: socket connection from /127.0.0.1:1566 to /127.0.0.1:1567" [_thread_blocked, id=7496, stack(0x000000001e2a0000,0x000000001e3a0000)]
  0x000000001a046000 JavaThread "Daemon worker" [_thread_blocked, id=9396, stack(0x000000001e1a0000,0x000000001e2a0000)]
  0x000000001bb31800 JavaThread "Cancel handler" [_thread_blocked, id=1760, stack(0x000000001dfa0000,0x000000001e0a0000)]
  0x000000001b5da000 JavaThread "Handler for socket connection from /127.0.0.1:1566 to /127.0.0.1:1567" [_thread_in_native, id=12156, stack(0x000000001dea0000,0x000000001dfa0000)]
  0x0000000019e92000 JavaThread "Daemon" [_thread_blocked, id=12160, stack(0x000000001dda0000,0x000000001dea0000)]
  0x0000000019f44000 JavaThread "Daemon periodic checks" [_thread_blocked, id=13212, stack(0x000000001daa0000,0x000000001dba0000)]
  0x000000001bffe000 JavaThread "Incoming local TCP Connector on port 1566" [_thread_in_native, id=3312, stack(0x000000001d8c0000,0x000000001d9c0000)]
  0x000000001c7c8000 JavaThread "Daemon health stats" [_thread_blocked, id=9528, stack(0x000000001d5c0000,0x000000001d6c0000)]
  0x0000000019e38000 JavaThread "Service Thread" daemon [_thread_blocked, id=220, stack(0x000000001a9e0000,0x000000001aae0000)]
  0x0000000019df2000 JavaThread "C1 CompilerThread3" daemon [_thread_blocked, id=5028, stack(0x000000001a8e0000,0x000000001a9e0000)]
  0x0000000019dee000 JavaThread "C2 CompilerThread2" daemon [_thread_in_native, id=7348, stack(0x000000001a7e0000,0x000000001a8e0000)]
  0x0000000019d8c000 JavaThread "C2 CompilerThread1" daemon [_thread_in_native, id=12620, stack(0x000000001a6e0000,0x000000001a7e0000)]
=>0x0000000019d8a000 JavaThread "C2 CompilerThread0" daemon [_thread_in_native, id=9592, stack(0x000000001a5e0000,0x000000001a6e0000)]
  0x0000000019de3000 JavaThread "Attach Listener" daemon [_thread_blocked, id=9536, stack(0x000000001a4e0000,0x000000001a5e0000)]
  0x0000000019de2000 JavaThread "Signal Dispatcher" daemon [_thread_blocked, id=5044, stack(0x000000001a3e0000,0x000000001a4e0000)]
  0x0000000019d70800 JavaThread "Finalizer" daemon [_thread_blocked, id=7700, stack(0x000000001a250000,0x000000001a350000)]
  0x0000000002ef9000 JavaThread "Reference Handler" daemon [_thread_blocked, id=13120, stack(0x000000001a150000,0x000000001a250000)]
  0x0000000002e02800 JavaThread "main" [_thread_blocked, id=9140, stack(0x0000000002d00000,0x0000000002e00000)]

Other Threads:
  0x0000000017f66000 VMThread [stack: 0x0000000019c50000,0x0000000019d50000] [id=13124]
  0x0000000019e39000 WatcherThread [stack: 0x000000001aae0000,0x000000001abe0000] [id=6008]

VM state:not at safepoint (normal execution)

VM Mutex/Monitor currently owned by a thread: None

heap address: 0x0000000080000000, size: 2048 MB, Compressed Oops mode: 32-bit
Narrow klass base: 0x0000000000000000, Narrow klass shift: 3
Compressed class space size: 1073741824 Address: 0x0000000100000000

Heap:
 PSYoungGen      total 619008K, used 136732K [0x00000000d5580000, 0x0000000100000000, 0x0000000100000000)
  eden space 544768K, 23% used [0x00000000d5580000,0x00000000dd13dec0,0x00000000f6980000)
  from space 74240K, 13% used [0x00000000f6980000,0x00000000f7349158,0x00000000fb200000)
  to   space 74240K, 0% used [0x00000000fb780000,0x00000000fb780000,0x0000000100000000)
 ParOldGen       total 411136K, used 291210K [0x0000000080000000, 0x0000000099180000, 0x00000000d5580000)
  object space 411136K, 70% used [0x0000000080000000,0x0000000091c62bd8,0x0000000099180000)
 Metaspace       used 111117K, capacity 116574K, committed 118488K, reserved 1153024K
  class space    used 14231K, capacity 15276K, committed 15872K, reserved 1048576K

Card table byte_map: [0x00000000122c0000,0x00000000126d0000] byte_map_base: 0x0000000011ec0000

Marking Bits: (ParMarkBitMap*) 0x000000005b9af030
 Begin Bits: [0x0000000013180000, 0x0000000015180000)
 End Bits:   [0x0000000015180000, 0x0000000017180000)

Polling page: 0x0000000000c70000

CodeCache: size=245760Kb used=68832Kb max_used=68832Kb free=176927Kb
 bounds [0x0000000002f00000, 0x0000000007320000, 0x0000000011f00000]
 total_blobs=20673 nmethods=19600 adapters=982
 compilation: enabled

Compilation events (10 events):
Event: 263.372 Thread 0x0000000019df2000 25441       2       com.android.tools.r8.s.b.f1::a (54 bytes)
Event: 263.374 Thread 0x0000000019df2000 nmethod 25441 0x0000000006e56210 code [0x0000000006e563c0, 0x0000000006e566e8]
Event: 263.584 Thread 0x0000000019df2000 25442       2       com.sun.jmx.interceptor.DefaultMBeanServerInterceptor::nonDefaultDomain (43 bytes)
Event: 263.587 Thread 0x0000000019df2000 nmethod 25442 0x0000000004f6b590 code [0x0000000004f6b760, 0x0000000004f6bca8]
Event: 263.839 Thread 0x0000000019df2000 25443       2       com.android.tools.r8.code.J::<init> (5 bytes)
Event: 263.840 Thread 0x0000000019df2000 nmethod 25443 0x0000000006e55ed0 code [0x0000000006e56020, 0x0000000006e56170]
Event: 263.840 Thread 0x0000000019df2000 25444       2       com.android.tools.r8.code.e0::hashCode (22 bytes)
Event: 263.841 Thread 0x0000000019df2000 nmethod 25444 0x0000000006e55b10 code [0x0000000006e55c80, 0x0000000006e55e28]
Event: 263.939 Thread 0x0000000019df2000 25446       1       com.android.tools.r8.dex.P::b (5 bytes)
Event: 263.940 Thread 0x0000000019df2000 nmethod 25446 0x0000000006e557d0 code [0x0000000006e55920, 0x0000000006e55a10]

GC Heap History (10 events):
Event: 253.028 GC heap before
{Heap before GC invocations=52 (full 6):
 PSYoungGen      total 626176K, used 594005K [0x00000000d5580000, 0x0000000100000000, 0x0000000100000000)
  eden space 553472K, 100% used [0x00000000d5580000,0x00000000f7200000,0x00000000f7200000)
  from space 72704K, 55% used [0x00000000f7200000,0x00000000f9995740,0x00000000fb900000)
  to   space 71680K, 0% used [0x00000000fba00000,0x00000000fba00000,0x0000000100000000)
 ParOldGen       total 411136K, used 333430K [0x0000000080000000, 0x0000000099180000, 0x00000000d5580000)
  object space 411136K, 81% used [0x0000000080000000,0x000000009459db00,0x0000000099180000)
 Metaspace       used 111098K, capacity 116566K, committed 118488K, reserved 1153024K
  class space    used 14230K, capacity 15274K, committed 15872K, reserved 1048576K
Event: 253.335 GC heap after
Heap after GC invocations=52 (full 6):
 PSYoungGen      total 612864K, used 63066K [0x00000000d5580000, 0x0000000100000000, 0x0000000100000000)
  eden space 541184K, 0% used [0x00000000d5580000,0x00000000d5580000,0x00000000f6600000)
  from space 71680K, 87% used [0x00000000fba00000,0x00000000ff796998,0x0000000100000000)
  to   space 78848K, 0% used [0x00000000f6600000,0x00000000f6600000,0x00000000fb300000)
 ParOldGen       total 411136K, used 350562K [0x0000000080000000, 0x0000000099180000, 0x00000000d5580000)
  object space 411136K, 85% used [0x0000000080000000,0x0000000095658bb8,0x0000000099180000)
 Metaspace       used 111098K, capacity 116566K, committed 118488K, reserved 1153024K
  class space    used 14230K, capacity 15274K, committed 15872K, reserved 1048576K
}
Event: 256.412 GC heap before
{Heap before GC invocations=53 (full 6):
 PSYoungGen      total 612864K, used 604250K [0x00000000d5580000, 0x0000000100000000, 0x0000000100000000)
  eden space 541184K, 100% used [0x00000000d5580000,0x00000000f6600000,0x00000000f6600000)
  from space 71680K, 87% used [0x00000000fba00000,0x00000000ff796998,0x0000000100000000)
  to   space 78848K, 0% used [0x00000000f6600000,0x00000000f6600000,0x00000000fb300000)
 ParOldGen       total 411136K, used 350562K [0x0000000080000000, 0x0000000099180000, 0x00000000d5580000)
  object space 411136K, 85% used [0x0000000080000000,0x0000000095658bb8,0x0000000099180000)
 Metaspace       used 111102K, capacity 116566K, committed 118488K, reserved 1153024K
  class space    used 14230K, capacity 15274K, committed 15872K, reserved 1048576K
Event: 256.597 GC heap after
Heap after GC invocations=53 (full 6):
 PSYoungGen      total 620032K, used 33234K [0x00000000d5580000, 0x0000000100000000, 0x0000000100000000)
  eden space 541184K, 0% used [0x00000000d5580000,0x00000000d5580000,0x00000000f6600000)
  from space 78848K, 42% used [0x00000000f6600000,0x00000000f8674878,0x00000000fb300000)
  to   space 75264K, 0% used [0x00000000fb680000,0x00000000fb680000,0x0000000100000000)
 ParOldGen       total 411136K, used 393318K [0x0000000080000000, 0x0000000099180000, 0x00000000d5580000)
  object space 411136K, 95% used [0x0000000080000000,0x0000000098019990,0x0000000099180000)
 Metaspace       used 111102K, capacity 116566K, committed 118488K, reserved 1153024K
  class space    used 14230K, capacity 15274K, committed 15872K, reserved 1048576K
}
Event: 256.597 GC heap before
{Heap before GC invocations=54 (full 7):
 PSYoungGen      total 620032K, used 33234K [0x00000000d5580000, 0x0000000100000000, 0x0000000100000000)
  eden space 541184K, 0% used [0x00000000d5580000,0x00000000d5580000,0x00000000f6600000)
  from space 78848K, 42% used [0x00000000f6600000,0x00000000f8674878,0x00000000fb300000)
  to   space 75264K, 0% used [0x00000000fb680000,0x00000000fb680000,0x0000000100000000)
 ParOldGen       total 411136K, used 393318K [0x0000000080000000, 0x0000000099180000, 0x00000000d5580000)
  object space 411136K, 95% used [0x0000000080000000,0x0000000098019990,0x0000000099180000)
 Metaspace       used 111102K, capacity 116566K, committed 118488K, reserved 1153024K
  class space    used 14230K, capacity 15274K, committed 15872K, reserved 1048576K
Event: 259.218 GC heap after
Heap after GC invocations=54 (full 7):
 PSYoungGen      total 620032K, used 0K [0x00000000d5580000, 0x0000000100000000, 0x0000000100000000)
  eden space 541184K, 0% used [0x00000000d5580000,0x00000000d5580000,0x00000000f6600000)
  from space 78848K, 0% used [0x00000000f6600000,0x00000000f6600000,0x00000000fb300000)
  to   space 75264K, 0% used [0x00000000fb680000,0x00000000fb680000,0x0000000100000000)
 ParOldGen       total 411136K, used 276503K [0x0000000080000000, 0x0000000099180000, 0x00000000d5580000)
  object space 411136K, 67% used [0x0000000080000000,0x0000000090e05df0,0x0000000099180000)
 Metaspace       used 111102K, capacity 116566K, committed 118488K, reserved 1153024K
  class space    used 14230K, capacity 15274K, committed 15872K, reserved 1048576K
}
Event: 261.770 GC heap before
{Heap before GC invocations=55 (full 7):
 PSYoungGen      total 620032K, used 541184K [0x00000000d5580000, 0x0000000100000000, 0x0000000100000000)
  eden space 541184K, 100% used [0x00000000d5580000,0x00000000f6600000,0x00000000f6600000)
  from space 78848K, 0% used [0x00000000f6600000,0x00000000f6600000,0x00000000fb300000)
  to   space 75264K, 0% used [0x00000000fb680000,0x00000000fb680000,0x0000000100000000)
 ParOldGen       total 411136K, used 276503K [0x0000000080000000, 0x0000000099180000, 0x00000000d5580000)
  object space 411136K, 67% used [0x0000000080000000,0x0000000090e05df0,0x0000000099180000)
 Metaspace       used 111111K, capacity 116574K, committed 118488K, reserved 1153024K
  class space    used 14231K, capacity 15276K, committed 15872K, reserved 1048576K
Event: 261.832 GC heap after
Heap after GC invocations=55 (full 7):
 PSYoungGen      total 614400K, used 17309K [0x00000000d5580000, 0x00000000ffa80000, 0x0000000100000000)
  eden space 544768K, 0% used [0x00000000d5580000,0x00000000d5580000,0x00000000f6980000)
  from space 69632K, 24% used [0x00000000fb680000,0x00000000fc767608,0x00000000ffa80000)
  to   space 74240K, 0% used [0x00000000f6980000,0x00000000f6980000,0x00000000fb200000)
 ParOldGen       total 411136K, used 276511K [0x0000000080000000, 0x0000000099180000, 0x00000000d5580000)
  object space 411136K, 67% used [0x0000000080000000,0x0000000090e07df0,0x0000000099180000)
 Metaspace       used 111111K, capacity 116574K, committed 118488K, reserved 1153024K
  class space    used 14231K, capacity 15276K, committed 15872K, reserved 1048576K
}
Event: 263.710 GC heap before
{Heap before GC invocations=56 (full 7):
 PSYoungGen      total 614400K, used 562077K [0x00000000d5580000, 0x00000000ffa80000, 0x0000000100000000)
  eden space 544768K, 100% used [0x00000000d5580000,0x00000000f6980000,0x00000000f6980000)
  from space 69632K, 24% used [0x00000000fb680000,0x00000000fc767608,0x00000000ffa80000)
  to   space 74240K, 0% used [0x00000000f6980000,0x00000000f6980000,0x00000000fb200000)
 ParOldGen       total 411136K, used 276511K [0x0000000080000000, 0x0000000099180000, 0x00000000d5580000)
  object space 411136K, 67% used [0x0000000080000000,0x0000000090e07df0,0x0000000099180000)
 Metaspace       used 111115K, capacity 116574K, committed 118488K, reserved 1153024K
  class space    used 14231K, capacity 15276K, committed 15872K, reserved 1048576K
Event: 263.809 GC heap after
Heap after GC invocations=56 (full 7):
 PSYoungGen      total 619008K, used 10020K [0x00000000d5580000, 0x0000000100000000, 0x0000000100000000)
  eden space 544768K, 0% used [0x00000000d5580000,0x00000000d5580000,0x00000000f6980000)
  from space 74240K, 13% used [0x00000000f6980000,0x00000000f7349158,0x00000000fb200000)
  to   space 74240K, 0% used [0x00000000fb780000,0x00000000fb780000,0x0000000100000000)
 ParOldGen       total 411136K, used 291210K [0x0000000080000000, 0x0000000099180000, 0x00000000d5580000)
  object space 411136K, 70% used [0x0000000080000000,0x0000000091c62bd8,0x0000000099180000)
 Metaspace       used 111115K, capacity 116574K, committed 118488K, reserved 1153024K
  class space    used 14231K, capacity 15276K, committed 15872K, reserved 1048576K
}

Deoptimization events (10 events):
Event: 244.587 Thread 0x000000001cb12000 Uncommon trap: reason=unstable_if action=reinterpret pc=0x000000000660dca4 method=java.util.Arrays.equals([Ljava/lang/Object;[Ljava/lang/Object;)Z @ 52
Event: 244.587 Thread 0x000000001cb12000 Uncommon trap: reason=null_check action=make_not_entrant pc=0x0000000006193ecc method=com.android.tools.r8.graph.i0.computeEquals(Ljava/lang/Object;)Z @ 1
Event: 244.995 Thread 0x000000001cb09800 Uncommon trap: reason=speculate_class_check action=maybe_recompile pc=0x0000000007104bbc method=com.android.tools.r8.ir.conversion.N.b(ILcom/android/tools/r8/graph/s;)V @ 78
Event: 244.996 Thread 0x000000001cb09800 Uncommon trap: reason=speculate_class_check action=maybe_recompile pc=0x0000000007104bbc method=com.android.tools.r8.ir.conversion.N.b(ILcom/android/tools/r8/graph/s;)V @ 78
Event: 246.141 Thread 0x000000001cb15000 Uncommon trap: reason=unstable_if action=reinterpret pc=0x00000000071042c4 method=com.android.tools.r8.ir.conversion.o.a(Lcom/android/tools/r8/ir/conversion/N;IIZ)V @ 245
Event: 253.434 Thread 0x000000001cb09800 Uncommon trap: reason=unstable_if action=reinterpret pc=0x00000000031da338 method=java.util.WeakHashMap.expungeStaleEntries()V @ 53
Event: 254.539 Thread 0x000000001cb09800 Uncommon trap: reason=class_check action=maybe_recompile pc=0x0000000006ede538 method=com.android.tools.r8.ir.optimize.l.k(Lcom/android/tools/r8/s/b/X;)Z @ 377
Event: 255.443 Thread 0x000000001cb10800 Uncommon trap: reason=unstable_if action=reinterpret pc=0x00000000066747b8 method=com.android.tools.r8.t.a.a.a.f.X$e.contains(Ljava/lang/Object;)Z @ 84
Event: 260.180 Thread 0x000000001cb09800 Uncommon trap: reason=unstable_if action=reinterpret pc=0x000000000727f634 method=com.android.tools.r8.ir.regalloc.a.a(Lcom/android/tools/r8/s/b/X;Lcom/android/tools/r8/q/a/a/b/X;Ljava/util/List;Lcom/android/tools/r8/ir/regalloc/e;Ljava/util/Map;)V @ 612
Event: 262.737 Thread 0x000000001cb10800 Uncommon trap: reason=unstable_if action=reinterpret pc=0x0000000006b50720 method=com.android.tools.r8.ir.conversion.o.a(ILcom/android/tools/r8/graph/Z;)Lcom/android/tools/r8/ir/conversion/n; @ 325

Classes redefined (0 events):
No events

Internal exceptions (10 events):
Event: 252.318 Thread 0x000000001cb15000 Exception <a 'sun/nio/fs/WindowsException'> (0x00000000f0be9828) thrown at [C:\src\AOSP-openjdk-git\hotspot\src\share\vm\prims\jni.cpp, line 710]
Event: 252.523 Thread 0x000000001cb12000 Exception <a 'sun/nio/fs/WindowsException'> (0x00000000f29415b0) thrown at [C:\src\AOSP-openjdk-git\hotspot\src\share\vm\prims\jni.cpp, line 710]
Event: 252.552 Thread 0x000000001cb0c800 Exception <a 'sun/nio/fs/WindowsException'> (0x00000000f2aa0d68) thrown at [C:\src\AOSP-openjdk-git\hotspot\src\share\vm\prims\jni.cpp, line 710]
Event: 253.486 Thread 0x000000001cb09800 Exception <a 'sun/nio/fs/WindowsException'> (0x00000000d69c4340) thrown at [C:\src\AOSP-openjdk-git\hotspot\src\share\vm\prims\jni.cpp, line 710]
Event: 253.520 Thread 0x000000001cb10800 Exception <a 'sun/nio/fs/WindowsException'> (0x00000000d62f9ba0) thrown at [C:\src\AOSP-openjdk-git\hotspot\src\share\vm\prims\jni.cpp, line 710]
Event: 254.414 Thread 0x000000001cb0c800 Exception <a 'sun/nio/fs/WindowsException'> (0x00000000dd38e318) thrown at [C:\src\AOSP-openjdk-git\hotspot\src\share\vm\prims\jni.cpp, line 710]
Event: 256.216 Thread 0x000000001cb10800 Exception <a 'sun/nio/fs/WindowsException'> (0x00000000eeccb478) thrown at [C:\src\AOSP-openjdk-git\hotspot\src\share\vm\prims\jni.cpp, line 710]
Event: 260.590 Thread 0x000000001cb10800 Exception <a 'sun/nio/fs/WindowsException'> (0x00000000e495b9b0) thrown at [C:\src\AOSP-openjdk-git\hotspot\src\share\vm\prims\jni.cpp, line 710]
Event: 262.993 Thread 0x000000001cb15000 Exception <a 'sun/nio/fs/WindowsException'> (0x00000000e92ddee8) thrown at [C:\src\AOSP-openjdk-git\hotspot\src\share\vm\prims\jni.cpp, line 710]
Event: 263.873 Thread 0x000000001cb15000 Exception <a 'sun/nio/fs/WindowsException'> (0x00000000d70514d8) thrown at [C:\src\AOSP-openjdk-git\hotspot\src\share\vm\prims\jni.cpp, line 710]

Events (10 events):
Event: 263.892 Thread 0x000000001cb0f000 DEOPT PACKING pc=0x00000000072ab3a4 sp=0x0000000023489d60
Event: 263.892 Thread 0x000000001cb0f000 DEOPT UNPACKING pc=0x0000000002f475d0 sp=0x0000000023489da0 mode 0
Event: 263.908 Thread 0x000000001cb09000 DEOPT PACKING pc=0x000000000668d99a sp=0x0000000023589a70
Event: 263.908 Thread 0x000000001cb09000 DEOPT UNPACKING pc=0x0000000002f475d0 sp=0x0000000023589ac8 mode 0
Event: 263.921 Thread 0x000000001cb0f000 DEOPT PACKING pc=0x00000000072ab300 sp=0x0000000023489d60
Event: 263.921 Thread 0x000000001cb0f000 DEOPT UNPACKING pc=0x0000000002f475d0 sp=0x0000000023489d98 mode 0
Event: 263.944 Thread 0x000000001cb0f000 DEOPT PACKING pc=0x00000000072ab02b sp=0x0000000023489d60
Event: 263.944 Thread 0x000000001cb0f000 DEOPT UNPACKING pc=0x0000000002f475d0 sp=0x0000000023489d98 mode 0
Event: 263.952 Thread 0x000000001cb15000 DEOPT PACKING pc=0x00000000059c9fd8 sp=0x000000002398a640
Event: 263.952 Thread 0x000000001cb15000 DEOPT UNPACKING pc=0x0000000002f475d0 sp=0x000000002398a4a8 mode 0


Dynamic libraries:
0x00007ff6ae220000 - 0x00007ff6ae251000 	C:\Program Files\Android\Android Studio\jre\bin\java.exe
0x00007ff965f90000 - 0x00007ff966185000 	C:\WINDOWS\SYSTEM32\ntdll.dll
0x00007ff964ca0000 - 0x00007ff964d5d000 	C:\WINDOWS\System32\KERNEL32.DLL
0x00007ff963d20000 - 0x00007ff963fe9000 	C:\WINDOWS\System32\KERNELBASE.dll
0x00007ff965d30000 - 0x00007ff965ddc000 	C:\WINDOWS\System32\ADVAPI32.dll
0x00007ff964890000 - 0x00007ff96492e000 	C:\WINDOWS\System32\msvcrt.dll
0x00007ff965de0000 - 0x00007ff965e7c000 	C:\WINDOWS\System32\sechost.dll
0x00007ff964ae0000 - 0x00007ff964c0b000 	C:\WINDOWS\System32\RPCRT4.dll
0x00007ff964fd0000 - 0x00007ff965170000 	C:\WINDOWS\System32\USER32.dll
0x00007ff9637e0000 - 0x00007ff963802000 	C:\WINDOWS\System32\win32u.dll
0x00007ff964e10000 - 0x00007ff964e3a000 	C:\WINDOWS\System32\GDI32.dll
0x00007ff9636d0000 - 0x00007ff9637db000 	C:\WINDOWS\System32\gdi32full.dll
0x00007ff963b70000 - 0x00007ff963c0d000 	C:\WINDOWS\System32\msvcp_win.dll
0x00007ff963910000 - 0x00007ff963a10000 	C:\WINDOWS\System32\ucrtbase.dll
0x00007ff944fd0000 - 0x00007ff94526a000 	C:\WINDOWS\WinSxS\amd64_microsoft.windows.common-controls_6595b64144ccf1df_6.0.19041.844_none_ca00b6081b84eb1d\COMCTL32.dll
0x00007ff965d00000 - 0x00007ff965d30000 	C:\WINDOWS\System32\IMM32.DLL
0x000000005b100000 - 0x000000005b1d2000 	C:\Program Files\Android\Android Studio\jre\jre\bin\msvcr100.dll
0x000000005b1e0000 - 0x000000005ba2b000 	C:\Program Files\Android\Android Studio\jre\jre\bin\server\jvm.dll
0x00007ff964c90000 - 0x00007ff964c98000 	C:\WINDOWS\System32\PSAPI.DLL
0x00007ff955160000 - 0x00007ff955187000 	C:\WINDOWS\SYSTEM32\WINMM.dll
0x00007ff95b240000 - 0x00007ff95b24a000 	C:\WINDOWS\SYSTEM32\VERSION.dll
0x00007ff94ab50000 - 0x00007ff94ab59000 	C:\WINDOWS\SYSTEM32\WSOCK32.dll
0x00007ff9651d0000 - 0x00007ff96523b000 	C:\WINDOWS\System32\WS2_32.dll
0x00007ff93e560000 - 0x00007ff93e56f000 	C:\Program Files\Android\Android Studio\jre\jre\bin\verify.dll
0x00007ff929e50000 - 0x00007ff929e79000 	C:\Program Files\Android\Android Studio\jre\jre\bin\java.dll
0x00007ff92f500000 - 0x00007ff92f516000 	C:\Program Files\Android\Android Studio\jre\jre\bin\zip.dll
0x00007ff964140000 - 0x00007ff964882000 	C:\WINDOWS\System32\SHELL32.dll
0x00007ff961150000 - 0x00007ff9618e0000 	C:\WINDOWS\SYSTEM32\windows.storage.dll
0x00007ff9659a0000 - 0x00007ff965cf5000 	C:\WINDOWS\System32\combase.dll
0x00007ff963070000 - 0x00007ff96309c000 	C:\WINDOWS\SYSTEM32\Wldp.dll
0x00007ff9658f0000 - 0x00007ff96599e000 	C:\WINDOWS\System32\SHCORE.dll
0x00007ff963ff0000 - 0x00007ff964045000 	C:\WINDOWS\System32\shlwapi.dll
0x00007ff963610000 - 0x00007ff96362f000 	C:\WINDOWS\SYSTEM32\profapi.dll
0x00007ff929e30000 - 0x00007ff929e4a000 	C:\Program Files\Android\Android Studio\jre\jre\bin\net.dll
0x00007ff962df0000 - 0x00007ff962e5a000 	C:\WINDOWS\system32\mswsock.dll
0x00007ff95d220000 - 0x00007ff95d233000 	C:\Program Files\Android\Android Studio\jre\jre\bin\nio.dll
0x00007ff92dee0000 - 0x00007ff92df07000 	C:\Users\KimHanbi\.gradle\native\f6784746aeab05261644944871eae4fe03e0ef1612fff0a4a95f87b438bc6780\windows-amd64\native-platform.dll
0x00007ff95d210000 - 0x00007ff95d21d000 	C:\Program Files\Android\Android Studio\jre\jre\bin\management.dll
0x00007ff962fc0000 - 0x00007ff962fd8000 	C:\WINDOWS\SYSTEM32\CRYPTSP.dll
0x00007ff962790000 - 0x00007ff9627c4000 	C:\WINDOWS\system32\rsaenh.dll
0x00007ff963890000 - 0x00007ff9638b7000 	C:\WINDOWS\System32\bcrypt.dll
0x00007ff9635d0000 - 0x00007ff9635fe000 	C:\WINDOWS\SYSTEM32\USERENV.dll
0x00007ff963810000 - 0x00007ff963890000 	C:\WINDOWS\System32\bcryptprimitives.dll
0x00007ff962fe0000 - 0x00007ff962fec000 	C:\WINDOWS\SYSTEM32\CRYPTBASE.dll
0x00007ff962ae0000 - 0x00007ff962b1b000 	C:\WINDOWS\SYSTEM32\IPHLPAPI.DLL
0x00007ff964130000 - 0x00007ff964138000 	C:\WINDOWS\System32\NSI.dll
0x00007ff95d090000 - 0x00007ff95d0a7000 	C:\WINDOWS\SYSTEM32\dhcpcsvc6.DLL
0x00007ff95ce00000 - 0x00007ff95ce1d000 	C:\WINDOWS\SYSTEM32\dhcpcsvc.DLL
0x00007ff962b20000 - 0x00007ff962beb000 	C:\WINDOWS\SYSTEM32\DNSAPI.dll
0x00007ff95e470000 - 0x00007ff95e47b000 	C:\WINDOWS\SYSTEM32\WINNSI.DLL
0x00007ff95aa80000 - 0x00007ff95aaa4000 	C:\Program Files\Android\Android Studio\jre\jre\bin\sunec.dll
0x00007ff9510e0000 - 0x00007ff9510eb000 	C:\Program Files\Android\Android Studio\jre\jre\bin\sunmscapi.dll
0x00007ff963a10000 - 0x00007ff963b6f000 	C:\WINDOWS\System32\CRYPT32.dll
0x00007ff95c280000 - 0x00007ff95c28a000 	C:\Windows\System32\rasadhlp.dll
0x00007ff95b540000 - 0x00007ff95b5bf000 	C:\WINDOWS\System32\fwpuclnt.dll
0x00007ff962400000 - 0x00007ff962433000 	C:\WINDOWS\SYSTEM32\ntmarta.dll
0x00007ff95cb50000 - 0x00007ff95ccec000 	C:\Program Files\Android\Android Studio\jre\jre\bin\awt.dll
0x00007ff965e80000 - 0x00007ff965f4d000 	C:\WINDOWS\System32\OLEAUT32.dll
0x00007ff95ed50000 - 0x00007ff95f310000 	C:\WINDOWS\SYSTEM32\d2d1.dll
0x00007ff960970000 - 0x00007ff96099f000 	C:\WINDOWS\SYSTEM32\dwmapi.dll
0x00007ff95fe40000 - 0x00007ff95fed0000 	C:\WINDOWS\SYSTEM32\apphelp.dll
0x00007ff960780000 - 0x00007ff96081e000 	C:\WINDOWS\system32\uxtheme.dll

VM Arguments:
jvm_args: -Xmx2048m -Dfile.encoding=UTF-8 -Duser.country=KR -Duser.language=ko -Duser.variant 
java_command: org.gradle.launcher.daemon.bootstrap.GradleDaemon 6.5
java_class_path (initial): C:\Users\KimHanbi\.gradle\wrapper\dists\gradle-6.5-all\2oz4ud9k3tuxjg84bbf55q0tn\gradle-6.5\lib\gradle-launcher-6.5.jar
Launcher Type: SUN_STANDARD

Environment Variables:
JAVA_HOME=C:\Program Files\Java\jdk1.8.0_251
CLASSPATH=%classpath%;;;
PATH=C:\Program Files\Java\jdk1.8.0_251\bin;C:\Program Files (x86)\Common Files\Oracle\Java\javapath;C:\Program Files (x86)\Intel\iCLS Client\;C:\Program Files\Intel\iCLS Client\;C:\WINDOWS\system32;C:\WINDOWS;C:\WINDOWS\System32\Wbem;C:\WINDOWS\System32\WindowsPowerShell\v1.0\;C:\Program Files (x86)\Intel\Intel(R) Management Engine Components\DAL;C:\Program Files\Intel\Intel(R) Management Engine Components\DAL;C:\Program Files (x86)\Intel\Intel(R) Management Engine Components\IPT;C:\Program Files\Intel\Intel(R) Management Engine Components\IPT;C:\Program Files\Intel\WiFi\bin\;C:\Program Files\Common Files\Intel\WirelessCommon\;C:\WINDOWS\System32\OpenSSH\;C:\MinGW\bin;C:\Program Files\Java\jdk1.8.0_251\bin;C:\Program Files\Git\cmd;C:\Program Files\MySQL\MySQL Server 8.0\bin;C:\ProgramData\chocolatey\bin;C:\Program Files\nodejs\;C:\Program Files\MySQL\MySQL Shell 8.0\bin\;C:\Python\Python36\Scripts\;C:\Python\Python36\;C:\Users\KimHanbi\AppData\Local\Microsoft\WindowsApps;C:\Users\KimHanbi\AppData\Local\Programs\Microsoft VS Code\bin;C:\Users\KimHanbi\AppData\Roaming\npm;C:\Program Files\Android\Android Studio\jre\bin;C:\Users\KimHanbi\AppData\Local\gitkraken\bin
USERNAME=KimHanbi
OS=Windows_NT
PROCESSOR_IDENTIFIER=Intel64 Family 6 Model 142 Stepping 10, GenuineIntel



---------------  S Y S T E M  ---------------

OS: Windows 10.0 , 64 bit Build 19041 (10.0.19041.804)

CPU:total 8 (initial active 8) (4 cores per cpu, 2 threads per core) family 6 model 142 stepping 10, cmov, cx8, fxsr, mmx, sse, sse2, sse3, ssse3, sse4.1, sse4.2, popcnt, avx, avx2, aes, clmul, erms, 3dnowpref, lzcnt, ht, tsc, tscinvbit, bmi1, bmi2, adx

Memory: 4k page, physical 8217940k(855020k free), swap 8217940k(5156k free)

vm_info: OpenJDK 64-Bit Server VM (25.242-b01) for windows-amd64 JRE (1.8.0_242-release-1644-b01), built by "builder" with MS VC++ 10.0 (VS2010)

time: Tue Apr 13 23:15:49 2021
timezone: 대한민국 표준시
elapsed time: 264 seconds (0d 0h 4m 24s)

