#
# There is insufficient memory for the Java Runtime Environment to continue.
# Native memory allocation (malloc) failed to allocate 1150256 bytes for Chunk::new
# Possible reasons:
#   The system is out of physical RAM or swap space
#   The process is running with CompressedOops enabled, and the Java Heap may be blocking the growth of the native heap
# Possible solutions:
#   Reduce memory load on the system
#   Increase physical memory or swap space
#   Check if swap backing store is full
#   Decrease Java heap size (-Xmx/-Xms)
#   Decrease number of Java threads
#   Decrease Java thread stack sizes (-Xss)
#   Set larger code cache with -XX:ReservedCodeCacheSize=
#   JVM is running with Unscaled Compressed Oops mode in which the Java heap is
#     placed in the first 4GB address space. The Java Heap base address is the
#     maximum limit for the native heap growth. Please use -XX:HeapBaseMinAddress
#     to set the Java Heap base and to place the Java Heap above 4GB virtual address.
# This output file may be truncated or incomplete.
#
#  Out of Memory Error (allocation.cpp:389), pid=14332, tid=0x0000000000000db8
#
# JRE version: OpenJDK Runtime Environment (8.0_242-b01) (build 1.8.0_242-release-1644-b01)
# Java VM: OpenJDK 64-Bit Server VM (25.242-b01 mixed mode windows-amd64 compressed oops)
# Failed to write core dump. Minidumps are not enabled by default on client versions of Windows
#

---------------  T H R E A D  ---------------

Current thread (0x000000001a0b8800):  JavaThread "C2 CompilerThread0" daemon [_thread_in_native, id=3512, stack(0x000000001a910000,0x000000001aa10000)]

Stack: [0x000000001a910000,0x000000001aa10000]
[error occurred during error reporting (printing stack bounds), id 0xc0000005]

Native frames: (J=compiled Java code, j=interpreted, Vv=VM code, C=native code)


Current CompileTask:
C2:  90590 12121       4       org.gradle.cache.internal.btree.FreeListBlockStore::write (16 bytes)


---------------  P R O C E S S  ---------------

Java Threads: ( => current thread )
  0x000000001feb8800 JavaThread "WorkerExecutor Queue Thread 9" [_thread_blocked, id=7676, stack(0x0000000030240000,0x0000000030340000)]
  0x000000001febc000 JavaThread "stdout" [_thread_in_native, id=10840, stack(0x00000000309a0000,0x0000000030aa0000)]
  0x000000001febb800 JavaThread "stderr" [_thread_in_native, id=4028, stack(0x00000000308a0000,0x00000000309a0000)]
  0x000000001feb9000 JavaThread "stdout" [_thread_in_native, id=3932, stack(0x00000000307a0000,0x00000000308a0000)]
  0x000000001feb7800 JavaThread "stderr" [_thread_in_native, id=1136, stack(0x00000000306a0000,0x00000000307a0000)]
  0x000000001febd000 JavaThread "stdout" [_thread_in_native, id=8284, stack(0x00000000305a0000,0x00000000306a0000)]
  0x000000001febd800 JavaThread "stderr" [_thread_in_native, id=5840, stack(0x00000000304a0000,0x00000000305a0000)]
  0x000000001febe800 JavaThread "stdout" [_thread_in_native, id=9384, stack(0x00000000303a0000,0x00000000304a0000)]
  0x000000001feba800 JavaThread "stderr" [_thread_in_native, id=2336, stack(0x000000002f900000,0x000000002fa00000)]
  0x000000001feba000 JavaThread "stdout" [_thread_in_native, id=6104, stack(0x0000000030140000,0x0000000030240000)]
  0x0000000021c16800 JavaThread "stderr" [_thread_in_native, id=7804, stack(0x0000000030040000,0x0000000030140000)]
  0x000000001f383800 JavaThread "stdout" [_thread_in_native, id=2100, stack(0x000000002ff40000,0x0000000030040000)]
  0x000000001f382800 JavaThread "stderr" [_thread_in_native, id=3172, stack(0x000000002fe40000,0x000000002ff40000)]
  0x000000001f382000 JavaThread "stdout" [_thread_in_native, id=7620, stack(0x000000002fd40000,0x000000002fe40000)]
  0x000000001f381000 JavaThread "stderr" [_thread_in_native, id=9136, stack(0x000000002fc40000,0x000000002fd40000)]
  0x000000001f37f800 JavaThread "stdout" [_thread_in_native, id=1528, stack(0x000000002fb40000,0x000000002fc40000)]
  0x000000001f377000 JavaThread "stderr" [_thread_in_native, id=9580, stack(0x000000002fa40000,0x000000002fb40000)]
  0x000000001f375800 JavaThread "pool-2-thread-1" [_thread_blocked, id=7948, stack(0x000000002f800000,0x000000002f900000)]
  0x000000001f37f000 JavaThread "WorkerExecutor Queue Thread 8" [_thread_blocked, id=3812, stack(0x000000002f700000,0x000000002f800000)]
  0x000000001f37e000 JavaThread "MarlinRenderer Disposer" daemon [_thread_blocked, id=10980, stack(0x000000002f600000,0x000000002f700000)]
  0x000000001f376800 JavaThread "Java2D Disposer" daemon [_thread_blocked, id=7416, stack(0x000000002f300000,0x000000002f400000)]
  0x000000001f37d800 JavaThread "WorkerExecutor Queue Thread 7" [_thread_blocked, id=11272, stack(0x000000002f200000,0x000000002f300000)]
  0x000000001f37c800 JavaThread "WorkerExecutor Queue Thread 6" [_thread_blocked, id=13296, stack(0x000000002f100000,0x000000002f200000)]
  0x000000001f37b800 JavaThread "WorkerExecutor Queue Thread 5" [_thread_blocked, id=11132, stack(0x000000002f000000,0x000000002f100000)]
  0x000000001f37b000 JavaThread "WorkerExecutor Queue Thread 4" [_thread_blocked, id=6888, stack(0x000000002ef00000,0x000000002f000000)]
  0x000000001f37a000 JavaThread "WorkerExecutor Queue Thread 2" [_thread_blocked, id=2200, stack(0x0000000001040000,0x0000000001140000)]
  0x0000000021c1c800 JavaThread "WorkerExecutor Queue" [_thread_blocked, id=6600, stack(0x000000002eb00000,0x000000002ec00000)]
  0x0000000021c1c000 JavaThread "Cache worker for execution history cache (C:\Users\KimHanbi\AndroidStudioProjects\UntactShop\.gradle\6.5\executionHistory)" [_thread_blocked, id=11856, stack(0x000000002e800000,0x000000002e900000)]
  0x0000000021c1b000 JavaThread "Execution worker for ':' Thread 7" [_thread_blocked, id=9100, stack(0x000000002e700000,0x000000002e800000)]
  0x0000000021c1a800 JavaThread "Execution worker for ':' Thread 6" [_thread_blocked, id=9284, stack(0x000000002e600000,0x000000002e700000)]
  0x0000000021c21000 JavaThread "Execution worker for ':' Thread 5" [_thread_blocked, id=13232, stack(0x000000002e500000,0x000000002e600000)]
  0x0000000021c1e000 JavaThread "Execution worker for ':' Thread 4" [_thread_blocked, id=7828, stack(0x000000002e400000,0x000000002e500000)]
  0x0000000021c1f000 JavaThread "Execution worker for ':' Thread 3" [_thread_blocked, id=1348, stack(0x000000002e300000,0x000000002e400000)]
  0x0000000021c1f800 JavaThread "Execution worker for ':' Thread 2" [_thread_blocked, id=14164, stack(0x000000002e200000,0x000000002e300000)]
  0x0000000021c20800 JavaThread "Execution worker for ':'" [_thread_blocked, id=11824, stack(0x000000002de20000,0x000000002df20000)]
  0x0000000021c13000 JavaThread "Cache worker for file content cache (C:\Users\KimHanbi\AndroidStudioProjects\UntactShop\.gradle\6.5\fileContent)" [_thread_blocked, id=6608, stack(0x000000002ba90000,0x000000002bb90000)]
  0x0000000021c19800 JavaThread "Memory manager" [_thread_blocked, id=11896, stack(0x000000002b6d0000,0x000000002b7d0000)]
  0x0000000021c15000 JavaThread "Cache worker for Build Output Cleanup Cache (C:\Users\KimHanbi\AndroidStudioProjects\UntactShop\.gradle\buildOutputCleanup)" [_thread_in_native, id=1304, stack(0x000000002a740000,0x000000002a840000)]
  0x0000000021c13800 JavaThread "jar transforms Thread 99" [_thread_blocked, id=3332, stack(0x000000002a140000,0x000000002a240000)]
  0x000000001be43800 JavaThread "Build operations Thread 8" [_thread_blocked, id=13500, stack(0x0000000024240000,0x0000000024340000)]
  0x000000001be42800 JavaThread "Build operations Thread 7" [_thread_blocked, id=2892, stack(0x0000000024140000,0x0000000024240000)]
  0x000000001be49800 JavaThread "Build operations Thread 6" [_thread_blocked, id=5024, stack(0x0000000024040000,0x0000000024140000)]
  0x000000001be3c800 JavaThread "Build operations Thread 5" [_thread_blocked, id=8380, stack(0x0000000023f40000,0x0000000024040000)]
  0x000000001be42000 JavaThread "Build operations Thread 4" [_thread_in_native, id=10792, stack(0x0000000023e40000,0x0000000023f40000)]
  0x000000001be40800 JavaThread "Build operations Thread 3" [_thread_blocked, id=3552, stack(0x0000000023d40000,0x0000000023e40000)]
  0x000000001be3f800 JavaThread "Build operations Thread 2" [_thread_blocked, id=12404, stack(0x0000000023c40000,0x0000000023d40000)]
  0x000000001be41000 JavaThread "Build operations" [_thread_blocked, id=264, stack(0x0000000023b40000,0x0000000023c40000)]
  0x000000001b64f800 JavaThread "Cache worker for file content cache (C:\Users\KimHanbi\.gradle\caches\6.5\fileContent)" [_thread_blocked, id=12516, stack(0x0000000023080000,0x0000000023180000)]
  0x000000001b64e000 JavaThread "Cache worker for execution history cache (C:\Users\KimHanbi\.gradle\caches\6.5\executionHistory)" [_thread_blocked, id=3668, stack(0x0000000022880000,0x0000000022980000)]
  0x000000001b650800 JavaThread "Cache worker for cache directory md-rule (C:\Users\KimHanbi\.gradle\caches\6.5\md-rule)" [_thread_blocked, id=13932, stack(0x00000000224a0000,0x00000000225a0000)]
  0x000000001b64f000 JavaThread "Cache worker for cache directory md-supplier (C:\Users\KimHanbi\.gradle\caches\6.5\md-supplier)" [_thread_blocked, id=13332, stack(0x0000000021350000,0x0000000021450000)]
  0x000000001b653800 JavaThread "Cache worker for checksums cache (C:\Users\KimHanbi\AndroidStudioProjects\UntactShop\.gradle\checksums)" [_thread_blocked, id=2472, stack(0x0000000021250000,0x0000000021350000)]
  0x000000001b655000 JavaThread "Cache worker for file hash cache (C:\Users\KimHanbi\AndroidStudioProjects\UntactShop\.gradle\6.5\fileHashes)" [_thread_blocked, id=9436, stack(0x000000001ff60000,0x0000000020060000)]
  0x000000001b654000 JavaThread "Cache worker for file hash cache (C:\Users\KimHanbi\.gradle\caches\6.5\fileHashes)" [_thread_blocked, id=10052, stack(0x000000001ec90000,0x000000001ed90000)]
  0x000000001b652800 JavaThread "File lock request listener" [_thread_in_native, id=12692, stack(0x000000001eb90000,0x000000001ec90000)]
  0x000000001b543000 JavaThread "Cache worker for journal cache (C:\Users\KimHanbi\.gradle\caches\journal-1)" [_thread_blocked, id=12156, stack(0x000000001ea90000,0x000000001eb90000)]
  0x000000001b548000 JavaThread "Thread-9" [_thread_blocked, id=2032, stack(0x000000001e790000,0x000000001e890000)]
  0x000000001b6fc800 JavaThread "Asynchronous log dispatcher for DefaultDaemonConnection: socket connection from /127.0.0.1:8977 to /127.0.0.1:8978" [_thread_blocked, id=9164, stack(0x000000001e590000,0x000000001e690000)]
  0x000000001b6fb800 JavaThread "Daemon worker" [_thread_blocked, id=1784, stack(0x000000001e490000,0x000000001e590000)]
  0x000000001b70e000 JavaThread "Cancel handler" [_thread_blocked, id=6448, stack(0x000000001e290000,0x000000001e390000)]
  0x000000001b6db000 JavaThread "Handler for socket connection from /127.0.0.1:8977 to /127.0.0.1:8978" [_thread_in_native, id=7632, stack(0x000000001e190000,0x000000001e290000)]
  0x000000001b6c2000 JavaThread "Daemon" [_thread_blocked, id=4168, stack(0x000000001e090000,0x000000001e190000)]
  0x000000001b6b7800 JavaThread "Daemon periodic checks" [_thread_blocked, id=720, stack(0x000000001dd90000,0x000000001de90000)]
  0x000000001c1c8800 JavaThread "Incoming local TCP Connector on port 8977" [_thread_in_native, id=9328, stack(0x000000001dbb0000,0x000000001dcb0000)]
  0x000000001c9bf000 JavaThread "Daemon health stats" [_thread_blocked, id=13868, stack(0x000000001d8b0000,0x000000001d9b0000)]
  0x000000001a1aa800 JavaThread "Service Thread" daemon [_thread_blocked, id=10300, stack(0x000000001ad10000,0x000000001ae10000)]
  0x000000001a11f800 JavaThread "C1 CompilerThread3" daemon [_thread_blocked, id=3672, stack(0x000000001ac10000,0x000000001ad10000)]
  0x000000001a0bb000 JavaThread "C2 CompilerThread2" daemon [_thread_in_native, id=9588, stack(0x000000001ab10000,0x000000001ac10000)]
  0x000000001a0ba000 JavaThread "C2 CompilerThread1" daemon [_thread_in_native, id=11000, stack(0x000000001aa10000,0x000000001ab10000)]
=>0x000000001a0b8800 JavaThread "C2 CompilerThread0" daemon [_thread_in_native, id=3512, stack(0x000000001a910000,0x000000001aa10000)]
  0x000000001a113000 JavaThread "Attach Listener" daemon [_thread_blocked, id=13760, stack(0x000000001a810000,0x000000001a910000)]
  0x000000001a112000 JavaThread "Signal Dispatcher" daemon [_thread_blocked, id=8944, stack(0x000000001a710000,0x000000001a810000)]
  0x000000001a0a0800 JavaThread "Finalizer" daemon [_thread_blocked, id=8372, stack(0x000000001a580000,0x000000001a680000)]
  0x0000000003209000 JavaThread "Reference Handler" daemon [_thread_blocked, id=2656, stack(0x000000001a480000,0x000000001a580000)]
  0x0000000003112800 JavaThread "main" [_thread_blocked, id=5804, stack(0x0000000003010000,0x0000000003110000)]

Other Threads:
  0x0000000018276000 VMThread [stack: 0x0000000019f80000,0x000000001a080000] [id=5932]
  0x000000001a1ab000 WatcherThread [stack: 0x000000001ae10000,0x000000001af10000] [id=9472]

VM state:not at safepoint (normal execution)

VM Mutex/Monitor currently owned by a thread: None

heap address: 0x0000000080000000, size: 2048 MB, Compressed Oops mode: 32-bit
Narrow klass base: 0x0000000000000000, Narrow klass shift: 3
Compressed class space size: 1073741824 Address: 0x0000000100000000

Heap:
 PSYoungGen      total 345600K, used 123410K [0x00000000d5580000, 0x00000000ef780000, 0x0000000100000000)
  eden space 312832K, 33% used [0x00000000d5580000,0x00000000dbab3ae0,0x00000000e8700000)
  from space 32768K, 60% used [0x00000000e8700000,0x00000000e9a50e98,0x00000000ea700000)
  to   space 32768K, 0% used [0x00000000ed780000,0x00000000ed780000,0x00000000ef780000)
 ParOldGen       total 120320K, used 82642K [0x0000000080000000, 0x0000000087580000, 0x00000000d5580000)
  object space 120320K, 68% used [0x0000000080000000,0x00000000850b48e8,0x0000000087580000)
 Metaspace       used 78543K, capacity 82252K, committed 82520K, reserved 1120256K
  class space    used 10432K, capacity 11104K, committed 11136K, reserved 1048576K

Card table byte_map: [0x00000000125d0000,0x00000000129e0000] byte_map_base: 0x00000000121d0000

Marking Bits: (ParMarkBitMap*) 0x00000000743ff030
 Begin Bits: [0x0000000013490000, 0x0000000015490000)
 End Bits:   [0x0000000015490000, 0x0000000017490000)

Polling page: 0x0000000002be0000

CodeCache: size=245760Kb used=35056Kb max_used=35056Kb free=210703Kb
 bounds [0x0000000003210000, 0x0000000005480000, 0x0000000012210000]
 total_blobs=11154 nmethods=10184 adapters=882
 compilation: enabled

Compilation events (10 events):
Event: 90.558 Thread 0x000000001a11f800 12222       3       org.gradle.api.internal.artifacts.transform.DefaultTransformerInvocationFactory$TransformerExecution::visitImplementations (16 bytes)
Event: 90.559 Thread 0x000000001a11f800 nmethod 12222 0x0000000003e73a90 code [0x0000000003e73c20, 0x0000000003e74098]
Event: 90.563 Thread 0x000000001a11f800 12223       3       java.nio.channels.Channels$1::close (10 bytes)
Event: 90.564 Thread 0x000000001a11f800 nmethod 12223 0x0000000005460bd0 code [0x0000000005460d40, 0x0000000005460f68]
Event: 90.565 Thread 0x000000001a11f800 12224       1       java.util.concurrent.ThreadPoolExecutor::beforeExecute (1 bytes)
Event: 90.566 Thread 0x000000001a11f800 nmethod 12224 0x0000000005440990 code [0x0000000005440ae0, 0x0000000005440bf0]
Event: 90.566 Thread 0x000000001a11f800 12225       1       java.util.concurrent.ThreadPoolExecutor::afterExecute (1 bytes)
Event: 90.566 Thread 0x000000001a11f800 nmethod 12225 0x0000000004fd7050 code [0x0000000004fd71a0, 0x0000000004fd72b0]
Event: 90.569 Thread 0x000000001a11f800 12226       3       org.gradle.api.internal.artifacts.transform.DefaultTransformerInvocationFactory$TransformerExecution::visitInputProperties (21 bytes)
Event: 90.571 Thread 0x000000001a11f800 nmethod 12226 0x0000000003e733d0 code [0x0000000003e73560, 0x0000000003e738c8]

GC Heap History (10 events):
Event: 74.920 GC heap before
{Heap before GC invocations=18 (full 3):
 PSYoungGen      total 257536K, used 257525K [0x00000000d5580000, 0x00000000e8600000, 0x0000000100000000)
  eden space 237056K, 100% used [0x00000000d5580000,0x00000000e3d00000,0x00000000e3d00000)
  from space 20480K, 99% used [0x00000000e5d00000,0x00000000e70fd618,0x00000000e7100000)
  to   space 32768K, 0% used [0x00000000e3d00000,0x00000000e3d00000,0x00000000e5d00000)
 ParOldGen       total 120320K, used 62325K [0x0000000080000000, 0x0000000087580000, 0x00000000d5580000)
  object space 120320K, 51% used [0x0000000080000000,0x0000000083cdd540,0x0000000087580000)
 Metaspace       used 75627K, capacity 79278K, committed 79448K, reserved 1118208K
  class space    used 10160K, capacity 10849K, committed 10880K, reserved 1048576K
Event: 75.027 GC heap after
Heap after GC invocations=18 (full 3):
 PSYoungGen      total 269824K, used 17740K [0x00000000d5580000, 0x00000000ea200000, 0x0000000100000000)
  eden space 237056K, 0% used [0x00000000d5580000,0x00000000d5580000,0x00000000e3d00000)
  from space 32768K, 54% used [0x00000000e3d00000,0x00000000e4e533c0,0x00000000e5d00000)
  to   space 32256K, 0% used [0x00000000e8280000,0x00000000e8280000,0x00000000ea200000)
 ParOldGen       total 120320K, used 82265K [0x0000000080000000, 0x0000000087580000, 0x00000000d5580000)
  object space 120320K, 68% used [0x0000000080000000,0x0000000085056770,0x0000000087580000)
 Metaspace       used 75627K, capacity 79278K, committed 79448K, reserved 1118208K
  class space    used 10160K, capacity 10849K, committed 10880K, reserved 1048576K
}
Event: 80.838 GC heap before
{Heap before GC invocations=19 (full 3):
 PSYoungGen      total 269824K, used 254796K [0x00000000d5580000, 0x00000000ea200000, 0x0000000100000000)
  eden space 237056K, 100% used [0x00000000d5580000,0x00000000e3d00000,0x00000000e3d00000)
  from space 32768K, 54% used [0x00000000e3d00000,0x00000000e4e533c0,0x00000000e5d00000)
  to   space 32256K, 0% used [0x00000000e8280000,0x00000000e8280000,0x00000000ea200000)
 ParOldGen       total 120320K, used 82542K [0x0000000080000000, 0x0000000087580000, 0x00000000d5580000)
  object space 120320K, 68% used [0x0000000080000000,0x000000008509bb10,0x0000000087580000)
 Metaspace       used 78284K, capacity 81902K, committed 82008K, reserved 1120256K
  class space    used 10420K, capacity 11099K, committed 11136K, reserved 1048576K
Event: 80.883 GC heap after
Heap after GC invocations=19 (full 3):
 PSYoungGen      total 300032K, used 17672K [0x00000000d5580000, 0x00000000e9d80000, 0x0000000100000000)
  eden space 272384K, 0% used [0x00000000d5580000,0x00000000d5580000,0x00000000e5f80000)
  from space 27648K, 63% used [0x00000000e8280000,0x00000000e93c2008,0x00000000e9d80000)
  to   space 31744K, 0% used [0x00000000e5f80000,0x00000000e5f80000,0x00000000e7e80000)
 ParOldGen       total 120320K, used 82558K [0x0000000080000000, 0x0000000087580000, 0x00000000d5580000)
  object space 120320K, 68% used [0x0000000080000000,0x000000008509fb10,0x0000000087580000)
 Metaspace       used 78284K, capacity 81902K, committed 82008K, reserved 1120256K
  class space    used 10420K, capacity 11099K, committed 11136K, reserved 1048576K
}
Event: 81.927 GC heap before
{Heap before GC invocations=20 (full 3):
 PSYoungGen      total 300032K, used 290056K [0x00000000d5580000, 0x00000000e9d80000, 0x0000000100000000)
  eden space 272384K, 100% used [0x00000000d5580000,0x00000000e5f80000,0x00000000e5f80000)
  from space 27648K, 63% used [0x00000000e8280000,0x00000000e93c2008,0x00000000e9d80000)
  to   space 31744K, 0% used [0x00000000e5f80000,0x00000000e5f80000,0x00000000e7e80000)
 ParOldGen       total 120320K, used 82562K [0x0000000080000000, 0x0000000087580000, 0x00000000d5580000)
  object space 120320K, 68% used [0x0000000080000000,0x00000000850a08d8,0x0000000087580000)
 Metaspace       used 78393K, capacity 82104K, committed 82264K, reserved 1120256K
  class space    used 10421K, capacity 11100K, committed 11136K, reserved 1048576K
Event: 81.990 GC heap after
Heap after GC invocations=20 (full 3):
 PSYoungGen      total 304128K, used 18702K [0x00000000d5580000, 0x00000000ec600000, 0x0000000100000000)
  eden space 272384K, 0% used [0x00000000d5580000,0x00000000d5580000,0x00000000e5f80000)
  from space 31744K, 58% used [0x00000000e5f80000,0x00000000e71c3808,0x00000000e7e80000)
  to   space 31744K, 0% used [0x00000000ea700000,0x00000000ea700000,0x00000000ec600000)
 ParOldGen       total 120320K, used 82570K [0x0000000080000000, 0x0000000087580000, 0x00000000d5580000)
  object space 120320K, 68% used [0x0000000080000000,0x00000000850a28d8,0x0000000087580000)
 Metaspace       used 78393K, capacity 82104K, committed 82264K, reserved 1120256K
  class space    used 10421K, capacity 11100K, committed 11136K, reserved 1048576K
}
Event: 83.246 GC heap before
{Heap before GC invocations=21 (full 3):
 PSYoungGen      total 304128K, used 291086K [0x00000000d5580000, 0x00000000ec600000, 0x0000000100000000)
  eden space 272384K, 100% used [0x00000000d5580000,0x00000000e5f80000,0x00000000e5f80000)
  from space 31744K, 58% used [0x00000000e5f80000,0x00000000e71c3808,0x00000000e7e80000)
  to   space 31744K, 0% used [0x00000000ea700000,0x00000000ea700000,0x00000000ec600000)
 ParOldGen       total 120320K, used 82570K [0x0000000080000000, 0x0000000087580000, 0x00000000d5580000)
  object space 120320K, 68% used [0x0000000080000000,0x00000000850a28d8,0x0000000087580000)
 Metaspace       used 78426K, capacity 82104K, committed 82264K, reserved 1120256K
  class space    used 10421K, capacity 11100K, committed 11136K, reserved 1048576K
Event: 83.309 GC heap after
Heap after GC invocations=21 (full 3):
 PSYoungGen      total 344576K, used 21778K [0x00000000d5580000, 0x00000000ece00000, 0x0000000100000000)
  eden space 312832K, 0% used [0x00000000d5580000,0x00000000d5580000,0x00000000e8700000)
  from space 31744K, 68% used [0x00000000ea700000,0x00000000ebc44ad0,0x00000000ec600000)
  to   space 32768K, 0% used [0x00000000e8700000,0x00000000e8700000,0x00000000ea700000)
 ParOldGen       total 120320K, used 82570K [0x0000000080000000, 0x0000000087580000, 0x00000000d5580000)
  object space 120320K, 68% used [0x0000000080000000,0x00000000850a28d8,0x0000000087580000)
 Metaspace       used 78426K, capacity 82104K, committed 82264K, reserved 1120256K
  class space    used 10421K, capacity 11100K, committed 11136K, reserved 1048576K
}
Event: 87.157 GC heap before
{Heap before GC invocations=22 (full 3):
 PSYoungGen      total 344576K, used 334610K [0x00000000d5580000, 0x00000000ece00000, 0x0000000100000000)
  eden space 312832K, 100% used [0x00000000d5580000,0x00000000e8700000,0x00000000e8700000)
  from space 31744K, 68% used [0x00000000ea700000,0x00000000ebc44ad0,0x00000000ec600000)
  to   space 32768K, 0% used [0x00000000e8700000,0x00000000e8700000,0x00000000ea700000)
 ParOldGen       total 120320K, used 82570K [0x0000000080000000, 0x0000000087580000, 0x00000000d5580000)
  object space 120320K, 68% used [0x0000000080000000,0x00000000850a28d8,0x0000000087580000)
 Metaspace       used 78429K, capacity 82104K, committed 82264K, reserved 1120256K
  class space    used 10421K, capacity 11100K, committed 11136K, reserved 1048576K
Event: 87.206 GC heap after
Heap after GC invocations=22 (full 3):
 PSYoungGen      total 345600K, used 19779K [0x00000000d5580000, 0x00000000ef780000, 0x0000000100000000)
  eden space 312832K, 0% used [0x00000000d5580000,0x00000000d5580000,0x00000000e8700000)
  from space 32768K, 60% used [0x00000000e8700000,0x00000000e9a50e98,0x00000000ea700000)
  to   space 32768K, 0% used [0x00000000ed780000,0x00000000ed780000,0x00000000ef780000)
 ParOldGen       total 120320K, used 82642K [0x0000000080000000, 0x0000000087580000, 0x00000000d5580000)
  object space 120320K, 68% used [0x0000000080000000,0x00000000850b48e8,0x0000000087580000)
 Metaspace       used 78429K, capacity 82104K, committed 82264K, reserved 1120256K
  class space    used 10421K, capacity 11100K, committed 11136K, reserved 1048576K
}

Deoptimization events (10 events):
Event: 81.558 Thread 0x000000001be43800 Uncommon trap: reason=unstable_if action=reinterpret pc=0x00000000051fac64 method=org.objectweb.asm.signature.SignatureReader.parseType(Ljava/lang/String;ILorg/objectweb/asm/signature/SignatureVisitor;)I @ 290
Event: 82.433 Thread 0x000000001be42000 Uncommon trap: reason=unstable_if action=reinterpret pc=0x00000000049be1f8 method=com.sun.org.apache.xerces.internal.impl.XMLDocumentFragmentScannerImpl$FragmentContentDriver.next()I @ 971
Event: 82.465 Thread 0x000000001be42000 Uncommon trap: reason=null_check action=make_not_entrant pc=0x00000000052b08ec method=com.android.tools.build.jetifier.processor.transform.bytecode.asm.CustomRemapper.mapValue(Ljava/lang/Object;)Ljava/lang/Object; @ 10
Event: 82.720 Thread 0x000000001be40800 Uncommon trap: reason=unstable_if action=reinterpret pc=0x0000000005282694 method=org.objectweb.asm.ClassReader.readMethod(Lorg/objectweb/asm/ClassVisitor;Lorg/objectweb/asm/Context;I)I @ 396
Event: 83.091 Thread 0x000000001be42000 Uncommon trap: reason=null_check action=make_not_entrant pc=0x00000000052e2468 method=com.android.tools.build.jetifier.processor.transform.bytecode.asm.CustomRemapper.mapValue(Ljava/lang/Object;)Ljava/lang/Object; @ 10
Event: 86.295 Thread 0x000000001be40800 Uncommon trap: reason=unstable_if action=reinterpret pc=0x0000000005384870 method=org.objectweb.asm.MethodWriter.computeMethodInfoSize()I @ 544
Event: 86.814 Thread 0x000000001be40800 Uncommon trap: reason=unstable_if action=reinterpret pc=0x00000000053aa4e4 method=org.objectweb.asm.ClassWriter.toByteArray()[B @ 271
Event: 89.441 Thread 0x0000000021c1e000 Uncommon trap: reason=class_check action=maybe_recompile pc=0x0000000004ca3ba8 method=java.io.Writer.append(Ljava/lang/CharSequence;)Ljava/io/Writer; @ 20
Event: 90.038 Thread 0x000000001be43800 Uncommon trap: reason=null_check action=make_not_entrant pc=0x0000000005445a70 method=org.gradle.tooling.internal.provider.runner.SubtreeFilteringBuildOperationListener.started(Lorg/gradle/internal/operations/BuildOperationDescriptor;Lorg/gradle/internal/
Event: 90.077 Thread 0x000000001be42800 Uncommon trap: reason=null_check action=make_not_entrant pc=0x0000000005444498 method=org.gradle.tooling.internal.provider.runner.SubtreeFilteringBuildOperationListener.finished(Lorg/gradle/internal/operations/BuildOperationDescriptor;Lorg/gradle/internal

Classes redefined (0 events):
No events

Internal exceptions (10 events):
Event: 82.334 Thread 0x000000001be49800 Exception <a 'sun/nio/fs/WindowsException'> (0x00000000dc8d0470) thrown at [C:\src\AOSP-openjdk-git\hotspot\src\share\vm\prims\jni.cpp, line 710]
Event: 82.385 Thread 0x0000000021c1b000 Exception <a 'sun/nio/fs/WindowsException'> (0x00000000dcd840f0) thrown at [C:\src\AOSP-openjdk-git\hotspot\src\share\vm\prims\jni.cpp, line 710]
Event: 82.485 Thread 0x000000001be49800 Exception <a 'sun/nio/fs/WindowsException'> (0x00000000de3794d8) thrown at [C:\src\AOSP-openjdk-git\hotspot\src\share\vm\prims\jni.cpp, line 710]
Event: 82.649 Thread 0x000000001be41000 Exception <a 'sun/nio/fs/WindowsException'> (0x00000000e03f07e8) thrown at [C:\src\AOSP-openjdk-git\hotspot\src\share\vm\prims\jni.cpp, line 710]
Event: 83.337 Thread 0x000000001be42000 Exception <a 'sun/nio/fs/WindowsException'> (0x00000000d5b3d758) thrown at [C:\src\AOSP-openjdk-git\hotspot\src\share\vm\prims\jni.cpp, line 710]
Event: 83.698 Thread 0x000000001be42000 Exception <a 'sun/nio/fs/WindowsException'> (0x00000000d7d3cf78) thrown at [C:\src\AOSP-openjdk-git\hotspot\src\share\vm\prims\jni.cpp, line 710]
Event: 87.898 Thread 0x000000001be40800 Exception <a 'sun/nio/fs/WindowsException'> (0x00000000d89ee030) thrown at [C:\src\AOSP-openjdk-git\hotspot\src\share\vm\prims\jni.cpp, line 710]
Event: 88.982 Thread 0x000000001be40800 Exception <a 'sun/nio/fs/WindowsException'> (0x00000000d9b96998) thrown at [C:\src\AOSP-openjdk-git\hotspot\src\share\vm\prims\jni.cpp, line 710]
Event: 90.038 Thread 0x000000001be43800 Implicit null exception at 0x0000000005445268 to 0x0000000005445a49
Event: 90.077 Thread 0x000000001be42800 Implicit null exception at 0x0000000005443fe3 to 0x000000000544448d

Events (10 events):
Event: 90.449 Thread 0x000000001a11f800 flushing nmethod 0x0000000004dae610
Event: 90.452 Thread 0x000000001a11f800 flushing nmethod 0x0000000004eb2b10
Event: 90.453 Thread 0x000000001a11f800 flushing nmethod 0x0000000004f0c750
Event: 90.454 Thread 0x000000001a11f800 flushing nmethod 0x0000000004fd2910
Event: 90.454 Thread 0x000000001a11f800 flushing nmethod 0x0000000004fd7050
Event: 90.454 Thread 0x000000001a11f800 flushing nmethod 0x0000000004fd7a90
Event: 90.454 Thread 0x000000001a11f800 flushing nmethod 0x0000000004fd8750
Event: 90.454 Thread 0x000000001a11f800 flushing nmethod 0x0000000004fdb850
Event: 90.454 Thread 0x000000001a11f800 flushing nmethod 0x0000000004fdf350
Event: 90.454 Thread 0x000000001a11f800 flushing nmethod 0x0000000004fee410


Dynamic libraries:
0x00007ff639970000 - 0x00007ff6399a1000 	C:\Program Files\Android\Android Studio\jre\bin\java.exe
0x00007ffec1690000 - 0x00007ffec1885000 	C:\WINDOWS\SYSTEM32\ntdll.dll
0x00007ffec0700000 - 0x00007ffec07bd000 	C:\WINDOWS\System32\KERNEL32.DLL
0x00007ffebf3c0000 - 0x00007ffebf689000 	C:\WINDOWS\System32\KERNELBASE.dll
0x00007ffebfda0000 - 0x00007ffebfe4c000 	C:\WINDOWS\System32\ADVAPI32.dll
0x00007ffebfa70000 - 0x00007ffebfb0e000 	C:\WINDOWS\System32\msvcrt.dll
0x00007ffebfc80000 - 0x00007ffebfd1c000 	C:\WINDOWS\System32\sechost.dll
0x00007ffec0560000 - 0x00007ffec068b000 	C:\WINDOWS\System32\RPCRT4.dll
0x00007ffebf8d0000 - 0x00007ffebfa70000 	C:\WINDOWS\System32\USER32.dll
0x00007ffebef50000 - 0x00007ffebef72000 	C:\WINDOWS\System32\win32u.dll
0x00007ffec1550000 - 0x00007ffec157a000 	C:\WINDOWS\System32\GDI32.dll
0x00007ffebef80000 - 0x00007ffebf08b000 	C:\WINDOWS\System32\gdi32full.dll
0x00007ffebf190000 - 0x00007ffebf22d000 	C:\WINDOWS\System32\msvcp_win.dll
0x00007ffebedd0000 - 0x00007ffebeed0000 	C:\WINDOWS\System32\ucrtbase.dll
0x00007ffea0220000 - 0x00007ffea04ba000 	C:\WINDOWS\WinSxS\amd64_microsoft.windows.common-controls_6595b64144ccf1df_6.0.19041.844_none_ca00b6081b84eb1d\COMCTL32.dll
0x00007ffec0160000 - 0x00007ffec0190000 	C:\WINDOWS\System32\IMM32.DLL
0x0000000074770000 - 0x0000000074842000 	C:\Program Files\Android\Android Studio\jre\jre\bin\msvcr100.dll
0x0000000073c30000 - 0x000000007447b000 	C:\Program Files\Android\Android Studio\jre\jre\bin\server\jvm.dll
0x00007ffebffc0000 - 0x00007ffebffc8000 	C:\WINDOWS\System32\PSAPI.DLL
0x00007ffea8710000 - 0x00007ffea8719000 	C:\WINDOWS\SYSTEM32\WSOCK32.dll
0x00007ffeb0810000 - 0x00007ffeb0837000 	C:\WINDOWS\SYSTEM32\WINMM.dll
0x00007ffebffd0000 - 0x00007ffec003b000 	C:\WINDOWS\System32\WS2_32.dll
0x00007ffeb7320000 - 0x00007ffeb732a000 	C:\WINDOWS\SYSTEM32\VERSION.dll
0x00007ffeb97f0000 - 0x00007ffeb97ff000 	C:\Program Files\Android\Android Studio\jre\jre\bin\verify.dll
0x00007ffea1ef0000 - 0x00007ffea1f19000 	C:\Program Files\Android\Android Studio\jre\jre\bin\java.dll
0x00007ffeb02a0000 - 0x00007ffeb02b6000 	C:\Program Files\Android\Android Studio\jre\jre\bin\zip.dll
0x00007ffec07c0000 - 0x00007ffec0f02000 	C:\WINDOWS\System32\SHELL32.dll
0x00007ffebc850000 - 0x00007ffebcfe0000 	C:\WINDOWS\SYSTEM32\windows.storage.dll
0x00007ffec01a0000 - 0x00007ffec04f5000 	C:\WINDOWS\System32\combase.dll
0x00007ffebe770000 - 0x00007ffebe79c000 	C:\WINDOWS\SYSTEM32\Wldp.dll
0x00007ffebf820000 - 0x00007ffebf8ce000 	C:\WINDOWS\System32\SHCORE.dll
0x00007ffec0500000 - 0x00007ffec0555000 	C:\WINDOWS\System32\shlwapi.dll
0x00007ffebed10000 - 0x00007ffebed2f000 	C:\WINDOWS\SYSTEM32\profapi.dll
0x00007ffeafd40000 - 0x00007ffeafd5a000 	C:\Program Files\Android\Android Studio\jre\jre\bin\net.dll
0x00007ffebe4f0000 - 0x00007ffebe55a000 	C:\WINDOWS\system32\mswsock.dll
0x00007ffe9bc50000 - 0x00007ffe9bc63000 	C:\Program Files\Android\Android Studio\jre\jre\bin\nio.dll
0x00007ffe98a50000 - 0x00007ffe98a77000 	C:\Users\KimHanbi\.gradle\native\f6784746aeab05261644944871eae4fe03e0ef1612fff0a4a95f87b438bc6780\windows-amd64\native-platform.dll
0x00007ffeac2a0000 - 0x00007ffeac2ad000 	C:\Program Files\Android\Android Studio\jre\jre\bin\management.dll
0x00007ffebe6c0000 - 0x00007ffebe6d8000 	C:\WINDOWS\SYSTEM32\CRYPTSP.dll
0x00007ffebde90000 - 0x00007ffebdec4000 	C:\WINDOWS\system32\rsaenh.dll
0x00007ffebf230000 - 0x00007ffebf257000 	C:\WINDOWS\System32\bcrypt.dll
0x00007ffebec90000 - 0x00007ffebecbe000 	C:\WINDOWS\SYSTEM32\USERENV.dll
0x00007ffebeed0000 - 0x00007ffebef50000 	C:\WINDOWS\System32\bcryptprimitives.dll
0x00007ffebe6e0000 - 0x00007ffebe6ec000 	C:\WINDOWS\SYSTEM32\CRYPTBASE.dll
0x00007ffebe1e0000 - 0x00007ffebe21b000 	C:\WINDOWS\SYSTEM32\IPHLPAPI.DLL
0x00007ffec0190000 - 0x00007ffec0198000 	C:\WINDOWS\System32\NSI.dll
0x00007ffeb8c10000 - 0x00007ffeb8c27000 	C:\WINDOWS\SYSTEM32\dhcpcsvc6.DLL
0x00007ffeb8bf0000 - 0x00007ffeb8c0d000 	C:\WINDOWS\SYSTEM32\dhcpcsvc.DLL
0x00007ffebe220000 - 0x00007ffebe2eb000 	C:\WINDOWS\SYSTEM32\DNSAPI.dll
0x00007ffeb9aa0000 - 0x00007ffeb9aab000 	C:\WINDOWS\SYSTEM32\WINNSI.DLL
0x00007ffe7e150000 - 0x00007ffe7e2ec000 	C:\Program Files\Android\Android Studio\jre\jre\bin\awt.dll
0x00007ffec1580000 - 0x00007ffec164d000 	C:\WINDOWS\System32\OLEAUT32.dll
0x00007ffebc070000 - 0x00007ffebc09f000 	C:\WINDOWS\SYSTEM32\dwmapi.dll
0x00007ffeba380000 - 0x00007ffeba940000 	C:\WINDOWS\SYSTEM32\d2d1.dll
0x00007ffebb440000 - 0x00007ffebb4d0000 	C:\WINDOWS\SYSTEM32\apphelp.dll
0x00007ffebbe60000 - 0x00007ffebbefe000 	C:\WINDOWS\system32\uxtheme.dll
0x00007ffebdb00000 - 0x00007ffebdb33000 	C:\WINDOWS\SYSTEM32\ntmarta.dll
0x00007ffe9b6b0000 - 0x00007ffe9b6d4000 	C:\Program Files\Android\Android Studio\jre\jre\bin\sunec.dll
0x00007ffeb7bd0000 - 0x00007ffeb7bda000 	C:\Windows\System32\rasadhlp.dll
0x00007ffeb6fb0000 - 0x00007ffeb702f000 	C:\WINDOWS\System32\fwpuclnt.dll
0x00007ffe9b6a0000 - 0x00007ffe9b6ab000 	C:\Program Files\Android\Android Studio\jre\jre\bin\sunmscapi.dll
0x00007ffebf260000 - 0x00007ffebf3bf000 	C:\WINDOWS\System32\CRYPT32.dll

VM Arguments:
jvm_args: -Xmx2048m -Dfile.encoding=UTF-8 -Duser.country=KR -Duser.language=ko -Duser.variant 
java_command: org.gradle.launcher.daemon.bootstrap.GradleDaemon 6.5
java_class_path (initial): C:\Users\KimHanbi\.gradle\wrapper\dists\gradle-6.5-all\2oz4ud9k3tuxjg84bbf55q0tn\gradle-6.5\lib\gradle-launcher-6.5.jar
Launcher Type: SUN_STANDARD

Environment Variables:
JAVA_HOME=C:\Program Files\Java\jdk1.8.0_251
CLASSPATH=%classpath%;;;
PATH=C:\Program Files\Java\jdk1.8.0_251\bin;C:\Program Files (x86)\Common Files\Oracle\Java\javapath;C:\Program Files (x86)\Intel\iCLS Client\;C:\Program Files\Intel\iCLS Client\;C:\WINDOWS\system32;C:\WINDOWS;C:\WINDOWS\System32\Wbem;C:\WINDOWS\System32\WindowsPowerShell\v1.0\;C:\Program Files (x86)\Intel\Intel(R) Management Engine Components\DAL;C:\Program Files\Intel\Intel(R) Management Engine Components\DAL;C:\Program Files (x86)\Intel\Intel(R) Management Engine Components\IPT;C:\Program Files\Intel\Intel(R) Management Engine Components\IPT;C:\Program Files\Intel\WiFi\bin\;C:\Program Files\Common Files\Intel\WirelessCommon\;C:\WINDOWS\System32\OpenSSH\;C:\MinGW\bin;C:\Program Files\Java\jdk1.8.0_251\bin;C:\Program Files\Git\cmd;C:\Program Files\MySQL\MySQL Server 8.0\bin;C:\ProgramData\chocolatey\bin;C:\Program Files\nodejs\;C:\Program Files\MySQL\MySQL Shell 8.0\bin\;C:\Python\Python36\Scripts\;C:\Python\Python36\;C:\Users\KimHanbi\AppData\Local\Microsoft\WindowsApps;C:\Users\KimHanbi\AppData\Local\Programs\Microsoft VS Code\bin;C:\Users\KimHanbi\AppData\Roaming\npm;C:\Program Files\Android\Android Studio\jre\bin;C:\Users\KimHanbi\AppData\Local\gitkraken\bin
USERNAME=KimHanbi
OS=Windows_NT
PROCESSOR_IDENTIFIER=Intel64 Family 6 Model 142 Stepping 10, GenuineIntel



---------------  S Y S T E M  ---------------

OS: Windows 10.0 , 64 bit Build 19041 (10.0.19041.804)

CPU:total 8 (initial active 8) (4 cores per cpu, 2 threads per core) family 6 model 142 stepping 10, cmov, cx8, fxsr, mmx, sse, sse2, sse3, ssse3, sse4.1, sse4.2, popcnt, avx, avx2, aes, clmul, erms, 3dnowpref, lzcnt, ht, tsc, tscinvbit, bmi1, bmi2, adx

Memory: 4k page, physical 8217940k(829848k free), swap 8217940k(1492k free)

vm_info: OpenJDK 64-Bit Server VM (25.242-b01) for windows-amd64 JRE (1.8.0_242-release-1644-b01), built by "builder" with MS VC++ 10.0 (VS2010)

time: Tue Apr 06 14:12:08 2021
timezone: 대한민국 표준시
elapsed time: 90 seconds (0d 0h 1m 30s)

