#
# A fatal error has been detected by the Java Runtime Environment:
#
#  EXCEPTION_STACK_OVERFLOW (0xc00000fd) at pc=0x00000000599bfed7, pid=9620, tid=0x0000000000001dd8
#
# JRE version: OpenJDK Runtime Environment (8.0_242-b01) (build 1.8.0_242-release-1644-b01)
# Java VM: OpenJDK 64-Bit Server VM (25.242-b01 mixed mode windows-amd64 compressed oops)
# Problematic frame:
# V  [jvm.dll+0x1efed7]
#
# Failed to write core dump. Minidumps are not enabled by default on client versions of Windows
#
# If you would like to submit a bug report, please visit:
#   
#

---------------  T H R E A D  ---------------

Current thread (0x000000002b20d800):  JavaThread "jar transforms Thread 800" [_thread_in_vm, id=7640, stack(0x00000000243c0000,0x00000000244c0000)]

siginfo: ExceptionCode=0xc00000fd, ExceptionInformation=0x0000000000000001 0x00000000244bd000 

Registers:
RAX=0x00000000244bd000, RBX=0x0000000000000003, RCX=0x0000000000002000, RDX=0x0000000000000006
RSP=0x00000000244bf000, RBP=0x0000000000000000, RSI=0x00000000244bf000, RDI=0x0000000000000003
R8 =0x0000000000000006, R9 =0x0000000021c886e0, R10=0x000000001796e968, R11=0x00000000243ca148
R12=0x00000000ffffffff, R13=0x000000002b20d800, R14=0x000000002b20d800, R15=0x000000001796e968
RIP=0x00000000599bfed7, EFLAGS=0x0000000000010206

Top of Stack: (sp=0x00000000244bf000)
0x00000000244bf000:   0000000000000000 0000000100006948
0x00000000244bf010:   000000002b20d800 00000000ffffffff
0x00000000244bf020:   00000000244bf0c8 00000000599c0eb7
0x00000000244bf030:   00000000244bf130 0000000021c886e0
0x00000000244bf040:   000000001796e968 000000005986be73
0x00000000244bf050:   00000000244bf090 000000002b20d800
0x00000000244bf060:   00000000244bf120 000000002b20d800
0x00000000244bf070:   000000001796e968 000000002b20d800
0x00000000244bf080:   0000000003306d60 000000002b20d800
0x00000000244bf090:   000000001796e968 000000002b20d800
0x00000000244bf0a0:   000000001796e968 000000002b20d800
0x00000000244bf0b0:   0000000000000001 000000001796e968
0x00000000244bf0c0:   000000002b20d800 000000002b3a8310
0x00000000244bf0d0:   000000002b20d800 000000005986d5dd
0x00000000244bf0e0:   00000000244bf3e8 0000000100006948
0x00000000244bf0f0:   0000000100006948 0000000000000000 

Instructions: (pc=0x00000000599bfed7)
0x00000000599bfeb7:   48 89 6c 24 30 33 ed 66 90 e8 4b d9 07 00 ff c3
0x00000000599bfec7:   48 63 c8 48 8b c6 48 0f af cf 48 ff c7 48 2b c1
0x00000000599bfed7:   89 28 48 63 c3 48 3b 05 65 b8 57 00 7e db 48 8b
0x00000000599bfee7:   6c 24 30 48 8b 5c 24 38 48 8b 74 24 40 48 83 c4 


Register to memory mapping:

RAX=0x00000000244bd000 is pointing into the stack for thread: 0x000000002b20d800
RBX=0x0000000000000003 is an unknown value
RCX=0x0000000000002000 is an unknown value
RDX=0x0000000000000006 is an unknown value
RSP=0x00000000244bf000 is pointing into the stack for thread: 0x000000002b20d800
RBP=0x0000000000000000 is an unknown value
RSI=0x00000000244bf000 is pointing into the stack for thread: 0x000000002b20d800
RDI=0x0000000000000003 is an unknown value
R8 =0x0000000000000006 is an unknown value
R9 =0x0000000021c886e0 is an unknown value
R10={method} {0x000000001796e970} 'run' '()V' in 'java/lang/Thread'
R11=0x00000000243ca148 is pointing into the stack for thread: 0x000000002b20d800
R12=0x00000000ffffffff is an unallocated location in the heap
R13=0x000000002b20d800 is a thread
R14=0x000000002b20d800 is a thread
R15={method} {0x000000001796e970} 'run' '()V' in 'java/lang/Thread'


Stack: [0x00000000243c0000,0x00000000244c0000],  sp=0x00000000244bf000,  free space=1020k
Native frames: (J=compiled Java code, j=interpreted, Vv=VM code, C=native code)


---------------  P R O C E S S  ---------------

Java Threads: ( => current thread )
  0x000000002b206800 JavaThread "jar transforms Thread 801" [_thread_blocked, id=7212, stack(0x00000000244c0000,0x00000000245c0000)]
=>0x000000002b20d800 JavaThread "jar transforms Thread 800" [_thread_in_vm, id=7640, stack(0x00000000243c0000,0x00000000244c0000)]
  0x000000002b20c800 JavaThread "jar transforms Thread 799" [_thread_blocked, id=9932, stack(0x00000000242c0000,0x00000000243c0000)]
  0x000000002b20c000 JavaThread "jar transforms Thread 798" [_thread_blocked, id=9684, stack(0x00000000241c0000,0x00000000242c0000)]
  0x000000002b20a800 JavaThread "jar transforms Thread 797" [_thread_blocked, id=652, stack(0x00000000240c0000,0x00000000241c0000)]
  0x000000002b202800 JavaThread "jar transforms Thread 796" [_thread_blocked, id=12376, stack(0x0000000023fc0000,0x00000000240c0000)]
  0x000000002b208800 JavaThread "jar transforms Thread 795" [_thread_blocked, id=9096, stack(0x0000000023ec0000,0x0000000023fc0000)]
  0x000000002b204000 JavaThread "jar transforms Thread 794" [_thread_blocked, id=2504, stack(0x0000000023dc0000,0x0000000023ec0000)]
  0x000000002b209800 JavaThread "jar transforms Thread 793" [_thread_blocked, id=1228, stack(0x0000000023cc0000,0x0000000023dc0000)]
  0x000000002b201000 JavaThread "Build operations Thread 8" [_thread_blocked, id=4104, stack(0x0000000023bc0000,0x0000000023cc0000)]
  0x000000002b203800 JavaThread "Build operations Thread 7" [_thread_blocked, id=3884, stack(0x0000000023ac0000,0x0000000023bc0000)]
  0x000000002b205000 JavaThread "Build operations Thread 6" [_thread_blocked, id=7948, stack(0x00000000239c0000,0x0000000023ac0000)]
  0x000000002b208000 JavaThread "Build operations Thread 5" [_thread_blocked, id=6532, stack(0x00000000238c0000,0x00000000239c0000)]
  0x000000002b202000 JavaThread "Build operations Thread 4" [_thread_blocked, id=10704, stack(0x00000000237c0000,0x00000000238c0000)]
  0x000000002b205800 JavaThread "Build operations Thread 3" [_thread_blocked, id=7972, stack(0x00000000236c0000,0x00000000237c0000)]
  0x0000000020b95000 JavaThread "Build operations Thread 2" [_thread_blocked, id=12900, stack(0x0000000022ec0000,0x0000000022fc0000)]
  0x0000000020b96800 JavaThread "Build operations" [_thread_blocked, id=5212, stack(0x00000000226c0000,0x00000000227c0000)]
  0x0000000020b94000 JavaThread "Cache worker for cache directory md-rule (C:\Users\KimHanbi\.gradle\caches\6.5\md-rule)" [_thread_blocked, id=11564, stack(0x00000000225c0000,0x00000000226c0000)]
  0x0000000020b93800 JavaThread "Cache worker for cache directory md-supplier (C:\Users\KimHanbi\.gradle\caches\6.5\md-supplier)" [_thread_blocked, id=6740, stack(0x0000000021270000,0x0000000021370000)]
  0x0000000020b8b000 JavaThread "Cache worker for checksums cache (C:\Users\KimHanbi\AndroidStudioProjects\UntactShop\.gradle\checksums)" [_thread_blocked, id=924, stack(0x0000000021170000,0x0000000021270000)]
  0x0000000020b92000 JavaThread "Cache worker for file hash cache (C:\Users\KimHanbi\AndroidStudioProjects\UntactShop\.gradle\6.5\fileHashes)" [_thread_blocked, id=12732, stack(0x000000001e7d0000,0x000000001e8d0000)]
  0x0000000020b91000 JavaThread "Thread-1102" [_thread_blocked, id=2860, stack(0x000000001e6d0000,0x000000001e7d0000)]
  0x0000000020b89800 JavaThread "Stdin handler" [_thread_blocked, id=5692, stack(0x000000001e5d0000,0x000000001e6d0000)]
  0x0000000020b90800 JavaThread "Asynchronous log dispatcher for DefaultDaemonConnection: socket connection from /127.0.0.1:1438 to /127.0.0.1:2950" [_thread_in_vm, id=3516, stack(0x000000001e4d0000,0x000000001e5d0000)]
  0x0000000020b8f800 JavaThread "Daemon worker Thread 9" [_thread_in_vm, id=13092, stack(0x000000001e0d0000,0x000000001e1d0000)]
  0x0000000020b88000 JavaThread "Cancel handler" [_thread_blocked, id=1512, stack(0x000000001daf0000,0x000000001dbf0000)]
  0x0000000020b8f000 JavaThread "Handler for socket connection from /127.0.0.1:1438 to /127.0.0.1:2950" [_thread_blocked, id=2200, stack(0x000000001b750000,0x000000001b850000)]
  0x0000000020b8a800 JavaThread "Daemon Thread 9" [_thread_blocked, id=10512, stack(0x0000000001310000,0x0000000001410000)]
  0x000000002160b800 JavaThread "Cache worker for Java compile cache (C:\Users\KimHanbi\.gradle\caches\6.5\javaCompile)" [_thread_blocked, id=10972, stack(0x000000002f080000,0x000000002f180000)]
  0x0000000021a0d000 JavaThread "Memory manager" [_thread_blocked, id=9764, stack(0x000000002c590000,0x000000002c690000)]
  0x000000001a1bc800 JavaThread "Cache worker for file content cache (C:\Users\KimHanbi\.gradle\caches\6.5\fileContent)" [_thread_blocked, id=12584, stack(0x0000000022fc0000,0x00000000230c0000)]
  0x000000001a1b9800 JavaThread "Cache worker for execution history cache (C:\Users\KimHanbi\.gradle\caches\6.5\executionHistory)" [_thread_blocked, id=12272, stack(0x00000000227c0000,0x00000000228c0000)]
  0x000000001a1b6800 JavaThread "Cache worker for file hash cache (C:\Users\KimHanbi\.gradle\caches\6.5\fileHashes)" [_thread_blocked, id=12140, stack(0x000000001ecd0000,0x000000001edd0000)]
  0x000000001a1b8800 JavaThread "File lock request listener" [_thread_in_native, id=12136, stack(0x000000001ebd0000,0x000000001ecd0000)]
  0x000000001c251800 JavaThread "Cache worker for journal cache (C:\Users\KimHanbi\.gradle\caches\journal-1)" [_thread_blocked, id=12144, stack(0x000000001ead0000,0x000000001ebd0000)]
  0x000000001c3d9800 JavaThread "Daemon periodic checks" [_thread_blocked, id=10384, stack(0x000000001ddd0000,0x000000001ded0000)]
  0x000000001b6ff800 JavaThread "Incoming local TCP Connector on port 1438" [_thread_in_native, id=5152, stack(0x000000001dbf0000,0x000000001dcf0000)]
  0x000000001b04e000 JavaThread "Daemon health stats" [_thread_blocked, id=12700, stack(0x000000001d9f0000,0x000000001daf0000)]
  0x000000001a200000 JavaThread "Service Thread" daemon [_thread_blocked, id=7376, stack(0x000000001ad10000,0x000000001ae10000)]
  0x000000001a1bd000 JavaThread "C1 CompilerThread3" daemon [_thread_blocked, id=1288, stack(0x000000001ac10000,0x000000001ad10000)]
  0x000000001a1ae800 JavaThread "C2 CompilerThread2" daemon [_thread_blocked, id=8508, stack(0x000000001ab10000,0x000000001ac10000)]
  0x000000001a1a7000 JavaThread "C2 CompilerThread1" daemon [_thread_blocked, id=4948, stack(0x000000001aa10000,0x000000001ab10000)]
  0x000000001a14a800 JavaThread "C2 CompilerThread0" daemon [_thread_blocked, id=5024, stack(0x000000001a910000,0x000000001aa10000)]
  0x000000001a1a0000 JavaThread "Attach Listener" daemon [_thread_blocked, id=8736, stack(0x000000001a810000,0x000000001a910000)]
  0x000000001a19f000 JavaThread "Signal Dispatcher" daemon [_thread_blocked, id=10684, stack(0x000000001a710000,0x000000001a810000)]
  0x0000000018332800 JavaThread "Finalizer" daemon [_thread_blocked, id=11036, stack(0x000000001a610000,0x000000001a710000)]
  0x00000000032b9000 JavaThread "Reference Handler" daemon [_thread_blocked, id=11040, stack(0x000000001a510000,0x000000001a610000)]
  0x00000000031c2800 JavaThread "main" [_thread_blocked, id=4368, stack(0x00000000030c0000,0x00000000031c0000)]

Other Threads:
  0x0000000018326000 VMThread [stack: 0x000000001a010000,0x000000001a110000] [id=12588]
  0x000000001a200800 WatcherThread [stack: 0x000000001ae10000,0x000000001af10000] [id=952]

VM state:not at safepoint (normal execution)

VM Mutex/Monitor currently owned by a thread:  ([mutex/lock_event])
[0x0000000002d4dc30] SystemDictionary_lock - owner thread: 0x0000000000000000
[0x0000000002d4e430] Safepoint_lock - owner thread: 0x0000000000000000
[0x0000000002d4dfb0] Threads_lock - owner thread: 0x0000000018326000

OutOfMemory and StackOverflow Exception counts:
OutOfMemoryError java_heap_errors=1

heap address: 0x0000000080000000, size: 2048 MB, Compressed Oops mode: 32-bit
Narrow klass base: 0x0000000000000000, Narrow klass shift: 3
Compressed class space size: 1073741824 Address: 0x0000000100000000

Heap:
 PSYoungGen      total 513024K, used 230138K [0x00000000d5580000, 0x00000000fe180000, 0x0000000100000000)
  eden space 403456K, 35% used [0x00000000d5580000,0x00000000de2697a0,0x00000000edf80000)
  from space 109568K, 78% used [0x00000000edf80000,0x00000000f3355380,0x00000000f4a80000)
  to   space 118784K, 0% used [0x00000000f6d80000,0x00000000f6d80000,0x00000000fe180000)
 ParOldGen       total 241664K, used 190248K [0x0000000080000000, 0x000000008ec00000, 0x00000000d5580000)
  object space 241664K, 78% used [0x0000000080000000,0x000000008b9ca328,0x000000008ec00000)
 Metaspace       used 108755K, capacity 115530K, committed 115660K, reserved 1150976K
  class space    used 13264K, capacity 14572K, committed 14592K, reserved 1048576K

Card table byte_map: [0x0000000012680000,0x0000000012a90000] byte_map_base: 0x0000000012280000

Marking Bits: (ParMarkBitMap*) 0x0000000059f9f030
 Begin Bits: [0x0000000013540000, 0x0000000015540000)
 End Bits:   [0x0000000015540000, 0x0000000017540000)

Polling page: 0x0000000001450000

CodeCache: size=245760Kb used=61234Kb max_used=61248Kb free=184525Kb
 bounds [0x00000000032c0000, 0x0000000006ef0000, 0x00000000122c0000]
 total_blobs=18126 nmethods=17224 adapters=813
 compilation: enabled

Compilation events (10 events):
Event: 3042.951 Thread 0x000000001a14a800 22339       4       org.gradle.api.internal.artifacts.ResolvedConfigurationIdentifier::hashCode (16 bytes)
Event: 3042.956 Thread 0x000000001a1ae800 nmethod 22338 0x0000000006de70d0 code [0x0000000006de7200, 0x0000000006de7298]
Event: 3042.956 Thread 0x000000001a1ae800 22340       4       org.gradle.api.internal.attributes.DefaultImmutableAttributes::contains (9 bytes)
Event: 3042.962 Thread 0x000000001a14a800 nmethod 22339 0x0000000005c18d50 code [0x0000000005c18ea0, 0x0000000005c19058]
Event: 3042.972 Thread 0x000000001a1ae800 nmethod 22340 0x0000000004161d90 code [0x0000000004161ee0, 0x00000000041621d8]
Event: 3043.038 Thread 0x000000001a14a800 22341   !   4       java.util.regex.Pattern::<init> (98 bytes)
Event: 3043.046 Thread 0x000000001a14a800 nmethod 22341 0x0000000003ff2e90 code [0x0000000003ff3000, 0x0000000003ff3158]
Event: 3043.066 Thread 0x000000001a1ae800 22342       4       org.gradle.internal.snapshot.VfsRelativePath::getAsString (12 bytes)
Event: 3043.066 Thread 0x000000001a14a800 22343       4       org.gradle.internal.snapshot.SnapshotHierarchy$NodeDiffListener$1::nodeAdded (1 bytes)
Event: 3043.067 Thread 0x000000001a14a800 nmethod 22343 0x0000000004d5fd50 code [0x0000000004d5fe80, 0x0000000004d5fed8]

GC Heap History (10 events):
Event: 978.053 GC heap before
{Heap before GC invocations=25 (full 4):
 PSYoungGen      total 391680K, used 375496K [0x00000000d5580000, 0x00000000f1480000, 0x0000000100000000)
  eden space 338944K, 100% used [0x00000000d5580000,0x00000000ea080000,0x00000000ea080000)
  from space 52736K, 69% used [0x00000000ee100000,0x00000000f04b23e8,0x00000000f1480000)
  to   space 59392K, 0% used [0x00000000ea080000,0x00000000ea080000,0x00000000eda80000)
 ParOldGen       total 241664K, used 123341K [0x0000000080000000, 0x000000008ec00000, 0x00000000d5580000)
  object space 241664K, 51% used [0x0000000080000000,0x00000000878735c0,0x000000008ec00000)
 Metaspace       used 100248K, capacity 105340K, committed 105420K, reserved 1140736K
  class space    used 12742K, capacity 13757K, committed 13824K, reserved 1048576K
Event: 978.195 GC heap after
Heap after GC invocations=25 (full 4):
 PSYoungGen      total 398336K, used 56092K [0x00000000d5580000, 0x00000000f5400000, 0x0000000100000000)
  eden space 338944K, 0% used [0x00000000d5580000,0x00000000d5580000,0x00000000ea080000)
  from space 59392K, 94% used [0x00000000ea080000,0x00000000ed747158,0x00000000eda80000)
  to   space 67584K, 0% used [0x00000000f1200000,0x00000000f1200000,0x00000000f5400000)
 ParOldGen       total 241664K, used 123349K [0x0000000080000000, 0x000000008ec00000, 0x00000000d5580000)
  object space 241664K, 51% used [0x0000000080000000,0x00000000878755c0,0x000000008ec00000)
 Metaspace       used 100248K, capacity 105340K, committed 105420K, reserved 1140736K
  class space    used 12742K, capacity 13757K, committed 13824K, reserved 1048576K
}
Event: 985.768 GC heap before
{Heap before GC invocations=26 (full 4):
 PSYoungGen      total 398336K, used 394895K [0x00000000d5580000, 0x00000000f5400000, 0x0000000100000000)
  eden space 338944K, 99% used [0x00000000d5580000,0x00000000ea05ccd8,0x00000000ea080000)
  from space 59392K, 94% used [0x00000000ea080000,0x00000000ed747158,0x00000000eda80000)
  to   space 67584K, 0% used [0x00000000f1200000,0x00000000f1200000,0x00000000f5400000)
 ParOldGen       total 241664K, used 123349K [0x0000000080000000, 0x000000008ec00000, 0x00000000d5580000)
  object space 241664K, 51% used [0x0000000080000000,0x00000000878755c0,0x000000008ec00000)
 Metaspace       used 102159K, capacity 107344K, committed 107596K, reserved 1142784K
  class space    used 12829K, capacity 13903K, committed 13952K, reserved 1048576K
Event: 985.943 GC heap after
Heap after GC invocations=26 (full 4):
 PSYoungGen      total 438784K, used 67577K [0x00000000d5580000, 0x00000000f7780000, 0x0000000100000000)
  eden space 371200K, 0% used [0x00000000d5580000,0x00000000d5580000,0x00000000ec000000)
  from space 67584K, 99% used [0x00000000f1200000,0x00000000f53fe488,0x00000000f5400000)
  to   space 83968K, 0% used [0x00000000ec000000,0x00000000ec000000,0x00000000f1200000)
 ParOldGen       total 241664K, used 138993K [0x0000000080000000, 0x000000008ec00000, 0x00000000d5580000)
  object space 241664K, 57% used [0x0000000080000000,0x00000000887bc470,0x000000008ec00000)
 Metaspace       used 102159K, capacity 107344K, committed 107596K, reserved 1142784K
  class space    used 12829K, capacity 13903K, committed 13952K, reserved 1048576K
}
Event: 1135.417 GC heap before
{Heap before GC invocations=27 (full 4):
 PSYoungGen      total 438784K, used 438777K [0x00000000d5580000, 0x00000000f7780000, 0x0000000100000000)
  eden space 371200K, 100% used [0x00000000d5580000,0x00000000ec000000,0x00000000ec000000)
  from space 67584K, 99% used [0x00000000f1200000,0x00000000f53fe488,0x00000000f5400000)
  to   space 83968K, 0% used [0x00000000ec000000,0x00000000ec000000,0x00000000f1200000)
 ParOldGen       total 241664K, used 138993K [0x0000000080000000, 0x000000008ec00000, 0x00000000d5580000)
  object space 241664K, 57% used [0x0000000080000000,0x00000000887bc470,0x000000008ec00000)
 Metaspace       used 104202K, capacity 109754K, committed 109900K, reserved 1144832K
  class space    used 12951K, capacity 14090K, committed 14208K, reserved 1048576K
Event: 1135.573 GC heap after
Heap after GC invocations=27 (full 4):
 PSYoungGen      total 455168K, used 73565K [0x00000000d5580000, 0x00000000fa600000, 0x0000000100000000)
  eden space 371200K, 0% used [0x00000000d5580000,0x00000000d5580000,0x00000000ec000000)
  from space 83968K, 87% used [0x00000000ec000000,0x00000000f07d7598,0x00000000f1200000)
  to   space 93696K, 0% used [0x00000000f4a80000,0x00000000f4a80000,0x00000000fa600000)
 ParOldGen       total 241664K, used 158455K [0x0000000080000000, 0x000000008ec00000, 0x00000000d5580000)
  object space 241664K, 65% used [0x0000000080000000,0x0000000089abde90,0x000000008ec00000)
 Metaspace       used 104202K, capacity 109754K, committed 109900K, reserved 1144832K
  class space    used 12951K, capacity 14090K, committed 14208K, reserved 1048576K
}
Event: 1277.970 GC heap before
{Heap before GC invocations=28 (full 4):
 PSYoungGen      total 455168K, used 444765K [0x00000000d5580000, 0x00000000fa600000, 0x0000000100000000)
  eden space 371200K, 100% used [0x00000000d5580000,0x00000000ec000000,0x00000000ec000000)
  from space 83968K, 87% used [0x00000000ec000000,0x00000000f07d7598,0x00000000f1200000)
  to   space 93696K, 0% used [0x00000000f4a80000,0x00000000f4a80000,0x00000000fa600000)
 ParOldGen       total 241664K, used 158455K [0x0000000080000000, 0x000000008ec00000, 0x00000000d5580000)
  object space 241664K, 65% used [0x0000000080000000,0x0000000089abde90,0x000000008ec00000)
 Metaspace       used 106061K, capacity 111762K, committed 111948K, reserved 1146880K
  class space    used 13033K, capacity 14204K, committed 14208K, reserved 1048576K
Event: 1278.196 GC heap after
Heap after GC invocations=28 (full 4):
 PSYoungGen      total 497152K, used 93693K [0x00000000d5580000, 0x00000000fbd80000, 0x0000000100000000)
  eden space 403456K, 0% used [0x00000000d5580000,0x00000000d5580000,0x00000000edf80000)
  from space 93696K, 99% used [0x00000000f4a80000,0x00000000fa5ff758,0x00000000fa600000)
  to   space 109568K, 0% used [0x00000000edf80000,0x00000000edf80000,0x00000000f4a80000)
 ParOldGen       total 241664K, used 160804K [0x0000000080000000, 0x000000008ec00000, 0x00000000d5580000)
  object space 241664K, 66% used [0x0000000080000000,0x0000000089d09288,0x000000008ec00000)
 Metaspace       used 106061K, capacity 111762K, committed 111948K, reserved 1146880K
  class space    used 13033K, capacity 14204K, committed 14208K, reserved 1048576K
}
Event: 2887.810 GC heap before
{Heap before GC invocations=29 (full 4):
 PSYoungGen      total 497152K, used 497149K [0x00000000d5580000, 0x00000000fbd80000, 0x0000000100000000)
  eden space 403456K, 100% used [0x00000000d5580000,0x00000000edf80000,0x00000000edf80000)
  from space 93696K, 99% used [0x00000000f4a80000,0x00000000fa5ff758,0x00000000fa600000)
  to   space 109568K, 0% used [0x00000000edf80000,0x00000000edf80000,0x00000000f4a80000)
 ParOldGen       total 241664K, used 160804K [0x0000000080000000, 0x000000008ec00000, 0x00000000d5580000)
  object space 241664K, 66% used [0x0000000080000000,0x0000000089d09288,0x000000008ec00000)
 Metaspace       used 108469K, capacity 114990K, committed 115148K, reserved 1150976K
  class space    used 13224K, capacity 14516K, committed 14592K, reserved 1048576K
Event: 2888.014 GC heap after
Heap after GC invocations=29 (full 4):
 PSYoungGen      total 513024K, used 85844K [0x00000000d5580000, 0x00000000fe180000, 0x0000000100000000)
  eden space 403456K, 0% used [0x00000000d5580000,0x00000000d5580000,0x00000000edf80000)
  from space 109568K, 78% used [0x00000000edf80000,0x00000000f3355380,0x00000000f4a80000)
  to   space 118784K, 0% used [0x00000000f6d80000,0x00000000f6d80000,0x00000000fe180000)
 ParOldGen       total 241664K, used 190248K [0x0000000080000000, 0x000000008ec00000, 0x00000000d5580000)
  object space 241664K, 78% used [0x0000000080000000,0x000000008b9ca328,0x000000008ec00000)
 Metaspace       used 108469K, capacity 114990K, committed 115148K, reserved 1150976K
  class space    used 13224K, capacity 14516K, committed 14592K, reserved 1048576K
}

Deoptimization events (10 events):
Event: 1136.330 Thread 0x0000000021628800 Uncommon trap: reason=speculate_class_check action=maybe_recompile pc=0x0000000003fd60dc method=com.android.tools.r8.graph.k.equals(Ljava/lang/Object;)Z @ 7
Event: 1271.909 Thread 0x0000000020b88000 Uncommon trap: reason=class_check action=maybe_recompile pc=0x0000000005b1821c method=com.google.common.collect.ImmutableMultimap$Builder.put(Ljava/lang/Object;Ljava/lang/Object;)Lcom/google/common/collect/ImmutableMultimap$Builder; @ 29
Event: 1274.378 Thread 0x000000001f1a4800 Uncommon trap: reason=class_check action=maybe_recompile pc=0x0000000005d6ed24 method=com.google.common.collect.Iterables.isEmpty(Ljava/lang/Iterable;)Z @ 18
Event: 1280.208 Thread 0x000000001a1bb000 Uncommon trap: reason=null_check action=make_not_entrant pc=0x0000000006b77134 method=com.android.tools.r8.q.a.b.h.b(Ljava/lang/Object;)V @ 71
Event: 1280.282 Thread 0x000000001f1af000 Uncommon trap: reason=unstable_if action=reinterpret pc=0x000000000399b780 method=java.util.TimSort.mergeHi(IIII)V @ 529
Event: 2890.416 Thread 0x000000001f1b3000 Uncommon trap: reason=class_check action=maybe_recompile pc=0x000000000533f0b8 method=com.google.common.cache.LocalCache$Segment.get(Ljava/lang/Object;ILcom/google/common/cache/CacheLoader;)Ljava/lang/Object; @ 108
Event: 2890.417 Thread 0x000000001f1b3000 Uncommon trap: reason=class_check action=maybe_recompile pc=0x0000000004b97da8 method=com.google.common.cache.LocalCache$Segment.lockedGetOrLoad(Ljava/lang/Object;ILcom/google/common/cache/CacheLoader;)Ljava/lang/Object; @ 129
Event: 2890.787 Thread 0x000000002b4b4800 Uncommon trap: reason=unstable_if action=reinterpret pc=0x0000000006ba2d08 method=java.util.TimSort.mergeHi(IIII)V @ 554
Event: 3043.077 Thread 0x0000000020b8f800 Uncommon trap: reason=unstable_if action=reinterpret pc=0x000000000515a450 method=org.gradle.internal.operations.DefaultBuildOperationExecutor$3.stop()V @ 61
Event: 3043.079 Thread 0x0000000020b8f800 Uncommon trap: reason=unstable_if action=reinterpret pc=0x000000000515a450 method=org.gradle.internal.operations.DefaultBuildOperationExecutor$3.stop()V @ 61

Classes redefined (0 events):
No events

Internal exceptions (10 events):
Event: 2883.318 Thread 0x0000000020b91000 Exception <a 'sun/nio/fs/WindowsException'> (0x00000000e476c458) thrown at [C:\src\AOSP-openjdk-git\hotspot\src\share\vm\prims\jni.cpp, line 710]
Event: 2883.318 Thread 0x0000000020b91000 Exception <a 'sun/nio/fs/WindowsException'> (0x00000000e476d1a8) thrown at [C:\src\AOSP-openjdk-git\hotspot\src\share\vm\prims\jni.cpp, line 710]
Event: 2887.455 Thread 0x0000000020b91000 Exception <a 'sun/nio/fs/WindowsException'> (0x00000000ec683798) thrown at [C:\src\AOSP-openjdk-git\hotspot\src\share\vm\prims\jni.cpp, line 710]
Event: 2887.456 Thread 0x0000000020b91000 Exception <a 'sun/nio/fs/WindowsException'> (0x00000000ec6844c8) thrown at [C:\src\AOSP-openjdk-git\hotspot\src\share\vm\prims\jni.cpp, line 710]
Event: 2888.458 Thread 0x0000000020b91000 Exception <a 'java/io/FileNotFoundException'> (0x00000000d69858f8) thrown at [C:\src\AOSP-openjdk-git\hotspot\src\share\vm\prims\jni.cpp, line 710]
Event: 2889.984 Thread 0x000000001a1b7000 Exception <a 'sun/nio/fs/WindowsException'> (0x00000000d9a53488) thrown at [C:\src\AOSP-openjdk-git\hotspot\src\share\vm\prims\jni.cpp, line 710]
Event: 2890.218 Thread 0x000000001a1b7000 Exception <a 'sun/nio/fs/WindowsException'> (0x00000000da25f548) thrown at [C:\src\AOSP-openjdk-git\hotspot\src\share\vm\prims\jni.cpp, line 710]
Event: 2890.548 Thread 0x0000000020b96800 Exception <a 'sun/nio/fs/WindowsException'> (0x00000000db041370) thrown at [C:\src\AOSP-openjdk-git\hotspot\src\share\vm\prims\jni.cpp, line 710]
Event: 2891.051 Thread 0x000000002b4b4800 Exception <a 'sun/nio/fs/WindowsException'> (0x00000000dca6c448) thrown at [C:\src\AOSP-openjdk-git\hotspot\src\share\vm\prims\jni.cpp, line 710]
Event: 3043.077 Thread 0x0000000020b8f800 Exception <a 'java/lang/OutOfMemoryError': unable to create new native thread> (0x00000000de0cdaa0) thrown at [C:\src\AOSP-openjdk-git\hotspot\src\share\vm\prims\jvm.cpp, line 3141]

Events (10 events):
Event: 3043.072 Thread 0x000000002b20c000 Thread added: 0x000000002b20c000
Event: 3043.073 Thread 0x000000002b20c800 Thread added: 0x000000002b20c800
Event: 3043.074 Thread 0x000000002b20d800 Thread added: 0x000000002b20d800
Event: 3043.075 Thread 0x000000002b206800 Thread added: 0x000000002b206800
Event: 3043.077 Thread 0x0000000020b8f800 Uncommon trap: trap_request=0xffffff65 fr.pc=0x000000000515a450
Event: 3043.077 Thread 0x0000000020b8f800 DEOPT PACKING pc=0x000000000515a450 sp=0x000000001e1cc080
Event: 3043.078 Thread 0x0000000020b8f800 DEOPT UNPACKING pc=0x000000000330557b sp=0x000000001e1cbfa0 mode 2
Event: 3043.079 Thread 0x0000000020b8f800 Uncommon trap: trap_request=0xffffff65 fr.pc=0x000000000515a450
Event: 3043.079 Thread 0x0000000020b8f800 DEOPT PACKING pc=0x000000000515a450 sp=0x000000001e1cca40
Event: 3043.079 Thread 0x0000000020b8f800 DEOPT UNPACKING pc=0x000000000330557b sp=0x000000001e1cc960 mode 2


Dynamic libraries:
0x00007ff708560000 - 0x00007ff708591000 	C:\Program Files\Android\Android Studio\jre\bin\java.exe
0x00007ff9a4ef0000 - 0x00007ff9a50e5000 	C:\WINDOWS\SYSTEM32\ntdll.dll
0x00007ff9a3d70000 - 0x00007ff9a3e2d000 	C:\WINDOWS\System32\KERNEL32.DLL
0x00007ff9a2630000 - 0x00007ff9a28f9000 	C:\WINDOWS\System32\KERNELBASE.dll
0x00007ff9a2f60000 - 0x00007ff9a300c000 	C:\WINDOWS\System32\ADVAPI32.dll
0x00007ff9a3a80000 - 0x00007ff9a3b1e000 	C:\WINDOWS\System32\msvcrt.dll
0x00007ff9a3b20000 - 0x00007ff9a3bbc000 	C:\WINDOWS\System32\sechost.dll
0x00007ff9a4c90000 - 0x00007ff9a4dbb000 	C:\WINDOWS\System32\RPCRT4.dll
0x00007ff9a3bd0000 - 0x00007ff9a3d70000 	C:\WINDOWS\System32\USER32.dll
0x00007ff9a2a50000 - 0x00007ff9a2a72000 	C:\WINDOWS\System32\win32u.dll
0x00007ff9a3e30000 - 0x00007ff9a3e5a000 	C:\WINDOWS\System32\GDI32.dll
0x00007ff9a2da0000 - 0x00007ff9a2eab000 	C:\WINDOWS\System32\gdi32full.dll
0x00007ff9a2eb0000 - 0x00007ff9a2f4d000 	C:\WINDOWS\System32\msvcp_win.dll
0x00007ff9a2950000 - 0x00007ff9a2a50000 	C:\WINDOWS\System32\ucrtbase.dll
0x00007ff984160000 - 0x00007ff9843fa000 	C:\WINDOWS\WinSxS\amd64_microsoft.windows.common-controls_6595b64144ccf1df_6.0.19041.844_none_ca00b6081b84eb1d\COMCTL32.dll
0x00007ff9a35f0000 - 0x00007ff9a3620000 	C:\WINDOWS\System32\IMM32.DLL
0x00000000596f0000 - 0x00000000597c2000 	C:\Program Files\Android\Android Studio\jre\jre\bin\msvcr100.dll
0x00000000597d0000 - 0x000000005a01b000 	C:\Program Files\Android\Android Studio\jre\jre\bin\server\jvm.dll
0x00007ff9a2f50000 - 0x00007ff9a2f58000 	C:\WINDOWS\System32\PSAPI.DLL
0x00007ff99ae70000 - 0x00007ff99ae7a000 	C:\WINDOWS\SYSTEM32\VERSION.dll
0x00007ff989a80000 - 0x00007ff989a89000 	C:\WINDOWS\SYSTEM32\WSOCK32.dll
0x00007ff9a3a10000 - 0x00007ff9a3a7b000 	C:\WINDOWS\System32\WS2_32.dll
0x00007ff993c20000 - 0x00007ff993c47000 	C:\WINDOWS\SYSTEM32\WINMM.dll
0x00007ff99c770000 - 0x00007ff99c77f000 	C:\Program Files\Android\Android Studio\jre\jre\bin\verify.dll
0x00007ff9728d0000 - 0x00007ff9728f9000 	C:\Program Files\Android\Android Studio\jre\jre\bin\java.dll
0x00007ff98fd00000 - 0x00007ff98fd16000 	C:\Program Files\Android\Android Studio\jre\jre\bin\zip.dll
0x00007ff9a42e0000 - 0x00007ff9a4a22000 	C:\WINDOWS\System32\SHELL32.dll
0x00007ff9a00b0000 - 0x00007ff9a0840000 	C:\WINDOWS\SYSTEM32\windows.storage.dll
0x00007ff9a3620000 - 0x00007ff9a3975000 	C:\WINDOWS\System32\combase.dll
0x00007ff9a1fd0000 - 0x00007ff9a1ffc000 	C:\WINDOWS\SYSTEM32\Wldp.dll
0x00007ff9a34e0000 - 0x00007ff9a358e000 	C:\WINDOWS\System32\SHCORE.dll
0x00007ff9a3010000 - 0x00007ff9a3065000 	C:\WINDOWS\System32\shlwapi.dll
0x00007ff9a2570000 - 0x00007ff9a258f000 	C:\WINDOWS\SYSTEM32\profapi.dll
0x00007ff9728b0000 - 0x00007ff9728ca000 	C:\Program Files\Android\Android Studio\jre\jre\bin\net.dll
0x00007ff9a1d50000 - 0x00007ff9a1dba000 	C:\WINDOWS\system32\mswsock.dll
0x00007ff966960000 - 0x00007ff966973000 	C:\Program Files\Android\Android Studio\jre\jre\bin\nio.dll
0x00007ff978990000 - 0x00007ff9789b7000 	C:\Users\KimHanbi\.gradle\native\f6784746aeab05261644944871eae4fe03e0ef1612fff0a4a95f87b438bc6780\windows-amd64\native-platform.dll
0x00007ff99c5c0000 - 0x00007ff99c5cd000 	C:\Program Files\Android\Android Studio\jre\jre\bin\management.dll
0x00007ff9a1f20000 - 0x00007ff9a1f38000 	C:\WINDOWS\SYSTEM32\CRYPTSP.dll
0x00007ff9a16f0000 - 0x00007ff9a1724000 	C:\WINDOWS\system32\rsaenh.dll
0x00007ff9a2b30000 - 0x00007ff9a2b57000 	C:\WINDOWS\System32\bcrypt.dll
0x00007ff9a2530000 - 0x00007ff9a255e000 	C:\WINDOWS\SYSTEM32\USERENV.dll
0x00007ff9a2d20000 - 0x00007ff9a2da0000 	C:\WINDOWS\System32\bcryptprimitives.dll
0x00007ff9a1f40000 - 0x00007ff9a1f4c000 	C:\WINDOWS\SYSTEM32\CRYPTBASE.dll
0x00007ff9a1a40000 - 0x00007ff9a1a7b000 	C:\WINDOWS\SYSTEM32\IPHLPAPI.DLL
0x00007ff9a3e60000 - 0x00007ff9a3e68000 	C:\WINDOWS\System32\NSI.dll
0x00007ff99c4d0000 - 0x00007ff99c4e7000 	C:\WINDOWS\SYSTEM32\dhcpcsvc6.DLL
0x00007ff99c4b0000 - 0x00007ff99c4cd000 	C:\WINDOWS\SYSTEM32\dhcpcsvc.DLL
0x00007ff9a1a80000 - 0x00007ff9a1b4b000 	C:\WINDOWS\SYSTEM32\DNSAPI.dll
0x00007ff99d300000 - 0x00007ff99d30b000 	C:\WINDOWS\SYSTEM32\WINNSI.DLL
0x00007ff962c60000 - 0x00007ff962c84000 	C:\Program Files\Android\Android Studio\jre\jre\bin\sunec.dll
0x00007ff99a1f0000 - 0x00007ff99a1fb000 	C:\Program Files\Android\Android Studio\jre\jre\bin\sunmscapi.dll
0x00007ff9a2bc0000 - 0x00007ff9a2d1f000 	C:\WINDOWS\System32\CRYPT32.dll
0x00007ff99b380000 - 0x00007ff99b38a000 	C:\Windows\System32\rasadhlp.dll
0x00007ff99a920000 - 0x00007ff99a99f000 	C:\WINDOWS\System32\fwpuclnt.dll

VM Arguments:
jvm_args: -Xmx2048m -Dfile.encoding=UTF-8 -Duser.country=KR -Duser.language=ko -Duser.variant 
java_command: org.gradle.launcher.daemon.bootstrap.GradleDaemon 6.5
java_class_path (initial): C:\Users\KimHanbi\.gradle\wrapper\dists\gradle-6.5-all\2oz4ud9k3tuxjg84bbf55q0tn\gradle-6.5\lib\gradle-launcher-6.5.jar
Launcher Type: SUN_STANDARD

Environment Variables:
JAVA_HOME=C:\Program Files\Java\jdk1.8.0_251
CLASSPATH=%classpath%;;;
PATH=C:\Program Files\Java\jdk1.8.0_251\bin;C:\Program Files (x86)\Common Files\Oracle\Java\javapath;C:\Program Files (x86)\Intel\iCLS Client\;C:\Program Files\Intel\iCLS Client\;C:\WINDOWS\system32;C:\WINDOWS;C:\WINDOWS\System32\Wbem;C:\WINDOWS\System32\WindowsPowerShell\v1.0\;C:\Program Files (x86)\Intel\Intel(R) Management Engine Components\DAL;C:\Program Files\Intel\Intel(R) Management Engine Components\DAL;C:\Program Files (x86)\Intel\Intel(R) Management Engine Components\IPT;C:\Program Files\Intel\Intel(R) Management Engine Components\IPT;C:\Program Files\Intel\WiFi\bin\;C:\Program Files\Common Files\Intel\WirelessCommon\;C:\WINDOWS\System32\OpenSSH\;C:\MinGW\bin;C:\Program Files\Java\jdk1.8.0_251\bin;C:\Program Files\Git\cmd;C:\Program Files\MySQL\MySQL Server 8.0\bin;C:\ProgramData\chocolatey\bin;C:\Program Files\nodejs\;C:\Program Files\MySQL\MySQL Shell 8.0\bin\;C:\Python\Python36\Scripts\;C:\Python\Python36\;C:\Users\KimHanbi\AppData\Local\Microsoft\WindowsApps;C:\Users\KimHanbi\AppData\Local\Programs\Microsoft VS Code\bin;C:\Users\KimHanbi\AppData\Roaming\npm;C:\Program Files\Android\Android Studio\jre\bin;C:\Users\KimHanbi\AppData\Local\gitkraken\bin
USERNAME=KimHanbi
OS=Windows_NT
PROCESSOR_IDENTIFIER=Intel64 Family 6 Model 142 Stepping 10, GenuineIntel



---------------  S Y S T E M  ---------------

OS: Windows 10.0 , 64 bit Build 19041 (10.0.19041.804)

CPU:total 8 (initial active 8) (4 cores per cpu, 2 threads per core) family 6 model 142 stepping 10, cmov, cx8, fxsr, mmx, sse, sse2, sse3, ssse3, sse4.1, sse4.2, popcnt, avx, avx2, aes, clmul, erms, 3dnowpref, lzcnt, ht, tsc, tscinvbit, bmi1, bmi2, adx

Memory: 4k page, physical 8217940k(1026104k free), swap 8217940k(3268k free)

vm_info: OpenJDK 64-Bit Server VM (25.242-b01) for windows-amd64 JRE (1.8.0_242-release-1644-b01), built by "builder" with MS VC++ 10.0 (VS2010)

time: Wed Apr 07 12:39:57 2021
timezone: 대한민국 표준시
elapsed time: 3043 seconds (0d 0h 50m 43s)

