#
# There is insufficient memory for the Java Runtime Environment to continue.
# Native memory allocation (malloc) failed to allocate 1183696 bytes for Chunk::new
# Possible reasons:
#   The system is out of physical RAM or swap space
#   The process is running with CompressedOops enabled, and the Java Heap may be blocking the growth of the native heap
# Possible solutions:
#   Reduce memory load on the system
#   Increase physical memory or swap space
#   Check if swap backing store is full
#   Decrease Java heap size (-Xmx/-Xms)
#   Decrease number of Java threads
#   Decrease Java thread stack sizes (-Xss)
#   Set larger code cache with -XX:ReservedCodeCacheSize=
#   JVM is running with Zero Based Compressed Oops mode in which the Java heap is
#     placed in the first 32GB address space. The Java Heap base address is the
#     maximum limit for the native heap growth. Please use -XX:HeapBaseMinAddress
#     to set the Java Heap base and to place the Java Heap above 32GB virtual address.
# This output file may be truncated or incomplete.
#
#  Out of Memory Error (allocation.cpp:389), pid=8320, tid=0x00000000000028a4
#
# JRE version: OpenJDK Runtime Environment (8.0_242-b01) (build 1.8.0_242-release-1644-b01)
# Java VM: OpenJDK 64-Bit Server VM (25.242-b01 mixed mode windows-amd64 compressed oops)
# Failed to write core dump. Minidumps are not enabled by default on client versions of Windows
#

---------------  T H R E A D  ---------------

Current thread (0x000000001eb08000):  JavaThread "C2 CompilerThread0" daemon [_thread_in_native, id=10404, stack(0x000000001f360000,0x000000001f460000)]

Stack: [0x000000001f360000,0x000000001f460000]
[error occurred during error reporting (printing stack bounds), id 0xc0000005]

Native frames: (J=compiled Java code, j=interpreted, Vv=VM code, C=native code)


Current CompileTask:
C2: 103840 15191 %     4       com.android.tools.r8.ir.regalloc.a::a @ 1204 (1761 bytes)


---------------  P R O C E S S  ---------------

Java Threads: ( => current thread )
  0x000000002597a000 JavaThread "WorkerExecutor Queue" [_thread_blocked, id=9872, stack(0x0000000033710000,0x0000000033810000)]
  0x000000002655e000 JavaThread "Cache worker for execution history cache (C:\Users\KimHanbi\AndroidStudioProjects\UntactShop\.gradle\6.5\executionHistory)" [_thread_blocked, id=5204, stack(0x0000000032ff0000,0x00000000330f0000)]
  0x0000000026561000 JavaThread "Execution worker for ':' Thread 7" [_thread_blocked, id=8368, stack(0x0000000032ef0000,0x0000000032ff0000)]
  0x000000002655f000 JavaThread "Execution worker for ':' Thread 6" [_thread_blocked, id=6080, stack(0x0000000032df0000,0x0000000032ef0000)]
  0x000000002655d800 JavaThread "Execution worker for ':' Thread 5" [_thread_blocked, id=10600, stack(0x0000000032cf0000,0x0000000032df0000)]
  0x0000000026560800 JavaThread "Execution worker for ':' Thread 4" [_thread_blocked, id=11296, stack(0x0000000032bf0000,0x0000000032cf0000)]
  0x0000000026562800 JavaThread "Execution worker for ':' Thread 3" [_thread_blocked, id=11084, stack(0x00000000328f0000,0x00000000329f0000)]
  0x000000002655f800 JavaThread "Execution worker for ':' Thread 2" [_thread_blocked, id=3244, stack(0x0000000030360000,0x0000000030460000)]
  0x0000000026556000 JavaThread "Execution worker for ':'" [_thread_blocked, id=10980, stack(0x000000002ff90000,0x0000000030090000)]
  0x000000002655c800 JavaThread "Cache worker for file content cache (C:\Users\KimHanbi\AndroidStudioProjects\UntactShop\.gradle\6.5\fileContent)" [_thread_blocked, id=1140, stack(0x0000000032af0000,0x0000000032bf0000)]
  0x0000000026555000 JavaThread "Memory manager" [_thread_blocked, id=7872, stack(0x00000000329f0000,0x0000000032af0000)]
  0x000000002655c000 JavaThread "Cache worker for Build Output Cleanup Cache (C:\Users\KimHanbi\AndroidStudioProjects\UntactShop\.gradle\buildOutputCleanup)" [_thread_blocked, id=9068, stack(0x000000002a160000,0x000000002a260000)]
  0x00000000209e1800 JavaThread "Build operations Thread 8" [_thread_blocked, id=2928, stack(0x0000000028bd0000,0x0000000028cd0000)]
  0x00000000209da000 JavaThread "Build operations Thread 7" [_thread_blocked, id=8528, stack(0x0000000028ad0000,0x0000000028bd0000)]
  0x00000000209e1000 JavaThread "Build operations Thread 6" [_thread_blocked, id=10216, stack(0x00000000289d0000,0x0000000028ad0000)]
  0x00000000209e0000 JavaThread "Build operations Thread 5" [_thread_blocked, id=10564, stack(0x00000000288d0000,0x00000000289d0000)]
  0x00000000209dc800 JavaThread "Build operations Thread 4" [_thread_blocked, id=13136, stack(0x00000000287d0000,0x00000000288d0000)]
  0x00000000209df800 JavaThread "Build operations Thread 3" [_thread_blocked, id=4184, stack(0x00000000286d0000,0x00000000287d0000)]
  0x00000000209d8000 JavaThread "Build operations Thread 2" [_thread_in_Java, id=10060, stack(0x00000000285d0000,0x00000000286d0000)]
  0x00000000209de800 JavaThread "Build operations" [_thread_blocked, id=988, stack(0x00000000284d0000,0x00000000285d0000)]
  0x00000000209d7000 JavaThread "Cache worker for file content cache (C:\Users\KimHanbi\.gradle\caches\6.5\fileContent)" [_thread_blocked, id=7948, stack(0x0000000027a60000,0x0000000027b60000)]
  0x000000001eb6a800 JavaThread "Cache worker for execution history cache (C:\Users\KimHanbi\.gradle\caches\6.5\executionHistory)" [_thread_blocked, id=9072, stack(0x0000000026fc0000,0x00000000270c0000)]
  0x000000001eb6a000 JavaThread "Cache worker for cache directory md-rule (C:\Users\KimHanbi\.gradle\caches\6.5\md-rule)" [_thread_blocked, id=4328, stack(0x0000000026ec0000,0x0000000026fc0000)]
  0x000000001eb70000 JavaThread "Cache worker for cache directory md-supplier (C:\Users\KimHanbi\.gradle\caches\6.5\md-supplier)" [_thread_blocked, id=6124, stack(0x0000000026dc0000,0x0000000026ec0000)]
  0x000000001eb6c000 JavaThread "Cache worker for checksums cache (C:\Users\KimHanbi\AndroidStudioProjects\UntactShop\.gradle\checksums)" [_thread_blocked, id=9280, stack(0x00000000248d0000,0x00000000249d0000)]
  0x000000001eb69000 JavaThread "Cache worker for file hash cache (C:\Users\KimHanbi\AndroidStudioProjects\UntactShop\.gradle\6.5\fileHashes)" [_thread_blocked, id=6780, stack(0x00000000247d0000,0x00000000248d0000)]
  0x000000001eb6f800 JavaThread "Cache worker for file hash cache (C:\Users\KimHanbi\.gradle\caches\6.5\fileHashes)" [_thread_blocked, id=9104, stack(0x0000000023700000,0x0000000023800000)]
  0x000000001eb6e800 JavaThread "File lock request listener" [_thread_in_native, id=4156, stack(0x0000000023600000,0x0000000023700000)]
  0x000000001ebaa000 JavaThread "Cache worker for journal cache (C:\Users\KimHanbi\.gradle\caches\journal-1)" [_thread_blocked, id=9152, stack(0x0000000023500000,0x0000000023600000)]
  0x0000000020095800 JavaThread "Thread-9" [_thread_blocked, id=13848, stack(0x0000000023200000,0x0000000023300000)]
  0x00000000203c8000 JavaThread "Asynchronous log dispatcher for DefaultDaemonConnection: socket connection from /127.0.0.1:11313 to /127.0.0.1:11314" [_thread_blocked, id=4840, stack(0x0000000023000000,0x0000000023100000)]
  0x00000000203c6000 JavaThread "Daemon worker" [_thread_blocked, id=8104, stack(0x0000000022f00000,0x0000000023000000)]
  0x000000002010c800 JavaThread "Cancel handler" [_thread_blocked, id=8084, stack(0x0000000022d00000,0x0000000022e00000)]
  0x0000000020339800 JavaThread "Handler for socket connection from /127.0.0.1:11313 to /127.0.0.1:11314" [_thread_in_native, id=1488, stack(0x0000000022c00000,0x0000000022d00000)]
  0x0000000020bbc000 JavaThread "Daemon" [_thread_blocked, id=872, stack(0x0000000022b00000,0x0000000022c00000)]
  0x000000001fecf800 JavaThread "Daemon periodic checks" [_thread_blocked, id=4780, stack(0x0000000022800000,0x0000000022900000)]
  0x0000000020317000 JavaThread "Incoming local TCP Connector on port 11313" [_thread_in_native, id=11756, stack(0x0000000022620000,0x0000000022720000)]
  0x00000000212a9000 JavaThread "Daemon health stats" [_thread_blocked, id=11164, stack(0x0000000022300000,0x0000000022400000)]
  0x000000001ec06000 JavaThread "Service Thread" daemon [_thread_blocked, id=992, stack(0x000000001f760000,0x000000001f860000)]
  0x000000001eb6d000 JavaThread "C1 CompilerThread3" daemon [_thread_blocked, id=10620, stack(0x000000001f660000,0x000000001f760000)]
  0x000000001eb6e000 JavaThread "C2 CompilerThread2" daemon [_thread_in_native, id=2492, stack(0x000000001f560000,0x000000001f660000)]
  0x000000001eb09000 JavaThread "C2 CompilerThread1" daemon [_thread_in_native, id=11768, stack(0x000000001f460000,0x000000001f560000)]
=>0x000000001eb08000 JavaThread "C2 CompilerThread0" daemon [_thread_in_native, id=10404, stack(0x000000001f360000,0x000000001f460000)]
  0x000000001eb63000 JavaThread "Attach Listener" daemon [_thread_blocked, id=9940, stack(0x000000001f260000,0x000000001f360000)]
  0x000000001eb62000 JavaThread "Signal Dispatcher" daemon [_thread_blocked, id=12280, stack(0x000000001f160000,0x000000001f260000)]
  0x000000001ccf2800 JavaThread "Finalizer" daemon [_thread_blocked, id=10280, stack(0x000000001efd0000,0x000000001f0d0000)]
  0x0000000003179000 JavaThread "Reference Handler" daemon [_thread_blocked, id=9304, stack(0x000000001eed0000,0x000000001efd0000)]
  0x0000000003082800 JavaThread "main" [_thread_blocked, id=13540, stack(0x0000000002c20000,0x0000000002d20000)]

Other Threads:
  0x000000001cce6000 VMThread [stack: 0x000000001e9d0000,0x000000001ead0000] [id=10228]
  0x000000001ec06800 WatcherThread [stack: 0x000000001f860000,0x000000001f960000] [id=11512]

VM state:not at safepoint (normal execution)

VM Mutex/Monitor currently owned by a thread: None

heap address: 0x00000006c0000000, size: 4096 MB, Compressed Oops mode: Zero based, Oop shift amount: 3
Narrow klass base: 0x0000000000000000, Narrow klass shift: 3
Compressed class space size: 1073741824 Address: 0x00000007c0000000

Heap:
 PSYoungGen      total 620544K, used 511759K [0x000000076ab00000, 0x0000000796300000, 0x00000007c0000000)
  eden space 548864K, 82% used [0x000000076ab00000,0x00000007867dd1e0,0x000000078c300000)
  from space 71680K, 78% used [0x0000000790e80000,0x0000000794566d70,0x0000000795480000)
  to   space 77312K, 0% used [0x000000078c300000,0x000000078c300000,0x0000000790e80000)
 ParOldGen       total 219136K, used 120492K [0x00000006c0000000, 0x00000006cd600000, 0x000000076ab00000)
  object space 219136K, 54% used [0x00000006c0000000,0x00000006c75ab2c0,0x00000006cd600000)
 Metaspace       used 80160K, capacity 84864K, committed 85080K, reserved 1122304K
  class space    used 10970K, capacity 11900K, committed 11904K, reserved 1048576K

Card table byte_map: [0x0000000012540000,0x0000000012d50000] byte_map_base: 0x000000000ef40000

Marking Bits: (ParMarkBitMap*) 0x000000006b5df030
 Begin Bits: [0x0000000013ab0000, 0x0000000017ab0000)
 End Bits:   [0x0000000017ab0000, 0x000000001bab0000)

Polling page: 0x0000000001420000

CodeCache: size=245760Kb used=43510Kb max_used=44510Kb free=202249Kb
 bounds [0x0000000003180000, 0x0000000005d60000, 0x0000000012180000]
 total_blobs=13286 nmethods=12468 adapters=727
 compilation: enabled

Compilation events (10 events):
Event: 103.525 Thread 0x000000001eb6e000 nmethod 14587 0x000000000518d290 code [0x000000000518d5a0, 0x000000000518f428]
Event: 103.528 Thread 0x000000001eb6e000 14575       4       com.android.tools.r8.ir.optimize.l::a (704 bytes)
Event: 103.681 Thread 0x000000001eb6d000 15238       1       com.android.tools.r8.s.a.p.h::R (4 bytes)
Event: 103.682 Thread 0x000000001eb6d000 nmethod 15238 0x00000000038b4d10 code [0x00000000038b4e60, 0x00000000038b4f50]
Event: 103.692 Thread 0x000000001eb6d000 15239       3       com.android.tools.r8.ir.regalloc.a::a (562 bytes)
Event: 103.706 Thread 0x000000001eb6d000 nmethod 15239 0x0000000004646cd0 code [0x00000000046471a0, 0x0000000004649d48]
Event: 103.725 Thread 0x000000001eb6d000 15240       2       com.android.tools.r8.graph.Z0::b (10 bytes)
Event: 103.725 Thread 0x000000001eb6d000 nmethod 15240 0x000000000564fc10 code [0x000000000564fd80, 0x000000000564ff08]
Event: 103.729 Thread 0x000000001eb6d000 15241       2       com.android.tools.r8.t.a.a.a.h.y::iterator (5 bytes)
Event: 103.729 Thread 0x000000001eb6d000 nmethod 15241 0x000000000518ce50 code [0x000000000518cfc0, 0x000000000518d148]

GC Heap History (10 events):
Event: 68.569 GC heap before
{Heap before GC invocations=22 (full 4):
 PSYoungGen      total 416256K, used 408191K [0x000000076ab00000, 0x000000078b600000, 0x00000007c0000000)
  eden space 365568K, 100% used [0x000000076ab00000,0x0000000781000000,0x0000000781000000)
  from space 50688K, 84% used [0x0000000781000000,0x000000078399ff68,0x0000000784180000)
  to   space 56320K, 0% used [0x0000000787f00000,0x0000000787f00000,0x000000078b600000)
 ParOldGen       total 219136K, used 120452K [0x00000006c0000000, 0x00000006cd600000, 0x000000076ab00000)
  object space 219136K, 54% used [0x00000006c0000000,0x00000006c75a12c0,0x00000006cd600000)
 Metaspace       used 79344K, capacity 83808K, committed 84056K, reserved 1122304K
  class space    used 10897K, capacity 11802K, committed 11904K, reserved 1048576K
Event: 68.679 GC heap after
Heap after GC invocations=22 (full 4):
 PSYoungGen      total 475648K, used 40464K [0x000000076ab00000, 0x000000078bf00000, 0x00000007c0000000)
  eden space 419328K, 0% used [0x000000076ab00000,0x000000076ab00000,0x0000000784480000)
  from space 56320K, 71% used [0x0000000787f00000,0x000000078a6843b8,0x000000078b600000)
  to   space 59904K, 0% used [0x0000000784480000,0x0000000784480000,0x0000000787f00000)
 ParOldGen       total 219136K, used 120460K [0x00000006c0000000, 0x00000006cd600000, 0x000000076ab00000)
  object space 219136K, 54% used [0x00000006c0000000,0x00000006c75a32c0,0x00000006cd600000)
 Metaspace       used 79344K, capacity 83808K, committed 84056K, reserved 1122304K
  class space    used 10897K, capacity 11802K, committed 11904K, reserved 1048576K
}
Event: 73.410 GC heap before
{Heap before GC invocations=23 (full 4):
 PSYoungGen      total 475648K, used 459792K [0x000000076ab00000, 0x000000078bf00000, 0x00000007c0000000)
  eden space 419328K, 100% used [0x000000076ab00000,0x0000000784480000,0x0000000784480000)
  from space 56320K, 71% used [0x0000000787f00000,0x000000078a6843b8,0x000000078b600000)
  to   space 59904K, 0% used [0x0000000784480000,0x0000000784480000,0x0000000787f00000)
 ParOldGen       total 219136K, used 120460K [0x00000006c0000000, 0x00000006cd600000, 0x000000076ab00000)
  object space 219136K, 54% used [0x00000006c0000000,0x00000006c75a32c0,0x00000006cd600000)
 Metaspace       used 79824K, capacity 84570K, committed 84824K, reserved 1122304K
  class space    used 10961K, capacity 11895K, committed 11904K, reserved 1048576K
Event: 73.557 GC heap after
Heap after GC invocations=23 (full 4):
 PSYoungGen      total 479232K, used 42237K [0x000000076ab00000, 0x0000000790080000, 0x00000007c0000000)
  eden space 419328K, 0% used [0x000000076ab00000,0x000000076ab00000,0x0000000784480000)
  from space 59904K, 70% used [0x0000000784480000,0x0000000786dbf708,0x0000000787f00000)
  to   space 62976K, 0% used [0x000000078c300000,0x000000078c300000,0x0000000790080000)
 ParOldGen       total 219136K, used 120468K [0x00000006c0000000, 0x00000006cd600000, 0x000000076ab00000)
  object space 219136K, 54% used [0x00000006c0000000,0x00000006c75a52c0,0x00000006cd600000)
 Metaspace       used 79824K, capacity 84570K, committed 84824K, reserved 1122304K
  class space    used 10961K, capacity 11895K, committed 11904K, reserved 1048576K
}
Event: 80.228 GC heap before
{Heap before GC invocations=24 (full 4):
 PSYoungGen      total 479232K, used 461565K [0x000000076ab00000, 0x0000000790080000, 0x00000007c0000000)
  eden space 419328K, 100% used [0x000000076ab00000,0x0000000784480000,0x0000000784480000)
  from space 59904K, 70% used [0x0000000784480000,0x0000000786dbf708,0x0000000787f00000)
  to   space 62976K, 0% used [0x000000078c300000,0x000000078c300000,0x0000000790080000)
 ParOldGen       total 219136K, used 120468K [0x00000006c0000000, 0x00000006cd600000, 0x000000076ab00000)
  object space 219136K, 54% used [0x00000006c0000000,0x00000006c75a52c0,0x00000006cd600000)
 Metaspace       used 79843K, capacity 84576K, committed 84824K, reserved 1122304K
  class space    used 10962K, capacity 11896K, committed 11904K, reserved 1048576K
Event: 80.476 GC heap after
Heap after GC invocations=24 (full 4):
 PSYoungGen      total 544768K, used 46219K [0x000000076ab00000, 0x0000000790880000, 0x00000007c0000000)
  eden space 481792K, 0% used [0x000000076ab00000,0x000000076ab00000,0x0000000788180000)
  from space 62976K, 73% used [0x000000078c300000,0x000000078f022d80,0x0000000790080000)
  to   space 67072K, 0% used [0x0000000788180000,0x0000000788180000,0x000000078c300000)
 ParOldGen       total 219136K, used 120476K [0x00000006c0000000, 0x00000006cd600000, 0x000000076ab00000)
  object space 219136K, 54% used [0x00000006c0000000,0x00000006c75a72c0,0x00000006cd600000)
 Metaspace       used 79843K, capacity 84576K, committed 84824K, reserved 1122304K
  class space    used 10962K, capacity 11896K, committed 11904K, reserved 1048576K
}
Event: 86.651 GC heap before
{Heap before GC invocations=25 (full 4):
 PSYoungGen      total 544768K, used 528011K [0x000000076ab00000, 0x0000000790880000, 0x00000007c0000000)
  eden space 481792K, 100% used [0x000000076ab00000,0x0000000788180000,0x0000000788180000)
  from space 62976K, 73% used [0x000000078c300000,0x000000078f022d80,0x0000000790080000)
  to   space 67072K, 0% used [0x0000000788180000,0x0000000788180000,0x000000078c300000)
 ParOldGen       total 219136K, used 120476K [0x00000006c0000000, 0x00000006cd600000, 0x000000076ab00000)
  object space 219136K, 54% used [0x00000006c0000000,0x00000006c75a72c0,0x00000006cd600000)
 Metaspace       used 79909K, capacity 84660K, committed 84824K, reserved 1122304K
  class space    used 10969K, capacity 11900K, committed 11904K, reserved 1048576K
Event: 86.799 GC heap after
Heap after GC invocations=25 (full 4):
 PSYoungGen      total 548864K, used 50703K [0x000000076ab00000, 0x0000000795480000, 0x00000007c0000000)
  eden space 481792K, 0% used [0x000000076ab00000,0x000000076ab00000,0x0000000788180000)
  from space 67072K, 75% used [0x0000000788180000,0x000000078b303fb0,0x000000078c300000)
  to   space 71680K, 0% used [0x0000000790e80000,0x0000000790e80000,0x0000000795480000)
 ParOldGen       total 219136K, used 120484K [0x00000006c0000000, 0x00000006cd600000, 0x000000076ab00000)
  object space 219136K, 54% used [0x00000006c0000000,0x00000006c75a92c0,0x00000006cd600000)
 Metaspace       used 79909K, capacity 84660K, committed 84824K, reserved 1122304K
  class space    used 10969K, capacity 11900K, committed 11904K, reserved 1048576K
}
Event: 92.013 GC heap before
{Heap before GC invocations=26 (full 4):
 PSYoungGen      total 548864K, used 532495K [0x000000076ab00000, 0x0000000795480000, 0x00000007c0000000)
  eden space 481792K, 100% used [0x000000076ab00000,0x0000000788180000,0x0000000788180000)
  from space 67072K, 75% used [0x0000000788180000,0x000000078b303fb0,0x000000078c300000)
  to   space 71680K, 0% used [0x0000000790e80000,0x0000000790e80000,0x0000000795480000)
 ParOldGen       total 219136K, used 120484K [0x00000006c0000000, 0x00000006cd600000, 0x000000076ab00000)
  object space 219136K, 54% used [0x00000006c0000000,0x00000006c75a92c0,0x00000006cd600000)
 Metaspace       used 80132K, capacity 84800K, committed 84824K, reserved 1122304K
  class space    used 10970K, capacity 11900K, committed 11904K, reserved 1048576K
Event: 92.246 GC heap after
Heap after GC invocations=26 (full 4):
 PSYoungGen      total 620544K, used 56219K [0x000000076ab00000, 0x0000000796300000, 0x00000007c0000000)
  eden space 548864K, 0% used [0x000000076ab00000,0x000000076ab00000,0x000000078c300000)
  from space 71680K, 78% used [0x0000000790e80000,0x0000000794566d70,0x0000000795480000)
  to   space 77312K, 0% used [0x000000078c300000,0x000000078c300000,0x0000000790e80000)
 ParOldGen       total 219136K, used 120492K [0x00000006c0000000, 0x00000006cd600000, 0x000000076ab00000)
  object space 219136K, 54% used [0x00000006c0000000,0x00000006c75ab2c0,0x00000006cd600000)
 Metaspace       used 80132K, capacity 84800K, committed 84824K, reserved 1122304K
  class space    used 10970K, capacity 11900K, committed 11904K, reserved 1048576K
}

Deoptimization events (10 events):
Event: 83.740 Thread 0x00000000209d8000 Uncommon trap: reason=unstable_if action=reinterpret pc=0x00000000058991e0 method=com.android.tools.r8.t.a.a.a.f.X$e.contains(Ljava/lang/Object;)Z @ 71
Event: 87.586 Thread 0x00000000209df800 Uncommon trap: reason=bimorphic action=maybe_recompile pc=0x00000000055dda38 method=com.android.tools.r8.s.b.t1.a(Lcom/android/tools/r8/s/a/p/u;)Lcom/android/tools/r8/s/b/t1; @ 29
Event: 89.463 Thread 0x00000000209df800 Uncommon trap: reason=unstable_if action=reinterpret pc=0x0000000005927b48 method=com.android.tools.r8.graph.i0.b(Lcom/android/tools/r8/graph/i0;)I @ 83
Event: 89.736 Thread 0x00000000209df800 Uncommon trap: reason=array_check action=maybe_recompile pc=0x0000000004a27cac method=java.util.TimSort.reverseRange([Ljava/lang/Object;II)V @ 27
Event: 89.737 Thread 0x00000000209df800 Uncommon trap: reason=array_check action=maybe_recompile pc=0x0000000004a27cac method=java.util.TimSort.reverseRange([Ljava/lang/Object;II)V @ 27
Event: 91.310 Thread 0x00000000209e0000 Uncommon trap: reason=unstable_if action=reinterpret pc=0x0000000003d22400 method=java.util.TimSort.countRunAndMakeAscending([Ljava/lang/Object;IILjava/util/Comparator;)I @ 27
Event: 96.212 Thread 0x00000000209d8000 Uncommon trap: reason=unstable_if action=reinterpret pc=0x0000000004ec77a4 method=com.android.tools.r8.z.a.a.B.a()Ljava/lang/String; @ 8
Event: 97.571 Thread 0x00000000209d8000 Uncommon trap: reason=unstable_if action=reinterpret pc=0x0000000005b3fb64 method=com.android.tools.r8.q.a.a.b.f.get(Ljava/lang/Object;)Ljava/util/Collection; @ 15
Event: 99.236 Thread 0x00000000209d8000 Uncommon trap: reason=class_check action=maybe_recompile pc=0x0000000005b4bb64 method=com.android.tools.r8.ir.optimize.l.p(Lcom/android/tools/r8/s/b/X;)V @ 985
Event: 100.756 Thread 0x00000000209d8000 Uncommon trap: reason=class_check action=maybe_recompile pc=0x000000000536790c method=com.android.tools.r8.ir.optimize.l.k(Lcom/android/tools/r8/s/b/X;)Z @ 377

Classes redefined (0 events):
No events

Internal exceptions (10 events):
Event: 54.411 Thread 0x00000000209e0000 Exception <a 'sun/nio/fs/WindowsException'> (0x0000000774539ef0) thrown at [C:\src\AOSP-openjdk-git\hotspot\src\share\vm\prims\jni.cpp, line 710]
Event: 55.292 Thread 0x00000000209e1800 Exception <a 'java/lang/IncompatibleClassChangeError': Found class java.lang.Object, but interface was expected> (0x0000000778548060) thrown at [C:\src\AOSP-openjdk-git\hotspot\src\share\vm\interpreter\linkResolver.cpp, line 653]
Event: 55.602 Thread 0x00000000209d8000 Exception <a 'sun/nio/fs/WindowsException'> (0x000000077a518ee8) thrown at [C:\src\AOSP-openjdk-git\hotspot\src\share\vm\prims\jni.cpp, line 710]
Event: 59.544 Thread 0x00000000209e1800 Exception <a 'java/lang/NoSuchMethodError': java.lang.Object.b(Lcom/android/tools/r8/graph/p1$b;)Lcom/android/tools/r8/graph/p1$b;> (0x0000000772979e88) thrown at [C:\src\AOSP-openjdk-git\hotspot\src\share\vm\interpreter\linkResolver.cpp, line 620]
Event: 59.810 Thread 0x00000000209e1800 Exception <a 'java/lang/NoSuchMethodError': java.lang.Object.lambda$comparingInt$7b0bb60$1(Ljava/util/function/ToIntFunction;Ljava/lang/Object;Ljava/lang/Object;)I> (0x00000007739f9a18) thrown at [C:\src\AOSP-openjdk-git\hotspot\src\share\vm\interpreter\l
Event: 59.812 Thread 0x00000000209e1800 Exception <a 'java/lang/NoSuchMethodError': java.lang.Object.lambda$maxBy$1(Ljava/util/Comparator;Ljava/lang/Object;Ljava/lang/Object;)Ljava/lang/Object;> (0x00000007739fe368) thrown at [C:\src\AOSP-openjdk-git\hotspot\src\share\vm\interpreter\linkResolve
Event: 64.668 Thread 0x00000000209e1800 Implicit null exception at 0x0000000005538591 to 0x0000000005539a16
Event: 69.101 Thread 0x00000000209e1800 Exception <a 'sun/nio/fs/WindowsException'> (0x000000076c79cfa0) thrown at [C:\src\AOSP-openjdk-git\hotspot\src\share\vm\prims\jni.cpp, line 710]
Event: 90.715 Thread 0x00000000209df800 Exception <a 'sun/nio/fs/WindowsException'> (0x00000007817a4580) thrown at [C:\src\AOSP-openjdk-git\hotspot\src\share\vm\prims\jni.cpp, line 710]
Event: 93.398 Thread 0x00000000209e0000 Exception <a 'sun/nio/fs/WindowsException'> (0x000000076ca8e680) thrown at [C:\src\AOSP-openjdk-git\hotspot\src\share\vm\prims\jni.cpp, line 710]

Events (10 events):
Event: 103.268 Thread 0x00000000209d8000 DEOPT PACKING pc=0x00000000052ce995 sp=0x00000000286c9eb0
Event: 103.268 Thread 0x00000000209d8000 DEOPT UNPACKING pc=0x00000000031c75d0 sp=0x00000000286c9ee8 mode 0
Event: 103.333 Thread 0x00000000209d8000 DEOPT PACKING pc=0x00000000052ce995 sp=0x00000000286c9eb0
Event: 103.333 Thread 0x00000000209d8000 DEOPT UNPACKING pc=0x00000000031c75d0 sp=0x00000000286c9ee8 mode 0
Event: 103.410 Thread 0x00000000209d8000 DEOPT PACKING pc=0x00000000052ce5f7 sp=0x00000000286c9eb0
Event: 103.410 Thread 0x00000000209d8000 DEOPT UNPACKING pc=0x00000000031c75d0 sp=0x00000000286c9ee0 mode 0
Event: 103.562 Thread 0x00000000209d8000 DEOPT PACKING pc=0x00000000052cdfa5 sp=0x00000000286c9eb0
Event: 103.562 Thread 0x00000000209d8000 DEOPT UNPACKING pc=0x00000000031c75d0 sp=0x00000000286c9ef0 mode 0
Event: 103.692 Thread 0x00000000209d8000 DEOPT PACKING pc=0x000000000588fb9f sp=0x00000000286c99b0
Event: 103.692 Thread 0x00000000209d8000 DEOPT UNPACKING pc=0x00000000031c75d0 sp=0x00000000286c9778 mode 0


Dynamic libraries:
0x00007ff763bf0000 - 0x00007ff763c21000 	C:\Program Files\Android\Android Studio\jre\bin\java.exe
0x00007ff9ad3d0000 - 0x00007ff9ad5c5000 	C:\WINDOWS\SYSTEM32\ntdll.dll
0x00007ff9ab490000 - 0x00007ff9ab54d000 	C:\WINDOWS\System32\KERNEL32.DLL
0x00007ff9aaf50000 - 0x00007ff9ab218000 	C:\WINDOWS\System32\KERNELBASE.dll
0x00007ff9acfb0000 - 0x00007ff9ad05c000 	C:\WINDOWS\System32\ADVAPI32.dll
0x00007ff9ab620000 - 0x00007ff9ab6be000 	C:\WINDOWS\System32\msvcrt.dll
0x00007ff9acab0000 - 0x00007ff9acb4b000 	C:\WINDOWS\System32\sechost.dll
0x00007ff9abed0000 - 0x00007ff9abffb000 	C:\WINDOWS\System32\RPCRT4.dll
0x00007ff9acd20000 - 0x00007ff9acec0000 	C:\WINDOWS\System32\USER32.dll
0x00007ff9ab220000 - 0x00007ff9ab242000 	C:\WINDOWS\System32\win32u.dll
0x00007ff9acf80000 - 0x00007ff9acfaa000 	C:\WINDOWS\System32\GDI32.dll
0x00007ff9aacc0000 - 0x00007ff9aadcb000 	C:\WINDOWS\System32\gdi32full.dll
0x00007ff9aab10000 - 0x00007ff9aabad000 	C:\WINDOWS\System32\msvcp_win.dll
0x00007ff9aae50000 - 0x00007ff9aaf50000 	C:\WINDOWS\System32\ucrtbase.dll
0x00007ff990830000 - 0x00007ff990aca000 	C:\WINDOWS\WinSxS\amd64_microsoft.windows.common-controls_6595b64144ccf1df_6.0.19041.844_none_ca00b6081b84eb1d\COMCTL32.dll
0x00007ff9ab6c0000 - 0x00007ff9ab6f0000 	C:\WINDOWS\System32\IMM32.DLL
0x000000006ac10000 - 0x000000006ace2000 	C:\Program Files\Android\Android Studio\jre\jre\bin\msvcr100.dll
0x000000006ae10000 - 0x000000006b65b000 	C:\Program Files\Android\Android Studio\jre\jre\bin\server\jvm.dll
0x00007ff9abe50000 - 0x00007ff9abe58000 	C:\WINDOWS\System32\PSAPI.DLL
0x00007ff9a1ad0000 - 0x00007ff9a1ada000 	C:\WINDOWS\SYSTEM32\VERSION.dll
0x00007ff99be50000 - 0x00007ff99be77000 	C:\WINDOWS\SYSTEM32\WINMM.dll
0x00007ff990040000 - 0x00007ff990049000 	C:\WINDOWS\SYSTEM32\WSOCK32.dll
0x00007ff9abe60000 - 0x00007ff9abecb000 	C:\WINDOWS\System32\WS2_32.dll
0x00007ff9a3ff0000 - 0x00007ff9a3fff000 	C:\Program Files\Android\Android Studio\jre\jre\bin\verify.dll
0x00007ff9a3b50000 - 0x00007ff9a3b79000 	C:\Program Files\Android\Android Studio\jre\jre\bin\java.dll
0x00007ff99b6a0000 - 0x00007ff99b6b6000 	C:\Program Files\Android\Android Studio\jre\jre\bin\zip.dll
0x00007ff9ac000000 - 0x00007ff9ac742000 	C:\WINDOWS\System32\SHELL32.dll
0x00007ff9a8580000 - 0x00007ff9a8d10000 	C:\WINDOWS\SYSTEM32\windows.storage.dll
0x00007ff9ac750000 - 0x00007ff9acaa5000 	C:\WINDOWS\System32\combase.dll
0x00007ff9aa4b0000 - 0x00007ff9aa4dc000 	C:\WINDOWS\SYSTEM32\Wldp.dll
0x00007ff9aced0000 - 0x00007ff9acf7e000 	C:\WINDOWS\System32\SHCORE.dll
0x00007ff9ab8d0000 - 0x00007ff9ab925000 	C:\WINDOWS\System32\shlwapi.dll
0x00007ff9aaa50000 - 0x00007ff9aaa6f000 	C:\WINDOWS\SYSTEM32\profapi.dll
0x00007ff9903b0000 - 0x00007ff9903ca000 	C:\Program Files\Android\Android Studio\jre\jre\bin\net.dll
0x00007ff9aa220000 - 0x00007ff9aa28a000 	C:\WINDOWS\system32\mswsock.dll
0x00007ff990020000 - 0x00007ff990033000 	C:\Program Files\Android\Android Studio\jre\jre\bin\nio.dll
0x00007ff985910000 - 0x00007ff985937000 	C:\Users\KimHanbi\.gradle\native\f6784746aeab05261644944871eae4fe03e0ef1612fff0a4a95f87b438bc6780\windows-amd64\native-platform.dll
0x00007ff9a2a40000 - 0x00007ff9a2a4d000 	C:\Program Files\Android\Android Studio\jre\jre\bin\management.dll
0x00007ff9aa3f0000 - 0x00007ff9aa408000 	C:\WINDOWS\SYSTEM32\CRYPTSP.dll
0x00007ff9a9bc0000 - 0x00007ff9a9bf4000 	C:\WINDOWS\system32\rsaenh.dll
0x00007ff9aae20000 - 0x00007ff9aae47000 	C:\WINDOWS\System32\bcrypt.dll
0x00007ff9aaa10000 - 0x00007ff9aaa3e000 	C:\WINDOWS\SYSTEM32\USERENV.dll
0x00007ff9ab3b0000 - 0x00007ff9ab430000 	C:\WINDOWS\System32\bcryptprimitives.dll
0x00007ff9aa410000 - 0x00007ff9aa41c000 	C:\WINDOWS\SYSTEM32\CRYPTBASE.dll
0x00007ff9a9f10000 - 0x00007ff9a9f4b000 	C:\WINDOWS\SYSTEM32\IPHLPAPI.DLL
0x00007ff9acec0000 - 0x00007ff9acec8000 	C:\WINDOWS\System32\NSI.dll
0x00007ff9a3ac0000 - 0x00007ff9a3ad7000 	C:\WINDOWS\SYSTEM32\dhcpcsvc6.DLL
0x00007ff9a39b0000 - 0x00007ff9a39cd000 	C:\WINDOWS\SYSTEM32\dhcpcsvc.DLL
0x00007ff9a9f50000 - 0x00007ff9aa01c000 	C:\WINDOWS\SYSTEM32\DNSAPI.dll
0x00007ff9a72f0000 - 0x00007ff9a72fb000 	C:\WINDOWS\SYSTEM32\WINNSI.DLL

VM Arguments:
jvm_args: -Xmx4096m -Dfile.encoding=UTF-8 -Duser.country=KR -Duser.language=ko -Duser.variant 
java_command: org.gradle.launcher.daemon.bootstrap.GradleDaemon 6.5
java_class_path (initial): C:\Users\KimHanbi\.gradle\wrapper\dists\gradle-6.5-all\2oz4ud9k3tuxjg84bbf55q0tn\gradle-6.5\lib\gradle-launcher-6.5.jar
Launcher Type: SUN_STANDARD

Environment Variables:
JAVA_HOME=C:\Program Files\Java\jdk1.8.0_251
CLASSPATH=%classpath%;;;
PATH=C:\Program Files\Java\jdk1.8.0_251\bin;C:\Program Files (x86)\Common Files\Oracle\Java\javapath;C:\Program Files (x86)\Intel\iCLS Client\;C:\Program Files\Intel\iCLS Client\;C:\WINDOWS\system32;C:\WINDOWS;C:\WINDOWS\System32\Wbem;C:\WINDOWS\System32\WindowsPowerShell\v1.0\;C:\Program Files (x86)\Intel\Intel(R) Management Engine Components\DAL;C:\Program Files\Intel\Intel(R) Management Engine Components\DAL;C:\Program Files (x86)\Intel\Intel(R) Management Engine Components\IPT;C:\Program Files\Intel\Intel(R) Management Engine Components\IPT;C:\Program Files\Intel\WiFi\bin\;C:\Program Files\Common Files\Intel\WirelessCommon\;C:\WINDOWS\System32\OpenSSH\;C:\MinGW\bin;C:\Program Files\Java\jdk1.8.0_251\bin;C:\Program Files\Git\cmd;C:\Program Files\MySQL\MySQL Server 8.0\bin;C:\ProgramData\chocolatey\bin;C:\Program Files\nodejs\;C:\Program Files\MySQL\MySQL Shell 8.0\bin\;C:\Python\Python36\Scripts\;C:\Python\Python36\;C:\Users\KimHanbi\AppData\Local\Microsoft\WindowsApps;C:\Users\KimHanbi\AppData\Local\Programs\Microsoft VS Code\bin;C:\Users\KimHanbi\AppData\Roaming\npm;C:\Program Files\Android\Android Studio\jre\bin;C:\Users\KimHanbi\AppData\Local\gitkraken\bin
USERNAME=KimHanbi
OS=Windows_NT
PROCESSOR_IDENTIFIER=Intel64 Family 6 Model 142 Stepping 10, GenuineIntel



---------------  S Y S T E M  ---------------

OS: Windows 10.0 , 64 bit Build 19041 (10.0.19041.928)

CPU:total 8 (initial active 8) (4 cores per cpu, 2 threads per core) family 6 model 142 stepping 10, cmov, cx8, fxsr, mmx, sse, sse2, sse3, ssse3, sse4.1, sse4.2, popcnt, avx, avx2, aes, clmul, erms, 3dnowpref, lzcnt, ht, tsc, tscinvbit, bmi1, bmi2, adx

Memory: 4k page, physical 8217940k(340680k free), swap 8217940k(3004k free)

vm_info: OpenJDK 64-Bit Server VM (25.242-b01) for windows-amd64 JRE (1.8.0_242-release-1644-b01), built by "builder" with MS VC++ 10.0 (VS2010)

time: Tue Jun 01 14:31:23 2021
timezone: 대한민국 표준시
elapsed time: 103 seconds (0d 0h 1m 43s)

