#
# There is insufficient memory for the Java Runtime Environment to continue.
# Native memory allocation (malloc) failed to allocate 3515856 bytes for Chunk::new
# Possible reasons:
#   The system is out of physical RAM or swap space
#   The process is running with CompressedOops enabled, and the Java Heap may be blocking the growth of the native heap
# Possible solutions:
#   Reduce memory load on the system
#   Increase physical memory or swap space
#   Check if swap backing store is full
#   Decrease Java heap size (-Xmx/-Xms)
#   Decrease number of Java threads
#   Decrease Java thread stack sizes (-Xss)
#   Set larger code cache with -XX:ReservedCodeCacheSize=
#   JVM is running with Unscaled Compressed Oops mode in which the Java heap is
#     placed in the first 4GB address space. The Java Heap base address is the
#     maximum limit for the native heap growth. Please use -XX:HeapBaseMinAddress
#     to set the Java Heap base and to place the Java Heap above 4GB virtual address.
# This output file may be truncated or incomplete.
#
#  Out of Memory Error (allocation.cpp:389), pid=9776, tid=0x0000000000003110
#
# JRE version: OpenJDK Runtime Environment (8.0_242-b01) (build 1.8.0_242-release-1644-b01)
# Java VM: OpenJDK 64-Bit Server VM (25.242-b01 mixed mode windows-amd64 compressed oops)
# Failed to write core dump. Minidumps are not enabled by default on client versions of Windows
#

---------------  T H R E A D  ---------------

Current thread (0x0000000019b40000):  JavaThread "C2 CompilerThread0" daemon [_thread_in_native, id=12560, stack(0x000000001a390000,0x000000001a490000)]

Stack: [0x000000001a390000,0x000000001a490000]
[error occurred during error reporting (printing stack bounds), id 0xc0000005]

Native frames: (J=compiled Java code, j=interpreted, Vv=VM code, C=native code)


Current CompileTask:
C2: 212498 14738 %     4       com.android.tools.r8.z.a.a.f::a @ 2463 (3630 bytes)


---------------  P R O C E S S  ---------------

Java Threads: ( => current thread )
  0x000000001c7e9000 JavaThread "WorkerExecutor Queue Thread 9" [_thread_blocked, id=2464, stack(0x00000000318f0000,0x00000000319f0000)]
  0x000000001c7e1800 JavaThread "WorkerExecutor Queue Thread 8" [_thread_blocked, id=14292, stack(0x0000000031b20000,0x0000000031c20000)]
  0x000000001c7e2000 JavaThread "WorkerExecutor Queue Thread 7" [_thread_blocked, id=6472, stack(0x0000000031a20000,0x0000000031b20000)]
  0x000000001c7e8000 JavaThread "WorkerExecutor Queue Thread 6" [_thread_blocked, id=7792, stack(0x00000000317f0000,0x00000000318f0000)]
  0x000000001c7e0800 JavaThread "WorkerExecutor Queue Thread 5" [_thread_blocked, id=8596, stack(0x00000000316f0000,0x00000000317f0000)]
  0x000000001c7e6800 JavaThread "WorkerExecutor Queue Thread 4" [_thread_blocked, id=9612, stack(0x00000000315f0000,0x00000000316f0000)]
  0x000000001c7e3000 JavaThread "WorkerExecutor Queue Thread 3" [_thread_blocked, id=1928, stack(0x00000000314f0000,0x00000000315f0000)]
  0x000000001c7e7800 JavaThread "WorkerExecutor Queue" [_thread_blocked, id=10896, stack(0x00000000309b0000,0x0000000030ab0000)]
  0x000000001c7e4800 JavaThread "Cache worker for Java compile cache (C:\Users\KimHanbi\AndroidStudioProjects\UntactShop\.gradle\6.5\javaCompile)" [_thread_blocked, id=9192, stack(0x00000000304b0000,0x00000000305b0000)]
  0x000000001c7e0000 JavaThread "Cache worker for Java compile cache (C:\Users\KimHanbi\.gradle\caches\6.5\javaCompile)" [_thread_blocked, id=12392, stack(0x00000000303b0000,0x00000000304b0000)]
  0x000000001c7dd800 JavaThread "Cache worker for execution history cache (C:\Users\KimHanbi\AndroidStudioProjects\UntactShop\.gradle\6.5\executionHistory)" [_thread_blocked, id=5072, stack(0x00000000300b0000,0x00000000301b0000)]
  0x000000001c7dc000 JavaThread "Execution worker for ':' Thread 7" [_thread_blocked, id=14172, stack(0x000000002ffb0000,0x00000000300b0000)]
  0x000000001c7dd000 JavaThread "Execution worker for ':' Thread 6" [_thread_in_native, id=3380, stack(0x000000002feb0000,0x000000002ffb0000)]
  0x000000001c7da800 JavaThread "Execution worker for ':' Thread 5" [_thread_blocked, id=7184, stack(0x000000002fdb0000,0x000000002feb0000)]
  0x000000001c7d9800 JavaThread "Execution worker for ':' Thread 4" [_thread_blocked, id=11756, stack(0x000000002fcb0000,0x000000002fdb0000)]
  0x000000001c7d9000 JavaThread "Execution worker for ':' Thread 3" [_thread_blocked, id=13424, stack(0x000000002fbb0000,0x000000002fcb0000)]
  0x000000001c7d8000 JavaThread "Execution worker for ':' Thread 2" [_thread_blocked, id=11096, stack(0x000000002fab0000,0x000000002fbb0000)]
  0x00000000203f6000 JavaThread "Execution worker for ':'" [_thread_blocked, id=12100, stack(0x000000002f9b0000,0x000000002fab0000)]
  0x00000000203f3800 JavaThread "Cache worker for file content cache (C:\Users\KimHanbi\AndroidStudioProjects\UntactShop\.gradle\6.5\fileContent)" [_thread_blocked, id=4000, stack(0x000000002da60000,0x000000002db60000)]
  0x00000000203f0800 JavaThread "Cache worker for Build Output Cleanup Cache (C:\Users\KimHanbi\AndroidStudioProjects\UntactShop\.gradle\buildOutputCleanup)" [_thread_blocked, id=10792, stack(0x000000002d660000,0x000000002d760000)]
  0x00000000203f5000 JavaThread "Build operations Thread 8" [_thread_blocked, id=13604, stack(0x000000002c510000,0x000000002c610000)]
  0x00000000203f6800 JavaThread "Build operations Thread 7" [_thread_blocked, id=2628, stack(0x0000000023a20000,0x0000000023b20000)]
  0x00000000203ed800 JavaThread "Build operations Thread 6" [_thread_blocked, id=7180, stack(0x0000000023920000,0x0000000023a20000)]
  0x00000000203ef000 JavaThread "Build operations Thread 5" [_thread_blocked, id=8812, stack(0x0000000023820000,0x0000000023920000)]
  0x00000000203f0000 JavaThread "Build operations Thread 4" [_thread_blocked, id=13348, stack(0x0000000023520000,0x0000000023620000)]
  0x00000000203f3000 JavaThread "Build operations Thread 3" [_thread_blocked, id=5432, stack(0x0000000023420000,0x0000000023520000)]
  0x00000000212cc800 JavaThread "Build operations Thread 2" [_thread_blocked, id=13940, stack(0x0000000023320000,0x0000000023420000)]
  0x00000000212cc000 JavaThread "Build operations" [_thread_blocked, id=9808, stack(0x0000000023220000,0x0000000023320000)]
  0x00000000212ca800 JavaThread "Cache worker for cache directory md-rule (C:\Users\KimHanbi\.gradle\caches\6.5\md-rule)" [_thread_blocked, id=13860, stack(0x0000000023120000,0x0000000023220000)]
  0x00000000212c9800 JavaThread "Cache worker for cache directory md-supplier (C:\Users\KimHanbi\.gradle\caches\6.5\md-supplier)" [_thread_blocked, id=5464, stack(0x0000000023020000,0x0000000023120000)]
  0x00000000212c9000 JavaThread "Cache worker for checksums cache (C:\Users\KimHanbi\AndroidStudioProjects\UntactShop\.gradle\checksums)" [_thread_blocked, id=13608, stack(0x000000001f9e0000,0x000000001fae0000)]
  0x00000000212c0800 JavaThread "Cache worker for file hash cache (C:\Users\KimHanbi\AndroidStudioProjects\UntactShop\.gradle\6.5\fileHashes)" [_thread_blocked, id=13840, stack(0x000000001e210000,0x000000001e310000)]
  0x00000000212c2000 JavaThread "Thread-175" [_thread_blocked, id=3044, stack(0x000000001df10000,0x000000001e010000)]
  0x00000000212c7800 JavaThread "Stdin handler" [_thread_blocked, id=13900, stack(0x000000001dd10000,0x000000001de10000)]
  0x0000000019e2c000 JavaThread "Asynchronous log dispatcher for DefaultDaemonConnection: socket connection from /127.0.0.1:3835 to /127.0.0.1:3855" [_thread_blocked, id=2004, stack(0x000000001dc10000,0x000000001dd10000)]
  0x0000000019e2e800 JavaThread "Cancel handler" [_thread_blocked, id=2844, stack(0x0000000000d50000,0x0000000000e50000)]
  0x0000000019e30800 JavaThread "Handler for socket connection from /127.0.0.1:3835 to /127.0.0.1:3855" [_thread_in_native, id=7840, stack(0x0000000000c50000,0x0000000000d50000)]
  0x0000000019e30000 JavaThread "Memory manager" [_thread_blocked, id=8844, stack(0x000000002c1e0000,0x000000002c2e0000)]
  0x000000001c7d6800 JavaThread "jar transforms Thread 124" [_thread_blocked, id=2704, stack(0x000000002aee0000,0x000000002afe0000)]
  0x000000001c7cf000 JavaThread "jar transforms Thread 123" [_thread_blocked, id=3280, stack(0x000000002ade0000,0x000000002aee0000)]
  0x000000001c7d6000 JavaThread "jar transforms Thread 122" [_thread_blocked, id=13456, stack(0x000000002ace0000,0x000000002ade0000)]
  0x000000001c7d5000 JavaThread "jar transforms Thread 121" [_thread_blocked, id=13316, stack(0x000000002abe0000,0x000000002ace0000)]
  0x000000001c7d3800 JavaThread "jar transforms Thread 120" [_thread_blocked, id=5960, stack(0x000000002aae0000,0x000000002abe0000)]
  0x000000001c7d3000 JavaThread "jar transforms Thread 119" [_thread_blocked, id=14120, stack(0x000000002a9e0000,0x000000002aae0000)]
  0x000000001c7d4800 JavaThread "jar transforms Thread 118" [_thread_blocked, id=10756, stack(0x000000002a8e0000,0x000000002a9e0000)]
  0x000000001c7d0800 JavaThread "jar transforms Thread 117" [_thread_blocked, id=11156, stack(0x000000002a7e0000,0x000000002a8e0000)]
  0x000000001c7cc000 JavaThread "jar transforms Thread 116" [_thread_blocked, id=13144, stack(0x000000002a6e0000,0x000000002a7e0000)]
  0x000000001c7d2000 JavaThread "jar transforms Thread 115" [_thread_blocked, id=11124, stack(0x000000002a5e0000,0x000000002a6e0000)]
  0x000000001c7ce800 JavaThread "jar transforms Thread 114" [_thread_blocked, id=14108, stack(0x000000002a4e0000,0x000000002a5e0000)]
  0x000000001c7cd800 JavaThread "jar transforms Thread 113" [_thread_blocked, id=9884, stack(0x000000002a3e0000,0x000000002a4e0000)]
  0x000000001c7cd000 JavaThread "jar transforms Thread 112" [_thread_blocked, id=13856, stack(0x000000002a2e0000,0x000000002a3e0000)]
  0x000000001c7d1800 JavaThread "jar transforms Thread 111" [_thread_blocked, id=8836, stack(0x000000002a1e0000,0x000000002a2e0000)]
  0x000000001c7cb800 JavaThread "jar transforms Thread 110" [_thread_blocked, id=8276, stack(0x000000002a0e0000,0x000000002a1e0000)]
  0x000000001b814800 JavaThread "jar transforms Thread 109" [_thread_blocked, id=9668, stack(0x0000000029fe0000,0x000000002a0e0000)]
  0x000000001b813800 JavaThread "jar transforms Thread 108" [_thread_blocked, id=7340, stack(0x0000000029ee0000,0x0000000029fe0000)]
  0x000000001b813000 JavaThread "jar transforms Thread 107" [_thread_blocked, id=2316, stack(0x0000000029de0000,0x0000000029ee0000)]
  0x000000001b812000 JavaThread "jar transforms Thread 106" [_thread_blocked, id=13484, stack(0x0000000029ce0000,0x0000000029de0000)]
  0x000000001b816000 JavaThread "jar transforms Thread 105" [_thread_blocked, id=1888, stack(0x0000000029be0000,0x0000000029ce0000)]
  0x000000001b815000 JavaThread "jar transforms Thread 104" [_thread_blocked, id=9052, stack(0x0000000029ae0000,0x0000000029be0000)]
  0x000000001b811800 JavaThread "jar transforms Thread 103" [_thread_blocked, id=5576, stack(0x00000000299e0000,0x0000000029ae0000)]
  0x000000001b810800 JavaThread "jar transforms Thread 102" [_thread_blocked, id=13556, stack(0x00000000298e0000,0x00000000299e0000)]
  0x000000001b810000 JavaThread "jar transforms Thread 101" [_thread_blocked, id=7860, stack(0x00000000297e0000,0x00000000298e0000)]
  0x000000001b816800 JavaThread "jar transforms Thread 100" [_thread_blocked, id=12540, stack(0x00000000296e0000,0x00000000297e0000)]
  0x000000001b808000 JavaThread "jar transforms Thread 99" [_thread_blocked, id=4084, stack(0x00000000295e0000,0x00000000296e0000)]
  0x000000001b80f000 JavaThread "jar transforms Thread 98" [_thread_blocked, id=9312, stack(0x00000000294e0000,0x00000000295e0000)]
  0x000000001b807800 JavaThread "jar transforms Thread 97" [_thread_blocked, id=12508, stack(0x00000000293e0000,0x00000000294e0000)]
  0x000000001b80e800 JavaThread "jar transforms Thread 96" [_thread_blocked, id=2428, stack(0x00000000292e0000,0x00000000293e0000)]
  0x000000001b80d800 JavaThread "jar transforms Thread 95" [_thread_blocked, id=9976, stack(0x00000000291e0000,0x00000000292e0000)]
  0x000000001b80b000 JavaThread "jar transforms Thread 94" [_thread_blocked, id=10732, stack(0x00000000290e0000,0x00000000291e0000)]
  0x000000001b80c800 JavaThread "jar transforms Thread 93" [_thread_blocked, id=10868, stack(0x0000000028fe0000,0x00000000290e0000)]
  0x000000001b809000 JavaThread "jar transforms Thread 92" [_thread_blocked, id=1768, stack(0x0000000028ee0000,0x0000000028fe0000)]
  0x000000001b80a800 JavaThread "jar transforms Thread 91" [_thread_blocked, id=10836, stack(0x0000000028de0000,0x0000000028ee0000)]
  0x000000001b809800 JavaThread "jar transforms Thread 90" [_thread_blocked, id=3172, stack(0x0000000028ce0000,0x0000000028de0000)]
  0x000000001b80c000 JavaThread "jar transforms Thread 89" [_thread_blocked, id=12624, stack(0x0000000028be0000,0x0000000028ce0000)]
  0x000000001cda8800 JavaThread "jar transforms Thread 88" [_thread_blocked, id=2948, stack(0x0000000028ae0000,0x0000000028be0000)]
  0x000000001cda7000 JavaThread "jar transforms Thread 87" [_thread_blocked, id=5892, stack(0x00000000289e0000,0x0000000028ae0000)]
  0x000000001cda9800 JavaThread "jar transforms Thread 86" [_thread_blocked, id=4160, stack(0x00000000288e0000,0x00000000289e0000)]
  0x000000001cda8000 JavaThread "jar transforms Thread 85" [_thread_blocked, id=3328, stack(0x00000000287e0000,0x00000000288e0000)]
  0x000000001cda6800 JavaThread "jar transforms Thread 84" [_thread_blocked, id=8852, stack(0x00000000286e0000,0x00000000287e0000)]
  0x000000001cd9f000 JavaThread "jar transforms Thread 83" [_thread_blocked, id=12188, stack(0x00000000285e0000,0x00000000286e0000)]
  0x000000001cda5000 JavaThread "jar transforms Thread 82" [_thread_blocked, id=12652, stack(0x00000000284e0000,0x00000000285e0000)]
  0x000000001cda4000 JavaThread "jar transforms Thread 81" [_thread_blocked, id=13960, stack(0x00000000283e0000,0x00000000284e0000)]
  0x000000001cda3800 JavaThread "jar transforms Thread 80" [_thread_blocked, id=14312, stack(0x00000000282e0000,0x00000000283e0000)]
  0x000000001cda5800 JavaThread "jar transforms Thread 79" [_thread_blocked, id=13996, stack(0x00000000281e0000,0x00000000282e0000)]
  0x000000001cda2800 JavaThread "jar transforms Thread 78" [_thread_blocked, id=3376, stack(0x00000000280e0000,0x00000000281e0000)]
  0x000000001cd9b000 JavaThread "jar transforms Thread 77" [_thread_blocked, id=712, stack(0x0000000027fe0000,0x00000000280e0000)]
  0x000000001cda2000 JavaThread "jar transforms Thread 76" [_thread_blocked, id=8792, stack(0x0000000027ee0000,0x0000000027fe0000)]
  0x000000001cd9a800 JavaThread "jar transforms Thread 75" [_thread_blocked, id=9556, stack(0x0000000027de0000,0x0000000027ee0000)]
  0x000000001cd9f800 JavaThread "jar transforms Thread 74" [_thread_blocked, id=4264, stack(0x0000000027ce0000,0x0000000027de0000)]
  0x000000001cd9d800 JavaThread "jar transforms Thread 73" [_thread_blocked, id=1936, stack(0x0000000027be0000,0x0000000027ce0000)]
  0x000000001cd9e000 JavaThread "jar transforms Thread 72" [_thread_blocked, id=13572, stack(0x0000000027ae0000,0x0000000027be0000)]
  0x000000001cda1000 JavaThread "jar transforms Thread 71" [_thread_blocked, id=2260, stack(0x00000000279e0000,0x0000000027ae0000)]
  0x000000001cd9c800 JavaThread "jar transforms Thread 70" [_thread_blocked, id=5088, stack(0x00000000278e0000,0x00000000279e0000)]
  0x000000001cd9c000 JavaThread "jar transforms Thread 69" [_thread_blocked, id=8584, stack(0x00000000277e0000,0x00000000278e0000)]
  0x000000001cda0800 JavaThread "jar transforms Thread 68" [_thread_blocked, id=2444, stack(0x00000000276e0000,0x00000000277e0000)]
  0x0000000022084000 JavaThread "jar transforms Thread 67" [_thread_blocked, id=8964, stack(0x00000000275e0000,0x00000000276e0000)]
  0x0000000022085000 JavaThread "jar transforms Thread 66" [_thread_blocked, id=8344, stack(0x00000000274e0000,0x00000000275e0000)]
  0x0000000022083800 JavaThread "jar transforms Thread 65" [_thread_blocked, id=4276, stack(0x00000000273e0000,0x00000000274e0000)]
  0x0000000022082800 JavaThread "jar transforms Thread 64" [_thread_blocked, id=13864, stack(0x00000000272e0000,0x00000000273e0000)]
  0x0000000022082000 JavaThread "jar transforms Thread 63" [_thread_blocked, id=14324, stack(0x00000000271e0000,0x00000000272e0000)]
  0x0000000022080800 JavaThread "jar transforms Thread 62" [_thread_blocked, id=8268, stack(0x00000000270e0000,0x00000000271e0000)]
  0x0000000022081000 JavaThread "jar transforms Thread 61" [_thread_blocked, id=8448, stack(0x0000000026fe0000,0x00000000270e0000)]
  0x000000002207c000 JavaThread "jar transforms Thread 60" [_thread_blocked, id=4916, stack(0x0000000026ee0000,0x0000000026fe0000)]
  0x000000002207f800 JavaThread "jar transforms Thread 59" [_thread_blocked, id=13524, stack(0x0000000026de0000,0x0000000026ee0000)]
  0x0000000022078000 JavaThread "jar transforms Thread 58" [_thread_blocked, id=13592, stack(0x0000000026ce0000,0x0000000026de0000)]
  0x000000002207f000 JavaThread "jar transforms Thread 57" [_thread_blocked, id=13340, stack(0x0000000026be0000,0x0000000026ce0000)]
  0x000000002207a800 JavaThread "jar transforms Thread 56" [_thread_blocked, id=8560, stack(0x0000000026ae0000,0x0000000026be0000)]
  0x000000002207e000 JavaThread "jar transforms Thread 55" [_thread_blocked, id=5656, stack(0x00000000269e0000,0x0000000026ae0000)]
  0x000000002207d800 JavaThread "jar transforms Thread 54" [_thread_blocked, id=1876, stack(0x00000000268e0000,0x00000000269e0000)]
  0x000000002207b000 JavaThread "jar transforms Thread 53" [_thread_blocked, id=11984, stack(0x00000000267e0000,0x00000000268e0000)]
  0x0000000022079800 JavaThread "jar transforms Thread 52" [_thread_blocked, id=7972, stack(0x00000000266e0000,0x00000000267e0000)]
  0x0000000022079000 JavaThread "jar transforms Thread 51" [_thread_blocked, id=11000, stack(0x00000000265e0000,0x00000000266e0000)]
  0x0000000022076800 JavaThread "jar transforms Thread 50" [_thread_blocked, id=12180, stack(0x00000000264e0000,0x00000000265e0000)]
  0x0000000022077800 JavaThread "jar transforms Thread 49" [_thread_blocked, id=9268, stack(0x00000000261d0000,0x00000000262d0000)]
  0x0000000022076000 JavaThread "jar transforms Thread 48" [_thread_blocked, id=2616, stack(0x00000000260d0000,0x00000000261d0000)]
  0x000000002207c800 JavaThread "jar transforms Thread 47" [_thread_blocked, id=4116, stack(0x0000000025fd0000,0x00000000260d0000)]
  0x00000000203f9000 JavaThread "jar transforms Thread 46" [_thread_blocked, id=7592, stack(0x0000000025ed0000,0x0000000025fd0000)]
  0x00000000203f8000 JavaThread "jar transforms Thread 45" [_thread_blocked, id=1884, stack(0x0000000025b50000,0x0000000025c50000)]
  0x00000000203f9800 JavaThread "jar transforms Thread 44" [_thread_blocked, id=6696, stack(0x0000000024840000,0x0000000024940000)]
  0x00000000203f7800 JavaThread "jar transforms Thread 43" [_thread_blocked, id=7044, stack(0x0000000024320000,0x0000000024420000)]
  0x00000000203f4800 JavaThread "jar transforms Thread 42" [_thread_blocked, id=1728, stack(0x0000000022f20000,0x0000000023020000)]
  0x00000000203f2000 JavaThread "jar transforms Thread 41" [_thread_blocked, id=13000, stack(0x0000000022e20000,0x0000000022f20000)]
  0x00000000203ea800 JavaThread "jar transforms Thread 40" [_thread_blocked, id=13776, stack(0x0000000022d20000,0x0000000022e20000)]
  0x00000000203ed000 JavaThread "jar transforms Thread 39" [_thread_blocked, id=11992, stack(0x0000000022c20000,0x0000000022d20000)]
  0x00000000203ec000 JavaThread "jar transforms Thread 38" [_thread_blocked, id=10428, stack(0x0000000022b20000,0x0000000022c20000)]
  0x00000000203ee800 JavaThread "jar transforms Thread 37" [_thread_blocked, id=13356, stack(0x0000000022a20000,0x0000000022b20000)]
  0x00000000203f1800 JavaThread "jar transforms Thread 36" [_thread_blocked, id=8868, stack(0x0000000022920000,0x0000000022a20000)]
  0x00000000203eb800 JavaThread "jar transforms Thread 35" [_thread_blocked, id=2888, stack(0x0000000022820000,0x0000000022920000)]
  0x000000001b970000 JavaThread "jar transforms Thread 34" [_thread_blocked, id=11036, stack(0x0000000022720000,0x0000000022820000)]
  0x000000001b976000 JavaThread "jar transforms Thread 33" [_thread_blocked, id=13732, stack(0x0000000022620000,0x0000000022720000)]
  0x000000001b973800 JavaThread "jar transforms Thread 32" [_thread_blocked, id=8060, stack(0x0000000022520000,0x0000000022620000)]
  0x000000001b975000 JavaThread "jar transforms Thread 31" [_thread_blocked, id=5276, stack(0x0000000022420000,0x0000000022520000)]
  0x000000001b976800 JavaThread "jar transforms Thread 30" [_thread_blocked, id=11940, stack(0x0000000022320000,0x0000000022420000)]
  0x000000001b973000 JavaThread "jar transforms Thread 29" [_thread_blocked, id=11216, stack(0x0000000022220000,0x0000000022320000)]
  0x000000001b970800 JavaThread "jar transforms Thread 28" [_thread_blocked, id=2832, stack(0x0000000022120000,0x0000000022220000)]
  0x000000001b972000 JavaThread "jar transforms Thread 27" [_thread_blocked, id=9608, stack(0x0000000020dd0000,0x0000000020ed0000)]
  0x00000000212cd800 JavaThread "jar transforms Thread 26" [_thread_blocked, id=9864, stack(0x0000000020cd0000,0x0000000020dd0000)]
  0x00000000212c8000 JavaThread "Daemon worker Thread 2" [_thread_blocked, id=6088, stack(0x000000001db10000,0x000000001dc10000)]
  0x00000000212c5000 JavaThread "Daemon Thread 2" [_thread_blocked, id=12592, stack(0x0000000000b50000,0x0000000000c50000)]
  0x00000000212c1800 JavaThread "Cache worker for file content cache (C:\Users\KimHanbi\.gradle\caches\6.5\fileContent)" [_thread_blocked, id=2904, stack(0x0000000024220000,0x0000000024320000)]
  0x00000000212c3000 JavaThread "Cache worker for execution history cache (C:\Users\KimHanbi\.gradle\caches\6.5\executionHistory)" [_thread_blocked, id=9476, stack(0x0000000023d20000,0x0000000023e20000)]
  0x000000001b974800 JavaThread "Cache worker for file hash cache (C:\Users\KimHanbi\.gradle\caches\6.5\fileHashes)" [_thread_blocked, id=3252, stack(0x000000001e710000,0x000000001e810000)]
  0x000000001b971800 JavaThread "File lock request listener" [_thread_in_native, id=13488, stack(0x000000001e610000,0x000000001e710000)]
  0x000000001a9b3800 JavaThread "Cache worker for journal cache (C:\Users\KimHanbi\.gradle\caches\journal-1)" [_thread_blocked, id=8100, stack(0x000000001e510000,0x000000001e610000)]
  0x000000001b05d000 JavaThread "Daemon periodic checks" [_thread_blocked, id=6496, stack(0x000000001d810000,0x000000001d910000)]
  0x000000001c554800 JavaThread "Incoming local TCP Connector on port 3835" [_thread_in_native, id=4028, stack(0x000000001d630000,0x000000001d730000)]
  0x000000001c204800 JavaThread "Daemon health stats" [_thread_blocked, id=8800, stack(0x000000001d330000,0x000000001d430000)]
  0x0000000019c2e800 JavaThread "Service Thread" daemon [_thread_blocked, id=4024, stack(0x000000001a790000,0x000000001a890000)]
  0x0000000019b9e000 JavaThread "C1 CompilerThread3" daemon [_thread_blocked, id=12532, stack(0x000000001a690000,0x000000001a790000)]
  0x0000000017d3d000 JavaThread "C2 CompilerThread2" daemon [_thread_in_native, id=8348, stack(0x000000001a590000,0x000000001a690000)]
  0x0000000019b42000 JavaThread "C2 CompilerThread1" daemon [_thread_in_native, id=8228, stack(0x000000001a490000,0x000000001a590000)]
=>0x0000000019b40000 JavaThread "C2 CompilerThread0" daemon [_thread_in_native, id=12560, stack(0x000000001a390000,0x000000001a490000)]
  0x0000000019b98000 JavaThread "Attach Listener" daemon [_thread_blocked, id=12044, stack(0x000000001a290000,0x000000001a390000)]
  0x0000000019b97000 JavaThread "Signal Dispatcher" daemon [_thread_blocked, id=12220, stack(0x000000001a190000,0x000000001a290000)]
  0x0000000019b20800 JavaThread "Finalizer" daemon [_thread_blocked, id=13920, stack(0x000000001a000000,0x000000001a100000)]
  0x0000000002cb8000 JavaThread "Reference Handler" daemon [_thread_blocked, id=12756, stack(0x0000000019f00000,0x000000001a000000)]
  0x0000000002bc2800 JavaThread "main" [_thread_blocked, id=8960, stack(0x0000000002a10000,0x0000000002b10000)]

Other Threads:
  0x0000000017d26000 VMThread [stack: 0x0000000019a00000,0x0000000019b00000] [id=3936]
  0x0000000019bdc800 WatcherThread [stack: 0x000000001a890000,0x000000001a990000] [id=7556]

VM state:not at safepoint (normal execution)

VM Mutex/Monitor currently owned by a thread: None

heap address: 0x0000000080000000, size: 2048 MB, Compressed Oops mode: 32-bit
Narrow klass base: 0x0000000000000000, Narrow klass shift: 3
Compressed class space size: 1073741824 Address: 0x0000000100000000

Heap:
 PSYoungGen      total 440320K, used 94003K [0x00000000d5580000, 0x00000000f8300000, 0x0000000100000000)
  eden space 406528K, 14% used [0x00000000d5580000,0x00000000d904e400,0x00000000ee280000)
  from space 33792K, 99% used [0x00000000ee280000,0x00000000f037eb18,0x00000000f0380000)
  to   space 44544K, 0% used [0x00000000f5780000,0x00000000f5780000,0x00000000f8300000)
 ParOldGen       total 176128K, used 95754K [0x0000000080000000, 0x000000008ac00000, 0x00000000d5580000)
  object space 176128K, 54% used [0x0000000080000000,0x0000000085d82818,0x000000008ac00000)
 Metaspace       used 105796K, capacity 112002K, committed 112192K, reserved 1146880K
  class space    used 13931K, capacity 15152K, committed 15208K, reserved 1048576K

Card table byte_map: [0x0000000012080000,0x0000000012490000] byte_map_base: 0x0000000011c80000

Marking Bits: (ParMarkBitMap*) 0x0000000073aff030
 Begin Bits: [0x0000000012f40000, 0x0000000014f40000)
 End Bits:   [0x0000000014f40000, 0x0000000016f40000)

Polling page: 0x0000000002b10000

CodeCache: size=245760Kb used=44968Kb max_used=44981Kb free=200791Kb
 bounds [0x0000000002cc0000, 0x00000000058e0000, 0x0000000011cc0000]
 total_blobs=14580 nmethods=13664 adapters=826
 compilation: enabled

Compilation events (10 events):
Event: 212.222 Thread 0x0000000019b9e000 16441       3       org.gradle.internal.hash.Hashing$MessageDigestHasher::putBytes (11 bytes)
Event: 212.223 Thread 0x0000000019b9e000 nmethod 16441 0x00000000058ca610 code [0x00000000058ca7a0, 0x00000000058cab18]
Event: 212.282 Thread 0x0000000017d3d000 16442       4       java.util.concurrent.locks.AbstractQueuedSynchronizer$ConditionObject::doSignal (43 bytes)
Event: 212.296 Thread 0x0000000017d3d000 nmethod 16442 0x0000000003c68dd0 code [0x0000000003c68f40, 0x0000000003c69228]
Event: 212.377 Thread 0x0000000019b42000 16443       4       org.gradle.api.internal.changedetection.state.CachingFileHasher$FileInfo::access$200 (5 bytes)
Event: 212.379 Thread 0x0000000019b42000 nmethod 16443 0x0000000005870710 code [0x0000000005870840, 0x0000000005870898]
Event: 212.382 Thread 0x0000000019b9e000 16444   !   3       org.gradle.internal.snapshot.impl.DirectorySnapshotter$PathVisitor::snapshotFile (114 bytes)
Event: 212.382 Thread 0x0000000017d3d000 16445       4       sun.nio.fs.WindowsFileAttributes::isRegularFile (27 bytes)
Event: 212.385 Thread 0x0000000017d3d000 nmethod 16445 0x000000000306ec10 code [0x000000000306ed40, 0x000000000306edf8]
Event: 212.390 Thread 0x0000000019b9e000 nmethod 16444 0x00000000058d3b50 code [0x00000000058d3ea0, 0x00000000058d5d08]

GC Heap History (10 events):
Event: 172.732 GC heap before
{Heap before GC invocations=17 (full 3):
 PSYoungGen      total 254464K, used 254452K [0x00000000d5580000, 0x00000000eb880000, 0x0000000100000000)
  eden space 235520K, 100% used [0x00000000d5580000,0x00000000e3b80000,0x00000000e3b80000)
  from space 18944K, 99% used [0x00000000e3b80000,0x00000000e4dfd1d0,0x00000000e4e00000)
  to   space 22528K, 0% used [0x00000000ea280000,0x00000000ea280000,0x00000000eb880000)
 ParOldGen       total 97792K, used 35533K [0x0000000080000000, 0x0000000085f80000, 0x00000000d5580000)
  object space 97792K, 36% used [0x0000000080000000,0x00000000822b3638,0x0000000085f80000)
 Metaspace       used 78073K, capacity 82330K, committed 82648K, reserved 1120256K
  class space    used 10639K, capacity 11433K, committed 11520K, reserved 1048576K
Event: 172.808 GC heap after
Heap after GC invocations=17 (full 3):
 PSYoungGen      total 334848K, used 20306K [0x00000000d5580000, 0x00000000eb800000, 0x0000000100000000)
  eden space 312832K, 0% used [0x00000000d5580000,0x00000000d5580000,0x00000000e8700000)
  from space 22016K, 92% used [0x00000000ea280000,0x00000000eb6548e8,0x00000000eb800000)
  to   space 25088K, 0% used [0x00000000e8700000,0x00000000e8700000,0x00000000e9f80000)
 ParOldGen       total 97792K, used 48617K [0x0000000080000000, 0x0000000085f80000, 0x00000000d5580000)
  object space 97792K, 49% used [0x0000000080000000,0x0000000082f7a448,0x0000000085f80000)
 Metaspace       used 78073K, capacity 82330K, committed 82648K, reserved 1120256K
  class space    used 10639K, capacity 11433K, committed 11520K, reserved 1048576K
}
Event: 191.898 GC heap before
{Heap before GC invocations=18 (full 3):
 PSYoungGen      total 334848K, used 333138K [0x00000000d5580000, 0x00000000eb800000, 0x0000000100000000)
  eden space 312832K, 100% used [0x00000000d5580000,0x00000000e8700000,0x00000000e8700000)
  from space 22016K, 92% used [0x00000000ea280000,0x00000000eb6548e8,0x00000000eb800000)
  to   space 25088K, 0% used [0x00000000e8700000,0x00000000e8700000,0x00000000e9f80000)
 ParOldGen       total 97792K, used 48617K [0x0000000080000000, 0x0000000085f80000, 0x00000000d5580000)
  object space 97792K, 49% used [0x0000000080000000,0x0000000082f7a448,0x0000000085f80000)
 Metaspace       used 89768K, capacity 94846K, committed 94936K, reserved 1130496K
  class space    used 12050K, capacity 13015K, committed 13056K, reserved 1048576K
Event: 191.989 GC heap after
Heap after GC invocations=18 (full 3):
 PSYoungGen      total 337920K, used 25076K [0x00000000d5580000, 0x00000000f2600000, 0x0000000100000000)
  eden space 312832K, 0% used [0x00000000d5580000,0x00000000d5580000,0x00000000e8700000)
  from space 25088K, 99% used [0x00000000e8700000,0x00000000e9f7d2f8,0x00000000e9f80000)
  to   space 35328K, 0% used [0x00000000f0380000,0x00000000f0380000,0x00000000f2600000)
 ParOldGen       total 97792K, used 66336K [0x0000000080000000, 0x0000000085f80000, 0x00000000d5580000)
  object space 97792K, 67% used [0x0000000080000000,0x00000000840c8260,0x0000000085f80000)
 Metaspace       used 89768K, capacity 94846K, committed 94936K, reserved 1130496K
  class space    used 12050K, capacity 13015K, committed 13056K, reserved 1048576K
}
Event: 195.304 GC heap before
{Heap before GC invocations=19 (full 3):
 PSYoungGen      total 337920K, used 77581K [0x00000000d5580000, 0x00000000f2600000, 0x0000000100000000)
  eden space 312832K, 16% used [0x00000000d5580000,0x00000000d88c61e0,0x00000000e8700000)
  from space 25088K, 99% used [0x00000000e8700000,0x00000000e9f7d2f8,0x00000000e9f80000)
  to   space 35328K, 0% used [0x00000000f0380000,0x00000000f0380000,0x00000000f2600000)
 ParOldGen       total 97792K, used 66336K [0x0000000080000000, 0x0000000085f80000, 0x00000000d5580000)
  object space 97792K, 67% used [0x0000000080000000,0x00000000840c8260,0x0000000085f80000)
 Metaspace       used 93204K, capacity 98292K, committed 98496K, reserved 1134592K
  class space    used 12396K, capacity 13451K, committed 13544K, reserved 1048576K
Event: 195.383 GC heap after
Heap after GC invocations=19 (full 3):
 PSYoungGen      total 441344K, used 11352K [0x00000000d5580000, 0x00000000f2580000, 0x0000000100000000)
  eden space 406528K, 0% used [0x00000000d5580000,0x00000000d5580000,0x00000000ee280000)
  from space 34816K, 32% used [0x00000000f0380000,0x00000000f0e96088,0x00000000f2580000)
  to   space 33792K, 0% used [0x00000000ee280000,0x00000000ee280000,0x00000000f0380000)
 ParOldGen       total 97792K, used 90214K [0x0000000080000000, 0x0000000085f80000, 0x00000000d5580000)
  object space 97792K, 92% used [0x0000000080000000,0x0000000085819900,0x0000000085f80000)
 Metaspace       used 93204K, capacity 98292K, committed 98496K, reserved 1134592K
  class space    used 12396K, capacity 13451K, committed 13544K, reserved 1048576K
}
Event: 195.383 GC heap before
{Heap before GC invocations=20 (full 4):
 PSYoungGen      total 441344K, used 11352K [0x00000000d5580000, 0x00000000f2580000, 0x0000000100000000)
  eden space 406528K, 0% used [0x00000000d5580000,0x00000000d5580000,0x00000000ee280000)
  from space 34816K, 32% used [0x00000000f0380000,0x00000000f0e96088,0x00000000f2580000)
  to   space 33792K, 0% used [0x00000000ee280000,0x00000000ee280000,0x00000000f0380000)
 ParOldGen       total 97792K, used 90214K [0x0000000080000000, 0x0000000085f80000, 0x00000000d5580000)
  object space 97792K, 92% used [0x0000000080000000,0x0000000085819900,0x0000000085f80000)
 Metaspace       used 93204K, capacity 98292K, committed 98496K, reserved 1134592K
  class space    used 12396K, capacity 13451K, committed 13544K, reserved 1048576K
Event: 196.237 GC heap after
Heap after GC invocations=20 (full 4):
 PSYoungGen      total 441344K, used 0K [0x00000000d5580000, 0x00000000f2580000, 0x0000000100000000)
  eden space 406528K, 0% used [0x00000000d5580000,0x00000000d5580000,0x00000000ee280000)
  from space 34816K, 0% used [0x00000000f0380000,0x00000000f0380000,0x00000000f2580000)
  to   space 33792K, 0% used [0x00000000ee280000,0x00000000ee280000,0x00000000f0380000)
 ParOldGen       total 176128K, used 81185K [0x0000000080000000, 0x000000008ac00000, 0x00000000d5580000)
  object space 176128K, 46% used [0x0000000080000000,0x0000000084f484a8,0x000000008ac00000)
 Metaspace       used 92873K, capacity 97302K, committed 98496K, reserved 1134592K
  class space    used 12289K, capacity 13260K, committed 13544K, reserved 1048576K
}
Event: 210.134 GC heap before
{Heap before GC invocations=21 (full 4):
 PSYoungGen      total 441344K, used 406528K [0x00000000d5580000, 0x00000000f2580000, 0x0000000100000000)
  eden space 406528K, 100% used [0x00000000d5580000,0x00000000ee280000,0x00000000ee280000)
  from space 34816K, 0% used [0x00000000f0380000,0x00000000f0380000,0x00000000f2580000)
  to   space 33792K, 0% used [0x00000000ee280000,0x00000000ee280000,0x00000000f0380000)
 ParOldGen       total 176128K, used 81185K [0x0000000080000000, 0x000000008ac00000, 0x00000000d5580000)
  object space 176128K, 46% used [0x0000000080000000,0x0000000084f484a8,0x000000008ac00000)
 Metaspace       used 104625K, capacity 110602K, committed 110784K, reserved 1144832K
  class space    used 13806K, capacity 15002K, committed 15080K, reserved 1048576K
Event: 210.286 GC heap after
Heap after GC invocations=21 (full 4):
 PSYoungGen      total 440320K, used 33786K [0x00000000d5580000, 0x00000000f8300000, 0x0000000100000000)
  eden space 406528K, 0% used [0x00000000d5580000,0x00000000d5580000,0x00000000ee280000)
  from space 33792K, 99% used [0x00000000ee280000,0x00000000f037eb18,0x00000000f0380000)
  to   space 44544K, 0% used [0x00000000f5780000,0x00000000f5780000,0x00000000f8300000)
 ParOldGen       total 176128K, used 95754K [0x0000000080000000, 0x000000008ac00000, 0x00000000d5580000)
  object space 176128K, 54% used [0x0000000080000000,0x0000000085d82818,0x000000008ac00000)
 Metaspace       used 104625K, capacity 110602K, committed 110784K, reserved 1144832K
  class space    used 13806K, capacity 15002K, committed 15080K, reserved 1048576K
}

Deoptimization events (10 events):
Event: 209.974 Thread 0x000000001c7e6800 Uncommon trap: reason=unstable_if action=reinterpret pc=0x0000000005059044 method=com.android.tools.r8.graph.i0.a([C)I @ 29
Event: 210.618 Thread 0x000000001c7e9000 Uncommon trap: reason=predicate action=maybe_recompile pc=0x00000000056aafc8 method=java.util.TimSort.binarySort([Ljava/lang/Object;IIILjava/util/Comparator;)V @ 37
Event: 210.651 Thread 0x000000001c7e6800 Uncommon trap: reason=unstable_if action=reinterpret pc=0x000000000566e430 method=com.android.tools.r8.ir.conversion.o.a(Lcom/android/tools/r8/ir/conversion/N;IZ)V @ 151
Event: 210.778 Thread 0x000000001c7e3000 Uncommon trap: reason=unstable_if action=reinterpret pc=0x00000000056ec69c method=com.android.tools.r8.q.a.a.b.J0.k()Ljava/lang/Object; @ 32
Event: 210.977 Thread 0x000000001c7e9000 Uncommon trap: reason=unstable_if action=reinterpret pc=0x00000000044ea640 method=java.nio.Buffer.limit(I)Ljava/nio/Buffer; @ 33
Event: 211.541 Thread 0x000000001c7e6800 Uncommon trap: reason=array_check action=maybe_recompile pc=0x00000000056e480c method=java.util.TimSort.binarySort([Ljava/lang/Object;IIILjava/util/Comparator;)V @ 193
Event: 211.542 Thread 0x000000001c7e6800 Uncommon trap: reason=array_check action=maybe_recompile pc=0x00000000056e480c method=java.util.TimSort.binarySort([Ljava/lang/Object;IIILjava/util/Comparator;)V @ 193
Event: 211.542 Thread 0x000000001c7e6800 Uncommon trap: reason=array_check action=maybe_recompile pc=0x00000000056e480c method=java.util.TimSort.binarySort([Ljava/lang/Object;IIILjava/util/Comparator;)V @ 193
Event: 211.542 Thread 0x000000001c7e6800 Uncommon trap: reason=array_check action=maybe_recompile pc=0x00000000056e480c method=java.util.TimSort.binarySort([Ljava/lang/Object;IIILjava/util/Comparator;)V @ 193
Event: 211.727 Thread 0x000000001c7e6800 Uncommon trap: reason=array_check action=maybe_recompile pc=0x00000000058303d8 method=java.util.TimSort.binarySort([Ljava/lang/Object;IIILjava/util/Comparator;)V @ 215

Classes redefined (0 events):
No events

Internal exceptions (10 events):
Event: 212.056 Thread 0x000000001c7e6800 Exception <a 'sun/nio/fs/WindowsException'> (0x00000000d8aa24d8) thrown at [C:\src\AOSP-openjdk-git\hotspot\src\share\vm\prims\jni.cpp, line 710]
Event: 212.062 Thread 0x000000001c7e6800 Exception <a 'sun/nio/fs/WindowsException'> (0x00000000d8baa720) thrown at [C:\src\AOSP-openjdk-git\hotspot\src\share\vm\prims\jni.cpp, line 710]
Event: 212.072 Thread 0x000000001c7e6800 Exception <a 'sun/nio/fs/WindowsException'> (0x00000000d8bb5728) thrown at [C:\src\AOSP-openjdk-git\hotspot\src\share\vm\prims\jni.cpp, line 710]
Event: 212.081 Thread 0x000000001c7e6800 Exception <a 'sun/nio/fs/WindowsException'> (0x00000000d8bbe370) thrown at [C:\src\AOSP-openjdk-git\hotspot\src\share\vm\prims\jni.cpp, line 710]
Event: 212.087 Thread 0x000000001c7e6800 Exception <a 'sun/nio/fs/WindowsException'> (0x00000000d8bc5970) thrown at [C:\src\AOSP-openjdk-git\hotspot\src\share\vm\prims\jni.cpp, line 710]
Event: 212.098 Thread 0x000000001c7e6800 Exception <a 'sun/nio/fs/WindowsException'> (0x00000000d8ccc9b8) thrown at [C:\src\AOSP-openjdk-git\hotspot\src\share\vm\prims\jni.cpp, line 710]
Event: 212.105 Thread 0x000000001c7e6800 Exception <a 'sun/nio/fs/WindowsException'> (0x00000000d8cd4d68) thrown at [C:\src\AOSP-openjdk-git\hotspot\src\share\vm\prims\jni.cpp, line 710]
Event: 212.121 Thread 0x000000001c7e6800 Exception <a 'sun/nio/fs/WindowsException'> (0x00000000d8cdca58) thrown at [C:\src\AOSP-openjdk-git\hotspot\src\share\vm\prims\jni.cpp, line 710]
Event: 212.133 Thread 0x000000001c7e6800 Exception <a 'sun/nio/fs/WindowsException'> (0x00000000d8da8ed0) thrown at [C:\src\AOSP-openjdk-git\hotspot\src\share\vm\prims\jni.cpp, line 710]
Event: 212.141 Thread 0x000000001c7e6800 Exception <a 'sun/nio/fs/WindowsException'> (0x00000000d8df0bd8) thrown at [C:\src\AOSP-openjdk-git\hotspot\src\share\vm\prims\jni.cpp, line 710]

Events (10 events):
Event: 212.178 Executing VM operation: RevokeBias done
Event: 212.179 Thread 0x0000000019b9e000 flushing nmethod 0x000000000306eb10
Event: 212.180 Thread 0x0000000019b9e000 flushing nmethod 0x00000000030eead0
Event: 212.180 Executing VM operation: RevokeBias
Event: 212.182 Executing VM operation: RevokeBias done
Event: 212.182 Executing VM operation: BulkRevokeBias
Event: 212.188 Executing VM operation: BulkRevokeBias done
Event: 212.189 Executing VM operation: RevokeBias
Event: 212.191 Executing VM operation: RevokeBias done
Event: 212.224 Thread 0x0000000019b9e000 flushing nmethod 0x0000000003c68950


Dynamic libraries:
0x00007ff682b50000 - 0x00007ff682b81000 	C:\Program Files\Android\Android Studio\jre\bin\java.exe
0x00007ff9377b0000 - 0x00007ff9379a5000 	C:\WINDOWS\SYSTEM32\ntdll.dll
0x00007ff936c40000 - 0x00007ff936cfd000 	C:\WINDOWS\System32\KERNEL32.DLL
0x00007ff934fe0000 - 0x00007ff9352a9000 	C:\WINDOWS\System32\KERNELBASE.dll
0x00007ff935810000 - 0x00007ff9358bc000 	C:\WINDOWS\System32\ADVAPI32.dll
0x00007ff936ba0000 - 0x00007ff936c3e000 	C:\WINDOWS\System32\msvcrt.dll
0x00007ff937310000 - 0x00007ff9373ac000 	C:\WINDOWS\System32\sechost.dll
0x00007ff937640000 - 0x00007ff93776b000 	C:\WINDOWS\System32\RPCRT4.dll
0x00007ff935f40000 - 0x00007ff9360e0000 	C:\WINDOWS\System32\USER32.dll
0x00007ff935510000 - 0x00007ff935532000 	C:\WINDOWS\System32\win32u.dll
0x00007ff9373b0000 - 0x00007ff9373da000 	C:\WINDOWS\System32\GDI32.dll
0x00007ff935700000 - 0x00007ff93580b000 	C:\WINDOWS\System32\gdi32full.dll
0x00007ff934f40000 - 0x00007ff934fdd000 	C:\WINDOWS\System32\msvcp_win.dll
0x00007ff935410000 - 0x00007ff935510000 	C:\WINDOWS\System32\ucrtbase.dll
0x00007ff9167e0000 - 0x00007ff916a7a000 	C:\WINDOWS\WinSxS\amd64_microsoft.windows.common-controls_6595b64144ccf1df_6.0.19041.844_none_ca00b6081b84eb1d\COMCTL32.dll
0x00007ff936330000 - 0x00007ff936360000 	C:\WINDOWS\System32\IMM32.DLL
0x0000000073250000 - 0x0000000073322000 	C:\Program Files\Android\Android Studio\jre\jre\bin\msvcr100.dll
0x0000000073330000 - 0x0000000073b7b000 	C:\Program Files\Android\Android Studio\jre\jre\bin\server\jvm.dll
0x00007ff936d70000 - 0x00007ff936d78000 	C:\WINDOWS\System32\PSAPI.DLL
0x00007ff91bf80000 - 0x00007ff91bf89000 	C:\WINDOWS\SYSTEM32\WSOCK32.dll
0x00007ff92d330000 - 0x00007ff92d33a000 	C:\WINDOWS\SYSTEM32\VERSION.dll
0x00007ff936d00000 - 0x00007ff936d6b000 	C:\WINDOWS\System32\WS2_32.dll
0x00007ff926910000 - 0x00007ff926937000 	C:\WINDOWS\SYSTEM32\WINMM.dll
0x00007ff92f990000 - 0x00007ff92f99f000 	C:\Program Files\Android\Android Studio\jre\jre\bin\verify.dll
0x00007ff92f7e0000 - 0x00007ff92f809000 	C:\Program Files\Android\Android Studio\jre\jre\bin\java.dll
0x00007ff92f850000 - 0x00007ff92f866000 	C:\Program Files\Android\Android Studio\jre\jre\bin\zip.dll
0x00007ff936360000 - 0x00007ff936aa2000 	C:\WINDOWS\System32\SHELL32.dll
0x00007ff932970000 - 0x00007ff933100000 	C:\WINDOWS\SYSTEM32\windows.storage.dll
0x00007ff935b30000 - 0x00007ff935e85000 	C:\WINDOWS\System32\combase.dll
0x00007ff934890000 - 0x00007ff9348bc000 	C:\WINDOWS\SYSTEM32\Wldp.dll
0x00007ff9373e0000 - 0x00007ff93748e000 	C:\WINDOWS\System32\SHCORE.dll
0x00007ff936d80000 - 0x00007ff936dd5000 	C:\WINDOWS\System32\shlwapi.dll
0x00007ff934e30000 - 0x00007ff934e4f000 	C:\WINDOWS\SYSTEM32\profapi.dll
0x00007ff92ed80000 - 0x00007ff92ed9a000 	C:\Program Files\Android\Android Studio\jre\jre\bin\net.dll
0x00007ff934610000 - 0x00007ff93467a000 	C:\WINDOWS\system32\mswsock.dll
0x00007ff92d7e0000 - 0x00007ff92d7f3000 	C:\Program Files\Android\Android Studio\jre\jre\bin\nio.dll
0x00007ff911bc0000 - 0x00007ff911be7000 	C:\Users\KimHanbi\.gradle\native\f6784746aeab05261644944871eae4fe03e0ef1612fff0a4a95f87b438bc6780\windows-amd64\native-platform.dll
0x00007ff92f980000 - 0x00007ff92f98d000 	C:\Program Files\Android\Android Studio\jre\jre\bin\management.dll
0x00007ff9347e0000 - 0x00007ff9347f8000 	C:\WINDOWS\SYSTEM32\CRYPTSP.dll
0x00007ff933fb0000 - 0x00007ff933fe4000 	C:\WINDOWS\system32\rsaenh.dll
0x00007ff935540000 - 0x00007ff935567000 	C:\WINDOWS\System32\bcrypt.dll
0x00007ff934db0000 - 0x00007ff934dde000 	C:\WINDOWS\SYSTEM32\USERENV.dll
0x00007ff935680000 - 0x00007ff935700000 	C:\WINDOWS\System32\bcryptprimitives.dll
0x00007ff934800000 - 0x00007ff93480c000 	C:\WINDOWS\SYSTEM32\CRYPTBASE.dll
0x00007ff934300000 - 0x00007ff93433b000 	C:\WINDOWS\SYSTEM32\IPHLPAPI.DLL
0x00007ff936320000 - 0x00007ff936328000 	C:\WINDOWS\System32\NSI.dll
0x00007ff92e7a0000 - 0x00007ff92e7b7000 	C:\WINDOWS\SYSTEM32\dhcpcsvc6.DLL
0x00007ff92e770000 - 0x00007ff92e78d000 	C:\WINDOWS\SYSTEM32\dhcpcsvc.DLL
0x00007ff934340000 - 0x00007ff93440b000 	C:\WINDOWS\SYSTEM32\DNSAPI.dll
0x00007ff92fae0000 - 0x00007ff92faeb000 	C:\WINDOWS\SYSTEM32\WINNSI.DLL
0x00007ff92c9f0000 - 0x00007ff92ca14000 	C:\Program Files\Android\Android Studio\jre\jre\bin\sunec.dll
0x00007ff92ed70000 - 0x00007ff92ed7b000 	C:\Program Files\Android\Android Studio\jre\jre\bin\sunmscapi.dll
0x00007ff9352b0000 - 0x00007ff93540f000 	C:\WINDOWS\System32\CRYPT32.dll
0x00007ff92d9f0000 - 0x00007ff92d9fa000 	C:\Windows\System32\rasadhlp.dll
0x00007ff92c870000 - 0x00007ff92c8ef000 	C:\WINDOWS\System32\fwpuclnt.dll

VM Arguments:
jvm_args: -Xmx2048m -Dfile.encoding=UTF-8 -Duser.country=KR -Duser.language=ko -Duser.variant 
java_command: org.gradle.launcher.daemon.bootstrap.GradleDaemon 6.5
java_class_path (initial): C:\Users\KimHanbi\.gradle\wrapper\dists\gradle-6.5-all\2oz4ud9k3tuxjg84bbf55q0tn\gradle-6.5\lib\gradle-launcher-6.5.jar
Launcher Type: SUN_STANDARD

Environment Variables:
JAVA_HOME=C:\Program Files\Java\jdk1.8.0_251
CLASSPATH=%classpath%;;;
PATH=C:\Program Files\Java\jdk1.8.0_251\bin;C:\Program Files (x86)\Common Files\Oracle\Java\javapath;C:\Program Files (x86)\Intel\iCLS Client\;C:\Program Files\Intel\iCLS Client\;C:\WINDOWS\system32;C:\WINDOWS;C:\WINDOWS\System32\Wbem;C:\WINDOWS\System32\WindowsPowerShell\v1.0\;C:\Program Files (x86)\Intel\Intel(R) Management Engine Components\DAL;C:\Program Files\Intel\Intel(R) Management Engine Components\DAL;C:\Program Files (x86)\Intel\Intel(R) Management Engine Components\IPT;C:\Program Files\Intel\Intel(R) Management Engine Components\IPT;C:\Program Files\Intel\WiFi\bin\;C:\Program Files\Common Files\Intel\WirelessCommon\;C:\WINDOWS\System32\OpenSSH\;C:\MinGW\bin;C:\Program Files\Java\jdk1.8.0_251\bin;C:\Program Files\Git\cmd;C:\Program Files\MySQL\MySQL Server 8.0\bin;C:\ProgramData\chocolatey\bin;C:\Program Files\nodejs\;C:\Program Files\MySQL\MySQL Shell 8.0\bin\;C:\Python\Python36\Scripts\;C:\Python\Python36\;C:\Users\KimHanbi\AppData\Local\Microsoft\WindowsApps;C:\Users\KimHanbi\AppData\Local\Programs\Microsoft VS Code\bin;C:\Users\KimHanbi\AppData\Roaming\npm;C:\Program Files\Android\Android Studio\jre\bin;C:\Users\KimHanbi\AppData\Local\gitkraken\bin
USERNAME=KimHanbi
OS=Windows_NT
PROCESSOR_IDENTIFIER=Intel64 Family 6 Model 142 Stepping 10, GenuineIntel



---------------  S Y S T E M  ---------------

OS: Windows 10.0 , 64 bit Build 19041 (10.0.19041.804)

CPU:total 8 (initial active 8) (4 cores per cpu, 2 threads per core) family 6 model 142 stepping 10, cmov, cx8, fxsr, mmx, sse, sse2, sse3, ssse3, sse4.1, sse4.2, popcnt, avx, avx2, aes, clmul, erms, 3dnowpref, lzcnt, ht, tsc, tscinvbit, bmi1, bmi2, adx

Memory: 4k page, physical 8217940k(706280k free), swap 8217940k(5172k free)

vm_info: OpenJDK 64-Bit Server VM (25.242-b01) for windows-amd64 JRE (1.8.0_242-release-1644-b01), built by "builder" with MS VC++ 10.0 (VS2010)

time: Wed Apr 07 11:40:40 2021
timezone: 대한민국 표준시
elapsed time: 212 seconds (0d 0h 3m 32s)

