#
# There is insufficient memory for the Java Runtime Environment to continue.
# Native memory allocation (malloc) failed to allocate 32744 bytes for ChunkPool::allocate
# Possible reasons:
#   The system is out of physical RAM or swap space
#   The process is running with CompressedOops enabled, and the Java Heap may be blocking the growth of the native heap
# Possible solutions:
#   Reduce memory load on the system
#   Increase physical memory or swap space
#   Check if swap backing store is full
#   Decrease Java heap size (-Xmx/-Xms)
#   Decrease number of Java threads
#   Decrease Java thread stack sizes (-Xss)
#   Set larger code cache with -XX:ReservedCodeCacheSize=
#   JVM is running with Zero Based Compressed Oops mode in which the Java heap is
#     placed in the first 32GB address space. The Java Heap base address is the
#     maximum limit for the native heap growth. Please use -XX:HeapBaseMinAddress
#     to set the Java Heap base and to place the Java Heap above 32GB virtual address.
# This output file may be truncated or incomplete.
#
#  Out of Memory Error (allocation.cpp:272), pid=14172, tid=0x0000000000000dc4
#
# JRE version: OpenJDK Runtime Environment (8.0_242-b01) (build 1.8.0_242-release-1644-b01)
# Java VM: OpenJDK 64-Bit Server VM (25.242-b01 mixed mode windows-amd64 compressed oops)
# Failed to write core dump. Minidumps are not enabled by default on client versions of Windows
#

---------------  T H R E A D  ---------------

Current thread (0x000000001e949000):  JavaThread "C2 CompilerThread0" daemon [_thread_in_native, id=3524, stack(0x000000001f110000,0x000000001f210000)]

Stack: [0x000000001f110000,0x000000001f210000]
[error occurred during error reporting (printing stack bounds), id 0xc0000005]

Native frames: (J=compiled Java code, j=interpreted, Vv=VM code, C=native code)


Current CompileTask:
C2:  15652 1499       4       java.net.URLClassLoader$1::run (5 bytes)


---------------  P R O C E S S  ---------------

Java Threads: ( => current thread )
  0x000000001e9b1000 JavaThread "Cache worker for file hash cache (C:\Users\KimHanbi\.gradle\caches\6.5\fileHashes)" [_thread_blocked, id=13248, stack(0x0000000023490000,0x0000000023590000)]
  0x000000001e9b1800 JavaThread "File lock request listener" [_thread_in_native, id=7568, stack(0x0000000023390000,0x0000000023490000)]
  0x0000000020540000 JavaThread "Cache worker for journal cache (C:\Users\KimHanbi\.gradle\caches\journal-1)" [_thread_blocked, id=5700, stack(0x0000000023290000,0x0000000023390000)]
  0x000000001fe3b000 JavaThread "Thread-9" [_thread_blocked, id=3348, stack(0x0000000022f90000,0x0000000023090000)]
  0x000000001fe37000 JavaThread "Stdin handler" [_thread_blocked, id=15988, stack(0x0000000022e90000,0x0000000022f90000)]
  0x000000001fe34800 JavaThread "Asynchronous log dispatcher for DefaultDaemonConnection: socket connection from /127.0.0.1:4109 to /127.0.0.1:4110" [_thread_blocked, id=15488, stack(0x0000000022d90000,0x0000000022e90000)]
  0x000000001ff8f800 JavaThread "Daemon worker" [_thread_in_vm, id=15624, stack(0x0000000022c90000,0x0000000022d90000)]
  0x000000001fdef000 JavaThread "Cancel handler" [_thread_blocked, id=6000, stack(0x0000000022a90000,0x0000000022b90000)]
  0x0000000020cfd000 JavaThread "Handler for socket connection from /127.0.0.1:4109 to /127.0.0.1:4110" [_thread_in_native, id=14924, stack(0x0000000022990000,0x0000000022a90000)]
  0x000000001eb1b800 JavaThread "Daemon" [_thread_blocked, id=2928, stack(0x0000000022890000,0x0000000022990000)]
  0x000000001f75f800 JavaThread "Daemon periodic checks" [_thread_blocked, id=15536, stack(0x0000000022590000,0x0000000022690000)]
  0x00000000205cd000 JavaThread "Incoming local TCP Connector on port 4109" [_thread_in_native, id=12392, stack(0x00000000223b0000,0x00000000224b0000)]
  0x000000001f7d9800 JavaThread "Daemon health stats" [_thread_blocked, id=13768, stack(0x00000000220b0000,0x00000000221b0000)]
  0x000000001ea0f800 JavaThread "Service Thread" daemon [_thread_blocked, id=15800, stack(0x000000001f510000,0x000000001f610000)]
  0x000000001e9b6000 JavaThread "C1 CompilerThread3" daemon [_thread_blocked, id=15368, stack(0x000000001f410000,0x000000001f510000)]
  0x000000001e9aa000 JavaThread "C2 CompilerThread2" daemon [_thread_in_native, id=12272, stack(0x000000001f310000,0x000000001f410000)]
  0x000000001e94b800 JavaThread "C2 CompilerThread1" daemon [_thread_in_native, id=11528, stack(0x000000001f210000,0x000000001f310000)]
=>0x000000001e949000 JavaThread "C2 CompilerThread0" daemon [_thread_in_native, id=3524, stack(0x000000001f110000,0x000000001f210000)]
  0x000000001e9a3800 JavaThread "Attach Listener" daemon [_thread_blocked, id=3976, stack(0x000000001f010000,0x000000001f110000)]
  0x000000001e9a2000 JavaThread "Signal Dispatcher" daemon [_thread_blocked, id=10724, stack(0x000000001ef10000,0x000000001f010000)]
  0x000000001e931800 JavaThread "Finalizer" daemon [_thread_blocked, id=14476, stack(0x000000001ee10000,0x000000001ef10000)]
  0x0000000003008000 JavaThread "Reference Handler" daemon [_thread_blocked, id=6740, stack(0x000000001ed10000,0x000000001ee10000)]
  0x0000000002f12800 JavaThread "main" [_thread_blocked, id=816, stack(0x0000000002d60000,0x0000000002e60000)]

Other Threads:
  0x000000001cb26000 VMThread [stack: 0x000000001e810000,0x000000001e910000] [id=2276]
  0x000000001ea10800 WatcherThread [stack: 0x000000001f610000,0x000000001f710000] [id=15508]

VM state:not at safepoint (normal execution)

VM Mutex/Monitor currently owned by a thread: None

heap address: 0x00000006c0000000, size: 4096 MB, Compressed Oops mode: Zero based, Oop shift amount: 3
Narrow klass base: 0x0000000000000000, Narrow klass shift: 3
Compressed class space size: 1073741824 Address: 0x00000007c0000000

Heap:
 PSYoungGen      total 37888K, used 30066K [0x000000076ab00000, 0x000000076d500000, 0x00000007c0000000)
  eden space 32768K, 76% used [0x000000076ab00000,0x000000076c35e278,0x000000076cb00000)
  from space 5120K, 99% used [0x000000076d000000,0x000000076d4fe620,0x000000076d500000)
  to   space 5120K, 0% used [0x000000076cb00000,0x000000076cb00000,0x000000076d000000)
 ParOldGen       total 86016K, used 3564K [0x00000006c0000000, 0x00000006c5400000, 0x000000076ab00000)
  object space 86016K, 4% used [0x00000006c0000000,0x00000006c037b250,0x00000006c5400000)
 Metaspace       used 16888K, capacity 17580K, committed 17920K, reserved 1064960K
  class space    used 2274K, capacity 2470K, committed 2560K, reserved 1048576K

Card table byte_map: [0x00000000123d0000,0x0000000012be0000] byte_map_base: 0x000000000edd0000

Marking Bits: (ParMarkBitMap*) 0x000000006203f030
 Begin Bits: [0x0000000013940000, 0x0000000017940000)
 End Bits:   [0x0000000017940000, 0x000000001b940000)

Polling page: 0x00000000011b0000

CodeCache: size=245760Kb used=5185Kb max_used=5454Kb free=240574Kb
 bounds [0x0000000003010000, 0x0000000003570000, 0x0000000012010000]
 total_blobs=1845 nmethods=1444 adapters=314
 compilation: enabled

Compilation events (10 events):
Event: 15.492 Thread 0x000000001e9b6000 1564       3       sun.reflect.generics.tree.SimpleClassTypeSignature::make (11 bytes)
Event: 15.493 Thread 0x000000001e9b6000 nmethod 1564 0x00000000032f5f50 code [0x00000000032f60c0, 0x00000000032f6350]
Event: 15.493 Thread 0x000000001e9b6000 1565       3       sun.reflect.generics.tree.SimpleClassTypeSignature::<init> (20 bytes)
Event: 15.494 Thread 0x000000001e9b6000 nmethod 1565 0x000000000312cb90 code [0x000000000312cce0, 0x000000000312ced0]
Event: 15.505 Thread 0x000000001e9aa000 nmethod 1551 0x00000000031ba350 code [0x00000000031ba500, 0x00000000031bb2f0]
Event: 15.583 Thread 0x000000001e9aa000 1566       4       java.io.WinNTFileSystem::normalize (231 bytes)
Event: 15.591 Thread 0x000000001e9b6000 1567       3       sun.reflect.ReflectionFactory::checkInitted (19 bytes)
Event: 15.592 Thread 0x000000001e9b6000 nmethod 1567 0x0000000003124710 code [0x0000000003124880, 0x0000000003124b48]
Event: 15.592 Thread 0x000000001e9b6000 1568       3       java.lang.invoke.MethodType$ConcurrentWeakInternSet$WeakEntry::<init> (15 bytes)
Event: 15.594 Thread 0x000000001e9b6000 nmethod 1568 0x00000000031bcc10 code [0x00000000031bcda0, 0x00000000031bd188]

GC Heap History (8 events):
Event: 4.279 GC heap before
{Heap before GC invocations=1 (full 0):
 PSYoungGen      total 37888K, used 32768K [0x000000076ab00000, 0x000000076d500000, 0x00000007c0000000)
  eden space 32768K, 100% used [0x000000076ab00000,0x000000076cb00000,0x000000076cb00000)
  from space 5120K, 0% used [0x000000076d000000,0x000000076d000000,0x000000076d500000)
  to   space 5120K, 0% used [0x000000076cb00000,0x000000076cb00000,0x000000076d000000)
 ParOldGen       total 86016K, used 0K [0x00000006c0000000, 0x00000006c5400000, 0x000000076ab00000)
  object space 86016K, 0% used [0x00000006c0000000,0x00000006c0000000,0x00000006c5400000)
 Metaspace       used 7612K, capacity 7914K, committed 8064K, reserved 1056768K
  class space    used 936K, capacity 1041K, committed 1152K, reserved 1048576K
Event: 4.311 GC heap after
Heap after GC invocations=1 (full 0):
 PSYoungGen      total 37888K, used 4862K [0x000000076ab00000, 0x000000076d500000, 0x00000007c0000000)
  eden space 32768K, 0% used [0x000000076ab00000,0x000000076ab00000,0x000000076cb00000)
  from space 5120K, 94% used [0x000000076cb00000,0x000000076cfbfbb8,0x000000076d000000)
  to   space 5120K, 0% used [0x000000076d000000,0x000000076d000000,0x000000076d500000)
 ParOldGen       total 86016K, used 8K [0x00000006c0000000, 0x00000006c5400000, 0x000000076ab00000)
  object space 86016K, 0% used [0x00000006c0000000,0x00000006c0002000,0x00000006c5400000)
 Metaspace       used 7612K, capacity 7914K, committed 8064K, reserved 1056768K
  class space    used 936K, capacity 1041K, committed 1152K, reserved 1048576K
}
Event: 5.716 GC heap before
{Heap before GC invocations=2 (full 0):
 PSYoungGen      total 37888K, used 37630K [0x000000076ab00000, 0x000000076d500000, 0x00000007c0000000)
  eden space 32768K, 100% used [0x000000076ab00000,0x000000076cb00000,0x000000076cb00000)
  from space 5120K, 94% used [0x000000076cb00000,0x000000076cfbfbb8,0x000000076d000000)
  to   space 5120K, 0% used [0x000000076d000000,0x000000076d000000,0x000000076d500000)
 ParOldGen       total 86016K, used 8K [0x00000006c0000000, 0x00000006c5400000, 0x000000076ab00000)
  object space 86016K, 0% used [0x00000006c0000000,0x00000006c0002000,0x00000006c5400000)
 Metaspace       used 7831K, capacity 8106K, committed 8320K, reserved 1056768K
  class space    used 951K, capacity 1041K, committed 1152K, reserved 1048576K
Event: 5.733 GC heap after
Heap after GC invocations=2 (full 0):
 PSYoungGen      total 37888K, used 3515K [0x000000076ab00000, 0x000000076d500000, 0x00000007c0000000)
  eden space 32768K, 0% used [0x000000076ab00000,0x000000076ab00000,0x000000076cb00000)
  from space 5120K, 68% used [0x000000076d000000,0x000000076d36ec08,0x000000076d500000)
  to   space 5120K, 0% used [0x000000076cb00000,0x000000076cb00000,0x000000076d000000)
 ParOldGen       total 86016K, used 16K [0x00000006c0000000, 0x00000006c5400000, 0x000000076ab00000)
  object space 86016K, 0% used [0x00000006c0000000,0x00000006c0004000,0x00000006c5400000)
 Metaspace       used 7831K, capacity 8106K, committed 8320K, reserved 1056768K
  class space    used 951K, capacity 1041K, committed 1152K, reserved 1048576K
}
Event: 12.891 GC heap before
{Heap before GC invocations=3 (full 0):
 PSYoungGen      total 37888K, used 36283K [0x000000076ab00000, 0x000000076d500000, 0x00000007c0000000)
  eden space 32768K, 100% used [0x000000076ab00000,0x000000076cb00000,0x000000076cb00000)
  from space 5120K, 68% used [0x000000076d000000,0x000000076d36ec08,0x000000076d500000)
  to   space 5120K, 0% used [0x000000076cb00000,0x000000076cb00000,0x000000076d000000)
 ParOldGen       total 86016K, used 16K [0x00000006c0000000, 0x00000006c5400000, 0x000000076ab00000)
  object space 86016K, 0% used [0x00000006c0000000,0x00000006c0004000,0x00000006c5400000)
 Metaspace       used 11678K, capacity 12026K, committed 12160K, reserved 1060864K
  class space    used 1547K, capacity 1645K, committed 1664K, reserved 1048576K
Event: 12.906 GC heap after
Heap after GC invocations=3 (full 0):
 PSYoungGen      total 37888K, used 5113K [0x000000076ab00000, 0x000000076d500000, 0x00000007c0000000)
  eden space 32768K, 0% used [0x000000076ab00000,0x000000076ab00000,0x000000076cb00000)
  from space 5120K, 99% used [0x000000076cb00000,0x000000076cffe640,0x000000076d000000)
  to   space 5120K, 0% used [0x000000076d000000,0x000000076d000000,0x000000076d500000)
 ParOldGen       total 86016K, used 1154K [0x00000006c0000000, 0x00000006c5400000, 0x000000076ab00000)
  object space 86016K, 1% used [0x00000006c0000000,0x00000006c0120bb0,0x00000006c5400000)
 Metaspace       used 11678K, capacity 12026K, committed 12160K, reserved 1060864K
  class space    used 1547K, capacity 1645K, committed 1664K, reserved 1048576K
}
Event: 14.510 GC heap before
{Heap before GC invocations=4 (full 0):
 PSYoungGen      total 37888K, used 37881K [0x000000076ab00000, 0x000000076d500000, 0x00000007c0000000)
  eden space 32768K, 100% used [0x000000076ab00000,0x000000076cb00000,0x000000076cb00000)
  from space 5120K, 99% used [0x000000076cb00000,0x000000076cffe640,0x000000076d000000)
  to   space 5120K, 0% used [0x000000076d000000,0x000000076d000000,0x000000076d500000)
 ParOldGen       total 86016K, used 1154K [0x00000006c0000000, 0x00000006c5400000, 0x000000076ab00000)
  object space 86016K, 1% used [0x00000006c0000000,0x00000006c0120bb0,0x00000006c5400000)
 Metaspace       used 14575K, capacity 15106K, committed 15232K, reserved 1062912K
  class space    used 1997K, capacity 2157K, committed 2176K, reserved 1048576K
Event: 14.535 GC heap after
Heap after GC invocations=4 (full 0):
 PSYoungGen      total 37888K, used 5113K [0x000000076ab00000, 0x000000076d500000, 0x00000007c0000000)
  eden space 32768K, 0% used [0x000000076ab00000,0x000000076ab00000,0x000000076cb00000)
  from space 5120K, 99% used [0x000000076d000000,0x000000076d4fe620,0x000000076d500000)
  to   space 5120K, 0% used [0x000000076cb00000,0x000000076cb00000,0x000000076d000000)
 ParOldGen       total 86016K, used 3564K [0x00000006c0000000, 0x00000006c5400000, 0x000000076ab00000)
  object space 86016K, 4% used [0x00000006c0000000,0x00000006c037b250,0x00000006c5400000)
 Metaspace       used 14575K, capacity 15106K, committed 15232K, reserved 1062912K
  class space    used 1997K, capacity 2157K, committed 2176K, reserved 1048576K
}

Deoptimization events (10 events):
Event: 13.219 Thread 0x000000001ff8f800 Uncommon trap: reason=class_check action=maybe_recompile pc=0x00000000032e324c method=java.util.HashMap.putVal(ILjava/lang/Object;Ljava/lang/Object;ZZ)Ljava/lang/Object; @ 203
Event: 13.219 Thread 0x000000001ff8f800 Uncommon trap: reason=class_check action=maybe_recompile pc=0x00000000032e324c method=java.util.HashMap.putVal(ILjava/lang/Object;Ljava/lang/Object;ZZ)Ljava/lang/Object; @ 203
Event: 13.219 Thread 0x000000001ff8f800 Uncommon trap: reason=bimorphic action=maybe_recompile pc=0x00000000032e3104 method=java.util.HashMap.putVal(ILjava/lang/Object;Ljava/lang/Object;ZZ)Ljava/lang/Object; @ 253
Event: 13.219 Thread 0x000000001ff8f800 Uncommon trap: reason=bimorphic action=maybe_recompile pc=0x00000000032e3104 method=java.util.HashMap.putVal(ILjava/lang/Object;Ljava/lang/Object;ZZ)Ljava/lang/Object; @ 253
Event: 14.207 Thread 0x000000001ff8f800 Uncommon trap: reason=class_check action=maybe_recompile pc=0x0000000003345734 method=java.util.regex.Matcher.match(II)Z @ 86
Event: 14.209 Thread 0x000000001ff8f800 Uncommon trap: reason=class_check action=maybe_recompile pc=0x0000000003345734 method=java.util.regex.Matcher.match(II)Z @ 86
Event: 14.210 Thread 0x000000001ff8f800 Uncommon trap: reason=class_check action=maybe_recompile pc=0x0000000003345734 method=java.util.regex.Matcher.match(II)Z @ 86
Event: 14.210 Thread 0x000000001ff8f800 Uncommon trap: reason=class_check action=maybe_recompile pc=0x00000000031cd1d4 method=java.util.regex.Matcher.match(II)Z @ 86
Event: 14.787 Thread 0x000000001ff8f800 Uncommon trap: reason=unstable_if action=reinterpret pc=0x000000000334224c method=java.io.File.getName()Ljava/lang/String; @ 16
Event: 14.787 Thread 0x000000001ff8f800 Uncommon trap: reason=unstable_if action=reinterpret pc=0x00000000033440e8 method=java.lang.String.substring(I)Ljava/lang/String; @ 35

Classes redefined (0 events):
No events

Internal exceptions (10 events):
Event: 12.964 Thread 0x0000000020cfd000 Exception <a 'java/lang/NoSuchMethodError': <clinit>> (0x000000076ab1fd28) thrown at [C:\src\AOSP-openjdk-git\hotspot\src\share\vm\prims\jni.cpp, line 1615]
Event: 12.971 Thread 0x0000000020cfd000 Exception <a 'java/lang/NoSuchMethodError': <clinit>> (0x000000076ab29430) thrown at [C:\src\AOSP-openjdk-git\hotspot\src\share\vm\prims\jni.cpp, line 1615]
Event: 12.979 Thread 0x0000000020cfd000 Exception <a 'java/lang/NoSuchMethodError': <clinit>> (0x000000076ab3da58) thrown at [C:\src\AOSP-openjdk-git\hotspot\src\share\vm\prims\jni.cpp, line 1615]
Event: 13.036 Thread 0x0000000020cfd000 Exception <a 'java/lang/NoSuchMethodError': <clinit>> (0x000000076abcd6b8) thrown at [C:\src\AOSP-openjdk-git\hotspot\src\share\vm\prims\jni.cpp, line 1615]
Event: 13.070 Thread 0x0000000020cfd000 Exception <a 'java/lang/NoSuchMethodError': <clinit>> (0x000000076ac07c30) thrown at [C:\src\AOSP-openjdk-git\hotspot\src\share\vm\prims\jni.cpp, line 1615]
Event: 13.103 Thread 0x0000000020cfd000 Exception <a 'java/lang/NoSuchMethodError': <clinit>> (0x000000076ac3d858) thrown at [C:\src\AOSP-openjdk-git\hotspot\src\share\vm\prims\jni.cpp, line 1615]
Event: 13.112 Thread 0x0000000020cfd000 Exception <a 'java/lang/NoSuchMethodError': <clinit>> (0x000000076ac49d88) thrown at [C:\src\AOSP-openjdk-git\hotspot\src\share\vm\prims\jni.cpp, line 1615]
Event: 14.966 Thread 0x000000001ff8f800 Exception <a 'java/lang/NoSuchMethodError': java.lang.Object.lambda$and$0(Ljava/util/function/Predicate;Ljava/lang/Object;)Z> (0x000000076b0dbb40) thrown at [C:\src\AOSP-openjdk-git\hotspot\src\share\vm\interpreter\linkResolver.cpp, line 620]
Event: 14.990 Thread 0x000000001ff8f800 Exception <a 'java/lang/IncompatibleClassChangeError': Found class java.lang.Object, but interface was expected> (0x000000076b0ebec8) thrown at [C:\src\AOSP-openjdk-git\hotspot\src\share\vm\interpreter\linkResolver.cpp, line 653]
Event: 14.999 Thread 0x000000001ff8f800 Exception <a 'java/lang/NoSuchMethodError': java.lang.Object.lambda$or$2(Ljava/util/function/Predicate;Ljava/lang/Object;)Z> (0x000000076b0f0a18) thrown at [C:\src\AOSP-openjdk-git\hotspot\src\share\vm\interpreter\linkResolver.cpp, line 620]

Events (10 events):
Event: 15.631 loading class org/gradle/tooling/provider/model/ToolingModelBuilder
Event: 15.631 loading class org/gradle/tooling/provider/model/ToolingModelBuilder done
Event: 15.632 loading class org/gradle/profile/BuildProfileServices$1
Event: 15.632 loading class org/gradle/profile/BuildProfileServices$1 done
Event: 15.635 Executing VM operation: RevokeBias
Event: 15.635 Executing VM operation: RevokeBias done
Event: 15.636 loading class org/gradle/internal/service/scopes/BuildScopeListenerManagerAction
Event: 15.636 loading class org/gradle/internal/service/scopes/BuildScopeListenerManagerAction done
Event: 15.643 loading class org/gradle/profile/ReportGeneratingProfileListener
Event: 15.643 loading class org/gradle/profile/ReportGeneratingProfileListener done


Dynamic libraries:
0x00007ff77c520000 - 0x00007ff77c551000 	C:\Program Files\Android\Android Studio\jre\bin\java.exe
0x00007ff8c8f30000 - 0x00007ff8c9125000 	C:\WINDOWS\SYSTEM32\ntdll.dll
0x00007ff8c6ff0000 - 0x00007ff8c70ad000 	C:\WINDOWS\System32\KERNEL32.DLL
0x00007ff8c6cc0000 - 0x00007ff8c6f88000 	C:\WINDOWS\System32\KERNELBASE.dll
0x00007ff8c7900000 - 0x00007ff8c79ac000 	C:\WINDOWS\System32\ADVAPI32.dll
0x00007ff8c8b70000 - 0x00007ff8c8c0e000 	C:\WINDOWS\System32\msvcrt.dll
0x00007ff8c89d0000 - 0x00007ff8c8a6b000 	C:\WINDOWS\System32\sechost.dll
0x00007ff8c8140000 - 0x00007ff8c826b000 	C:\WINDOWS\System32\RPCRT4.dll
0x00007ff8c8270000 - 0x00007ff8c8410000 	C:\WINDOWS\System32\USER32.dll
0x00007ff8c67d0000 - 0x00007ff8c67f2000 	C:\WINDOWS\System32\win32u.dll
0x00007ff8c8080000 - 0x00007ff8c80aa000 	C:\WINDOWS\System32\GDI32.dll
0x00007ff8c6800000 - 0x00007ff8c690b000 	C:\WINDOWS\System32\gdi32full.dll
0x00007ff8c6910000 - 0x00007ff8c69ad000 	C:\WINDOWS\System32\msvcp_win.dll
0x00007ff8c69b0000 - 0x00007ff8c6ab0000 	C:\WINDOWS\System32\ucrtbase.dll
0x00007ff8acb60000 - 0x00007ff8acdfa000 	C:\WINDOWS\WinSxS\amd64_microsoft.windows.common-controls_6595b64144ccf1df_6.0.19041.844_none_ca00b6081b84eb1d\COMCTL32.dll
0x00007ff8c8770000 - 0x00007ff8c87a0000 	C:\WINDOWS\System32\IMM32.DLL
0x0000000061790000 - 0x0000000061862000 	C:\Program Files\Android\Android Studio\jre\jre\bin\msvcr100.dll
0x0000000061870000 - 0x00000000620bb000 	C:\Program Files\Android\Android Studio\jre\jre\bin\server\jvm.dll
0x00007ff8c8c10000 - 0x00007ff8c8c18000 	C:\WINDOWS\System32\PSAPI.DLL
0x00007ff8bdf60000 - 0x00007ff8bdf6a000 	C:\WINDOWS\SYSTEM32\VERSION.dll
0x00007ff8b7b50000 - 0x00007ff8b7b59000 	C:\WINDOWS\SYSTEM32\WSOCK32.dll
0x00007ff8c8b00000 - 0x00007ff8c8b6b000 	C:\WINDOWS\System32\WS2_32.dll
0x00007ff8b7820000 - 0x00007ff8b7847000 	C:\WINDOWS\SYSTEM32\WINMM.dll
0x00007ff8b6c90000 - 0x00007ff8b6c9f000 	C:\Program Files\Android\Android Studio\jre\jre\bin\verify.dll
0x00007ff8a2ae0000 - 0x00007ff8a2b09000 	C:\Program Files\Android\Android Studio\jre\jre\bin\java.dll
0x00007ff8a2a70000 - 0x00007ff8a2a86000 	C:\Program Files\Android\Android Studio\jre\jre\bin\zip.dll
0x00007ff8c71b0000 - 0x00007ff8c78f2000 	C:\WINDOWS\System32\SHELL32.dll
0x00007ff8c40d0000 - 0x00007ff8c4861000 	C:\WINDOWS\SYSTEM32\windows.storage.dll
0x00007ff8c8410000 - 0x00007ff8c8765000 	C:\WINDOWS\System32\combase.dll
0x00007ff8c6010000 - 0x00007ff8c603c000 	C:\WINDOWS\SYSTEM32\Wldp.dll
0x00007ff8c87a0000 - 0x00007ff8c884e000 	C:\WINDOWS\System32\SHCORE.dll
0x00007ff8c8c20000 - 0x00007ff8c8c75000 	C:\WINDOWS\System32\shlwapi.dll
0x00007ff8c65b0000 - 0x00007ff8c65cf000 	C:\WINDOWS\SYSTEM32\profapi.dll
0x00007ff8a2a50000 - 0x00007ff8a2a6a000 	C:\Program Files\Android\Android Studio\jre\jre\bin\net.dll
0x00007ff8c5d80000 - 0x00007ff8c5dea000 	C:\WINDOWS\system32\mswsock.dll
0x00007ff8a2a30000 - 0x00007ff8a2a43000 	C:\Program Files\Android\Android Studio\jre\jre\bin\nio.dll
0x00007ff8a0fb0000 - 0x00007ff8a0fd7000 	C:\Users\KimHanbi\.gradle\native\f6784746aeab05261644944871eae4fe03e0ef1612fff0a4a95f87b438bc6780\windows-amd64\native-platform.dll
0x00007ff8b6c70000 - 0x00007ff8b6c7d000 	C:\Program Files\Android\Android Studio\jre\jre\bin\management.dll
0x00007ff8c5f60000 - 0x00007ff8c5f78000 	C:\WINDOWS\SYSTEM32\CRYPTSP.dll
0x00007ff8c5720000 - 0x00007ff8c5754000 	C:\WINDOWS\system32\rsaenh.dll
0x00007ff8c6c10000 - 0x00007ff8c6c37000 	C:\WINDOWS\System32\bcrypt.dll
0x00007ff8c6570000 - 0x00007ff8c659e000 	C:\WINDOWS\SYSTEM32\USERENV.dll
0x00007ff8c6c40000 - 0x00007ff8c6cc0000 	C:\WINDOWS\System32\bcryptprimitives.dll
0x00007ff8c5f50000 - 0x00007ff8c5f5c000 	C:\WINDOWS\SYSTEM32\CRYPTBASE.dll
0x00007ff8c5a70000 - 0x00007ff8c5aab000 	C:\WINDOWS\SYSTEM32\IPHLPAPI.DLL
0x00007ff8c8af0000 - 0x00007ff8c8af8000 	C:\WINDOWS\System32\NSI.dll
0x00007ff8c04f0000 - 0x00007ff8c0507000 	C:\WINDOWS\SYSTEM32\dhcpcsvc6.DLL
0x00007ff8c0400000 - 0x00007ff8c041d000 	C:\WINDOWS\SYSTEM32\dhcpcsvc.DLL
0x00007ff8c5ab0000 - 0x00007ff8c5b7c000 	C:\WINDOWS\SYSTEM32\DNSAPI.dll
0x00007ff8c1320000 - 0x00007ff8c132b000 	C:\WINDOWS\SYSTEM32\WINNSI.DLL

VM Arguments:
jvm_args: -Xmx4096m -Dfile.encoding=UTF-8 -Duser.country=KR -Duser.language=ko -Duser.variant 
java_command: org.gradle.launcher.daemon.bootstrap.GradleDaemon 6.5
java_class_path (initial): C:\Users\KimHanbi\.gradle\wrapper\dists\gradle-6.5-all\2oz4ud9k3tuxjg84bbf55q0tn\gradle-6.5\lib\gradle-launcher-6.5.jar
Launcher Type: SUN_STANDARD

Environment Variables:
JAVA_HOME=C:\Program Files\Java\jdk1.8.0_251
CLASSPATH=%classpath%;;;
PATH=C:\Program Files\Java\jdk1.8.0_251\bin;C:\Program Files (x86)\Common Files\Oracle\Java\javapath;C:\Program Files (x86)\Intel\iCLS Client\;C:\Program Files\Intel\iCLS Client\;C:\WINDOWS\system32;C:\WINDOWS;C:\WINDOWS\System32\Wbem;C:\WINDOWS\System32\WindowsPowerShell\v1.0\;C:\Program Files (x86)\Intel\Intel(R) Management Engine Components\DAL;C:\Program Files\Intel\Intel(R) Management Engine Components\DAL;C:\Program Files (x86)\Intel\Intel(R) Management Engine Components\IPT;C:\Program Files\Intel\Intel(R) Management Engine Components\IPT;C:\Program Files\Intel\WiFi\bin\;C:\Program Files\Common Files\Intel\WirelessCommon\;C:\WINDOWS\System32\OpenSSH\;C:\MinGW\bin;C:\Program Files\Java\jdk1.8.0_251\bin;C:\Program Files\Git\cmd;C:\Program Files\MySQL\MySQL Server 8.0\bin;C:\ProgramData\chocolatey\bin;C:\Program Files\nodejs\;C:\Program Files\MySQL\MySQL Shell 8.0\bin\;C:\Python\Python36\Scripts\;C:\Python\Python36\;C:\Users\KimHanbi\AppData\Local\Microsoft\WindowsApps;C:\Users\KimHanbi\AppData\Local\Programs\Microsoft VS Code\bin;C:\Users\KimHanbi\AppData\Roaming\npm;C:\Program Files\Android\Android Studio\jre\bin;C:\Users\KimHanbi\AppData\Local\gitkraken\bin
USERNAME=KimHanbi
OS=Windows_NT
PROCESSOR_IDENTIFIER=Intel64 Family 6 Model 142 Stepping 10, GenuineIntel



---------------  S Y S T E M  ---------------

OS: Windows 10.0 , 64 bit Build 19041 (10.0.19041.928)

CPU:total 8 (initial active 8) (4 cores per cpu, 2 threads per core) family 6 model 142 stepping 10, cmov, cx8, fxsr, mmx, sse, sse2, sse3, ssse3, sse4.1, sse4.2, popcnt, avx, avx2, aes, clmul, erms, 3dnowpref, lzcnt, ht, tsc, tscinvbit, bmi1, bmi2, adx

Memory: 4k page, physical 8217940k(558512k free), swap 8217940k(4112k free)

vm_info: OpenJDK 64-Bit Server VM (25.242-b01) for windows-amd64 JRE (1.8.0_242-release-1644-b01), built by "builder" with MS VC++ 10.0 (VS2010)

time: Fri May 14 18:22:01 2021
timezone: 대한민국 표준시
elapsed time: 15 seconds (0d 0h 0m 15s)

