#
# There is insufficient memory for the Java Runtime Environment to continue.
# Native memory allocation (malloc) failed to allocate 36256 bytes for Chunk::new
# Possible reasons:
#   The system is out of physical RAM or swap space
#   The process is running with CompressedOops enabled, and the Java Heap may be blocking the growth of the native heap
# Possible solutions:
#   Reduce memory load on the system
#   Increase physical memory or swap space
#   Check if swap backing store is full
#   Decrease Java heap size (-Xmx/-Xms)
#   Decrease number of Java threads
#   Decrease Java thread stack sizes (-Xss)
#   Set larger code cache with -XX:ReservedCodeCacheSize=
#   JVM is running with Unscaled Compressed Oops mode in which the Java heap is
#     placed in the first 4GB address space. The Java Heap base address is the
#     maximum limit for the native heap growth. Please use -XX:HeapBaseMinAddress
#     to set the Java Heap base and to place the Java Heap above 4GB virtual address.
# This output file may be truncated or incomplete.
#
#  Out of Memory Error (allocation.cpp:389), pid=8896, tid=0x00000000000027c8
#
# JRE version: OpenJDK Runtime Environment (8.0_242-b01) (build 1.8.0_242-release-1644-b01)
# Java VM: OpenJDK 64-Bit Server VM (25.242-b01 mixed mode windows-amd64 compressed oops)
# Failed to write core dump. Minidumps are not enabled by default on client versions of Windows
#

---------------  T H R E A D  ---------------

Current thread (0x0000000019cd2000):  JavaThread "C2 CompilerThread2" daemon [_thread_in_native, id=10184, stack(0x000000001a730000,0x000000001a830000)]

Stack: [0x000000001a730000,0x000000001a830000]
[error occurred during error reporting (printing stack bounds), id 0xc0000005]

Native frames: (J=compiled Java code, j=interpreted, Vv=VM code, C=native code)


Current CompileTask:
C2:  23042 1985       4       org.objectweb.asm.ByteVector::putUTF8 (144 bytes)


---------------  P R O C E S S  ---------------

Java Threads: ( => current thread )
  0x0000000019f0f000 JavaThread "Cache worker for cache directory md-rule (C:\Users\KimHanbi\.gradle\caches\6.5\md-rule)" [_thread_blocked, id=13024, stack(0x0000000022430000,0x0000000022530000)]
  0x0000000019f15000 JavaThread "Cache worker for cache directory md-supplier (C:\Users\KimHanbi\.gradle\caches\6.5\md-supplier)" [_thread_blocked, id=10756, stack(0x0000000021080000,0x0000000021180000)]
  0x0000000019f10800 JavaThread "Cache worker for checksums cache (C:\Users\KimHanbi\AndroidStudioProjects\UntactShop\.gradle\checksums)" [_thread_blocked, id=13600, stack(0x000000001fef0000,0x000000001fff0000)]
  0x0000000019f14800 JavaThread "Cache worker for file hash cache (C:\Users\KimHanbi\AndroidStudioProjects\UntactShop\.gradle\6.5\fileHashes)" [_thread_blocked, id=13236, stack(0x000000001e8d0000,0x000000001e9d0000)]
  0x0000000019f13800 JavaThread "Cache worker for file hash cache (C:\Users\KimHanbi\.gradle\caches\6.5\fileHashes)" [_thread_blocked, id=13124, stack(0x000000001ea20000,0x000000001eb20000)]
  0x0000000019f16000 JavaThread "File lock request listener" [_thread_in_native, id=2244, stack(0x000000001e7d0000,0x000000001e8d0000)]
  0x0000000019f11800 JavaThread "Cache worker for journal cache (C:\Users\KimHanbi\.gradle\caches\journal-1)" [_thread_blocked, id=2216, stack(0x000000001e6d0000,0x000000001e7d0000)]
  0x000000001b3a2800 JavaThread "Thread-9" [_thread_blocked, id=11328, stack(0x000000001e3d0000,0x000000001e4d0000)]
  0x000000001b3a5800 JavaThread "Stdin handler" [_thread_blocked, id=4552, stack(0x000000001e2d0000,0x000000001e3d0000)]
  0x000000001b3a4800 JavaThread "Asynchronous log dispatcher for DefaultDaemonConnection: socket connection from /127.0.0.1:5887 to /127.0.0.1:5888" [_thread_blocked, id=8448, stack(0x000000001e1d0000,0x000000001e2d0000)]
  0x000000001b119000 JavaThread "Daemon worker" [_thread_in_vm, id=10784, stack(0x000000001e0d0000,0x000000001e1d0000)]
  0x000000001ace5800 JavaThread "Cancel handler" [_thread_blocked, id=8188, stack(0x000000001ded0000,0x000000001dfd0000)]
  0x000000001c11a000 JavaThread "Handler for socket connection from /127.0.0.1:5887 to /127.0.0.1:5888" [_thread_in_native, id=2984, stack(0x000000001ddd0000,0x000000001ded0000)]
  0x000000001c0f5800 JavaThread "Daemon" [_thread_blocked, id=2664, stack(0x000000001dcd0000,0x000000001ddd0000)]
  0x000000001c11b000 JavaThread "Daemon periodic checks" [_thread_blocked, id=2224, stack(0x000000001d9d0000,0x000000001dad0000)]
  0x000000001c118000 JavaThread "Incoming local TCP Connector on port 5887" [_thread_in_native, id=3992, stack(0x000000001d7f0000,0x000000001d8f0000)]
  0x000000001c004000 JavaThread "Daemon health stats" [_thread_blocked, id=12988, stack(0x000000001d4d0000,0x000000001d5d0000)]
  0x0000000019d96000 JavaThread "Service Thread" daemon [_thread_blocked, id=2704, stack(0x000000001a930000,0x000000001aa30000)]
  0x0000000019d35000 JavaThread "C1 CompilerThread3" daemon [_thread_in_native, id=14464, stack(0x000000001a830000,0x000000001a930000)]
=>0x0000000019cd2000 JavaThread "C2 CompilerThread2" daemon [_thread_in_native, id=10184, stack(0x000000001a730000,0x000000001a830000)]
  0x0000000019cd0800 JavaThread "C2 CompilerThread1" daemon [_thread_blocked, id=3384, stack(0x000000001a630000,0x000000001a730000)]
  0x0000000019ccf000 JavaThread "C2 CompilerThread0" daemon [_thread_blocked, id=11380, stack(0x000000001a530000,0x000000001a630000)]
  0x0000000019d28000 JavaThread "Attach Listener" daemon [_thread_blocked, id=14756, stack(0x000000001a430000,0x000000001a530000)]
  0x0000000019d27000 JavaThread "Signal Dispatcher" daemon [_thread_blocked, id=15156, stack(0x000000001a330000,0x000000001a430000)]
  0x0000000019cb0800 JavaThread "Finalizer" daemon [_thread_blocked, id=11352, stack(0x000000001a190000,0x000000001a290000)]
  0x0000000002df8000 JavaThread "Reference Handler" daemon [_thread_blocked, id=2864, stack(0x000000001a090000,0x000000001a190000)]
  0x0000000002d02800 JavaThread "main" [_thread_blocked, id=2624, stack(0x0000000002be0000,0x0000000002ce0000)]

Other Threads:
  0x0000000017ea6000 VMThread [stack: 0x0000000019b90000,0x0000000019c90000] [id=3520]
  0x0000000019d97000 WatcherThread [stack: 0x000000001aa30000,0x000000001ab30000] [id=396]

VM state:not at safepoint (normal execution)

VM Mutex/Monitor currently owned by a thread: None

heap address: 0x0000000080000000, size: 2048 MB, Compressed Oops mode: 32-bit
Narrow klass base: 0x0000000000000000, Narrow klass shift: 3
Compressed class space size: 1073741824 Address: 0x0000000100000000

Heap:
 PSYoungGen      total 75264K, used 31383K [0x00000000d5580000, 0x00000000daa80000, 0x0000000100000000)
  eden space 64512K, 48% used [0x00000000d5580000,0x00000000d7425c80,0x00000000d9480000)
  from space 10752K, 0% used [0x00000000d9480000,0x00000000d9480000,0x00000000d9f00000)
  to   space 9728K, 0% used [0x00000000d9f00000,0x00000000d9f00000,0x00000000da880000)
 ParOldGen       total 47104K, used 6849K [0x0000000080000000, 0x0000000082e00000, 0x00000000d5580000)
  object space 47104K, 14% used [0x0000000080000000,0x00000000806b04d0,0x0000000082e00000)
 Metaspace       used 22197K, capacity 23028K, committed 23168K, reserved 1069056K
  class space    used 3127K, capacity 3340K, committed 3456K, reserved 1048576K

Card table byte_map: [0x00000000121d0000,0x00000000125e0000] byte_map_base: 0x0000000011dd0000

Marking Bits: (ParMarkBitMap*) 0x000000006ad2f030
 Begin Bits: [0x0000000013090000, 0x0000000015090000)
 End Bits:   [0x0000000015090000, 0x0000000017090000)

Polling page: 0x0000000002ce0000

CodeCache: size=245760Kb used=6415Kb max_used=6415Kb free=239344Kb
 bounds [0x0000000002e10000, 0x0000000003460000, 0x0000000011e10000]
 total_blobs=2264 nmethods=1836 adapters=341
 compilation: enabled

Compilation events (10 events):
Event: 23.009 Thread 0x0000000019d35000 1975       3       org.objectweb.asm.Type::getDescriptor (18 bytes)
Event: 23.010 Thread 0x0000000019d35000 nmethod 1975 0x000000000344db90 code [0x000000000344dd20, 0x000000000344e218]
Event: 23.029 Thread 0x0000000019d35000 1981       3       org.objectweb.asm.Type::<init> (26 bytes)
Event: 23.030 Thread 0x0000000019d35000 nmethod 1981 0x000000000344d790 code [0x000000000344d8e0, 0x000000000344dab0]
Event: 23.030 Thread 0x0000000019d35000 1982       3       org.objectweb.asm.MethodWriter::visitMethodInsn (191 bytes)
Event: 23.032 Thread 0x0000000019cd2000 1985       4       org.objectweb.asm.ByteVector::putUTF8 (144 bytes)
Event: 23.033 Thread 0x0000000019d35000 nmethod 1982 0x00000000034539d0 code [0x0000000003453be0, 0x00000000034546a8]
Event: 23.033 Thread 0x0000000019d35000 1986       3       org.objectweb.asm.ByteVector::put122 (93 bytes)
Event: 23.034 Thread 0x0000000019d35000 nmethod 1986 0x0000000003454b50 code [0x0000000003454cc0, 0x0000000003454f88]
Event: 23.034 Thread 0x0000000019d35000 1987       3       org.objectweb.asm.Type::getTypeInternal (199 bytes)

GC Heap History (10 events):
Event: 16.918 GC heap before
{Heap before GC invocations=4 (full 0):
 PSYoungGen      total 37888K, used 37881K [0x00000000d5580000, 0x00000000d7f80000, 0x0000000100000000)
  eden space 32768K, 100% used [0x00000000d5580000,0x00000000d7580000,0x00000000d7580000)
  from space 5120K, 99% used [0x00000000d7580000,0x00000000d7a7e620,0x00000000d7a80000)
  to   space 5120K, 0% used [0x00000000d7a80000,0x00000000d7a80000,0x00000000d7f80000)
 ParOldGen       total 86016K, used 1157K [0x0000000080000000, 0x0000000085400000, 0x00000000d5580000)
  object space 86016K, 1% used [0x0000000080000000,0x0000000080121760,0x0000000085400000)
 Metaspace       used 14675K, capacity 15234K, committed 15488K, reserved 1062912K
  class space    used 1997K, capacity 2157K, committed 2176K, reserved 1048576K
Event: 16.956 GC heap after
Heap after GC invocations=4 (full 0):
 PSYoungGen      total 37888K, used 5117K [0x00000000d5580000, 0x00000000d7f80000, 0x0000000100000000)
  eden space 32768K, 0% used [0x00000000d5580000,0x00000000d5580000,0x00000000d7580000)
  from space 5120K, 99% used [0x00000000d7a80000,0x00000000d7f7f670,0x00000000d7f80000)
  to   space 5120K, 0% used [0x00000000d7580000,0x00000000d7580000,0x00000000d7a80000)
 ParOldGen       total 86016K, used 3745K [0x0000000080000000, 0x0000000085400000, 0x00000000d5580000)
  object space 86016K, 4% used [0x0000000080000000,0x00000000803a8600,0x0000000085400000)
 Metaspace       used 14675K, capacity 15234K, committed 15488K, reserved 1062912K
  class space    used 1997K, capacity 2157K, committed 2176K, reserved 1048576K
}
Event: 19.464 GC heap before
{Heap before GC invocations=5 (full 0):
 PSYoungGen      total 37888K, used 37885K [0x00000000d5580000, 0x00000000d7f80000, 0x0000000100000000)
  eden space 32768K, 100% used [0x00000000d5580000,0x00000000d7580000,0x00000000d7580000)
  from space 5120K, 99% used [0x00000000d7a80000,0x00000000d7f7f670,0x00000000d7f80000)
  to   space 5120K, 0% used [0x00000000d7580000,0x00000000d7580000,0x00000000d7a80000)
 ParOldGen       total 86016K, used 3745K [0x0000000080000000, 0x0000000085400000, 0x00000000d5580000)
  object space 86016K, 4% used [0x0000000080000000,0x00000000803a8600,0x0000000085400000)
 Metaspace       used 17548K, capacity 18192K, committed 18560K, reserved 1064960K
  class space    used 2394K, capacity 2568K, committed 2688K, reserved 1048576K
Event: 19.510 GC heap after
Heap after GC invocations=5 (full 0):
 PSYoungGen      total 37888K, used 5113K [0x00000000d5580000, 0x00000000da880000, 0x0000000100000000)
  eden space 32768K, 0% used [0x00000000d5580000,0x00000000d5580000,0x00000000d7580000)
  from space 5120K, 99% used [0x00000000d7580000,0x00000000d7a7e640,0x00000000d7a80000)
  to   space 9728K, 0% used [0x00000000d9f00000,0x00000000d9f00000,0x00000000da880000)
 ParOldGen       total 86016K, used 6622K [0x0000000080000000, 0x0000000085400000, 0x00000000d5580000)
  object space 86016K, 7% used [0x0000000080000000,0x0000000080677b80,0x0000000085400000)
 Metaspace       used 17548K, capacity 18192K, committed 18560K, reserved 1064960K
  class space    used 2394K, capacity 2568K, committed 2688K, reserved 1048576K
}
Event: 21.682 GC heap before
{Heap before GC invocations=6 (full 0):
 PSYoungGen      total 37888K, used 37881K [0x00000000d5580000, 0x00000000da880000, 0x0000000100000000)
  eden space 32768K, 100% used [0x00000000d5580000,0x00000000d7580000,0x00000000d7580000)
  from space 5120K, 99% used [0x00000000d7580000,0x00000000d7a7e640,0x00000000d7a80000)
  to   space 9728K, 0% used [0x00000000d9f00000,0x00000000d9f00000,0x00000000da880000)
 ParOldGen       total 86016K, used 6622K [0x0000000080000000, 0x0000000085400000, 0x00000000d5580000)
  object space 86016K, 7% used [0x0000000080000000,0x0000000080677b80,0x0000000085400000)
 Metaspace       used 20454K, capacity 21204K, committed 21248K, reserved 1067008K
  class space    used 2843K, capacity 3048K, committed 3072K, reserved 1048576K
Event: 21.713 GC heap after
Heap after GC invocations=6 (full 0):
 PSYoungGen      total 74240K, used 8868K [0x00000000d5580000, 0x00000000daa80000, 0x0000000100000000)
  eden space 64512K, 0% used [0x00000000d5580000,0x00000000d5580000,0x00000000d9480000)
  from space 9728K, 91% used [0x00000000d9f00000,0x00000000da7a93c8,0x00000000da880000)
  to   space 10752K, 0% used [0x00000000d9480000,0x00000000d9480000,0x00000000d9f00000)
 ParOldGen       total 86016K, used 6630K [0x0000000080000000, 0x0000000085400000, 0x00000000d5580000)
  object space 86016K, 7% used [0x0000000080000000,0x0000000080679b80,0x0000000085400000)
 Metaspace       used 20454K, capacity 21204K, committed 21248K, reserved 1067008K
  class space    used 2843K, capacity 3048K, committed 3072K, reserved 1048576K
}
Event: 21.774 GC heap before
{Heap before GC invocations=7 (full 0):
 PSYoungGen      total 74240K, used 10149K [0x00000000d5580000, 0x00000000daa80000, 0x0000000100000000)
  eden space 64512K, 1% used [0x00000000d5580000,0x00000000d56c0240,0x00000000d9480000)
  from space 9728K, 91% used [0x00000000d9f00000,0x00000000da7a93c8,0x00000000da880000)
  to   space 10752K, 0% used [0x00000000d9480000,0x00000000d9480000,0x00000000d9f00000)
 ParOldGen       total 86016K, used 6630K [0x0000000080000000, 0x0000000085400000, 0x00000000d5580000)
  object space 86016K, 7% used [0x0000000080000000,0x0000000080679b80,0x0000000085400000)
 Metaspace       used 20474K, capacity 21204K, committed 21248K, reserved 1067008K
  class space    used 2847K, capacity 3048K, committed 3072K, reserved 1048576K
Event: 21.800 GC heap after
Heap after GC invocations=7 (full 0):
 PSYoungGen      total 75264K, used 3588K [0x00000000d5580000, 0x00000000daa80000, 0x0000000100000000)
  eden space 64512K, 0% used [0x00000000d5580000,0x00000000d5580000,0x00000000d9480000)
  from space 10752K, 33% used [0x00000000d9480000,0x00000000d9801050,0x00000000d9f00000)
  to   space 9728K, 0% used [0x00000000d9f00000,0x00000000d9f00000,0x00000000da880000)
 ParOldGen       total 86016K, used 9324K [0x0000000080000000, 0x0000000085400000, 0x00000000d5580000)
  object space 86016K, 10% used [0x0000000080000000,0x000000008091b1f0,0x0000000085400000)
 Metaspace       used 20474K, capacity 21204K, committed 21248K, reserved 1067008K
  class space    used 2847K, capacity 3048K, committed 3072K, reserved 1048576K
}
Event: 21.801 GC heap before
{Heap before GC invocations=8 (full 1):
 PSYoungGen      total 75264K, used 3588K [0x00000000d5580000, 0x00000000daa80000, 0x0000000100000000)
  eden space 64512K, 0% used [0x00000000d5580000,0x00000000d5580000,0x00000000d9480000)
  from space 10752K, 33% used [0x00000000d9480000,0x00000000d9801050,0x00000000d9f00000)
  to   space 9728K, 0% used [0x00000000d9f00000,0x00000000d9f00000,0x00000000da880000)
 ParOldGen       total 86016K, used 9324K [0x0000000080000000, 0x0000000085400000, 0x00000000d5580000)
  object space 86016K, 10% used [0x0000000080000000,0x000000008091b1f0,0x0000000085400000)
 Metaspace       used 20474K, capacity 21204K, committed 21248K, reserved 1067008K
  class space    used 2847K, capacity 3048K, committed 3072K, reserved 1048576K
Event: 21.956 GC heap after
Heap after GC invocations=8 (full 1):
 PSYoungGen      total 75264K, used 0K [0x00000000d5580000, 0x00000000daa80000, 0x0000000100000000)
  eden space 64512K, 0% used [0x00000000d5580000,0x00000000d5580000,0x00000000d9480000)
  from space 10752K, 0% used [0x00000000d9480000,0x00000000d9480000,0x00000000d9f00000)
  to   space 9728K, 0% used [0x00000000d9f00000,0x00000000d9f00000,0x00000000da880000)
 ParOldGen       total 47104K, used 6849K [0x0000000080000000, 0x0000000082e00000, 0x00000000d5580000)
  object space 47104K, 14% used [0x0000000080000000,0x00000000806b04d0,0x0000000082e00000)
 Metaspace       used 20474K, capacity 21204K, committed 21248K, reserved 1067008K
  class space    used 2847K, capacity 3048K, committed 3072K, reserved 1048576K
}

Deoptimization events (10 events):
Event: 18.862 Thread 0x000000001b119000 Uncommon trap: reason=bimorphic action=maybe_recompile pc=0x00000000032e2780 method=java.util.HashMap.putVal(ILjava/lang/Object;Ljava/lang/Object;ZZ)Ljava/lang/Object; @ 203
Event: 18.879 Thread 0x000000001b119000 Uncommon trap: reason=unstable_if action=reinterpret pc=0x00000000030725d0 method=java.util.HashMap.getNode(ILjava/lang/Object;)Ljava/util/HashMap$Node; @ 129
Event: 18.879 Thread 0x000000001b119000 Uncommon trap: reason=bimorphic action=maybe_recompile pc=0x00000000032e2780 method=java.util.HashMap.putVal(ILjava/lang/Object;Ljava/lang/Object;ZZ)Ljava/lang/Object; @ 203
Event: 19.808 Thread 0x000000001b119000 Uncommon trap: reason=unstable_if action=reinterpret pc=0x000000000336decc method=java.util.jar.Attributes$Name.isDigit(C)Z @ 3
Event: 20.682 Thread 0x000000001b119000 Uncommon trap: reason=unstable_if action=reinterpret pc=0x0000000002fe7ec8 method=java.net.URI.match(CJJ)Z @ 19
Event: 20.682 Thread 0x000000001b119000 Uncommon trap: reason=unstable_if action=reinterpret pc=0x00000000030d4a80 method=java.net.URI.match(CJJ)Z @ 19
Event: 22.192 Thread 0x000000001b119000 Uncommon trap: reason=unstable_if action=reinterpret pc=0x0000000003147260 method=java.util.HashMap.hash(Ljava/lang/Object;)I @ 1
Event: 22.241 Thread 0x000000001b119000 Uncommon trap: reason=unstable_if action=reinterpret pc=0x00000000032c8828 method=java.util.HashMap.hash(Ljava/lang/Object;)I @ 1
Event: 22.321 Thread 0x000000001b119000 Uncommon trap: reason=unstable_if action=reinterpret pc=0x0000000002f8393c method=jdk.internal.org.objectweb.asm.Type.getArgumentsAndReturnSizes(Ljava/lang/String;)I @ 88
Event: 22.712 Thread 0x000000001b119000 Uncommon trap: reason=unstable_if action=reinterpret pc=0x000000000311744c method=java.io.WinNTFileSystem.resolve(Ljava/lang/String;Ljava/lang/String;)Ljava/lang/String; @ 49

Classes redefined (0 events):
No events

Internal exceptions (10 events):
Event: 17.768 Thread 0x000000001b119000 Exception <a 'java/lang/NoSuchMethodError': java.lang.Object.lambda$and$0(Ljava/util/function/Predicate;Ljava/lang/Object;)Z> (0x00000000d5b26c28) thrown at [C:\src\AOSP-openjdk-git\hotspot\src\share\vm\interpreter\linkResolver.cpp, line 620]
Event: 17.787 Thread 0x000000001b119000 Exception <a 'java/lang/IncompatibleClassChangeError': Found class java.lang.Object, but interface was expected> (0x00000000d5b36f30) thrown at [C:\src\AOSP-openjdk-git\hotspot\src\share\vm\interpreter\linkResolver.cpp, line 653]
Event: 17.796 Thread 0x000000001b119000 Exception <a 'java/lang/NoSuchMethodError': java.lang.Object.lambda$or$2(Ljava/util/function/Predicate;Ljava/lang/Object;)Z> (0x00000000d5b3ba80) thrown at [C:\src\AOSP-openjdk-git\hotspot\src\share\vm\interpreter\linkResolver.cpp, line 620]
Event: 19.204 Thread 0x000000001b119000 Exception <a 'java/lang/NoSuchMethodError': java.lang.Object.lambda$static$0(Lorg/gradle/internal/state/ModelObject;)Ljava/lang/String;> (0x00000000d732c728) thrown at [C:\src\AOSP-openjdk-git\hotspot\src\share\vm\interpreter\linkResolver.cpp, line 620]
Event: 21.136 Thread 0x000000001b119000 Exception <a 'java/lang/NoSuchMethodError': java.lang.Object.lambda$static$1(Lorg/gradle/internal/snapshot/SnapshotHierarchy$DiffCapturingUpdateFunction;)Lorg/gradle/internal/snapshot/AtomicSnapshotHierarchyReference$UpdateFunction;> (0x00000000d6a5b100) 
Event: 22.192 Thread 0x000000001b119000 Implicit null exception at 0x0000000003147055 to 0x0000000003147251
Event: 22.241 Thread 0x000000001b119000 Implicit null exception at 0x00000000032c87af to 0x00000000032c8819
Event: 22.317 Thread 0x000000001b119000 Exception <a 'java/lang/NoSuchMethodError': java.lang.Object.lambda$comparing$77a9974f$1(Ljava/util/function/Function;Ljava/lang/Object;Ljava/lang/Object;)I> (0x00000000d5ed8570) thrown at [C:\src\AOSP-openjdk-git\hotspot\src\share\vm\interpreter\linkReso
Event: 22.417 Thread 0x000000001b119000 Exception <a 'java/lang/NoSuchMethodError': java.lang.Object.lambda$withReadOnlyCache$0(Ljava/util/function/BiFunction;Lorg/gradle/api/internal/artifacts/ivyservice/ArtifactCacheMetadata;)Ljava/lang/Object;> (0x00000000d60f8a78) thrown at [C:\src\AOSP-ope
Event: 22.541 Thread 0x000000001b119000 Exception <a 'java/lang/NoSuchMethodError': java.lang.Object.lambda$static$0(Lorg/gradle/api/internal/artifacts/ivyservice/ivyresolve/ModuleComponentRepository;Ljava/lang/String;Lorg/gradle/api/internal/artifacts/configurations/ResolutionStrategyInternal;

Events (10 events):
Event: 23.017 loading class org/gradle/internal/component/model/AttributeMatcher
Event: 23.017 loading class org/gradle/internal/component/model/AttributeMatcher done
Event: 23.019 loading class org/gradle/internal/component/model/AttributeSelectionSchema
Event: 23.019 loading class org/gradle/internal/component/model/AttributeSelectionSchema done
Event: 23.021 loading class org/gradle/api/attributes/AttributeMatchingStrategy
Event: 23.021 loading class org/gradle/api/attributes/AttributeMatchingStrategy done
Event: 23.022 loading class org/gradle/api/internal/attributes/AttributeDescriber
Event: 23.022 loading class org/gradle/api/internal/attributes/AttributeDescriber done
Event: 23.024 loading class org/gradle/api/internal/attributes/DefaultAttributesSchema$DefaultAttributeMatcher
Event: 23.024 loading class org/gradle/api/internal/attributes/DefaultAttributesSchema$DefaultAttributeMatcher done


Dynamic libraries:
0x00007ff79da10000 - 0x00007ff79da41000 	C:\Program Files\Android\Android Studio\jre\bin\java.exe
0x00007ffc03db0000 - 0x00007ffc03fa5000 	C:\WINDOWS\SYSTEM32\ntdll.dll
0x00007ffc022b0000 - 0x00007ffc0236d000 	C:\WINDOWS\System32\KERNEL32.DLL
0x00007ffc019e0000 - 0x00007ffc01ca8000 	C:\WINDOWS\System32\KERNELBASE.dll
0x00007ffc025d0000 - 0x00007ffc0267c000 	C:\WINDOWS\System32\ADVAPI32.dll
0x00007ffc02830000 - 0x00007ffc028ce000 	C:\WINDOWS\System32\msvcrt.dll
0x00007ffc03160000 - 0x00007ffc031fb000 	C:\WINDOWS\System32\sechost.dll
0x00007ffc028f0000 - 0x00007ffc02a1b000 	C:\WINDOWS\System32\RPCRT4.dll
0x00007ffc03260000 - 0x00007ffc03400000 	C:\WINDOWS\System32\USER32.dll
0x00007ffc01840000 - 0x00007ffc01862000 	C:\WINDOWS\System32\win32u.dll
0x00007ffc035f0000 - 0x00007ffc0361a000 	C:\WINDOWS\System32\GDI32.dll
0x00007ffc01870000 - 0x00007ffc0197b000 	C:\WINDOWS\System32\gdi32full.dll
0x00007ffc016a0000 - 0x00007ffc0173d000 	C:\WINDOWS\System32\msvcp_win.dll
0x00007ffc014f0000 - 0x00007ffc015f0000 	C:\WINDOWS\System32\ucrtbase.dll
0x00007ffbe77d0000 - 0x00007ffbe7a6a000 	C:\WINDOWS\WinSxS\amd64_microsoft.windows.common-controls_6595b64144ccf1df_6.0.19041.844_none_ca00b6081b84eb1d\COMCTL32.dll
0x00007ffc034a0000 - 0x00007ffc034d0000 	C:\WINDOWS\System32\IMM32.DLL
0x000000006a3a0000 - 0x000000006a472000 	C:\Program Files\Android\Android Studio\jre\jre\bin\msvcr100.dll
0x000000006a560000 - 0x000000006adab000 	C:\Program Files\Android\Android Studio\jre\jre\bin\server\jvm.dll
0x00007ffc028d0000 - 0x00007ffc028d8000 	C:\WINDOWS\System32\PSAPI.DLL
0x00007ffbe6c20000 - 0x00007ffbe6c29000 	C:\WINDOWS\SYSTEM32\WSOCK32.dll
0x00007ffbf2650000 - 0x00007ffbf2677000 	C:\WINDOWS\SYSTEM32\WINMM.dll
0x00007ffc02a20000 - 0x00007ffc02a8b000 	C:\WINDOWS\System32\WS2_32.dll
0x00007ffbf9d30000 - 0x00007ffbf9d3a000 	C:\WINDOWS\SYSTEM32\VERSION.dll
0x00007ffbfbf20000 - 0x00007ffbfbf2f000 	C:\Program Files\Android\Android Studio\jre\jre\bin\verify.dll
0x00007ffbf8e60000 - 0x00007ffbf8e89000 	C:\Program Files\Android\Android Studio\jre\jre\bin\java.dll
0x00007ffbf2280000 - 0x00007ffbf2296000 	C:\Program Files\Android\Android Studio\jre\jre\bin\zip.dll
0x00007ffc03620000 - 0x00007ffc03d62000 	C:\WINDOWS\System32\SHELL32.dll
0x00007ffbfef50000 - 0x00007ffbff6e1000 	C:\WINDOWS\SYSTEM32\windows.storage.dll
0x00007ffc01ef0000 - 0x00007ffc02245000 	C:\WINDOWS\System32\combase.dll
0x00007ffc00e90000 - 0x00007ffc00ebc000 	C:\WINDOWS\SYSTEM32\Wldp.dll
0x00007ffc02370000 - 0x00007ffc0241e000 	C:\WINDOWS\System32\SHCORE.dll
0x00007ffc02420000 - 0x00007ffc02475000 	C:\WINDOWS\System32\shlwapi.dll
0x00007ffc01430000 - 0x00007ffc0144f000 	C:\WINDOWS\SYSTEM32\profapi.dll
0x00007ffbf2260000 - 0x00007ffbf227a000 	C:\Program Files\Android\Android Studio\jre\jre\bin\net.dll
0x00007ffc00c00000 - 0x00007ffc00c6a000 	C:\WINDOWS\system32\mswsock.dll
0x00007ffbf2240000 - 0x00007ffbf2253000 	C:\Program Files\Android\Android Studio\jre\jre\bin\nio.dll
0x00007ffbd7940000 - 0x00007ffbd7967000 	C:\Users\KimHanbi\.gradle\native\f6784746aeab05261644944871eae4fe03e0ef1612fff0a4a95f87b438bc6780\windows-amd64\native-platform.dll
0x00007ffbfafe0000 - 0x00007ffbfafed000 	C:\Program Files\Android\Android Studio\jre\jre\bin\management.dll
0x00007ffc00de0000 - 0x00007ffc00df8000 	C:\WINDOWS\SYSTEM32\CRYPTSP.dll
0x00007ffc005a0000 - 0x00007ffc005d4000 	C:\WINDOWS\system32\rsaenh.dll
0x00007ffc017c0000 - 0x00007ffc017e7000 	C:\WINDOWS\System32\bcrypt.dll
0x00007ffc013b0000 - 0x00007ffc013de000 	C:\WINDOWS\SYSTEM32\USERENV.dll
0x00007ffc01740000 - 0x00007ffc017c0000 	C:\WINDOWS\System32\bcryptprimitives.dll
0x00007ffc00dd0000 - 0x00007ffc00ddc000 	C:\WINDOWS\SYSTEM32\CRYPTBASE.dll
0x00007ffc008f0000 - 0x00007ffc0092b000 	C:\WINDOWS\SYSTEM32\IPHLPAPI.DLL
0x00007ffc03490000 - 0x00007ffc03498000 	C:\WINDOWS\System32\NSI.dll
0x00007ffbfb220000 - 0x00007ffbfb237000 	C:\WINDOWS\SYSTEM32\dhcpcsvc6.DLL
0x00007ffbfb190000 - 0x00007ffbfb1ad000 	C:\WINDOWS\SYSTEM32\dhcpcsvc.DLL
0x00007ffc00930000 - 0x00007ffc009fc000 	C:\WINDOWS\SYSTEM32\DNSAPI.dll
0x00007ffbfc1a0000 - 0x00007ffbfc1ab000 	C:\WINDOWS\SYSTEM32\WINNSI.DLL

VM Arguments:
jvm_args: -Xmx2048m -Dfile.encoding=UTF-8 -Duser.country=KR -Duser.language=ko -Duser.variant 
java_command: org.gradle.launcher.daemon.bootstrap.GradleDaemon 6.5
java_class_path (initial): C:\Users\KimHanbi\.gradle\wrapper\dists\gradle-6.5-all\2oz4ud9k3tuxjg84bbf55q0tn\gradle-6.5\lib\gradle-launcher-6.5.jar
Launcher Type: SUN_STANDARD

Environment Variables:
JAVA_HOME=C:\Program Files\Java\jdk1.8.0_251
CLASSPATH=%classpath%;;;
PATH=C:\Program Files\Java\jdk1.8.0_251\bin;C:\Program Files (x86)\Common Files\Oracle\Java\javapath;C:\Program Files (x86)\Intel\iCLS Client\;C:\Program Files\Intel\iCLS Client\;C:\WINDOWS\system32;C:\WINDOWS;C:\WINDOWS\System32\Wbem;C:\WINDOWS\System32\WindowsPowerShell\v1.0\;C:\Program Files (x86)\Intel\Intel(R) Management Engine Components\DAL;C:\Program Files\Intel\Intel(R) Management Engine Components\DAL;C:\Program Files (x86)\Intel\Intel(R) Management Engine Components\IPT;C:\Program Files\Intel\Intel(R) Management Engine Components\IPT;C:\Program Files\Intel\WiFi\bin\;C:\Program Files\Common Files\Intel\WirelessCommon\;C:\WINDOWS\System32\OpenSSH\;C:\MinGW\bin;C:\Program Files\Java\jdk1.8.0_251\bin;C:\Program Files\Git\cmd;C:\Program Files\MySQL\MySQL Server 8.0\bin;C:\ProgramData\chocolatey\bin;C:\Program Files\nodejs\;C:\Program Files\MySQL\MySQL Shell 8.0\bin\;C:\Python\Python36\Scripts\;C:\Python\Python36\;C:\Users\KimHanbi\AppData\Local\Microsoft\WindowsApps;C:\Users\KimHanbi\AppData\Local\Programs\Microsoft VS Code\bin;C:\Users\KimHanbi\AppData\Roaming\npm;C:\Program Files\Android\Android Studio\jre\bin;C:\Users\KimHanbi\AppData\Local\gitkraken\bin
USERNAME=KimHanbi
OS=Windows_NT
PROCESSOR_IDENTIFIER=Intel64 Family 6 Model 142 Stepping 10, GenuineIntel



---------------  S Y S T E M  ---------------

OS: Windows 10.0 , 64 bit Build 19041 (10.0.19041.928)

CPU:total 8 (initial active 8) (4 cores per cpu, 2 threads per core) family 6 model 142 stepping 10, cmov, cx8, fxsr, mmx, sse, sse2, sse3, ssse3, sse4.1, sse4.2, popcnt, avx, avx2, aes, clmul, erms, 3dnowpref, lzcnt, ht, tsc, tscinvbit, bmi1, bmi2, adx

Memory: 4k page, physical 8217940k(1058732k free), swap 8217940k(5200k free)

vm_info: OpenJDK 64-Bit Server VM (25.242-b01) for windows-amd64 JRE (1.8.0_242-release-1644-b01), built by "builder" with MS VC++ 10.0 (VS2010)

time: Tue May 11 18:26:07 2021
timezone: 대한민국 표준시
elapsed time: 23 seconds (0d 0h 0m 23s)

