#
# There is insufficient memory for the Java Runtime Environment to continue.
# Native memory allocation (malloc) failed to allocate 2328176 bytes for Chunk::new
# Possible reasons:
#   The system is out of physical RAM or swap space
#   The process is running with CompressedOops enabled, and the Java Heap may be blocking the growth of the native heap
# Possible solutions:
#   Reduce memory load on the system
#   Increase physical memory or swap space
#   Check if swap backing store is full
#   Decrease Java heap size (-Xmx/-Xms)
#   Decrease number of Java threads
#   Decrease Java thread stack sizes (-Xss)
#   Set larger code cache with -XX:ReservedCodeCacheSize=
#   JVM is running with Zero Based Compressed Oops mode in which the Java heap is
#     placed in the first 32GB address space. The Java Heap base address is the
#     maximum limit for the native heap growth. Please use -XX:HeapBaseMinAddress
#     to set the Java Heap base and to place the Java Heap above 32GB virtual address.
# This output file may be truncated or incomplete.
#
#  Out of Memory Error (allocation.cpp:389), pid=12612, tid=0x0000000000000a40
#
# JRE version: OpenJDK Runtime Environment (8.0_242-b01) (build 1.8.0_242-release-1644-b01)
# Java VM: OpenJDK 64-Bit Server VM (25.242-b01 mixed mode windows-amd64 compressed oops)
# Failed to write core dump. Minidumps are not enabled by default on client versions of Windows
#

---------------  T H R E A D  ---------------

Current thread (0x000000001caee800):  JavaThread "C2 CompilerThread2" daemon [_thread_in_native, id=2624, stack(0x000000001f350000,0x000000001f450000)]

Stack: [0x000000001f350000,0x000000001f450000]
[error occurred during error reporting (printing stack bounds), id 0xc0000005]

Native frames: (J=compiled Java code, j=interpreted, Vv=VM code, C=native code)


Current CompileTask:
C2: 887235 17264       4       com.sun.tools.javac.comp.Resolve::findMethod (432 bytes)


---------------  P R O C E S S  ---------------

Java Threads: ( => current thread )
  0x0000000030afe000 JavaThread "Cache worker for Java compile cache (C:\Users\KimHanbi\AndroidStudioProjects\UntactShop\.gradle\6.5\javaCompile)" [_thread_blocked, id=17388, stack(0x0000000035cc0000,0x0000000035dc0000)]
  0x0000000030afd800 JavaThread "Cache worker for Java compile cache (C:\Users\KimHanbi\.gradle\caches\6.5\javaCompile)" [_thread_blocked, id=16088, stack(0x0000000035bc0000,0x0000000035cc0000)]
  0x0000000030afb000 JavaThread "stdout" [_thread_in_native, id=17048, stack(0x00000000356c0000,0x00000000357c0000)]
  0x0000000030aff000 JavaThread "stderr" [_thread_in_native, id=17044, stack(0x00000000355c0000,0x00000000356c0000)]
  0x0000000030aff800 JavaThread "stdout" [_thread_in_native, id=17024, stack(0x00000000354c0000,0x00000000355c0000)]
  0x0000000030b01000 JavaThread "stderr" [_thread_in_native, id=17020, stack(0x0000000034430000,0x0000000034530000)]
  0x0000000030afc800 JavaThread "stdout" [_thread_in_native, id=17004, stack(0x00000000353c0000,0x00000000354c0000)]
  0x000000001eaf7800 JavaThread "stderr" [_thread_in_native, id=17000, stack(0x00000000352c0000,0x00000000353c0000)]
  0x000000001eaf6800 JavaThread "stdout" [_thread_in_native, id=16988, stack(0x00000000351c0000,0x00000000352c0000)]
  0x000000001eaef000 JavaThread "stderr" [_thread_in_native, id=16984, stack(0x00000000350c0000,0x00000000351c0000)]
  0x000000001eaf6000 JavaThread "stdout" [_thread_in_native, id=16972, stack(0x0000000034fc0000,0x00000000350c0000)]
  0x000000001eaee800 JavaThread "stderr" [_thread_in_native, id=16968, stack(0x0000000034ec0000,0x0000000034fc0000)]
  0x000000001eaf5000 JavaThread "stdout" [_thread_in_native, id=16956, stack(0x0000000034dc0000,0x0000000034ec0000)]
  0x000000001eaf3000 JavaThread "stderr" [_thread_in_native, id=16952, stack(0x0000000034cc0000,0x0000000034dc0000)]
  0x000000001eaf1800 JavaThread "stdout" [_thread_in_native, id=16940, stack(0x0000000034bc0000,0x0000000034cc0000)]
  0x000000001eaf2000 JavaThread "stderr" [_thread_in_native, id=16936, stack(0x0000000034ac0000,0x0000000034bc0000)]
  0x000000001eaf4800 JavaThread "stdout" [_thread_in_native, id=16896, stack(0x00000000349c0000,0x0000000034ac0000)]
  0x000000001eaf0800 JavaThread "stderr" [_thread_in_native, id=16892, stack(0x00000000348c0000,0x00000000349c0000)]
  0x000000001eaf3800 JavaThread "pool-4-thread-1" [_thread_blocked, id=16868, stack(0x00000000347c0000,0x00000000348c0000)]
  0x000000001eaf0000 JavaThread "WorkerExecutor Queue Thread 8" [_thread_blocked, id=16864, stack(0x00000000345a0000,0x00000000346a0000)]
  0x000000001eae8800 JavaThread "WorkerExecutor Queue Thread 7" [_thread_blocked, id=16856, stack(0x00000000346c0000,0x00000000347c0000)]
  0x000000001eaec000 JavaThread "MarlinRenderer Disposer" daemon [_thread_blocked, id=16640, stack(0x0000000034130000,0x0000000034230000)]
  0x000000001eaea800 JavaThread "Java2D Disposer" daemon [_thread_blocked, id=16636, stack(0x0000000033ff0000,0x00000000340f0000)]
  0x000000001eaeb800 JavaThread "WorkerExecutor Queue Thread 6" [_thread_blocked, id=16632, stack(0x0000000033ef0000,0x0000000033ff0000)]
  0x000000001eaea000 JavaThread "WorkerExecutor Queue Thread 5" [_thread_blocked, id=16624, stack(0x0000000033df0000,0x0000000033ef0000)]
  0x000000001eae9000 JavaThread "WorkerExecutor Queue Thread 4" [_thread_blocked, id=16612, stack(0x0000000033af0000,0x0000000033bf0000)]
  0x0000000025334000 JavaThread "WorkerExecutor Queue Thread 3" [_thread_blocked, id=16608, stack(0x00000000339f0000,0x0000000033af0000)]
  0x0000000025332800 JavaThread "WorkerExecutor Queue Thread 2" [_thread_blocked, id=16604, stack(0x00000000338f0000,0x00000000339f0000)]
  0x0000000025331000 JavaThread "WorkerExecutor Queue" [_thread_blocked, id=16600, stack(0x0000000030070000,0x0000000030170000)]
  0x0000000025332000 JavaThread "Cache worker for execution history cache (C:\Users\KimHanbi\AndroidStudioProjects\UntactShop\.gradle\6.5\executionHistory)" [_thread_blocked, id=14948, stack(0x00000000335f0000,0x00000000336f0000)]
  0x0000000025330800 JavaThread "Execution worker for ':' Thread 7" [_thread_blocked, id=2584, stack(0x00000000334f0000,0x00000000335f0000)]
  0x0000000025333800 JavaThread "Execution worker for ':' Thread 6" [_thread_blocked, id=10540, stack(0x0000000032ef0000,0x0000000032ff0000)]
  0x0000000025335000 JavaThread "Execution worker for ':' Thread 5" [_thread_blocked, id=2324, stack(0x0000000032df0000,0x0000000032ef0000)]
  0x0000000025329000 JavaThread "Execution worker for ':' Thread 4" [_thread_blocked, id=15704, stack(0x0000000032cf0000,0x0000000032df0000)]
  0x000000002532f800 JavaThread "Execution worker for ':' Thread 3" [_thread_blocked, id=13644, stack(0x0000000032bf0000,0x0000000032cf0000)]
  0x0000000025328000 JavaThread "Execution worker for ':' Thread 2" [_thread_blocked, id=15012, stack(0x00000000328c0000,0x00000000329c0000)]
  0x000000002532f000 JavaThread "Execution worker for ':'" [_thread_blocked, id=3296, stack(0x00000000313f0000,0x00000000314f0000)]
  0x0000000025327800 JavaThread "Cache worker for file content cache (C:\Users\KimHanbi\AndroidStudioProjects\UntactShop\.gradle\6.5\fileContent)" [_thread_blocked, id=2900, stack(0x000000002ee70000,0x000000002ef70000)]
  0x000000002532e000 JavaThread "Cache worker for Build Output Cleanup Cache (C:\Users\KimHanbi\AndroidStudioProjects\UntactShop\.gradle\buildOutputCleanup)" [_thread_blocked, id=6816, stack(0x000000002e880000,0x000000002e980000)]
  0x000000002532a800 JavaThread "jar transforms Thread 198" [_thread_blocked, id=14784, stack(0x000000002e780000,0x000000002e880000)]
  0x0000000025326800 JavaThread "jar transforms Thread 197" [_thread_blocked, id=1668, stack(0x000000002e680000,0x000000002e780000)]
  0x0000000025329800 JavaThread "jar transforms Thread 196" [_thread_blocked, id=13244, stack(0x000000002e580000,0x000000002e680000)]
  0x000000002532c800 JavaThread "jar transforms Thread 195" [_thread_blocked, id=16108, stack(0x000000002e480000,0x000000002e580000)]
  0x000000002532b000 JavaThread "jar transforms Thread 194" [_thread_blocked, id=13064, stack(0x000000002e380000,0x000000002e480000)]
  0x000000002532c000 JavaThread "jar transforms Thread 193" [_thread_blocked, id=10460, stack(0x000000002e280000,0x000000002e380000)]
  0x000000002532d800 JavaThread "jar transforms Thread 192" [_thread_blocked, id=13884, stack(0x000000002e180000,0x000000002e280000)]
  0x0000000021267000 JavaThread "jar transforms Thread 191" [_thread_blocked, id=5444, stack(0x000000002e080000,0x000000002e180000)]
  0x0000000021266000 JavaThread "jar transforms Thread 190" [_thread_blocked, id=9124, stack(0x000000002df80000,0x000000002e080000)]
  0x0000000021267800 JavaThread "jar transforms Thread 189" [_thread_blocked, id=13624, stack(0x000000002de80000,0x000000002df80000)]
  0x0000000021264800 JavaThread "jar transforms Thread 188" [_thread_blocked, id=5596, stack(0x000000002dd80000,0x000000002de80000)]
  0x0000000021264000 JavaThread "jar transforms Thread 187" [_thread_blocked, id=11052, stack(0x000000002dc80000,0x000000002dd80000)]
  0x0000000021265800 JavaThread "jar transforms Thread 186" [_thread_blocked, id=13304, stack(0x000000002db80000,0x000000002dc80000)]
  0x000000002125c800 JavaThread "jar transforms Thread 185" [_thread_blocked, id=5496, stack(0x000000002da80000,0x000000002db80000)]
  0x0000000021263000 JavaThread "jar transforms Thread 184" [_thread_blocked, id=11384, stack(0x000000002d980000,0x000000002da80000)]
  0x0000000021262800 JavaThread "jar transforms Thread 183" [_thread_blocked, id=10332, stack(0x000000002d880000,0x000000002d980000)]
  0x000000002125b000 JavaThread "jar transforms Thread 182" [_thread_blocked, id=11484, stack(0x000000002d780000,0x000000002d880000)]
  0x000000002125b800 JavaThread "jar transforms Thread 181" [_thread_blocked, id=8852, stack(0x000000002d680000,0x000000002d780000)]
  0x0000000021261800 JavaThread "jar transforms Thread 180" [_thread_blocked, id=10828, stack(0x000000002d580000,0x000000002d680000)]
  0x000000002125d000 JavaThread "jar transforms Thread 179" [_thread_blocked, id=15544, stack(0x000000002d480000,0x000000002d580000)]
  0x0000000021260000 JavaThread "jar transforms Thread 178" [_thread_blocked, id=15116, stack(0x000000002d380000,0x000000002d480000)]
  0x000000002125e800 JavaThread "jar transforms Thread 177" [_thread_blocked, id=12932, stack(0x000000002d280000,0x000000002d380000)]
  0x0000000021261000 JavaThread "jar transforms Thread 176" [_thread_blocked, id=2188, stack(0x000000002d180000,0x000000002d280000)]
  0x0000000021259800 JavaThread "jar transforms Thread 175" [_thread_blocked, id=6528, stack(0x000000002d080000,0x000000002d180000)]
  0x0000000021258800 JavaThread "jar transforms Thread 174" [_thread_blocked, id=10532, stack(0x000000002cf80000,0x000000002d080000)]
  0x000000002125a000 JavaThread "jar transforms Thread 173" [_thread_blocked, id=4152, stack(0x000000002ce80000,0x000000002cf80000)]
  0x000000002125e000 JavaThread "jar transforms Thread 172" [_thread_blocked, id=13128, stack(0x000000002cd80000,0x000000002ce80000)]
  0x000000002125f800 JavaThread "jar transforms Thread 171" [_thread_blocked, id=12700, stack(0x000000002cc80000,0x000000002cd80000)]
  0x000000001fa5a800 JavaThread "jar transforms Thread 170" [_thread_blocked, id=8108, stack(0x000000002cb80000,0x000000002cc80000)]
  0x000000001fa5b800 JavaThread "jar transforms Thread 169" [_thread_blocked, id=15152, stack(0x000000002ca80000,0x000000002cb80000)]
  0x000000001fa5a000 JavaThread "jar transforms Thread 168" [_thread_blocked, id=10944, stack(0x000000002c980000,0x000000002ca80000)]
  0x000000001fa57800 JavaThread "jar transforms Thread 167" [_thread_blocked, id=2388, stack(0x000000002c880000,0x000000002c980000)]
  0x000000001fa59000 JavaThread "jar transforms Thread 166" [_thread_blocked, id=1016, stack(0x000000002c780000,0x000000002c880000)]
  0x000000001fa58800 JavaThread "jar transforms Thread 165" [_thread_blocked, id=12588, stack(0x000000002c680000,0x000000002c780000)]
  0x000000001fa57000 JavaThread "jar transforms Thread 164" [_thread_blocked, id=3368, stack(0x000000002c580000,0x000000002c680000)]
  0x000000001fa5c000 JavaThread "jar transforms Thread 163" [_thread_blocked, id=15692, stack(0x000000002c480000,0x000000002c580000)]
  0x000000001fa4f800 JavaThread "jar transforms Thread 162" [_thread_blocked, id=10168, stack(0x000000002c380000,0x000000002c480000)]
  0x000000001fa56000 JavaThread "jar transforms Thread 161" [_thread_blocked, id=12624, stack(0x000000002c280000,0x000000002c380000)]
  0x000000001fa51800 JavaThread "jar transforms Thread 160" [_thread_blocked, id=2564, stack(0x000000002c180000,0x000000002c280000)]
  0x000000001fa51000 JavaThread "jar transforms Thread 159" [_thread_blocked, id=10456, stack(0x000000002c080000,0x000000002c180000)]
  0x000000001fa4e800 JavaThread "jar transforms Thread 158" [_thread_blocked, id=6864, stack(0x000000002bf80000,0x000000002c080000)]
  0x000000001fa55800 JavaThread "jar transforms Thread 157" [_thread_blocked, id=6868, stack(0x000000002be80000,0x000000002bf80000)]
  0x000000001fa54800 JavaThread "jar transforms Thread 156" [_thread_blocked, id=10464, stack(0x000000002bd80000,0x000000002be80000)]
  0x000000001fa53000 JavaThread "jar transforms Thread 155" [_thread_blocked, id=12764, stack(0x000000002bc80000,0x000000002bd80000)]
  0x000000001fa4d000 JavaThread "jar transforms Thread 154" [_thread_blocked, id=14836, stack(0x000000002bb80000,0x000000002bc80000)]
  0x000000001fa50000 JavaThread "jar transforms Thread 153" [_thread_blocked, id=15452, stack(0x000000002ba80000,0x000000002bb80000)]
  0x000000001fa54000 JavaThread "jar transforms Thread 152" [_thread_blocked, id=9228, stack(0x000000002b980000,0x000000002ba80000)]
  0x000000001fa4e000 JavaThread "jar transforms Thread 151" [_thread_blocked, id=1176, stack(0x000000002b880000,0x000000002b980000)]
  0x000000001fa52800 JavaThread "jar transforms Thread 150" [_thread_blocked, id=11884, stack(0x000000002b780000,0x000000002b880000)]
  0x0000000020990800 JavaThread "jar transforms Thread 149" [_thread_blocked, id=6812, stack(0x000000002b680000,0x000000002b780000)]
  0x0000000020996000 JavaThread "jar transforms Thread 148" [_thread_blocked, id=11496, stack(0x000000002b580000,0x000000002b680000)]
  0x0000000020994800 JavaThread "jar transforms Thread 147" [_thread_blocked, id=14220, stack(0x000000002b480000,0x000000002b580000)]
  0x0000000020992000 JavaThread "jar transforms Thread 146" [_thread_blocked, id=3160, stack(0x000000002b380000,0x000000002b480000)]
  0x0000000020993800 JavaThread "jar transforms Thread 145" [_thread_blocked, id=10092, stack(0x000000002b280000,0x000000002b380000)]
  0x0000000025201000 JavaThread "jar transforms Thread 144" [_thread_blocked, id=11440, stack(0x000000002b180000,0x000000002b280000)]
  0x0000000025200000 JavaThread "jar transforms Thread 143" [_thread_blocked, id=1872, stack(0x000000002b080000,0x000000002b180000)]
  0x0000000025205800 JavaThread "jar transforms Thread 142" [_thread_blocked, id=11240, stack(0x000000002af80000,0x000000002b080000)]
  0x0000000025204000 JavaThread "jar transforms Thread 141" [_thread_blocked, id=10716, stack(0x000000002ae80000,0x000000002af80000)]
  0x00000000251ff800 JavaThread "jar transforms Thread 140" [_thread_blocked, id=14564, stack(0x000000002ad80000,0x000000002ae80000)]
  0x0000000025203000 JavaThread "jar transforms Thread 139" [_thread_blocked, id=12316, stack(0x000000002ac80000,0x000000002ad80000)]
  0x0000000025204800 JavaThread "jar transforms Thread 138" [_thread_blocked, id=12628, stack(0x000000002ab80000,0x000000002ac80000)]
  0x0000000025202800 JavaThread "jar transforms Thread 137" [_thread_blocked, id=2864, stack(0x000000002aa80000,0x000000002ab80000)]
  0x0000000025206000 JavaThread "jar transforms Thread 136" [_thread_blocked, id=16248, stack(0x000000002a980000,0x000000002aa80000)]
  0x000000001ff67800 JavaThread "jar transforms Thread 135" [_thread_blocked, id=10396, stack(0x000000002a880000,0x000000002a980000)]
  0x000000001ff60000 JavaThread "jar transforms Thread 134" [_thread_blocked, id=12844, stack(0x000000002a780000,0x000000002a880000)]
  0x000000001ff65000 JavaThread "jar transforms Thread 133" [_thread_blocked, id=6624, stack(0x000000002a680000,0x000000002a780000)]
  0x000000001ff66800 JavaThread "jar transforms Thread 132" [_thread_blocked, id=4168, stack(0x000000002a580000,0x000000002a680000)]
  0x000000001ff61800 JavaThread "jar transforms Thread 131" [_thread_blocked, id=11568, stack(0x000000002a480000,0x000000002a580000)]
  0x000000001ff63800 JavaThread "jar transforms Thread 130" [_thread_blocked, id=8120, stack(0x000000002a380000,0x000000002a480000)]
  0x000000001ff62000 JavaThread "jar transforms Thread 129" [_thread_blocked, id=15580, stack(0x000000002a280000,0x000000002a380000)]
  0x000000001ff66000 JavaThread "jar transforms Thread 128" [_thread_blocked, id=11900, stack(0x000000002a180000,0x000000002a280000)]
  0x000000001ff60800 JavaThread "jar transforms Thread 127" [_thread_blocked, id=12496, stack(0x000000002a080000,0x000000002a180000)]
  0x000000001ff63000 JavaThread "jar transforms Thread 126" [_thread_blocked, id=888, stack(0x0000000029f80000,0x000000002a080000)]
  0x000000001ff64800 JavaThread "jar transforms Thread 125" [_thread_blocked, id=13848, stack(0x0000000029e80000,0x0000000029f80000)]
  0x000000001ff58800 JavaThread "jar transforms Thread 124" [_thread_blocked, id=2952, stack(0x0000000029d80000,0x0000000029e80000)]
  0x000000001ff5f000 JavaThread "jar transforms Thread 123" [_thread_blocked, id=6804, stack(0x0000000029c80000,0x0000000029d80000)]
  0x000000001ff5c000 JavaThread "jar transforms Thread 122" [_thread_blocked, id=9168, stack(0x0000000029b80000,0x0000000029c80000)]
  0x000000001ff5b800 JavaThread "jar transforms Thread 121" [_thread_blocked, id=9892, stack(0x0000000029a80000,0x0000000029b80000)]
  0x000000001ff5e800 JavaThread "jar transforms Thread 120" [_thread_blocked, id=16264, stack(0x0000000029980000,0x0000000029a80000)]
  0x000000001ff59000 JavaThread "jar transforms Thread 119" [_thread_blocked, id=8528, stack(0x0000000029880000,0x0000000029980000)]
  0x0000000024868800 JavaThread "jar transforms Thread 118" [_thread_blocked, id=13348, stack(0x0000000029780000,0x0000000029880000)]
  0x0000000024868000 JavaThread "jar transforms Thread 117" [_thread_blocked, id=3460, stack(0x0000000029680000,0x0000000029780000)]
  0x0000000024864000 JavaThread "jar transforms Thread 116" [_thread_blocked, id=15996, stack(0x0000000029580000,0x0000000029680000)]
  0x000000002486a000 JavaThread "jar transforms Thread 115" [_thread_blocked, id=14032, stack(0x0000000029480000,0x0000000029580000)]
  0x0000000024866800 JavaThread "jar transforms Thread 114" [_thread_blocked, id=13432, stack(0x0000000029380000,0x0000000029480000)]
  0x0000000024863800 JavaThread "jar transforms Thread 113" [_thread_blocked, id=11060, stack(0x0000000029280000,0x0000000029380000)]
  0x0000000024865800 JavaThread "jar transforms Thread 112" [_thread_blocked, id=10236, stack(0x0000000029180000,0x0000000029280000)]
  0x0000000024867000 JavaThread "jar transforms Thread 111" [_thread_blocked, id=11748, stack(0x0000000029080000,0x0000000029180000)]
  0x0000000024869800 JavaThread "jar transforms Thread 110" [_thread_blocked, id=10132, stack(0x0000000028f80000,0x0000000029080000)]
  0x000000002485c000 JavaThread "jar transforms Thread 109" [_thread_blocked, id=12584, stack(0x0000000028e80000,0x0000000028f80000)]
  0x0000000024862000 JavaThread "jar transforms Thread 108" [_thread_blocked, id=2116, stack(0x0000000028d80000,0x0000000028e80000)]
  0x0000000024862800 JavaThread "jar transforms Thread 107" [_thread_blocked, id=12280, stack(0x0000000028c80000,0x0000000028d80000)]
  0x0000000024860800 JavaThread "jar transforms Thread 106" [_thread_blocked, id=9572, stack(0x0000000028b80000,0x0000000028c80000)]
  0x000000002485e000 JavaThread "jar transforms Thread 105" [_thread_blocked, id=8228, stack(0x0000000028a80000,0x0000000028b80000)]
  0x000000002485d800 JavaThread "jar transforms Thread 104" [_thread_blocked, id=15448, stack(0x0000000028980000,0x0000000028a80000)]
  0x000000002485f800 JavaThread "jar transforms Thread 103" [_thread_blocked, id=15684, stack(0x0000000028880000,0x0000000028980000)]
  0x000000002485c800 JavaThread "jar transforms Thread 102" [_thread_blocked, id=3372, stack(0x0000000028780000,0x0000000028880000)]
  0x000000002485f000 JavaThread "jar transforms Thread 101" [_thread_blocked, id=9628, stack(0x0000000028680000,0x0000000028780000)]
  0x0000000024861000 JavaThread "jar transforms Thread 100" [_thread_blocked, id=4028, stack(0x0000000028580000,0x0000000028680000)]
  0x00000000261ff000 JavaThread "Build operations Thread 8" [_thread_blocked, id=15688, stack(0x0000000028480000,0x0000000028580000)]
  0x00000000261f7800 JavaThread "Build operations Thread 7" [_thread_blocked, id=10452, stack(0x0000000028380000,0x0000000028480000)]
  0x00000000261fe000 JavaThread "Build operations Thread 6" [_thread_blocked, id=4848, stack(0x0000000028280000,0x0000000028380000)]
  0x00000000261fc800 JavaThread "Build operations Thread 5" [_thread_blocked, id=10136, stack(0x0000000028180000,0x0000000028280000)]
  0x00000000261fb000 JavaThread "Build operations Thread 4" [_thread_blocked, id=8080, stack(0x0000000028080000,0x0000000028180000)]
  0x00000000261fd800 JavaThread "Build operations Thread 3" [_thread_blocked, id=3440, stack(0x0000000027d20000,0x0000000027e20000)]
  0x00000000261fa800 JavaThread "Build operations Thread 2" [_thread_blocked, id=16156, stack(0x0000000026e40000,0x0000000026f40000)]
  0x00000000261f9800 JavaThread "Build operations" [_thread_blocked, id=4300, stack(0x0000000026c40000,0x0000000026d40000)]
  0x00000000261f8000 JavaThread "Cache worker for cache directory md-rule (C:\Users\KimHanbi\.gradle\caches\6.5\md-rule)" [_thread_blocked, id=3888, stack(0x0000000026b40000,0x0000000026c40000)]
  0x00000000261f0000 JavaThread "Cache worker for cache directory md-supplier (C:\Users\KimHanbi\.gradle\caches\6.5\md-supplier)" [_thread_blocked, id=3232, stack(0x0000000026a40000,0x0000000026b40000)]
  0x00000000261f5000 JavaThread "Cache worker for checksums cache (C:\Users\KimHanbi\AndroidStudioProjects\UntactShop\.gradle\checksums)" [_thread_blocked, id=7476, stack(0x0000000026740000,0x0000000026840000)]
  0x00000000261f4800 JavaThread "Cache worker for file hash cache (C:\Users\KimHanbi\AndroidStudioProjects\UntactShop\.gradle\6.5\fileHashes)" [_thread_blocked, id=11328, stack(0x0000000022fd0000,0x00000000230d0000)]
  0x00000000261f1800 JavaThread "Thread-149" [_thread_blocked, id=3092, stack(0x0000000022cd0000,0x0000000022dd0000)]
  0x00000000261f0800 JavaThread "Asynchronous log dispatcher for DefaultDaemonConnection: socket connection from /127.0.0.1:3579 to /127.0.0.1:3757" [_thread_blocked, id=14972, stack(0x00000000229d0000,0x0000000022ad0000)]
  0x00000000261f3800 JavaThread "Daemon worker Thread 2" [_thread_in_Java, id=15456, stack(0x00000000228d0000,0x00000000229d0000)]
  0x00000000261f6800 JavaThread "Cancel handler" [_thread_blocked, id=9944, stack(0x0000000001060000,0x0000000001160000)]
  0x00000000261f3000 JavaThread "Handler for socket connection from /127.0.0.1:3579 to /127.0.0.1:3757" [_thread_in_native, id=9764, stack(0x0000000000f60000,0x0000000001060000)]
  0x00000000261f6000 JavaThread "Daemon Thread 2" [_thread_blocked, id=1344, stack(0x0000000000e60000,0x0000000000f60000)]
  0x000000002486b000 JavaThread "Memory manager" [_thread_blocked, id=1968, stack(0x000000002ff70000,0x0000000030070000)]
  0x000000002098f000 JavaThread "Cache worker for file content cache (C:\Users\KimHanbi\.gradle\caches\6.5\fileContent)" [_thread_blocked, id=15432, stack(0x0000000027820000,0x0000000027920000)]
  0x0000000020995000 JavaThread "Cache worker for execution history cache (C:\Users\KimHanbi\.gradle\caches\6.5\executionHistory)" [_thread_blocked, id=12048, stack(0x0000000026d40000,0x0000000026e40000)]
  0x0000000020990000 JavaThread "Cache worker for file hash cache (C:\Users\KimHanbi\.gradle\caches\6.5\fileHashes)" [_thread_blocked, id=3172, stack(0x00000000234d0000,0x00000000235d0000)]
  0x0000000020991800 JavaThread "File lock request listener" [_thread_in_native, id=13472, stack(0x00000000233d0000,0x00000000234d0000)]
  0x00000000202de000 JavaThread "Cache worker for journal cache (C:\Users\KimHanbi\.gradle\caches\journal-1)" [_thread_blocked, id=12008, stack(0x00000000232d0000,0x00000000233d0000)]
  0x000000001eba8000 JavaThread "Daemon periodic checks" [_thread_blocked, id=6824, stack(0x00000000225d0000,0x00000000226d0000)]
  0x000000001ebae000 JavaThread "Incoming local TCP Connector on port 3579" [_thread_in_native, id=9372, stack(0x00000000223f0000,0x00000000224f0000)]
  0x00000000210f3800 JavaThread "Daemon health stats" [_thread_blocked, id=11964, stack(0x00000000220f0000,0x00000000221f0000)]
  0x000000001e9ef800 JavaThread "Service Thread" daemon [_thread_blocked, id=6288, stack(0x000000001f550000,0x000000001f650000)]
  0x000000001e967800 JavaThread "C1 CompilerThread3" daemon [_thread_in_vm, id=3964, stack(0x000000001f450000,0x000000001f550000)]
=>0x000000001caee800 JavaThread "C2 CompilerThread2" daemon [_thread_in_native, id=2624, stack(0x000000001f350000,0x000000001f450000)]
  0x000000001e8ff800 JavaThread "C2 CompilerThread1" daemon [_thread_in_vm, id=15928, stack(0x000000001f250000,0x000000001f350000)]
  0x000000001e8fd800 JavaThread "C2 CompilerThread0" daemon [_thread_in_vm, id=13872, stack(0x000000001f150000,0x000000001f250000)]
  0x000000001e958000 JavaThread "Attach Listener" daemon [_thread_blocked, id=10740, stack(0x000000001f050000,0x000000001f150000)]
  0x000000001e957000 JavaThread "Signal Dispatcher" daemon [_thread_blocked, id=16280, stack(0x000000001ef50000,0x000000001f050000)]
  0x000000001e8e0800 JavaThread "Finalizer" daemon [_thread_blocked, id=11548, stack(0x000000001edc0000,0x000000001eec0000)]
  0x0000000002fb8000 JavaThread "Reference Handler" daemon [_thread_blocked, id=1348, stack(0x000000001ecc0000,0x000000001edc0000)]
  0x0000000002ec2800 JavaThread "main" [_thread_blocked, id=11668, stack(0x0000000002dc0000,0x0000000002ec0000)]

Other Threads:
  0x000000001cad5800 VMThread [stack: 0x000000001e7c0000,0x000000001e8c0000] [id=13840]
  0x000000001e9f0800 WatcherThread [stack: 0x000000001f650000,0x000000001f750000] [id=11812]

VM state:not at safepoint (normal execution)

VM Mutex/Monitor currently owned by a thread: None

heap address: 0x00000006c0000000, size: 4096 MB, Compressed Oops mode: Zero based, Oop shift amount: 3
Narrow klass base: 0x0000000000000000, Narrow klass shift: 3
Compressed class space size: 1073741824 Address: 0x00000007c0000000

Heap:
 PSYoungGen      total 331776K, used 7765K [0x000000076ab00000, 0x0000000782b80000, 0x00000007c0000000)
  eden space 295936K, 2% used [0x000000076ab00000,0x000000076b295748,0x000000077cc00000)
  from space 35840K, 0% used [0x0000000780880000,0x0000000780880000,0x0000000782b80000)
  to   space 29696K, 0% used [0x000000077cc00000,0x000000077cc00000,0x000000077e900000)
 ParOldGen       total 129536K, used 121071K [0x00000006c0000000, 0x00000006c7e80000, 0x000000076ab00000)
  object space 129536K, 93% used [0x00000006c0000000,0x00000006c763bd90,0x00000006c7e80000)
 Metaspace       used 93946K, capacity 98014K, committed 98520K, reserved 1134592K
  class space    used 11885K, capacity 12690K, committed 12800K, reserved 1048576K

Card table byte_map: [0x0000000012380000,0x0000000012b90000] byte_map_base: 0x000000000ed80000

Marking Bits: (ParMarkBitMap*) 0x000000006203f030
 Begin Bits: [0x00000000138f0000, 0x00000000178f0000)
 End Bits:   [0x00000000178f0000, 0x000000001b8f0000)

Polling page: 0x0000000000d50000

CodeCache: size=245760Kb used=51470Kb max_used=51754Kb free=194289Kb
 bounds [0x0000000002fc0000, 0x0000000006290000, 0x0000000011fc0000]
 total_blobs=15409 nmethods=14405 adapters=915
 compilation: enabled

Compilation events (10 events):
Event: 887.083 Thread 0x000000001e967800 nmethod 17517 0x0000000006271f10 code [0x0000000006272080, 0x00000000062722f0]
Event: 887.090 Thread 0x000000001e967800 17518       3       org.gradle.api.internal.artifacts.result.DefaultResolvedArtifactResult::<init> (38 bytes)
Event: 887.092 Thread 0x000000001e967800 nmethod 17518 0x0000000006271710 code [0x00000000062718a0, 0x0000000006271ce8]
Event: 887.092 Thread 0x000000001e967800 17519       3       org.gradle.internal.component.local.model.ComponentFileArtifactIdentifier::equals (63 bytes)
Event: 887.093 Thread 0x000000001e967800 nmethod 17519 0x0000000006275ed0 code [0x0000000006276060, 0x00000000062766f8]
Event: 887.116 Thread 0x000000001e967800 17520       1       org.gradle.api.internal.artifacts.result.DefaultResolvedArtifactResult::getFile (5 bytes)
Event: 887.117 Thread 0x000000001e967800 nmethod 17520 0x0000000006271390 code [0x00000000062714e0, 0x00000000062715f0]
Event: 887.132 Thread 0x000000001e967800 17521       3       com.google.common.collect.ImmutableSet::copyOf (76 bytes)
Event: 887.135 Thread 0x000000001e967800 nmethod 17521 0x0000000006274bd0 code [0x0000000006274e00, 0x0000000006275b68]
Event: 887.164 Thread 0x000000001e8ff800 17522       4       org.gradle.internal.component.external.model.DefaultModuleComponentIdentifier::getDisplayName (87 bytes)

GC Heap History (10 events):
Event: 836.026 GC heap before
{Heap before GC invocations=18 (full 3):
 PSYoungGen      total 271872K, used 268155K [0x000000076ab00000, 0x000000077d080000, 0x00000007c0000000)
  eden space 258560K, 100% used [0x000000076ab00000,0x000000077a780000,0x000000077a780000)
  from space 13312K, 72% used [0x000000077c380000,0x000000077ccded78,0x000000077d080000)
  to   space 20992K, 0% used [0x000000077a780000,0x000000077a780000,0x000000077bc00000)
 ParOldGen       total 118272K, used 55993K [0x00000006c0000000, 0x00000006c7380000, 0x000000076ab00000)
  object space 118272K, 47% used [0x00000006c0000000,0x00000006c36ae670,0x00000006c7380000)
 Metaspace       used 74658K, capacity 78534K, committed 78808K, reserved 1118208K
  class space    used 9916K, capacity 10683K, committed 10752K, reserved 1048576K
Event: 836.122 GC heap after
Heap after GC invocations=18 (full 3):
 PSYoungGen      total 279552K, used 20976K [0x000000076ab00000, 0x0000000780780000, 0x00000007c0000000)
  eden space 258560K, 0% used [0x000000076ab00000,0x000000076ab00000,0x000000077a780000)
  from space 20992K, 99% used [0x000000077a780000,0x000000077bbfc168,0x000000077bc00000)
  to   space 29696K, 0% used [0x000000077ea80000,0x000000077ea80000,0x0000000780780000)
 ParOldGen       total 118272K, used 71495K [0x00000006c0000000, 0x00000006c7380000, 0x000000076ab00000)
  object space 118272K, 60% used [0x00000006c0000000,0x00000006c45d1da0,0x00000006c7380000)
 Metaspace       used 74658K, capacity 78534K, committed 78808K, reserved 1118208K
  class space    used 9916K, capacity 10683K, committed 10752K, reserved 1048576K
}
Event: 848.970 GC heap before
{Heap before GC invocations=19 (full 3):
 PSYoungGen      total 279552K, used 279536K [0x000000076ab00000, 0x0000000780780000, 0x00000007c0000000)
  eden space 258560K, 100% used [0x000000076ab00000,0x000000077a780000,0x000000077a780000)
  from space 20992K, 99% used [0x000000077a780000,0x000000077bbfc168,0x000000077bc00000)
  to   space 29696K, 0% used [0x000000077ea80000,0x000000077ea80000,0x0000000780780000)
 ParOldGen       total 118272K, used 71495K [0x00000006c0000000, 0x00000006c7380000, 0x000000076ab00000)
  object space 118272K, 60% used [0x00000006c0000000,0x00000006c45d1da0,0x00000006c7380000)
 Metaspace       used 80360K, capacity 84410K, committed 84568K, reserved 1122304K
  class space    used 10559K, capacity 11321K, committed 11392K, reserved 1048576K
Event: 849.090 GC heap after
Heap after GC invocations=19 (full 3):
 PSYoungGen      total 324096K, used 17197K [0x000000076ab00000, 0x0000000780600000, 0x00000007c0000000)
  eden space 295936K, 0% used [0x000000076ab00000,0x000000076ab00000,0x000000077cc00000)
  from space 28160K, 61% used [0x000000077ea80000,0x000000077fb4b4f8,0x0000000780600000)
  to   space 29696K, 0% used [0x000000077cc00000,0x000000077cc00000,0x000000077e900000)
 ParOldGen       total 118272K, used 91756K [0x00000006c0000000, 0x00000006c7380000, 0x000000076ab00000)
  object space 118272K, 77% used [0x00000006c0000000,0x00000006c599b290,0x00000006c7380000)
 Metaspace       used 80360K, capacity 84410K, committed 84568K, reserved 1122304K
  class space    used 10559K, capacity 11321K, committed 11392K, reserved 1048576K
}
Event: 866.564 GC heap before
{Heap before GC invocations=20 (full 3):
 PSYoungGen      total 324096K, used 313133K [0x000000076ab00000, 0x0000000780600000, 0x00000007c0000000)
  eden space 295936K, 100% used [0x000000076ab00000,0x000000077cc00000,0x000000077cc00000)
  from space 28160K, 61% used [0x000000077ea80000,0x000000077fb4b4f8,0x0000000780600000)
  to   space 29696K, 0% used [0x000000077cc00000,0x000000077cc00000,0x000000077e900000)
 ParOldGen       total 118272K, used 91756K [0x00000006c0000000, 0x00000006c7380000, 0x000000076ab00000)
  object space 118272K, 77% used [0x00000006c0000000,0x00000006c599b290,0x00000006c7380000)
 Metaspace       used 86900K, capacity 91206K, committed 91224K, reserved 1128448K
  class space    used 11327K, capacity 12154K, committed 12160K, reserved 1048576K
Event: 866.664 GC heap after
Heap after GC invocations=20 (full 3):
 PSYoungGen      total 325632K, used 29682K [0x000000076ab00000, 0x0000000782b80000, 0x00000007c0000000)
  eden space 295936K, 0% used [0x000000076ab00000,0x000000076ab00000,0x000000077cc00000)
  from space 29696K, 99% used [0x000000077cc00000,0x000000077e8fcbd8,0x000000077e900000)
  to   space 35840K, 0% used [0x0000000780880000,0x0000000780880000,0x0000000782b80000)
 ParOldGen       total 118272K, used 95882K [0x00000006c0000000, 0x00000006c7380000, 0x000000076ab00000)
  object space 118272K, 81% used [0x00000006c0000000,0x00000006c5da28f8,0x00000006c7380000)
 Metaspace       used 86900K, capacity 91206K, committed 91224K, reserved 1128448K
  class space    used 11327K, capacity 12154K, committed 12160K, reserved 1048576K
}
Event: 884.356 GC heap before
{Heap before GC invocations=21 (full 3):
 PSYoungGen      total 325632K, used 235389K [0x000000076ab00000, 0x0000000782b80000, 0x00000007c0000000)
  eden space 295936K, 69% used [0x000000076ab00000,0x00000007773e28e8,0x000000077cc00000)
  from space 29696K, 99% used [0x000000077cc00000,0x000000077e8fcbd8,0x000000077e900000)
  to   space 35840K, 0% used [0x0000000780880000,0x0000000780880000,0x0000000782b80000)
 ParOldGen       total 118272K, used 95882K [0x00000006c0000000, 0x00000006c7380000, 0x000000076ab00000)
  object space 118272K, 81% used [0x00000006c0000000,0x00000006c5da28f8,0x00000006c7380000)
 Metaspace       used 93873K, capacity 98142K, committed 98264K, reserved 1134592K
  class space    used 11882K, capacity 12724K, committed 12800K, reserved 1048576K
Event: 884.897 GC heap after
Heap after GC invocations=21 (full 3):
 PSYoungGen      total 331776K, used 35818K [0x000000076ab00000, 0x0000000782b80000, 0x00000007c0000000)
  eden space 295936K, 0% used [0x000000076ab00000,0x000000076ab00000,0x000000077cc00000)
  from space 35840K, 99% used [0x0000000780880000,0x0000000782b7ab10,0x0000000782b80000)
  to   space 29696K, 0% used [0x000000077cc00000,0x000000077cc00000,0x000000077e900000)
 ParOldGen       total 129536K, used 129356K [0x00000006c0000000, 0x00000006c7e80000, 0x000000076ab00000)
  object space 129536K, 99% used [0x00000006c0000000,0x00000006c7e532d0,0x00000006c7e80000)
 Metaspace       used 93873K, capacity 98142K, committed 98264K, reserved 1134592K
  class space    used 11882K, capacity 12724K, committed 12800K, reserved 1048576K
}
Event: 884.898 GC heap before
{Heap before GC invocations=22 (full 4):
 PSYoungGen      total 331776K, used 35818K [0x000000076ab00000, 0x0000000782b80000, 0x00000007c0000000)
  eden space 295936K, 0% used [0x000000076ab00000,0x000000076ab00000,0x000000077cc00000)
  from space 35840K, 99% used [0x0000000780880000,0x0000000782b7ab10,0x0000000782b80000)
  to   space 29696K, 0% used [0x000000077cc00000,0x000000077cc00000,0x000000077e900000)
 ParOldGen       total 129536K, used 129356K [0x00000006c0000000, 0x00000006c7e80000, 0x000000076ab00000)
  object space 129536K, 99% used [0x00000006c0000000,0x00000006c7e532d0,0x00000006c7e80000)
 Metaspace       used 93873K, capacity 98142K, committed 98264K, reserved 1134592K
  class space    used 11882K, capacity 12724K, committed 12800K, reserved 1048576K
Event: 886.921 GC heap after
Heap after GC invocations=22 (full 4):
 PSYoungGen      total 331776K, used 0K [0x000000076ab00000, 0x0000000782b80000, 0x00000007c0000000)
  eden space 295936K, 0% used [0x000000076ab00000,0x000000076ab00000,0x000000077cc00000)
  from space 35840K, 0% used [0x0000000780880000,0x0000000780880000,0x0000000782b80000)
  to   space 29696K, 0% used [0x000000077cc00000,0x000000077cc00000,0x000000077e900000)
 ParOldGen       total 129536K, used 121071K [0x00000006c0000000, 0x00000006c7e80000, 0x000000076ab00000)
  object space 129536K, 93% used [0x00000006c0000000,0x00000006c763bd90,0x00000006c7e80000)
 Metaspace       used 93797K, capacity 97916K, committed 98264K, reserved 1134592K
  class space    used 11858K, capacity 12681K, committed 12800K, reserved 1048576K
}

Deoptimization events (10 events):
Event: 883.543 Thread 0x00000000261f3800 Uncommon trap: reason=speculate_class_check action=maybe_recompile pc=0x000000000609af30 method=com.sun.tools.javac.code.Type.hasTag(Lcom/sun/tools/javac/code/TypeTag;)Z @ 2
Event: 883.544 Thread 0x00000000261f3800 Uncommon trap: reason=bimorphic action=maybe_recompile pc=0x0000000005d784a0 method=com.sun.tools.javac.code.Symbol$TypeSymbol.precedes(Lcom/sun/tools/javac/code/Symbol$TypeSymbol;Lcom/sun/tools/javac/code/Types;)Z @ 15
Event: 883.544 Thread 0x00000000261f3800 Uncommon trap: reason=bimorphic action=maybe_recompile pc=0x0000000005d784a0 method=com.sun.tools.javac.code.Symbol$TypeSymbol.precedes(Lcom/sun/tools/javac/code/Symbol$TypeSymbol;Lcom/sun/tools/javac/code/Types;)Z @ 15
Event: 883.547 Thread 0x00000000261f3800 Uncommon trap: reason=unstable_if action=reinterpret pc=0x0000000005e05c94 method=com.sun.tools.javac.code.Types$SameTypeVisitor.visitClassType(Lcom/sun/tools/javac/code/Type$ClassType;Lcom/sun/tools/javac/code/Type;)Ljava/lang/Boolean; @ 31
Event: 883.720 Thread 0x00000000261f3800 Uncommon trap: reason=unstable_if action=reinterpret pc=0x0000000004d848ac method=org.gradle.api.internal.tasks.compile.tooling.JavaCompileTaskSuccessResultPostProcessor.finished(Lorg/gradle/internal/operations/BuildOperationDescriptor;Lorg/gradle/interna
Event: 883.785 Thread 0x00000000261f3800 Uncommon trap: reason=unstable_if action=reinterpret pc=0x0000000004e5b5c0 method=com.google.common.collect.MapMakerInternalMap$Segment.reclaimKey(Lcom/google/common/collect/MapMakerInternalMap$InternalEntry;I)Z @ 46
Event: 883.796 Thread 0x00000000261f3800 Uncommon trap: reason=unstable_if action=reinterpret pc=0x0000000004e64d0c method=com.google.common.collect.MapMakerInternalMap$Segment.reclaimKey(Lcom/google/common/collect/MapMakerInternalMap$InternalEntry;I)Z @ 46
Event: 884.153 Thread 0x00000000261f3800 Uncommon trap: reason=unstable_if action=reinterpret pc=0x00000000053f6e4c method=org.gradle.internal.snapshot.MerkleDirectorySnapshotBuilder.visitFile(Lorg/gradle/internal/snapshot/CompleteFileSystemLocationSnapshot;)V @ 7
Event: 886.959 Thread 0x00000000261f3800 Uncommon trap: reason=class_check action=maybe_recompile pc=0x0000000005413c04 method=org.gradle.internal.snapshot.impl.DirectorySnapshotter$PathVisitor.visitFile(Ljava/lang/Object;Ljava/nio/file/attribute/BasicFileAttributes;)Ljava/nio/file/FileVisitResu
Event: 886.960 Thread 0x00000000261f3800 Uncommon trap: reason=class_check action=maybe_recompile pc=0x000000000543d3d8 method=org.gradle.internal.snapshot.impl.DirectorySnapshotter$PathVisitor.snapshotFile(Ljava/nio/file/Path;Ljava/lang/String;Ljava/nio/file/attribute/BasicFileAttributes;Lorg/g

Classes redefined (0 events):
No events

Internal exceptions (10 events):
Event: 861.738 Thread 0x00000000261f3800 Exception <a 'sun/nio/fs/WindowsException'> (0x0000000777180770) thrown at [C:\src\AOSP-openjdk-git\hotspot\src\share\vm\prims\jni.cpp, line 710]
Event: 866.821 Thread 0x00000000261f3800 Implicit null exception at 0x0000000003b277fb to 0x0000000003b27f09
Event: 867.885 Thread 0x00000000261f3800 Implicit null exception at 0x0000000004791418 to 0x000000000479144e
Event: 870.362 Thread 0x0000000030b02000 Implicit null exception at 0x0000000005aa2118 to 0x0000000005aa224d
Event: 871.811 Thread 0x00000000261f3800 Implicit null exception at 0x0000000005a03b11 to 0x0000000005a03ead
Event: 871.841 Thread 0x00000000261f3800 Implicit null exception at 0x0000000003b2aa79 to 0x0000000003b2b2ad
Event: 884.036 Thread 0x00000000261f1800 Exception <a 'java/lang/NoSuchMethodError': <clinit>> (0x0000000776dd02d8) thrown at [C:\src\AOSP-openjdk-git\hotspot\src\share\vm\prims\jni.cpp, line 1615]
Event: 884.039 Thread 0x00000000261f1800 Exception <a 'java/lang/NoSuchMethodError': <clinit>> (0x0000000776dda650) thrown at [C:\src\AOSP-openjdk-git\hotspot\src\share\vm\prims\jni.cpp, line 1615]
Event: 884.152 Thread 0x00000000261f3800 Exception <a 'sun/nio/fs/WindowsException'> (0x0000000776fb7290) thrown at [C:\src\AOSP-openjdk-git\hotspot\src\share\vm\prims\jni.cpp, line 710]
Event: 884.152 Thread 0x00000000261f3800 Exception <a 'sun/nio/fs/WindowsException'> (0x0000000776fb8b30) thrown at [C:\src\AOSP-openjdk-git\hotspot\src\share\vm\prims\jni.cpp, line 710]

Events (10 events):
Event: 887.070 loading class sun/nio/cs/UnicodeDecoder done
Event: 887.071 loading class sun/nio/cs/UTF_16LE$Decoder done
Event: 887.074 loading class com/android/build/gradle/internal/pipeline/MutableDirectoryInput
Event: 887.074 loading class com/android/build/gradle/internal/pipeline/MutableDirectoryInput done
Event: 887.078 loading class com/android/build/api/transform/DirectoryInput
Event: 887.078 loading class com/android/build/api/transform/DirectoryInput done
Event: 887.096 loading class org/gradle/api/artifacts/component/ComponentIdentifier
Event: 887.096 loading class org/gradle/api/artifacts/component/ComponentIdentifier done
Event: 887.096 loading class org/gradle/api/artifacts/component/ComponentIdentifier
Event: 887.096 loading class org/gradle/api/artifacts/component/ComponentIdentifier done


Dynamic libraries:
0x00007ff77c520000 - 0x00007ff77c551000 	C:\Program Files\Android\Android Studio\jre\bin\java.exe
0x00007ff8c8f30000 - 0x00007ff8c9125000 	C:\WINDOWS\SYSTEM32\ntdll.dll
0x00007ff8c6ff0000 - 0x00007ff8c70ad000 	C:\WINDOWS\System32\KERNEL32.DLL
0x00007ff8c6cc0000 - 0x00007ff8c6f88000 	C:\WINDOWS\System32\KERNELBASE.dll
0x00007ff8c7900000 - 0x00007ff8c79ac000 	C:\WINDOWS\System32\ADVAPI32.dll
0x00007ff8c8b70000 - 0x00007ff8c8c0e000 	C:\WINDOWS\System32\msvcrt.dll
0x00007ff8c89d0000 - 0x00007ff8c8a6b000 	C:\WINDOWS\System32\sechost.dll
0x00007ff8c8140000 - 0x00007ff8c826b000 	C:\WINDOWS\System32\RPCRT4.dll
0x00007ff8c8270000 - 0x00007ff8c8410000 	C:\WINDOWS\System32\USER32.dll
0x00007ff8c67d0000 - 0x00007ff8c67f2000 	C:\WINDOWS\System32\win32u.dll
0x00007ff8c8080000 - 0x00007ff8c80aa000 	C:\WINDOWS\System32\GDI32.dll
0x00007ff8c6800000 - 0x00007ff8c690b000 	C:\WINDOWS\System32\gdi32full.dll
0x00007ff8c6910000 - 0x00007ff8c69ad000 	C:\WINDOWS\System32\msvcp_win.dll
0x00007ff8c69b0000 - 0x00007ff8c6ab0000 	C:\WINDOWS\System32\ucrtbase.dll
0x00007ff8acb60000 - 0x00007ff8acdfa000 	C:\WINDOWS\WinSxS\amd64_microsoft.windows.common-controls_6595b64144ccf1df_6.0.19041.844_none_ca00b6081b84eb1d\COMCTL32.dll
0x00007ff8c8770000 - 0x00007ff8c87a0000 	C:\WINDOWS\System32\IMM32.DLL
0x0000000061790000 - 0x0000000061862000 	C:\Program Files\Android\Android Studio\jre\jre\bin\msvcr100.dll
0x0000000061870000 - 0x00000000620bb000 	C:\Program Files\Android\Android Studio\jre\jre\bin\server\jvm.dll
0x00007ff8c8c10000 - 0x00007ff8c8c18000 	C:\WINDOWS\System32\PSAPI.DLL
0x00007ff8b7820000 - 0x00007ff8b7847000 	C:\WINDOWS\SYSTEM32\WINMM.dll
0x00007ff8bdf60000 - 0x00007ff8bdf6a000 	C:\WINDOWS\SYSTEM32\VERSION.dll
0x00007ff8b7b50000 - 0x00007ff8b7b59000 	C:\WINDOWS\SYSTEM32\WSOCK32.dll
0x00007ff8c8b00000 - 0x00007ff8c8b6b000 	C:\WINDOWS\System32\WS2_32.dll
0x00007ff8b6c90000 - 0x00007ff8b6c9f000 	C:\Program Files\Android\Android Studio\jre\jre\bin\verify.dll
0x00007ff8a2ae0000 - 0x00007ff8a2b09000 	C:\Program Files\Android\Android Studio\jre\jre\bin\java.dll
0x00007ff8a2a70000 - 0x00007ff8a2a86000 	C:\Program Files\Android\Android Studio\jre\jre\bin\zip.dll
0x00007ff8c71b0000 - 0x00007ff8c78f2000 	C:\WINDOWS\System32\SHELL32.dll
0x00007ff8c40d0000 - 0x00007ff8c4861000 	C:\WINDOWS\SYSTEM32\windows.storage.dll
0x00007ff8c8410000 - 0x00007ff8c8765000 	C:\WINDOWS\System32\combase.dll
0x00007ff8c6010000 - 0x00007ff8c603c000 	C:\WINDOWS\SYSTEM32\Wldp.dll
0x00007ff8c87a0000 - 0x00007ff8c884e000 	C:\WINDOWS\System32\SHCORE.dll
0x00007ff8c8c20000 - 0x00007ff8c8c75000 	C:\WINDOWS\System32\shlwapi.dll
0x00007ff8c65b0000 - 0x00007ff8c65cf000 	C:\WINDOWS\SYSTEM32\profapi.dll
0x00007ff8a2a50000 - 0x00007ff8a2a6a000 	C:\Program Files\Android\Android Studio\jre\jre\bin\net.dll
0x00007ff8c5d80000 - 0x00007ff8c5dea000 	C:\WINDOWS\system32\mswsock.dll
0x00007ff8a2a30000 - 0x00007ff8a2a43000 	C:\Program Files\Android\Android Studio\jre\jre\bin\nio.dll
0x00007ff8a0fb0000 - 0x00007ff8a0fd7000 	C:\Users\KimHanbi\.gradle\native\f6784746aeab05261644944871eae4fe03e0ef1612fff0a4a95f87b438bc6780\windows-amd64\native-platform.dll
0x00007ff8b6c70000 - 0x00007ff8b6c7d000 	C:\Program Files\Android\Android Studio\jre\jre\bin\management.dll
0x00007ff8c5f60000 - 0x00007ff8c5f78000 	C:\WINDOWS\SYSTEM32\CRYPTSP.dll
0x00007ff8c5720000 - 0x00007ff8c5754000 	C:\WINDOWS\system32\rsaenh.dll
0x00007ff8c6c10000 - 0x00007ff8c6c37000 	C:\WINDOWS\System32\bcrypt.dll
0x00007ff8c6570000 - 0x00007ff8c659e000 	C:\WINDOWS\SYSTEM32\USERENV.dll
0x00007ff8c6c40000 - 0x00007ff8c6cc0000 	C:\WINDOWS\System32\bcryptprimitives.dll
0x00007ff8c5f50000 - 0x00007ff8c5f5c000 	C:\WINDOWS\SYSTEM32\CRYPTBASE.dll
0x00007ff8c5a70000 - 0x00007ff8c5aab000 	C:\WINDOWS\SYSTEM32\IPHLPAPI.DLL
0x00007ff8c8af0000 - 0x00007ff8c8af8000 	C:\WINDOWS\System32\NSI.dll
0x00007ff8c04f0000 - 0x00007ff8c0507000 	C:\WINDOWS\SYSTEM32\dhcpcsvc6.DLL
0x00007ff8c0400000 - 0x00007ff8c041d000 	C:\WINDOWS\SYSTEM32\dhcpcsvc.DLL
0x00007ff8c5ab0000 - 0x00007ff8c5b7c000 	C:\WINDOWS\SYSTEM32\DNSAPI.dll
0x00007ff8c1320000 - 0x00007ff8c132b000 	C:\WINDOWS\SYSTEM32\WINNSI.DLL
0x00007ff8c5390000 - 0x00007ff8c53c3000 	C:\WINDOWS\SYSTEM32\ntmarta.dll
0x00007ff884110000 - 0x00007ff8842ac000 	C:\Program Files\Android\Android Studio\jre\jre\bin\awt.dll
0x00007ff8c70e0000 - 0x00007ff8c71ad000 	C:\WINDOWS\System32\OLEAUT32.dll
0x00007ff8c38f0000 - 0x00007ff8c391f000 	C:\WINDOWS\SYSTEM32\dwmapi.dll
0x00007ff8c1c00000 - 0x00007ff8c21c0000 	C:\WINDOWS\SYSTEM32\d2d1.dll
0x00007ff8c2cc0000 - 0x00007ff8c2d50000 	C:\WINDOWS\SYSTEM32\apphelp.dll
0x00007ff8c36e0000 - 0x00007ff8c377e000 	C:\WINDOWS\system32\uxtheme.dll
0x00007ff8a1e00000 - 0x00007ff8a1e24000 	C:\Program Files\Android\Android Studio\jre\jre\bin\sunec.dll
0x00007ff8a72a0000 - 0x00007ff8a72ab000 	C:\Program Files\Android\Android Studio\jre\jre\bin\sunmscapi.dll
0x00007ff8c6ab0000 - 0x00007ff8c6c0f000 	C:\WINDOWS\System32\CRYPT32.dll
0x00007ff8bebe0000 - 0x00007ff8bebea000 	C:\Windows\System32\rasadhlp.dll
0x00007ff8bcb80000 - 0x00007ff8bcbff000 	C:\WINDOWS\System32\fwpuclnt.dll

VM Arguments:
jvm_args: -Xmx4096m -Dfile.encoding=UTF-8 -Duser.country=KR -Duser.language=ko -Duser.variant 
java_command: org.gradle.launcher.daemon.bootstrap.GradleDaemon 6.5
java_class_path (initial): C:\Users\KimHanbi\.gradle\wrapper\dists\gradle-6.5-all\2oz4ud9k3tuxjg84bbf55q0tn\gradle-6.5\lib\gradle-launcher-6.5.jar
Launcher Type: SUN_STANDARD

Environment Variables:
JAVA_HOME=C:\Program Files\Java\jdk1.8.0_251
CLASSPATH=%classpath%;;;
PATH=C:\Program Files\Java\jdk1.8.0_251\bin;C:\Program Files (x86)\Common Files\Oracle\Java\javapath;C:\Program Files (x86)\Intel\iCLS Client\;C:\Program Files\Intel\iCLS Client\;C:\WINDOWS\system32;C:\WINDOWS;C:\WINDOWS\System32\Wbem;C:\WINDOWS\System32\WindowsPowerShell\v1.0\;C:\Program Files (x86)\Intel\Intel(R) Management Engine Components\DAL;C:\Program Files\Intel\Intel(R) Management Engine Components\DAL;C:\Program Files (x86)\Intel\Intel(R) Management Engine Components\IPT;C:\Program Files\Intel\Intel(R) Management Engine Components\IPT;C:\Program Files\Intel\WiFi\bin\;C:\Program Files\Common Files\Intel\WirelessCommon\;C:\WINDOWS\System32\OpenSSH\;C:\MinGW\bin;C:\Program Files\Java\jdk1.8.0_251\bin;C:\Program Files\Git\cmd;C:\Program Files\MySQL\MySQL Server 8.0\bin;C:\ProgramData\chocolatey\bin;C:\Program Files\nodejs\;C:\Program Files\MySQL\MySQL Shell 8.0\bin\;C:\Python\Python36\Scripts\;C:\Python\Python36\;C:\Users\KimHanbi\AppData\Local\Microsoft\WindowsApps;C:\Users\KimHanbi\AppData\Local\Programs\Microsoft VS Code\bin;C:\Users\KimHanbi\AppData\Roaming\npm;C:\Program Files\Android\Android Studio\jre\bin;C:\Users\KimHanbi\AppData\Local\gitkraken\bin
USERNAME=KimHanbi
OS=Windows_NT
PROCESSOR_IDENTIFIER=Intel64 Family 6 Model 142 Stepping 10, GenuineIntel



---------------  S Y S T E M  ---------------

OS: Windows 10.0 , 64 bit Build 19041 (10.0.19041.928)

CPU:total 8 (initial active 8) (4 cores per cpu, 2 threads per core) family 6 model 142 stepping 10, cmov, cx8, fxsr, mmx, sse, sse2, sse3, ssse3, sse4.1, sse4.2, popcnt, avx, avx2, aes, clmul, erms, 3dnowpref, lzcnt, ht, tsc, tscinvbit, bmi1, bmi2, adx

Memory: 4k page, physical 8217940k(406012k free), swap 8217940k(15072k free)

vm_info: OpenJDK 64-Bit Server VM (25.242-b01) for windows-amd64 JRE (1.8.0_242-release-1644-b01), built by "builder" with MS VC++ 10.0 (VS2010)

time: Fri May 14 18:18:49 2021
timezone:  
elapsed time: 887 seconds (0d 0h 14m 47s)

