#
# There is insufficient memory for the Java Runtime Environment to continue.
# Native memory allocation (malloc) failed to allocate 1318704 bytes for Chunk::new
# Possible reasons:
#   The system is out of physical RAM or swap space
#   The process is running with CompressedOops enabled, and the Java Heap may be blocking the growth of the native heap
# Possible solutions:
#   Reduce memory load on the system
#   Increase physical memory or swap space
#   Check if swap backing store is full
#   Decrease Java heap size (-Xmx/-Xms)
#   Decrease number of Java threads
#   Decrease Java thread stack sizes (-Xss)
#   Set larger code cache with -XX:ReservedCodeCacheSize=
#   JVM is running with Unscaled Compressed Oops mode in which the Java heap is
#     placed in the first 4GB address space. The Java Heap base address is the
#     maximum limit for the native heap growth. Please use -XX:HeapBaseMinAddress
#     to set the Java Heap base and to place the Java Heap above 4GB virtual address.
# This output file may be truncated or incomplete.
#
#  Out of Memory Error (allocation.cpp:389), pid=4544, tid=0x0000000000002088
#
# JRE version: OpenJDK Runtime Environment (8.0_242-b01) (build 1.8.0_242-release-1644-b01)
# Java VM: OpenJDK 64-Bit Server VM (25.242-b01 mixed mode windows-amd64 compressed oops)
# Failed to write core dump. Minidumps are not enabled by default on client versions of Windows
#

---------------  T H R E A D  ---------------

Current thread (0x000000001a475800):  JavaThread "C2 CompilerThread1" daemon [_thread_in_native, id=8328, stack(0x000000001ade0000,0x000000001aee0000)]

Stack: [0x000000001ade0000,0x000000001aee0000]
[error occurred during error reporting (printing stack bounds), id 0xc0000005]

Native frames: (J=compiled Java code, j=interpreted, Vv=VM code, C=native code)


Current CompileTask:
C2:3457907 23384 %     4       com.android.tools.r8.ir.regalloc.a::a @ 1400 (3992 bytes)


---------------  P R O C E S S  ---------------

Java Threads: ( => current thread )
  0x0000000020989800 JavaThread "stdout" [_thread_in_native, id=2928, stack(0x0000000034fd0000,0x00000000350d0000)]
  0x0000000020985800 JavaThread "stderr" [_thread_in_native, id=13872, stack(0x0000000034ed0000,0x0000000034fd0000)]
  0x0000000020984000 JavaThread "stdout" [_thread_in_native, id=11096, stack(0x0000000034dd0000,0x0000000034ed0000)]
  0x0000000020986800 JavaThread "stderr" [_thread_in_native, id=14276, stack(0x0000000034cd0000,0x0000000034dd0000)]
  0x000000002097c000 JavaThread "stdout" [_thread_in_native, id=4260, stack(0x0000000034bd0000,0x0000000034cd0000)]
  0x0000000020982800 JavaThread "stderr" [_thread_in_native, id=9128, stack(0x0000000034150000,0x0000000034250000)]
  0x0000000020980800 JavaThread "stdout" [_thread_in_native, id=7108, stack(0x0000000034980000,0x0000000034a80000)]
  0x0000000020982000 JavaThread "stderr" [_thread_in_native, id=14304, stack(0x0000000034880000,0x0000000034980000)]
  0x000000002097f000 JavaThread "stdout" [_thread_in_native, id=7900, stack(0x0000000034780000,0x0000000034880000)]
  0x0000000020981000 JavaThread "stderr" [_thread_in_native, id=13896, stack(0x0000000034680000,0x0000000034780000)]
  0x000000002097f800 JavaThread "stdout" [_thread_in_native, id=10244, stack(0x0000000034580000,0x0000000034680000)]
  0x000000002097e000 JavaThread "stderr" [_thread_in_native, id=8936, stack(0x0000000034480000,0x0000000034580000)]
  0x000000002097c800 JavaThread "stdout" [_thread_in_native, id=2016, stack(0x0000000034380000,0x0000000034480000)]
  0x000000002097d800 JavaThread "stderr" [_thread_in_native, id=3252, stack(0x0000000034280000,0x0000000034380000)]
  0x000000001df89000 JavaThread "pool-14-thread-1" [_thread_blocked, id=11616, stack(0x0000000034050000,0x0000000034150000)]
  0x000000001df88000 JavaThread "WorkerExecutor Queue Thread 8" [_thread_blocked, id=3140, stack(0x0000000033f50000,0x0000000034050000)]
  0x000000001df86800 JavaThread "WorkerExecutor Queue Thread 7" [_thread_blocked, id=10468, stack(0x0000000033e50000,0x0000000033f50000)]
  0x000000001df86000 JavaThread "WorkerExecutor Queue Thread 6" [_thread_blocked, id=11204, stack(0x0000000033d50000,0x0000000033e50000)]
  0x000000001df85000 JavaThread "WorkerExecutor Queue Thread 5" [_thread_blocked, id=5168, stack(0x0000000033c50000,0x0000000033d50000)]
  0x000000001e259800 JavaThread "WorkerExecutor Queue Thread 4" [_thread_blocked, id=572, stack(0x0000000033b50000,0x0000000033c50000)]
  0x000000001e258800 JavaThread "WorkerExecutor Queue Thread 3" [_thread_blocked, id=8824, stack(0x0000000033920000,0x0000000033a20000)]
  0x000000001e258000 JavaThread "WorkerExecutor Queue Thread 2" [_thread_blocked, id=13372, stack(0x0000000033a50000,0x0000000033b50000)]
  0x000000001e25a000 JavaThread "WorkerExecutor Queue" [_thread_blocked, id=3092, stack(0x0000000031090000,0x0000000031190000)]
  0x000000001e25b000 JavaThread "Cache worker for execution history cache (C:\Users\KimHanbi\AndroidStudioProjects\UntactShop\.gradle\6.5\executionHistory)" [_thread_blocked, id=14092, stack(0x0000000030f90000,0x0000000031090000)]
  0x000000001e257000 JavaThread "Execution worker for ':' Thread 7" [_thread_blocked, id=7552, stack(0x00000000302c0000,0x00000000303c0000)]
  0x000000001e24f800 JavaThread "Execution worker for ':' Thread 6" [_thread_blocked, id=11576, stack(0x00000000301c0000,0x00000000302c0000)]
  0x000000001e255800 JavaThread "Execution worker for ':' Thread 5" [_thread_blocked, id=12272, stack(0x00000000300c0000,0x00000000301c0000)]
  0x000000001e255000 JavaThread "Execution worker for ':' Thread 4" [_thread_blocked, id=6276, stack(0x000000002ffc0000,0x00000000300c0000)]
  0x000000001e256800 JavaThread "Execution worker for ':' Thread 3" [_thread_blocked, id=5128, stack(0x000000002fec0000,0x000000002ffc0000)]
  0x000000001e24f000 JavaThread "Execution worker for ':' Thread 2" [_thread_blocked, id=3832, stack(0x000000002e580000,0x000000002e680000)]
  0x000000001e254000 JavaThread "Execution worker for ':'" [_thread_blocked, id=2300, stack(0x000000002c760000,0x000000002c860000)]
  0x000000001e253800 JavaThread "Cache worker for file content cache (C:\Users\KimHanbi\AndroidStudioProjects\UntactShop\.gradle\6.5\fileContent)" [_thread_blocked, id=1832, stack(0x000000002bbb0000,0x000000002bcb0000)]
  0x0000000021df0800 JavaThread "Cache worker for Build Output Cleanup Cache (C:\Users\KimHanbi\AndroidStudioProjects\UntactShop\.gradle\buildOutputCleanup)" [_thread_blocked, id=8720, stack(0x000000002bab0000,0x000000002bbb0000)]
  0x0000000021def800 JavaThread "jar transforms Thread 552" [_thread_blocked, id=11112, stack(0x000000002b9b0000,0x000000002bab0000)]
  0x0000000021dec800 JavaThread "jar transforms Thread 551" [_thread_blocked, id=10744, stack(0x000000002b2b0000,0x000000002b3b0000)]
  0x0000000021dec000 JavaThread "jar transforms Thread 550" [_thread_blocked, id=10688, stack(0x0000000029fe0000,0x000000002a0e0000)]
  0x0000000021def000 JavaThread "jar transforms Thread 549" [_thread_blocked, id=14324, stack(0x0000000029ee0000,0x0000000029fe0000)]
  0x0000000021deb000 JavaThread "jar transforms Thread 548" [_thread_blocked, id=6304, stack(0x0000000029de0000,0x0000000029ee0000)]
  0x0000000021ded800 JavaThread "jar transforms Thread 547" [_thread_blocked, id=13904, stack(0x0000000029ce0000,0x0000000029de0000)]
  0x0000000021dee000 JavaThread "jar transforms Thread 546" [_thread_blocked, id=4448, stack(0x0000000029be0000,0x0000000029ce0000)]
  0x0000000021de3800 JavaThread "jar transforms Thread 545" [_thread_blocked, id=1780, stack(0x0000000029ae0000,0x0000000029be0000)]
  0x0000000021de9800 JavaThread "jar transforms Thread 544" [_thread_blocked, id=6232, stack(0x00000000299e0000,0x0000000029ae0000)]
  0x0000000021de9000 JavaThread "jar transforms Thread 543" [_thread_blocked, id=4428, stack(0x00000000298e0000,0x00000000299e0000)]
  0x0000000021dea800 JavaThread "jar transforms Thread 542" [_thread_blocked, id=9180, stack(0x00000000297e0000,0x00000000298e0000)]
  0x0000000021de4800 JavaThread "jar transforms Thread 541" [_thread_blocked, id=8696, stack(0x00000000296e0000,0x00000000297e0000)]
  0x0000000021de7800 JavaThread "jar transforms Thread 540" [_thread_blocked, id=14240, stack(0x00000000295e0000,0x00000000296e0000)]
  0x0000000021de5000 JavaThread "jar transforms Thread 539" [_thread_blocked, id=788, stack(0x00000000294e0000,0x00000000295e0000)]
  0x0000000021de8000 JavaThread "jar transforms Thread 538" [_thread_blocked, id=5004, stack(0x00000000293e0000,0x00000000294e0000)]
  0x000000001e427000 JavaThread "jar transforms Thread 537" [_thread_blocked, id=5828, stack(0x00000000292e0000,0x00000000293e0000)]
  0x000000001e426000 JavaThread "jar transforms Thread 536" [_thread_blocked, id=10032, stack(0x00000000291e0000,0x00000000292e0000)]
  0x000000001e42b800 JavaThread "jar transforms Thread 535" [_thread_blocked, id=9924, stack(0x00000000290e0000,0x00000000291e0000)]
  0x000000001e424800 JavaThread "jar transforms Thread 534" [_thread_blocked, id=3940, stack(0x0000000028fe0000,0x00000000290e0000)]
  0x000000001e424000 JavaThread "jar transforms Thread 533" [_thread_blocked, id=13208, stack(0x0000000028ee0000,0x0000000028fe0000)]
  0x000000001e42a800 JavaThread "jar transforms Thread 532" [_thread_blocked, id=10388, stack(0x0000000028de0000,0x0000000028ee0000)]
  0x000000001e42a000 JavaThread "jar transforms Thread 531" [_thread_blocked, id=9692, stack(0x0000000028ce0000,0x0000000028de0000)]
  0x000000001e428800 JavaThread "jar transforms Thread 530" [_thread_blocked, id=13028, stack(0x0000000028be0000,0x0000000028ce0000)]
  0x000000001e41c800 JavaThread "jar transforms Thread 529" [_thread_blocked, id=8628, stack(0x0000000028ae0000,0x0000000028be0000)]
  0x000000001e423000 JavaThread "jar transforms Thread 528" [_thread_blocked, id=12556, stack(0x00000000289e0000,0x0000000028ae0000)]
  0x000000001e421000 JavaThread "jar transforms Thread 527" [_thread_blocked, id=10076, stack(0x00000000288e0000,0x00000000289e0000)]
  0x000000001e421800 JavaThread "jar transforms Thread 526" [_thread_blocked, id=7100, stack(0x00000000287e0000,0x00000000288e0000)]
  0x000000001e41f800 JavaThread "jar transforms Thread 525" [_thread_blocked, id=7256, stack(0x00000000286e0000,0x00000000287e0000)]
  0x000000001e422800 JavaThread "jar transforms Thread 524" [_thread_blocked, id=11552, stack(0x00000000285e0000,0x00000000286e0000)]
  0x000000001e41e800 JavaThread "jar transforms Thread 523" [_thread_blocked, id=9232, stack(0x00000000284e0000,0x00000000285e0000)]
  0x000000001e41d000 JavaThread "jar transforms Thread 522" [_thread_blocked, id=14132, stack(0x00000000283e0000,0x00000000284e0000)]
  0x000000001e420000 JavaThread "jar transforms Thread 521" [_thread_blocked, id=8196, stack(0x00000000282e0000,0x00000000283e0000)]
  0x000000002e071800 JavaThread "jar transforms Thread 520" [_thread_blocked, id=12256, stack(0x00000000281e0000,0x00000000282e0000)]
  0x000000002e070000 JavaThread "jar transforms Thread 519" [_thread_blocked, id=13676, stack(0x00000000280e0000,0x00000000281e0000)]
  0x000000002e06e800 JavaThread "jar transforms Thread 518" [_thread_blocked, id=7280, stack(0x0000000027fe0000,0x00000000280e0000)]
  0x000000002e072800 JavaThread "jar transforms Thread 517" [_thread_blocked, id=13452, stack(0x0000000027ee0000,0x0000000027fe0000)]
  0x000000002e06f800 JavaThread "jar transforms Thread 516" [_thread_blocked, id=8384, stack(0x0000000027de0000,0x0000000027ee0000)]
  0x000000002e06d000 JavaThread "jar transforms Thread 515" [_thread_blocked, id=13468, stack(0x0000000027ce0000,0x0000000027de0000)]
  0x000000002e073000 JavaThread "jar transforms Thread 514" [_thread_blocked, id=1056, stack(0x0000000027be0000,0x0000000027ce0000)]
  0x000000002e071000 JavaThread "jar transforms Thread 513" [_thread_blocked, id=8064, stack(0x0000000027ae0000,0x0000000027be0000)]
  0x000000002e065800 JavaThread "jar transforms Thread 512" [_thread_blocked, id=4484, stack(0x00000000279e0000,0x0000000027ae0000)]
  0x000000002e06c800 JavaThread "jar transforms Thread 511" [_thread_blocked, id=12100, stack(0x00000000278e0000,0x00000000279e0000)]
  0x000000002e065000 JavaThread "jar transforms Thread 510" [_thread_blocked, id=14332, stack(0x00000000277e0000,0x00000000278e0000)]
  0x000000002e06b800 JavaThread "jar transforms Thread 509" [_thread_blocked, id=14076, stack(0x00000000276e0000,0x00000000277e0000)]
  0x000000002e06b000 JavaThread "jar transforms Thread 508" [_thread_blocked, id=2832, stack(0x00000000275e0000,0x00000000276e0000)]
  0x000000002e06a000 JavaThread "jar transforms Thread 507" [_thread_blocked, id=9280, stack(0x00000000274e0000,0x00000000275e0000)]
  0x000000002e068800 JavaThread "jar transforms Thread 506" [_thread_blocked, id=9324, stack(0x00000000273e0000,0x00000000274e0000)]
  0x000000002e069800 JavaThread "jar transforms Thread 505" [_thread_blocked, id=3176, stack(0x00000000272e0000,0x00000000273e0000)]
  0x000000002e068000 JavaThread "jar transforms Thread 504" [_thread_blocked, id=5344, stack(0x00000000271e0000,0x00000000272e0000)]
  0x000000002e066800 JavaThread "jar transforms Thread 503" [_thread_blocked, id=9104, stack(0x00000000270e0000,0x00000000271e0000)]
  0x000000002e067000 JavaThread "jar transforms Thread 502" [_thread_blocked, id=8228, stack(0x0000000026fe0000,0x00000000270e0000)]
  0x000000001ddab000 JavaThread "jar transforms Thread 501" [_thread_blocked, id=11028, stack(0x0000000026ee0000,0x0000000026fe0000)]
  0x000000001ddac800 JavaThread "jar transforms Thread 500" [_thread_blocked, id=13952, stack(0x0000000026de0000,0x0000000026ee0000)]
  0x000000001ddaa000 JavaThread "jar transforms Thread 499" [_thread_blocked, id=14116, stack(0x0000000026ce0000,0x0000000026de0000)]
  0x000000001dda9800 JavaThread "jar transforms Thread 498" [_thread_blocked, id=12440, stack(0x0000000026be0000,0x0000000026ce0000)]
  0x000000001ddb0800 JavaThread "jar transforms Thread 497" [_thread_blocked, id=11672, stack(0x0000000026ae0000,0x0000000026be0000)]
  0x000000001ddad000 JavaThread "jar transforms Thread 496" [_thread_blocked, id=14160, stack(0x00000000269e0000,0x0000000026ae0000)]
  0x000000001ddae000 JavaThread "jar transforms Thread 495" [_thread_blocked, id=12680, stack(0x00000000268e0000,0x00000000269e0000)]
  0x000000001ddab800 JavaThread "jar transforms Thread 494" [_thread_blocked, id=4264, stack(0x00000000267e0000,0x00000000268e0000)]
  0x000000001dda8800 JavaThread "jar transforms Thread 493" [_thread_blocked, id=10784, stack(0x00000000266e0000,0x00000000267e0000)]
  0x000000001ddae800 JavaThread "jar transforms Thread 492" [_thread_blocked, id=13164, stack(0x00000000265e0000,0x00000000266e0000)]
  0x000000001ddaf800 JavaThread "jar transforms Thread 491" [_thread_blocked, id=8852, stack(0x00000000264e0000,0x00000000265e0000)]
  0x000000001dda4000 JavaThread "jar transforms Thread 490" [_thread_blocked, id=4996, stack(0x00000000263e0000,0x00000000264e0000)]
  0x000000001dda1000 JavaThread "jar transforms Thread 489" [_thread_blocked, id=2556, stack(0x00000000262e0000,0x00000000263e0000)]
  0x000000001dda5000 JavaThread "jar transforms Thread 488" [_thread_blocked, id=10964, stack(0x00000000261e0000,0x00000000262e0000)]
  0x000000001dda7000 JavaThread "jar transforms Thread 487" [_thread_blocked, id=8396, stack(0x00000000260e0000,0x00000000261e0000)]
  0x000000001dda3800 JavaThread "jar transforms Thread 486" [_thread_blocked, id=3304, stack(0x0000000025fe0000,0x00000000260e0000)]
  0x000000001dda2000 JavaThread "jar transforms Thread 485" [_thread_blocked, id=2672, stack(0x0000000025ee0000,0x0000000025fe0000)]
  0x000000001dda2800 JavaThread "jar transforms Thread 484" [_thread_blocked, id=6892, stack(0x0000000025de0000,0x0000000025ee0000)]
  0x000000001dda5800 JavaThread "jar transforms Thread 483" [_thread_blocked, id=4412, stack(0x0000000025ce0000,0x0000000025de0000)]
  0x000000001dda8000 JavaThread "jar transforms Thread 482" [_thread_blocked, id=2536, stack(0x0000000025be0000,0x0000000025ce0000)]
  0x000000001dfc9000 JavaThread "jar transforms Thread 481" [_thread_blocked, id=400, stack(0x0000000025ae0000,0x0000000025be0000)]
  0x000000001dfc8000 JavaThread "jar transforms Thread 480" [_thread_blocked, id=412, stack(0x00000000259e0000,0x0000000025ae0000)]
  0x000000001dfc7800 JavaThread "jar transforms Thread 479" [_thread_blocked, id=12860, stack(0x00000000258e0000,0x00000000259e0000)]
  0x000000001dfc0000 JavaThread "jar transforms Thread 478" [_thread_blocked, id=2884, stack(0x00000000257e0000,0x00000000258e0000)]
  0x000000001dfc6800 JavaThread "jar transforms Thread 477" [_thread_blocked, id=10936, stack(0x00000000256e0000,0x00000000257e0000)]
  0x000000001dfc3800 JavaThread "jar transforms Thread 476" [_thread_blocked, id=1308, stack(0x00000000255e0000,0x00000000256e0000)]
  0x000000001dfc5000 JavaThread "jar transforms Thread 475" [_thread_blocked, id=1812, stack(0x00000000250e0000,0x00000000251e0000)]
  0x000000001dfc3000 JavaThread "jar transforms Thread 474" [_thread_blocked, id=13348, stack(0x0000000024fe0000,0x00000000250e0000)]
  0x000000001dfc2000 JavaThread "jar transforms Thread 473" [_thread_blocked, id=2652, stack(0x0000000024ee0000,0x0000000024fe0000)]
  0x000000001dfbf000 JavaThread "jar transforms Thread 472" [_thread_blocked, id=4456, stack(0x0000000024de0000,0x0000000024ee0000)]
  0x000000001dfc6000 JavaThread "jar transforms Thread 471" [_thread_blocked, id=284, stack(0x0000000024ce0000,0x0000000024de0000)]
  0x000000001dfc4800 JavaThread "jar transforms Thread 470" [_thread_blocked, id=13912, stack(0x0000000024be0000,0x0000000024ce0000)]
  0x000000001dfc1800 JavaThread "jar transforms Thread 469" [_thread_blocked, id=12364, stack(0x00000000248e0000,0x00000000249e0000)]
  0x000000001dfbd000 JavaThread "jar transforms Thread 468" [_thread_blocked, id=14300, stack(0x00000000247e0000,0x00000000248e0000)]
  0x000000001dfbe800 JavaThread "jar transforms Thread 467" [_thread_blocked, id=4200, stack(0x00000000246e0000,0x00000000247e0000)]
  0x000000001dfba000 JavaThread "jar transforms Thread 466" [_thread_blocked, id=9596, stack(0x00000000245e0000,0x00000000246e0000)]
  0x000000001dfbc000 JavaThread "jar transforms Thread 465" [_thread_blocked, id=11256, stack(0x00000000242e0000,0x00000000243e0000)]
  0x000000001dfc0800 JavaThread "jar transforms Thread 464" [_thread_blocked, id=9164, stack(0x00000000241e0000,0x00000000242e0000)]
  0x000000001dfbb800 JavaThread "jar transforms Thread 463" [_thread_blocked, id=2720, stack(0x00000000240e0000,0x00000000241e0000)]
  0x000000001dfbd800 JavaThread "jar transforms Thread 462" [_thread_blocked, id=7960, stack(0x0000000023fe0000,0x00000000240e0000)]
  0x0000000021c0b800 JavaThread "jar transforms Thread 461" [_thread_blocked, id=5480, stack(0x0000000023ee0000,0x0000000023fe0000)]
  0x0000000021c0a800 JavaThread "Build operations Thread 8" [_thread_in_Java, id=4596, stack(0x0000000023de0000,0x0000000023ee0000)]
  0x0000000021c0d800 JavaThread "Build operations Thread 7" [_thread_in_Java, id=6816, stack(0x0000000023ce0000,0x0000000023de0000)]
  0x0000000021c0c000 JavaThread "Build operations Thread 6" [_thread_in_Java, id=6856, stack(0x0000000023be0000,0x0000000023ce0000)]
  0x0000000021c0d000 JavaThread "Build operations Thread 5" [_thread_in_Java, id=10292, stack(0x0000000023ae0000,0x0000000023be0000)]
  0x0000000021c0f000 JavaThread "Build operations Thread 4" [_thread_in_native_trans, id=7364, stack(0x00000000232e0000,0x00000000233e0000)]
  0x0000000021c09000 JavaThread "Build operations Thread 3" [_thread_in_Java, id=2772, stack(0x0000000022ae0000,0x0000000022be0000)]
  0x0000000021c0a000 JavaThread "Build operations Thread 2" [_thread_blocked, id=3876, stack(0x0000000021790000,0x0000000021890000)]
  0x0000000021c02800 JavaThread "Build operations" [_thread_in_Java, id=8808, stack(0x0000000021690000,0x0000000021790000)]
  0x0000000021c01800 JavaThread "Cache worker for cache directory md-rule (C:\Users\KimHanbi\.gradle\caches\6.5\md-rule)" [_thread_blocked, id=10464, stack(0x000000001f1c0000,0x000000001f2c0000)]
  0x0000000021c08800 JavaThread "Cache worker for cache directory md-supplier (C:\Users\KimHanbi\.gradle\caches\6.5\md-supplier)" [_thread_blocked, id=14216, stack(0x000000001dbf0000,0x000000001dcf0000)]
  0x0000000021c01000 JavaThread "Cache worker for checksums cache (C:\Users\KimHanbi\AndroidStudioProjects\UntactShop\.gradle\checksums)" [_thread_blocked, id=5016, stack(0x000000001daf0000,0x000000001dbf0000)]
  0x0000000021c04000 JavaThread "Cache worker for file hash cache (C:\Users\KimHanbi\AndroidStudioProjects\UntactShop\.gradle\6.5\fileHashes)" [_thread_blocked, id=3752, stack(0x000000001d9f0000,0x000000001daf0000)]
  0x0000000021c07800 JavaThread "Thread-674" [_thread_blocked, id=12220, stack(0x000000001d8f0000,0x000000001d9f0000)]
  0x0000000021c07000 JavaThread "Stdin handler" [_thread_blocked, id=7352, stack(0x000000001d4f0000,0x000000001d5f0000)]
  0x0000000021c06000 JavaThread "Asynchronous log dispatcher for DefaultDaemonConnection: socket connection from /127.0.0.1:1945 to /127.0.0.1:1790" [_thread_blocked, id=4852, stack(0x000000001cf10000,0x000000001d010000)]
  0x0000000021c03000 JavaThread "Daemon worker Thread 6" [_thread_blocked, id=14224, stack(0x000000001ce10000,0x000000001cf10000)]
  0x0000000021c00000 JavaThread "Cancel handler" [_thread_blocked, id=5156, stack(0x000000001a9e0000,0x000000001aae0000)]
  0x0000000021c05800 JavaThread "Handler for socket connection from /127.0.0.1:1945 to /127.0.0.1:1790" [_thread_in_native, id=11240, stack(0x0000000001640000,0x0000000001740000)]
  0x0000000021c04800 JavaThread "Daemon Thread 6" [_thread_blocked, id=11464, stack(0x0000000001540000,0x0000000001640000)]
  0x000000001dfba800 JavaThread "Cache worker for Java compile cache (C:\Users\KimHanbi\.gradle\caches\6.5\javaCompile)" [_thread_blocked, id=9136, stack(0x000000002c260000,0x000000002c360000)]
  0x000000001e425800 JavaThread "Memory manager" [_thread_blocked, id=1576, stack(0x000000002af80000,0x000000002b080000)]
  0x000000001df87800 JavaThread "Cache worker for file content cache (C:\Users\KimHanbi\.gradle\caches\6.5\fileContent)" [_thread_blocked, id=9072, stack(0x00000000233e0000,0x00000000234e0000)]
  0x000000001df8b000 JavaThread "Cache worker for execution history cache (C:\Users\KimHanbi\.gradle\caches\6.5\executionHistory)" [_thread_blocked, id=512, stack(0x0000000022be0000,0x0000000022ce0000)]
  0x000000001df8a800 JavaThread "Cache worker for file hash cache (C:\Users\KimHanbi\.gradle\caches\6.5\fileHashes)" [_thread_blocked, id=13848, stack(0x000000001f0c0000,0x000000001f1c0000)]
  0x000000001df8c000 JavaThread "File lock request listener" [_thread_in_native, id=6480, stack(0x000000001efc0000,0x000000001f0c0000)]
  0x000000001bb0c000 JavaThread "Cache worker for journal cache (C:\Users\KimHanbi\.gradle\caches\journal-1)" [_thread_blocked, id=13048, stack(0x000000001eec0000,0x000000001efc0000)]
  0x000000001bd7b000 JavaThread "Daemon periodic checks" [_thread_blocked, id=13744, stack(0x000000001d1f0000,0x000000001d2f0000)]
  0x000000001c1f0800 JavaThread "Incoming local TCP Connector on port 1945" [_thread_in_native, id=13776, stack(0x000000001d010000,0x000000001d110000)]
  0x000000001c63d000 JavaThread "Daemon health stats" [_thread_blocked, id=10956, stack(0x000000001ccf0000,0x000000001cdf0000)]
  0x000000001a4f0800 JavaThread "Service Thread" daemon [_thread_blocked, id=12576, stack(0x000000001b0e0000,0x000000001b1e0000)]
  0x000000001a4cb000 JavaThread "C1 CompilerThread3" daemon [_thread_in_native, id=860, stack(0x000000001afe0000,0x000000001b0e0000)]
  0x000000001a4c6800 JavaThread "C2 CompilerThread2" daemon [_thread_in_native, id=9056, stack(0x000000001aee0000,0x000000001afe0000)]
=>0x000000001a475800 JavaThread "C2 CompilerThread1" daemon [_thread_in_native, id=8328, stack(0x000000001ade0000,0x000000001aee0000)]
  0x000000001a418000 JavaThread "C2 CompilerThread0" daemon [_thread_in_native, id=11400, stack(0x000000001ace0000,0x000000001ade0000)]
  0x000000001a414000 JavaThread "Attach Listener" daemon [_thread_blocked, id=12968, stack(0x000000001abe0000,0x000000001ace0000)]
  0x000000001a473000 JavaThread "Signal Dispatcher" daemon [_thread_blocked, id=8928, stack(0x000000001aae0000,0x000000001abe0000)]
  0x000000001a400800 JavaThread "Finalizer" daemon [_thread_blocked, id=9968, stack(0x000000001a8e0000,0x000000001a9e0000)]
  0x00000000035a8000 JavaThread "Reference Handler" daemon [_thread_blocked, id=8360, stack(0x000000001a7e0000,0x000000001a8e0000)]
  0x00000000034b2800 JavaThread "main" [_thread_blocked, id=9512, stack(0x00000000033b0000,0x00000000034b0000)]

Other Threads:
  0x0000000018615800 VMThread [stack: 0x000000001a2e0000,0x000000001a3e0000] [id=8336]
  0x000000001a4f3800 WatcherThread [stack: 0x000000001b1e0000,0x000000001b2e0000] [id=10816]

VM state:not at safepoint (normal execution)

VM Mutex/Monitor currently owned by a thread: None

heap address: 0x0000000080000000, size: 2048 MB, Compressed Oops mode: 32-bit
Narrow klass base: 0x0000000000000000, Narrow klass shift: 3
Compressed class space size: 1073741824 Address: 0x0000000100000000

Heap:
 PSYoungGen      total 310784K, used 114138K [0x00000000d5580000, 0x00000000f0100000, 0x0000000100000000)
  eden space 239616K, 43% used [0x00000000d5580000,0x00000000dbb91c30,0x00000000e3f80000)
  from space 71168K, 13% used [0x00000000e3f80000,0x00000000e48e4f20,0x00000000e8500000)
  to   space 84992K, 0% used [0x00000000eae00000,0x00000000eae00000,0x00000000f0100000)
 ParOldGen       total 239104K, used 134184K [0x0000000080000000, 0x000000008e980000, 0x00000000d5580000)
  object space 239104K, 56% used [0x0000000080000000,0x000000008830a088,0x000000008e980000)
 Metaspace       used 113789K, capacity 120120K, committed 121216K, reserved 1155072K
  class space    used 14733K, capacity 15891K, committed 16256K, reserved 1048576K

Card table byte_map: [0x0000000012970000,0x0000000012d80000] byte_map_base: 0x0000000012570000

Marking Bits: (ParMarkBitMap*) 0x00000000528ef030
 Begin Bits: [0x0000000013830000, 0x0000000015830000)
 End Bits:   [0x0000000015830000, 0x0000000017830000)

Polling page: 0x0000000002f40000

CodeCache: size=245760Kb used=69719Kb max_used=69719Kb free=176040Kb
 bounds [0x00000000035b0000, 0x0000000007a20000, 0x00000000125b0000]
 total_blobs=20328 nmethods=19373 adapters=862
 compilation: enabled

Compilation events (10 events):
Event: 3457.873 Thread 0x000000001a4cb000 24307       2       com.android.tools.r8.ir.regalloc.b::b (38 bytes)
Event: 3457.875 Thread 0x000000001a4cb000 nmethod 24307 0x0000000007a0fe90 code [0x0000000007a10040, 0x0000000007a10318]
Event: 3457.883 Thread 0x000000001a4cb000 24308       1       com.android.tools.r8.ir.conversion.E::d (5 bytes)
Event: 3457.883 Thread 0x000000001a4cb000 nmethod 24308 0x0000000007a104d0 code [0x0000000007a10620, 0x0000000007a10730]
Event: 3457.886 Thread 0x000000001a4cb000 24309       2       com.android.tools.r8.s.b.f1::O2 (44 bytes)
Event: 3457.887 Thread 0x000000001a4cb000 nmethod 24309 0x0000000007a10790 code [0x0000000007a10900, 0x0000000007a10aa8]
Event: 3457.888 Thread 0x000000001a4cb000 24310       2       com.android.tools.r8.s.b.l::p (2 bytes)
Event: 3457.889 Thread 0x000000001a4cb000 nmethod 24310 0x0000000007a10b50 code [0x0000000007a10ca0, 0x0000000007a10df0]
Event: 3457.898 Thread 0x000000001a4cb000 24311       2       com.android.tools.r8.s.b.w::a (4 bytes)
Event: 3457.899 Thread 0x000000001a4cb000 nmethod 24311 0x0000000007a10e90 code [0x0000000007a10fe0, 0x0000000007a11130]

GC Heap History (10 events):
Event: 3449.181 GC heap before
{Heap before GC invocations=32 (full 4):
 PSYoungGen      total 310784K, used 310780K [0x00000000d5580000, 0x00000000f0100000, 0x0000000100000000)
  eden space 239616K, 100% used [0x00000000d5580000,0x00000000e3f80000,0x00000000e3f80000)
  from space 71168K, 99% used [0x00000000e3f80000,0x00000000e84ff1a8,0x00000000e8500000)
  to   space 84992K, 0% used [0x00000000eae00000,0x00000000eae00000,0x00000000f0100000)
 ParOldGen       total 239104K, used 151193K [0x0000000080000000, 0x000000008e980000, 0x00000000d5580000)
  object space 239104K, 63% used [0x0000000080000000,0x00000000893a6740,0x000000008e980000)
 Metaspace       used 113630K, capacity 120652K, committed 120960K, reserved 1155072K
  class space    used 14887K, capacity 16152K, committed 16256K, reserved 1048576K
Event: 3449.552 GC heap after
Heap after GC invocations=32 (full 4):
 PSYoungGen      total 324608K, used 68950K [0x00000000d5580000, 0x00000000f0100000, 0x0000000100000000)
  eden space 239616K, 0% used [0x00000000d5580000,0x00000000d5580000,0x00000000e3f80000)
  from space 84992K, 81% used [0x00000000eae00000,0x00000000ef1559a0,0x00000000f0100000)
  to   space 71168K, 0% used [0x00000000e3f80000,0x00000000e3f80000,0x00000000e8500000)
 ParOldGen       total 239104K, used 164249K [0x0000000080000000, 0x000000008e980000, 0x00000000d5580000)
  object space 239104K, 68% used [0x0000000080000000,0x000000008a066400,0x000000008e980000)
 Metaspace       used 113630K, capacity 120652K, committed 120960K, reserved 1155072K
  class space    used 14887K, capacity 16152K, committed 16256K, reserved 1048576K
}
Event: 3451.979 GC heap before
{Heap before GC invocations=33 (full 4):
 PSYoungGen      total 324608K, used 308566K [0x00000000d5580000, 0x00000000f0100000, 0x0000000100000000)
  eden space 239616K, 100% used [0x00000000d5580000,0x00000000e3f80000,0x00000000e3f80000)
  from space 84992K, 81% used [0x00000000eae00000,0x00000000ef1559a0,0x00000000f0100000)
  to   space 71168K, 0% used [0x00000000e3f80000,0x00000000e3f80000,0x00000000e8500000)
 ParOldGen       total 239104K, used 164249K [0x0000000080000000, 0x000000008e980000, 0x00000000d5580000)
  object space 239104K, 68% used [0x0000000080000000,0x000000008a066400,0x000000008e980000)
 Metaspace       used 113977K, capacity 120952K, committed 121216K, reserved 1155072K
  class space    used 14890K, capacity 16154K, committed 16256K, reserved 1048576K
Event: 3452.202 GC heap after
Heap after GC invocations=33 (full 4):
 PSYoungGen      total 310784K, used 27125K [0x00000000d5580000, 0x00000000f0100000, 0x0000000100000000)
  eden space 239616K, 0% used [0x00000000d5580000,0x00000000d5580000,0x00000000e3f80000)
  from space 71168K, 38% used [0x00000000e3f80000,0x00000000e59fd4b8,0x00000000e8500000)
  to   space 84992K, 0% used [0x00000000eae00000,0x00000000eae00000,0x00000000f0100000)
 ParOldGen       total 239104K, used 208950K [0x0000000080000000, 0x000000008e980000, 0x00000000d5580000)
  object space 239104K, 87% used [0x0000000080000000,0x000000008cc0d838,0x000000008e980000)
 Metaspace       used 113977K, capacity 120952K, committed 121216K, reserved 1155072K
  class space    used 14890K, capacity 16154K, committed 16256K, reserved 1048576K
}
Event: 3452.202 GC heap before
{Heap before GC invocations=34 (full 5):
 PSYoungGen      total 310784K, used 27125K [0x00000000d5580000, 0x00000000f0100000, 0x0000000100000000)
  eden space 239616K, 0% used [0x00000000d5580000,0x00000000d5580000,0x00000000e3f80000)
  from space 71168K, 38% used [0x00000000e3f80000,0x00000000e59fd4b8,0x00000000e8500000)
  to   space 84992K, 0% used [0x00000000eae00000,0x00000000eae00000,0x00000000f0100000)
 ParOldGen       total 239104K, used 208950K [0x0000000080000000, 0x000000008e980000, 0x00000000d5580000)
  object space 239104K, 87% used [0x0000000080000000,0x000000008cc0d838,0x000000008e980000)
 Metaspace       used 113977K, capacity 120952K, committed 121216K, reserved 1155072K
  class space    used 14890K, capacity 16154K, committed 16256K, reserved 1048576K
Event: 3454.063 GC heap after
Heap after GC invocations=34 (full 5):
 PSYoungGen      total 310784K, used 0K [0x00000000d5580000, 0x00000000f0100000, 0x0000000100000000)
  eden space 239616K, 0% used [0x00000000d5580000,0x00000000d5580000,0x00000000e3f80000)
  from space 71168K, 0% used [0x00000000e3f80000,0x00000000e3f80000,0x00000000e8500000)
  to   space 84992K, 0% used [0x00000000eae00000,0x00000000eae00000,0x00000000f0100000)
 ParOldGen       total 239104K, used 126963K [0x0000000080000000, 0x000000008e980000, 0x00000000d5580000)
  object space 239104K, 53% used [0x0000000080000000,0x0000000087bfcc50,0x000000008e980000)
 Metaspace       used 113231K, capacity 119410K, committed 121216K, reserved 1155072K
  class space    used 14720K, capacity 15850K, committed 16256K, reserved 1048576K
}
Event: 3455.623 GC heap before
{Heap before GC invocations=35 (full 5):
 PSYoungGen      total 310784K, used 239616K [0x00000000d5580000, 0x00000000f0100000, 0x0000000100000000)
  eden space 239616K, 100% used [0x00000000d5580000,0x00000000e3f80000,0x00000000e3f80000)
  from space 71168K, 0% used [0x00000000e3f80000,0x00000000e3f80000,0x00000000e8500000)
  to   space 84992K, 0% used [0x00000000eae00000,0x00000000eae00000,0x00000000f0100000)
 ParOldGen       total 239104K, used 126963K [0x0000000080000000, 0x000000008e980000, 0x00000000d5580000)
  object space 239104K, 53% used [0x0000000080000000,0x0000000087bfcc50,0x000000008e980000)
 Metaspace       used 113589K, capacity 119874K, committed 121216K, reserved 1155072K
  class space    used 14728K, capacity 15884K, committed 16256K, reserved 1048576K
Event: 3455.660 GC heap after
Heap after GC invocations=35 (full 5):
 PSYoungGen      total 324608K, used 9103K [0x00000000d5580000, 0x00000000f0100000, 0x0000000100000000)
  eden space 239616K, 0% used [0x00000000d5580000,0x00000000d5580000,0x00000000e3f80000)
  from space 84992K, 10% used [0x00000000eae00000,0x00000000eb6e3c48,0x00000000f0100000)
  to   space 71168K, 0% used [0x00000000e3f80000,0x00000000e3f80000,0x00000000e8500000)
 ParOldGen       total 239104K, used 126971K [0x0000000080000000, 0x000000008e980000, 0x00000000d5580000)
  object space 239104K, 53% used [0x0000000080000000,0x0000000087bfec50,0x000000008e980000)
 Metaspace       used 113589K, capacity 119874K, committed 121216K, reserved 1155072K
  class space    used 14728K, capacity 15884K, committed 16256K, reserved 1048576K
}
Event: 3457.297 GC heap before
{Heap before GC invocations=36 (full 5):
 PSYoungGen      total 324608K, used 248719K [0x00000000d5580000, 0x00000000f0100000, 0x0000000100000000)
  eden space 239616K, 100% used [0x00000000d5580000,0x00000000e3f80000,0x00000000e3f80000)
  from space 84992K, 10% used [0x00000000eae00000,0x00000000eb6e3c48,0x00000000f0100000)
  to   space 71168K, 0% used [0x00000000e3f80000,0x00000000e3f80000,0x00000000e8500000)
 ParOldGen       total 239104K, used 126971K [0x0000000080000000, 0x000000008e980000, 0x00000000d5580000)
  object space 239104K, 53% used [0x0000000080000000,0x0000000087bfec50,0x000000008e980000)
 Metaspace       used 113749K, capacity 120052K, committed 121216K, reserved 1155072K
  class space    used 14733K, capacity 15891K, committed 16256K, reserved 1048576K
Event: 3457.349 GC heap after
Heap after GC invocations=36 (full 5):
 PSYoungGen      total 310784K, used 9619K [0x00000000d5580000, 0x00000000f0100000, 0x0000000100000000)
  eden space 239616K, 0% used [0x00000000d5580000,0x00000000d5580000,0x00000000e3f80000)
  from space 71168K, 13% used [0x00000000e3f80000,0x00000000e48e4f20,0x00000000e8500000)
  to   space 84992K, 0% used [0x00000000eae00000,0x00000000eae00000,0x00000000f0100000)
 ParOldGen       total 239104K, used 134184K [0x0000000080000000, 0x000000008e980000, 0x00000000d5580000)
  object space 239104K, 56% used [0x0000000080000000,0x000000008830a088,0x000000008e980000)
 Metaspace       used 113749K, capacity 120052K, committed 121216K, reserved 1155072K
  class space    used 14733K, capacity 15891K, committed 16256K, reserved 1048576K
}

Deoptimization events (10 events):
Event: 3450.363 Thread 0x0000000021c0a800 Uncommon trap: reason=unstable_if action=reinterpret pc=0x0000000004ecfa48 method=com.android.tools.r8.dex.P$g.a(Lcom/android/tools/r8/graph/Y;Ljava/util/Set;Ljava/util/Set;)Z @ 7
Event: 3450.938 Thread 0x0000000021c0d800 Uncommon trap: reason=unstable_if action=reinterpret pc=0x00000000058e2a78 method=com.android.tools.r8.graph.i0.a([C)I @ 68
Event: 3451.559 Thread 0x0000000021c0d800 Uncommon trap: reason=unstable_if action=reinterpret pc=0x00000000070e5ad0 method=com.android.tools.r8.ir.regalloc.b.compareTo(Ljava/lang/Object;)I @ 52
Event: 3451.559 Thread 0x0000000021c0c000 Uncommon trap: reason=unstable_if action=reinterpret pc=0x00000000062435f4 method=java.util.HashMap.computeIfAbsent(Ljava/lang/Object;Ljava/util/function/Function;)Ljava/lang/Object; @ 271
Event: 3455.777 Thread 0x0000000021c0d000 Uncommon trap: reason=bimorphic action=maybe_recompile pc=0x00000000070536b0 method=com.android.tools.r8.ir.regalloc.a.a(Lcom/android/tools/r8/s/b/q1;Ljava/util/Collection;)Z @ 1
Event: 3455.777 Thread 0x0000000021c0d000 Uncommon trap: reason=bimorphic action=maybe_recompile pc=0x00000000070536b0 method=com.android.tools.r8.ir.regalloc.a.a(Lcom/android/tools/r8/s/b/q1;Ljava/util/Collection;)Z @ 1
Event: 3455.777 Thread 0x0000000021c0d000 Uncommon trap: reason=bimorphic action=maybe_recompile pc=0x00000000070536b0 method=com.android.tools.r8.ir.regalloc.a.a(Lcom/android/tools/r8/s/b/q1;Ljava/util/Collection;)Z @ 1
Event: 3455.777 Thread 0x0000000021c0d000 Uncommon trap: reason=bimorphic action=maybe_recompile pc=0x00000000070536b0 method=com.android.tools.r8.ir.regalloc.a.a(Lcom/android/tools/r8/s/b/q1;Ljava/util/Collection;)Z @ 1
Event: 3456.369 Thread 0x0000000021c0a800 Uncommon trap: reason=unstable_if action=reinterpret pc=0x00000000051f7f18 method=java.util.concurrent.ConcurrentHashMap.computeIfAbsent(Ljava/lang/Object;Ljava/util/function/Function;)Ljava/lang/Object; @ 456
Event: 3456.754 Thread 0x0000000021c0a800 Uncommon trap: reason=unstable_if action=reinterpret pc=0x000000000794fcd0 method=com.android.tools.r8.ir.conversion.o.a(Lcom/android/tools/r8/ir/conversion/N;IZ)V @ 603

Classes redefined (0 events):
No events

Internal exceptions (10 events):
Event: 3445.991 Thread 0x000000001df86800 Implicit null exception at 0x00000000044ccd0d to 0x00000000044cd885
Event: 3447.609 Thread 0x0000000021c0c000 Exception <a 'sun/nio/fs/WindowsException'> (0x00000000ddea97c8) thrown at [C:\src\AOSP-openjdk-git\hotspot\src\share\vm\prims\jni.cpp, line 710]
Event: 3449.080 Thread 0x0000000021c0d000 Exception <a 'sun/nio/fs/WindowsException'> (0x00000000e3daf0c0) thrown at [C:\src\AOSP-openjdk-git\hotspot\src\share\vm\prims\jni.cpp, line 710]
Event: 3449.745 Thread 0x0000000021c0d000 Exception <a 'sun/nio/fs/WindowsException'> (0x00000000d6895e20) thrown at [C:\src\AOSP-openjdk-git\hotspot\src\share\vm\prims\jni.cpp, line 710]
Event: 3450.503 Thread 0x0000000021c0a800 Exception <a 'sun/nio/fs/WindowsException'> (0x00000000d9ddcf40) thrown at [C:\src\AOSP-openjdk-git\hotspot\src\share\vm\prims\jni.cpp, line 710]
Event: 3450.899 Thread 0x0000000021c0a800 Exception <a 'sun/nio/fs/WindowsException'> (0x00000000dc9b3660) thrown at [C:\src\AOSP-openjdk-git\hotspot\src\share\vm\prims\jni.cpp, line 710]
Event: 3451.428 Thread 0x0000000021c0d000 Exception <a 'sun/nio/fs/WindowsException'> (0x00000000dff17538) thrown at [C:\src\AOSP-openjdk-git\hotspot\src\share\vm\prims\jni.cpp, line 710]
Event: 3451.772 Thread 0x0000000021c0d000 Exception <a 'sun/nio/fs/WindowsException'> (0x00000000e2c1b228) thrown at [C:\src\AOSP-openjdk-git\hotspot\src\share\vm\prims\jni.cpp, line 710]
Event: 3456.017 Thread 0x0000000021c0a800 Exception <a 'sun/nio/fs/WindowsException'> (0x00000000d82bd3b0) thrown at [C:\src\AOSP-openjdk-git\hotspot\src\share\vm\prims\jni.cpp, line 710]
Event: 3456.292 Thread 0x0000000021c0a800 Exception <a 'sun/nio/fs/WindowsException'> (0x00000000daa12bf0) thrown at [C:\src\AOSP-openjdk-git\hotspot\src\share\vm\prims\jni.cpp, line 710]

Events (10 events):
Event: 3457.289 Executing VM operation: ParallelGCFailedAllocation
Event: 3457.349 Executing VM operation: ParallelGCFailedAllocation done
Event: 3457.367 Thread 0x0000000021c02800 DEOPT PACKING pc=0x0000000006dc87a2 sp=0x000000002178a2f0
Event: 3457.367 Thread 0x0000000021c02800 DEOPT UNPACKING pc=0x00000000035f75d0 sp=0x000000002178a2d8 mode 0
Event: 3457.427 Thread 0x0000000021c0f000 DEOPT PACKING pc=0x0000000006fb6251 sp=0x00000000233d9fe0
Event: 3457.427 Thread 0x0000000021c0f000 DEOPT UNPACKING pc=0x00000000035f75d0 sp=0x00000000233d9dd0 mode 0
Event: 3457.524 Thread 0x0000000021c0a800 DEOPT PACKING pc=0x0000000007676727 sp=0x0000000023eda0f0
Event: 3457.524 Thread 0x0000000021c0a800 DEOPT UNPACKING pc=0x00000000035f75d0 sp=0x0000000023eda1a8 mode 0
Event: 3457.752 Thread 0x0000000021c0a800 DEOPT PACKING pc=0x0000000006dc97a1 sp=0x0000000023ed9d70
Event: 3457.752 Thread 0x0000000021c0a800 DEOPT UNPACKING pc=0x00000000035f75d0 sp=0x0000000023ed9d50 mode 0


Dynamic libraries:
0x00007ff6220b0000 - 0x00007ff6220e1000 	C:\Program Files\Android\Android Studio\jre\bin\java.exe
0x00007ffa1a810000 - 0x00007ffa1aa05000 	C:\WINDOWS\SYSTEM32\ntdll.dll
0x00007ffa19ed0000 - 0x00007ffa19f8d000 	C:\WINDOWS\System32\KERNEL32.DLL
0x00007ffa18440000 - 0x00007ffa18709000 	C:\WINDOWS\System32\KERNELBASE.dll
0x00007ffa19170000 - 0x00007ffa1921c000 	C:\WINDOWS\System32\ADVAPI32.dll
0x00007ffa1a060000 - 0x00007ffa1a0fe000 	C:\WINDOWS\System32\msvcrt.dll
0x00007ffa1a510000 - 0x00007ffa1a5ac000 	C:\WINDOWS\System32\sechost.dll
0x00007ffa1a5b0000 - 0x00007ffa1a6db000 	C:\WINDOWS\System32\RPCRT4.dll
0x00007ffa19a00000 - 0x00007ffa19ba0000 	C:\WINDOWS\System32\USER32.dll
0x00007ffa187c0000 - 0x00007ffa187e2000 	C:\WINDOWS\System32\win32u.dll
0x00007ffa1a290000 - 0x00007ffa1a2ba000 	C:\WINDOWS\System32\GDI32.dll
0x00007ffa181b0000 - 0x00007ffa182bb000 	C:\WINDOWS\System32\gdi32full.dll
0x00007ffa17fb0000 - 0x00007ffa1804d000 	C:\WINDOWS\System32\msvcp_win.dll
0x00007ffa182c0000 - 0x00007ffa183c0000 	C:\WINDOWS\System32\ucrtbase.dll
0x00007ff9f8c60000 - 0x00007ff9f8efa000 	C:\WINDOWS\WinSxS\amd64_microsoft.windows.common-controls_6595b64144ccf1df_6.0.19041.844_none_ca00b6081b84eb1d\COMCTL32.dll
0x00007ffa1a2c0000 - 0x00007ffa1a2f0000 	C:\WINDOWS\System32\IMM32.DLL
0x0000000051f60000 - 0x0000000052032000 	C:\Program Files\Android\Android Studio\jre\jre\bin\msvcr100.dll
0x0000000052120000 - 0x000000005296b000 	C:\Program Files\Android\Android Studio\jre\jre\bin\server\jvm.dll
0x00007ffa18990000 - 0x00007ffa18998000 	C:\WINDOWS\System32\PSAPI.DLL
0x00007ffa099e0000 - 0x00007ffa09a07000 	C:\WINDOWS\SYSTEM32\WINMM.dll
0x00007ffa107b0000 - 0x00007ffa107ba000 	C:\WINDOWS\SYSTEM32\VERSION.dll
0x00007ff9ff200000 - 0x00007ff9ff209000 	C:\WINDOWS\SYSTEM32\WSOCK32.dll
0x00007ffa19f90000 - 0x00007ffa19ffb000 	C:\WINDOWS\System32\WS2_32.dll
0x00007ff9ee9b0000 - 0x00007ff9ee9bf000 	C:\Program Files\Android\Android Studio\jre\jre\bin\verify.dll
0x00007ff9da7c0000 - 0x00007ff9da7e9000 	C:\Program Files\Android\Android Studio\jre\jre\bin\java.dll
0x00007ff9da7a0000 - 0x00007ff9da7b6000 	C:\Program Files\Android\Android Studio\jre\jre\bin\zip.dll
0x00007ffa192b0000 - 0x00007ffa199f2000 	C:\WINDOWS\System32\SHELL32.dll
0x00007ffa159d0000 - 0x00007ffa16160000 	C:\WINDOWS\SYSTEM32\windows.storage.dll
0x00007ffa189a0000 - 0x00007ffa18cf5000 	C:\WINDOWS\System32\combase.dll
0x00007ffa178f0000 - 0x00007ffa1791c000 	C:\WINDOWS\SYSTEM32\Wldp.dll
0x00007ffa19d50000 - 0x00007ffa19dfe000 	C:\WINDOWS\System32\SHCORE.dll
0x00007ffa1a000000 - 0x00007ffa1a055000 	C:\WINDOWS\System32\shlwapi.dll
0x00007ffa17e90000 - 0x00007ffa17eaf000 	C:\WINDOWS\SYSTEM32\profapi.dll
0x00007ff9da780000 - 0x00007ff9da79a000 	C:\Program Files\Android\Android Studio\jre\jre\bin\net.dll
0x00007ffa17670000 - 0x00007ffa176da000 	C:\WINDOWS\system32\mswsock.dll
0x00007ff9da650000 - 0x00007ff9da663000 	C:\Program Files\Android\Android Studio\jre\jre\bin\nio.dll
0x00007ff9d1660000 - 0x00007ff9d1687000 	C:\Users\KimHanbi\.gradle\native\f6784746aeab05261644944871eae4fe03e0ef1612fff0a4a95f87b438bc6780\windows-amd64\native-platform.dll
0x00007ff9e8090000 - 0x00007ff9e809d000 	C:\Program Files\Android\Android Studio\jre\jre\bin\management.dll
0x00007ffa17850000 - 0x00007ffa17868000 	C:\WINDOWS\SYSTEM32\CRYPTSP.dll
0x00007ffa17010000 - 0x00007ffa17044000 	C:\WINDOWS\system32\rsaenh.dll
0x00007ffa187f0000 - 0x00007ffa18817000 	C:\WINDOWS\System32\bcrypt.dll
0x00007ffa17e50000 - 0x00007ffa17e7e000 	C:\WINDOWS\SYSTEM32\USERENV.dll
0x00007ffa183c0000 - 0x00007ffa18440000 	C:\WINDOWS\System32\bcryptprimitives.dll
0x00007ffa17840000 - 0x00007ffa1784c000 	C:\WINDOWS\SYSTEM32\CRYPTBASE.dll
0x00007ffa17360000 - 0x00007ffa1739b000 	C:\WINDOWS\SYSTEM32\IPHLPAPI.DLL
0x00007ffa1a2f0000 - 0x00007ffa1a2f8000 	C:\WINDOWS\System32\NSI.dll
0x00007ffa11990000 - 0x00007ffa119a7000 	C:\WINDOWS\SYSTEM32\dhcpcsvc6.DLL
0x00007ffa11900000 - 0x00007ffa1191d000 	C:\WINDOWS\SYSTEM32\dhcpcsvc.DLL
0x00007ffa173a0000 - 0x00007ffa1746b000 	C:\WINDOWS\SYSTEM32\DNSAPI.dll
0x00007ffa12cf0000 - 0x00007ffa12cfb000 	C:\WINDOWS\SYSTEM32\WINNSI.DLL
0x00007ffa16c80000 - 0x00007ffa16cb3000 	C:\WINDOWS\SYSTEM32\ntmarta.dll
0x00007ff9fd3a0000 - 0x00007ff9fd3c4000 	C:\Program Files\Android\Android Studio\jre\jre\bin\sunec.dll
0x00007ffa10770000 - 0x00007ffa1077a000 	C:\Windows\System32\rasadhlp.dll
0x00007ffa0fe20000 - 0x00007ffa0fe9f000 	C:\WINDOWS\System32\fwpuclnt.dll
0x00007ffa10e80000 - 0x00007ffa10e8b000 	C:\Program Files\Android\Android Studio\jre\jre\bin\sunmscapi.dll
0x00007ffa18050000 - 0x00007ffa181af000 	C:\WINDOWS\System32\CRYPT32.dll

VM Arguments:
jvm_args: -Xmx2048m -Dfile.encoding=UTF-8 -Duser.country=KR -Duser.language=ko -Duser.variant 
java_command: org.gradle.launcher.daemon.bootstrap.GradleDaemon 6.5
java_class_path (initial): C:\Users\KimHanbi\.gradle\wrapper\dists\gradle-6.5-bin\6nifqtx7604sqp1q6g8wikw7p\gradle-6.5\lib\gradle-launcher-6.5.jar
Launcher Type: SUN_STANDARD

Environment Variables:
JAVA_HOME=C:\Program Files\Java\jdk1.8.0_251
CLASSPATH=%classpath%;;;
PATH=C:\Program Files\Java\jdk1.8.0_251\bin;C:\Program Files (x86)\Common Files\Oracle\Java\javapath;C:\Program Files (x86)\Intel\iCLS Client\;C:\Program Files\Intel\iCLS Client\;C:\WINDOWS\system32;C:\WINDOWS;C:\WINDOWS\System32\Wbem;C:\WINDOWS\System32\WindowsPowerShell\v1.0\;C:\Program Files (x86)\Intel\Intel(R) Management Engine Components\DAL;C:\Program Files\Intel\Intel(R) Management Engine Components\DAL;C:\Program Files (x86)\Intel\Intel(R) Management Engine Components\IPT;C:\Program Files\Intel\Intel(R) Management Engine Components\IPT;C:\Program Files\Intel\WiFi\bin\;C:\Program Files\Common Files\Intel\WirelessCommon\;C:\WINDOWS\System32\OpenSSH\;C:\MinGW\bin;C:\Program Files\Java\jdk1.8.0_251\bin;C:\Program Files\Git\cmd;C:\Program Files\MySQL\MySQL Server 8.0\bin;C:\ProgramData\chocolatey\bin;C:\Program Files\nodejs\;C:\Program Files\MySQL\MySQL Shell 8.0\bin\;C:\Python\Python36\Scripts\;C:\Python\Python36\;C:\Users\KimHanbi\AppData\Local\Microsoft\WindowsApps;C:\Users\KimHanbi\AppData\Local\Programs\Microsoft VS Code\bin;C:\Users\KimHanbi\AppData\Roaming\npm;C:\Program Files\Android\Android Studio\jre\bin;C:\Users\KimHanbi\AppData\Local\gitkraken\bin
USERNAME=KimHanbi
OS=Windows_NT
PROCESSOR_IDENTIFIER=Intel64 Family 6 Model 142 Stepping 10, GenuineIntel



---------------  S Y S T E M  ---------------

OS: Windows 10.0 , 64 bit Build 19041 (10.0.19041.804)

CPU:total 8 (initial active 8) (4 cores per cpu, 2 threads per core) family 6 model 142 stepping 10, cmov, cx8, fxsr, mmx, sse, sse2, sse3, ssse3, sse4.1, sse4.2, popcnt, avx, avx2, aes, clmul, erms, 3dnowpref, lzcnt, ht, tsc, tscinvbit, bmi1, bmi2, adx

Memory: 4k page, physical 8217940k(502332k free), swap 8217940k(7296k free)

vm_info: OpenJDK 64-Bit Server VM (25.242-b01) for windows-amd64 JRE (1.8.0_242-release-1644-b01), built by "builder" with MS VC++ 10.0 (VS2010)

time: Tue Mar 23 15:54:10 2021
timezone: 대한민국 표준시
elapsed time: 3458 seconds (0d 0h 57m 38s)

