#
# There is insufficient memory for the Java Runtime Environment to continue.
# Native memory allocation (malloc) failed to allocate 345296 bytes for Chunk::new
# Possible reasons:
#   The system is out of physical RAM or swap space
#   The process is running with CompressedOops enabled, and the Java Heap may be blocking the growth of the native heap
# Possible solutions:
#   Reduce memory load on the system
#   Increase physical memory or swap space
#   Check if swap backing store is full
#   Decrease Java heap size (-Xmx/-Xms)
#   Decrease number of Java threads
#   Decrease Java thread stack sizes (-Xss)
#   Set larger code cache with -XX:ReservedCodeCacheSize=
#   JVM is running with Zero Based Compressed Oops mode in which the Java heap is
#     placed in the first 32GB address space. The Java Heap base address is the
#     maximum limit for the native heap growth. Please use -XX:HeapBaseMinAddress
#     to set the Java Heap base and to place the Java Heap above 32GB virtual address.
# This output file may be truncated or incomplete.
#
#  Out of Memory Error (allocation.cpp:389), pid=10712, tid=0x00000000000005d8
#
# JRE version: OpenJDK Runtime Environment (8.0_242-b01) (build 1.8.0_242-release-1644-b01)
# Java VM: OpenJDK 64-Bit Server VM (25.242-b01 mixed mode windows-amd64 compressed oops)
# Failed to write core dump. Minidumps are not enabled by default on client versions of Windows
#

---------------  T H R E A D  ---------------

Current thread (0x000000001e631800):  JavaThread "C2 CompilerThread1" daemon [_thread_in_native, id=1496, stack(0x000000001ef80000,0x000000001f080000)]

Stack: [0x000000001ef80000,0x000000001f080000]
[error occurred during error reporting (printing stack bounds), id 0xc0000005]

Native frames: (J=compiled Java code, j=interpreted, Vv=VM code, C=native code)


Current CompileTask:
C2:1861478 24236       4       java.lang.String::split (326 bytes)


---------------  P R O C E S S  ---------------

Java Threads: ( => current thread )
  0x0000000025b61800 JavaThread "Cache worker for execution history cache (C:\Users\KimHanbi\AndroidStudioProjects\UntactShop\.gradle\6.5\executionHistory)" [_thread_blocked, id=5312, stack(0x0000000032f80000,0x0000000033080000)]
  0x0000000025b68000 JavaThread "Execution worker for ':' Thread 7" [_thread_blocked, id=7836, stack(0x0000000032b80000,0x0000000032c80000)]
  0x0000000025b65000 JavaThread "Execution worker for ':' Thread 6" [_thread_blocked, id=4996, stack(0x0000000032880000,0x0000000032980000)]
  0x0000000025b60800 JavaThread "Execution worker for ':' Thread 5" [_thread_blocked, id=10936, stack(0x0000000032780000,0x0000000032880000)]
  0x0000000025b62000 JavaThread "Execution worker for ':' Thread 4" [_thread_blocked, id=4648, stack(0x0000000032680000,0x0000000032780000)]
  0x0000000025b67800 JavaThread "Execution worker for ':' Thread 3" [_thread_blocked, id=11500, stack(0x0000000032580000,0x0000000032680000)]
  0x0000000025b63000 JavaThread "Execution worker for ':' Thread 2" [_thread_blocked, id=10880, stack(0x0000000031250000,0x0000000031350000)]
  0x0000000025b66800 JavaThread "Execution worker for ':'" [_thread_in_Java, id=11028, stack(0x0000000030970000,0x0000000030a70000)]
  0x0000000025468800 JavaThread "Cache worker for file content cache (C:\Users\KimHanbi\AndroidStudioProjects\UntactShop\.gradle\6.5\fileContent)" [_thread_blocked, id=6492, stack(0x000000002eaa0000,0x000000002eba0000)]
  0x000000002546b800 JavaThread "Cache worker for Build Output Cleanup Cache (C:\Users\KimHanbi\AndroidStudioProjects\UntactShop\.gradle\buildOutputCleanup)" [_thread_blocked, id=9852, stack(0x000000002e2e0000,0x000000002e3e0000)]
  0x0000000025467000 JavaThread "jar transforms Thread 792" [_thread_blocked, id=10824, stack(0x000000002e1e0000,0x000000002e2e0000)]
  0x0000000025466000 JavaThread "jar transforms Thread 791" [_thread_blocked, id=216, stack(0x000000002e0e0000,0x000000002e1e0000)]
  0x0000000025465800 JavaThread "jar transforms Thread 790" [_thread_blocked, id=8044, stack(0x000000002dfe0000,0x000000002e0e0000)]
  0x000000002546a800 JavaThread "jar transforms Thread 789" [_thread_blocked, id=3344, stack(0x000000002dee0000,0x000000002dfe0000)]
  0x000000002546a000 JavaThread "jar transforms Thread 788" [_thread_blocked, id=1648, stack(0x000000002dde0000,0x000000002dee0000)]
  0x0000000025469000 JavaThread "jar transforms Thread 787" [_thread_blocked, id=1364, stack(0x000000002dce0000,0x000000002dde0000)]
  0x000000002545e000 JavaThread "jar transforms Thread 786" [_thread_blocked, id=10124, stack(0x000000002dbe0000,0x000000002dce0000)]
  0x0000000025464800 JavaThread "jar transforms Thread 785" [_thread_blocked, id=5424, stack(0x000000002dae0000,0x000000002dbe0000)]
  0x0000000025464000 JavaThread "jar transforms Thread 784" [_thread_blocked, id=14252, stack(0x000000002d9e0000,0x000000002dae0000)]
  0x0000000025461000 JavaThread "jar transforms Thread 783" [_thread_blocked, id=13344, stack(0x000000002d8e0000,0x000000002d9e0000)]
  0x0000000025460000 JavaThread "jar transforms Thread 782" [_thread_blocked, id=2916, stack(0x000000002d7e0000,0x000000002d8e0000)]
  0x0000000025463000 JavaThread "jar transforms Thread 781" [_thread_blocked, id=5216, stack(0x000000002d6e0000,0x000000002d7e0000)]
  0x0000000025462800 JavaThread "jar transforms Thread 780" [_thread_blocked, id=13364, stack(0x000000002d5e0000,0x000000002d6e0000)]
  0x000000002545f800 JavaThread "jar transforms Thread 779" [_thread_blocked, id=12684, stack(0x000000002d4e0000,0x000000002d5e0000)]
  0x0000000030358800 JavaThread "jar transforms Thread 778" [_thread_blocked, id=2200, stack(0x000000002d3e0000,0x000000002d4e0000)]
  0x0000000030351000 JavaThread "jar transforms Thread 777" [_thread_blocked, id=5944, stack(0x000000002d2e0000,0x000000002d3e0000)]
  0x0000000030358000 JavaThread "jar transforms Thread 776" [_thread_blocked, id=9160, stack(0x000000002d1e0000,0x000000002d2e0000)]
  0x0000000030355800 JavaThread "jar transforms Thread 775" [_thread_blocked, id=9756, stack(0x000000002d0e0000,0x000000002d1e0000)]
  0x0000000030357000 JavaThread "jar transforms Thread 774" [_thread_blocked, id=11640, stack(0x000000002cfe0000,0x000000002d0e0000)]
  0x0000000030356800 JavaThread "jar transforms Thread 773" [_thread_blocked, id=13544, stack(0x000000002cee0000,0x000000002cfe0000)]
  0x0000000030353800 JavaThread "jar transforms Thread 772" [_thread_blocked, id=4156, stack(0x000000002cde0000,0x000000002cee0000)]
  0x000000003034c000 JavaThread "jar transforms Thread 771" [_thread_blocked, id=13908, stack(0x000000002cce0000,0x000000002cde0000)]
  0x0000000030350800 JavaThread "jar transforms Thread 770" [_thread_blocked, id=12776, stack(0x000000002cbe0000,0x000000002cce0000)]
  0x0000000030352800 JavaThread "jar transforms Thread 769" [_thread_blocked, id=7544, stack(0x000000002cae0000,0x000000002cbe0000)]
  0x000000003034e000 JavaThread "jar transforms Thread 768" [_thread_blocked, id=1240, stack(0x000000002c9e0000,0x000000002cae0000)]
  0x000000003034f800 JavaThread "jar transforms Thread 767" [_thread_blocked, id=11348, stack(0x000000002c8e0000,0x000000002c9e0000)]
  0x000000003034f000 JavaThread "jar transforms Thread 766" [_thread_blocked, id=13712, stack(0x000000002c7e0000,0x000000002c8e0000)]
  0x0000000030349800 JavaThread "jar transforms Thread 765" [_thread_blocked, id=2952, stack(0x000000002c6e0000,0x000000002c7e0000)]
  0x000000003034b000 JavaThread "jar transforms Thread 764" [_thread_blocked, id=7700, stack(0x000000002c5e0000,0x000000002c6e0000)]
  0x000000003034a800 JavaThread "jar transforms Thread 763" [_thread_blocked, id=13584, stack(0x000000002c4e0000,0x000000002c5e0000)]
  0x000000003034d800 JavaThread "jar transforms Thread 762" [_thread_blocked, id=12864, stack(0x000000002c3e0000,0x000000002c4e0000)]
  0x00000000253a3000 JavaThread "jar transforms Thread 761" [_thread_blocked, id=8524, stack(0x000000002c2e0000,0x000000002c3e0000)]
  0x00000000253a1800 JavaThread "jar transforms Thread 760" [_thread_blocked, id=3112, stack(0x000000002c1e0000,0x000000002c2e0000)]
  0x000000002539e800 JavaThread "jar transforms Thread 759" [_thread_blocked, id=1392, stack(0x000000002c0e0000,0x000000002c1e0000)]
  0x00000000253a2800 JavaThread "jar transforms Thread 758" [_thread_blocked, id=9916, stack(0x000000002bfe0000,0x000000002c0e0000)]
  0x00000000253a1000 JavaThread "jar transforms Thread 757" [_thread_blocked, id=13628, stack(0x000000002bee0000,0x000000002bfe0000)]
  0x00000000253a0000 JavaThread "jar transforms Thread 756" [_thread_blocked, id=6152, stack(0x000000002bde0000,0x000000002bee0000)]
  0x000000002539d000 JavaThread "jar transforms Thread 755" [_thread_blocked, id=11156, stack(0x000000002bce0000,0x000000002bde0000)]
  0x000000002539f800 JavaThread "jar transforms Thread 754" [_thread_blocked, id=3684, stack(0x000000002bbe0000,0x000000002bce0000)]
  0x000000002539e000 JavaThread "jar transforms Thread 753" [_thread_blocked, id=3260, stack(0x000000002bae0000,0x000000002bbe0000)]
  0x0000000025395800 JavaThread "jar transforms Thread 752" [_thread_blocked, id=8704, stack(0x000000002b9e0000,0x000000002bae0000)]
  0x000000002539c800 JavaThread "jar transforms Thread 751" [_thread_blocked, id=13788, stack(0x000000002b8e0000,0x000000002b9e0000)]
  0x000000002539b800 JavaThread "jar transforms Thread 750" [_thread_blocked, id=1504, stack(0x000000002b7e0000,0x000000002b8e0000)]
  0x0000000025396800 JavaThread "jar transforms Thread 749" [_thread_blocked, id=12340, stack(0x000000002b6e0000,0x000000002b7e0000)]
  0x000000002539b000 JavaThread "jar transforms Thread 748" [_thread_blocked, id=11132, stack(0x000000002b5e0000,0x000000002b6e0000)]
  0x0000000025398000 JavaThread "jar transforms Thread 747" [_thread_blocked, id=2268, stack(0x000000002b4e0000,0x000000002b5e0000)]
  0x0000000025397000 JavaThread "jar transforms Thread 746" [_thread_blocked, id=8356, stack(0x000000002b3e0000,0x000000002b4e0000)]
  0x0000000025398800 JavaThread "jar transforms Thread 745" [_thread_blocked, id=6412, stack(0x000000002b2e0000,0x000000002b3e0000)]
  0x000000002539a000 JavaThread "jar transforms Thread 744" [_thread_blocked, id=1580, stack(0x000000002b1e0000,0x000000002b2e0000)]
  0x0000000025dae800 JavaThread "jar transforms Thread 743" [_thread_blocked, id=2052, stack(0x000000002b0e0000,0x000000002b1e0000)]
  0x0000000025dac000 JavaThread "jar transforms Thread 742" [_thread_blocked, id=7492, stack(0x000000002afe0000,0x000000002b0e0000)]
  0x0000000025db3000 JavaThread "jar transforms Thread 741" [_thread_blocked, id=10312, stack(0x000000002aee0000,0x000000002afe0000)]
  0x0000000025daa800 JavaThread "jar transforms Thread 740" [_thread_blocked, id=2608, stack(0x000000002ade0000,0x000000002aee0000)]
  0x0000000025dad000 JavaThread "jar transforms Thread 739" [_thread_blocked, id=8792, stack(0x000000002ace0000,0x000000002ade0000)]
  0x0000000025db1800 JavaThread "jar transforms Thread 738" [_thread_blocked, id=4832, stack(0x000000002abe0000,0x000000002ace0000)]
  0x0000000025dad800 JavaThread "jar transforms Thread 737" [_thread_blocked, id=10988, stack(0x000000002aae0000,0x000000002abe0000)]
  0x0000000025dab800 JavaThread "jar transforms Thread 736" [_thread_blocked, id=13904, stack(0x000000002a9e0000,0x000000002aae0000)]
  0x0000000025db0000 JavaThread "jar transforms Thread 735" [_thread_blocked, id=8364, stack(0x000000002a8e0000,0x000000002a9e0000)]
  0x0000000025db0800 JavaThread "jar transforms Thread 734" [_thread_blocked, id=14320, stack(0x000000002a7e0000,0x000000002a8e0000)]
  0x0000000025da3800 JavaThread "jar transforms Thread 733" [_thread_blocked, id=12388, stack(0x000000002a6e0000,0x000000002a7e0000)]
  0x0000000025da8000 JavaThread "jar transforms Thread 732" [_thread_blocked, id=13316, stack(0x000000002a5e0000,0x000000002a6e0000)]
  0x0000000025da9800 JavaThread "jar transforms Thread 731" [_thread_blocked, id=8888, stack(0x000000002a4e0000,0x000000002a5e0000)]
  0x0000000025da7800 JavaThread "jar transforms Thread 730" [_thread_blocked, id=14108, stack(0x000000002a3e0000,0x000000002a4e0000)]
  0x0000000025da6000 JavaThread "jar transforms Thread 729" [_thread_blocked, id=8948, stack(0x000000002a2e0000,0x000000002a3e0000)]
  0x0000000025da6800 JavaThread "jar transforms Thread 728" [_thread_blocked, id=13968, stack(0x000000002a1e0000,0x000000002a2e0000)]
  0x0000000025da5000 JavaThread "jar transforms Thread 727" [_thread_blocked, id=9796, stack(0x000000002a0e0000,0x000000002a1e0000)]
  0x0000000025da9000 JavaThread "jar transforms Thread 726" [_thread_blocked, id=9452, stack(0x0000000029fe0000,0x000000002a0e0000)]
  0x0000000025da4800 JavaThread "jar transforms Thread 725" [_thread_blocked, id=3844, stack(0x0000000029ee0000,0x0000000029fe0000)]
  0x0000000020536000 JavaThread "jar transforms Thread 724" [_thread_blocked, id=9188, stack(0x0000000029de0000,0x0000000029ee0000)]
  0x0000000020538800 JavaThread "jar transforms Thread 723" [_thread_blocked, id=2604, stack(0x0000000029ce0000,0x0000000029de0000)]
  0x0000000020537800 JavaThread "jar transforms Thread 722" [_thread_blocked, id=2644, stack(0x0000000029be0000,0x0000000029ce0000)]
  0x000000002053a000 JavaThread "jar transforms Thread 721" [_thread_blocked, id=12564, stack(0x0000000029ae0000,0x0000000029be0000)]
  0x0000000020535800 JavaThread "jar transforms Thread 720" [_thread_blocked, id=8136, stack(0x00000000299e0000,0x0000000029ae0000)]
  0x0000000020537000 JavaThread "jar transforms Thread 719" [_thread_blocked, id=4928, stack(0x00000000298e0000,0x00000000299e0000)]
  0x0000000020534000 JavaThread "jar transforms Thread 718" [_thread_blocked, id=12524, stack(0x00000000297e0000,0x00000000298e0000)]
  0x0000000020539000 JavaThread "jar transforms Thread 717" [_thread_blocked, id=9568, stack(0x00000000296e0000,0x00000000297e0000)]
  0x0000000020534800 JavaThread "jar transforms Thread 716" [_thread_blocked, id=13564, stack(0x00000000295e0000,0x00000000296e0000)]
  0x000000002052c000 JavaThread "jar transforms Thread 715" [_thread_blocked, id=5896, stack(0x00000000294e0000,0x00000000295e0000)]
  0x0000000020533000 JavaThread "jar transforms Thread 714" [_thread_blocked, id=4136, stack(0x00000000293e0000,0x00000000294e0000)]
  0x000000002052e800 JavaThread "jar transforms Thread 713" [_thread_blocked, id=13832, stack(0x00000000292e0000,0x00000000293e0000)]
  0x0000000020531000 JavaThread "jar transforms Thread 712" [_thread_blocked, id=976, stack(0x00000000291e0000,0x00000000292e0000)]
  0x0000000020530000 JavaThread "jar transforms Thread 711" [_thread_blocked, id=10492, stack(0x00000000290e0000,0x00000000291e0000)]
  0x000000002052d800 JavaThread "jar transforms Thread 710" [_thread_blocked, id=6408, stack(0x0000000028fe0000,0x00000000290e0000)]
  0x000000002052d000 JavaThread "jar transforms Thread 709" [_thread_blocked, id=12516, stack(0x0000000028ee0000,0x0000000028fe0000)]
  0x000000002052f000 JavaThread "jar transforms Thread 708" [_thread_blocked, id=13836, stack(0x0000000028de0000,0x0000000028ee0000)]
  0x0000000020532800 JavaThread "jar transforms Thread 707" [_thread_blocked, id=13600, stack(0x0000000028ce0000,0x0000000028de0000)]
  0x0000000020531800 JavaThread "jar transforms Thread 706" [_thread_blocked, id=11372, stack(0x0000000028be0000,0x0000000028ce0000)]
  0x000000001faf2800 JavaThread "jar transforms Thread 705" [_thread_blocked, id=13408, stack(0x0000000028ae0000,0x0000000028be0000)]
  0x000000001faf2000 JavaThread "jar transforms Thread 704" [_thread_blocked, id=7560, stack(0x00000000289e0000,0x0000000028ae0000)]
  0x000000001faf6800 JavaThread "jar transforms Thread 703" [_thread_blocked, id=6856, stack(0x00000000288e0000,0x00000000289e0000)]
  0x000000001faf5800 JavaThread "jar transforms Thread 702" [_thread_blocked, id=13164, stack(0x00000000287e0000,0x00000000288e0000)]
  0x000000001faf5000 JavaThread "jar transforms Thread 701" [_thread_blocked, id=13428, stack(0x00000000286e0000,0x00000000287e0000)]
  0x000000001faf4000 JavaThread "jar transforms Thread 700" [_thread_blocked, id=7852, stack(0x00000000285e0000,0x00000000286e0000)]
  0x000000001faf3800 JavaThread "jar transforms Thread 699" [_thread_blocked, id=10508, stack(0x00000000284e0000,0x00000000285e0000)]
  0x000000001faea800 JavaThread "jar transforms Thread 698" [_thread_blocked, id=6644, stack(0x00000000283e0000,0x00000000284e0000)]
  0x000000001fae9800 JavaThread "jar transforms Thread 697" [_thread_blocked, id=13444, stack(0x00000000282e0000,0x00000000283e0000)]
  0x000000001faee000 JavaThread "jar transforms Thread 696" [_thread_blocked, id=13284, stack(0x00000000281e0000,0x00000000282e0000)]
  0x000000001faf0800 JavaThread "jar transforms Thread 695" [_thread_blocked, id=3336, stack(0x00000000280e0000,0x00000000281e0000)]
  0x000000001faef000 JavaThread "jar transforms Thread 694" [_thread_blocked, id=11280, stack(0x0000000027fe0000,0x00000000280e0000)]
  0x000000001fae9000 JavaThread "Build operations Thread 8" [_thread_blocked, id=9896, stack(0x0000000027ee0000,0x0000000027fe0000)]
  0x000000001faec800 JavaThread "Build operations Thread 7" [_thread_blocked, id=10496, stack(0x0000000027de0000,0x0000000027ee0000)]
  0x000000001faef800 JavaThread "Build operations Thread 6" [_thread_blocked, id=7620, stack(0x0000000027ce0000,0x0000000027de0000)]
  0x000000001faed800 JavaThread "Build operations Thread 5" [_thread_blocked, id=5208, stack(0x0000000027be0000,0x0000000027ce0000)]
  0x000000001fae7800 JavaThread "Build operations Thread 4" [_thread_blocked, id=14268, stack(0x00000000273e0000,0x00000000274e0000)]
  0x000000001fae8000 JavaThread "Build operations Thread 3" [_thread_blocked, id=10172, stack(0x0000000026be0000,0x0000000026ce0000)]
  0x000000001faeb000 JavaThread "Build operations Thread 2" [_thread_blocked, id=13716, stack(0x0000000026ae0000,0x0000000026be0000)]
  0x000000001faec000 JavaThread "Build operations" [_thread_blocked, id=10656, stack(0x00000000257a0000,0x00000000258a0000)]
  0x0000000026271800 JavaThread "Cache worker for cache directory md-rule (C:\Users\KimHanbi\.gradle\caches\6.5\md-rule)" [_thread_blocked, id=11296, stack(0x00000000254a0000,0x00000000255a0000)]
  0x000000002626a800 JavaThread "Cache worker for cache directory md-supplier (C:\Users\KimHanbi\.gradle\caches\6.5\md-supplier)" [_thread_blocked, id=10592, stack(0x0000000022d00000,0x0000000022e00000)]
  0x000000002626a000 JavaThread "Cache worker for checksums cache (C:\Users\KimHanbi\AndroidStudioProjects\UntactShop\.gradle\checksums)" [_thread_blocked, id=12360, stack(0x0000000022a00000,0x0000000022b00000)]
  0x0000000026270000 JavaThread "Cache worker for file hash cache (C:\Users\KimHanbi\AndroidStudioProjects\UntactShop\.gradle\6.5\fileHashes)" [_thread_blocked, id=14284, stack(0x0000000022800000,0x0000000022900000)]
  0x000000002626d800 JavaThread "Thread-945" [_thread_blocked, id=13592, stack(0x0000000022700000,0x0000000022800000)]
  0x000000002626f000 JavaThread "Stdin handler" [_thread_blocked, id=3656, stack(0x0000000022600000,0x0000000022700000)]
  0x000000002626e800 JavaThread "Asynchronous log dispatcher for DefaultDaemonConnection: socket connection from /127.0.0.1:1440 to /127.0.0.1:2860" [_thread_blocked, id=6732, stack(0x0000000022020000,0x0000000022120000)]
  0x0000000026262800 JavaThread "Daemon worker Thread 8" [_thread_blocked, id=8340, stack(0x0000000021f20000,0x0000000022020000)]
  0x0000000026265800 JavaThread "Cancel handler" [_thread_blocked, id=9516, stack(0x0000000000cf0000,0x0000000000df0000)]
  0x0000000026269000 JavaThread "Handler for socket connection from /127.0.0.1:1440 to /127.0.0.1:2860" [_thread_in_native, id=13928, stack(0x0000000000bf0000,0x0000000000cf0000)]
  0x0000000026268800 JavaThread "Daemon Thread 8" [_thread_blocked, id=8452, stack(0x0000000000af0000,0x0000000000bf0000)]
  0x0000000025daf000 JavaThread "Cache worker for Java compile cache (C:\Users\KimHanbi\.gradle\caches\6.5\javaCompile)" [_thread_blocked, id=13700, stack(0x0000000033080000,0x0000000033180000)]
  0x0000000025b6c000 JavaThread "Memory manager" [_thread_blocked, id=9584, stack(0x0000000031150000,0x0000000031250000)]
  0x000000001e7dc800 JavaThread "Cache worker for file content cache (C:\Users\KimHanbi\.gradle\caches\6.5\fileContent)" [_thread_blocked, id=8672, stack(0x00000000274e0000,0x00000000275e0000)]
  0x000000001e7e2800 JavaThread "Cache worker for execution history cache (C:\Users\KimHanbi\.gradle\caches\6.5\executionHistory)" [_thread_blocked, id=2296, stack(0x0000000026ce0000,0x0000000026de0000)]
  0x000000001e7df800 JavaThread "Cache worker for file hash cache (C:\Users\KimHanbi\.gradle\caches\6.5\fileHashes)" [_thread_blocked, id=5276, stack(0x0000000023200000,0x0000000023300000)]
  0x000000001e7dd000 JavaThread "File lock request listener" [_thread_in_native, id=9468, stack(0x0000000023100000,0x0000000023200000)]
  0x000000001e7e1800 JavaThread "Cache worker for journal cache (C:\Users\KimHanbi\.gradle\caches\journal-1)" [_thread_blocked, id=6672, stack(0x0000000023000000,0x0000000023100000)]
  0x000000001fc0d000 JavaThread "Daemon periodic checks" [_thread_blocked, id=2216, stack(0x0000000022300000,0x0000000022400000)]
  0x000000001fc0c800 JavaThread "Incoming local TCP Connector on port 1440" [_thread_in_native, id=9388, stack(0x0000000022120000,0x0000000022220000)]
  0x000000001fd6d800 JavaThread "Daemon health stats" [_thread_blocked, id=3296, stack(0x0000000021e20000,0x0000000021f20000)]
  0x000000001e714000 JavaThread "Service Thread" daemon [_thread_blocked, id=12584, stack(0x000000001f280000,0x000000001f380000)]
  0x000000001e6da800 JavaThread "C1 CompilerThread3" daemon [_thread_blocked, id=8204, stack(0x000000001f180000,0x000000001f280000)]
  0x000000001e6d6800 JavaThread "C2 CompilerThread2" daemon [_thread_in_vm, id=5024, stack(0x000000001f080000,0x000000001f180000)]
=>0x000000001e631800 JavaThread "C2 CompilerThread1" daemon [_thread_in_native, id=1496, stack(0x000000001ef80000,0x000000001f080000)]
  0x000000001e62e000 JavaThread "C2 CompilerThread0" daemon [_thread_in_native, id=5068, stack(0x000000001ee80000,0x000000001ef80000)]
  0x000000001e688000 JavaThread "Attach Listener" daemon [_thread_blocked, id=12960, stack(0x000000001ed80000,0x000000001ee80000)]
  0x000000001e687000 JavaThread "Signal Dispatcher" daemon [_thread_blocked, id=8248, stack(0x000000001ec80000,0x000000001ed80000)]
  0x000000001e610800 JavaThread "Finalizer" daemon [_thread_blocked, id=6940, stack(0x000000001eaf0000,0x000000001ebf0000)]
  0x0000000002cd8000 JavaThread "Reference Handler" daemon [_thread_blocked, id=12856, stack(0x000000001e9f0000,0x000000001eaf0000)]
  0x0000000002be2800 JavaThread "main" [_thread_blocked, id=7664, stack(0x0000000002710000,0x0000000002810000)]

Other Threads:
  0x000000001c7f6000 VMThread [stack: 0x000000001e4f0000,0x000000001e5f0000] [id=12860]
  0x000000001e714800 WatcherThread [stack: 0x000000001f380000,0x000000001f480000] [id=13264]

VM state:not at safepoint (normal execution)

VM Mutex/Monitor currently owned by a thread: None

heap address: 0x00000006c0000000, size: 4096 MB, Compressed Oops mode: Zero based, Oop shift amount: 3
Narrow klass base: 0x0000000000000000, Narrow klass shift: 3
Compressed class space size: 1073741824 Address: 0x00000007c0000000

Heap:
 PSYoungGen      total 492032K, used 302901K [0x000000076ab00000, 0x0000000791080000, 0x00000007c0000000)
  eden space 404480K, 54% used [0x000000076ab00000,0x00000007781f3f50,0x0000000783600000)
  from space 87552K, 94% used [0x0000000783600000,0x00000007886d97c8,0x0000000788b80000)
  to   space 99328K, 0% used [0x000000078af80000,0x000000078af80000,0x0000000791080000)
 ParOldGen       total 239104K, used 174196K [0x00000006c0000000, 0x00000006ce980000, 0x000000076ab00000)
  object space 239104K, 72% used [0x00000006c0000000,0x00000006caa1d2f8,0x00000006ce980000)
 Metaspace       used 109932K, capacity 116862K, committed 117080K, reserved 1150976K
  class space    used 13675K, capacity 14912K, committed 14976K, reserved 1048576K

Card table byte_map: [0x00000000120a0000,0x00000000128b0000] byte_map_base: 0x000000000eaa0000

Marking Bits: (ParMarkBitMap*) 0x000000005934f030
 Begin Bits: [0x0000000013610000, 0x0000000017610000)
 End Bits:   [0x0000000017610000, 0x000000001b610000)

Polling page: 0x0000000000e70000

CodeCache: size=245760Kb used=64431Kb max_used=64456Kb free=181328Kb
 bounds [0x0000000002ce0000, 0x0000000006c90000, 0x0000000011ce0000]
 total_blobs=19767 nmethods=18847 adapters=830
 compilation: enabled

Compilation events (10 events):
Event: 1861.371 Thread 0x000000001e6da800 24243       2       org.gradle.internal.component.external.model.maven.MavenDependencyType::values (10 bytes)
Event: 1861.373 Thread 0x000000001e6da800 nmethod 24243 0x0000000003d491d0 code [0x0000000003d49340, 0x0000000003d494c8]
Event: 1861.378 Thread 0x000000001e6da800 24244       2       org.gradle.internal.component.external.model.maven.MavenDependencyDescriptor::<init> (35 bytes)
Event: 1861.379 Thread 0x000000001e6da800 nmethod 24244 0x0000000004357bd0 code [0x0000000004357d40, 0x0000000004357f48]
Event: 1861.386 Thread 0x000000001e6da800 24245       2       org.gradle.internal.component.external.model.ExternalDependencyDescriptor::<init> (5 bytes)
Event: 1861.386 Thread 0x000000001e6da800 nmethod 24245 0x0000000004994b50 code [0x0000000004994ca0, 0x0000000004994df0]
Event: 1861.441 Thread 0x000000001e6da800 24248       3       org.gradle.api.internal.artifacts.ivyservice.resolveengine.graph.builder.DependencyState::isFromLock (31 bytes)
Event: 1861.442 Thread 0x000000001e6da800 nmethod 24248 0x0000000004500810 code [0x00000000045009a0, 0x0000000004500e68]
Event: 1861.450 Thread 0x000000001e6da800 24249       2       org.gradle.api.internal.artifacts.ivyservice.resolveengine.graph.builder.SelectorState::update (95 bytes)
Event: 1861.452 Thread 0x000000001e6da800 nmethod 24249 0x00000000038335d0 code [0x0000000003833760, 0x0000000003833b18]

GC Heap History (10 events):
Event: 431.908 GC heap before
{Heap before GC invocations=25 (full 4):
 PSYoungGen      total 392192K, used 392162K [0x000000076ab00000, 0x0000000787600000, 0x00000007c0000000)
  eden space 343040K, 100% used [0x000000076ab00000,0x000000077fa00000,0x000000077fa00000)
  from space 49152K, 99% used [0x0000000783600000,0x00000007865f8aa0,0x0000000786600000)
  to   space 61440K, 0% used [0x000000077fa00000,0x000000077fa00000,0x0000000783600000)
 ParOldGen       total 239104K, used 122252K [0x00000006c0000000, 0x00000006ce980000, 0x000000076ab00000)
  object space 239104K, 51% used [0x00000006c0000000,0x00000006c77632a0,0x00000006ce980000)
 Metaspace       used 101676K, capacity 107344K, committed 107608K, reserved 1142784K
  class space    used 13073K, capacity 14189K, committed 14208K, reserved 1048576K
Event: 432.128 GC heap after
Heap after GC invocations=25 (full 4):
 PSYoungGen      total 404480K, used 58966K [0x000000076ab00000, 0x000000078ad80000, 0x00000007c0000000)
  eden space 343040K, 0% used [0x000000076ab00000,0x000000076ab00000,0x000000077fa00000)
  from space 61440K, 95% used [0x000000077fa00000,0x0000000783395818,0x0000000783600000)
  to   space 70656K, 0% used [0x0000000786880000,0x0000000786880000,0x000000078ad80000)
 ParOldGen       total 239104K, used 127533K [0x00000006c0000000, 0x00000006ce980000, 0x000000076ab00000)
  object space 239104K, 53% used [0x00000006c0000000,0x00000006c7c8b730,0x00000006ce980000)
 Metaspace       used 101676K, capacity 107344K, committed 107608K, reserved 1142784K
  class space    used 13073K, capacity 14189K, committed 14208K, reserved 1048576K
}
Event: 440.561 GC heap before
{Heap before GC invocations=26 (full 4):
 PSYoungGen      total 404480K, used 401992K [0x000000076ab00000, 0x000000078ad80000, 0x00000007c0000000)
  eden space 343040K, 99% used [0x000000076ab00000,0x000000077f9fc838,0x000000077fa00000)
  from space 61440K, 95% used [0x000000077fa00000,0x0000000783395818,0x0000000783600000)
  to   space 70656K, 0% used [0x0000000786880000,0x0000000786880000,0x000000078ad80000)
 ParOldGen       total 239104K, used 127533K [0x00000006c0000000, 0x00000006ce980000, 0x000000076ab00000)
  object space 239104K, 53% used [0x00000006c0000000,0x00000006c7c8b730,0x00000006ce980000)
 Metaspace       used 103886K, capacity 109936K, committed 110168K, reserved 1144832K
  class space    used 13208K, capacity 14361K, committed 14464K, reserved 1048576K
Event: 440.817 GC heap after
Heap after GC invocations=26 (full 4):
 PSYoungGen      total 438272K, used 70651K [0x000000076ab00000, 0x000000078d800000, 0x00000007c0000000)
  eden space 367616K, 0% used [0x000000076ab00000,0x000000076ab00000,0x0000000781200000)
  from space 70656K, 99% used [0x0000000786880000,0x000000078ad7ec18,0x000000078ad80000)
  to   space 88576K, 0% used [0x0000000781200000,0x0000000781200000,0x0000000786880000)
 ParOldGen       total 239104K, used 145210K [0x00000006c0000000, 0x00000006ce980000, 0x000000076ab00000)
  object space 239104K, 60% used [0x00000006c0000000,0x00000006c8dcebd0,0x00000006ce980000)
 Metaspace       used 103886K, capacity 109936K, committed 110168K, reserved 1144832K
  class space    used 13208K, capacity 14361K, committed 14464K, reserved 1048576K
}
Event: 577.207 GC heap before
{Heap before GC invocations=27 (full 4):
 PSYoungGen      total 438272K, used 438267K [0x000000076ab00000, 0x000000078d800000, 0x00000007c0000000)
  eden space 367616K, 100% used [0x000000076ab00000,0x0000000781200000,0x0000000781200000)
  from space 70656K, 99% used [0x0000000786880000,0x000000078ad7ec18,0x000000078ad80000)
  to   space 88576K, 0% used [0x0000000781200000,0x0000000781200000,0x0000000786880000)
 ParOldGen       total 239104K, used 145210K [0x00000006c0000000, 0x00000006ce980000, 0x000000076ab00000)
  object space 239104K, 60% used [0x00000006c0000000,0x00000006c8dcebd0,0x00000006ce980000)
 Metaspace       used 104311K, capacity 110434K, committed 110680K, reserved 1144832K
  class space    used 13218K, capacity 14376K, committed 14464K, reserved 1048576K
Event: 577.402 GC heap after
Heap after GC invocations=27 (full 4):
 PSYoungGen      total 456192K, used 47502K [0x000000076ab00000, 0x000000078ea80000, 0x00000007c0000000)
  eden space 367616K, 0% used [0x000000076ab00000,0x000000076ab00000,0x0000000781200000)
  from space 88576K, 53% used [0x0000000781200000,0x0000000784063b90,0x0000000786880000)
  to   space 88064K, 0% used [0x0000000789480000,0x0000000789480000,0x000000078ea80000)
 ParOldGen       total 239104K, used 174180K [0x00000006c0000000, 0x00000006ce980000, 0x000000076ab00000)
  object space 239104K, 72% used [0x00000006c0000000,0x00000006caa192f8,0x00000006ce980000)
 Metaspace       used 104311K, capacity 110434K, committed 110680K, reserved 1144832K
  class space    used 13218K, capacity 14376K, committed 14464K, reserved 1048576K
}
Event: 1325.136 GC heap before
{Heap before GC invocations=28 (full 4):
 PSYoungGen      total 456192K, used 415118K [0x000000076ab00000, 0x000000078ea80000, 0x00000007c0000000)
  eden space 367616K, 100% used [0x000000076ab00000,0x0000000781200000,0x0000000781200000)
  from space 88576K, 53% used [0x0000000781200000,0x0000000784063b90,0x0000000786880000)
  to   space 88064K, 0% used [0x0000000789480000,0x0000000789480000,0x000000078ea80000)
 ParOldGen       total 239104K, used 174180K [0x00000006c0000000, 0x00000006ce980000, 0x000000076ab00000)
  object space 239104K, 72% used [0x00000006c0000000,0x00000006caa192f8,0x00000006ce980000)
 Metaspace       used 107143K, capacity 113580K, committed 113752K, reserved 1148928K
  class space    used 13491K, capacity 14667K, committed 14720K, reserved 1048576K
Event: 1325.234 GC heap after
Heap after GC invocations=28 (full 4):
 PSYoungGen      total 482816K, used 47593K [0x000000076ab00000, 0x000000078e100000, 0x00000007c0000000)
  eden space 404480K, 0% used [0x000000076ab00000,0x000000076ab00000,0x0000000783600000)
  from space 78336K, 60% used [0x0000000789480000,0x000000078c2fa5c0,0x000000078e100000)
  to   space 87552K, 0% used [0x0000000783600000,0x0000000783600000,0x0000000788b80000)
 ParOldGen       total 239104K, used 174188K [0x00000006c0000000, 0x00000006ce980000, 0x000000076ab00000)
  object space 239104K, 72% used [0x00000006c0000000,0x00000006caa1b2f8,0x00000006ce980000)
 Metaspace       used 107143K, capacity 113580K, committed 113752K, reserved 1148928K
  class space    used 13491K, capacity 14667K, committed 14720K, reserved 1048576K
}
Event: 1440.821 GC heap before
{Heap before GC invocations=29 (full 4):
 PSYoungGen      total 482816K, used 452073K [0x000000076ab00000, 0x000000078e100000, 0x00000007c0000000)
  eden space 404480K, 100% used [0x000000076ab00000,0x0000000783600000,0x0000000783600000)
  from space 78336K, 60% used [0x0000000789480000,0x000000078c2fa5c0,0x000000078e100000)
  to   space 87552K, 0% used [0x0000000783600000,0x0000000783600000,0x0000000788b80000)
 ParOldGen       total 239104K, used 174188K [0x00000006c0000000, 0x00000006ce980000, 0x000000076ab00000)
  object space 239104K, 72% used [0x00000006c0000000,0x00000006caa1b2f8,0x00000006ce980000)
 Metaspace       used 109494K, capacity 116048K, committed 116184K, reserved 1150976K
  class space    used 13611K, capacity 14797K, committed 14848K, reserved 1048576K
Event: 1440.974 GC heap after
Heap after GC invocations=29 (full 4):
 PSYoungGen      total 492032K, used 82789K [0x000000076ab00000, 0x0000000791080000, 0x00000007c0000000)
  eden space 404480K, 0% used [0x000000076ab00000,0x000000076ab00000,0x0000000783600000)
  from space 87552K, 94% used [0x0000000783600000,0x00000007886d97c8,0x0000000788b80000)
  to   space 99328K, 0% used [0x000000078af80000,0x000000078af80000,0x0000000791080000)
 ParOldGen       total 239104K, used 174196K [0x00000006c0000000, 0x00000006ce980000, 0x000000076ab00000)
  object space 239104K, 72% used [0x00000006c0000000,0x00000006caa1d2f8,0x00000006ce980000)
 Metaspace       used 109494K, capacity 116048K, committed 116184K, reserved 1150976K
  class space    used 13611K, capacity 14797K, committed 14848K, reserved 1048576K
}

Deoptimization events (10 events):
Event: 1334.295 Thread 0x0000000026271800 Uncommon trap: reason=unstable_if action=reinterpret pc=0x000000000385cfe4 method=java.util.concurrent.locks.AbstractQueuedSynchronizer$ConditionObject.checkInterruptWhileWaiting(Ljava/util/concurrent/locks/AbstractQueuedSynchronizer$Node;)I @ 3
Event: 1334.301 Thread 0x000000002626f000 Uncommon trap: reason=unstable_if action=reinterpret pc=0x000000000443f7a4 method=java.io.BufferedReader.readLine(Z)Ljava/lang/String; @ 192
Event: 1334.320 Thread 0x000000002626f000 Uncommon trap: reason=unstable_if action=reinterpret pc=0x00000000064cc558 method=sun.nio.cs.StreamDecoder.close()V @ 11
Event: 1334.320 Thread 0x000000002626a800 Uncommon trap: reason=unstable_if action=reinterpret pc=0x00000000064cc558 method=sun.nio.cs.StreamDecoder.close()V @ 11
Event: 1438.888 Thread 0x000000001fae9000 Uncommon trap: reason=unstable_if action=reinterpret pc=0x0000000005398ca0 method=org.gradle.internal.logging.sink.OutputEventRenderer.onOutput(Lorg/gradle/internal/logging/events/OutputEvent;)V @ 24
Event: 1439.376 Thread 0x000000001faec800 Uncommon trap: reason=predicate action=maybe_recompile pc=0x00000000068a1104 method=com.google.common.collect.RegularImmutableMap.fromEntryArray(I[Ljava/util/Map$Entry;)Lcom/google/common/collect/ImmutableMap; @ 62
Event: 1439.475 Thread 0x000000001faec800 Uncommon trap: reason=null_check action=make_not_entrant pc=0x00000000065eaff4 method=org.gradle.api.internal.collections.CollectionFilter.filter(Ljava/lang/Object;)Ljava/lang/Object; @ 5
Event: 1441.884 Thread 0x000000001faf2800 Uncommon trap: reason=unstable_if action=reinterpret pc=0x000000000533b800 method=com.google.common.cache.LongAdder.add(J)V @ 95
Event: 1442.662 Thread 0x000000001faf5800 Uncommon trap: reason=unstable_if action=reinterpret pc=0x0000000005a26560 method=java.util.concurrent.locks.AbstractQueuedSynchronizer.unparkSuccessor(Ljava/util/concurrent/locks/AbstractQueuedSynchronizer$Node;)V @ 22
Event: 1442.845 Thread 0x000000001fae9800 Uncommon trap: reason=class_check action=maybe_recompile pc=0x000000000336b820 method=com.google.common.cache.LocalCache$Segment.get(Ljava/lang/Object;ILcom/google/common/cache/CacheLoader;)Ljava/lang/Object; @ 108

Classes redefined (0 events):
No events

Internal exceptions (10 events):
Event: 1442.387 Thread 0x0000000025b70000 Exception <a 'sun/nio/fs/WindowsException'> (0x000000076fe58590) thrown at [C:\src\AOSP-openjdk-git\hotspot\src\share\vm\prims\jni.cpp, line 710]
Event: 1442.388 Thread 0x0000000025b70000 Exception <a 'sun/nio/fs/WindowsException'> (0x000000076fe59290) thrown at [C:\src\AOSP-openjdk-git\hotspot\src\share\vm\prims\jni.cpp, line 710]
Event: 1442.389 Thread 0x0000000025b70000 Exception <a 'sun/nio/fs/WindowsException'> (0x000000076fe5d030) thrown at [C:\src\AOSP-openjdk-git\hotspot\src\share\vm\prims\jni.cpp, line 710]
Event: 1442.389 Thread 0x0000000025b70000 Exception <a 'sun/nio/fs/WindowsException'> (0x000000076fe5dd70) thrown at [C:\src\AOSP-openjdk-git\hotspot\src\share\vm\prims\jni.cpp, line 710]
Event: 1442.390 Thread 0x0000000025b70000 Exception <a 'sun/nio/fs/WindowsException'> (0x000000076fe5fcb0) thrown at [C:\src\AOSP-openjdk-git\hotspot\src\share\vm\prims\jni.cpp, line 710]
Event: 1442.390 Thread 0x0000000025b70000 Exception <a 'sun/nio/fs/WindowsException'> (0x000000076fe60a00) thrown at [C:\src\AOSP-openjdk-git\hotspot\src\share\vm\prims\jni.cpp, line 710]
Event: 1442.662 Thread 0x000000001faf5800 Implicit null exception at 0x0000000005a2554b to 0x0000000005a26545
Event: 1442.693 Thread 0x0000000026262800 Exception <a 'sun/nio/fs/WindowsException'> (0x0000000771413160) thrown at [C:\src\AOSP-openjdk-git\hotspot\src\share\vm\prims\jni.cpp, line 710]
Event: 1442.694 Thread 0x0000000026262800 Exception <a 'sun/nio/fs/WindowsException'> (0x0000000771413e90) thrown at [C:\src\AOSP-openjdk-git\hotspot\src\share\vm\prims\jni.cpp, line 710]
Event: 1860.749 Thread 0x0000000026262800 Exception <a 'sun/nio/fs/WindowsException'> (0x0000000776ff51d8) thrown at [C:\src\AOSP-openjdk-git\hotspot\src\share\vm\prims\jni.cpp, line 710]

Events (10 events):
Event: 1861.387 Executing VM operation: RevokeBias
Event: 1861.389 Executing VM operation: RevokeBias done
Event: 1861.390 Executing VM operation: RevokeBias
Event: 1861.392 Executing VM operation: RevokeBias done
Event: 1861.395 Executing VM operation: RevokeBias
Event: 1861.396 Executing VM operation: RevokeBias done
Event: 1861.399 Thread 0x000000001e6da800 flushing nmethod 0x0000000006505190
Event: 1861.400 Thread 0x000000001e6da800 flushing nmethod 0x00000000065ead10
Event: 1861.444 Thread 0x000000001e6da800 flushing nmethod 0x000000000674cd10
Event: 1861.446 Thread 0x000000001e6da800 flushing nmethod 0x00000000068a0590


Dynamic libraries:
0x00007ff785e90000 - 0x00007ff785ec1000 	C:\Program Files\Android\Android Studio\jre\bin\java.exe
0x00007ffca7270000 - 0x00007ffca7465000 	C:\WINDOWS\SYSTEM32\ntdll.dll
0x00007ffca57f0000 - 0x00007ffca58ad000 	C:\WINDOWS\System32\KERNEL32.DLL
0x00007ffca4b90000 - 0x00007ffca4e58000 	C:\WINDOWS\System32\KERNELBASE.dll
0x00007ffca5ac0000 - 0x00007ffca5b6c000 	C:\WINDOWS\System32\ADVAPI32.dll
0x00007ffca6de0000 - 0x00007ffca6e7e000 	C:\WINDOWS\System32\msvcrt.dll
0x00007ffca6400000 - 0x00007ffca649b000 	C:\WINDOWS\System32\sechost.dll
0x00007ffca56c0000 - 0x00007ffca57eb000 	C:\WINDOWS\System32\RPCRT4.dll
0x00007ffca7030000 - 0x00007ffca71d0000 	C:\WINDOWS\System32\USER32.dll
0x00007ffca51f0000 - 0x00007ffca5212000 	C:\WINDOWS\System32\win32u.dll
0x00007ffca64a0000 - 0x00007ffca64ca000 	C:\WINDOWS\System32\GDI32.dll
0x00007ffca4e60000 - 0x00007ffca4f6b000 	C:\WINDOWS\System32\gdi32full.dll
0x00007ffca4f70000 - 0x00007ffca500d000 	C:\WINDOWS\System32\msvcp_win.dll
0x00007ffca50f0000 - 0x00007ffca51f0000 	C:\WINDOWS\System32\ucrtbase.dll
0x00007ffc8a510000 - 0x00007ffc8a7aa000 	C:\WINDOWS\WinSxS\amd64_microsoft.windows.common-controls_6595b64144ccf1df_6.0.19041.844_none_ca00b6081b84eb1d\COMCTL32.dll
0x00007ffca6d40000 - 0x00007ffca6d70000 	C:\WINDOWS\System32\IMM32.DLL
0x00000000589c0000 - 0x0000000058a92000 	C:\Program Files\Android\Android Studio\jre\jre\bin\msvcr100.dll
0x0000000058b80000 - 0x00000000593cb000 	C:\Program Files\Android\Android Studio\jre\jre\bin\server\jvm.dll
0x00007ffca6530000 - 0x00007ffca6538000 	C:\WINDOWS\System32\PSAPI.DLL
0x00007ffc8acd0000 - 0x00007ffc8acd9000 	C:\WINDOWS\SYSTEM32\WSOCK32.dll
0x00007ffca6d70000 - 0x00007ffca6ddb000 	C:\WINDOWS\System32\WS2_32.dll
0x00007ffc95aa0000 - 0x00007ffc95ac7000 	C:\WINDOWS\SYSTEM32\WINMM.dll
0x00007ffc9c500000 - 0x00007ffc9c50a000 	C:\WINDOWS\SYSTEM32\VERSION.dll
0x00007ffc8ab40000 - 0x00007ffc8ab4f000 	C:\Program Files\Android\Android Studio\jre\jre\bin\verify.dll
0x00007ffc65f10000 - 0x00007ffc65f39000 	C:\Program Files\Android\Android Studio\jre\jre\bin\java.dll
0x00007ffc74d60000 - 0x00007ffc74d76000 	C:\Program Files\Android\Android Studio\jre\jre\bin\zip.dll
0x00007ffca6540000 - 0x00007ffca6c82000 	C:\WINDOWS\System32\SHELL32.dll
0x00007ffca2420000 - 0x00007ffca2bb0000 	C:\WINDOWS\SYSTEM32\windows.storage.dll
0x00007ffca52d0000 - 0x00007ffca5625000 	C:\WINDOWS\System32\combase.dll
0x00007ffca4350000 - 0x00007ffca437c000 	C:\WINDOWS\SYSTEM32\Wldp.dll
0x00007ffca6c90000 - 0x00007ffca6d3e000 	C:\WINDOWS\System32\SHCORE.dll
0x00007ffca5a60000 - 0x00007ffca5ab5000 	C:\WINDOWS\System32\shlwapi.dll
0x00007ffca48f0000 - 0x00007ffca490f000 	C:\WINDOWS\SYSTEM32\profapi.dll
0x00007ffc749d0000 - 0x00007ffc749ea000 	C:\Program Files\Android\Android Studio\jre\jre\bin\net.dll
0x00007ffca40c0000 - 0x00007ffca412a000 	C:\WINDOWS\system32\mswsock.dll
0x00007ffc65b40000 - 0x00007ffc65b53000 	C:\Program Files\Android\Android Studio\jre\jre\bin\nio.dll
0x00007ffc7bc00000 - 0x00007ffc7bc27000 	C:\Users\KimHanbi\.gradle\native\f6784746aeab05261644944871eae4fe03e0ef1612fff0a4a95f87b438bc6780\windows-amd64\native-platform.dll
0x00007ffc80d10000 - 0x00007ffc80d1d000 	C:\Program Files\Android\Android Studio\jre\jre\bin\management.dll
0x00007ffca4290000 - 0x00007ffca42a8000 	C:\WINDOWS\SYSTEM32\CRYPTSP.dll
0x00007ffca3a60000 - 0x00007ffca3a94000 	C:\WINDOWS\system32\rsaenh.dll
0x00007ffca5010000 - 0x00007ffca5037000 	C:\WINDOWS\System32\bcrypt.dll
0x00007ffca48b0000 - 0x00007ffca48de000 	C:\WINDOWS\SYSTEM32\USERENV.dll
0x00007ffca49b0000 - 0x00007ffca4a30000 	C:\WINDOWS\System32\bcryptprimitives.dll
0x00007ffca42b0000 - 0x00007ffca42bc000 	C:\WINDOWS\SYSTEM32\CRYPTBASE.dll
0x00007ffca3db0000 - 0x00007ffca3deb000 	C:\WINDOWS\SYSTEM32\IPHLPAPI.DLL
0x00007ffca5ca0000 - 0x00007ffca5ca8000 	C:\WINDOWS\System32\NSI.dll
0x00007ffc9eac0000 - 0x00007ffc9ead7000 	C:\WINDOWS\SYSTEM32\dhcpcsvc6.DLL
0x00007ffc9e850000 - 0x00007ffc9e86d000 	C:\WINDOWS\SYSTEM32\dhcpcsvc.DLL
0x00007ffca3df0000 - 0x00007ffca3ebc000 	C:\WINDOWS\SYSTEM32\DNSAPI.dll
0x00007ffc9f660000 - 0x00007ffc9f66b000 	C:\WINDOWS\SYSTEM32\WINNSI.DLL
0x00007ffc65160000 - 0x00007ffc65184000 	C:\Program Files\Android\Android Studio\jre\jre\bin\sunec.dll
0x00007ffc6d1c0000 - 0x00007ffc6d1cb000 	C:\Program Files\Android\Android Studio\jre\jre\bin\sunmscapi.dll
0x00007ffca4a30000 - 0x00007ffca4b8f000 	C:\WINDOWS\System32\CRYPT32.dll
0x00007ffc9c2a0000 - 0x00007ffc9c2aa000 	C:\Windows\System32\rasadhlp.dll
0x00007ffc9b660000 - 0x00007ffc9b6df000 	C:\WINDOWS\System32\fwpuclnt.dll

VM Arguments:
jvm_args: -Xmx4096m -Dfile.encoding=UTF-8 -Duser.country=KR -Duser.language=ko -Duser.variant 
java_command: org.gradle.launcher.daemon.bootstrap.GradleDaemon 6.5
java_class_path (initial): C:\Users\KimHanbi\.gradle\wrapper\dists\gradle-6.5-all\2oz4ud9k3tuxjg84bbf55q0tn\gradle-6.5\lib\gradle-launcher-6.5.jar
Launcher Type: SUN_STANDARD

Environment Variables:
JAVA_HOME=C:\Program Files\Java\jdk1.8.0_251
CLASSPATH=%classpath%;;;
PATH=C:\Program Files\Java\jdk1.8.0_251\bin;C:\Program Files (x86)\Common Files\Oracle\Java\javapath;C:\Program Files (x86)\Intel\iCLS Client\;C:\Program Files\Intel\iCLS Client\;C:\WINDOWS\system32;C:\WINDOWS;C:\WINDOWS\System32\Wbem;C:\WINDOWS\System32\WindowsPowerShell\v1.0\;C:\Program Files (x86)\Intel\Intel(R) Management Engine Components\DAL;C:\Program Files\Intel\Intel(R) Management Engine Components\DAL;C:\Program Files (x86)\Intel\Intel(R) Management Engine Components\IPT;C:\Program Files\Intel\Intel(R) Management Engine Components\IPT;C:\Program Files\Intel\WiFi\bin\;C:\Program Files\Common Files\Intel\WirelessCommon\;C:\WINDOWS\System32\OpenSSH\;C:\MinGW\bin;C:\Program Files\Java\jdk1.8.0_251\bin;C:\Program Files\Git\cmd;C:\Program Files\MySQL\MySQL Server 8.0\bin;C:\ProgramData\chocolatey\bin;C:\Program Files\nodejs\;C:\Program Files\MySQL\MySQL Shell 8.0\bin\;C:\Python\Python36\Scripts\;C:\Python\Python36\;C:\Users\KimHanbi\AppData\Local\Microsoft\WindowsApps;C:\Users\KimHanbi\AppData\Local\Programs\Microsoft VS Code\bin;C:\Users\KimHanbi\AppData\Roaming\npm;C:\Program Files\Android\Android Studio\jre\bin;C:\Users\KimHanbi\AppData\Local\gitkraken\bin
USERNAME=KimHanbi
OS=Windows_NT
PROCESSOR_IDENTIFIER=Intel64 Family 6 Model 142 Stepping 10, GenuineIntel



---------------  S Y S T E M  ---------------

OS: Windows 10.0 , 64 bit Build 19041 (10.0.19041.928)

CPU:total 8 (initial active 8) (4 cores per cpu, 2 threads per core) family 6 model 142 stepping 10, cmov, cx8, fxsr, mmx, sse, sse2, sse3, ssse3, sse4.1, sse4.2, popcnt, avx, avx2, aes, clmul, erms, 3dnowpref, lzcnt, ht, tsc, tscinvbit, bmi1, bmi2, adx

Memory: 4k page, physical 8217940k(800044k free), swap 8217940k(1124k free)

vm_info: OpenJDK 64-Bit Server VM (25.242-b01) for windows-amd64 JRE (1.8.0_242-release-1644-b01), built by "builder" with MS VC++ 10.0 (VS2010)

time: Tue May 18 16:33:29 2021
timezone: 대한민국 표준시
elapsed time: 1861 seconds (0d 0h 31m 1s)

