#
# There is insufficient memory for the Java Runtime Environment to continue.
# Native memory allocation (malloc) failed to allocate 32744 bytes for ChunkPool::allocate
# Possible reasons:
#   The system is out of physical RAM or swap space
#   The process is running with CompressedOops enabled, and the Java Heap may be blocking the growth of the native heap
# Possible solutions:
#   Reduce memory load on the system
#   Increase physical memory or swap space
#   Check if swap backing store is full
#   Decrease Java heap size (-Xmx/-Xms)
#   Decrease number of Java threads
#   Decrease Java thread stack sizes (-Xss)
#   Set larger code cache with -XX:ReservedCodeCacheSize=
#   JVM is running with Unscaled Compressed Oops mode in which the Java heap is
#     placed in the first 4GB address space. The Java Heap base address is the
#     maximum limit for the native heap growth. Please use -XX:HeapBaseMinAddress
#     to set the Java Heap base and to place the Java Heap above 4GB virtual address.
# This output file may be truncated or incomplete.
#
#  Out of Memory Error (allocation.cpp:272), pid=9956, tid=0x000000000000353c
#
# JRE version: OpenJDK Runtime Environment (8.0_242-b01) (build 1.8.0_242-release-1644-b01)
# Java VM: OpenJDK 64-Bit Server VM (25.242-b01 mixed mode windows-amd64 compressed oops)
# Failed to write core dump. Minidumps are not enabled by default on client versions of Windows
#

---------------  T H R E A D  ---------------

Current thread (0x000000001a31f800):  JavaThread "C2 CompilerThread1" daemon [_thread_in_native, id=13628, stack(0x000000001ac70000,0x000000001ad70000)]

Stack: [0x000000001ac70000,0x000000001ad70000]
[error occurred during error reporting (printing stack bounds), id 0xc0000005]

Native frames: (J=compiled Java code, j=interpreted, Vv=VM code, C=native code)


Current CompileTask:
C2: 119670 13718       4       com.android.tools.r8.z.a.a.f::a (3630 bytes)


---------------  P R O C E S S  ---------------

Java Threads: ( => current thread )
  0x000000001fe13000 JavaThread "Cache worker for execution history cache (C:\Users\KimHanbi\AndroidStudioProjects\UntactShop\.gradle\6.5\executionHistory)" [_thread_blocked, id=2876, stack(0x000000002cd40000,0x000000002ce40000)]
  0x000000001fe07800 JavaThread "Execution worker for ':' Thread 7" [_thread_blocked, id=8464, stack(0x000000002cc40000,0x000000002cd40000)]
  0x000000001fe0e000 JavaThread "Execution worker for ':' Thread 6" [_thread_blocked, id=12884, stack(0x000000002cb40000,0x000000002cc40000)]
  0x000000001fe0d800 JavaThread "Execution worker for ':' Thread 5" [_thread_blocked, id=10532, stack(0x000000002ca40000,0x000000002cb40000)]
  0x000000001fe06000 JavaThread "Execution worker for ':' Thread 4" [_thread_blocked, id=2232, stack(0x000000002c940000,0x000000002ca40000)]
  0x000000001fe08000 JavaThread "Execution worker for ':' Thread 3" [_thread_blocked, id=4664, stack(0x000000002c2a0000,0x000000002c3a0000)]
  0x000000001fe0c800 JavaThread "Execution worker for ':' Thread 2" [_thread_blocked, id=7584, stack(0x000000002bed0000,0x000000002bfd0000)]
  0x000000001fe0b000 JavaThread "Execution worker for ':'" [_thread_blocked, id=1692, stack(0x00000000011d0000,0x00000000012d0000)]
  0x000000001fe0c000 JavaThread "Cache worker for file content cache (C:\Users\KimHanbi\AndroidStudioProjects\UntactShop\.gradle\6.5\fileContent)" [_thread_blocked, id=6712, stack(0x000000002c3b0000,0x000000002c4b0000)]
  0x000000001fe0a800 JavaThread "Memory manager" [_thread_blocked, id=7344, stack(0x0000000028780000,0x0000000028880000)]
  0x000000001fe09000 JavaThread "Cache worker for Build Output Cleanup Cache (C:\Users\KimHanbi\AndroidStudioProjects\UntactShop\.gradle\buildOutputCleanup)" [_thread_blocked, id=13720, stack(0x0000000025490000,0x0000000025590000)]
  0x000000001fd83800 JavaThread "Build operations Thread 8" [_thread_blocked, id=6148, stack(0x0000000025090000,0x0000000025190000)]
  0x000000001fd7c000 JavaThread "Build operations Thread 7" [_thread_blocked, id=4672, stack(0x0000000024f90000,0x0000000025090000)]
  0x000000001fd83000 JavaThread "Build operations Thread 6" [_thread_blocked, id=12872, stack(0x0000000024e90000,0x0000000024f90000)]
  0x000000001fd7f800 JavaThread "Build operations Thread 5" [_thread_in_Java, id=11892, stack(0x0000000024d90000,0x0000000024e90000)]
  0x000000001fd7b000 JavaThread "Build operations Thread 4" [_thread_in_Java, id=8044, stack(0x0000000024c90000,0x0000000024d90000)]
  0x000000001fd82000 JavaThread "Build operations Thread 3" [_thread_blocked, id=904, stack(0x0000000024b90000,0x0000000024c90000)]
  0x000000001fd7f000 JavaThread "Build operations Thread 2" [_thread_blocked, id=5676, stack(0x0000000024a90000,0x0000000024b90000)]
  0x000000001fd7e000 JavaThread "Build operations" [_thread_blocked, id=9180, stack(0x0000000024990000,0x0000000024a90000)]
  0x000000001bf55000 JavaThread "Cache worker for file content cache (C:\Users\KimHanbi\.gradle\caches\6.5\fileContent)" [_thread_blocked, id=6928, stack(0x0000000022be0000,0x0000000022ce0000)]
  0x000000001bf59800 JavaThread "Cache worker for execution history cache (C:\Users\KimHanbi\.gradle\caches\6.5\executionHistory)" [_thread_blocked, id=8004, stack(0x00000000219e0000,0x0000000021ae0000)]
  0x000000001bf59000 JavaThread "Cache worker for cache directory md-rule (C:\Users\KimHanbi\.gradle\caches\6.5\md-rule)" [_thread_blocked, id=11384, stack(0x00000000218e0000,0x00000000219e0000)]
  0x000000001bf58000 JavaThread "Cache worker for cache directory md-supplier (C:\Users\KimHanbi\.gradle\caches\6.5\md-supplier)" [_thread_blocked, id=2036, stack(0x00000000217e0000,0x00000000218e0000)]
  0x000000001bf57800 JavaThread "Cache worker for checksums cache (C:\Users\KimHanbi\AndroidStudioProjects\UntactShop\.gradle\checksums)" [_thread_blocked, id=12368, stack(0x00000000216e0000,0x00000000217e0000)]
  0x000000001bf56800 JavaThread "Cache worker for file hash cache (C:\Users\KimHanbi\AndroidStudioProjects\UntactShop\.gradle\6.5\fileHashes)" [_thread_blocked, id=10256, stack(0x000000001fec0000,0x000000001ffc0000)]
  0x000000001bf56000 JavaThread "Cache worker for file hash cache (C:\Users\KimHanbi\.gradle\caches\6.5\fileHashes)" [_thread_blocked, id=1216, stack(0x0000000020010000,0x0000000020110000)]
  0x000000001bf5b000 JavaThread "File lock request listener" [_thread_in_native, id=7780, stack(0x000000001edf0000,0x000000001eef0000)]
  0x000000001b982800 JavaThread "Cache worker for journal cache (C:\Users\KimHanbi\.gradle\caches\journal-1)" [_thread_blocked, id=660, stack(0x000000001ecf0000,0x000000001edf0000)]
  0x000000001b83a800 JavaThread "Thread-9" [_thread_blocked, id=14056, stack(0x000000001e9f0000,0x000000001eaf0000)]
  0x000000001a5a6000 JavaThread "Asynchronous log dispatcher for DefaultDaemonConnection: socket connection from /127.0.0.1:10094 to /127.0.0.1:10095" [_thread_blocked, id=9268, stack(0x000000001e7f0000,0x000000001e8f0000)]
  0x000000001a5a5000 JavaThread "Daemon worker" [_thread_blocked, id=12304, stack(0x000000001e6f0000,0x000000001e7f0000)]
  0x000000001b844000 JavaThread "Cancel handler" [_thread_blocked, id=6612, stack(0x000000001e4f0000,0x000000001e5f0000)]
  0x000000001b22b000 JavaThread "Handler for socket connection from /127.0.0.1:10094 to /127.0.0.1:10095" [_thread_in_native, id=2864, stack(0x000000001e3f0000,0x000000001e4f0000)]
  0x000000001b22a000 JavaThread "Daemon" [_thread_blocked, id=4304, stack(0x000000001e2f0000,0x000000001e3f0000)]
  0x000000001b90e800 JavaThread "Daemon periodic checks" [_thread_blocked, id=2584, stack(0x000000001dff0000,0x000000001e0f0000)]
  0x000000001b988800 JavaThread "Incoming local TCP Connector on port 10094" [_thread_in_native, id=10716, stack(0x000000001de10000,0x000000001df10000)]
  0x000000001a45b800 JavaThread "Daemon health stats" [_thread_blocked, id=11236, stack(0x000000001db10000,0x000000001dc10000)]
  0x000000001a3bd000 JavaThread "Service Thread" daemon [_thread_blocked, id=9944, stack(0x000000001af70000,0x000000001b070000)]
  0x000000001a37e000 JavaThread "C1 CompilerThread3" daemon [_thread_blocked, id=13800, stack(0x000000001ae70000,0x000000001af70000)]
  0x00000000184fd800 JavaThread "C2 CompilerThread2" daemon [_thread_in_native, id=10624, stack(0x000000001ad70000,0x000000001ae70000)]
=>0x000000001a31f800 JavaThread "C2 CompilerThread1" daemon [_thread_in_native, id=13628, stack(0x000000001ac70000,0x000000001ad70000)]
  0x000000001a31d800 JavaThread "C2 CompilerThread0" daemon [_thread_in_native, id=2452, stack(0x000000001ab70000,0x000000001ac70000)]
  0x000000001a378000 JavaThread "Attach Listener" daemon [_thread_blocked, id=4132, stack(0x000000001aa70000,0x000000001ab70000)]
  0x000000001a377000 JavaThread "Signal Dispatcher" daemon [_thread_blocked, id=4588, stack(0x000000001a970000,0x000000001aa70000)]
  0x000000001a300800 JavaThread "Finalizer" daemon [_thread_blocked, id=7568, stack(0x000000001a7e0000,0x000000001a8e0000)]
  0x0000000003478000 JavaThread "Reference Handler" daemon [_thread_blocked, id=2136, stack(0x000000001a6e0000,0x000000001a7e0000)]
  0x0000000003382800 JavaThread "main" [_thread_blocked, id=7996, stack(0x0000000003280000,0x0000000003380000)]

Other Threads:
  0x00000000184e6000 VMThread [stack: 0x000000001a1e0000,0x000000001a2e0000] [id=9584]
  0x000000001a3bd800 WatcherThread [stack: 0x000000001b070000,0x000000001b170000] [id=11184]

VM state:not at safepoint (normal execution)

VM Mutex/Monitor currently owned by a thread: None

heap address: 0x0000000080000000, size: 2048 MB, Compressed Oops mode: 32-bit
Narrow klass base: 0x0000000000000000, Narrow klass shift: 3
Compressed class space size: 1073741824 Address: 0x0000000100000000

Heap:
 PSYoungGen      total 532480K, used 101960K [0x00000000d5580000, 0x00000000f7b80000, 0x0000000100000000)
  eden space 508416K, 16% used [0x00000000d5580000,0x00000000da53fa18,0x00000000f4600000)
  from space 24064K, 84% used [0x00000000f6000000,0x00000000f73d2648,0x00000000f7780000)
  to   space 26624K, 0% used [0x00000000f4600000,0x00000000f4600000,0x00000000f6000000)
 ParOldGen       total 214528K, used 118486K [0x0000000080000000, 0x000000008d180000, 0x00000000d5580000)
  object space 214528K, 55% used [0x0000000080000000,0x00000000873b5b58,0x000000008d180000)
 Metaspace       used 75306K, capacity 79390K, committed 80384K, reserved 1118208K
  class space    used 10235K, capacity 10990K, committed 11264K, reserved 1048576K

Card table byte_map: [0x0000000012840000,0x0000000012c50000] byte_map_base: 0x0000000012440000

Marking Bits: (ParMarkBitMap*) 0x00000000594df030
 Begin Bits: [0x0000000013700000, 0x0000000015700000)
 End Bits:   [0x0000000015700000, 0x0000000017700000)

Polling page: 0x0000000002e50000

CodeCache: size=245760Kb used=39242Kb max_used=39901Kb free=206517Kb
 bounds [0x0000000003480000, 0x0000000005ba0000, 0x0000000012480000]
 total_blobs=12119 nmethods=11311 adapters=718
 compilation: enabled

Compilation events (10 events):
Event: 119.205 Thread 0x00000000184fd800 nmethod 13406 0x0000000004a97150 code [0x0000000004a972c0, 0x0000000004a97518]
Event: 119.205 Thread 0x00000000184fd800 13774 %     4       com.android.tools.r8.ir.regalloc.a::a @ 2118 (3992 bytes)
Event: 119.383 Thread 0x000000001a37e000 13776       2       com.android.tools.r8.ir.regalloc.a::d (16 bytes)
Event: 119.384 Thread 0x000000001a37e000 nmethod 13776 0x0000000004a98d10 code [0x0000000004a98e80, 0x0000000004a99008]
Event: 119.486 Thread 0x000000001a37e000 13777       1       com.android.tools.r8.s.b.y0::W1 (2 bytes)
Event: 119.487 Thread 0x000000001a37e000 nmethod 13777 0x0000000004cb4810 code [0x0000000004cb4960, 0x0000000004cb4a70]
Event: 119.565 Thread 0x000000001a37e000 13779       3       java.util.TreeMap::pollLastEntry (21 bytes)
Event: 119.567 Thread 0x000000001a37e000 nmethod 13779 0x0000000004a980d0 code [0x0000000004a982a0, 0x0000000004a989e8]
Event: 119.653 Thread 0x000000001a37e000 13781       2       com.android.tools.r8.s.b.o0::S2 (7 bytes)
Event: 119.654 Thread 0x000000001a37e000 nmethod 13781 0x0000000004a97d10 code [0x0000000004a97e60, 0x0000000004a97fd0]

GC Heap History (10 events):
Event: 99.005 GC heap before
{Heap before GC invocations=32 (full 4):
 PSYoungGen      total 388608K, used 365952K [0x00000000d5580000, 0x00000000f1c00000, 0x0000000100000000)
  eden space 361984K, 100% used [0x00000000d5580000,0x00000000eb700000,0x00000000eb700000)
  from space 26624K, 14% used [0x00000000eb700000,0x00000000ebae0000,0x00000000ed100000)
  to   space 25600K, 0% used [0x00000000f0300000,0x00000000f0300000,0x00000000f1c00000)
 ParOldGen       total 214528K, used 115405K [0x0000000080000000, 0x000000008d180000, 0x00000000d5580000)
  object space 214528K, 53% used [0x0000000080000000,0x00000000870b34a8,0x000000008d180000)
 Metaspace       used 75124K, capacity 79172K, committed 80128K, reserved 1118208K
  class space    used 10233K, capacity 10987K, committed 11264K, reserved 1048576K
Event: 99.048 GC heap after
Heap after GC invocations=32 (full 4):
 PSYoungGen      total 429568K, used 5440K [0x00000000d5580000, 0x00000000f1600000, 0x0000000100000000)
  eden space 410112K, 0% used [0x00000000d5580000,0x00000000d5580000,0x00000000ee600000)
  from space 19456K, 27% used [0x00000000f0300000,0x00000000f0850000,0x00000000f1600000)
  to   space 24576K, 0% used [0x00000000ee600000,0x00000000ee600000,0x00000000efe00000)
 ParOldGen       total 214528K, used 118478K [0x0000000080000000, 0x000000008d180000, 0x00000000d5580000)
  object space 214528K, 55% used [0x0000000080000000,0x00000000873b3b58,0x000000008d180000)
 Metaspace       used 75124K, capacity 79172K, committed 80128K, reserved 1118208K
  class space    used 10233K, capacity 10987K, committed 11264K, reserved 1048576K
}
Event: 102.694 GC heap before
{Heap before GC invocations=33 (full 4):
 PSYoungGen      total 429568K, used 415552K [0x00000000d5580000, 0x00000000f1600000, 0x0000000100000000)
  eden space 410112K, 100% used [0x00000000d5580000,0x00000000ee600000,0x00000000ee600000)
  from space 19456K, 27% used [0x00000000f0300000,0x00000000f0850000,0x00000000f1600000)
  to   space 24576K, 0% used [0x00000000ee600000,0x00000000ee600000,0x00000000efe00000)
 ParOldGen       total 214528K, used 118478K [0x0000000080000000, 0x000000008d180000, 0x00000000d5580000)
  object space 214528K, 55% used [0x0000000080000000,0x00000000873b3b58,0x000000008d180000)
 Metaspace       used 75168K, capacity 79176K, committed 80128K, reserved 1118208K
  class space    used 10233K, capacity 10987K, committed 11264K, reserved 1048576K
Event: 102.797 GC heap after
Heap after GC invocations=33 (full 4):
 PSYoungGen      total 434688K, used 7904K [0x00000000d5580000, 0x00000000f4780000, 0x0000000100000000)
  eden space 410112K, 0% used [0x00000000d5580000,0x00000000d5580000,0x00000000ee600000)
  from space 24576K, 32% used [0x00000000ee600000,0x00000000eedb8000,0x00000000efe00000)
  to   space 23552K, 0% used [0x00000000f3080000,0x00000000f3080000,0x00000000f4780000)
 ParOldGen       total 214528K, used 118478K [0x0000000080000000, 0x000000008d180000, 0x00000000d5580000)
  object space 214528K, 55% used [0x0000000080000000,0x00000000873b3b58,0x000000008d180000)
 Metaspace       used 75168K, capacity 79176K, committed 80128K, reserved 1118208K
  class space    used 10233K, capacity 10987K, committed 11264K, reserved 1048576K
}
Event: 107.525 GC heap before
{Heap before GC invocations=34 (full 4):
 PSYoungGen      total 434688K, used 418016K [0x00000000d5580000, 0x00000000f4780000, 0x0000000100000000)
  eden space 410112K, 100% used [0x00000000d5580000,0x00000000ee600000,0x00000000ee600000)
  from space 24576K, 32% used [0x00000000ee600000,0x00000000eedb8000,0x00000000efe00000)
  to   space 23552K, 0% used [0x00000000f3080000,0x00000000f3080000,0x00000000f4780000)
 ParOldGen       total 214528K, used 118478K [0x0000000080000000, 0x000000008d180000, 0x00000000d5580000)
  object space 214528K, 55% used [0x0000000080000000,0x00000000873b3b58,0x000000008d180000)
 Metaspace       used 75174K, capacity 79176K, committed 80128K, reserved 1118208K
  class space    used 10233K, capacity 10987K, committed 11264K, reserved 1048576K
Event: 107.592 GC heap after
Heap after GC invocations=34 (full 4):
 PSYoungGen      total 476160K, used 11894K [0x00000000d5580000, 0x00000000f4200000, 0x0000000100000000)
  eden space 458240K, 0% used [0x00000000d5580000,0x00000000d5580000,0x00000000f1500000)
  from space 17920K, 66% used [0x00000000f3080000,0x00000000f3c1d810,0x00000000f4200000)
  to   space 23040K, 0% used [0x00000000f1500000,0x00000000f1500000,0x00000000f2b80000)
 ParOldGen       total 214528K, used 118478K [0x0000000080000000, 0x000000008d180000, 0x00000000d5580000)
  object space 214528K, 55% used [0x0000000080000000,0x00000000873b3b58,0x000000008d180000)
 Metaspace       used 75174K, capacity 79176K, committed 80128K, reserved 1118208K
  class space    used 10233K, capacity 10987K, committed 11264K, reserved 1048576K
}
Event: 113.252 GC heap before
{Heap before GC invocations=35 (full 4):
 PSYoungGen      total 476160K, used 470134K [0x00000000d5580000, 0x00000000f4200000, 0x0000000100000000)
  eden space 458240K, 100% used [0x00000000d5580000,0x00000000f1500000,0x00000000f1500000)
  from space 17920K, 66% used [0x00000000f3080000,0x00000000f3c1d810,0x00000000f4200000)
  to   space 23040K, 0% used [0x00000000f1500000,0x00000000f1500000,0x00000000f2b80000)
 ParOldGen       total 214528K, used 118478K [0x0000000080000000, 0x000000008d180000, 0x00000000d5580000)
  object space 214528K, 55% used [0x0000000080000000,0x00000000873b3b58,0x000000008d180000)
 Metaspace       used 75210K, capacity 79306K, committed 80128K, reserved 1118208K
  class space    used 10234K, capacity 10988K, committed 11264K, reserved 1048576K
Event: 113.389 GC heap after
Heap after GC invocations=35 (full 4):
 PSYoungGen      total 481280K, used 15180K [0x00000000d5580000, 0x00000000f7780000, 0x0000000100000000)
  eden space 458240K, 0% used [0x00000000d5580000,0x00000000d5580000,0x00000000f1500000)
  from space 23040K, 65% used [0x00000000f1500000,0x00000000f23d32b0,0x00000000f2b80000)
  to   space 24064K, 0% used [0x00000000f6000000,0x00000000f6000000,0x00000000f7780000)
 ParOldGen       total 214528K, used 118478K [0x0000000080000000, 0x000000008d180000, 0x00000000d5580000)
  object space 214528K, 55% used [0x0000000080000000,0x00000000873b3b58,0x000000008d180000)
 Metaspace       used 75210K, capacity 79306K, committed 80128K, reserved 1118208K
  class space    used 10234K, capacity 10988K, committed 11264K, reserved 1048576K
}
Event: 118.526 GC heap before
{Heap before GC invocations=36 (full 4):
 PSYoungGen      total 481280K, used 473420K [0x00000000d5580000, 0x00000000f7780000, 0x0000000100000000)
  eden space 458240K, 100% used [0x00000000d5580000,0x00000000f1500000,0x00000000f1500000)
  from space 23040K, 65% used [0x00000000f1500000,0x00000000f23d32b0,0x00000000f2b80000)
  to   space 24064K, 0% used [0x00000000f6000000,0x00000000f6000000,0x00000000f7780000)
 ParOldGen       total 214528K, used 118478K [0x0000000080000000, 0x000000008d180000, 0x00000000d5580000)
  object space 214528K, 55% used [0x0000000080000000,0x00000000873b3b58,0x000000008d180000)
 Metaspace       used 75305K, capacity 79390K, committed 80384K, reserved 1118208K
  class space    used 10235K, capacity 10990K, committed 11264K, reserved 1048576K
Event: 118.655 GC heap after
Heap after GC invocations=36 (full 4):
 PSYoungGen      total 532480K, used 20297K [0x00000000d5580000, 0x00000000f7b80000, 0x0000000100000000)
  eden space 508416K, 0% used [0x00000000d5580000,0x00000000d5580000,0x00000000f4600000)
  from space 24064K, 84% used [0x00000000f6000000,0x00000000f73d2648,0x00000000f7780000)
  to   space 26624K, 0% used [0x00000000f4600000,0x00000000f4600000,0x00000000f6000000)
 ParOldGen       total 214528K, used 118486K [0x0000000080000000, 0x000000008d180000, 0x00000000d5580000)
  object space 214528K, 55% used [0x0000000080000000,0x00000000873b5b58,0x000000008d180000)
 Metaspace       used 75305K, capacity 79390K, committed 80384K, reserved 1118208K
  class space    used 10235K, capacity 10990K, committed 11264K, reserved 1048576K
}

Deoptimization events (10 events):
Event: 116.051 Thread 0x000000001fd7b000 Uncommon trap: reason=speculate_class_check action=maybe_recompile pc=0x0000000004f1eed4 method=com.android.tools.r8.ir.conversion.N.b(ILcom/android/tools/r8/graph/s;)V @ 78
Event: 116.052 Thread 0x000000001fd7b000 Uncommon trap: reason=speculate_class_check action=maybe_recompile pc=0x0000000004f1eed4 method=com.android.tools.r8.ir.conversion.N.b(ILcom/android/tools/r8/graph/s;)V @ 78
Event: 116.052 Thread 0x000000001fd7b000 Uncommon trap: reason=speculate_class_check action=maybe_recompile pc=0x0000000004f1eed4 method=com.android.tools.r8.ir.conversion.N.b(ILcom/android/tools/r8/graph/s;)V @ 78
Event: 116.052 Thread 0x000000001fd7b000 Uncommon trap: reason=speculate_class_check action=maybe_recompile pc=0x0000000004f1eed4 method=com.android.tools.r8.ir.conversion.N.b(ILcom/android/tools/r8/graph/s;)V @ 78
Event: 116.853 Thread 0x000000001fd7f800 Uncommon trap: reason=unstable_if action=reinterpret pc=0x0000000004c15384 method=com.android.tools.r8.graph.I0$d.c()V @ 28
Event: 117.086 Thread 0x000000001fd7f800 Uncommon trap: reason=unstable_if action=reinterpret pc=0x0000000004ef2c44 method=com.android.tools.r8.ir.conversion.o.d(I)Lcom/android/tools/r8/s/b/W0; @ 102
Event: 117.088 Thread 0x000000001fd7f800 Uncommon trap: reason=unstable_if action=reinterpret pc=0x0000000004d69f14 method=com.android.tools.r8.ir.conversion.o.d(I)Lcom/android/tools/r8/s/b/W0; @ 102
Event: 117.779 Thread 0x000000001fd7b000 Uncommon trap: reason=unstable_if action=reinterpret pc=0x0000000003b2a0a8 method=java.util.HashMap.getNode(ILjava/lang/Object;)Ljava/util/HashMap$Node; @ 84
Event: 119.133 Thread 0x000000001fd7f800 Uncommon trap: reason=class_check action=maybe_recompile pc=0x0000000004fb69d8 method=com.android.tools.r8.t.a.a.a.f.e.putAll(Ljava/util/Map;)V @ 3
Event: 119.135 Thread 0x000000001fd7f800 Uncommon trap: reason=class_check action=maybe_recompile pc=0x0000000004fb69d8 method=com.android.tools.r8.t.a.a.a.f.e.putAll(Ljava/util/Map;)V @ 3

Classes redefined (0 events):
No events

Internal exceptions (10 events):
Event: 116.382 Thread 0x000000001fd7e000 Exception <a 'sun/nio/fs/WindowsException'> (0x00000000e0b28028) thrown at [C:\src\AOSP-openjdk-git\hotspot\src\share\vm\prims\jni.cpp, line 710]
Event: 116.397 Thread 0x000000001fd82000 Exception <a 'sun/nio/fs/WindowsException'> (0x00000000e42174d8) thrown at [C:\src\AOSP-openjdk-git\hotspot\src\share\vm\prims\jni.cpp, line 710]
Event: 116.399 Thread 0x000000001fd7e000 Exception <a 'sun/nio/fs/WindowsException'> (0x00000000e4624518) thrown at [C:\src\AOSP-openjdk-git\hotspot\src\share\vm\prims\jni.cpp, line 710]
Event: 116.493 Thread 0x000000001fd7f000 Exception <a 'sun/nio/fs/WindowsException'> (0x00000000e4d1c9b0) thrown at [C:\src\AOSP-openjdk-git\hotspot\src\share\vm\prims\jni.cpp, line 710]
Event: 116.499 Thread 0x000000001fd83800 Exception <a 'sun/nio/fs/WindowsException'> (0x00000000e3e76888) thrown at [C:\src\AOSP-openjdk-git\hotspot\src\share\vm\prims\jni.cpp, line 710]
Event: 116.598 Thread 0x000000001fd7b000 Exception <a 'sun/nio/fs/WindowsException'> (0x00000000e6158698) thrown at [C:\src\AOSP-openjdk-git\hotspot\src\share\vm\prims\jni.cpp, line 710]
Event: 116.608 Thread 0x000000001fd83000 Exception <a 'sun/nio/fs/WindowsException'> (0x00000000e5af5b20) thrown at [C:\src\AOSP-openjdk-git\hotspot\src\share\vm\prims\jni.cpp, line 710]
Event: 116.770 Thread 0x000000001fd7f800 Exception <a 'sun/nio/fs/WindowsException'> (0x00000000e77e9900) thrown at [C:\src\AOSP-openjdk-git\hotspot\src\share\vm\prims\jni.cpp, line 710]
Event: 116.987 Thread 0x000000001fd7c000 Exception <a 'sun/nio/fs/WindowsException'> (0x00000000e8bda660) thrown at [C:\src\AOSP-openjdk-git\hotspot\src\share\vm\prims\jni.cpp, line 710]
Event: 118.355 Thread 0x000000001fd7f000 Exception <a 'sun/nio/fs/WindowsException'> (0x00000000f0906a60) thrown at [C:\src\AOSP-openjdk-git\hotspot\src\share\vm\prims\jni.cpp, line 710]

Events (10 events):
Event: 119.395 Thread 0x000000001fd7f800 DEOPT PACKING pc=0x000000000596c092 sp=0x0000000024e8a300
Event: 119.395 Thread 0x000000001fd7f800 DEOPT UNPACKING pc=0x00000000034c75d0 sp=0x0000000024e8a358 mode 0
Event: 119.553 Thread 0x000000001fd7b000 DEOPT PACKING pc=0x000000000596bd1c sp=0x0000000024d89d10
Event: 119.553 Thread 0x000000001fd7b000 DEOPT UNPACKING pc=0x00000000034c75d0 sp=0x0000000024d89d60 mode 0
Event: 119.567 Thread 0x000000001fd7b000 DEOPT PACKING pc=0x0000000004b5d554 sp=0x0000000024d89c70
Event: 119.567 Thread 0x000000001fd7b000 DEOPT UNPACKING pc=0x00000000034c75d0 sp=0x0000000024d89988 mode 0
Event: 119.592 Thread 0x000000001fd7b000 DEOPT PACKING pc=0x0000000005ad4395 sp=0x0000000024d8a0d0
Event: 119.596 Thread 0x000000001fd7b000 DEOPT UNPACKING pc=0x00000000034c75d0 sp=0x0000000024d8a108 mode 0
Event: 119.606 Thread 0x000000001fd7b000 DEOPT PACKING pc=0x0000000005ab6f4e sp=0x0000000024d89fe0
Event: 119.606 Thread 0x000000001fd7b000 DEOPT UNPACKING pc=0x00000000034c75d0 sp=0x0000000024d8a108 mode 0


Dynamic libraries:
0x00007ff75d310000 - 0x00007ff75d341000 	C:\Program Files\Android\Android Studio\jre\bin\java.exe
0x00007ff9132b0000 - 0x00007ff9134a5000 	C:\WINDOWS\SYSTEM32\ntdll.dll
0x00007ff911340000 - 0x00007ff9113fd000 	C:\WINDOWS\System32\KERNEL32.DLL
0x00007ff910ba0000 - 0x00007ff910e69000 	C:\WINDOWS\System32\KERNELBASE.dll
0x00007ff912220000 - 0x00007ff9122cc000 	C:\WINDOWS\System32\ADVAPI32.dll
0x00007ff912a20000 - 0x00007ff912abe000 	C:\WINDOWS\System32\msvcrt.dll
0x00007ff911400000 - 0x00007ff91149c000 	C:\WINDOWS\System32\sechost.dll
0x00007ff911e90000 - 0x00007ff911fbb000 	C:\WINDOWS\System32\RPCRT4.dll
0x00007ff912fb0000 - 0x00007ff913150000 	C:\WINDOWS\System32\USER32.dll
0x00007ff910af0000 - 0x00007ff910b12000 	C:\WINDOWS\System32\win32u.dll
0x00007ff911310000 - 0x00007ff91133a000 	C:\WINDOWS\System32\GDI32.dll
0x00007ff910fd0000 - 0x00007ff9110db000 	C:\WINDOWS\System32\gdi32full.dll
0x00007ff911270000 - 0x00007ff91130d000 	C:\WINDOWS\System32\msvcp_win.dll
0x00007ff911110000 - 0x00007ff911210000 	C:\WINDOWS\System32\ucrtbase.dll
0x00007ff8f3720000 - 0x00007ff8f39ba000 	C:\WINDOWS\WinSxS\amd64_microsoft.windows.common-controls_6595b64144ccf1df_6.0.19041.844_none_ca00b6081b84eb1d\COMCTL32.dll
0x00007ff911e50000 - 0x00007ff911e80000 	C:\WINDOWS\System32\IMM32.DLL
0x0000000058c30000 - 0x0000000058d02000 	C:\Program Files\Android\Android Studio\jre\jre\bin\msvcr100.dll
0x0000000058d10000 - 0x000000005955b000 	C:\Program Files\Android\Android Studio\jre\jre\bin\server\jvm.dll
0x00007ff911550000 - 0x00007ff911558000 	C:\WINDOWS\System32\PSAPI.DLL
0x00007ff902170000 - 0x00007ff902197000 	C:\WINDOWS\SYSTEM32\WINMM.dll
0x00007ff90a610000 - 0x00007ff90a61a000 	C:\WINDOWS\SYSTEM32\VERSION.dll
0x00007ff8fdf80000 - 0x00007ff8fdf89000 	C:\WINDOWS\SYSTEM32\WSOCK32.dll
0x00007ff912150000 - 0x00007ff9121bb000 	C:\WINDOWS\System32\WS2_32.dll
0x00007ff90b640000 - 0x00007ff90b64f000 	C:\Program Files\Android\Android Studio\jre\jre\bin\verify.dll
0x00007ff90a5e0000 - 0x00007ff90a609000 	C:\Program Files\Android\Android Studio\jre\jre\bin\java.dll
0x00007ff90b620000 - 0x00007ff90b636000 	C:\Program Files\Android\Android Studio\jre\jre\bin\zip.dll
0x00007ff911560000 - 0x00007ff911ca2000 	C:\WINDOWS\System32\SHELL32.dll
0x00007ff90e470000 - 0x00007ff90ec00000 	C:\WINDOWS\SYSTEM32\windows.storage.dll
0x00007ff912bc0000 - 0x00007ff912f15000 	C:\WINDOWS\System32\combase.dll
0x00007ff910390000 - 0x00007ff9103bc000 	C:\WINDOWS\SYSTEM32\Wldp.dll
0x00007ff9114a0000 - 0x00007ff91154e000 	C:\WINDOWS\System32\SHCORE.dll
0x00007ff9121c0000 - 0x00007ff912215000 	C:\WINDOWS\System32\shlwapi.dll
0x00007ff910930000 - 0x00007ff91094f000 	C:\WINDOWS\SYSTEM32\profapi.dll
0x00007ff90b5f0000 - 0x00007ff90b60a000 	C:\Program Files\Android\Android Studio\jre\jre\bin\net.dll
0x00007ff910110000 - 0x00007ff91017a000 	C:\WINDOWS\system32\mswsock.dll
0x00007ff90b480000 - 0x00007ff90b493000 	C:\Program Files\Android\Android Studio\jre\jre\bin\nio.dll
0x00007ff8eed70000 - 0x00007ff8eed97000 	C:\Users\KimHanbi\.gradle\native\f6784746aeab05261644944871eae4fe03e0ef1612fff0a4a95f87b438bc6780\windows-amd64\native-platform.dll
0x00007ff90b3f0000 - 0x00007ff90b3fd000 	C:\Program Files\Android\Android Studio\jre\jre\bin\management.dll
0x00007ff9102e0000 - 0x00007ff9102f8000 	C:\WINDOWS\SYSTEM32\CRYPTSP.dll
0x00007ff90fab0000 - 0x00007ff90fae4000 	C:\WINDOWS\system32\rsaenh.dll
0x00007ff9110e0000 - 0x00007ff911107000 	C:\WINDOWS\System32\bcrypt.dll
0x00007ff9108f0000 - 0x00007ff91091e000 	C:\WINDOWS\SYSTEM32\USERENV.dll
0x00007ff910b20000 - 0x00007ff910ba0000 	C:\WINDOWS\System32\bcryptprimitives.dll
0x00007ff910300000 - 0x00007ff91030c000 	C:\WINDOWS\SYSTEM32\CRYPTBASE.dll
0x00007ff90fe00000 - 0x00007ff90fe3b000 	C:\WINDOWS\SYSTEM32\IPHLPAPI.DLL
0x00007ff911e80000 - 0x00007ff911e88000 	C:\WINDOWS\System32\NSI.dll
0x00007ff90a7c0000 - 0x00007ff90a7d7000 	C:\WINDOWS\SYSTEM32\dhcpcsvc6.DLL
0x00007ff90a7a0000 - 0x00007ff90a7bd000 	C:\WINDOWS\SYSTEM32\dhcpcsvc.DLL
0x00007ff90fe40000 - 0x00007ff90ff0b000 	C:\WINDOWS\SYSTEM32\DNSAPI.dll
0x00007ff90b6c0000 - 0x00007ff90b6cb000 	C:\WINDOWS\SYSTEM32\WINNSI.DLL

VM Arguments:
jvm_args: -Xmx2048m -Dfile.encoding=UTF-8 -Duser.country=KR -Duser.language=ko -Duser.variant 
java_command: org.gradle.launcher.daemon.bootstrap.GradleDaemon 6.5
java_class_path (initial): C:\Users\KimHanbi\.gradle\wrapper\dists\gradle-6.5-bin\6nifqtx7604sqp1q6g8wikw7p\gradle-6.5\lib\gradle-launcher-6.5.jar
Launcher Type: SUN_STANDARD

Environment Variables:
JAVA_HOME=C:\Program Files\Java\jdk1.8.0_251
CLASSPATH=%classpath%;;;
PATH=C:\Program Files\Java\jdk1.8.0_251\bin;C:\Program Files (x86)\Common Files\Oracle\Java\javapath;C:\Program Files (x86)\Intel\iCLS Client\;C:\Program Files\Intel\iCLS Client\;C:\WINDOWS\system32;C:\WINDOWS;C:\WINDOWS\System32\Wbem;C:\WINDOWS\System32\WindowsPowerShell\v1.0\;C:\Program Files (x86)\Intel\Intel(R) Management Engine Components\DAL;C:\Program Files\Intel\Intel(R) Management Engine Components\DAL;C:\Program Files (x86)\Intel\Intel(R) Management Engine Components\IPT;C:\Program Files\Intel\Intel(R) Management Engine Components\IPT;C:\Program Files\Intel\WiFi\bin\;C:\Program Files\Common Files\Intel\WirelessCommon\;C:\WINDOWS\System32\OpenSSH\;C:\MinGW\bin;C:\Program Files\Java\jdk1.8.0_251\bin;C:\Program Files\Git\cmd;C:\Program Files\MySQL\MySQL Server 8.0\bin;C:\ProgramData\chocolatey\bin;C:\Program Files\nodejs\;C:\Program Files\MySQL\MySQL Shell 8.0\bin\;C:\Python\Python36\Scripts\;C:\Python\Python36\;C:\Users\KimHanbi\AppData\Local\Microsoft\WindowsApps;C:\Users\KimHanbi\AppData\Local\Programs\Microsoft VS Code\bin;C:\Users\KimHanbi\AppData\Roaming\npm;C:\Program Files\Android\Android Studio\jre\bin;C:\Users\KimHanbi\AppData\Local\gitkraken\bin
USERNAME=KimHanbi
OS=Windows_NT
PROCESSOR_IDENTIFIER=Intel64 Family 6 Model 142 Stepping 10, GenuineIntel



---------------  S Y S T E M  ---------------

OS: Windows 10.0 , 64 bit Build 19041 (10.0.19041.804)

CPU:total 8 (initial active 8) (4 cores per cpu, 2 threads per core) family 6 model 142 stepping 10, cmov, cx8, fxsr, mmx, sse, sse2, sse3, ssse3, sse4.1, sse4.2, popcnt, avx, avx2, aes, clmul, erms, 3dnowpref, lzcnt, ht, tsc, tscinvbit, bmi1, bmi2, adx

Memory: 4k page, physical 8217940k(602068k free), swap 8217940k(3504k free)

vm_info: OpenJDK 64-Bit Server VM (25.242-b01) for windows-amd64 JRE (1.8.0_242-release-1644-b01), built by "builder" with MS VC++ 10.0 (VS2010)

time: Wed Mar 24 13:33:23 2021
timezone: 대한민국 표준시
elapsed time: 119 seconds (0d 0h 1m 59s)

