#
# There is insufficient memory for the Java Runtime Environment to continue.
# Native memory allocation (malloc) failed to allocate 1036016 bytes for Chunk::new
# Possible reasons:
#   The system is out of physical RAM or swap space
#   The process is running with CompressedOops enabled, and the Java Heap may be blocking the growth of the native heap
# Possible solutions:
#   Reduce memory load on the system
#   Increase physical memory or swap space
#   Check if swap backing store is full
#   Decrease Java heap size (-Xmx/-Xms)
#   Decrease number of Java threads
#   Decrease Java thread stack sizes (-Xss)
#   Set larger code cache with -XX:ReservedCodeCacheSize=
#   JVM is running with Unscaled Compressed Oops mode in which the Java heap is
#     placed in the first 4GB address space. The Java Heap base address is the
#     maximum limit for the native heap growth. Please use -XX:HeapBaseMinAddress
#     to set the Java Heap base and to place the Java Heap above 4GB virtual address.
# This output file may be truncated or incomplete.
#
#  Out of Memory Error (allocation.cpp:389), pid=14212, tid=0x0000000000000ad4
#
# JRE version: OpenJDK Runtime Environment (8.0_242-b01) (build 1.8.0_242-release-1644-b01)
# Java VM: OpenJDK 64-Bit Server VM (25.242-b01 mixed mode windows-amd64 compressed oops)
# Failed to write core dump. Minidumps are not enabled by default on client versions of Windows
#

---------------  T H R E A D  ---------------

Current thread (0x00000000195f9800):  JavaThread "C2 CompilerThread1" daemon [_thread_in_native, id=2772, stack(0x0000000019f50000,0x000000001a050000)]

Stack: [0x0000000019f50000,0x000000001a050000]
[error occurred during error reporting (printing stack bounds), id 0xc0000005]

Native frames: (J=compiled Java code, j=interpreted, Vv=VM code, C=native code)


Current CompileTask:
C2:  32798 5396       4       java.net.URLClassLoader$1::run (5 bytes)


---------------  P R O C E S S  ---------------

Java Threads: ( => current thread )
  0x000000001e754800 JavaThread "Cache worker for file content cache (C:\Users\KimHanbi\AndroidStudioProjects\UntactShop\.gradle\6.5\fileContent)" [_thread_blocked, id=4344, stack(0x000000002ad90000,0x000000002ae90000)]
  0x000000001e757800 JavaThread "Memory manager" [_thread_blocked, id=11052, stack(0x000000002a9d0000,0x000000002aad0000)]
  0x000000001e757000 JavaThread "Cache worker for Build Output Cleanup Cache (C:\Users\KimHanbi\AndroidStudioProjects\UntactShop\.gradle\buildOutputCleanup)" [_thread_blocked, id=5592, stack(0x0000000026b40000,0x0000000026c40000)]
  0x000000001e756000 JavaThread "jar transforms Thread 99" [_thread_blocked, id=12316, stack(0x00000000298d0000,0x00000000299d0000)]
  0x000000001e753000 JavaThread "jar transforms Thread 98" [_thread_blocked, id=8360, stack(0x00000000297d0000,0x00000000298d0000)]
  0x000000001e750000 JavaThread "jar transforms Thread 97" [_thread_blocked, id=11988, stack(0x00000000296d0000,0x00000000297d0000)]
  0x000000001e752800 JavaThread "jar transforms Thread 96" [_thread_blocked, id=2296, stack(0x00000000295d0000,0x00000000296d0000)]
  0x000000001f277000 JavaThread "jar transforms Thread 95" [_thread_blocked, id=13708, stack(0x00000000294d0000,0x00000000295d0000)]
  0x000000001f276000 JavaThread "jar transforms Thread 94" [_thread_blocked, id=5932, stack(0x00000000293d0000,0x00000000294d0000)]
  0x000000001f275800 JavaThread "jar transforms Thread 93" [_thread_blocked, id=13852, stack(0x00000000292d0000,0x00000000293d0000)]
  0x000000001f274800 JavaThread "jar transforms Thread 92" [_thread_blocked, id=424, stack(0x00000000291d0000,0x00000000292d0000)]
  0x000000001f273000 JavaThread "jar transforms Thread 91" [_thread_blocked, id=11184, stack(0x00000000290d0000,0x00000000291d0000)]
  0x000000001f274000 JavaThread "jar transforms Thread 90" [_thread_blocked, id=4396, stack(0x0000000028fd0000,0x00000000290d0000)]
  0x000000001f26b800 JavaThread "jar transforms Thread 89" [_thread_blocked, id=8828, stack(0x0000000028ed0000,0x0000000028fd0000)]
  0x000000001f272800 JavaThread "jar transforms Thread 88" [_thread_blocked, id=1316, stack(0x0000000028dd0000,0x0000000028ed0000)]
  0x000000001f26b000 JavaThread "jar transforms Thread 87" [_thread_blocked, id=3600, stack(0x0000000028cd0000,0x0000000028dd0000)]
  0x000000001f271800 JavaThread "jar transforms Thread 86" [_thread_blocked, id=3552, stack(0x0000000028bd0000,0x0000000028cd0000)]
  0x000000001f271000 JavaThread "jar transforms Thread 85" [_thread_blocked, id=9824, stack(0x0000000028ad0000,0x0000000028bd0000)]
  0x000000001f270000 JavaThread "jar transforms Thread 84" [_thread_blocked, id=12968, stack(0x00000000289d0000,0x0000000028ad0000)]
  0x000000001f268800 JavaThread "jar transforms Thread 83" [_thread_blocked, id=1584, stack(0x00000000288d0000,0x00000000289d0000)]
  0x000000001f26a000 JavaThread "jar transforms Thread 82" [_thread_blocked, id=8112, stack(0x00000000287d0000,0x00000000288d0000)]
  0x000000001f26e000 JavaThread "jar transforms Thread 81" [_thread_blocked, id=2660, stack(0x00000000286d0000,0x00000000287d0000)]
  0x000000001f26f800 JavaThread "jar transforms Thread 80" [_thread_blocked, id=13284, stack(0x00000000285d0000,0x00000000286d0000)]
  0x000000001f26d000 JavaThread "jar transforms Thread 79" [_thread_blocked, id=7180, stack(0x00000000284d0000,0x00000000285d0000)]
  0x000000001f26c800 JavaThread "jar transforms Thread 78" [_thread_blocked, id=4120, stack(0x00000000283d0000,0x00000000284d0000)]
  0x000000001f268000 JavaThread "jar transforms Thread 77" [_thread_blocked, id=6996, stack(0x00000000282d0000,0x00000000283d0000)]
  0x000000001f269800 JavaThread "jar transforms Thread 76" [_thread_blocked, id=6468, stack(0x00000000281d0000,0x00000000282d0000)]
  0x000000001f26e800 JavaThread "jar transforms Thread 75" [_thread_blocked, id=7484, stack(0x00000000280d0000,0x00000000281d0000)]
  0x000000001ab24000 JavaThread "jar transforms Thread 74" [_thread_blocked, id=7740, stack(0x0000000027fd0000,0x00000000280d0000)]
  0x000000001ab23000 JavaThread "jar transforms Thread 73" [_thread_blocked, id=4648, stack(0x0000000027ed0000,0x0000000027fd0000)]
  0x000000001ab22800 JavaThread "jar transforms Thread 72" [_thread_blocked, id=2012, stack(0x0000000027dd0000,0x0000000027ed0000)]
  0x000000001ab21800 JavaThread "jar transforms Thread 71" [_thread_blocked, id=11072, stack(0x0000000027cd0000,0x0000000027dd0000)]
  0x000000001ab21000 JavaThread "jar transforms Thread 70" [_thread_blocked, id=2888, stack(0x0000000027bd0000,0x0000000027cd0000)]
  0x000000001ab20000 JavaThread "jar transforms Thread 69" [_thread_blocked, id=13556, stack(0x0000000027ad0000,0x0000000027bd0000)]
  0x000000001ab18800 JavaThread "jar transforms Thread 68" [_thread_blocked, id=10200, stack(0x00000000279d0000,0x0000000027ad0000)]
  0x000000001ab1f800 JavaThread "jar transforms Thread 67" [_thread_blocked, id=7840, stack(0x00000000278d0000,0x00000000279d0000)]
  0x000000001ab1e800 JavaThread "jar transforms Thread 66" [_thread_blocked, id=13540, stack(0x00000000277d0000,0x00000000278d0000)]
  0x000000001ab1e000 JavaThread "jar transforms Thread 65" [_thread_blocked, id=5908, stack(0x00000000276d0000,0x00000000277d0000)]
  0x000000001ab1d000 JavaThread "jar transforms Thread 64" [_thread_blocked, id=13992, stack(0x00000000275d0000,0x00000000276d0000)]
  0x000000001ab15800 JavaThread "jar transforms Thread 63" [_thread_blocked, id=14024, stack(0x00000000274d0000,0x00000000275d0000)]
  0x000000001ab1c800 JavaThread "jar transforms Thread 62" [_thread_blocked, id=4696, stack(0x00000000273d0000,0x00000000274d0000)]
  0x000000001ab15000 JavaThread "jar transforms Thread 61" [_thread_blocked, id=14208, stack(0x00000000272d0000,0x00000000273d0000)]
  0x000000001ab1b800 JavaThread "jar transforms Thread 60" [_thread_blocked, id=2936, stack(0x00000000271d0000,0x00000000272d0000)]
  0x000000001ab18000 JavaThread "jar transforms Thread 59" [_thread_blocked, id=13212, stack(0x00000000270d0000,0x00000000271d0000)]
  0x000000001ab16800 JavaThread "jar transforms Thread 58" [_thread_blocked, id=7692, stack(0x0000000026fd0000,0x00000000270d0000)]
  0x000000001ab1a000 JavaThread "jar transforms Thread 57" [_thread_blocked, id=10356, stack(0x0000000026ed0000,0x0000000026fd0000)]
  0x000000001ab19800 JavaThread "jar transforms Thread 56" [_thread_blocked, id=5472, stack(0x0000000026dd0000,0x0000000026ed0000)]
  0x000000001ab17000 JavaThread "jar transforms Thread 55" [_thread_blocked, id=5888, stack(0x0000000026cd0000,0x0000000026dd0000)]
  0x000000001ab1b000 JavaThread "jar transforms Thread 54" [_thread_blocked, id=4460, stack(0x0000000023610000,0x0000000023710000)]
  0x000000001e98a800 JavaThread "jar transforms Thread 53" [_thread_blocked, id=856, stack(0x0000000026a40000,0x0000000026b40000)]
  0x000000001e98b000 JavaThread "jar transforms Thread 52" [_thread_blocked, id=1784, stack(0x0000000026940000,0x0000000026a40000)]
  0x000000001e989800 JavaThread "jar transforms Thread 51" [_thread_blocked, id=4748, stack(0x0000000026840000,0x0000000026940000)]
  0x000000001e989000 JavaThread "jar transforms Thread 50" [_thread_blocked, id=8884, stack(0x0000000026740000,0x0000000026840000)]
  0x000000001e988000 JavaThread "jar transforms Thread 49" [_thread_blocked, id=6688, stack(0x0000000026640000,0x0000000026740000)]
  0x000000001e986000 JavaThread "jar transforms Thread 48" [_thread_blocked, id=9656, stack(0x0000000026540000,0x0000000026640000)]
  0x000000001e987800 JavaThread "jar transforms Thread 47" [_thread_blocked, id=13736, stack(0x0000000026440000,0x0000000026540000)]
  0x000000001e986800 JavaThread "jar transforms Thread 46" [_thread_blocked, id=13888, stack(0x0000000026340000,0x0000000026440000)]
  0x000000001e97e000 JavaThread "jar transforms Thread 45" [_thread_blocked, id=12412, stack(0x0000000026240000,0x0000000026340000)]
  0x000000001e984800 JavaThread "jar transforms Thread 44" [_thread_blocked, id=3364, stack(0x0000000026140000,0x0000000026240000)]
  0x000000001e981800 JavaThread "jar transforms Thread 43" [_thread_blocked, id=13724, stack(0x0000000026040000,0x0000000026140000)]
  0x000000001e985000 JavaThread "jar transforms Thread 42" [_thread_blocked, id=7600, stack(0x0000000025f40000,0x0000000026040000)]
  0x000000001e980800 JavaThread "jar transforms Thread 41" [_thread_blocked, id=8844, stack(0x0000000025e40000,0x0000000025f40000)]
  0x000000001e97c800 JavaThread "jar transforms Thread 40" [_thread_blocked, id=13388, stack(0x0000000025d40000,0x0000000025e40000)]
  0x000000001e97d800 JavaThread "jar transforms Thread 39" [_thread_blocked, id=7072, stack(0x0000000025c40000,0x0000000025d40000)]
  0x000000001e983000 JavaThread "jar transforms Thread 38" [_thread_blocked, id=5516, stack(0x0000000025b40000,0x0000000025c40000)]
  0x000000001e97f000 JavaThread "jar transforms Thread 37" [_thread_blocked, id=13144, stack(0x0000000025a40000,0x0000000025b40000)]
  0x000000001e983800 JavaThread "jar transforms Thread 36" [_thread_blocked, id=2472, stack(0x0000000025940000,0x0000000025a40000)]
  0x000000001e97c000 JavaThread "jar transforms Thread 35" [_thread_blocked, id=14112, stack(0x0000000025840000,0x0000000025940000)]
  0x000000001e97f800 JavaThread "jar transforms Thread 34" [_thread_blocked, id=10336, stack(0x0000000025740000,0x0000000025840000)]
  0x000000001e982000 JavaThread "jar transforms Thread 33" [_thread_blocked, id=6356, stack(0x0000000025640000,0x0000000025740000)]
  0x0000000021316000 JavaThread "jar transforms Thread 32" [_thread_blocked, id=5092, stack(0x0000000025540000,0x0000000025640000)]
  0x0000000021316800 JavaThread "jar transforms Thread 31" [_thread_blocked, id=2448, stack(0x0000000025440000,0x0000000025540000)]
  0x0000000021317800 JavaThread "jar transforms Thread 30" [_thread_blocked, id=10160, stack(0x0000000025340000,0x0000000025440000)]
  0x0000000021315000 JavaThread "jar transforms Thread 29" [_thread_blocked, id=12424, stack(0x0000000025240000,0x0000000025340000)]
  0x0000000021314800 JavaThread "jar transforms Thread 28" [_thread_blocked, id=10752, stack(0x0000000025140000,0x0000000025240000)]
  0x000000002130d000 JavaThread "jar transforms Thread 27" [_thread_blocked, id=4812, stack(0x0000000025040000,0x0000000025140000)]
  0x0000000021313800 JavaThread "jar transforms Thread 26" [_thread_blocked, id=9664, stack(0x0000000024f40000,0x0000000025040000)]
  0x0000000021313000 JavaThread "jar transforms Thread 25" [_thread_blocked, id=1616, stack(0x0000000024e40000,0x0000000024f40000)]
  0x0000000021312000 JavaThread "jar transforms Thread 24" [_thread_blocked, id=14104, stack(0x0000000024d40000,0x0000000024e40000)]
  0x0000000021311800 JavaThread "jar transforms Thread 23" [_thread_blocked, id=13916, stack(0x0000000024c40000,0x0000000024d40000)]
  0x000000002130a000 JavaThread "jar transforms Thread 22" [_thread_blocked, id=6724, stack(0x0000000024b40000,0x0000000024c40000)]
  0x0000000021310800 JavaThread "jar transforms Thread 21" [_thread_blocked, id=9392, stack(0x0000000024a40000,0x0000000024b40000)]
  0x000000002130f000 JavaThread "jar transforms Thread 20" [_thread_blocked, id=1524, stack(0x0000000024940000,0x0000000024a40000)]
  0x0000000021310000 JavaThread "jar transforms Thread 19" [_thread_blocked, id=4244, stack(0x0000000024840000,0x0000000024940000)]
  0x000000002130c000 JavaThread "jar transforms Thread 18" [_thread_blocked, id=5848, stack(0x0000000024740000,0x0000000024840000)]
  0x000000002130e800 JavaThread "jar transforms Thread 17" [_thread_blocked, id=1096, stack(0x0000000024640000,0x0000000024740000)]
  0x0000000021308000 JavaThread "jar transforms Thread 16" [_thread_blocked, id=9936, stack(0x0000000024540000,0x0000000024640000)]
  0x000000002130d800 JavaThread "jar transforms Thread 15" [_thread_blocked, id=13968, stack(0x0000000024440000,0x0000000024540000)]
  0x000000002130a800 JavaThread "jar transforms Thread 14" [_thread_blocked, id=8228, stack(0x0000000024340000,0x0000000024440000)]
  0x0000000021309000 JavaThread "jar transforms Thread 13" [_thread_blocked, id=2336, stack(0x0000000024240000,0x0000000024340000)]
  0x000000002130b800 JavaThread "jar transforms Thread 12" [_thread_blocked, id=13240, stack(0x0000000024140000,0x0000000024240000)]
  0x000000001b63e800 JavaThread "jar transforms Thread 11" [_thread_blocked, id=4676, stack(0x0000000024040000,0x0000000024140000)]
  0x000000001b639000 JavaThread "jar transforms Thread 10" [_thread_blocked, id=13336, stack(0x0000000023f40000,0x0000000024040000)]
  0x000000001b63d800 JavaThread "jar transforms Thread 9" [_thread_blocked, id=3836, stack(0x0000000023e40000,0x0000000023f40000)]
  0x000000001b63d000 JavaThread "jar transforms Thread 8" [_thread_blocked, id=13656, stack(0x0000000023d40000,0x0000000023e40000)]
  0x000000001b63c000 JavaThread "jar transforms Thread 7" [_thread_blocked, id=7264, stack(0x0000000023c40000,0x0000000023d40000)]
  0x000000001b635800 JavaThread "jar transforms Thread 6" [_thread_blocked, id=7812, stack(0x0000000023b40000,0x0000000023c40000)]
  0x000000001b638800 JavaThread "jar transforms Thread 5" [_thread_blocked, id=9776, stack(0x0000000023a40000,0x0000000023b40000)]
  0x000000001b63a000 JavaThread "jar transforms Thread 4" [_thread_blocked, id=12252, stack(0x0000000023940000,0x0000000023a40000)]
  0x000000001b637000 JavaThread "jar transforms Thread 3" [_thread_blocked, id=7888, stack(0x0000000023840000,0x0000000023940000)]
  0x000000001b63b800 JavaThread "jar transforms Thread 2" [_thread_blocked, id=9940, stack(0x0000000023740000,0x0000000023840000)]
  0x000000001b636000 JavaThread "Build operations Thread 8" [_thread_blocked, id=14332, stack(0x00000000232e0000,0x00000000233e0000)]
  0x000000001b637800 JavaThread "Build operations Thread 7" [_thread_blocked, id=3136, stack(0x00000000231e0000,0x00000000232e0000)]
  0x000000001b63a800 JavaThread "Build operations Thread 6" [_thread_blocked, id=1016, stack(0x00000000230e0000,0x00000000231e0000)]
  0x000000001b62f800 JavaThread "Build operations Thread 5" [_thread_blocked, id=6744, stack(0x0000000022fe0000,0x00000000230e0000)]
  0x000000001b634800 JavaThread "Build operations Thread 4" [_thread_blocked, id=6692, stack(0x0000000022ee0000,0x0000000022fe0000)]
  0x000000001b634000 JavaThread "Build operations Thread 3" [_thread_blocked, id=10144, stack(0x0000000022de0000,0x0000000022ee0000)]
  0x000000001b632800 JavaThread "Build operations Thread 2" [_thread_blocked, id=9244, stack(0x0000000022ce0000,0x0000000022de0000)]
  0x000000001b631800 JavaThread "Build operations" [_thread_blocked, id=7364, stack(0x0000000022be0000,0x0000000022ce0000)]
  0x000000001b57c800 JavaThread "Cache worker for file content cache (C:\Users\KimHanbi\.gradle\caches\6.5\fileContent)" [_thread_blocked, id=11180, stack(0x00000000224e0000,0x00000000225e0000)]
  0x000000001b579800 JavaThread "jar transforms" [_thread_blocked, id=14124, stack(0x00000000223e0000,0x00000000224e0000)]
  0x000000001b580800 JavaThread "Cache worker for execution history cache (C:\Users\KimHanbi\.gradle\caches\6.5\executionHistory)" [_thread_blocked, id=9052, stack(0x0000000021bd0000,0x0000000021cd0000)]
  0x000000001b57e000 JavaThread "Cache worker for cache directory md-rule (C:\Users\KimHanbi\.gradle\caches\6.5\md-rule)" [_thread_blocked, id=13628, stack(0x0000000021ad0000,0x0000000021bd0000)]
  0x000000001b57b000 JavaThread "Cache worker for cache directory md-supplier (C:\Users\KimHanbi\.gradle\caches\6.5\md-supplier)" [_thread_blocked, id=10924, stack(0x0000000020770000,0x0000000020870000)]
  0x000000001b57c000 JavaThread "Cache worker for checksums cache (C:\Users\KimHanbi\AndroidStudioProjects\UntactShop\.gradle\checksums)" [_thread_blocked, id=1492, stack(0x0000000020670000,0x0000000020770000)]
  0x000000001b57f800 JavaThread "Cache worker for file hash cache (C:\Users\KimHanbi\AndroidStudioProjects\UntactShop\.gradle\6.5\fileHashes)" [_thread_blocked, id=13232, stack(0x0000000021ee0000,0x0000000021fe0000)]
  0x000000001b57f000 JavaThread "Cache worker for file hash cache (C:\Users\KimHanbi\.gradle\caches\6.5\fileHashes)" [_thread_blocked, id=6212, stack(0x000000001e1d0000,0x000000001e2d0000)]
  0x000000001b57d800 JavaThread "File lock request listener" [_thread_in_native, id=9340, stack(0x000000001e0d0000,0x000000001e1d0000)]
  0x000000001adcc000 JavaThread "Cache worker for journal cache (C:\Users\KimHanbi\.gradle\caches\journal-1)" [_thread_blocked, id=6196, stack(0x000000001dfd0000,0x000000001e0d0000)]
  0x000000001b68e000 JavaThread "Thread-9" [_thread_blocked, id=7556, stack(0x000000001dcd0000,0x000000001ddd0000)]
  0x000000001ae12000 JavaThread "Stdin handler" [_thread_blocked, id=8708, stack(0x000000001dbd0000,0x000000001dcd0000)]
  0x000000001ae11000 JavaThread "Asynchronous log dispatcher for DefaultDaemonConnection: socket connection from /127.0.0.1:8683 to /127.0.0.1:8684" [_thread_blocked, id=8872, stack(0x000000001dad0000,0x000000001dbd0000)]
  0x000000001b692000 JavaThread "Daemon worker" [_thread_in_native, id=10452, stack(0x000000001d9d0000,0x000000001dad0000)]
  0x000000001ac77800 JavaThread "Cancel handler" [_thread_blocked, id=3976, stack(0x000000001d7d0000,0x000000001d8d0000)]
  0x000000001b44e800 JavaThread "Handler for socket connection from /127.0.0.1:8683 to /127.0.0.1:8684" [_thread_in_native, id=12740, stack(0x000000001d6d0000,0x000000001d7d0000)]
  0x000000001ab98800 JavaThread "Daemon" [_thread_blocked, id=14036, stack(0x000000001d5d0000,0x000000001d6d0000)]
  0x000000001ab96000 JavaThread "Daemon periodic checks" [_thread_blocked, id=3840, stack(0x000000001d2d0000,0x000000001d3d0000)]
  0x000000001ab9a000 JavaThread "Incoming local TCP Connector on port 8683" [_thread_in_native, id=10352, stack(0x000000001d0f0000,0x000000001d1f0000)]
  0x000000001a4df000 JavaThread "Daemon health stats" [_thread_blocked, id=1028, stack(0x000000001cdf0000,0x000000001cef0000)]
  0x00000000196ea000 JavaThread "Service Thread" daemon [_thread_blocked, id=6340, stack(0x000000001a250000,0x000000001a350000)]
  0x0000000019665000 JavaThread "C1 CompilerThread3" daemon [_thread_blocked, id=2292, stack(0x000000001a150000,0x000000001a250000)]
  0x000000001965e000 JavaThread "C2 CompilerThread2" daemon [_thread_in_native, id=13436, stack(0x000000001a050000,0x000000001a150000)]
=>0x00000000195f9800 JavaThread "C2 CompilerThread1" daemon [_thread_in_native, id=2772, stack(0x0000000019f50000,0x000000001a050000)]
  0x00000000195f7000 JavaThread "C2 CompilerThread0" daemon [_thread_in_native, id=9884, stack(0x0000000019e50000,0x0000000019f50000)]
  0x00000000195f4000 JavaThread "Attach Listener" daemon [_thread_blocked, id=10140, stack(0x0000000019d50000,0x0000000019e50000)]
  0x00000000177ee800 JavaThread "Signal Dispatcher" daemon [_thread_blocked, id=10844, stack(0x0000000019c50000,0x0000000019d50000)]
  0x00000000195e1800 JavaThread "Finalizer" daemon [_thread_blocked, id=9592, stack(0x0000000019ac0000,0x0000000019bc0000)]
  0x0000000002768000 JavaThread "Reference Handler" daemon [_thread_blocked, id=4656, stack(0x00000000199c0000,0x0000000019ac0000)]
  0x0000000002672800 JavaThread "main" [_thread_blocked, id=11868, stack(0x00000000021c0000,0x00000000022c0000)]

Other Threads:
  0x00000000177d5800 VMThread [stack: 0x00000000194c0000,0x00000000195c0000] [id=7068]
  0x00000000196ea800 WatcherThread [stack: 0x000000001a350000,0x000000001a450000] [id=5880]

VM state:not at safepoint (normal execution)

VM Mutex/Monitor currently owned by a thread: None

heap address: 0x0000000080000000, size: 2048 MB, Compressed Oops mode: 32-bit
Narrow klass base: 0x0000000000000000, Narrow klass shift: 3
Compressed class space size: 1073741824 Address: 0x0000000100000000

Heap:
 PSYoungGen      total 224256K, used 55147K [0x00000000d5580000, 0x00000000e5200000, 0x0000000100000000)
  eden space 205824K, 26% used [0x00000000d5580000,0x00000000d8b5ac28,0x00000000e1e80000)
  from space 18432K, 0% used [0x00000000e3000000,0x00000000e3000000,0x00000000e4200000)
  to   space 17920K, 0% used [0x00000000e1e80000,0x00000000e1e80000,0x00000000e3000000)
 ParOldGen       total 124416K, used 36892K [0x0000000080000000, 0x0000000087980000, 0x00000000d5580000)
  object space 124416K, 29% used [0x0000000080000000,0x0000000082407020,0x0000000087980000)
 Metaspace       used 59998K, capacity 62476K, committed 62552K, reserved 1103872K
  class space    used 8285K, capacity 8808K, committed 8832K, reserved 1048576K

Card table byte_map: [0x0000000011b30000,0x0000000011f40000] byte_map_base: 0x0000000011730000

Marking Bits: (ParMarkBitMap*) 0x00000000743ff030
 Begin Bits: [0x00000000129f0000, 0x00000000149f0000)
 End Bits:   [0x00000000149f0000, 0x00000000169f0000)

Polling page: 0x00000000009c0000

CodeCache: size=245760Kb used=17470Kb max_used=17470Kb free=228289Kb
 bounds [0x0000000002770000, 0x0000000003890000, 0x0000000011770000]
 total_blobs=5759 nmethods=4977 adapters=694
 compilation: enabled

Compilation events (10 events):
Event: 32.716 Thread 0x0000000019665000 nmethod 5448 0x000000000387ae90 code [0x000000000387b000, 0x000000000387b208]
Event: 32.748 Thread 0x0000000019665000 5450       3       jdk.internal.org.objectweb.asm.MethodWriter::endFrame (53 bytes)
Event: 32.750 Thread 0x0000000019665000 nmethod 5450 0x000000000387b2d0 code [0x000000000387b460, 0x000000000387b888]
Event: 32.754 Thread 0x0000000019665000 5451       3       java.util.regex.Pattern$BmpCharProperty::match (50 bytes)
Event: 32.755 Thread 0x0000000019665000 nmethod 5451 0x000000000387b9d0 code [0x000000000387bb60, 0x000000000387c008]
Event: 32.763 Thread 0x0000000019665000 5452       3       com.sun.org.apache.xerces.internal.utils.XMLSecurityManager$NameMap::getOldName (18 bytes)
Event: 32.764 Thread 0x0000000019665000 nmethod 5452 0x000000000387c190 code [0x000000000387c300, 0x000000000387c568]
Event: 32.782 Thread 0x0000000019665000 5453       3       com.sun.org.apache.xerces.internal.impl.XMLEntityScanner::scanLiteral (755 bytes)
Event: 32.786 Thread 0x0000000019665000 nmethod 5453 0x000000000387c610 code [0x000000000387c8c0, 0x000000000387de48]
Event: 32.788 Thread 0x0000000019665000 5454       3       com.sun.org.apache.xerces.internal.impl.XMLEntityScanner::scanContent (690 bytes)

GC Heap History (10 events):
Event: 20.046 GC heap before
{Heap before GC invocations=11 (full 2):
 PSYoungGen      total 136704K, used 11262K [0x00000000d5580000, 0x00000000e1b80000, 0x0000000100000000)
  eden space 125440K, 0% used [0x00000000d5580000,0x00000000d5580000,0x00000000dd000000)
  from space 11264K, 99% used [0x00000000dd000000,0x00000000ddaffaf0,0x00000000ddb00000)
  to   space 12800K, 0% used [0x00000000e0f00000,0x00000000e0f00000,0x00000000e1b80000)
 ParOldGen       total 48640K, used 7097K [0x0000000080000000, 0x0000000082f80000, 0x00000000d5580000)
  object space 48640K, 14% used [0x0000000080000000,0x00000000806ee658,0x0000000082f80000)
 Metaspace       used 34250K, capacity 35392K, committed 35416K, reserved 1079296K
  class space    used 4709K, capacity 4973K, committed 4992K, reserved 1048576K
Event: 20.276 GC heap after
Heap after GC invocations=11 (full 2):
 PSYoungGen      total 136704K, used 0K [0x00000000d5580000, 0x00000000e1b80000, 0x0000000100000000)
  eden space 125440K, 0% used [0x00000000d5580000,0x00000000d5580000,0x00000000dd000000)
  from space 11264K, 0% used [0x00000000dd000000,0x00000000dd000000,0x00000000ddb00000)
  to   space 12800K, 0% used [0x00000000e0f00000,0x00000000e0f00000,0x00000000e1b80000)
 ParOldGen       total 77312K, used 17713K [0x0000000080000000, 0x0000000084b80000, 0x00000000d5580000)
  object space 77312K, 22% used [0x0000000080000000,0x000000008114c5e0,0x0000000084b80000)
 Metaspace       used 34250K, capacity 35392K, committed 35416K, reserved 1079296K
  class space    used 4709K, capacity 4973K, committed 4992K, reserved 1048576K
}
Event: 23.074 GC heap before
{Heap before GC invocations=12 (full 2):
 PSYoungGen      total 136704K, used 125440K [0x00000000d5580000, 0x00000000e1b80000, 0x0000000100000000)
  eden space 125440K, 100% used [0x00000000d5580000,0x00000000dd000000,0x00000000dd000000)
  from space 11264K, 0% used [0x00000000dd000000,0x00000000dd000000,0x00000000ddb00000)
  to   space 12800K, 0% used [0x00000000e0f00000,0x00000000e0f00000,0x00000000e1b80000)
 ParOldGen       total 77312K, used 17713K [0x0000000080000000, 0x0000000084b80000, 0x00000000d5580000)
  object space 77312K, 22% used [0x0000000080000000,0x000000008114c5e0,0x0000000084b80000)
 Metaspace       used 38737K, capacity 40510K, committed 40792K, reserved 1085440K
  class space    used 5341K, capacity 5689K, committed 5760K, reserved 1048576K
Event: 23.097 GC heap after
Heap after GC invocations=12 (full 2):
 PSYoungGen      total 171520K, used 9355K [0x00000000d5580000, 0x00000000e1880000, 0x0000000100000000)
  eden space 161792K, 0% used [0x00000000d5580000,0x00000000d5580000,0x00000000df380000)
  from space 9728K, 96% used [0x00000000e0f00000,0x00000000e1822d08,0x00000000e1880000)
  to   space 12800K, 0% used [0x00000000dff80000,0x00000000dff80000,0x00000000e0c00000)
 ParOldGen       total 77312K, used 17721K [0x0000000080000000, 0x0000000084b80000, 0x00000000d5580000)
  object space 77312K, 22% used [0x0000000080000000,0x000000008114e5e0,0x0000000084b80000)
 Metaspace       used 38737K, capacity 40510K, committed 40792K, reserved 1085440K
  class space    used 5341K, capacity 5689K, committed 5760K, reserved 1048576K
}
Event: 27.651 GC heap before
{Heap before GC invocations=13 (full 2):
 PSYoungGen      total 171520K, used 171147K [0x00000000d5580000, 0x00000000e1880000, 0x0000000100000000)
  eden space 161792K, 100% used [0x00000000d5580000,0x00000000df380000,0x00000000df380000)
  from space 9728K, 96% used [0x00000000e0f00000,0x00000000e1822d08,0x00000000e1880000)
  to   space 12800K, 0% used [0x00000000dff80000,0x00000000dff80000,0x00000000e0c00000)
 ParOldGen       total 77312K, used 17721K [0x0000000080000000, 0x0000000084b80000, 0x00000000d5580000)
  object space 77312K, 22% used [0x0000000080000000,0x000000008114e5e0,0x0000000084b80000)
 Metaspace       used 51230K, capacity 53410K, committed 53720K, reserved 1095680K
  class space    used 6869K, capacity 7316K, committed 7424K, reserved 1048576K
Event: 27.709 GC heap after
Heap after GC invocations=13 (full 2):
 PSYoungGen      total 186880K, used 12796K [0x00000000d5580000, 0x00000000e4200000, 0x0000000100000000)
  eden space 174080K, 0% used [0x00000000d5580000,0x00000000d5580000,0x00000000dff80000)
  from space 12800K, 99% used [0x00000000dff80000,0x00000000e0bff320,0x00000000e0c00000)
  to   space 18432K, 0% used [0x00000000e3000000,0x00000000e3000000,0x00000000e4200000)
 ParOldGen       total 77312K, used 28220K [0x0000000080000000, 0x0000000084b80000, 0x00000000d5580000)
  object space 77312K, 36% used [0x0000000080000000,0x0000000081b8f128,0x0000000084b80000)
 Metaspace       used 51230K, capacity 53410K, committed 53720K, reserved 1095680K
  class space    used 6869K, capacity 7316K, committed 7424K, reserved 1048576K
}
Event: 30.294 GC heap before
{Heap before GC invocations=14 (full 2):
 PSYoungGen      total 186880K, used 91584K [0x00000000d5580000, 0x00000000e4200000, 0x0000000100000000)
  eden space 174080K, 45% used [0x00000000d5580000,0x00000000da270e00,0x00000000dff80000)
  from space 12800K, 99% used [0x00000000dff80000,0x00000000e0bff320,0x00000000e0c00000)
  to   space 18432K, 0% used [0x00000000e3000000,0x00000000e3000000,0x00000000e4200000)
 ParOldGen       total 77312K, used 28220K [0x0000000080000000, 0x0000000084b80000, 0x00000000d5580000)
  object space 77312K, 36% used [0x0000000080000000,0x0000000081b8f128,0x0000000084b80000)
 Metaspace       used 56427K, capacity 58814K, committed 58968K, reserved 1099776K
  class space    used 7689K, capacity 8197K, committed 8320K, reserved 1048576K
Event: 30.375 GC heap after
Heap after GC invocations=14 (full 2):
 PSYoungGen      total 224256K, used 9239K [0x00000000d5580000, 0x00000000e5200000, 0x0000000100000000)
  eden space 205824K, 0% used [0x00000000d5580000,0x00000000d5580000,0x00000000e1e80000)
  from space 18432K, 50% used [0x00000000e3000000,0x00000000e3905ce8,0x00000000e4200000)
  to   space 17920K, 0% used [0x00000000e1e80000,0x00000000e1e80000,0x00000000e3000000)
 ParOldGen       total 77312K, used 40968K [0x0000000080000000, 0x0000000084b80000, 0x00000000d5580000)
  object space 77312K, 52% used [0x0000000080000000,0x0000000082802340,0x0000000084b80000)
 Metaspace       used 56427K, capacity 58814K, committed 58968K, reserved 1099776K
  class space    used 7689K, capacity 8197K, committed 8320K, reserved 1048576K
}
Event: 30.375 GC heap before
{Heap before GC invocations=15 (full 3):
 PSYoungGen      total 224256K, used 9239K [0x00000000d5580000, 0x00000000e5200000, 0x0000000100000000)
  eden space 205824K, 0% used [0x00000000d5580000,0x00000000d5580000,0x00000000e1e80000)
  from space 18432K, 50% used [0x00000000e3000000,0x00000000e3905ce8,0x00000000e4200000)
  to   space 17920K, 0% used [0x00000000e1e80000,0x00000000e1e80000,0x00000000e3000000)
 ParOldGen       total 77312K, used 40968K [0x0000000080000000, 0x0000000084b80000, 0x00000000d5580000)
  object space 77312K, 52% used [0x0000000080000000,0x0000000082802340,0x0000000084b80000)
 Metaspace       used 56427K, capacity 58814K, committed 58968K, reserved 1099776K
  class space    used 7689K, capacity 8197K, committed 8320K, reserved 1048576K
Event: 31.139 GC heap after
Heap after GC invocations=15 (full 3):
 PSYoungGen      total 224256K, used 0K [0x00000000d5580000, 0x00000000e5200000, 0x0000000100000000)
  eden space 205824K, 0% used [0x00000000d5580000,0x00000000d5580000,0x00000000e1e80000)
  from space 18432K, 0% used [0x00000000e3000000,0x00000000e3000000,0x00000000e4200000)
  to   space 17920K, 0% used [0x00000000e1e80000,0x00000000e1e80000,0x00000000e3000000)
 ParOldGen       total 124416K, used 36892K [0x0000000080000000, 0x0000000087980000, 0x00000000d5580000)
  object space 124416K, 29% used [0x0000000080000000,0x0000000082407020,0x0000000087980000)
 Metaspace       used 56391K, capacity 58694K, committed 58968K, reserved 1099776K
  class space    used 7678K, capacity 8177K, committed 8320K, reserved 1048576K
}

Deoptimization events (10 events):
Event: 31.306 Thread 0x000000001b692000 Uncommon trap: reason=unstable_if action=reinterpret pc=0x0000000003630070 method=java.util.HashMap.getNode(ILjava/lang/Object;)Ljava/util/HashMap$Node; @ 84
Event: 31.370 Thread 0x000000001b692000 Uncommon trap: reason=unstable_if action=reinterpret pc=0x0000000003166680 method=java.io.WinNTFileSystem.normalize(Ljava/lang/String;)Ljava/lang/String; @ 74
Event: 31.370 Thread 0x000000001b692000 Uncommon trap: reason=unstable_if action=reinterpret pc=0x0000000002cf09a0 method=java.io.WinNTFileSystem.normalize(Ljava/lang/String;II)Ljava/lang/String; @ 103
Event: 31.753 Thread 0x000000001b692000 Uncommon trap: reason=unstable_if action=reinterpret pc=0x0000000003595bfc method=java.util.Properties$LineReader.readLine()I @ 37
Event: 31.866 Thread 0x000000001b692000 Uncommon trap: reason=bimorphic action=maybe_recompile pc=0x00000000034ca3d4 method=java.util.regex.Pattern$5.isSatisfiedBy(I)Z @ 16
Event: 31.866 Thread 0x000000001b692000 Uncommon trap: reason=bimorphic action=maybe_recompile pc=0x00000000034ca3d4 method=java.util.regex.Pattern$5.isSatisfiedBy(I)Z @ 16
Event: 31.866 Thread 0x000000001b692000 Uncommon trap: reason=bimorphic action=maybe_recompile pc=0x00000000034ca3d4 method=java.util.regex.Pattern$5.isSatisfiedBy(I)Z @ 16
Event: 31.866 Thread 0x000000001b692000 Uncommon trap: reason=bimorphic action=maybe_recompile pc=0x00000000034ca3d4 method=java.util.regex.Pattern$5.isSatisfiedBy(I)Z @ 16
Event: 32.754 Thread 0x000000001b692000 Uncommon trap: reason=unstable_if action=reinterpret pc=0x0000000002e50528 method=java.util.regex.Pattern$BmpCharProperty.match(Ljava/util/regex/Matcher;ILjava/lang/CharSequence;)Z @ 34
Event: 32.781 Thread 0x000000001b692000 Uncommon trap: reason=unstable_if action=reinterpret pc=0x0000000003511958 method=com.sun.org.apache.xerces.internal.impl.XMLEntityScanner.scanLiteral(ILcom/sun/org/apache/xerces/internal/xni/XMLString;Z)I @ 660

Classes redefined (0 events):
No events

Internal exceptions (10 events):
Event: 30.283 Thread 0x000000001b692000 Exception <a 'java/lang/ClassNotFoundException': java/lang/IntegerCustomizer> (0x00000000da0c1fe8) thrown at [C:\src\AOSP-openjdk-git\hotspot\src\share\vm\classfile\systemDictionary.cpp, line 210]
Event: 31.156 Thread 0x000000001b692000 Exception <a 'java/lang/ClassNotFoundException': java/lang/BooleanBeanInfo> (0x00000000d55e4970) thrown at [C:\src\AOSP-openjdk-git\hotspot\src\share\vm\classfile\systemDictionary.cpp, line 210]
Event: 31.157 Thread 0x000000001b692000 Exception <a 'java/lang/ClassNotFoundException': java/lang/BooleanCustomizer> (0x00000000d55ee450) thrown at [C:\src\AOSP-openjdk-git\hotspot\src\share\vm\classfile\systemDictionary.cpp, line 210]
Event: 31.426 Thread 0x000000001b692000 Exception <a 'java/lang/NoSuchMethodError': java.lang.Object.lambda$static$0(Ljava/util/Set;Ljava/util/Set;)Z> (0x00000000d5e3cab8) thrown at [C:\src\AOSP-openjdk-git\hotspot\src\share\vm\interpreter\linkResolver.cpp, line 620]
Event: 31.427 Thread 0x000000001b692000 Exception <a 'java/lang/NoSuchMethodError': java.lang.Object.lambda$static$1(Ljava/util/Set;Ljava/util/Set;)Z> (0x00000000d5e3f990) thrown at [C:\src\AOSP-openjdk-git\hotspot\src\share\vm\interpreter\linkResolver.cpp, line 620]
Event: 31.428 Thread 0x000000001b692000 Exception <a 'java/lang/NoSuchMethodError': java.lang.Object.lambda$static$2(Ljava/util/Set;Ljava/util/Set;)Z> (0x00000000d5e424d0) thrown at [C:\src\AOSP-openjdk-git\hotspot\src\share\vm\interpreter\linkResolver.cpp, line 620]
Event: 31.449 Thread 0x000000001b692000 Exception <a 'java/lang/NoSuchMethodError': java.lang.Object.lambda$static$0(Lorg/gradle/api/internal/tasks/TaskDependencyResolveContext;)V> (0x00000000d5ea4fe8) thrown at [C:\src\AOSP-openjdk-git\hotspot\src\share\vm\interpreter\linkResolver.cpp, line 62
Event: 31.798 Thread 0x000000001b692000 Exception <a 'sun/nio/fs/WindowsException'> (0x00000000d6c72b48) thrown at [C:\src\AOSP-openjdk-git\hotspot\src\share\vm\prims\jni.cpp, line 710]
Event: 31.972 Thread 0x000000001b692000 Exception <a 'java/lang/ClassNotFoundException': com/sun/org/glassfish/hk2/osgiresourcelocator/ServiceLoader> (0x00000000d7096b18) thrown at [C:\src\AOSP-openjdk-git\hotspot\src\share\vm\classfile\systemDictionary.cpp, line 210]
Event: 32.144 Thread 0x000000001b692000 Exception <a 'java/lang/NullPointerException'> (0x00000000d7551440) thrown at [C:\src\AOSP-openjdk-git\hotspot\src\share\vm\interpreter\linkResolver.cpp, line 1287]

Events (10 events):
Event: 32.778 loading class com/sun/org/apache/xerces/internal/parsers/AbstractSAXParser$LocatorProxy done
Event: 32.781 Thread 0x000000001b692000 Uncommon trap: trap_request=0xffffff65 fr.pc=0x0000000003511958
Event: 32.781 Thread 0x000000001b692000 DEOPT PACKING pc=0x0000000003511958 sp=0x000000001daca8e0
Event: 32.781 Thread 0x000000001b692000 DEOPT UNPACKING pc=0x00000000027b557b sp=0x000000001daca890 mode 2
Event: 32.782 loading class org/xml/sax/helpers/AttributesImpl
Event: 32.783 loading class org/xml/sax/helpers/AttributesImpl done
Event: 32.786 loading class java/util/regex/Pattern$Behind
Event: 32.787 loading class java/util/regex/Pattern$Behind done
Event: 32.787 loading class java/util/regex/Pattern$Neg
Event: 32.787 loading class java/util/regex/Pattern$Neg done


Dynamic libraries:
0x00007ff639970000 - 0x00007ff6399a1000 	C:\Program Files\Android\Android Studio\jre\bin\java.exe
0x00007ffec1690000 - 0x00007ffec1885000 	C:\WINDOWS\SYSTEM32\ntdll.dll
0x00007ffec0700000 - 0x00007ffec07bd000 	C:\WINDOWS\System32\KERNEL32.DLL
0x00007ffebf3c0000 - 0x00007ffebf689000 	C:\WINDOWS\System32\KERNELBASE.dll
0x00007ffebfda0000 - 0x00007ffebfe4c000 	C:\WINDOWS\System32\ADVAPI32.dll
0x00007ffebfa70000 - 0x00007ffebfb0e000 	C:\WINDOWS\System32\msvcrt.dll
0x00007ffebfc80000 - 0x00007ffebfd1c000 	C:\WINDOWS\System32\sechost.dll
0x00007ffec0560000 - 0x00007ffec068b000 	C:\WINDOWS\System32\RPCRT4.dll
0x00007ffebf8d0000 - 0x00007ffebfa70000 	C:\WINDOWS\System32\USER32.dll
0x00007ffebef50000 - 0x00007ffebef72000 	C:\WINDOWS\System32\win32u.dll
0x00007ffec1550000 - 0x00007ffec157a000 	C:\WINDOWS\System32\GDI32.dll
0x00007ffebef80000 - 0x00007ffebf08b000 	C:\WINDOWS\System32\gdi32full.dll
0x00007ffebf190000 - 0x00007ffebf22d000 	C:\WINDOWS\System32\msvcp_win.dll
0x00007ffebedd0000 - 0x00007ffebeed0000 	C:\WINDOWS\System32\ucrtbase.dll
0x00007ffea0220000 - 0x00007ffea04ba000 	C:\WINDOWS\WinSxS\amd64_microsoft.windows.common-controls_6595b64144ccf1df_6.0.19041.844_none_ca00b6081b84eb1d\COMCTL32.dll
0x00007ffec0160000 - 0x00007ffec0190000 	C:\WINDOWS\System32\IMM32.DLL
0x0000000074770000 - 0x0000000074842000 	C:\Program Files\Android\Android Studio\jre\jre\bin\msvcr100.dll
0x0000000073c30000 - 0x000000007447b000 	C:\Program Files\Android\Android Studio\jre\jre\bin\server\jvm.dll
0x00007ffebffc0000 - 0x00007ffebffc8000 	C:\WINDOWS\System32\PSAPI.DLL
0x00007ffea8710000 - 0x00007ffea8719000 	C:\WINDOWS\SYSTEM32\WSOCK32.dll
0x00007ffebffd0000 - 0x00007ffec003b000 	C:\WINDOWS\System32\WS2_32.dll
0x00007ffeb7320000 - 0x00007ffeb732a000 	C:\WINDOWS\SYSTEM32\VERSION.dll
0x00007ffeb0810000 - 0x00007ffeb0837000 	C:\WINDOWS\SYSTEM32\WINMM.dll
0x00007ffeb97f0000 - 0x00007ffeb97ff000 	C:\Program Files\Android\Android Studio\jre\jre\bin\verify.dll
0x00007ffea1ef0000 - 0x00007ffea1f19000 	C:\Program Files\Android\Android Studio\jre\jre\bin\java.dll
0x00007ffeb02a0000 - 0x00007ffeb02b6000 	C:\Program Files\Android\Android Studio\jre\jre\bin\zip.dll
0x00007ffec07c0000 - 0x00007ffec0f02000 	C:\WINDOWS\System32\SHELL32.dll
0x00007ffebc850000 - 0x00007ffebcfe0000 	C:\WINDOWS\SYSTEM32\windows.storage.dll
0x00007ffec01a0000 - 0x00007ffec04f5000 	C:\WINDOWS\System32\combase.dll
0x00007ffebe770000 - 0x00007ffebe79c000 	C:\WINDOWS\SYSTEM32\Wldp.dll
0x00007ffebf820000 - 0x00007ffebf8ce000 	C:\WINDOWS\System32\SHCORE.dll
0x00007ffec0500000 - 0x00007ffec0555000 	C:\WINDOWS\System32\shlwapi.dll
0x00007ffebed10000 - 0x00007ffebed2f000 	C:\WINDOWS\SYSTEM32\profapi.dll
0x00007ffeafd40000 - 0x00007ffeafd5a000 	C:\Program Files\Android\Android Studio\jre\jre\bin\net.dll
0x00007ffebe4f0000 - 0x00007ffebe55a000 	C:\WINDOWS\system32\mswsock.dll
0x00007ffe9bc50000 - 0x00007ffe9bc63000 	C:\Program Files\Android\Android Studio\jre\jre\bin\nio.dll
0x00007ffe98a50000 - 0x00007ffe98a77000 	C:\Users\KimHanbi\.gradle\native\f6784746aeab05261644944871eae4fe03e0ef1612fff0a4a95f87b438bc6780\windows-amd64\native-platform.dll
0x00007ffeac2a0000 - 0x00007ffeac2ad000 	C:\Program Files\Android\Android Studio\jre\jre\bin\management.dll
0x00007ffebe6c0000 - 0x00007ffebe6d8000 	C:\WINDOWS\SYSTEM32\CRYPTSP.dll
0x00007ffebde90000 - 0x00007ffebdec4000 	C:\WINDOWS\system32\rsaenh.dll
0x00007ffebf230000 - 0x00007ffebf257000 	C:\WINDOWS\System32\bcrypt.dll
0x00007ffebec90000 - 0x00007ffebecbe000 	C:\WINDOWS\SYSTEM32\USERENV.dll
0x00007ffebeed0000 - 0x00007ffebef50000 	C:\WINDOWS\System32\bcryptprimitives.dll
0x00007ffebe6e0000 - 0x00007ffebe6ec000 	C:\WINDOWS\SYSTEM32\CRYPTBASE.dll
0x00007ffebe1e0000 - 0x00007ffebe21b000 	C:\WINDOWS\SYSTEM32\IPHLPAPI.DLL
0x00007ffec0190000 - 0x00007ffec0198000 	C:\WINDOWS\System32\NSI.dll
0x00007ffeb8c10000 - 0x00007ffeb8c27000 	C:\WINDOWS\SYSTEM32\dhcpcsvc6.DLL
0x00007ffeb8bf0000 - 0x00007ffeb8c0d000 	C:\WINDOWS\SYSTEM32\dhcpcsvc.DLL
0x00007ffebe220000 - 0x00007ffebe2eb000 	C:\WINDOWS\SYSTEM32\DNSAPI.dll
0x00007ffeb9aa0000 - 0x00007ffeb9aab000 	C:\WINDOWS\SYSTEM32\WINNSI.DLL

VM Arguments:
jvm_args: -Xmx2048m -Dfile.encoding=UTF-8 -Duser.country=KR -Duser.language=ko -Duser.variant 
java_command: org.gradle.launcher.daemon.bootstrap.GradleDaemon 6.5
java_class_path (initial): C:\Users\KimHanbi\.gradle\wrapper\dists\gradle-6.5-all\2oz4ud9k3tuxjg84bbf55q0tn\gradle-6.5\lib\gradle-launcher-6.5.jar
Launcher Type: SUN_STANDARD

Environment Variables:
JAVA_HOME=C:\Program Files\Java\jdk1.8.0_251
CLASSPATH=%classpath%;;;
PATH=C:\Program Files\Java\jdk1.8.0_251\bin;C:\Program Files (x86)\Common Files\Oracle\Java\javapath;C:\Program Files (x86)\Intel\iCLS Client\;C:\Program Files\Intel\iCLS Client\;C:\WINDOWS\system32;C:\WINDOWS;C:\WINDOWS\System32\Wbem;C:\WINDOWS\System32\WindowsPowerShell\v1.0\;C:\Program Files (x86)\Intel\Intel(R) Management Engine Components\DAL;C:\Program Files\Intel\Intel(R) Management Engine Components\DAL;C:\Program Files (x86)\Intel\Intel(R) Management Engine Components\IPT;C:\Program Files\Intel\Intel(R) Management Engine Components\IPT;C:\Program Files\Intel\WiFi\bin\;C:\Program Files\Common Files\Intel\WirelessCommon\;C:\WINDOWS\System32\OpenSSH\;C:\MinGW\bin;C:\Program Files\Java\jdk1.8.0_251\bin;C:\Program Files\Git\cmd;C:\Program Files\MySQL\MySQL Server 8.0\bin;C:\ProgramData\chocolatey\bin;C:\Program Files\nodejs\;C:\Program Files\MySQL\MySQL Shell 8.0\bin\;C:\Python\Python36\Scripts\;C:\Python\Python36\;C:\Users\KimHanbi\AppData\Local\Microsoft\WindowsApps;C:\Users\KimHanbi\AppData\Local\Programs\Microsoft VS Code\bin;C:\Users\KimHanbi\AppData\Roaming\npm;C:\Program Files\Android\Android Studio\jre\bin;C:\Users\KimHanbi\AppData\Local\gitkraken\bin
USERNAME=KimHanbi
OS=Windows_NT
PROCESSOR_IDENTIFIER=Intel64 Family 6 Model 142 Stepping 10, GenuineIntel



---------------  S Y S T E M  ---------------

OS: Windows 10.0 , 64 bit Build 19041 (10.0.19041.804)

CPU:total 8 (initial active 8) (4 cores per cpu, 2 threads per core) family 6 model 142 stepping 10, cmov, cx8, fxsr, mmx, sse, sse2, sse3, ssse3, sse4.1, sse4.2, popcnt, avx, avx2, aes, clmul, erms, 3dnowpref, lzcnt, ht, tsc, tscinvbit, bmi1, bmi2, adx

Memory: 4k page, physical 8217940k(1024552k free), swap 8217940k(5688k free)

vm_info: OpenJDK 64-Bit Server VM (25.242-b01) for windows-amd64 JRE (1.8.0_242-release-1644-b01), built by "builder" with MS VC++ 10.0 (VS2010)

time: Tue Apr 06 14:06:32 2021
timezone: 대한민국 표준시
elapsed time: 32 seconds (0d 0h 0m 32s)

