#
# There is insufficient memory for the Java Runtime Environment to continue.
# Native memory allocation (malloc) failed to allocate 32744 bytes for ChunkPool::allocate
# Possible reasons:
#   The system is out of physical RAM or swap space
#   The process is running with CompressedOops enabled, and the Java Heap may be blocking the growth of the native heap
# Possible solutions:
#   Reduce memory load on the system
#   Increase physical memory or swap space
#   Check if swap backing store is full
#   Decrease Java heap size (-Xmx/-Xms)
#   Decrease number of Java threads
#   Decrease Java thread stack sizes (-Xss)
#   Set larger code cache with -XX:ReservedCodeCacheSize=
#   JVM is running with Unscaled Compressed Oops mode in which the Java heap is
#     placed in the first 4GB address space. The Java Heap base address is the
#     maximum limit for the native heap growth. Please use -XX:HeapBaseMinAddress
#     to set the Java Heap base and to place the Java Heap above 4GB virtual address.
# This output file may be truncated or incomplete.
#
#  Out of Memory Error (allocation.cpp:272), pid=13988, tid=0x0000000000003698
#
# JRE version: OpenJDK Runtime Environment (8.0_242-b01) (build 1.8.0_242-release-1644-b01)
# Java VM: OpenJDK 64-Bit Server VM (25.242-b01 mixed mode windows-amd64 compressed oops)
# Failed to write core dump. Minidumps are not enabled by default on client versions of Windows
#

---------------  T H R E A D  ---------------

Current thread (0x000000001a4cf800):  JavaThread "C1 CompilerThread3" daemon [_thread_in_native, id=13976, stack(0x000000001afc0000,0x000000001b0c0000)]

Stack: [0x000000001afc0000,0x000000001b0c0000]
[error occurred during error reporting (printing stack bounds), id 0xc0000005]

Native frames: (J=compiled Java code, j=interpreted, Vv=VM code, C=native code)


Current CompileTask:
C1: 175354 16942       3       com.android.tools.r8.ir.optimize.l::k (625 bytes)


---------------  P R O C E S S  ---------------

Java Threads: ( => current thread )
  0x00000000226c4000 JavaThread "WorkerExecutor Queue Thread 9" [_thread_in_vm, id=6424, stack(0x0000000031600000,0x0000000031700000)]
  0x00000000226c7800 JavaThread "WorkerExecutor Queue Thread 7" [_thread_in_Java, id=6964, stack(0x0000000031400000,0x0000000031500000)]
  0x00000000226c7000 JavaThread "WorkerExecutor Queue Thread 6" [_thread_in_vm, id=5464, stack(0x0000000031300000,0x0000000031400000)]
  0x000000001d569800 JavaThread "WorkerExecutor Queue Thread 5" [_thread_in_vm, id=13856, stack(0x0000000031200000,0x0000000031300000)]
  0x0000000020932000 JavaThread "WorkerExecutor Queue Thread 4" [_thread_blocked, id=4796, stack(0x0000000031100000,0x0000000031200000)]
  0x0000000020930000 JavaThread "WorkerExecutor Queue Thread 3" [_thread_blocked, id=7544, stack(0x0000000030600000,0x0000000030700000)]
  0x0000000020936800 JavaThread "ForkJoinPool.commonPool-worker-6" daemon [_thread_blocked, id=10644, stack(0x0000000030f00000,0x0000000031000000)]
  0x0000000020931800 JavaThread "ForkJoinPool.commonPool-worker-5" daemon [_thread_blocked, id=13532, stack(0x0000000030e00000,0x0000000030f00000)]
  0x0000000020936000 JavaThread "ForkJoinPool.commonPool-worker-4" daemon [_thread_blocked, id=9200, stack(0x0000000030d00000,0x0000000030e00000)]
  0x0000000020935000 JavaThread "ForkJoinPool.commonPool-worker-3" daemon [_thread_blocked, id=12480, stack(0x0000000030c00000,0x0000000030d00000)]
  0x0000000020933800 JavaThread "ForkJoinPool.commonPool-worker-2" daemon [_thread_blocked, id=10348, stack(0x0000000030b00000,0x0000000030c00000)]
  0x0000000020933000 JavaThread "ForkJoinPool.commonPool-worker-1" daemon [_thread_blocked, id=10096, stack(0x000000002f8e0000,0x000000002f9e0000)]
  0x0000000020927800 JavaThread "Cache worker for Java compile cache (C:\Users\KimHanbi\AndroidStudioProjects\UntactShop\.gradle\6.5\javaCompile)" [_thread_blocked, id=10472, stack(0x000000002f7e0000,0x000000002f8e0000)]
  0x000000002092e800 JavaThread "Cache worker for Java compile cache (C:\Users\KimHanbi\.gradle\caches\6.5\javaCompile)" [_thread_blocked, id=11908, stack(0x000000002f310000,0x000000002f410000)]
  0x000000002092d800 JavaThread "WorkerExecutor Queue Thread 2" [_thread_blocked, id=10444, stack(0x000000002f480000,0x000000002f580000)]
  0x0000000020928800 JavaThread "stdout" [_thread_in_native, id=712, stack(0x000000002f210000,0x000000002f310000)]
  0x000000002092c000 JavaThread "stderr" [_thread_in_native, id=13744, stack(0x000000002f110000,0x000000002f210000)]
  0x000000001d566800 JavaThread "pool-6-thread-1" [_thread_blocked, id=13808, stack(0x000000002f010000,0x000000002f110000)]
  0x000000001d564800 JavaThread "WorkerExecutor Queue" [_thread_blocked, id=4044, stack(0x000000002ef10000,0x000000002f010000)]
  0x0000000021c26800 JavaThread "Cache worker for execution history cache (C:\Users\KimHanbi\AndroidStudioProjects\UntactShop\.gradle\6.5\executionHistory)" [_thread_blocked, id=1492, stack(0x000000002ee10000,0x000000002ef10000)]
  0x0000000021c2b800 JavaThread "Execution worker for ':' Thread 7" [_thread_blocked, id=12236, stack(0x000000002ed10000,0x000000002ee10000)]
  0x0000000021c20800 JavaThread "Execution worker for ':' Thread 6" [_thread_blocked, id=2124, stack(0x000000002ec10000,0x000000002ed10000)]
  0x0000000021c24000 JavaThread "Execution worker for ':' Thread 5" [_thread_blocked, id=4496, stack(0x000000002eb10000,0x000000002ec10000)]
  0x00000000230cd800 JavaThread "Execution worker for ':' Thread 4" [_thread_blocked, id=3244, stack(0x000000002e810000,0x000000002e910000)]
  0x00000000230cb000 JavaThread "Execution worker for ':' Thread 3" [_thread_blocked, id=13464, stack(0x000000002e710000,0x000000002e810000)]
  0x00000000230ca800 JavaThread "Execution worker for ':' Thread 2" [_thread_blocked, id=4264, stack(0x000000002e610000,0x000000002e710000)]
  0x00000000230c9000 JavaThread "Execution worker for ':'" [_thread_blocked, id=13724, stack(0x000000002e510000,0x000000002e610000)]
  0x00000000230ce000 JavaThread "Cache worker for file content cache (C:\Users\KimHanbi\AndroidStudioProjects\UntactShop\.gradle\6.5\fileContent)" [_thread_blocked, id=6100, stack(0x000000002e410000,0x000000002e510000)]
  0x00000000230cf800 JavaThread "Cache worker for Build Output Cleanup Cache (C:\Users\KimHanbi\AndroidStudioProjects\UntactShop\.gradle\buildOutputCleanup)" [_thread_blocked, id=3564, stack(0x000000002e310000,0x000000002e410000)]
  0x00000000230cc800 JavaThread "Build operations Thread 8" [_thread_blocked, id=8860, stack(0x000000002e210000,0x000000002e310000)]
  0x00000000230cf000 JavaThread "Build operations Thread 7" [_thread_blocked, id=9532, stack(0x000000002e110000,0x000000002e210000)]
  0x00000000230c9800 JavaThread "Build operations Thread 6" [_thread_blocked, id=1748, stack(0x0000000025290000,0x0000000025390000)]
  0x00000000230cc000 JavaThread "Build operations Thread 5" [_thread_blocked, id=8500, stack(0x0000000025190000,0x0000000025290000)]
  0x000000001d5d2000 JavaThread "Build operations Thread 4" [_thread_blocked, id=7396, stack(0x0000000025090000,0x0000000025190000)]
  0x000000001d5d0800 JavaThread "Build operations Thread 3" [_thread_blocked, id=13160, stack(0x0000000024f90000,0x0000000025090000)]
  0x000000001d5d6800 JavaThread "Build operations Thread 2" [_thread_blocked, id=7388, stack(0x0000000024e90000,0x0000000024f90000)]
  0x000000001d5d5800 JavaThread "Build operations" [_thread_blocked, id=4384, stack(0x0000000024d90000,0x0000000024e90000)]
  0x000000001d5d5000 JavaThread "Cache worker for cache directory md-rule (C:\Users\KimHanbi\.gradle\caches\6.5\md-rule)" [_thread_blocked, id=2416, stack(0x0000000024b90000,0x0000000024c90000)]
  0x000000001d5c8000 JavaThread "Cache worker for cache directory md-supplier (C:\Users\KimHanbi\.gradle\caches\6.5\md-supplier)" [_thread_blocked, id=5300, stack(0x0000000024a90000,0x0000000024b90000)]
  0x000000001d5c7800 JavaThread "Cache worker for checksums cache (C:\Users\KimHanbi\AndroidStudioProjects\UntactShop\.gradle\checksums)" [_thread_blocked, id=13332, stack(0x0000000022bf0000,0x0000000022cf0000)]
  0x000000001d5ce000 JavaThread "Cache worker for file hash cache (C:\Users\KimHanbi\AndroidStudioProjects\UntactShop\.gradle\6.5\fileHashes)" [_thread_blocked, id=4996, stack(0x0000000021ae0000,0x0000000021be0000)]
  0x000000001d5c9000 JavaThread "Thread-275" [_thread_blocked, id=10836, stack(0x00000000218e0000,0x00000000219e0000)]
  0x000000001d5cc000 JavaThread "Stdin handler" [_thread_blocked, id=12620, stack(0x000000001eb40000,0x000000001ec40000)]
  0x000000001d5cd800 JavaThread "Asynchronous log dispatcher for DefaultDaemonConnection: socket connection from /127.0.0.1:3413 to /127.0.0.1:3559" [_thread_blocked, id=8704, stack(0x000000001ea40000,0x000000001eb40000)]
  0x000000001d5cc800 JavaThread "Cancel handler" [_thread_blocked, id=12036, stack(0x000000001e940000,0x000000001ea40000)]
  0x000000001d5ca800 JavaThread "Handler for socket connection from /127.0.0.1:3413 to /127.0.0.1:3559" [_thread_in_native, id=11196, stack(0x0000000001640000,0x0000000001740000)]
  0x00000000230c7800 JavaThread "jar transforms Thread 198" [_thread_blocked, id=12392, stack(0x000000002dc10000,0x000000002dd10000)]
  0x00000000230c1000 JavaThread "jar transforms Thread 197" [_thread_blocked, id=7180, stack(0x000000002b990000,0x000000002ba90000)]
  0x00000000230c3800 JavaThread "jar transforms Thread 196" [_thread_blocked, id=3368, stack(0x000000002b490000,0x000000002b590000)]
  0x00000000230c6000 JavaThread "jar transforms Thread 195" [_thread_blocked, id=13060, stack(0x000000002b390000,0x000000002b490000)]
  0x00000000230c8000 JavaThread "jar transforms Thread 194" [_thread_blocked, id=8344, stack(0x000000002b290000,0x000000002b390000)]
  0x00000000230c4000 JavaThread "jar transforms Thread 193" [_thread_blocked, id=8968, stack(0x000000002b190000,0x000000002b290000)]
  0x00000000230c5000 JavaThread "jar transforms Thread 192" [_thread_blocked, id=7492, stack(0x000000002b090000,0x000000002b190000)]
  0x00000000230c6800 JavaThread "jar transforms Thread 191" [_thread_blocked, id=4612, stack(0x000000002af90000,0x000000002b090000)]
  0x00000000230c2000 JavaThread "jar transforms Thread 190" [_thread_blocked, id=7116, stack(0x000000002ae90000,0x000000002af90000)]
  0x0000000023e83000 JavaThread "jar transforms Thread 189" [_thread_blocked, id=9864, stack(0x000000002ac00000,0x000000002ad00000)]
  0x0000000023e7e800 JavaThread "jar transforms Thread 188" [_thread_blocked, id=1436, stack(0x000000002ab00000,0x000000002ac00000)]
  0x0000000023e7e000 JavaThread "jar transforms Thread 187" [_thread_blocked, id=9196, stack(0x000000002aa00000,0x000000002ab00000)]
  0x0000000023e7d000 JavaThread "jar transforms Thread 186" [_thread_blocked, id=8980, stack(0x000000002a900000,0x000000002aa00000)]
  0x0000000023e82800 JavaThread "jar transforms Thread 185" [_thread_blocked, id=8792, stack(0x000000002a800000,0x000000002a900000)]
  0x0000000023e7f800 JavaThread "jar transforms Thread 184" [_thread_blocked, id=8856, stack(0x000000002a700000,0x000000002a800000)]
  0x0000000023e81800 JavaThread "jar transforms Thread 183" [_thread_blocked, id=8276, stack(0x000000002a600000,0x000000002a700000)]
  0x0000000023e80000 JavaThread "jar transforms Thread 182" [_thread_blocked, id=5528, stack(0x000000002a500000,0x000000002a600000)]
  0x0000000023e81000 JavaThread "jar transforms Thread 181" [_thread_blocked, id=3288, stack(0x000000002a400000,0x000000002a500000)]
  0x0000000023e75800 JavaThread "jar transforms Thread 180" [_thread_blocked, id=2392, stack(0x000000002a300000,0x000000002a400000)]
  0x0000000023e7c800 JavaThread "jar transforms Thread 179" [_thread_blocked, id=2080, stack(0x000000002a200000,0x000000002a300000)]
  0x0000000023e7b800 JavaThread "jar transforms Thread 178" [_thread_blocked, id=9880, stack(0x000000002a100000,0x000000002a200000)]
  0x0000000023e74000 JavaThread "jar transforms Thread 177" [_thread_blocked, id=1180, stack(0x000000002a000000,0x000000002a100000)]
  0x0000000023e75000 JavaThread "jar transforms Thread 176" [_thread_blocked, id=9776, stack(0x0000000029f00000,0x000000002a000000)]
  0x0000000023e7b000 JavaThread "jar transforms Thread 175" [_thread_blocked, id=2412, stack(0x0000000029e00000,0x0000000029f00000)]
  0x0000000023e7a000 JavaThread "jar transforms Thread 174" [_thread_blocked, id=2976, stack(0x0000000029d00000,0x0000000029e00000)]
  0x0000000023e79800 JavaThread "jar transforms Thread 173" [_thread_blocked, id=7904, stack(0x0000000029c00000,0x0000000029d00000)]
  0x0000000023e78800 JavaThread "jar transforms Thread 172" [_thread_blocked, id=7880, stack(0x0000000029b00000,0x0000000029c00000)]
  0x0000000023e78000 JavaThread "jar transforms Thread 171" [_thread_blocked, id=13996, stack(0x0000000029a00000,0x0000000029b00000)]
  0x0000000023e77000 JavaThread "jar transforms Thread 170" [_thread_blocked, id=13372, stack(0x0000000029900000,0x0000000029a00000)]
  0x0000000023e76800 JavaThread "jar transforms Thread 169" [_thread_blocked, id=7480, stack(0x0000000029800000,0x0000000029900000)]
  0x000000002220c000 JavaThread "jar transforms Thread 168" [_thread_blocked, id=14128, stack(0x0000000029700000,0x0000000029800000)]
  0x000000002220a800 JavaThread "jar transforms Thread 167" [_thread_blocked, id=8772, stack(0x0000000029600000,0x0000000029700000)]
  0x0000000022209800 JavaThread "jar transforms Thread 166" [_thread_blocked, id=7172, stack(0x0000000029500000,0x0000000029600000)]
  0x0000000022209000 JavaThread "jar transforms Thread 165" [_thread_blocked, id=10932, stack(0x0000000029400000,0x0000000029500000)]
  0x0000000022208000 JavaThread "jar transforms Thread 164" [_thread_blocked, id=6220, stack(0x0000000029300000,0x0000000029400000)]
  0x0000000022206800 JavaThread "jar transforms Thread 163" [_thread_blocked, id=2252, stack(0x0000000029200000,0x0000000029300000)]
  0x000000002220b000 JavaThread "jar transforms Thread 162" [_thread_blocked, id=3724, stack(0x0000000029100000,0x0000000029200000)]
  0x0000000022207800 JavaThread "jar transforms Thread 161" [_thread_blocked, id=14288, stack(0x0000000029000000,0x0000000029100000)]
  0x00000000221ff000 JavaThread "jar transforms Thread 160" [_thread_blocked, id=10896, stack(0x0000000028f00000,0x0000000029000000)]
  0x0000000022206000 JavaThread "jar transforms Thread 159" [_thread_blocked, id=5428, stack(0x0000000028e00000,0x0000000028f00000)]
  0x00000000221fe800 JavaThread "jar transforms Thread 158" [_thread_blocked, id=9364, stack(0x0000000028d00000,0x0000000028e00000)]
  0x0000000022200000 JavaThread "jar transforms Thread 157" [_thread_blocked, id=1364, stack(0x0000000028c00000,0x0000000028d00000)]
  0x0000000022205000 JavaThread "jar transforms Thread 156" [_thread_blocked, id=11036, stack(0x0000000028b00000,0x0000000028c00000)]
  0x0000000022200800 JavaThread "jar transforms Thread 155" [_thread_blocked, id=8708, stack(0x0000000028a00000,0x0000000028b00000)]
  0x0000000022203000 JavaThread "jar transforms Thread 154" [_thread_blocked, id=12452, stack(0x0000000028900000,0x0000000028a00000)]
  0x00000000221fd800 JavaThread "jar transforms Thread 153" [_thread_blocked, id=12248, stack(0x0000000028800000,0x0000000028900000)]
  0x0000000022204800 JavaThread "jar transforms Thread 152" [_thread_blocked, id=13944, stack(0x0000000028700000,0x0000000028800000)]
  0x00000000221fd000 JavaThread "jar transforms Thread 151" [_thread_blocked, id=1448, stack(0x0000000028600000,0x0000000028700000)]
  0x0000000022202000 JavaThread "jar transforms Thread 150" [_thread_blocked, id=8268, stack(0x0000000028500000,0x0000000028600000)]
  0x0000000022203800 JavaThread "jar transforms Thread 149" [_thread_blocked, id=10716, stack(0x0000000028400000,0x0000000028500000)]
  0x0000000022201800 JavaThread "jar transforms Thread 148" [_thread_blocked, id=10176, stack(0x0000000028300000,0x0000000028400000)]
  0x000000001fb93800 JavaThread "jar transforms Thread 147" [_thread_blocked, id=10756, stack(0x0000000028200000,0x0000000028300000)]
  0x000000001fb92000 JavaThread "jar transforms Thread 146" [_thread_blocked, id=8700, stack(0x0000000028100000,0x0000000028200000)]
  0x000000001fb90800 JavaThread "jar transforms Thread 145" [_thread_blocked, id=5936, stack(0x0000000028000000,0x0000000028100000)]
  0x000000001fb91800 JavaThread "jar transforms Thread 144" [_thread_blocked, id=832, stack(0x0000000027f00000,0x0000000028000000)]
  0x000000001fb90000 JavaThread "jar transforms Thread 143" [_thread_blocked, id=13888, stack(0x0000000027e00000,0x0000000027f00000)]
  0x000000001fb93000 JavaThread "jar transforms Thread 142" [_thread_blocked, id=2848, stack(0x0000000027d00000,0x0000000027e00000)]
  0x000000001fb8f000 JavaThread "jar transforms Thread 141" [_thread_blocked, id=1096, stack(0x0000000027c00000,0x0000000027d00000)]
  0x000000001fb8d800 JavaThread "jar transforms Thread 140" [_thread_blocked, id=3776, stack(0x0000000027b00000,0x0000000027c00000)]
  0x000000001fb8e800 JavaThread "jar transforms Thread 139" [_thread_blocked, id=3816, stack(0x0000000027a00000,0x0000000027b00000)]
  0x000000001fb86000 JavaThread "jar transforms Thread 138" [_thread_blocked, id=1912, stack(0x0000000027900000,0x0000000027a00000)]
  0x000000001fb87000 JavaThread "jar transforms Thread 137" [_thread_blocked, id=10944, stack(0x0000000027800000,0x0000000027900000)]
  0x000000001fb8d000 JavaThread "jar transforms Thread 136" [_thread_blocked, id=4232, stack(0x0000000027700000,0x0000000027800000)]
  0x000000001fb85800 JavaThread "jar transforms Thread 135" [_thread_blocked, id=1452, stack(0x0000000027600000,0x0000000027700000)]
  0x000000001fb89000 JavaThread "jar transforms Thread 134" [_thread_blocked, id=13508, stack(0x0000000027500000,0x0000000027600000)]
  0x000000001fb88800 JavaThread "jar transforms Thread 133" [_thread_blocked, id=9192, stack(0x0000000027400000,0x0000000027500000)]
  0x000000001fb8c000 JavaThread "jar transforms Thread 132" [_thread_blocked, id=13184, stack(0x0000000027300000,0x0000000027400000)]
  0x000000001fb84800 JavaThread "jar transforms Thread 131" [_thread_blocked, id=280, stack(0x0000000027200000,0x0000000027300000)]
  0x000000001fb8a800 JavaThread "jar transforms Thread 130" [_thread_blocked, id=11124, stack(0x0000000027100000,0x0000000027200000)]
  0x000000001fb8b800 JavaThread "jar transforms Thread 129" [_thread_blocked, id=9052, stack(0x0000000027000000,0x0000000027100000)]
  0x000000001fb8a000 JavaThread "jar transforms Thread 128" [_thread_blocked, id=14216, stack(0x0000000026f00000,0x0000000027000000)]
  0x000000001fb87800 JavaThread "jar transforms Thread 127" [_thread_blocked, id=2036, stack(0x0000000026e00000,0x0000000026f00000)]
  0x000000001b989800 JavaThread "jar transforms Thread 126" [_thread_blocked, id=2692, stack(0x0000000026d00000,0x0000000026e00000)]
  0x000000001b988000 JavaThread "jar transforms Thread 125" [_thread_blocked, id=10832, stack(0x0000000026c00000,0x0000000026d00000)]
  0x000000001b98d000 JavaThread "jar transforms Thread 124" [_thread_blocked, id=14028, stack(0x0000000026b00000,0x0000000026c00000)]
  0x000000001b98b800 JavaThread "jar transforms Thread 123" [_thread_blocked, id=8128, stack(0x0000000026a00000,0x0000000026b00000)]
  0x000000001b986800 JavaThread "jar transforms Thread 122" [_thread_blocked, id=7356, stack(0x0000000026900000,0x0000000026a00000)]
  0x000000001d56e000 JavaThread "jar transforms Thread 121" [_thread_blocked, id=7100, stack(0x0000000026800000,0x0000000026900000)]
  0x000000001d571000 JavaThread "jar transforms Thread 120" [_thread_blocked, id=10428, stack(0x0000000026700000,0x0000000026800000)]
  0x000000001d570800 JavaThread "jar transforms Thread 119" [_thread_blocked, id=2980, stack(0x0000000026600000,0x0000000026700000)]
  0x000000001d56d800 JavaThread "jar transforms Thread 118" [_thread_blocked, id=9304, stack(0x0000000026500000,0x0000000026600000)]
  0x000000001d566000 JavaThread "jar transforms Thread 117" [_thread_blocked, id=1580, stack(0x0000000026400000,0x0000000026500000)]
  0x000000001d56c800 JavaThread "jar transforms Thread 116" [_thread_blocked, id=6252, stack(0x0000000026300000,0x0000000026400000)]
  0x000000001d565000 JavaThread "jar transforms Thread 115" [_thread_blocked, id=3588, stack(0x0000000026200000,0x0000000026300000)]
  0x000000001d56b000 JavaThread "jar transforms Thread 114" [_thread_blocked, id=12688, stack(0x0000000026100000,0x0000000026200000)]
  0x000000001d56c000 JavaThread "jar transforms Thread 113" [_thread_blocked, id=1960, stack(0x0000000026000000,0x0000000026100000)]
  0x000000001d56a800 JavaThread "jar transforms Thread 112" [_thread_blocked, id=2872, stack(0x0000000025f00000,0x0000000026000000)]
  0x000000001d569000 JavaThread "jar transforms Thread 111" [_thread_blocked, id=13244, stack(0x0000000025e00000,0x0000000025f00000)]
  0x000000001d567800 JavaThread "jar transforms Thread 110" [_thread_blocked, id=3284, stack(0x0000000025d00000,0x0000000025e00000)]
  0x0000000021c29800 JavaThread "jar transforms Thread 109" [_thread_blocked, id=5540, stack(0x0000000025c00000,0x0000000025d00000)]
  0x0000000021c28800 JavaThread "jar transforms Thread 108" [_thread_blocked, id=14308, stack(0x0000000025b00000,0x0000000025c00000)]
  0x0000000021c2f800 JavaThread "jar transforms Thread 107" [_thread_blocked, id=8092, stack(0x0000000025a00000,0x0000000025b00000)]
  0x0000000021c2a000 JavaThread "jar transforms Thread 106" [_thread_blocked, id=13776, stack(0x0000000025900000,0x0000000025a00000)]
  0x0000000021c28000 JavaThread "jar transforms Thread 105" [_thread_blocked, id=14276, stack(0x0000000025800000,0x0000000025900000)]
  0x0000000021c2e000 JavaThread "jar transforms Thread 104" [_thread_blocked, id=1876, stack(0x0000000025700000,0x0000000025800000)]
  0x0000000021c2b000 JavaThread "jar transforms Thread 103" [_thread_blocked, id=10508, stack(0x0000000025600000,0x0000000025700000)]
  0x0000000021c2d000 JavaThread "jar transforms Thread 102" [_thread_blocked, id=3892, stack(0x0000000025500000,0x0000000025600000)]
  0x0000000021c2c800 JavaThread "jar transforms Thread 101" [_thread_blocked, id=13632, stack(0x0000000025400000,0x0000000025500000)]
  0x0000000021c2e800 JavaThread "jar transforms Thread 100" [_thread_blocked, id=7148, stack(0x0000000024c90000,0x0000000024d90000)]
  0x000000001d5d3800 JavaThread "Memory manager" [_thread_blocked, id=7128, stack(0x000000002c890000,0x000000002c990000)]
  0x000000001b98a000 JavaThread "Cache worker for file content cache (C:\Users\KimHanbi\.gradle\caches\6.5\fileContent)" [_thread_blocked, id=13260, stack(0x0000000022cf0000,0x0000000022df0000)]
  0x000000001b987000 JavaThread "Cache worker for execution history cache (C:\Users\KimHanbi\.gradle\caches\6.5\executionHistory)" [_thread_blocked, id=3140, stack(0x00000000219e0000,0x0000000021ae0000)]
  0x000000001b98c800 JavaThread "Cache worker for file hash cache (C:\Users\KimHanbi\.gradle\caches\6.5\fileHashes)" [_thread_blocked, id=5952, stack(0x000000001f040000,0x000000001f140000)]
  0x000000001b988800 JavaThread "File lock request listener" [_thread_in_native, id=10080, stack(0x000000001ef40000,0x000000001f040000)]
  0x000000001b9ea800 JavaThread "Cache worker for journal cache (C:\Users\KimHanbi\.gradle\caches\journal-1)" [_thread_blocked, id=2796, stack(0x000000001ee40000,0x000000001ef40000)]
  0x000000001c595800 JavaThread "Daemon worker" [_thread_blocked, id=1220, stack(0x000000001e840000,0x000000001e940000)]
  0x000000001cdc3000 JavaThread "Daemon" [_thread_blocked, id=720, stack(0x000000001e440000,0x000000001e540000)]
  0x000000001c57c000 JavaThread "Daemon periodic checks" [_thread_blocked, id=432, stack(0x000000001e140000,0x000000001e240000)]
  0x000000001cdca000 JavaThread "Incoming local TCP Connector on port 3413" [_thread_in_native, id=4632, stack(0x000000001df60000,0x000000001e060000)]
  0x000000001ca8d800 JavaThread "Daemon health stats" [_thread_blocked, id=8124, stack(0x000000001dc60000,0x000000001dd60000)]
  0x000000001a509000 JavaThread "Service Thread" daemon [_thread_blocked, id=9980, stack(0x000000001b0c0000,0x000000001b1c0000)]
=>0x000000001a4cf800 JavaThread "C1 CompilerThread3" daemon [_thread_in_native, id=13976, stack(0x000000001afc0000,0x000000001b0c0000)]
  0x000000001a4c9800 JavaThread "C2 CompilerThread2" daemon [_thread_in_native, id=3980, stack(0x000000001aec0000,0x000000001afc0000)]
  0x000000001a4c4000 JavaThread "C2 CompilerThread1" daemon [_thread_in_native, id=3376, stack(0x000000001adc0000,0x000000001aec0000)]
  0x000000001a46a800 JavaThread "C2 CompilerThread0" daemon [_thread_in_native, id=4916, stack(0x000000001acc0000,0x000000001adc0000)]
  0x000000001a4c3000 JavaThread "Attach Listener" daemon [_thread_blocked, id=14248, stack(0x000000001abc0000,0x000000001acc0000)]
  0x000000001a4c2000 JavaThread "Signal Dispatcher" daemon [_thread_blocked, id=4780, stack(0x000000001aac0000,0x000000001abc0000)]
  0x000000001a450800 JavaThread "Finalizer" daemon [_thread_blocked, id=6336, stack(0x000000001a930000,0x000000001aa30000)]
  0x0000000003558800 JavaThread "Reference Handler" daemon [_thread_blocked, id=9588, stack(0x000000001a830000,0x000000001a930000)]
  0x0000000003462800 JavaThread "main" [_thread_blocked, id=10476, stack(0x0000000003000000,0x0000000003100000)]

Other Threads:
  0x0000000018646800 VMThread [stack: 0x000000001a330000,0x000000001a430000] [id=10956]
  0x000000001a509800 WatcherThread [stack: 0x000000001b1c0000,0x000000001b2c0000] [id=13440]

VM state:not at safepoint (normal execution)

VM Mutex/Monitor currently owned by a thread: None

heap address: 0x0000000080000000, size: 2048 MB, Compressed Oops mode: 32-bit
Narrow klass base: 0x0000000000000000, Narrow klass shift: 3
Compressed class space size: 1073741824 Address: 0x0000000100000000

Heap:
 PSYoungGen      total 322560K, used 228069K [0x00000000d5580000, 0x00000000eac00000, 0x0000000100000000)
  eden space 298496K, 76% used [0x00000000d5580000,0x00000000e3439540,0x00000000e7900000)
  from space 24064K, 0% used [0x00000000e9400000,0x00000000e9400000,0x00000000eab80000)
  to   space 26112K, 0% used [0x00000000e7900000,0x00000000e7900000,0x00000000e9280000)
 ParOldGen       total 125440K, used 122414K [0x0000000080000000, 0x0000000087a80000, 0x00000000d5580000)
  object space 125440K, 97% used [0x0000000080000000,0x000000008778bbd8,0x0000000087a80000)
 Metaspace       used 97144K, capacity 102510K, committed 102616K, reserved 1138688K
  class space    used 12717K, capacity 13802K, committed 13824K, reserved 1048576K

Card table byte_map: [0x00000000129a0000,0x0000000012db0000] byte_map_base: 0x00000000125a0000

Marking Bits: (ParMarkBitMap*) 0x0000000073aff030
 Begin Bits: [0x0000000013860000, 0x0000000015860000)
 End Bits:   [0x0000000015860000, 0x0000000017860000)

Polling page: 0x00000000017e0000

CodeCache: size=245760Kb used=46030Kb max_used=46045Kb free=199729Kb
 bounds [0x00000000035e0000, 0x0000000006310000, 0x00000000125e0000]
 total_blobs=14574 nmethods=13668 adapters=817
 compilation: enabled

Compilation events (10 events):
Event: 175.305 Thread 0x000000001a4cf800 16941       3       com.android.tools.r8.q.a.a.b.u0::g (55 bytes)
Event: 175.307 Thread 0x000000001a4cf800 nmethod 16941 0x0000000006300e50 code [0x0000000006301020, 0x0000000006301538]
Event: 175.307 Thread 0x000000001a4cf800 16951       3       com.android.tools.r8.s.a.h.e::a (13 bytes)
Event: 175.307 Thread 0x000000001a4cf800 nmethod 16951 0x0000000006301750 code [0x00000000063018e0, 0x0000000006301c78]
Event: 175.307 Thread 0x000000001a4cf800 16964       1       com.android.tools.r8.t.a.a.a.f.X$d::a (13 bytes)
Event: 175.308 Thread 0x000000001a4cf800 nmethod 16964 0x0000000006301d90 code [0x0000000006301ee0, 0x0000000006302010]
Event: 175.308 Thread 0x000000001a4cf800 16952       3       com.android.tools.r8.s.a.h.e$$Lambda$1425/518201004::test (8 bytes)
Event: 175.310 Thread 0x000000001a4cf800 nmethod 16952 0x0000000006302110 code [0x00000000063022a0, 0x00000000063027b8]
Event: 175.310 Thread 0x000000001a4cf800 16942       3       com.android.tools.r8.ir.optimize.l::k (625 bytes)
Event: 175.346 Thread 0x000000001a46a800 nmethod 16868 0x0000000006306250 code [0x00000000063064c0, 0x0000000006307130]

GC Heap History (10 events):
Event: 137.555 GC heap before
{Heap before GC invocations=18 (full 3):
 PSYoungGen      total 274432K, used 269780K [0x00000000d5580000, 0x00000000e7c00000, 0x0000000100000000)
  eden space 258560K, 100% used [0x00000000d5580000,0x00000000e5200000,0x00000000e5200000)
  from space 15872K, 70% used [0x00000000e6c80000,0x00000000e7775150,0x00000000e7c00000)
  to   space 21504K, 0% used [0x00000000e5200000,0x00000000e5200000,0x00000000e6700000)
 ParOldGen       total 116736K, used 54158K [0x0000000080000000, 0x0000000087200000, 0x00000000d5580000)
  object space 116736K, 46% used [0x0000000080000000,0x00000000834e3ba8,0x0000000087200000)
 Metaspace       used 74858K, capacity 78484K, committed 78680K, reserved 1118208K
  class space    used 9913K, capacity 10582K, committed 10624K, reserved 1048576K
Event: 137.690 GC heap after
Heap after GC invocations=18 (full 3):
 PSYoungGen      total 280064K, used 19655K [0x00000000d5580000, 0x00000000eab80000, 0x0000000100000000)
  eden space 258560K, 0% used [0x00000000d5580000,0x00000000d5580000,0x00000000e5200000)
  from space 21504K, 91% used [0x00000000e5200000,0x00000000e6531c68,0x00000000e6700000)
  to   space 24064K, 0% used [0x00000000e9400000,0x00000000e9400000,0x00000000eab80000)
 ParOldGen       total 116736K, used 54166K [0x0000000080000000, 0x0000000087200000, 0x00000000d5580000)
  object space 116736K, 46% used [0x0000000080000000,0x00000000834e5ba8,0x0000000087200000)
 Metaspace       used 74858K, capacity 78484K, committed 78680K, reserved 1118208K
  class space    used 9913K, capacity 10582K, committed 10624K, reserved 1048576K
}
Event: 153.263 GC heap before
{Heap before GC invocations=19 (full 3):
 PSYoungGen      total 280064K, used 278215K [0x00000000d5580000, 0x00000000eab80000, 0x0000000100000000)
  eden space 258560K, 100% used [0x00000000d5580000,0x00000000e5200000,0x00000000e5200000)
  from space 21504K, 91% used [0x00000000e5200000,0x00000000e6531c68,0x00000000e6700000)
  to   space 24064K, 0% used [0x00000000e9400000,0x00000000e9400000,0x00000000eab80000)
 ParOldGen       total 116736K, used 54166K [0x0000000080000000, 0x0000000087200000, 0x00000000d5580000)
  object space 116736K, 46% used [0x0000000080000000,0x00000000834e5ba8,0x0000000087200000)
 Metaspace       used 76547K, capacity 80206K, committed 80344K, reserved 1118208K
  class space    used 10073K, capacity 10733K, committed 10752K, reserved 1048576K
Event: 153.362 GC heap after
Heap after GC invocations=19 (full 3):
 PSYoungGen      total 322560K, used 20870K [0x00000000d5580000, 0x00000000eac00000, 0x0000000100000000)
  eden space 298496K, 0% used [0x00000000d5580000,0x00000000d5580000,0x00000000e7900000)
  from space 24064K, 86% used [0x00000000e9400000,0x00000000ea861a10,0x00000000eab80000)
  to   space 26112K, 0% used [0x00000000e7900000,0x00000000e7900000,0x00000000e9280000)
 ParOldGen       total 116736K, used 54174K [0x0000000080000000, 0x0000000087200000, 0x00000000d5580000)
  object space 116736K, 46% used [0x0000000080000000,0x00000000834e7ba8,0x0000000087200000)
 Metaspace       used 76547K, capacity 80206K, committed 80344K, reserved 1118208K
  class space    used 10073K, capacity 10733K, committed 10752K, reserved 1048576K
}
Event: 167.960 GC heap before
{Heap before GC invocations=20 (full 3):
 PSYoungGen      total 322560K, used 319366K [0x00000000d5580000, 0x00000000eac00000, 0x0000000100000000)
  eden space 298496K, 100% used [0x00000000d5580000,0x00000000e7900000,0x00000000e7900000)
  from space 24064K, 86% used [0x00000000e9400000,0x00000000ea861a10,0x00000000eab80000)
  to   space 26112K, 0% used [0x00000000e7900000,0x00000000e7900000,0x00000000e9280000)
 ParOldGen       total 116736K, used 54174K [0x0000000080000000, 0x0000000087200000, 0x00000000d5580000)
  object space 116736K, 46% used [0x0000000080000000,0x00000000834e7ba8,0x0000000087200000)
 Metaspace       used 89004K, capacity 92852K, committed 93272K, reserved 1130496K
  class space    used 11314K, capacity 12053K, committed 12160K, reserved 1048576K
Event: 168.148 GC heap after
Heap after GC invocations=20 (full 3):
 PSYoungGen      total 324608K, used 26082K [0x00000000d5580000, 0x00000000eac00000, 0x0000000100000000)
  eden space 298496K, 0% used [0x00000000d5580000,0x00000000d5580000,0x00000000e7900000)
  from space 26112K, 99% used [0x00000000e7900000,0x00000000e9278b00,0x00000000e9280000)
  to   space 24064K, 0% used [0x00000000e9400000,0x00000000e9400000,0x00000000eab80000)
 ParOldGen       total 116736K, used 90227K [0x0000000080000000, 0x0000000087200000, 0x00000000d5580000)
  object space 116736K, 77% used [0x0000000080000000,0x000000008581ced8,0x0000000087200000)
 Metaspace       used 89004K, capacity 92852K, committed 93272K, reserved 1130496K
  class space    used 11314K, capacity 12053K, committed 12160K, reserved 1048576K
}
Event: 169.374 GC heap before
{Heap before GC invocations=21 (full 3):
 PSYoungGen      total 324608K, used 324575K [0x00000000d5580000, 0x00000000eac00000, 0x0000000100000000)
  eden space 298496K, 99% used [0x00000000d5580000,0x00000000e78ff178,0x00000000e7900000)
  from space 26112K, 99% used [0x00000000e7900000,0x00000000e9278b00,0x00000000e9280000)
  to   space 24064K, 0% used [0x00000000e9400000,0x00000000e9400000,0x00000000eab80000)
 ParOldGen       total 116736K, used 90227K [0x0000000080000000, 0x0000000087200000, 0x00000000d5580000)
  object space 116736K, 77% used [0x0000000080000000,0x000000008581ced8,0x0000000087200000)
 Metaspace       used 89015K, capacity 92852K, committed 93272K, reserved 1130496K
  class space    used 11314K, capacity 12053K, committed 12160K, reserved 1048576K
Event: 169.535 GC heap after
Heap after GC invocations=21 (full 3):
 PSYoungGen      total 322560K, used 24033K [0x00000000d5580000, 0x00000000eac00000, 0x0000000100000000)
  eden space 298496K, 0% used [0x00000000d5580000,0x00000000d5580000,0x00000000e7900000)
  from space 24064K, 99% used [0x00000000e9400000,0x00000000eab785a0,0x00000000eab80000)
  to   space 26112K, 0% used [0x00000000e7900000,0x00000000e7900000,0x00000000e9280000)
 ParOldGen       total 125440K, used 124946K [0x0000000080000000, 0x0000000087a80000, 0x00000000d5580000)
  object space 125440K, 99% used [0x0000000080000000,0x0000000087a048f8,0x0000000087a80000)
 Metaspace       used 89015K, capacity 92852K, committed 93272K, reserved 1130496K
  class space    used 11314K, capacity 12053K, committed 12160K, reserved 1048576K
}
Event: 169.535 GC heap before
{Heap before GC invocations=22 (full 4):
 PSYoungGen      total 322560K, used 24033K [0x00000000d5580000, 0x00000000eac00000, 0x0000000100000000)
  eden space 298496K, 0% used [0x00000000d5580000,0x00000000d5580000,0x00000000e7900000)
  from space 24064K, 99% used [0x00000000e9400000,0x00000000eab785a0,0x00000000eab80000)
  to   space 26112K, 0% used [0x00000000e7900000,0x00000000e7900000,0x00000000e9280000)
 ParOldGen       total 125440K, used 124946K [0x0000000080000000, 0x0000000087a80000, 0x00000000d5580000)
  object space 125440K, 99% used [0x0000000080000000,0x0000000087a048f8,0x0000000087a80000)
 Metaspace       used 89015K, capacity 92852K, committed 93272K, reserved 1130496K
  class space    used 11314K, capacity 12053K, committed 12160K, reserved 1048576K
Event: 170.905 GC heap after
Heap after GC invocations=22 (full 4):
 PSYoungGen      total 322560K, used 0K [0x00000000d5580000, 0x00000000eac00000, 0x0000000100000000)
  eden space 298496K, 0% used [0x00000000d5580000,0x00000000d5580000,0x00000000e7900000)
  from space 24064K, 0% used [0x00000000e9400000,0x00000000e9400000,0x00000000eab80000)
  to   space 26112K, 0% used [0x00000000e7900000,0x00000000e7900000,0x00000000e9280000)
 ParOldGen       total 125440K, used 122414K [0x0000000080000000, 0x0000000087a80000, 0x00000000d5580000)
  object space 125440K, 97% used [0x0000000080000000,0x000000008778bbd8,0x0000000087a80000)
 Metaspace       used 88971K, capacity 92716K, committed 93272K, reserved 1130496K
  class space    used 11301K, capacity 12029K, committed 12160K, reserved 1048576K
}

Deoptimization events (10 events):
Event: 174.489 Thread 0x0000000020930000 Uncommon trap: reason=class_check action=maybe_recompile pc=0x00000000057421f0 method=java.util.Spliterators$1Adapter.hasNext()Z @ 12
Event: 174.494 Thread 0x00000000226c7800 Uncommon trap: reason=class_check action=maybe_recompile pc=0x00000000057421f0 method=java.util.Spliterators$1Adapter.hasNext()Z @ 12
Event: 174.926 Thread 0x0000000020930000 Uncommon trap: reason=bimorphic action=maybe_recompile pc=0x0000000006274618 method=com.android.tools.r8.q.a.a.a.v.hash(Ljava/lang/Object;)I @ 8
Event: 174.927 Thread 0x0000000020930000 Uncommon trap: reason=bimorphic action=maybe_recompile pc=0x0000000006274618 method=com.android.tools.r8.q.a.a.a.v.hash(Ljava/lang/Object;)I @ 8
Event: 174.927 Thread 0x0000000020930000 Uncommon trap: reason=bimorphic action=maybe_recompile pc=0x0000000006274618 method=com.android.tools.r8.q.a.a.a.v.hash(Ljava/lang/Object;)I @ 8
Event: 174.927 Thread 0x0000000020930000 Uncommon trap: reason=bimorphic action=maybe_recompile pc=0x0000000006274618 method=com.android.tools.r8.q.a.a.a.v.hash(Ljava/lang/Object;)I @ 8
Event: 174.933 Thread 0x0000000020930000 Uncommon trap: reason=bimorphic action=maybe_recompile pc=0x0000000004fe4780 method=java.util.Collections$UnmodifiableCollection.contains(Ljava/lang/Object;)Z @ 5
Event: 175.029 Thread 0x0000000020930000 Uncommon trap: reason=unloaded action=reinterpret pc=0x00000000039712a4 method=com.android.tools.r8.graph.O0.a(I)V @ 1709
Event: 175.079 Thread 0x0000000020930000 Uncommon trap: reason=unstable_if action=reinterpret pc=0x0000000005b391ac method=com.android.tools.r8.ir.conversion.o.a(ILcom/android/tools/r8/ir/conversion/N;)I @ 85
Event: 175.116 Thread 0x0000000020930000 Uncommon trap: reason=unstable_if action=reinterpret pc=0x0000000005f0db9c method=com.android.tools.r8.ir.conversion.o.a(ILcom/android/tools/r8/graph/Z;)Lcom/android/tools/r8/ir/conversion/n; @ 14

Classes redefined (0 events):
No events

Internal exceptions (10 events):
Event: 171.883 Thread 0x00000000230cd800 Exception <a 'sun/nio/fs/WindowsException'> (0x00000000dc860378) thrown at [C:\src\AOSP-openjdk-git\hotspot\src\share\vm\prims\jni.cpp, line 710]
Event: 171.925 Thread 0x00000000230cd800 Exception <a 'java/lang/NoSuchMethodError': <clinit>> (0x00000000dc8eece0) thrown at [C:\src\AOSP-openjdk-git\hotspot\src\share\vm\prims\jni.cpp, line 1615]
Event: 172.212 Thread 0x0000000020930000 Exception <a 'sun/nio/fs/WindowsException'> (0x00000000ddc4edd0) thrown at [C:\src\AOSP-openjdk-git\hotspot\src\share\vm\prims\jni.cpp, line 710]
Event: 172.873 Thread 0x0000000020930000 Exception <a 'java/lang/IncompatibleClassChangeError': Found class java.lang.Object, but interface was expected> (0x00000000ded3e890) thrown at [C:\src\AOSP-openjdk-git\hotspot\src\share\vm\interpreter\linkResolver.cpp, line 653]
Event: 174.085 Thread 0x0000000020930000 Exception <a 'java/lang/NoSuchMethodError': java.lang.Object.b(Lcom/android/tools/r8/graph/p1$b;)Lcom/android/tools/r8/graph/p1$b;> (0x00000000e1a5a7d0) thrown at [C:\src\AOSP-openjdk-git\hotspot\src\share\vm\interpreter\linkResolver.cpp, line 620]
Event: 174.202 Thread 0x00000000226c4000 Exception <a 'java/lang/NoSuchMethodError': java.lang.Object.lambda$maxBy$1(Ljava/util/Comparator;Ljava/lang/Object;Ljava/lang/Object;)Ljava/lang/Object;> (0x00000000e1b983f8) thrown at [C:\src\AOSP-openjdk-git\hotspot\src\share\vm\interpreter\linkResolve
Event: 174.202 Thread 0x0000000020930000 Exception <a 'java/lang/NoSuchMethodError': java.lang.Object.lambda$maxBy$1(Ljava/util/Comparator;Ljava/lang/Object;Ljava/lang/Object;)Ljava/lang/Object;> (0x00000000e1c09510) thrown at [C:\src\AOSP-openjdk-git\hotspot\src\share\vm\interpreter\linkResolve
Event: 174.202 Thread 0x00000000226c7800 Exception <a 'java/lang/NoSuchMethodError': java.lang.Object.lambda$maxBy$1(Ljava/util/Comparator;Ljava/lang/Object;Ljava/lang/Object;)Ljava/lang/Object;> (0x00000000e1bc2ef8) thrown at [C:\src\AOSP-openjdk-git\hotspot\src\share\vm\interpreter\linkResolve
Event: 174.202 Thread 0x000000001d569800 Exception <a 'java/lang/NoSuchMethodError': java.lang.Object.lambda$maxBy$1(Ljava/util/Comparator;Ljava/lang/Object;Ljava/lang/Object;)Ljava/lang/Object;> (0x00000000e1c28a68) thrown at [C:\src\AOSP-openjdk-git\hotspot\src\share\vm\interpreter\linkResolve
Event: 174.202 Thread 0x00000000226c7000 Exception <a 'java/lang/NoSuchMethodError': java.lang.Object.lambda$maxBy$1(Ljava/util/Comparator;Ljava/lang/Object;Ljava/lang/Object;)Ljava/lang/Object;> (0x00000000e1c5f6e0) thrown at [C:\src\AOSP-openjdk-git\hotspot\src\share\vm\interpreter\linkResolve

Events (10 events):
Event: 175.282 loading class com/android/tools/r8/code/a
Event: 175.282 loading class com/android/tools/r8/code/a done
Event: 175.283 loading class com/android/tools/r8/code/b
Event: 175.283 loading class com/android/tools/r8/code/b done
Event: 175.284 loading class com/android/tools/r8/code/i
Event: 175.284 loading class com/android/tools/r8/code/i done
Event: 175.284 loading class com/android/tools/r8/code/e
Event: 175.284 loading class com/android/tools/r8/code/e done
Event: 175.285 loading class com/android/tools/r8/code/j
Event: 175.285 loading class com/android/tools/r8/code/j done


Dynamic libraries:
0x00007ff682b50000 - 0x00007ff682b81000 	C:\Program Files\Android\Android Studio\jre\bin\java.exe
0x00007ff9377b0000 - 0x00007ff9379a5000 	C:\WINDOWS\SYSTEM32\ntdll.dll
0x00007ff936c40000 - 0x00007ff936cfd000 	C:\WINDOWS\System32\KERNEL32.DLL
0x00007ff934fe0000 - 0x00007ff9352a9000 	C:\WINDOWS\System32\KERNELBASE.dll
0x00007ff935810000 - 0x00007ff9358bc000 	C:\WINDOWS\System32\ADVAPI32.dll
0x00007ff936ba0000 - 0x00007ff936c3e000 	C:\WINDOWS\System32\msvcrt.dll
0x00007ff937310000 - 0x00007ff9373ac000 	C:\WINDOWS\System32\sechost.dll
0x00007ff937640000 - 0x00007ff93776b000 	C:\WINDOWS\System32\RPCRT4.dll
0x00007ff935f40000 - 0x00007ff9360e0000 	C:\WINDOWS\System32\USER32.dll
0x00007ff935510000 - 0x00007ff935532000 	C:\WINDOWS\System32\win32u.dll
0x00007ff9373b0000 - 0x00007ff9373da000 	C:\WINDOWS\System32\GDI32.dll
0x00007ff935700000 - 0x00007ff93580b000 	C:\WINDOWS\System32\gdi32full.dll
0x00007ff934f40000 - 0x00007ff934fdd000 	C:\WINDOWS\System32\msvcp_win.dll
0x00007ff935410000 - 0x00007ff935510000 	C:\WINDOWS\System32\ucrtbase.dll
0x00007ff9167e0000 - 0x00007ff916a7a000 	C:\WINDOWS\WinSxS\amd64_microsoft.windows.common-controls_6595b64144ccf1df_6.0.19041.844_none_ca00b6081b84eb1d\COMCTL32.dll
0x00007ff936330000 - 0x00007ff936360000 	C:\WINDOWS\System32\IMM32.DLL
0x0000000073e70000 - 0x0000000073f42000 	C:\Program Files\Android\Android Studio\jre\jre\bin\msvcr100.dll
0x0000000073330000 - 0x0000000073b7b000 	C:\Program Files\Android\Android Studio\jre\jre\bin\server\jvm.dll
0x00007ff936d70000 - 0x00007ff936d78000 	C:\WINDOWS\System32\PSAPI.DLL
0x00007ff926910000 - 0x00007ff926937000 	C:\WINDOWS\SYSTEM32\WINMM.dll
0x00007ff92d330000 - 0x00007ff92d33a000 	C:\WINDOWS\SYSTEM32\VERSION.dll
0x00007ff91bf80000 - 0x00007ff91bf89000 	C:\WINDOWS\SYSTEM32\WSOCK32.dll
0x00007ff936d00000 - 0x00007ff936d6b000 	C:\WINDOWS\System32\WS2_32.dll
0x00007ff92f990000 - 0x00007ff92f99f000 	C:\Program Files\Android\Android Studio\jre\jre\bin\verify.dll
0x00007ff92f7e0000 - 0x00007ff92f809000 	C:\Program Files\Android\Android Studio\jre\jre\bin\java.dll
0x00007ff92f850000 - 0x00007ff92f866000 	C:\Program Files\Android\Android Studio\jre\jre\bin\zip.dll
0x00007ff936360000 - 0x00007ff936aa2000 	C:\WINDOWS\System32\SHELL32.dll
0x00007ff932970000 - 0x00007ff933100000 	C:\WINDOWS\SYSTEM32\windows.storage.dll
0x00007ff935b30000 - 0x00007ff935e85000 	C:\WINDOWS\System32\combase.dll
0x00007ff934890000 - 0x00007ff9348bc000 	C:\WINDOWS\SYSTEM32\Wldp.dll
0x00007ff9373e0000 - 0x00007ff93748e000 	C:\WINDOWS\System32\SHCORE.dll
0x00007ff936d80000 - 0x00007ff936dd5000 	C:\WINDOWS\System32\shlwapi.dll
0x00007ff934e30000 - 0x00007ff934e4f000 	C:\WINDOWS\SYSTEM32\profapi.dll
0x00007ff92ed80000 - 0x00007ff92ed9a000 	C:\Program Files\Android\Android Studio\jre\jre\bin\net.dll
0x00007ff934610000 - 0x00007ff93467a000 	C:\WINDOWS\system32\mswsock.dll
0x00007ff92d7e0000 - 0x00007ff92d7f3000 	C:\Program Files\Android\Android Studio\jre\jre\bin\nio.dll
0x00007ff911bc0000 - 0x00007ff911be7000 	C:\Users\KimHanbi\.gradle\native\f6784746aeab05261644944871eae4fe03e0ef1612fff0a4a95f87b438bc6780\windows-amd64\native-platform.dll
0x00007ff92f980000 - 0x00007ff92f98d000 	C:\Program Files\Android\Android Studio\jre\jre\bin\management.dll
0x00007ff9347e0000 - 0x00007ff9347f8000 	C:\WINDOWS\SYSTEM32\CRYPTSP.dll
0x00007ff933fb0000 - 0x00007ff933fe4000 	C:\WINDOWS\system32\rsaenh.dll
0x00007ff935540000 - 0x00007ff935567000 	C:\WINDOWS\System32\bcrypt.dll
0x00007ff934db0000 - 0x00007ff934dde000 	C:\WINDOWS\SYSTEM32\USERENV.dll
0x00007ff935680000 - 0x00007ff935700000 	C:\WINDOWS\System32\bcryptprimitives.dll
0x00007ff934800000 - 0x00007ff93480c000 	C:\WINDOWS\SYSTEM32\CRYPTBASE.dll
0x00007ff934300000 - 0x00007ff93433b000 	C:\WINDOWS\SYSTEM32\IPHLPAPI.DLL
0x00007ff936320000 - 0x00007ff936328000 	C:\WINDOWS\System32\NSI.dll
0x00007ff92e7a0000 - 0x00007ff92e7b7000 	C:\WINDOWS\SYSTEM32\dhcpcsvc6.DLL
0x00007ff92e770000 - 0x00007ff92e78d000 	C:\WINDOWS\SYSTEM32\dhcpcsvc.DLL
0x00007ff934340000 - 0x00007ff93440b000 	C:\WINDOWS\SYSTEM32\DNSAPI.dll
0x00007ff92fae0000 - 0x00007ff92faeb000 	C:\WINDOWS\SYSTEM32\WINNSI.DLL
0x00007ff933c20000 - 0x00007ff933c53000 	C:\WINDOWS\SYSTEM32\ntmarta.dll
0x00007ff92c9f0000 - 0x00007ff92ca14000 	C:\Program Files\Android\Android Studio\jre\jre\bin\sunec.dll
0x00007ff92ed70000 - 0x00007ff92ed7b000 	C:\Program Files\Android\Android Studio\jre\jre\bin\sunmscapi.dll
0x00007ff9352b0000 - 0x00007ff93540f000 	C:\WINDOWS\System32\CRYPT32.dll
0x00007ff92d9f0000 - 0x00007ff92d9fa000 	C:\Windows\System32\rasadhlp.dll
0x00007ff92c870000 - 0x00007ff92c8ef000 	C:\WINDOWS\System32\fwpuclnt.dll

VM Arguments:
jvm_args: -Xmx2048m -Dfile.encoding=UTF-8 -Duser.country=KR -Duser.language=ko -Duser.variant 
java_command: org.gradle.launcher.daemon.bootstrap.GradleDaemon 6.5
java_class_path (initial): C:\Users\KimHanbi\.gradle\wrapper\dists\gradle-6.5-all\2oz4ud9k3tuxjg84bbf55q0tn\gradle-6.5\lib\gradle-launcher-6.5.jar
Launcher Type: SUN_STANDARD

Environment Variables:
JAVA_HOME=C:\Program Files\Java\jdk1.8.0_251
CLASSPATH=%classpath%;;;
PATH=C:\Program Files\Java\jdk1.8.0_251\bin;C:\Program Files (x86)\Common Files\Oracle\Java\javapath;C:\Program Files (x86)\Intel\iCLS Client\;C:\Program Files\Intel\iCLS Client\;C:\WINDOWS\system32;C:\WINDOWS;C:\WINDOWS\System32\Wbem;C:\WINDOWS\System32\WindowsPowerShell\v1.0\;C:\Program Files (x86)\Intel\Intel(R) Management Engine Components\DAL;C:\Program Files\Intel\Intel(R) Management Engine Components\DAL;C:\Program Files (x86)\Intel\Intel(R) Management Engine Components\IPT;C:\Program Files\Intel\Intel(R) Management Engine Components\IPT;C:\Program Files\Intel\WiFi\bin\;C:\Program Files\Common Files\Intel\WirelessCommon\;C:\WINDOWS\System32\OpenSSH\;C:\MinGW\bin;C:\Program Files\Java\jdk1.8.0_251\bin;C:\Program Files\Git\cmd;C:\Program Files\MySQL\MySQL Server 8.0\bin;C:\ProgramData\chocolatey\bin;C:\Program Files\nodejs\;C:\Program Files\MySQL\MySQL Shell 8.0\bin\;C:\Python\Python36\Scripts\;C:\Python\Python36\;C:\Users\KimHanbi\AppData\Local\Microsoft\WindowsApps;C:\Users\KimHanbi\AppData\Local\Programs\Microsoft VS Code\bin;C:\Users\KimHanbi\AppData\Roaming\npm;C:\Program Files\Android\Android Studio\jre\bin;C:\Users\KimHanbi\AppData\Local\gitkraken\bin
USERNAME=KimHanbi
OS=Windows_NT
PROCESSOR_IDENTIFIER=Intel64 Family 6 Model 142 Stepping 10, GenuineIntel



---------------  S Y S T E M  ---------------

OS: Windows 10.0 , 64 bit Build 19041 (10.0.19041.804)

CPU:total 8 (initial active 8) (4 cores per cpu, 2 threads per core) family 6 model 142 stepping 10, cmov, cx8, fxsr, mmx, sse, sse2, sse3, ssse3, sse4.1, sse4.2, popcnt, avx, avx2, aes, clmul, erms, 3dnowpref, lzcnt, ht, tsc, tscinvbit, bmi1, bmi2, adx

Memory: 4k page, physical 8217940k(568176k free), swap 8217940k(3572k free)

vm_info: OpenJDK 64-Bit Server VM (25.242-b01) for windows-amd64 JRE (1.8.0_242-release-1644-b01), built by "builder" with MS VC++ 10.0 (VS2010)

time: Wed Apr 07 11:14:59 2021
timezone: 대한민국 표준시
elapsed time: 175 seconds (0d 0h 2m 55s)

