#
# There is insufficient memory for the Java Runtime Environment to continue.
# Native memory allocation (malloc) failed to allocate 65552 bytes for Chunk::new
# Possible reasons:
#   The system is out of physical RAM or swap space
#   The process is running with CompressedOops enabled, and the Java Heap may be blocking the growth of the native heap
# Possible solutions:
#   Reduce memory load on the system
#   Increase physical memory or swap space
#   Check if swap backing store is full
#   Decrease Java heap size (-Xmx/-Xms)
#   Decrease number of Java threads
#   Decrease Java thread stack sizes (-Xss)
#   Set larger code cache with -XX:ReservedCodeCacheSize=
#   JVM is running with Zero Based Compressed Oops mode in which the Java heap is
#     placed in the first 32GB address space. The Java Heap base address is the
#     maximum limit for the native heap growth. Please use -XX:HeapBaseMinAddress
#     to set the Java Heap base and to place the Java Heap above 32GB virtual address.
# This output file may be truncated or incomplete.
#
#  Out of Memory Error (allocation.cpp:389), pid=3148, tid=0x0000000000003584
#
# JRE version: OpenJDK Runtime Environment (8.0_242-b01) (build 1.8.0_242-release-1644-b01)
# Java VM: OpenJDK 64-Bit Server VM (25.242-b01 mixed mode windows-amd64 compressed oops)
# Failed to write core dump. Minidumps are not enabled by default on client versions of Windows
#

---------------  T H R E A D  ---------------

Current thread (0x000000001e307000):  JavaThread "C2 CompilerThread0" daemon [_thread_in_native, id=13700, stack(0x000000001ead0000,0x000000001ebd0000)]

Stack: [0x000000001ead0000,0x000000001ebd0000]
[error occurred during error reporting (printing stack bounds), id 0xc0000005]

Native frames: (J=compiled Java code, j=interpreted, Vv=VM code, C=native code)


Current CompileTask:
C2:4428988 31272       4       com.android.tools.r8.ir.regalloc.a::b (1365 bytes)


---------------  P R O C E S S  ---------------

Java Threads: ( => current thread )
  0x000000001e370000 JavaThread "WorkerExecutor Queue Thread 5" [_thread_blocked, id=1688, stack(0x000000003a070000,0x000000003a170000)]
  0x000000001e36f000 JavaThread "WorkerExecutor Queue Thread 4" [_thread_blocked, id=13760, stack(0x0000000039f70000,0x000000003a070000)]
  0x000000001e36d800 JavaThread "WorkerExecutor Queue Thread 3" [_thread_blocked, id=9572, stack(0x0000000039e70000,0x0000000039f70000)]
  0x000000001e370800 JavaThread "WorkerExecutor Queue Thread 2" [_thread_blocked, id=14576, stack(0x0000000038d70000,0x0000000038e70000)]
  0x000000001e36e800 JavaThread "WorkerExecutor Queue" [_thread_in_native, id=14820, stack(0x0000000038c70000,0x0000000038d70000)]
  0x0000000024ea6800 JavaThread "ForkJoinPool.commonPool-worker-5" daemon [_thread_blocked, id=14252, stack(0x0000000038b70000,0x0000000038c70000)]
  0x0000000024ea3000 JavaThread "ForkJoinPool.commonPool-worker-4" daemon [_thread_blocked, id=13604, stack(0x0000000036b50000,0x0000000036c50000)]
  0x0000000024e9b800 JavaThread "ForkJoinPool.commonPool-worker-3" daemon [_thread_blocked, id=12340, stack(0x0000000035ec0000,0x0000000035fc0000)]
  0x0000000024e9a000 JavaThread "ForkJoinPool.commonPool-worker-2" daemon [_thread_blocked, id=11952, stack(0x00000000358c0000,0x00000000359c0000)]
  0x0000000024ea2000 JavaThread "Keep-Alive-Timer" daemon [_thread_blocked, id=4560, stack(0x0000000035dc0000,0x0000000035ec0000)]
  0x0000000024ea0000 JavaThread "Cache worker for Java compile cache (C:\Users\KimHanbi\AndroidStudioProjects\UntactShop\.gradle\6.5\javaCompile)" [_thread_blocked, id=14512, stack(0x00000000357c0000,0x00000000358c0000)]
  0x0000000024e9d800 JavaThread "Cache worker for execution history cache (C:\Users\KimHanbi\AndroidStudioProjects\UntactShop\.gradle\6.5\executionHistory)" [_thread_blocked, id=6224, stack(0x00000000356c0000,0x00000000357c0000)]
  0x0000000024e98800 JavaThread "Execution worker for ':' Thread 7" [_thread_blocked, id=8048, stack(0x00000000355c0000,0x00000000356c0000)]
  0x000000001fef5000 JavaThread "Execution worker for ':' Thread 6" [_thread_blocked, id=10256, stack(0x00000000354c0000,0x00000000355c0000)]
  0x000000001fef4800 JavaThread "Execution worker for ':' Thread 5" [_thread_blocked, id=13488, stack(0x00000000353c0000,0x00000000354c0000)]
  0x000000001fef3800 JavaThread "Execution worker for ':' Thread 4" [_thread_blocked, id=13720, stack(0x00000000352c0000,0x00000000353c0000)]
  0x000000001fef9800 JavaThread "Execution worker for ':' Thread 3" [_thread_blocked, id=8184, stack(0x0000000034fc0000,0x00000000350c0000)]
  0x000000001fef2000 JavaThread "Execution worker for ':' Thread 2" [_thread_blocked, id=2256, stack(0x0000000034ec0000,0x0000000034fc0000)]
  0x000000001fef3000 JavaThread "Execution worker for ':'" [_thread_blocked, id=1660, stack(0x0000000034dc0000,0x0000000034ec0000)]
  0x000000001fef7800 JavaThread "Cache worker for file content cache (C:\Users\KimHanbi\AndroidStudioProjects\UntactShop\.gradle\6.5\fileContent)" [_thread_blocked, id=6240, stack(0x0000000034cc0000,0x0000000034dc0000)]
  0x000000001fef6000 JavaThread "Cache worker for Build Output Cleanup Cache (C:\Users\KimHanbi\AndroidStudioProjects\UntactShop\.gradle\buildOutputCleanup)" [_thread_blocked, id=7120, stack(0x0000000034bc0000,0x0000000034cc0000)]
  0x000000001fef8000 JavaThread "jar transforms Thread 1386" [_thread_blocked, id=15252, stack(0x0000000034ac0000,0x0000000034bc0000)]
  0x000000001fef9000 JavaThread "jar transforms Thread 1385" [_thread_blocked, id=13192, stack(0x00000000349c0000,0x0000000034ac0000)]
  0x000000001fef0000 JavaThread "jar transforms Thread 1384" [_thread_blocked, id=2496, stack(0x00000000348c0000,0x00000000349c0000)]
  0x000000001feea800 JavaThread "jar transforms Thread 1383" [_thread_blocked, id=10228, stack(0x00000000347c0000,0x00000000348c0000)]
  0x000000001fef0800 JavaThread "jar transforms Thread 1382" [_thread_blocked, id=8640, stack(0x00000000346c0000,0x00000000347c0000)]
  0x00000000234ad800 JavaThread "jar transforms Thread 1381" [_thread_blocked, id=2308, stack(0x00000000345c0000,0x00000000346c0000)]
  0x00000000234ad000 JavaThread "jar transforms Thread 1380" [_thread_blocked, id=2620, stack(0x00000000344c0000,0x00000000345c0000)]
  0x00000000234ac000 JavaThread "jar transforms Thread 1379" [_thread_blocked, id=11492, stack(0x00000000343c0000,0x00000000344c0000)]
  0x00000000234ab800 JavaThread "jar transforms Thread 1378" [_thread_blocked, id=4440, stack(0x00000000342c0000,0x00000000343c0000)]
  0x00000000234a4000 JavaThread "jar transforms Thread 1377" [_thread_blocked, id=9416, stack(0x00000000341c0000,0x00000000342c0000)]
  0x00000000234aa000 JavaThread "jar transforms Thread 1376" [_thread_blocked, id=13436, stack(0x0000000033cc0000,0x0000000033dc0000)]
  0x00000000234a2800 JavaThread "jar transforms Thread 1375" [_thread_blocked, id=12944, stack(0x0000000033770000,0x0000000033870000)]
  0x00000000234a9000 JavaThread "jar transforms Thread 1374" [_thread_blocked, id=12632, stack(0x00000000333b0000,0x00000000334b0000)]
  0x00000000234a0000 JavaThread "jar transforms Thread 1373" [_thread_blocked, id=12496, stack(0x00000000332b0000,0x00000000333b0000)]
  0x00000000234a7000 JavaThread "jar transforms Thread 1372" [_thread_blocked, id=13860, stack(0x0000000032fb0000,0x00000000330b0000)]
  0x00000000234a3000 JavaThread "jar transforms Thread 1371" [_thread_blocked, id=8648, stack(0x0000000032eb0000,0x0000000032fb0000)]
  0x00000000234a1000 JavaThread "jar transforms Thread 1370" [_thread_blocked, id=13068, stack(0x00000000327b0000,0x00000000328b0000)]
  0x00000000234a6000 JavaThread "jar transforms Thread 1369" [_thread_blocked, id=14836, stack(0x00000000325b0000,0x00000000326b0000)]
  0x00000000234a5800 JavaThread "jar transforms Thread 1368" [_thread_blocked, id=8456, stack(0x00000000324b0000,0x00000000325b0000)]
  0x00000000234a1800 JavaThread "jar transforms Thread 1367" [_thread_blocked, id=1332, stack(0x00000000323b0000,0x00000000324b0000)]
  0x0000000023e1f000 JavaThread "jar transforms Thread 1366" [_thread_blocked, id=6904, stack(0x00000000322b0000,0x00000000323b0000)]
  0x0000000023e1d000 JavaThread "jar transforms Thread 1365" [_thread_blocked, id=8384, stack(0x00000000321b0000,0x00000000322b0000)]
  0x0000000023e1c000 JavaThread "jar transforms Thread 1364" [_thread_blocked, id=3012, stack(0x00000000320b0000,0x00000000321b0000)]
  0x0000000023e1b800 JavaThread "jar transforms Thread 1363" [_thread_blocked, id=1412, stack(0x0000000031c80000,0x0000000031d80000)]
  0x0000000023e1e800 JavaThread "jar transforms Thread 1362" [_thread_blocked, id=5664, stack(0x0000000031b80000,0x0000000031c80000)]
  0x0000000023e1d800 JavaThread "jar transforms Thread 1361" [_thread_blocked, id=13768, stack(0x0000000031a80000,0x0000000031b80000)]
  0x0000000023e20800 JavaThread "jar transforms Thread 1360" [_thread_blocked, id=10540, stack(0x000000002e740000,0x000000002e840000)]
  0x0000000023e20000 JavaThread "jar transforms Thread 1359" [_thread_blocked, id=12608, stack(0x000000002e1f0000,0x000000002e2f0000)]
  0x0000000023e14000 JavaThread "jar transforms Thread 1358" [_thread_blocked, id=13396, stack(0x000000002e0f0000,0x000000002e1f0000)]
  0x0000000023e16000 JavaThread "jar transforms Thread 1357" [_thread_blocked, id=10664, stack(0x000000002dff0000,0x000000002e0f0000)]
  0x0000000023e15800 JavaThread "jar transforms Thread 1356" [_thread_blocked, id=11968, stack(0x000000002def0000,0x000000002dff0000)]
  0x0000000023e1a800 JavaThread "jar transforms Thread 1355" [_thread_blocked, id=12584, stack(0x000000002ddf0000,0x000000002def0000)]
  0x0000000023e13000 JavaThread "jar transforms Thread 1354" [_thread_blocked, id=6172, stack(0x000000002dcf0000,0x000000002ddf0000)]
  0x0000000023e1a000 JavaThread "jar transforms Thread 1353" [_thread_blocked, id=4464, stack(0x000000002dbf0000,0x000000002dcf0000)]
  0x0000000023e12800 JavaThread "jar transforms Thread 1352" [_thread_blocked, id=684, stack(0x000000002daf0000,0x000000002dbf0000)]
  0x0000000023e17800 JavaThread "jar transforms Thread 1351" [_thread_blocked, id=9196, stack(0x000000002d9f0000,0x000000002daf0000)]
  0x0000000023e17000 JavaThread "jar transforms Thread 1350" [_thread_blocked, id=3440, stack(0x000000002d8f0000,0x000000002d9f0000)]
  0x0000000023e19000 JavaThread "jar transforms Thread 1349" [_thread_blocked, id=5092, stack(0x000000002d7f0000,0x000000002d8f0000)]
  0x0000000023e14800 JavaThread "jar transforms Thread 1348" [_thread_blocked, id=2792, stack(0x000000002d6f0000,0x000000002d7f0000)]
  0x0000000023e2a000 JavaThread "jar transforms Thread 1347" [_thread_blocked, id=12112, stack(0x000000002d5f0000,0x000000002d6f0000)]
  0x0000000023e30800 JavaThread "jar transforms Thread 1346" [_thread_blocked, id=12672, stack(0x000000002d4f0000,0x000000002d5f0000)]
  0x0000000023e30000 JavaThread "jar transforms Thread 1345" [_thread_blocked, id=6252, stack(0x000000002d3f0000,0x000000002d4f0000)]
  0x0000000023e2f000 JavaThread "jar transforms Thread 1344" [_thread_blocked, id=13220, stack(0x000000002d2f0000,0x000000002d3f0000)]
  0x0000000023e2e800 JavaThread "jar transforms Thread 1343" [_thread_blocked, id=12208, stack(0x000000002d1f0000,0x000000002d2f0000)]
  0x0000000023e2a800 JavaThread "jar transforms Thread 1342" [_thread_blocked, id=11132, stack(0x000000002d0f0000,0x000000002d1f0000)]
  0x0000000023e2d800 JavaThread "jar transforms Thread 1341" [_thread_blocked, id=3592, stack(0x000000002cff0000,0x000000002d0f0000)]
  0x0000000023e2d000 JavaThread "jar transforms Thread 1340" [_thread_blocked, id=6212, stack(0x000000002cef0000,0x000000002cff0000)]
  0x0000000023e2c000 JavaThread "jar transforms Thread 1339" [_thread_blocked, id=12992, stack(0x000000002cdf0000,0x000000002cef0000)]
  0x0000000023e24000 JavaThread "jar transforms Thread 1338" [_thread_blocked, id=15084, stack(0x000000002ccf0000,0x000000002cdf0000)]
  0x0000000023e22800 JavaThread "jar transforms Thread 1337" [_thread_blocked, id=2464, stack(0x000000002cbf0000,0x000000002ccf0000)]
  0x0000000023e29000 JavaThread "jar transforms Thread 1336" [_thread_blocked, id=11028, stack(0x000000002caf0000,0x000000002cbf0000)]
  0x0000000023e27000 JavaThread "jar transforms Thread 1335" [_thread_blocked, id=9516, stack(0x000000002c9f0000,0x000000002caf0000)]
  0x0000000023e28800 JavaThread "jar transforms Thread 1334" [_thread_blocked, id=4052, stack(0x000000002c8f0000,0x000000002c9f0000)]
  0x0000000023e27800 JavaThread "jar transforms Thread 1333" [_thread_blocked, id=12848, stack(0x000000002c7f0000,0x000000002c8f0000)]
  0x0000000023e26000 JavaThread "jar transforms Thread 1332" [_thread_blocked, id=12536, stack(0x000000002c6f0000,0x000000002c7f0000)]
  0x0000000023e23000 JavaThread "jar transforms Thread 1331" [_thread_blocked, id=13968, stack(0x000000002c5f0000,0x000000002c6f0000)]
  0x0000000023e25800 JavaThread "jar transforms Thread 1330" [_thread_blocked, id=4404, stack(0x000000002c4f0000,0x000000002c5f0000)]
  0x0000000023e21800 JavaThread "jar transforms Thread 1329" [_thread_blocked, id=10040, stack(0x000000002c3f0000,0x000000002c4f0000)]
  0x0000000025a78800 JavaThread "jar transforms Thread 1328" [_thread_blocked, id=9612, stack(0x000000002c2f0000,0x000000002c3f0000)]
  0x0000000025a79000 JavaThread "jar transforms Thread 1327" [_thread_blocked, id=2980, stack(0x000000002c1f0000,0x000000002c2f0000)]
  0x0000000025a7b800 JavaThread "jar transforms Thread 1326" [_thread_blocked, id=14480, stack(0x000000002c0f0000,0x000000002c1f0000)]
  0x0000000025a7a800 JavaThread "jar transforms Thread 1325" [_thread_blocked, id=980, stack(0x000000002bff0000,0x000000002c0f0000)]
  0x0000000025a7a000 JavaThread "jar transforms Thread 1324" [_thread_blocked, id=7816, stack(0x000000002bef0000,0x000000002bff0000)]
  0x0000000025a77800 JavaThread "jar transforms Thread 1323" [_thread_blocked, id=5052, stack(0x000000002bdf0000,0x000000002bef0000)]
  0x0000000025a7e800 JavaThread "jar transforms Thread 1322" [_thread_blocked, id=9488, stack(0x000000002bcf0000,0x000000002bdf0000)]
  0x0000000025a7d800 JavaThread "jar transforms Thread 1321" [_thread_blocked, id=8992, stack(0x000000002bbf0000,0x000000002bcf0000)]
  0x0000000025a7d000 JavaThread "jar transforms Thread 1320" [_thread_blocked, id=6720, stack(0x000000002baf0000,0x000000002bbf0000)]
  0x0000000025a7c000 JavaThread "jar transforms Thread 1319" [_thread_blocked, id=11296, stack(0x000000002b9f0000,0x000000002baf0000)]
  0x0000000025a70000 JavaThread "jar transforms Thread 1318" [_thread_blocked, id=6632, stack(0x000000002b8f0000,0x000000002b9f0000)]
  0x0000000025a77000 JavaThread "jar transforms Thread 1317" [_thread_blocked, id=15280, stack(0x000000002b7f0000,0x000000002b8f0000)]
  0x0000000025a6f800 JavaThread "jar transforms Thread 1316" [_thread_blocked, id=12220, stack(0x000000002b6f0000,0x000000002b7f0000)]
  0x0000000025a76000 JavaThread "jar transforms Thread 1315" [_thread_blocked, id=14320, stack(0x000000002b5f0000,0x000000002b6f0000)]
  0x0000000025a75800 JavaThread "jar transforms Thread 1314" [_thread_blocked, id=13352, stack(0x000000002b4f0000,0x000000002b5f0000)]
  0x0000000025a71800 JavaThread "jar transforms Thread 1313" [_thread_blocked, id=7932, stack(0x000000002b3f0000,0x000000002b4f0000)]
  0x0000000025a74800 JavaThread "jar transforms Thread 1312" [_thread_blocked, id=14700, stack(0x000000002b2f0000,0x000000002b3f0000)]
  0x0000000025a71000 JavaThread "jar transforms Thread 1311" [_thread_blocked, id=10476, stack(0x000000002b1f0000,0x000000002b2f0000)]
  0x0000000025a74000 JavaThread "jar transforms Thread 1310" [_thread_blocked, id=3832, stack(0x000000002b0f0000,0x000000002b1f0000)]
  0x0000000025a73000 JavaThread "jar transforms Thread 1309" [_thread_blocked, id=11280, stack(0x000000002aff0000,0x000000002b0f0000)]
  0x00000000245b6800 JavaThread "jar transforms Thread 1308" [_thread_blocked, id=4692, stack(0x000000002aef0000,0x000000002aff0000)]
  0x00000000245b5000 JavaThread "jar transforms Thread 1307" [_thread_blocked, id=1912, stack(0x000000002adf0000,0x000000002aef0000)]
  0x00000000245b6000 JavaThread "jar transforms Thread 1306" [_thread_blocked, id=1464, stack(0x000000002acf0000,0x000000002adf0000)]
  0x00000000245ad800 JavaThread "jar transforms Thread 1305" [_thread_blocked, id=12524, stack(0x000000002abf0000,0x000000002acf0000)]
  0x00000000245b4800 JavaThread "jar transforms Thread 1304" [_thread_blocked, id=1496, stack(0x0000000029860000,0x0000000029960000)]
  0x00000000245b3800 JavaThread "jar transforms Thread 1303" [_thread_blocked, id=14648, stack(0x0000000029760000,0x0000000029860000)]
  0x00000000245b2000 JavaThread "jar transforms Thread 1302" [_thread_blocked, id=1548, stack(0x0000000029660000,0x0000000029760000)]
  0x00000000245b0800 JavaThread "jar transforms Thread 1301" [_thread_blocked, id=10840, stack(0x0000000029560000,0x0000000029660000)]
  0x00000000245b3000 JavaThread "jar transforms Thread 1300" [_thread_blocked, id=12564, stack(0x0000000029460000,0x0000000029560000)]
  0x00000000245ac000 JavaThread "jar transforms Thread 1299" [_thread_blocked, id=2680, stack(0x0000000029360000,0x0000000029460000)]
  0x00000000245b0000 JavaThread "jar transforms Thread 1298" [_thread_blocked, id=4216, stack(0x0000000029040000,0x0000000029140000)]
  0x00000000245a9000 JavaThread "jar transforms Thread 1297" [_thread_blocked, id=10608, stack(0x0000000028940000,0x0000000028a40000)]
  0x00000000245a8800 JavaThread "jar transforms Thread 1296" [_thread_blocked, id=13960, stack(0x0000000028840000,0x0000000028940000)]
  0x00000000245af000 JavaThread "jar transforms Thread 1295" [_thread_blocked, id=6356, stack(0x0000000028740000,0x0000000028840000)]
  0x00000000245ab800 JavaThread "jar transforms Thread 1294" [_thread_blocked, id=1008, stack(0x0000000028640000,0x0000000028740000)]
  0x00000000245aa800 JavaThread "jar transforms Thread 1293" [_thread_blocked, id=2200, stack(0x0000000028540000,0x0000000028640000)]
  0x00000000245aa000 JavaThread "jar transforms Thread 1292" [_thread_blocked, id=9328, stack(0x0000000028440000,0x0000000028540000)]
  0x00000000245ae800 JavaThread "jar transforms Thread 1291" [_thread_blocked, id=13112, stack(0x0000000028340000,0x0000000028440000)]
  0x00000000245a7800 JavaThread "jar transforms Thread 1290" [_thread_blocked, id=7876, stack(0x0000000028040000,0x0000000028140000)]
  0x00000000245ad000 JavaThread "jar transforms Thread 1289" [_thread_blocked, id=8644, stack(0x0000000027f40000,0x0000000028040000)]
  0x000000002fc59800 JavaThread "jar transforms Thread 1288" [_thread_blocked, id=13480, stack(0x0000000027e40000,0x0000000027f40000)]
  0x000000002fc59000 JavaThread "Build operations Thread 8" [_thread_blocked, id=13944, stack(0x0000000027d40000,0x0000000027e40000)]
  0x000000002fc56800 JavaThread "Build operations Thread 7" [_thread_blocked, id=13536, stack(0x0000000027c40000,0x0000000027d40000)]
  0x000000002fc5d800 JavaThread "Build operations Thread 6" [_thread_blocked, id=14764, stack(0x0000000027b40000,0x0000000027c40000)]
  0x000000002fc5c800 JavaThread "Build operations Thread 5" [_thread_blocked, id=7892, stack(0x0000000027a40000,0x0000000027b40000)]
  0x000000002fc5c000 JavaThread "Build operations Thread 4" [_thread_blocked, id=9368, stack(0x0000000027940000,0x0000000027a40000)]
  0x000000002fc58000 JavaThread "Build operations Thread 3" [_thread_blocked, id=8428, stack(0x0000000026890000,0x0000000026990000)]
  0x000000002fc5b000 JavaThread "Build operations Thread 2" [_thread_blocked, id=1676, stack(0x0000000026690000,0x0000000026790000)]
  0x000000002fc57800 JavaThread "Build operations" [_thread_blocked, id=15292, stack(0x0000000025540000,0x0000000025640000)]
  0x000000002fc4f000 JavaThread "Cache worker for cache directory md-rule (C:\Users\KimHanbi\.gradle\caches\6.5\md-rule)" [_thread_blocked, id=13424, stack(0x0000000025440000,0x0000000025540000)]
  0x000000002fc55000 JavaThread "Cache worker for cache directory md-supplier (C:\Users\KimHanbi\.gradle\caches\6.5\md-supplier)" [_thread_blocked, id=2252, stack(0x0000000022f70000,0x0000000023070000)]
  0x000000002fc53800 JavaThread "Cache worker for checksums cache (C:\Users\KimHanbi\AndroidStudioProjects\UntactShop\.gradle\checksums)" [_thread_blocked, id=5948, stack(0x0000000022970000,0x0000000022a70000)]
  0x000000002fc52000 JavaThread "Cache worker for file hash cache (C:\Users\KimHanbi\AndroidStudioProjects\UntactShop\.gradle\6.5\fileHashes)" [_thread_blocked, id=132, stack(0x0000000022870000,0x0000000022970000)]
  0x000000002fc50800 JavaThread "Thread-1827" [_thread_blocked, id=13140, stack(0x0000000022770000,0x0000000022870000)]
  0x000000002fc53000 JavaThread "Stdin handler" [_thread_blocked, id=13804, stack(0x0000000022670000,0x0000000022770000)]
  0x000000002fc51800 JavaThread "Asynchronous log dispatcher for DefaultDaemonConnection: socket connection from /127.0.0.1:12563 to /127.0.0.1:8452" [_thread_blocked, id=14308, stack(0x0000000022270000,0x0000000022370000)]
  0x000000002fc56000 JavaThread "Daemon worker Thread 14" [_thread_blocked, id=12844, stack(0x0000000021c90000,0x0000000021d90000)]
  0x000000002fc54800 JavaThread "Cancel handler" [_thread_blocked, id=15352, stack(0x0000000021b90000,0x0000000021c90000)]
  0x000000002fc4e800 JavaThread "Handler for socket connection from /127.0.0.1:12563 to /127.0.0.1:8452" [_thread_in_native, id=10312, stack(0x0000000000a70000,0x0000000000b70000)]
  0x000000002fc50000 JavaThread "Daemon Thread 14" [_thread_blocked, id=8892, stack(0x0000000000870000,0x0000000000970000)]
  0x0000000024ea0800 JavaThread "Cache worker for Java compile cache (C:\Users\KimHanbi\.gradle\caches\6.5\javaCompile)" [_thread_blocked, id=5036, stack(0x0000000000970000,0x0000000000a70000)]
  0x00000000234a7800 JavaThread "Memory manager" [_thread_blocked, id=14004, stack(0x0000000031db0000,0x0000000031eb0000)]
  0x000000001e373000 JavaThread "Cache worker for file content cache (C:\Users\KimHanbi\.gradle\caches\6.5\fileContent)" [_thread_blocked, id=3036, stack(0x0000000027240000,0x0000000027340000)]
  0x000000001e371800 JavaThread "Cache worker for execution history cache (C:\Users\KimHanbi\.gradle\caches\6.5\executionHistory)" [_thread_blocked, id=5228, stack(0x0000000026790000,0x0000000026890000)]
  0x000000001e372000 JavaThread "Cache worker for file hash cache (C:\Users\KimHanbi\.gradle\caches\6.5\fileHashes)" [_thread_blocked, id=15116, stack(0x0000000022e70000,0x0000000022f70000)]
  0x000000001e36d000 JavaThread "File lock request listener" [_thread_in_native, id=14292, stack(0x0000000022d70000,0x0000000022e70000)]
  0x000000001f822000 JavaThread "Cache worker for journal cache (C:\Users\KimHanbi\.gradle\caches\journal-1)" [_thread_blocked, id=15348, stack(0x0000000022c70000,0x0000000022d70000)]
  0x000000001fdab800 JavaThread "Daemon periodic checks" [_thread_blocked, id=2320, stack(0x0000000021f70000,0x0000000022070000)]
  0x000000001fda1800 JavaThread "Incoming local TCP Connector on port 12563" [_thread_in_native, id=14268, stack(0x0000000021d90000,0x0000000021e90000)]
  0x0000000020b51800 JavaThread "Daemon health stats" [_thread_blocked, id=10764, stack(0x0000000021a70000,0x0000000021b70000)]
  0x000000001e409800 JavaThread "Service Thread" daemon [_thread_blocked, id=11384, stack(0x000000001eed0000,0x000000001efd0000)]
  0x000000001e36c000 JavaThread "C1 CompilerThread3" daemon [_thread_blocked, id=14868, stack(0x000000001edd0000,0x000000001eed0000)]
  0x000000001e368000 JavaThread "C2 CompilerThread2" daemon [_thread_in_native, id=14396, stack(0x000000001ecd0000,0x000000001edd0000)]
  0x000000001e30c000 JavaThread "C2 CompilerThread1" daemon [_thread_blocked, id=14260, stack(0x000000001ebd0000,0x000000001ecd0000)]
=>0x000000001e307000 JavaThread "C2 CompilerThread0" daemon [_thread_in_native, id=13700, stack(0x000000001ead0000,0x000000001ebd0000)]
  0x000000001e304000 JavaThread "Attach Listener" daemon [_thread_blocked, id=5108, stack(0x000000001e9d0000,0x000000001ead0000)]
  0x000000001e363000 JavaThread "Signal Dispatcher" daemon [_thread_blocked, id=11976, stack(0x000000001e8d0000,0x000000001e9d0000)]
  0x000000001e2f0800 JavaThread "Finalizer" daemon [_thread_blocked, id=15276, stack(0x000000001e7d0000,0x000000001e8d0000)]
  0x00000000029d9000 JavaThread "Reference Handler" daemon [_thread_blocked, id=10448, stack(0x000000001e6d0000,0x000000001e7d0000)]
  0x00000000028e2800 JavaThread "main" [_thread_blocked, id=1664, stack(0x00000000027e0000,0x00000000028e0000)]

Other Threads:
  0x000000001c4f6800 VMThread [stack: 0x000000001e1d0000,0x000000001e2d0000] [id=14968]
  0x000000001e3d3800 WatcherThread [stack: 0x000000001efd0000,0x000000001f0d0000] [id=14752]

VM state:not at safepoint (normal execution)

VM Mutex/Monitor currently owned by a thread: None

heap address: 0x00000006c0000000, size: 4096 MB, Compressed Oops mode: Zero based, Oop shift amount: 3
Narrow klass base: 0x0000000000000000, Narrow klass shift: 3
Compressed class space size: 1073741824 Address: 0x00000007c0000000

Heap:
 PSYoungGen      total 837632K, used 102327K [0x000000076ab00000, 0x00000007b5600000, 0x00000007c0000000)
  eden space 451584K, 11% used [0x000000076ab00000,0x000000076df69158,0x0000000786400000)
  from space 386048K, 12% used [0x000000079dd00000,0x00000007a0c84ba8,0x00000007b5600000)
  to   space 344064K, 0% used [0x0000000787780000,0x0000000787780000,0x000000079c780000)
 ParOldGen       total 336896K, used 208046K [0x00000006c0000000, 0x00000006d4900000, 0x000000076ab00000)
  object space 336896K, 61% used [0x00000006c0000000,0x00000006ccb2b920,0x00000006d4900000)
 Metaspace       used 109992K, capacity 117270K, committed 136152K, reserved 1169408K
  class space    used 13516K, capacity 14728K, committed 15872K, reserved 1048576K

Card table byte_map: [0x0000000011da0000,0x00000000125b0000] byte_map_base: 0x000000000e7a0000

Marking Bits: (ParMarkBitMap*) 0x000000005e47f030
 Begin Bits: [0x0000000013310000, 0x0000000017310000)
 End Bits:   [0x0000000017310000, 0x000000001b310000)

Polling page: 0x0000000000bb0000

CodeCache: size=245760Kb used=83074Kb max_used=83852Kb free=162685Kb
 bounds [0x00000000029e0000, 0x0000000007c50000, 0x00000000119e0000]
 total_blobs=23555 nmethods=22637 adapters=827
 compilation: enabled

Compilation events (10 events):
Event: 4428.822 Thread 0x000000001e30c000 31285       4       java.util.AbstractCollection::removeAll (49 bytes)
Event: 4428.867 Thread 0x000000001e30c000 nmethod 31285 0x000000000734b690 code [0x000000000734b800, 0x000000000734bd18]
Event: 4428.875 Thread 0x000000001e30c000 31276       4       com.android.tools.r8.graph.c::hasLiveness (26 bytes)
Event: 4428.877 Thread 0x000000001e30c000 nmethod 31276 0x00000000058aca90 code [0x00000000058acbc0, 0x00000000058acc18]
Event: 4428.929 Thread 0x000000001e36c000 31297   !   3       java.nio.file.FileTreeWalker::pop (35 bytes)
Event: 4428.931 Thread 0x000000001e36c000 nmethod 31297 0x000000000639e910 code [0x000000000639eae0, 0x000000000639f128]
Event: 4428.941 Thread 0x000000001e36c000 31298       3       com.android.build.gradle.internal.cxx.logging.PassThroughDeduplicatingLoggingEnvironment::log (42 bytes)
Event: 4428.943 Thread 0x000000001e36c000 nmethod 31298 0x00000000058e24d0 code [0x00000000058e2680, 0x00000000058e2b78]
Event: 4428.943 Thread 0x000000001e36c000 31299       1       com.android.build.gradle.internal.cxx.logging.LoggingMessage::getLevel (5 bytes)
Event: 4428.944 Thread 0x000000001e36c000 nmethod 31299 0x0000000003496190 code [0x00000000034962e0, 0x00000000034963f0]

GC Heap History (10 events):
Event: 4144.623 GC heap before
{Heap before GC invocations=36 (full 5):
 PSYoungGen      total 837632K, used 769706K [0x000000076ab00000, 0x00000007b5600000, 0x00000007c0000000)
  eden space 451584K, 100% used [0x000000076ab00000,0x0000000786400000,0x0000000786400000)
  from space 386048K, 82% used [0x000000079dd00000,0x00000007b13aab08,0x00000007b5600000)
  to   space 344064K, 0% used [0x0000000787780000,0x0000000787780000,0x000000079c780000)
 ParOldGen       total 336896K, used 238995K [0x00000006c0000000, 0x00000006d4900000, 0x000000076ab00000)
  object space 336896K, 70% used [0x00000006c0000000,0x00000006ce964d48,0x00000006d4900000)
 Metaspace       used 124339K, capacity 132132K, committed 132440K, reserved 1165312K
  class space    used 14316K, capacity 15621K, committed 15744K, reserved 1048576K
Event: 4145.036 GC heap after
Heap after GC invocations=36 (full 5):
 PSYoungGen      total 795648K, used 336886K [0x000000076ab00000, 0x00000007b5600000, 0x00000007c0000000)
  eden space 451584K, 0% used [0x000000076ab00000,0x000000076ab00000,0x0000000786400000)
  from space 344064K, 97% used [0x0000000787780000,0x000000079c07d9c8,0x000000079c780000)
  to   space 386048K, 0% used [0x000000079dd00000,0x000000079dd00000,0x00000007b5600000)
 ParOldGen       total 336896K, used 239003K [0x00000006c0000000, 0x00000006d4900000, 0x000000076ab00000)
  object space 336896K, 70% used [0x00000006c0000000,0x00000006ce966d48,0x00000006d4900000)
 Metaspace       used 124339K, capacity 132132K, committed 132440K, reserved 1165312K
  class space    used 14316K, capacity 15621K, committed 15744K, reserved 1048576K
}
Event: 4243.000 GC heap before
{Heap before GC invocations=37 (full 5):
 PSYoungGen      total 795648K, used 788470K [0x000000076ab00000, 0x00000007b5600000, 0x00000007c0000000)
  eden space 451584K, 100% used [0x000000076ab00000,0x0000000786400000,0x0000000786400000)
  from space 344064K, 97% used [0x0000000787780000,0x000000079c07d9c8,0x000000079c780000)
  to   space 386048K, 0% used [0x000000079dd00000,0x000000079dd00000,0x00000007b5600000)
 ParOldGen       total 336896K, used 239003K [0x00000006c0000000, 0x00000006d4900000, 0x000000076ab00000)
  object space 336896K, 70% used [0x00000006c0000000,0x00000006ce966d48,0x00000006d4900000)
 Metaspace       used 126232K, capacity 134066K, committed 134232K, reserved 1167360K
  class space    used 14417K, capacity 15728K, committed 15744K, reserved 1048576K
Event: 4243.482 GC heap after
Heap after GC invocations=37 (full 5):
 PSYoungGen      total 837632K, used 357894K [0x000000076ab00000, 0x00000007b5600000, 0x00000007c0000000)
  eden space 451584K, 0% used [0x000000076ab00000,0x000000076ab00000,0x0000000786400000)
  from space 386048K, 92% used [0x000000079dd00000,0x00000007b3a81bf0,0x00000007b5600000)
  to   space 344064K, 0% used [0x0000000787780000,0x0000000787780000,0x000000079c780000)
 ParOldGen       total 336896K, used 239011K [0x00000006c0000000, 0x00000006d4900000, 0x000000076ab00000)
  object space 336896K, 70% used [0x00000006c0000000,0x00000006ce968d48,0x00000006d4900000)
 Metaspace       used 126232K, capacity 134066K, committed 134232K, reserved 1167360K
  class space    used 14417K, capacity 15728K, committed 15744K, reserved 1048576K
}
Event: 4253.321 GC heap before
{Heap before GC invocations=38 (full 5):
 PSYoungGen      total 837632K, used 809478K [0x000000076ab00000, 0x00000007b5600000, 0x00000007c0000000)
  eden space 451584K, 100% used [0x000000076ab00000,0x0000000786400000,0x0000000786400000)
  from space 386048K, 92% used [0x000000079dd00000,0x00000007b3a81bf0,0x00000007b5600000)
  to   space 344064K, 0% used [0x0000000787780000,0x0000000787780000,0x000000079c780000)
 ParOldGen       total 336896K, used 239011K [0x00000006c0000000, 0x00000006d4900000, 0x000000076ab00000)
  object space 336896K, 70% used [0x00000006c0000000,0x00000006ce968d48,0x00000006d4900000)
 Metaspace       used 128089K, capacity 135924K, committed 136152K, reserved 1169408K
  class space    used 14515K, capacity 15833K, committed 15872K, reserved 1048576K
Event: 4253.900 GC heap after
Heap after GC invocations=38 (full 5):
 PSYoungGen      total 795648K, used 344041K [0x000000076ab00000, 0x00000007b5600000, 0x00000007c0000000)
  eden space 451584K, 0% used [0x000000076ab00000,0x000000076ab00000,0x0000000786400000)
  from space 344064K, 99% used [0x0000000787780000,0x000000079c77a6b0,0x000000079c780000)
  to   space 386048K, 0% used [0x000000079dd00000,0x000000079dd00000,0x00000007b5600000)
 ParOldGen       total 336896K, used 298333K [0x00000006c0000000, 0x00000006d4900000, 0x000000076ab00000)
  object space 336896K, 88% used [0x00000006c0000000,0x00000006d23576f0,0x00000006d4900000)
 Metaspace       used 128089K, capacity 135924K, committed 136152K, reserved 1169408K
  class space    used 14515K, capacity 15833K, committed 15872K, reserved 1048576K
}
Event: 4253.900 GC heap before
{Heap before GC invocations=39 (full 6):
 PSYoungGen      total 795648K, used 344041K [0x000000076ab00000, 0x00000007b5600000, 0x00000007c0000000)
  eden space 451584K, 0% used [0x000000076ab00000,0x000000076ab00000,0x0000000786400000)
  from space 344064K, 99% used [0x0000000787780000,0x000000079c77a6b0,0x000000079c780000)
  to   space 386048K, 0% used [0x000000079dd00000,0x000000079dd00000,0x00000007b5600000)
 ParOldGen       total 336896K, used 298333K [0x00000006c0000000, 0x00000006d4900000, 0x000000076ab00000)
  object space 336896K, 88% used [0x00000006c0000000,0x00000006d23576f0,0x00000006d4900000)
 Metaspace       used 128089K, capacity 135924K, committed 136152K, reserved 1169408K
  class space    used 14515K, capacity 15833K, committed 15872K, reserved 1048576K
Event: 4255.612 GC heap after
Heap after GC invocations=39 (full 6):
 PSYoungGen      total 795648K, used 0K [0x000000076ab00000, 0x00000007b5600000, 0x00000007c0000000)
  eden space 451584K, 0% used [0x000000076ab00000,0x000000076ab00000,0x0000000786400000)
  from space 344064K, 0% used [0x0000000787780000,0x0000000787780000,0x000000079c780000)
  to   space 386048K, 0% used [0x000000079dd00000,0x000000079dd00000,0x00000007b5600000)
 ParOldGen       total 336896K, used 208038K [0x00000006c0000000, 0x00000006d4900000, 0x000000076ab00000)
  object space 336896K, 61% used [0x00000006c0000000,0x00000006ccb29920,0x00000006d4900000)
 Metaspace       used 108103K, capacity 115264K, committed 136152K, reserved 1169408K
  class space    used 13418K, capacity 14621K, committed 15872K, reserved 1048576K
}
Event: 4428.317 GC heap before
{Heap before GC invocations=40 (full 6):
 PSYoungGen      total 795648K, used 451584K [0x000000076ab00000, 0x00000007b5600000, 0x00000007c0000000)
  eden space 451584K, 100% used [0x000000076ab00000,0x0000000786400000,0x0000000786400000)
  from space 344064K, 0% used [0x0000000787780000,0x0000000787780000,0x000000079c780000)
  to   space 386048K, 0% used [0x000000079dd00000,0x000000079dd00000,0x00000007b5600000)
 ParOldGen       total 336896K, used 208038K [0x00000006c0000000, 0x00000006d4900000, 0x000000076ab00000)
  object space 336896K, 61% used [0x00000006c0000000,0x00000006ccb29920,0x00000006d4900000)
 Metaspace       used 109986K, capacity 117266K, committed 136152K, reserved 1169408K
  class space    used 13516K, capacity 14728K, committed 15872K, reserved 1048576K
Event: 4428.391 GC heap after
Heap after GC invocations=40 (full 6):
 PSYoungGen      total 837632K, used 48658K [0x000000076ab00000, 0x00000007b5600000, 0x00000007c0000000)
  eden space 451584K, 0% used [0x000000076ab00000,0x000000076ab00000,0x0000000786400000)
  from space 386048K, 12% used [0x000000079dd00000,0x00000007a0c84ba8,0x00000007b5600000)
  to   space 344064K, 0% used [0x0000000787780000,0x0000000787780000,0x000000079c780000)
 ParOldGen       total 336896K, used 208046K [0x00000006c0000000, 0x00000006d4900000, 0x000000076ab00000)
  object space 336896K, 61% used [0x00000006c0000000,0x00000006ccb2b920,0x00000006d4900000)
 Metaspace       used 109986K, capacity 117266K, committed 136152K, reserved 1169408K
  class space    used 13516K, capacity 14728K, committed 15872K, reserved 1048576K
}

Deoptimization events (10 events):
Event: 4250.881 Thread 0x000000001fef5000 Uncommon trap: reason=class_check action=maybe_recompile pc=0x0000000002cdf1cc method=io.realm.transformer.build.IncrementalBuild.categorizeClassNames(Ljava/util/Collection;Ljava/util/Set;Ljava/util/Set;)V @ 154
Event: 4255.613 Thread 0x0000000020b51800 Uncommon trap: reason=unstable_if action=reinterpret pc=0x0000000005189764 method=org.gradle.launcher.daemon.server.health.gc.GarbageCollectionCheck.run()V @ 100
Event: 4256.818 Thread 0x000000002fc53800 Uncommon trap: reason=unstable_if action=reinterpret pc=0x0000000005b01ff0 method=sun.util.locale.provider.LocaleResources.removeEmptyReferences()V @ 9
Event: 4421.625 Thread 0x000000002fc56000 Uncommon trap: reason=unstable_if action=reinterpret pc=0x000000000382cf34 method=java.lang.ref.SoftReference.get()Ljava/lang/Object; @ 6
Event: 4421.625 Thread 0x000000002fc56000 Uncommon trap: reason=unstable_if action=reinterpret pc=0x000000000336efa8 method=java.lang.ref.SoftReference.get()Ljava/lang/Object; @ 6
Event: 4421.625 Thread 0x000000002fc56000 Uncommon trap: reason=unstable_if action=reinterpret pc=0x0000000006cf09b8 method=java.lang.ref.SoftReference.get()Ljava/lang/Object; @ 6
Event: 4421.626 Thread 0x000000002fc56000 Uncommon trap: reason=unstable_if action=reinterpret pc=0x0000000003117b3c method=java.lang.ref.SoftReference.get()Ljava/lang/Object; @ 6
Event: 4421.626 Thread 0x000000002fc56000 Uncommon trap: reason=unstable_if action=reinterpret pc=0x000000000528fe04 method=java.lang.ref.SoftReference.get()Ljava/lang/Object; @ 6
Event: 4421.652 Thread 0x000000002fc56000 Uncommon trap: reason=unstable_if action=reinterpret pc=0x000000000308c4b4 method=java.lang.ref.SoftReference.get()Ljava/lang/Object; @ 6
Event: 4427.101 Thread 0x000000001fef3000 Uncommon trap: reason=class_check action=maybe_recompile pc=0x0000000002cdf1cc method=io.realm.transformer.build.IncrementalBuild.categorizeClassNames(Ljava/util/Collection;Ljava/util/Set;Ljava/util/Set;)V @ 154

Classes redefined (0 events):
No events

Internal exceptions (10 events):
Event: 4423.336 Thread 0x000000001fef3000 Exception <a 'sun/nio/fs/WindowsException'> (0x000000077854e2f0) thrown at [C:\src\AOSP-openjdk-git\hotspot\src\share\vm\prims\jni.cpp, line 710]
Event: 4426.874 Thread 0x000000001fef3000 Exception <a 'sun/nio/fs/WindowsException'> (0x000000078268c6e8) thrown at [C:\src\AOSP-openjdk-git\hotspot\src\share\vm\prims\jni.cpp, line 710]
Event: 4426.875 Thread 0x000000001fef3000 Exception <a 'sun/nio/fs/WindowsException'> (0x000000078268d400) thrown at [C:\src\AOSP-openjdk-git\hotspot\src\share\vm\prims\jni.cpp, line 710]
Event: 4427.558 Thread 0x000000001fef3000 Exception <a 'java/io/FileNotFoundException'> (0x0000000785bad740) thrown at [C:\src\AOSP-openjdk-git\hotspot\src\share\vm\prims\jni.cpp, line 710]
Event: 4428.567 Thread 0x000000001e36f000 Exception <a 'sun/nio/fs/WindowsException'> (0x000000076c97f990) thrown at [C:\src\AOSP-openjdk-git\hotspot\src\share\vm\prims\jni.cpp, line 710]
Event: 4428.685 Thread 0x000000001e36f000 Exception <a 'sun/nio/fs/WindowsException'> (0x000000076cdcd7e0) thrown at [C:\src\AOSP-openjdk-git\hotspot\src\share\vm\prims\jni.cpp, line 710]
Event: 4428.689 Thread 0x000000001e36f000 Exception <a 'sun/nio/fs/WindowsException'> (0x000000076ce55938) thrown at [C:\src\AOSP-openjdk-git\hotspot\src\share\vm\prims\jni.cpp, line 710]
Event: 4428.692 Thread 0x000000001e36f000 Exception <a 'sun/nio/fs/WindowsException'> (0x000000076ce60a28) thrown at [C:\src\AOSP-openjdk-git\hotspot\src\share\vm\prims\jni.cpp, line 710]
Event: 4428.695 Thread 0x000000001e36f000 Exception <a 'sun/nio/fs/WindowsException'> (0x000000076cee95b8) thrown at [C:\src\AOSP-openjdk-git\hotspot\src\share\vm\prims\jni.cpp, line 710]
Event: 4428.699 Thread 0x000000001e36f000 Exception <a 'sun/nio/fs/WindowsException'> (0x000000076cef42d8) thrown at [C:\src\AOSP-openjdk-git\hotspot\src\share\vm\prims\jni.cpp, line 710]

Events (10 events):
Event: 4428.817 Thread 0x000000001e30c000 flushing nmethod 0x0000000005affbd0
Event: 4428.818 Thread 0x000000001e30c000 flushing nmethod 0x0000000005cfb910
Event: 4428.819 Thread 0x000000001e30c000 flushing nmethod 0x0000000005d438d0
Event: 4428.821 Executing VM operation: RevokeBias
Event: 4428.822 Executing VM operation: RevokeBias done
Event: 4428.931 Thread 0x000000001e36c000 flushing nmethod 0x0000000007208ed0
Event: 4428.935 Executing VM operation: RevokeBias
Event: 4428.936 Executing VM operation: RevokeBias done
Event: 4428.937 Executing VM operation: RevokeBias
Event: 4428.938 Executing VM operation: RevokeBias done


Dynamic libraries:
0x00007ff776a90000 - 0x00007ff776ac1000 	C:\Program Files\Android\Android Studio\jre\bin\java.exe
0x00007ffbb2ff0000 - 0x00007ffbb31e5000 	C:\WINDOWS\SYSTEM32\ntdll.dll
0x00007ffbb1dd0000 - 0x00007ffbb1e8d000 	C:\WINDOWS\System32\KERNEL32.DLL
0x00007ffbb08f0000 - 0x00007ffbb0bb8000 	C:\WINDOWS\System32\KERNELBASE.dll
0x00007ffbb14e0000 - 0x00007ffbb158c000 	C:\WINDOWS\System32\ADVAPI32.dll
0x00007ffbb1360000 - 0x00007ffbb13fe000 	C:\WINDOWS\System32\msvcrt.dll
0x00007ffbb1ec0000 - 0x00007ffbb1f5b000 	C:\WINDOWS\System32\sechost.dll
0x00007ffbb2e80000 - 0x00007ffbb2fab000 	C:\WINDOWS\System32\RPCRT4.dll
0x00007ffbb2cb0000 - 0x00007ffbb2e50000 	C:\WINDOWS\System32\USER32.dll
0x00007ffbb0d40000 - 0x00007ffbb0d62000 	C:\WINDOWS\System32\win32u.dll
0x00007ffbb2e50000 - 0x00007ffbb2e7a000 	C:\WINDOWS\System32\GDI32.dll
0x00007ffbb0d70000 - 0x00007ffbb0e7b000 	C:\WINDOWS\System32\gdi32full.dll
0x00007ffbb0f00000 - 0x00007ffbb0f9d000 	C:\WINDOWS\System32\msvcp_win.dll
0x00007ffbb0c40000 - 0x00007ffbb0d40000 	C:\WINDOWS\System32\ucrtbase.dll
0x00007ffb973a0000 - 0x00007ffb9763a000 	C:\WINDOWS\WinSxS\amd64_microsoft.windows.common-controls_6595b64144ccf1df_6.0.19041.844_none_ca00b6081b84eb1d\COMCTL32.dll
0x00007ffbb1e90000 - 0x00007ffbb1ec0000 	C:\WINDOWS\System32\IMM32.DLL
0x000000005dab0000 - 0x000000005db82000 	C:\Program Files\Android\Android Studio\jre\jre\bin\msvcr100.dll
0x000000005dcb0000 - 0x000000005e4fb000 	C:\Program Files\Android\Android Studio\jre\jre\bin\server\jvm.dll
0x00007ffbb2020000 - 0x00007ffbb2028000 	C:\WINDOWS\System32\PSAPI.DLL
0x00007ffba1900000 - 0x00007ffba1927000 	C:\WINDOWS\SYSTEM32\WINMM.dll
0x00007ffba91d0000 - 0x00007ffba91da000 	C:\WINDOWS\SYSTEM32\VERSION.dll
0x00007ffb972f0000 - 0x00007ffb972f9000 	C:\WINDOWS\SYSTEM32\WSOCK32.dll
0x00007ffbb1d60000 - 0x00007ffbb1dcb000 	C:\WINDOWS\System32\WS2_32.dll
0x00007ffba1d70000 - 0x00007ffba1d7f000 	C:\Program Files\Android\Android Studio\jre\jre\bin\verify.dll
0x00007ffb8c000000 - 0x00007ffb8c029000 	C:\Program Files\Android\Android Studio\jre\jre\bin\java.dll
0x00007ffba0ec0000 - 0x00007ffba0ed6000 	C:\Program Files\Android\Android Studio\jre\jre\bin\zip.dll
0x00007ffbb1590000 - 0x00007ffbb1cd2000 	C:\WINDOWS\System32\SHELL32.dll
0x00007ffbae260000 - 0x00007ffbae9f0000 	C:\WINDOWS\SYSTEM32\windows.storage.dll
0x00007ffbb2770000 - 0x00007ffbb2ac5000 	C:\WINDOWS\System32\combase.dll
0x00007ffbb00d0000 - 0x00007ffbb00fc000 	C:\WINDOWS\SYSTEM32\Wldp.dll
0x00007ffbb2c00000 - 0x00007ffbb2cae000 	C:\WINDOWS\System32\SHCORE.dll
0x00007ffbb1050000 - 0x00007ffbb10a5000 	C:\WINDOWS\System32\shlwapi.dll
0x00007ffbb0670000 - 0x00007ffbb068f000 	C:\WINDOWS\SYSTEM32\profapi.dll
0x00007ffb96350000 - 0x00007ffb9636a000 	C:\Program Files\Android\Android Studio\jre\jre\bin\net.dll
0x00007ffbafe40000 - 0x00007ffbafeaa000 	C:\WINDOWS\system32\mswsock.dll
0x00007ffb8bfe0000 - 0x00007ffb8bff3000 	C:\Program Files\Android\Android Studio\jre\jre\bin\nio.dll
0x00007ffb8be40000 - 0x00007ffb8be67000 	C:\Users\KimHanbi\.gradle\native\f6784746aeab05261644944871eae4fe03e0ef1612fff0a4a95f87b438bc6780\windows-amd64\native-platform.dll
0x00007ffb955c0000 - 0x00007ffb955cd000 	C:\Program Files\Android\Android Studio\jre\jre\bin\management.dll
0x00007ffbb0010000 - 0x00007ffbb0028000 	C:\WINDOWS\SYSTEM32\CRYPTSP.dll
0x00007ffbaf7e0000 - 0x00007ffbaf814000 	C:\WINDOWS\system32\rsaenh.dll
0x00007ffbb0bc0000 - 0x00007ffbb0be7000 	C:\WINDOWS\System32\bcrypt.dll
0x00007ffbb0630000 - 0x00007ffbb065e000 	C:\WINDOWS\SYSTEM32\USERENV.dll
0x00007ffbb0e80000 - 0x00007ffbb0f00000 	C:\WINDOWS\System32\bcryptprimitives.dll
0x00007ffbb0030000 - 0x00007ffbb003c000 	C:\WINDOWS\SYSTEM32\CRYPTBASE.dll
0x00007ffbafb30000 - 0x00007ffbafb6b000 	C:\WINDOWS\SYSTEM32\IPHLPAPI.DLL
0x00007ffbb1f60000 - 0x00007ffbb1f68000 	C:\WINDOWS\System32\NSI.dll
0x00007ffba60f0000 - 0x00007ffba6107000 	C:\WINDOWS\SYSTEM32\dhcpcsvc6.DLL
0x00007ffba60d0000 - 0x00007ffba60ed000 	C:\WINDOWS\SYSTEM32\dhcpcsvc.DLL
0x00007ffbafb70000 - 0x00007ffbafc3c000 	C:\WINDOWS\SYSTEM32\DNSAPI.dll
0x00007ffba8330000 - 0x00007ffba833b000 	C:\WINDOWS\SYSTEM32\WINNSI.DLL
0x00007ffb8e810000 - 0x00007ffb8e834000 	C:\Program Files\Android\Android Studio\jre\jre\bin\sunec.dll
0x00007ffb92da0000 - 0x00007ffb92dab000 	C:\Program Files\Android\Android Studio\jre\jre\bin\sunmscapi.dll
0x00007ffbb0730000 - 0x00007ffbb088f000 	C:\WINDOWS\System32\CRYPT32.dll
0x00007ffba29e0000 - 0x00007ffba29ea000 	C:\Windows\System32\rasadhlp.dll
0x00007ffba2820000 - 0x00007ffba289f000 	C:\WINDOWS\System32\fwpuclnt.dll

VM Arguments:
jvm_args: -Xmx4096m -Dfile.encoding=UTF-8 -Duser.country=KR -Duser.language=ko -Duser.variant 
java_command: org.gradle.launcher.daemon.bootstrap.GradleDaemon 6.5
java_class_path (initial): C:\Users\KimHanbi\.gradle\wrapper\dists\gradle-6.5-all\2oz4ud9k3tuxjg84bbf55q0tn\gradle-6.5\lib\gradle-launcher-6.5.jar
Launcher Type: SUN_STANDARD

Environment Variables:
JAVA_HOME=C:\Program Files\Java\jdk1.8.0_251
CLASSPATH=%classpath%;;;
PATH=C:\Program Files\Java\jdk1.8.0_251\bin;C:\Program Files (x86)\Common Files\Oracle\Java\javapath;C:\Program Files (x86)\Intel\iCLS Client\;C:\Program Files\Intel\iCLS Client\;C:\WINDOWS\system32;C:\WINDOWS;C:\WINDOWS\System32\Wbem;C:\WINDOWS\System32\WindowsPowerShell\v1.0\;C:\Program Files (x86)\Intel\Intel(R) Management Engine Components\DAL;C:\Program Files\Intel\Intel(R) Management Engine Components\DAL;C:\Program Files (x86)\Intel\Intel(R) Management Engine Components\IPT;C:\Program Files\Intel\Intel(R) Management Engine Components\IPT;C:\Program Files\Intel\WiFi\bin\;C:\Program Files\Common Files\Intel\WirelessCommon\;C:\WINDOWS\System32\OpenSSH\;C:\MinGW\bin;C:\Program Files\Java\jdk1.8.0_251\bin;C:\Program Files\Git\cmd;C:\Program Files\MySQL\MySQL Server 8.0\bin;C:\ProgramData\chocolatey\bin;C:\Program Files\nodejs\;C:\Program Files\MySQL\MySQL Shell 8.0\bin\;C:\Python\Python36\Scripts\;C:\Python\Python36\;C:\Users\KimHanbi\AppData\Local\Microsoft\WindowsApps;C:\Users\KimHanbi\AppData\Local\Programs\Microsoft VS Code\bin;C:\Users\KimHanbi\AppData\Roaming\npm;C:\Program Files\Android\Android Studio\jre\bin;C:\Users\KimHanbi\AppData\Local\gitkraken\bin
USERNAME=KimHanbi
OS=Windows_NT
PROCESSOR_IDENTIFIER=Intel64 Family 6 Model 142 Stepping 10, GenuineIntel



---------------  S Y S T E M  ---------------

OS: Windows 10.0 , 64 bit Build 19041 (10.0.19041.928)

CPU:total 8 (initial active 8) (4 cores per cpu, 2 threads per core) family 6 model 142 stepping 10, cmov, cx8, fxsr, mmx, sse, sse2, sse3, ssse3, sse4.1, sse4.2, popcnt, avx, avx2, aes, clmul, erms, 3dnowpref, lzcnt, ht, tsc, tscinvbit, bmi1, bmi2, adx

Memory: 4k page, physical 8217940k(472792k free), swap 8217940k(2180k free)

vm_info: OpenJDK 64-Bit Server VM (25.242-b01) for windows-amd64 JRE (1.8.0_242-release-1644-b01), built by "builder" with MS VC++ 10.0 (VS2010)

time: Sat Jun 05 02:50:46 2021
timezone: 대한민국 표준시
elapsed time: 4429 seconds (0d 1h 13m 49s)

